meta_constructs: 9
  - {"disp_name": "hiv_a35g", "family": "HIV-1_TAR", "id": 1, "name": "A35G", "status": "updated", "version": "2"}
  - {"disp_name": "hiv_c30u", "family": "HIV-1_TAR", "id": 2, "name": "C30U", "status": "updated", "version": "2"}
  - {"disp_name": "hiv_es2", "family": "HIV-1_TAR", "id": 3, "name": "UUCG_ES2", "status": "updated", "version": "1"}
  - {"disp_name": "hiv_gs", "family": "HIV-1_TAR", "id": 4, "name": "UUCG_GS", "status": "updated", "version": "2"}
  - {"disp_name": "hiv_wt", "family": "HIV-1_TAR", "id": 5, "name": "WT", "status": "updated", "version": "2"}
  - {"disp_name": "4U_wt", "family": "Salm_4U_thermometer", "id": 6, "name": "WT", "status": "updated", "version": "2"}
  - {"disp_name": "4U_a8c", "family": "Salm_4U_thermometer", "id": 7, "name": "A8C", "status": "updated", "version": "2"}
  - {"disp_name": "p4p6_wt", "family": "P4P6_full", "id": 8, "name": "WT", "status": "updated", "version": "1"}
  - {"disp_name": "p4p6_wt_nobc", "family": "P4P6_full", "id": 9, "name": "WT", "status": "updated", "version": "2"}

meta_buffers: 4
  - {"disp_name": "pH6.5_A", "id": 1, "name": "Schwalbe_bistris", "pH": "6.5", "status": "updated"}
  - {"disp_name": "pH8_noMg", "id": 2, "name": "P4P6_bicine_NoMg", "pH": "8", "status": "updated"}
  - {"disp_name": "pH8_5mMMg", "id": 3, "name": "P4P6_bicine_5mMMg", "pH": "8", "status": "updated"}
  - {"disp_name": "pH6.5_B", "id": 4, "name": "AlHashimiLab_NMR_NoMg_v2", "pH": "6.4", "status": "updated"}

sequencing_runs: 22
  - {"date": "221123", "id": 1, "run_manager": "EKC", "run_name": "221123_M05164_0132_000000000-KP358", "sequencer": "MiSeq", "status": "updated"}
  - {"date": "221123", "id": 2, "run_manager": "EKC", "run_name": "221123_M05164_0132_000000000-KP358_RRRY-YYYR_demultiplexed", "sequencer": "MiSeq", "status": "updated"}
  - {"date": "221125", "id": 3, "run_manager": "EKC", "run_name": "221125_M05164_0133_000000000-KP3DR", "sequencer": "MiSeq", "status": "updated"}
  - {"date": "221125", "id": 4, "run_manager": "EKC", "run_name": "221125_M05164_0133_000000000-KP3DR_RRRY-YYYR_demultiplexed", "sequencer": "MiSeq", "status": "updated"}
  - {"date": "221128", "id": 5, "run_manager": "EKC", "run_name": "221128_M05164_0134_000000000-KP3B2", "sequencer": "MiSeq", "status": "updated"}
  - {"date": "221206", "id": 6, "run_manager": "RB", "run_name": "221206_M06821_0107_000000000-DH77G", "sequencer": "MiSeq", "status": "updated"}
  - {"date": "221228", "id": 7, "run_manager": "RB", "run_name": "221228_M06821_0111_000000000-GCVRP", "sequencer": "MiSeq", "status": "updated"}
  - {"date": "230117", "id": 8, "run_manager": "EKC", "run_name": "230117_M05164_0136_000000000-KMMP6", "sequencer": "MiSeq", "status": "updated"}
  - {"date": "230218", "id": 9, "run_manager": "EKC", "run_name": "230218_M05164_0138_000000000-KWNDN", "sequencer": "MiSeq", "status": "updated"}
  - {"date": "230218", "id": 10, "run_manager": "EKC", "run_name": "230218_M05164_0138_000000000-KWNDN_RRRY-YYYR_demultiplexed", "sequencer": "MiSeq", "status": "updated"}
  - {"date": "230420", "id": 11, "run_manager": "EKC", "run_name": "230420_M05164_0141_000000000-KV9HJ", "sequencer": "MiSeq", "status": "updated"}
  - {"date": "230420", "id": 12, "run_manager": "EKC", "run_name": "230420_M05164_0141_000000000-KV9HJ_RRRY-YYYR_demultiplexed", "sequencer": "MiSeq", "status": "updated"}
  - {"date": "230606", "id": 13, "run_manager": "EKC", "run_name": "230606_M05164_0143_000000000-GHJVD", "sequencer": "MiSeq", "status": "updated"}
  - {"date": "230607", "id": 14, "run_manager": "EKC", "run_name": "230607_M05164_0144_000000000-L3FLD", "sequencer": "MiSeq", "status": "updated"}
  - {"date": "230617", "id": 15, "run_manager": "EKC", "run_name": "230617_M05164_0145_000000000-L4LWB", "sequencer": "MiSeq", "status": "updated"}
  - {"date": "230830", "id": 16, "run_manager": "EKC", "run_name": "230830_M05164_0150_000000000-L6463", "sequencer": "MiSeq", "status": "updated"}
  - {"date": "230831", "id": 17, "run_manager": "EKC", "run_name": "230831_M05164_0151_000000000-L642V", "sequencer": "MiSeq", "status": "updated"}
  - {"date": "230901", "id": 18, "run_manager": "EKC", "run_name": "230901_M05164_0153_000000000-L6FR8", "sequencer": "MiSeq", "status": "updated"}
  - {"date": "240405", "id": 19, "run_manager": "EKC", "run_name": "240405_M05164_0164_000000000-LH62L", "sequencer": "MiSeq", "status": "updated"}
  - {"date": "240424", "id": 20, "run_manager": "EKC", "run_name": "240424_Lucks23_fourU_DMS_BATCH3-4", "sequencer": "NovaSeq", "status": "updated"}
  - {"date": "240424", "id": 21, "run_manager": "EKC", "run_name": "240424_Lucks24_fourU_DMS_BATCH5-6", "sequencer": "NovaSeq", "status": "updated"}
  - {"date": "250208", "id": 22, "run_manager": "EKC", "run_name": "250208_VH01990_20_AAGN23LM5", "sequencer": "NextSeq", "status": "updated"}

samples: 0
