2025-10-23 17:37:39,829 - nerd.db.api - INFO - Database schema initialized successfully.
2025-10-23 17:37:39,831 - nerd.utils.paths - INFO - Created run directory: manuscript_pipeline/04_probe_tc_kinetics/probe_timecourse/probe_timecourse___cfg-9d7ab69
2025-10-23 17:37:39,832 - nerd.pipeline.tasks.base - INFO - Executing task 'probe_timecourse' in run directory: manuscript_pipeline/04_probe_tc_kinetics/probe_timecourse/probe_timecourse___cfg-9d7ab69
2025-10-23 17:37:39,832 - nerd.db.api - INFO - Began task 'probe_timecourse' (ID: 315) for rg_batch:None (cfg=9d7ab6991ff086fd89827661f4cec783ba659a24cc492fde20a35ce091e7730b)
2025-10-23 17:37:39,833 - nerd.pipeline.tasks.base - INFO - Command completed successfully. Consuming outputs.
2025-10-23 17:37:39,980 - nerd.pipeline.tasks.timecourse - INFO - Marked 9 fmod values as outliers across 7 reaction group(s).
2025-10-23 17:37:40,854 - nerd.cli - ERROR - Failed to execute task 'probe_tc_kinetics': R integration engine exited with status 1.
---- R STDOUT ----

---- R STDERR ----
Warning messages:
1: package ‘jsonlite’ was built under R version 4.4.3 
2: package ‘nlme’ was built under R version 4.4.3 
Warning messages:
1: In nls(fmod ~ fmod_model(timepoint, log_kappa, log_kdeg, log_fmod0),  :
  Convergence failure: function evaluation limit reached without convergence (9)
2: In nls(fmod ~ fmod_model(timepoint, log_kappa, log_kdeg, log_fmod0),  :
  Convergence failure: false convergence (8)
3: In nls(fmod ~ fmod_model(timepoint, log_kappa, log_kdeg, log_fmod0),  :
  Convergence failure: singular convergence (7)
4: In nls(fmod ~ fmod_model(timepoint, log_kappa, log_kdeg, log_fmod0),  :
  Convergence failure: singular convergence (7)
5: In nls(fmod ~ fmod_model(timepoint, log_kappa, log_kdeg, log_fmod0),  :
  Convergence failure: singular convergence (7)
Error: unexpected end of input
Execution halted
Temporary files preserved at: /var/folders/k7/k3x4cyj90rz6_py6pr8yth9m0000gn/T/nerd_r_engine_efub_4fi
Traceback (most recent call last):
  File "/Users/edricchoi/LucksLab Dropbox/LucksLab/Group_Members/EKC/Projects/EKC.01_SHAPE_Standardization/Experiments/01.065.refactoring_data_analysis/nerd/cli.py", line 132, in run
    task.exec(conn, cfg, verbose=state["verbose"])
    ~~~~~~~~~^^^^^^^^^^^^^^^^^^^^^^^^^^^^^^^^^^^^^
  File "/Users/edricchoi/LucksLab Dropbox/LucksLab/Group_Members/EKC/Projects/EKC.01_SHAPE_Standardization/Experiments/01.065.refactoring_data_analysis/nerd/pipeline/tasks/base.py", line 264, in exec
    self.consume_outputs(ctx, inputs, params, run_dir, task_id=task_id)
    ~~~~~~~~~~~~~~~~~~~~^^^^^^^^^^^^^^^^^^^^^^^^^^^^^^^^^^^^^^^^^^^^^^^
  File "/Users/edricchoi/LucksLab Dropbox/LucksLab/Group_Members/EKC/Projects/EKC.01_SHAPE_Standardization/Experiments/01.065.refactoring_data_analysis/nerd/pipeline/tasks/timecourse.py", line 339, in consume_outputs
    result = engine.run(request)
  File "/Users/edricchoi/LucksLab Dropbox/LucksLab/Group_Members/EKC/Projects/EKC.01_SHAPE_Standardization/Experiments/01.065.refactoring_data_analysis/nerd/pipeline/plugins/timecourse/r_integration.py", line 157, in run
    raise RuntimeError(details)
RuntimeError: R integration engine exited with status 1.
---- R STDOUT ----

---- R STDERR ----
Warning messages:
1: package ‘jsonlite’ was built under R version 4.4.3 
2: package ‘nlme’ was built under R version 4.4.3 
Warning messages:
1: In nls(fmod ~ fmod_model(timepoint, log_kappa, log_kdeg, log_fmod0),  :
  Convergence failure: function evaluation limit reached without convergence (9)
2: In nls(fmod ~ fmod_model(timepoint, log_kappa, log_kdeg, log_fmod0),  :
  Convergence failure: false convergence (8)
3: In nls(fmod ~ fmod_model(timepoint, log_kappa, log_kdeg, log_fmod0),  :
  Convergence failure: singular convergence (7)
4: In nls(fmod ~ fmod_model(timepoint, log_kappa, log_kdeg, log_fmod0),  :
  Convergence failure: singular convergence (7)
5: In nls(fmod ~ fmod_model(timepoint, log_kappa, log_kdeg, log_fmod0),  :
  Convergence failure: singular convergence (7)
Error: unexpected end of input
Execution halted
Temporary files preserved at: /var/folders/k7/k3x4cyj90rz6_py6pr8yth9m0000gn/T/nerd_r_engine_efub_4fi
