2025-10-23 10:56:33,696 - nerd.db.api - INFO - Database schema initialized successfully.
2025-10-23 10:56:33,696 - nerd.utils.paths - INFO - Created run directory: manuscript_pipeline/01_create_samples/nmr_create/nmr_create___cfg-bf5a4a4
2025-10-23 10:56:33,697 - nerd.pipeline.tasks.base - INFO - Executing task 'nmr_create' in run directory: manuscript_pipeline/01_create_samples/nmr_create/nmr_create___cfg-bf5a4a4
2025-10-23 10:56:33,697 - nerd.db.api - INFO - Began task 'nmr_create' (ID: 137) for nmr_batch:None (cfg=bf5a4a48a260194f84ddef0e6ce5f00ac55633d82c634e9e54903a4540f04274)
2025-10-23 10:56:33,698 - nerd.pipeline.tasks.base - INFO - Command completed successfully. Consuming outputs.
2025-10-23 10:56:33,699 - nerd.db.api - ERROR - Failed to register NMR trace file for reaction_id=1, role=decay_trace: table nmr_trace_files has no column named species
Traceback (most recent call last):
  File "/Users/edricchoi/LucksLab Dropbox/LucksLab/Group_Members/EKC/Projects/EKC.01_SHAPE_Standardization/Experiments/01.065.refactoring_data_analysis/nerd/db/api.py", line 2230, in register_nmr_trace_file
    return _run_with_retry(conn, _op, "register_nmr_trace_file")
  File "/Users/edricchoi/LucksLab Dropbox/LucksLab/Group_Members/EKC/Projects/EKC.01_SHAPE_Standardization/Experiments/01.065.refactoring_data_analysis/nerd/db/api.py", line 1805, in _run_with_retry
    return operation()
  File "/Users/edricchoi/LucksLab Dropbox/LucksLab/Group_Members/EKC/Projects/EKC.01_SHAPE_Standardization/Experiments/01.065.refactoring_data_analysis/nerd/db/api.py", line 2219, in _op
    conn.execute(sql, (nmr_reaction_id, role, path, species, checksum, task_id))
    ~~~~~~~~~~~~^^^^^^^^^^^^^^^^^^^^^^^^^^^^^^^^^^^^^^^^^^^^^^^^^^^^^^^^^^^^^^^^
sqlite3.OperationalError: table nmr_trace_files has no column named species
2025-10-23 10:56:33,900 - nerd.pipeline.tasks.nmr_create - INFO - Registered trace 'decay_trace' for reaction_id=1 (manuscript_pipeline/01_create_samples/../../test_data/nmr_degradation_data/dms_schwalbe_25C_rep1.csv)
2025-10-23 10:56:33,901 - nerd.db.api - ERROR - Failed to register NMR trace file for reaction_id=2, role=decay_trace: table nmr_trace_files has no column named species
Traceback (most recent call last):
  File "/Users/edricchoi/LucksLab Dropbox/LucksLab/Group_Members/EKC/Projects/EKC.01_SHAPE_Standardization/Experiments/01.065.refactoring_data_analysis/nerd/db/api.py", line 2230, in register_nmr_trace_file
    return _run_with_retry(conn, _op, "register_nmr_trace_file")
  File "/Users/edricchoi/LucksLab Dropbox/LucksLab/Group_Members/EKC/Projects/EKC.01_SHAPE_Standardization/Experiments/01.065.refactoring_data_analysis/nerd/db/api.py", line 1805, in _run_with_retry
    return operation()
  File "/Users/edricchoi/LucksLab Dropbox/LucksLab/Group_Members/EKC/Projects/EKC.01_SHAPE_Standardization/Experiments/01.065.refactoring_data_analysis/nerd/db/api.py", line 2219, in _op
    conn.execute(sql, (nmr_reaction_id, role, path, species, checksum, task_id))
    ~~~~~~~~~~~~^^^^^^^^^^^^^^^^^^^^^^^^^^^^^^^^^^^^^^^^^^^^^^^^^^^^^^^^^^^^^^^^
sqlite3.OperationalError: table nmr_trace_files has no column named species
2025-10-23 10:56:34,065 - nerd.pipeline.tasks.nmr_create - INFO - Registered trace 'decay_trace' for reaction_id=2 (manuscript_pipeline/01_create_samples/../../test_data/nmr_degradation_data/dms_schwalbe_25C_rep2.csv)
2025-10-23 10:56:34,066 - nerd.db.api - ERROR - Failed to register NMR trace file for reaction_id=3, role=decay_trace: table nmr_trace_files has no column named species
Traceback (most recent call last):
  File "/Users/edricchoi/LucksLab Dropbox/LucksLab/Group_Members/EKC/Projects/EKC.01_SHAPE_Standardization/Experiments/01.065.refactoring_data_analysis/nerd/db/api.py", line 2230, in register_nmr_trace_file
    return _run_with_retry(conn, _op, "register_nmr_trace_file")
  File "/Users/edricchoi/LucksLab Dropbox/LucksLab/Group_Members/EKC/Projects/EKC.01_SHAPE_Standardization/Experiments/01.065.refactoring_data_analysis/nerd/db/api.py", line 1805, in _run_with_retry
    return operation()
  File "/Users/edricchoi/LucksLab Dropbox/LucksLab/Group_Members/EKC/Projects/EKC.01_SHAPE_Standardization/Experiments/01.065.refactoring_data_analysis/nerd/db/api.py", line 2219, in _op
    conn.execute(sql, (nmr_reaction_id, role, path, species, checksum, task_id))
    ~~~~~~~~~~~~^^^^^^^^^^^^^^^^^^^^^^^^^^^^^^^^^^^^^^^^^^^^^^^^^^^^^^^^^^^^^^^^
sqlite3.OperationalError: table nmr_trace_files has no column named species
2025-10-23 10:56:34,233 - nerd.pipeline.tasks.nmr_create - INFO - Registered trace 'decay_trace' for reaction_id=3 (manuscript_pipeline/01_create_samples/../../test_data/nmr_degradation_data/dms_schwalbe_30C_rep1.csv)
2025-10-23 10:56:34,233 - nerd.db.api - ERROR - Failed to register NMR trace file for reaction_id=4, role=decay_trace: table nmr_trace_files has no column named species
Traceback (most recent call last):
  File "/Users/edricchoi/LucksLab Dropbox/LucksLab/Group_Members/EKC/Projects/EKC.01_SHAPE_Standardization/Experiments/01.065.refactoring_data_analysis/nerd/db/api.py", line 2230, in register_nmr_trace_file
    return _run_with_retry(conn, _op, "register_nmr_trace_file")
  File "/Users/edricchoi/LucksLab Dropbox/LucksLab/Group_Members/EKC/Projects/EKC.01_SHAPE_Standardization/Experiments/01.065.refactoring_data_analysis/nerd/db/api.py", line 1805, in _run_with_retry
    return operation()
  File "/Users/edricchoi/LucksLab Dropbox/LucksLab/Group_Members/EKC/Projects/EKC.01_SHAPE_Standardization/Experiments/01.065.refactoring_data_analysis/nerd/db/api.py", line 2219, in _op
    conn.execute(sql, (nmr_reaction_id, role, path, species, checksum, task_id))
    ~~~~~~~~~~~~^^^^^^^^^^^^^^^^^^^^^^^^^^^^^^^^^^^^^^^^^^^^^^^^^^^^^^^^^^^^^^^^
sqlite3.OperationalError: table nmr_trace_files has no column named species
2025-10-23 10:56:34,402 - nerd.pipeline.tasks.nmr_create - INFO - Registered trace 'decay_trace' for reaction_id=4 (manuscript_pipeline/01_create_samples/../../test_data/nmr_degradation_data/dms_schwalbe_37C_rep1.csv)
2025-10-23 10:56:34,402 - nerd.db.api - ERROR - Failed to register NMR trace file for reaction_id=5, role=decay_trace: table nmr_trace_files has no column named species
Traceback (most recent call last):
  File "/Users/edricchoi/LucksLab Dropbox/LucksLab/Group_Members/EKC/Projects/EKC.01_SHAPE_Standardization/Experiments/01.065.refactoring_data_analysis/nerd/db/api.py", line 2230, in register_nmr_trace_file
    return _run_with_retry(conn, _op, "register_nmr_trace_file")
  File "/Users/edricchoi/LucksLab Dropbox/LucksLab/Group_Members/EKC/Projects/EKC.01_SHAPE_Standardization/Experiments/01.065.refactoring_data_analysis/nerd/db/api.py", line 1805, in _run_with_retry
    return operation()
  File "/Users/edricchoi/LucksLab Dropbox/LucksLab/Group_Members/EKC/Projects/EKC.01_SHAPE_Standardization/Experiments/01.065.refactoring_data_analysis/nerd/db/api.py", line 2219, in _op
    conn.execute(sql, (nmr_reaction_id, role, path, species, checksum, task_id))
    ~~~~~~~~~~~~^^^^^^^^^^^^^^^^^^^^^^^^^^^^^^^^^^^^^^^^^^^^^^^^^^^^^^^^^^^^^^^^
sqlite3.OperationalError: table nmr_trace_files has no column named species
2025-10-23 10:56:34,570 - nerd.pipeline.tasks.nmr_create - INFO - Registered trace 'decay_trace' for reaction_id=5 (manuscript_pipeline/01_create_samples/../../test_data/nmr_degradation_data/dms_schwalbe_37C_rep2.csv)
2025-10-23 10:56:34,570 - nerd.db.api - ERROR - Failed to register NMR trace file for reaction_id=6, role=decay_trace: table nmr_trace_files has no column named species
Traceback (most recent call last):
  File "/Users/edricchoi/LucksLab Dropbox/LucksLab/Group_Members/EKC/Projects/EKC.01_SHAPE_Standardization/Experiments/01.065.refactoring_data_analysis/nerd/db/api.py", line 2230, in register_nmr_trace_file
    return _run_with_retry(conn, _op, "register_nmr_trace_file")
  File "/Users/edricchoi/LucksLab Dropbox/LucksLab/Group_Members/EKC/Projects/EKC.01_SHAPE_Standardization/Experiments/01.065.refactoring_data_analysis/nerd/db/api.py", line 1805, in _run_with_retry
    return operation()
  File "/Users/edricchoi/LucksLab Dropbox/LucksLab/Group_Members/EKC/Projects/EKC.01_SHAPE_Standardization/Experiments/01.065.refactoring_data_analysis/nerd/db/api.py", line 2219, in _op
    conn.execute(sql, (nmr_reaction_id, role, path, species, checksum, task_id))
    ~~~~~~~~~~~~^^^^^^^^^^^^^^^^^^^^^^^^^^^^^^^^^^^^^^^^^^^^^^^^^^^^^^^^^^^^^^^^
sqlite3.OperationalError: table nmr_trace_files has no column named species
2025-10-23 10:56:34,753 - nerd.pipeline.tasks.nmr_create - INFO - Registered trace 'decay_trace' for reaction_id=6 (manuscript_pipeline/01_create_samples/../../test_data/nmr_degradation_data/dms_schwalbe_45C_rep1.csv)
2025-10-23 10:56:34,754 - nerd.db.api - ERROR - Failed to register NMR trace file for reaction_id=7, role=decay_trace: table nmr_trace_files has no column named species
Traceback (most recent call last):
  File "/Users/edricchoi/LucksLab Dropbox/LucksLab/Group_Members/EKC/Projects/EKC.01_SHAPE_Standardization/Experiments/01.065.refactoring_data_analysis/nerd/db/api.py", line 2230, in register_nmr_trace_file
    return _run_with_retry(conn, _op, "register_nmr_trace_file")
  File "/Users/edricchoi/LucksLab Dropbox/LucksLab/Group_Members/EKC/Projects/EKC.01_SHAPE_Standardization/Experiments/01.065.refactoring_data_analysis/nerd/db/api.py", line 1805, in _run_with_retry
    return operation()
  File "/Users/edricchoi/LucksLab Dropbox/LucksLab/Group_Members/EKC/Projects/EKC.01_SHAPE_Standardization/Experiments/01.065.refactoring_data_analysis/nerd/db/api.py", line 2219, in _op
    conn.execute(sql, (nmr_reaction_id, role, path, species, checksum, task_id))
    ~~~~~~~~~~~~^^^^^^^^^^^^^^^^^^^^^^^^^^^^^^^^^^^^^^^^^^^^^^^^^^^^^^^^^^^^^^^^
sqlite3.OperationalError: table nmr_trace_files has no column named species
2025-10-23 10:56:34,923 - nerd.pipeline.tasks.nmr_create - INFO - Registered trace 'decay_trace' for reaction_id=7 (manuscript_pipeline/01_create_samples/../../test_data/nmr_degradation_data/dms_schwalbe_45C_rep2.csv)
2025-10-23 10:56:34,924 - nerd.db.api - ERROR - Failed to register NMR trace file for reaction_id=8, role=decay_trace: table nmr_trace_files has no column named species
Traceback (most recent call last):
  File "/Users/edricchoi/LucksLab Dropbox/LucksLab/Group_Members/EKC/Projects/EKC.01_SHAPE_Standardization/Experiments/01.065.refactoring_data_analysis/nerd/db/api.py", line 2230, in register_nmr_trace_file
    return _run_with_retry(conn, _op, "register_nmr_trace_file")
  File "/Users/edricchoi/LucksLab Dropbox/LucksLab/Group_Members/EKC/Projects/EKC.01_SHAPE_Standardization/Experiments/01.065.refactoring_data_analysis/nerd/db/api.py", line 1805, in _run_with_retry
    return operation()
  File "/Users/edricchoi/LucksLab Dropbox/LucksLab/Group_Members/EKC/Projects/EKC.01_SHAPE_Standardization/Experiments/01.065.refactoring_data_analysis/nerd/db/api.py", line 2219, in _op
    conn.execute(sql, (nmr_reaction_id, role, path, species, checksum, task_id))
    ~~~~~~~~~~~~^^^^^^^^^^^^^^^^^^^^^^^^^^^^^^^^^^^^^^^^^^^^^^^^^^^^^^^^^^^^^^^^
sqlite3.OperationalError: table nmr_trace_files has no column named species
2025-10-23 10:56:35,092 - nerd.pipeline.tasks.nmr_create - INFO - Registered trace 'decay_trace' for reaction_id=8 (manuscript_pipeline/01_create_samples/../../test_data/nmr_degradation_data/dms_schwalbe_52C_rep1.csv)
2025-10-23 10:56:35,092 - nerd.db.api - ERROR - Failed to register NMR trace file for reaction_id=9, role=decay_trace: table nmr_trace_files has no column named species
Traceback (most recent call last):
  File "/Users/edricchoi/LucksLab Dropbox/LucksLab/Group_Members/EKC/Projects/EKC.01_SHAPE_Standardization/Experiments/01.065.refactoring_data_analysis/nerd/db/api.py", line 2230, in register_nmr_trace_file
    return _run_with_retry(conn, _op, "register_nmr_trace_file")
  File "/Users/edricchoi/LucksLab Dropbox/LucksLab/Group_Members/EKC/Projects/EKC.01_SHAPE_Standardization/Experiments/01.065.refactoring_data_analysis/nerd/db/api.py", line 1805, in _run_with_retry
    return operation()
  File "/Users/edricchoi/LucksLab Dropbox/LucksLab/Group_Members/EKC/Projects/EKC.01_SHAPE_Standardization/Experiments/01.065.refactoring_data_analysis/nerd/db/api.py", line 2219, in _op
    conn.execute(sql, (nmr_reaction_id, role, path, species, checksum, task_id))
    ~~~~~~~~~~~~^^^^^^^^^^^^^^^^^^^^^^^^^^^^^^^^^^^^^^^^^^^^^^^^^^^^^^^^^^^^^^^^
sqlite3.OperationalError: table nmr_trace_files has no column named species
2025-10-23 10:56:35,261 - nerd.pipeline.tasks.nmr_create - INFO - Registered trace 'decay_trace' for reaction_id=9 (manuscript_pipeline/01_create_samples/../../test_data/nmr_degradation_data/dms_schwalbe_52C_rep2.csv)
2025-10-23 10:56:35,262 - nerd.db.api - ERROR - Failed to register NMR trace file for reaction_id=10, role=decay_trace: table nmr_trace_files has no column named species
Traceback (most recent call last):
  File "/Users/edricchoi/LucksLab Dropbox/LucksLab/Group_Members/EKC/Projects/EKC.01_SHAPE_Standardization/Experiments/01.065.refactoring_data_analysis/nerd/db/api.py", line 2230, in register_nmr_trace_file
    return _run_with_retry(conn, _op, "register_nmr_trace_file")
  File "/Users/edricchoi/LucksLab Dropbox/LucksLab/Group_Members/EKC/Projects/EKC.01_SHAPE_Standardization/Experiments/01.065.refactoring_data_analysis/nerd/db/api.py", line 1805, in _run_with_retry
    return operation()
  File "/Users/edricchoi/LucksLab Dropbox/LucksLab/Group_Members/EKC/Projects/EKC.01_SHAPE_Standardization/Experiments/01.065.refactoring_data_analysis/nerd/db/api.py", line 2219, in _op
    conn.execute(sql, (nmr_reaction_id, role, path, species, checksum, task_id))
    ~~~~~~~~~~~~^^^^^^^^^^^^^^^^^^^^^^^^^^^^^^^^^^^^^^^^^^^^^^^^^^^^^^^^^^^^^^^^
sqlite3.OperationalError: table nmr_trace_files has no column named species
2025-10-23 10:56:35,431 - nerd.pipeline.tasks.nmr_create - INFO - Registered trace 'decay_trace' for reaction_id=10 (manuscript_pipeline/01_create_samples/../../test_data/nmr_degradation_data/dms_schwalbe_60C_rep1.csv)
2025-10-23 10:56:35,431 - nerd.db.api - ERROR - Failed to register NMR trace file for reaction_id=11, role=decay_trace: table nmr_trace_files has no column named species
Traceback (most recent call last):
  File "/Users/edricchoi/LucksLab Dropbox/LucksLab/Group_Members/EKC/Projects/EKC.01_SHAPE_Standardization/Experiments/01.065.refactoring_data_analysis/nerd/db/api.py", line 2230, in register_nmr_trace_file
    return _run_with_retry(conn, _op, "register_nmr_trace_file")
  File "/Users/edricchoi/LucksLab Dropbox/LucksLab/Group_Members/EKC/Projects/EKC.01_SHAPE_Standardization/Experiments/01.065.refactoring_data_analysis/nerd/db/api.py", line 1805, in _run_with_retry
    return operation()
  File "/Users/edricchoi/LucksLab Dropbox/LucksLab/Group_Members/EKC/Projects/EKC.01_SHAPE_Standardization/Experiments/01.065.refactoring_data_analysis/nerd/db/api.py", line 2219, in _op
    conn.execute(sql, (nmr_reaction_id, role, path, species, checksum, task_id))
    ~~~~~~~~~~~~^^^^^^^^^^^^^^^^^^^^^^^^^^^^^^^^^^^^^^^^^^^^^^^^^^^^^^^^^^^^^^^^
sqlite3.OperationalError: table nmr_trace_files has no column named species
2025-10-23 10:56:35,615 - nerd.pipeline.tasks.nmr_create - INFO - Registered trace 'decay_trace' for reaction_id=11 (manuscript_pipeline/01_create_samples/../../test_data/nmr_degradation_data/dms_schwalbe_60C_rep2.csv)
2025-10-23 10:56:35,615 - nerd.db.api - INFO - Finished task ID 137 with state 'completed'
2025-10-23 10:56:35,616 - nerd.pipeline.tasks.base - INFO - Task 'nmr_create' (ID: 137) completed successfully.
2025-10-23 10:56:35,617 - nerd.utils.paths - INFO - Updated 'latest' symlink for task 'nmr_create' to point to /Users/edricchoi/LucksLab Dropbox/LucksLab/Group_Members/EKC/Projects/EKC.01_SHAPE_Standardization/Experiments/01.065.refactoring_data_analysis/manuscript_pipeline/01_create_samples/nmr_create/nmr_create___cfg-bf5a4a4
