2025-11-04 11:01:14,376 - nerd.db.api - INFO - Database schema initialized successfully.
2025-11-04 11:01:14,376 - nerd.utils.paths - INFO - Created run directory: manuscript_pipeline/05_probe_tempgrad_fit/tempgrad_fit/tempgrad_fit___cfg-24b1e1a
2025-11-04 11:01:14,376 - nerd.pipeline.tasks.base - INFO - Executing task 'tempgrad_fit' in run directory: manuscript_pipeline/05_probe_tempgrad_fit/tempgrad_fit/tempgrad_fit___cfg-24b1e1a
2025-11-04 11:01:14,377 - nerd.db.api - INFO - Began task 'tempgrad_fit' (ID: 421) for global:None (cfg=24b1e1a79619482b191ed18130b4bb3e4ae43d077ad38160f37a7faee32e856b)
2025-11-04 11:01:14,377 - nerd.pipeline.tasks.base - INFO - Command completed successfully. Consuming outputs.
2025-11-04 11:01:14,445 - nerd.cli - ERROR - Failed to execute task 'tempgrad_fit': name 'sorted_rates' is not defined
Traceback (most recent call last):
  File "/Volumes/MiniVault/LucksLab Dropbox/LucksLab/Group_Members/EKC/Projects/EKC.01_SHAPE_Standardization/Experiments/01.065.refactoring_data_analysis/nerd/cli.py", line 132, in run
    task.exec(conn, cfg, verbose=state["verbose"])
  File "/Volumes/MiniVault/LucksLab Dropbox/LucksLab/Group_Members/EKC/Projects/EKC.01_SHAPE_Standardization/Experiments/01.065.refactoring_data_analysis/nerd/pipeline/tasks/base.py", line 264, in exec
    self.consume_outputs(ctx, inputs, params, run_dir, task_id=task_id)
  File "/Volumes/MiniVault/LucksLab Dropbox/LucksLab/Group_Members/EKC/Projects/EKC.01_SHAPE_Standardization/Experiments/01.065.refactoring_data_analysis/nerd/pipeline/tasks/tempgrad_fit.py", line 97, in consume_outputs
    series_list = self._build_series(ctx, inputs)
                  ^^^^^^^^^^^^^^^^^^^^^^^^^^^^^^^
  File "/Volumes/MiniVault/LucksLab Dropbox/LucksLab/Group_Members/EKC/Projects/EKC.01_SHAPE_Standardization/Experiments/01.065.refactoring_data_analysis/nerd/pipeline/tasks/tempgrad_fit.py", line 168, in _build_series
    series_list.extend(self._series_from_db_probe_tc(ctx, inputs))
                       ^^^^^^^^^^^^^^^^^^^^^^^^^^^^^^^^^^^^^^^^^^
  File "/Volumes/MiniVault/LucksLab Dropbox/LucksLab/Group_Members/EKC/Projects/EKC.01_SHAPE_Standardization/Experiments/01.065.refactoring_data_analysis/nerd/pipeline/tasks/tempgrad_fit.py", line 859, in _series_from_db_probe_tc
    y_values=sorted_rates,
             ^^^^^^^^^^^^
NameError: name 'sorted_rates' is not defined
