2025-10-18 07:51:42,991 - nerd.db.api - INFO - Database schema initialized successfully.
2025-10-18 07:51:42,992 - nerd.utils.paths - INFO - Created run directory: manuscript_pipeline/01_create_samples/nmr_create/nmr_create___cfg-63c860b
2025-10-18 07:51:42,992 - nerd.pipeline.tasks.base - INFO - Executing task 'nmr_create' in run directory: manuscript_pipeline/01_create_samples/nmr_create/nmr_create___cfg-63c860b
2025-10-18 07:51:42,993 - nerd.db.api - INFO - Began task 'nmr_create' (ID: 136) for nmr_batch:None (cfg=63c860b5255359f205a38d0e7e6857e44af85ae3807360ed062fa18dd902b951)
2025-10-18 07:51:42,994 - nerd.pipeline.tasks.base - INFO - Command completed successfully. Consuming outputs.
2025-10-18 07:51:42,994 - nerd.db.api - ERROR - Failed to register NMR trace file for reaction_id=1, role=decay_trace: table nmr_trace_files has no column named species
Traceback (most recent call last):
  File "/Volumes/MiniVault/LucksLab Dropbox/LucksLab/Group_Members/EKC/Projects/EKC.01_SHAPE_Standardization/Experiments/01.065.refactoring_data_analysis/nerd/db/api.py", line 2230, in register_nmr_trace_file
    return _run_with_retry(conn, _op, "register_nmr_trace_file")
           ^^^^^^^^^^^^^^^^^^^^^^^^^^^^^^^^^^^^^^^^^^^^^^^^^^^^^
  File "/Volumes/MiniVault/LucksLab Dropbox/LucksLab/Group_Members/EKC/Projects/EKC.01_SHAPE_Standardization/Experiments/01.065.refactoring_data_analysis/nerd/db/api.py", line 1805, in _run_with_retry
    return operation()
           ^^^^^^^^^^^
  File "/Volumes/MiniVault/LucksLab Dropbox/LucksLab/Group_Members/EKC/Projects/EKC.01_SHAPE_Standardization/Experiments/01.065.refactoring_data_analysis/nerd/db/api.py", line 2219, in _op
    conn.execute(sql, (nmr_reaction_id, role, path, species, checksum, task_id))
sqlite3.OperationalError: table nmr_trace_files has no column named species
2025-10-18 07:51:43,162 - nerd.pipeline.tasks.nmr_create - INFO - Registered trace 'decay_trace' for reaction_id=1 (manuscript_pipeline/01_create_samples/../../test_data/nmr_degradation_data/dms_schwalbe_25C_rep1.csv)
2025-10-18 07:51:43,163 - nerd.db.api - ERROR - Failed to register NMR trace file for reaction_id=2, role=decay_trace: table nmr_trace_files has no column named species
Traceback (most recent call last):
  File "/Volumes/MiniVault/LucksLab Dropbox/LucksLab/Group_Members/EKC/Projects/EKC.01_SHAPE_Standardization/Experiments/01.065.refactoring_data_analysis/nerd/db/api.py", line 2230, in register_nmr_trace_file
    return _run_with_retry(conn, _op, "register_nmr_trace_file")
           ^^^^^^^^^^^^^^^^^^^^^^^^^^^^^^^^^^^^^^^^^^^^^^^^^^^^^
  File "/Volumes/MiniVault/LucksLab Dropbox/LucksLab/Group_Members/EKC/Projects/EKC.01_SHAPE_Standardization/Experiments/01.065.refactoring_data_analysis/nerd/db/api.py", line 1805, in _run_with_retry
    return operation()
           ^^^^^^^^^^^
  File "/Volumes/MiniVault/LucksLab Dropbox/LucksLab/Group_Members/EKC/Projects/EKC.01_SHAPE_Standardization/Experiments/01.065.refactoring_data_analysis/nerd/db/api.py", line 2219, in _op
    conn.execute(sql, (nmr_reaction_id, role, path, species, checksum, task_id))
sqlite3.OperationalError: table nmr_trace_files has no column named species
2025-10-18 07:51:43,307 - nerd.pipeline.tasks.nmr_create - INFO - Registered trace 'decay_trace' for reaction_id=2 (manuscript_pipeline/01_create_samples/../../test_data/nmr_degradation_data/dms_schwalbe_25C_rep2.csv)
2025-10-18 07:51:43,307 - nerd.db.api - ERROR - Failed to register NMR trace file for reaction_id=3, role=decay_trace: table nmr_trace_files has no column named species
Traceback (most recent call last):
  File "/Volumes/MiniVault/LucksLab Dropbox/LucksLab/Group_Members/EKC/Projects/EKC.01_SHAPE_Standardization/Experiments/01.065.refactoring_data_analysis/nerd/db/api.py", line 2230, in register_nmr_trace_file
    return _run_with_retry(conn, _op, "register_nmr_trace_file")
           ^^^^^^^^^^^^^^^^^^^^^^^^^^^^^^^^^^^^^^^^^^^^^^^^^^^^^
  File "/Volumes/MiniVault/LucksLab Dropbox/LucksLab/Group_Members/EKC/Projects/EKC.01_SHAPE_Standardization/Experiments/01.065.refactoring_data_analysis/nerd/db/api.py", line 1805, in _run_with_retry
    return operation()
           ^^^^^^^^^^^
  File "/Volumes/MiniVault/LucksLab Dropbox/LucksLab/Group_Members/EKC/Projects/EKC.01_SHAPE_Standardization/Experiments/01.065.refactoring_data_analysis/nerd/db/api.py", line 2219, in _op
    conn.execute(sql, (nmr_reaction_id, role, path, species, checksum, task_id))
sqlite3.OperationalError: table nmr_trace_files has no column named species
2025-10-18 07:51:43,460 - nerd.pipeline.tasks.nmr_create - INFO - Registered trace 'decay_trace' for reaction_id=3 (manuscript_pipeline/01_create_samples/../../test_data/nmr_degradation_data/dms_schwalbe_30C_rep1.csv)
2025-10-18 07:51:43,461 - nerd.db.api - ERROR - Failed to register NMR trace file for reaction_id=4, role=decay_trace: table nmr_trace_files has no column named species
Traceback (most recent call last):
  File "/Volumes/MiniVault/LucksLab Dropbox/LucksLab/Group_Members/EKC/Projects/EKC.01_SHAPE_Standardization/Experiments/01.065.refactoring_data_analysis/nerd/db/api.py", line 2230, in register_nmr_trace_file
    return _run_with_retry(conn, _op, "register_nmr_trace_file")
           ^^^^^^^^^^^^^^^^^^^^^^^^^^^^^^^^^^^^^^^^^^^^^^^^^^^^^
  File "/Volumes/MiniVault/LucksLab Dropbox/LucksLab/Group_Members/EKC/Projects/EKC.01_SHAPE_Standardization/Experiments/01.065.refactoring_data_analysis/nerd/db/api.py", line 1805, in _run_with_retry
    return operation()
           ^^^^^^^^^^^
  File "/Volumes/MiniVault/LucksLab Dropbox/LucksLab/Group_Members/EKC/Projects/EKC.01_SHAPE_Standardization/Experiments/01.065.refactoring_data_analysis/nerd/db/api.py", line 2219, in _op
    conn.execute(sql, (nmr_reaction_id, role, path, species, checksum, task_id))
sqlite3.OperationalError: table nmr_trace_files has no column named species
2025-10-18 07:51:43,605 - nerd.pipeline.tasks.nmr_create - INFO - Registered trace 'decay_trace' for reaction_id=4 (manuscript_pipeline/01_create_samples/../../test_data/nmr_degradation_data/dms_schwalbe_37C_rep1.csv)
2025-10-18 07:51:43,606 - nerd.db.api - ERROR - Failed to register NMR trace file for reaction_id=5, role=decay_trace: table nmr_trace_files has no column named species
Traceback (most recent call last):
  File "/Volumes/MiniVault/LucksLab Dropbox/LucksLab/Group_Members/EKC/Projects/EKC.01_SHAPE_Standardization/Experiments/01.065.refactoring_data_analysis/nerd/db/api.py", line 2230, in register_nmr_trace_file
    return _run_with_retry(conn, _op, "register_nmr_trace_file")
           ^^^^^^^^^^^^^^^^^^^^^^^^^^^^^^^^^^^^^^^^^^^^^^^^^^^^^
  File "/Volumes/MiniVault/LucksLab Dropbox/LucksLab/Group_Members/EKC/Projects/EKC.01_SHAPE_Standardization/Experiments/01.065.refactoring_data_analysis/nerd/db/api.py", line 1805, in _run_with_retry
    return operation()
           ^^^^^^^^^^^
  File "/Volumes/MiniVault/LucksLab Dropbox/LucksLab/Group_Members/EKC/Projects/EKC.01_SHAPE_Standardization/Experiments/01.065.refactoring_data_analysis/nerd/db/api.py", line 2219, in _op
    conn.execute(sql, (nmr_reaction_id, role, path, species, checksum, task_id))
sqlite3.OperationalError: table nmr_trace_files has no column named species
2025-10-18 07:51:43,762 - nerd.pipeline.tasks.nmr_create - INFO - Registered trace 'decay_trace' for reaction_id=5 (manuscript_pipeline/01_create_samples/../../test_data/nmr_degradation_data/dms_schwalbe_37C_rep2.csv)
2025-10-18 07:51:43,763 - nerd.db.api - ERROR - Failed to register NMR trace file for reaction_id=6, role=decay_trace: table nmr_trace_files has no column named species
Traceback (most recent call last):
  File "/Volumes/MiniVault/LucksLab Dropbox/LucksLab/Group_Members/EKC/Projects/EKC.01_SHAPE_Standardization/Experiments/01.065.refactoring_data_analysis/nerd/db/api.py", line 2230, in register_nmr_trace_file
    return _run_with_retry(conn, _op, "register_nmr_trace_file")
           ^^^^^^^^^^^^^^^^^^^^^^^^^^^^^^^^^^^^^^^^^^^^^^^^^^^^^
  File "/Volumes/MiniVault/LucksLab Dropbox/LucksLab/Group_Members/EKC/Projects/EKC.01_SHAPE_Standardization/Experiments/01.065.refactoring_data_analysis/nerd/db/api.py", line 1805, in _run_with_retry
    return operation()
           ^^^^^^^^^^^
  File "/Volumes/MiniVault/LucksLab Dropbox/LucksLab/Group_Members/EKC/Projects/EKC.01_SHAPE_Standardization/Experiments/01.065.refactoring_data_analysis/nerd/db/api.py", line 2219, in _op
    conn.execute(sql, (nmr_reaction_id, role, path, species, checksum, task_id))
sqlite3.OperationalError: table nmr_trace_files has no column named species
2025-10-18 07:51:43,917 - nerd.pipeline.tasks.nmr_create - INFO - Registered trace 'decay_trace' for reaction_id=6 (manuscript_pipeline/01_create_samples/../../test_data/nmr_degradation_data/dms_schwalbe_45C_rep1.csv)
2025-10-18 07:51:43,917 - nerd.db.api - ERROR - Failed to register NMR trace file for reaction_id=7, role=decay_trace: table nmr_trace_files has no column named species
Traceback (most recent call last):
  File "/Volumes/MiniVault/LucksLab Dropbox/LucksLab/Group_Members/EKC/Projects/EKC.01_SHAPE_Standardization/Experiments/01.065.refactoring_data_analysis/nerd/db/api.py", line 2230, in register_nmr_trace_file
    return _run_with_retry(conn, _op, "register_nmr_trace_file")
           ^^^^^^^^^^^^^^^^^^^^^^^^^^^^^^^^^^^^^^^^^^^^^^^^^^^^^
  File "/Volumes/MiniVault/LucksLab Dropbox/LucksLab/Group_Members/EKC/Projects/EKC.01_SHAPE_Standardization/Experiments/01.065.refactoring_data_analysis/nerd/db/api.py", line 1805, in _run_with_retry
    return operation()
           ^^^^^^^^^^^
  File "/Volumes/MiniVault/LucksLab Dropbox/LucksLab/Group_Members/EKC/Projects/EKC.01_SHAPE_Standardization/Experiments/01.065.refactoring_data_analysis/nerd/db/api.py", line 2219, in _op
    conn.execute(sql, (nmr_reaction_id, role, path, species, checksum, task_id))
sqlite3.OperationalError: table nmr_trace_files has no column named species
2025-10-18 07:51:44,059 - nerd.pipeline.tasks.nmr_create - INFO - Registered trace 'decay_trace' for reaction_id=7 (manuscript_pipeline/01_create_samples/../../test_data/nmr_degradation_data/dms_schwalbe_45C_rep2.csv)
2025-10-18 07:51:44,059 - nerd.db.api - ERROR - Failed to register NMR trace file for reaction_id=8, role=decay_trace: table nmr_trace_files has no column named species
Traceback (most recent call last):
  File "/Volumes/MiniVault/LucksLab Dropbox/LucksLab/Group_Members/EKC/Projects/EKC.01_SHAPE_Standardization/Experiments/01.065.refactoring_data_analysis/nerd/db/api.py", line 2230, in register_nmr_trace_file
    return _run_with_retry(conn, _op, "register_nmr_trace_file")
           ^^^^^^^^^^^^^^^^^^^^^^^^^^^^^^^^^^^^^^^^^^^^^^^^^^^^^
  File "/Volumes/MiniVault/LucksLab Dropbox/LucksLab/Group_Members/EKC/Projects/EKC.01_SHAPE_Standardization/Experiments/01.065.refactoring_data_analysis/nerd/db/api.py", line 1805, in _run_with_retry
    return operation()
           ^^^^^^^^^^^
  File "/Volumes/MiniVault/LucksLab Dropbox/LucksLab/Group_Members/EKC/Projects/EKC.01_SHAPE_Standardization/Experiments/01.065.refactoring_data_analysis/nerd/db/api.py", line 2219, in _op
    conn.execute(sql, (nmr_reaction_id, role, path, species, checksum, task_id))
sqlite3.OperationalError: table nmr_trace_files has no column named species
2025-10-18 07:51:44,215 - nerd.pipeline.tasks.nmr_create - INFO - Registered trace 'decay_trace' for reaction_id=8 (manuscript_pipeline/01_create_samples/../../test_data/nmr_degradation_data/dms_schwalbe_52C_rep1.csv)
2025-10-18 07:51:44,215 - nerd.db.api - ERROR - Failed to register NMR trace file for reaction_id=9, role=decay_trace: table nmr_trace_files has no column named species
Traceback (most recent call last):
  File "/Volumes/MiniVault/LucksLab Dropbox/LucksLab/Group_Members/EKC/Projects/EKC.01_SHAPE_Standardization/Experiments/01.065.refactoring_data_analysis/nerd/db/api.py", line 2230, in register_nmr_trace_file
    return _run_with_retry(conn, _op, "register_nmr_trace_file")
           ^^^^^^^^^^^^^^^^^^^^^^^^^^^^^^^^^^^^^^^^^^^^^^^^^^^^^
  File "/Volumes/MiniVault/LucksLab Dropbox/LucksLab/Group_Members/EKC/Projects/EKC.01_SHAPE_Standardization/Experiments/01.065.refactoring_data_analysis/nerd/db/api.py", line 1805, in _run_with_retry
    return operation()
           ^^^^^^^^^^^
  File "/Volumes/MiniVault/LucksLab Dropbox/LucksLab/Group_Members/EKC/Projects/EKC.01_SHAPE_Standardization/Experiments/01.065.refactoring_data_analysis/nerd/db/api.py", line 2219, in _op
    conn.execute(sql, (nmr_reaction_id, role, path, species, checksum, task_id))
sqlite3.OperationalError: table nmr_trace_files has no column named species
2025-10-18 07:51:44,358 - nerd.pipeline.tasks.nmr_create - INFO - Registered trace 'decay_trace' for reaction_id=9 (manuscript_pipeline/01_create_samples/../../test_data/nmr_degradation_data/dms_schwalbe_52C_rep2.csv)
2025-10-18 07:51:44,359 - nerd.db.api - ERROR - Failed to register NMR trace file for reaction_id=10, role=decay_trace: table nmr_trace_files has no column named species
Traceback (most recent call last):
  File "/Volumes/MiniVault/LucksLab Dropbox/LucksLab/Group_Members/EKC/Projects/EKC.01_SHAPE_Standardization/Experiments/01.065.refactoring_data_analysis/nerd/db/api.py", line 2230, in register_nmr_trace_file
    return _run_with_retry(conn, _op, "register_nmr_trace_file")
           ^^^^^^^^^^^^^^^^^^^^^^^^^^^^^^^^^^^^^^^^^^^^^^^^^^^^^
  File "/Volumes/MiniVault/LucksLab Dropbox/LucksLab/Group_Members/EKC/Projects/EKC.01_SHAPE_Standardization/Experiments/01.065.refactoring_data_analysis/nerd/db/api.py", line 1805, in _run_with_retry
    return operation()
           ^^^^^^^^^^^
  File "/Volumes/MiniVault/LucksLab Dropbox/LucksLab/Group_Members/EKC/Projects/EKC.01_SHAPE_Standardization/Experiments/01.065.refactoring_data_analysis/nerd/db/api.py", line 2219, in _op
    conn.execute(sql, (nmr_reaction_id, role, path, species, checksum, task_id))
sqlite3.OperationalError: table nmr_trace_files has no column named species
2025-10-18 07:51:44,515 - nerd.pipeline.tasks.nmr_create - INFO - Registered trace 'decay_trace' for reaction_id=10 (manuscript_pipeline/01_create_samples/../../test_data/nmr_degradation_data/dms_schwalbe_60C_rep1.csv)
2025-10-18 07:51:44,515 - nerd.db.api - ERROR - Failed to register NMR trace file for reaction_id=11, role=decay_trace: table nmr_trace_files has no column named species
Traceback (most recent call last):
  File "/Volumes/MiniVault/LucksLab Dropbox/LucksLab/Group_Members/EKC/Projects/EKC.01_SHAPE_Standardization/Experiments/01.065.refactoring_data_analysis/nerd/db/api.py", line 2230, in register_nmr_trace_file
    return _run_with_retry(conn, _op, "register_nmr_trace_file")
           ^^^^^^^^^^^^^^^^^^^^^^^^^^^^^^^^^^^^^^^^^^^^^^^^^^^^^
  File "/Volumes/MiniVault/LucksLab Dropbox/LucksLab/Group_Members/EKC/Projects/EKC.01_SHAPE_Standardization/Experiments/01.065.refactoring_data_analysis/nerd/db/api.py", line 1805, in _run_with_retry
    return operation()
           ^^^^^^^^^^^
  File "/Volumes/MiniVault/LucksLab Dropbox/LucksLab/Group_Members/EKC/Projects/EKC.01_SHAPE_Standardization/Experiments/01.065.refactoring_data_analysis/nerd/db/api.py", line 2219, in _op
    conn.execute(sql, (nmr_reaction_id, role, path, species, checksum, task_id))
sqlite3.OperationalError: table nmr_trace_files has no column named species
2025-10-18 07:51:44,671 - nerd.pipeline.tasks.nmr_create - INFO - Registered trace 'decay_trace' for reaction_id=11 (manuscript_pipeline/01_create_samples/../../test_data/nmr_degradation_data/dms_schwalbe_60C_rep2.csv)
2025-10-18 07:51:44,671 - nerd.db.api - INFO - Finished task ID 136 with state 'completed'
2025-10-18 07:51:44,672 - nerd.pipeline.tasks.base - INFO - Task 'nmr_create' (ID: 136) completed successfully.
2025-10-18 07:51:44,672 - nerd.utils.paths - INFO - Updated 'latest' symlink for task 'nmr_create' to point to /Volumes/MiniVault/LucksLab Dropbox/LucksLab/Group_Members/EKC/Projects/EKC.01_SHAPE_Standardization/Experiments/01.065.refactoring_data_analysis/manuscript_pipeline/01_create_samples/nmr_create/nmr_create___cfg-63c860b
