2025-10-23 10:51:59,570 - nerd.db.api - INFO - Database schema initialized successfully.
2025-10-23 10:51:59,571 - nerd.utils.paths - INFO - Created run directory: manuscript_pipeline/04_probe_tc_kinetics/probe_timecourse/probe_timecourse___cfg-9abe7c4
2025-10-23 10:51:59,571 - nerd.pipeline.tasks.base - INFO - Executing task 'probe_timecourse' in run directory: manuscript_pipeline/04_probe_tc_kinetics/probe_timecourse/probe_timecourse___cfg-9abe7c4
2025-10-23 10:51:59,572 - nerd.db.api - INFO - Began task 'probe_timecourse' (ID: 136) for rg_batch:None (cfg=9abe7c4c215e9020fe6931dad02a262e4699976b1390ed32adfe59d5623aa473)
2025-10-23 10:51:59,573 - nerd.pipeline.tasks.base - INFO - Command completed successfully. Consuming outputs.
2025-10-23 10:51:59,573 - nerd.cli - ERROR - Failed to execute task 'probe_tc_kinetics': no such column: target_label
Traceback (most recent call last):
  File "/Users/edricchoi/LucksLab Dropbox/LucksLab/Group_Members/EKC/Projects/EKC.01_SHAPE_Standardization/Experiments/01.065.refactoring_data_analysis/nerd/cli.py", line 132, in run
    task.exec(conn, cfg, verbose=state["verbose"])
    ~~~~~~~~~^^^^^^^^^^^^^^^^^^^^^^^^^^^^^^^^^^^^^
  File "/Users/edricchoi/LucksLab Dropbox/LucksLab/Group_Members/EKC/Projects/EKC.01_SHAPE_Standardization/Experiments/01.065.refactoring_data_analysis/nerd/pipeline/tasks/base.py", line 264, in exec
    self.consume_outputs(ctx, inputs, params, run_dir, task_id=task_id)
    ~~~~~~~~~~~~~~~~~~~~^^^^^^^^^^^^^^^^^^^^^^^^^^^^^^^^^^^^^^^^^^^^^^^
  File "/Users/edricchoi/LucksLab Dropbox/LucksLab/Group_Members/EKC/Projects/EKC.01_SHAPE_Standardization/Experiments/01.065.refactoring_data_analysis/nerd/pipeline/tasks/timecourse.py", line 233, in consume_outputs
    arrhenius_fit = self._fetch_arrhenius_fit(ctx.db, str(arrhenius_target))
  File "/Users/edricchoi/LucksLab Dropbox/LucksLab/Group_Members/EKC/Projects/EKC.01_SHAPE_Standardization/Experiments/01.065.refactoring_data_analysis/nerd/pipeline/tasks/timecourse.py", line 354, in _fetch_arrhenius_fit
    rows = conn.execute(
           ~~~~~~~~~~~~^
        "SELECT id FROM tempgrad_fit_runs WHERE target_label = ? ORDER BY id DESC",
        ^^^^^^^^^^^^^^^^^^^^^^^^^^^^^^^^^^^^^^^^^^^^^^^^^^^^^^^^^^^^^^^^^^^^^^^^^^^
        (target_label,),
        ^^^^^^^^^^^^^^^^
    ).fetchall()
    ^
sqlite3.OperationalError: no such column: target_label
