2025-11-04 11:18:49,813 - nerd.db.api - INFO - Database schema initialized successfully.
2025-11-04 11:18:49,813 - nerd.utils.paths - INFO - Created run directory: manuscript_pipeline/05_probe_tempgrad_fit/tempgrad_fit/tempgrad_fit___cfg-c390fb8
2025-11-04 11:18:49,814 - nerd.pipeline.tasks.base - INFO - Executing task 'tempgrad_fit' in run directory: manuscript_pipeline/05_probe_tempgrad_fit/tempgrad_fit/tempgrad_fit___cfg-c390fb8
2025-11-04 11:18:49,814 - nerd.db.api - INFO - Began task 'tempgrad_fit' (ID: 426) for global:None (cfg=c390fb866b53482c6fe449b31f43559538e37155f81f73852704ee75c3bb2ae6)
2025-11-04 11:18:49,815 - nerd.pipeline.tasks.base - INFO - Command completed successfully. Consuming outputs.
2025-11-04 11:18:49,917 - nerd.cli - ERROR - Failed to execute task 'tempgrad_fit': name 'outlier_summary' is not defined
Traceback (most recent call last):
  File "/Volumes/MiniVault/LucksLab Dropbox/LucksLab/Group_Members/EKC/Projects/EKC.01_SHAPE_Standardization/Experiments/01.065.refactoring_data_analysis/nerd/cli.py", line 132, in run
    task.exec(conn, cfg, verbose=state["verbose"])
  File "/Volumes/MiniVault/LucksLab Dropbox/LucksLab/Group_Members/EKC/Projects/EKC.01_SHAPE_Standardization/Experiments/01.065.refactoring_data_analysis/nerd/pipeline/tasks/base.py", line 264, in exec
    self.consume_outputs(ctx, inputs, params, run_dir, task_id=task_id)
  File "/Volumes/MiniVault/LucksLab Dropbox/LucksLab/Group_Members/EKC/Projects/EKC.01_SHAPE_Standardization/Experiments/01.065.refactoring_data_analysis/nerd/pipeline/tasks/tempgrad_fit.py", line 106, in consume_outputs
    series_list = self._build_series(ctx, inputs)
                  ^^^^^^^^^^^^^^^^^^^^^^^^^^^^^^^
  File "/Volumes/MiniVault/LucksLab Dropbox/LucksLab/Group_Members/EKC/Projects/EKC.01_SHAPE_Standardization/Experiments/01.065.refactoring_data_analysis/nerd/pipeline/tasks/tempgrad_fit.py", line 177, in _build_series
    series_list.extend(self._series_from_db_probe_tc(ctx, inputs))
                       ^^^^^^^^^^^^^^^^^^^^^^^^^^^^^^^^^^^^^^^^^^
  File "/Volumes/MiniVault/LucksLab Dropbox/LucksLab/Group_Members/EKC/Projects/EKC.01_SHAPE_Standardization/Experiments/01.065.refactoring_data_analysis/nerd/pipeline/tasks/tempgrad_fit.py", line 814, in _series_from_db_probe_tc
    if outlier_summary:
       ^^^^^^^^^^^^^^^
NameError: name 'outlier_summary' is not defined
