2025-10-23 17:32:57,905 - nerd.db.api - INFO - Database schema initialized successfully.
2025-10-23 17:32:57,907 - nerd.utils.paths - INFO - Created run directory: manuscript_pipeline/04_probe_tc_kinetics/probe_timecourse/probe_timecourse___cfg-a5e9e34
2025-10-23 17:32:57,908 - nerd.pipeline.tasks.base - INFO - Executing task 'probe_timecourse' in run directory: manuscript_pipeline/04_probe_tc_kinetics/probe_timecourse/probe_timecourse___cfg-a5e9e34
2025-10-23 17:32:57,909 - nerd.db.api - INFO - Began task 'probe_timecourse' (ID: 311) for rg:100 (cfg=a5e9e34e69bcc86d20fb219b125b0acd582835a6fd0638b9eb2417df75097303)
2025-10-23 17:32:57,910 - nerd.pipeline.tasks.base - INFO - Command completed successfully. Consuming outputs.
2025-10-23 17:32:58,084 - nerd.pipeline.tasks.timecourse - INFO - Marked 9 fmod values as outliers across 7 reaction group(s).
2025-10-23 17:32:59,002 - nerd.cli - ERROR - Failed to execute task 'probe_tc_kinetics': R integration engine exited with status 1.
---- R STDOUT ----

---- R STDERR ----
Warning messages:
1: package ‘jsonlite’ was built under R version 4.4.3 
2: package ‘nlme’ was built under R version 4.4.3 
Warning messages:
1: In nls(fmod ~ fmod_model(timepoint, log_kappa, log_kdeg, log_fmod0),  :
  Convergence failure: singular convergence (7)
2: In nls(fmod ~ fmod_model(timepoint, log_kappa, log_kdeg, log_fmod0),  :
  Convergence failure: singular convergence (7)
3: In nls(fmod ~ fmod_model(timepoint, log_kappa, log_kdeg, log_fmod0),  :
  Convergence failure: false convergence (8)
4: In nls(fmod ~ fmod_model(timepoint, log_kappa, log_kdeg, log_fmod0),  :
  Convergence failure: singular convergence (7)
5: In nls(fmod ~ fmod_model(timepoint, log_kappa, log_kdeg, log_fmod0),  :
  Convergence failure: singular convergence (7)
6: In nls(fmod ~ fmod_model(timepoint, log_kappa, log_kdeg, log_fmod0),  :
  Convergence failure: singular convergence (7)
7: In nls(fmod ~ fmod_model(timepoint, log_kappa, log_kdeg, log_fmod0),  :
  Convergence failure: false convergence (8)
Error: unexpected end of input
Execution halted
Temporary files preserved at: /var/folders/k7/k3x4cyj90rz6_py6pr8yth9m0000gn/T/nerd_r_engine_8ig60_96
Traceback (most recent call last):
  File "/Users/edricchoi/LucksLab Dropbox/LucksLab/Group_Members/EKC/Projects/EKC.01_SHAPE_Standardization/Experiments/01.065.refactoring_data_analysis/nerd/cli.py", line 132, in run
    task.exec(conn, cfg, verbose=state["verbose"])
    ~~~~~~~~~^^^^^^^^^^^^^^^^^^^^^^^^^^^^^^^^^^^^^
  File "/Users/edricchoi/LucksLab Dropbox/LucksLab/Group_Members/EKC/Projects/EKC.01_SHAPE_Standardization/Experiments/01.065.refactoring_data_analysis/nerd/pipeline/tasks/base.py", line 264, in exec
    self.consume_outputs(ctx, inputs, params, run_dir, task_id=task_id)
    ~~~~~~~~~~~~~~~~~~~~^^^^^^^^^^^^^^^^^^^^^^^^^^^^^^^^^^^^^^^^^^^^^^^
  File "/Users/edricchoi/LucksLab Dropbox/LucksLab/Group_Members/EKC/Projects/EKC.01_SHAPE_Standardization/Experiments/01.065.refactoring_data_analysis/nerd/pipeline/tasks/timecourse.py", line 339, in consume_outputs
    result = engine.run(request)
  File "/Users/edricchoi/LucksLab Dropbox/LucksLab/Group_Members/EKC/Projects/EKC.01_SHAPE_Standardization/Experiments/01.065.refactoring_data_analysis/nerd/pipeline/plugins/timecourse/r_integration.py", line 157, in run
    raise RuntimeError(details)
RuntimeError: R integration engine exited with status 1.
---- R STDOUT ----

---- R STDERR ----
Warning messages:
1: package ‘jsonlite’ was built under R version 4.4.3 
2: package ‘nlme’ was built under R version 4.4.3 
Warning messages:
1: In nls(fmod ~ fmod_model(timepoint, log_kappa, log_kdeg, log_fmod0),  :
  Convergence failure: singular convergence (7)
2: In nls(fmod ~ fmod_model(timepoint, log_kappa, log_kdeg, log_fmod0),  :
  Convergence failure: singular convergence (7)
3: In nls(fmod ~ fmod_model(timepoint, log_kappa, log_kdeg, log_fmod0),  :
  Convergence failure: false convergence (8)
4: In nls(fmod ~ fmod_model(timepoint, log_kappa, log_kdeg, log_fmod0),  :
  Convergence failure: singular convergence (7)
5: In nls(fmod ~ fmod_model(timepoint, log_kappa, log_kdeg, log_fmod0),  :
  Convergence failure: singular convergence (7)
6: In nls(fmod ~ fmod_model(timepoint, log_kappa, log_kdeg, log_fmod0),  :
  Convergence failure: singular convergence (7)
7: In nls(fmod ~ fmod_model(timepoint, log_kappa, log_kdeg, log_fmod0),  :
  Convergence failure: false convergence (8)
Error: unexpected end of input
Execution halted
Temporary files preserved at: /var/folders/k7/k3x4cyj90rz6_py6pr8yth9m0000gn/T/nerd_r_engine_8ig60_96
