nucleotide#	identity	DG
1	A	0.00
2	A	0.00
3	A	0.36
6	A	0.58
7	A	0.10
11	C	4.32
15	A	0.00
16	A	0.00
17	A	0.01
23	C	2.94
24	A	1.90
25	A	0.00
26	C	0.00
27	A	0.00
29	C	4.97
30	C	5.33
34	C	2.64
35	A	3.12
38	A	2.23
39	C	2.82
40	C	2.82
41	A	1.07
42	A	0.00
45	C	6.80
47	C	7.20
48	A	4.08
53	A	0.00
54	A	0.00
55	A	0.00
56	C	4.69
61	A	5.40
63	A	3.33
67	C	5.51
68	C	5.81
72	C	0.00
73	A	0.00
74	A	0.00
75	A	1.46
80	A	0.01
85	A	0.15
86	A	0.00
88	A	0.00
89	A	0.00
91	C	4.12
94	A	3.12
95	C	4.06
98	A	0.00
99	C	0.00
100	A	0.00
105	C	3.14
106	C	3.14
108	A	0.00
109	A	0.00
110	C	2.23
111	C	2.23
112	A	0.02
113	C	1.59
115	C	1.53
116	A	0.91
118	C	0.28
119	C	0.20
120	A	0.01
121	A	0.03
124	C	1.11
125	C	1.64
127	A	0.10
128	A	0.00
131	C	4.55
132	A	4.24
133	A	4.55
134	C	6.35
135	A	5.03
137	A	1.10
139	C	0.00
142	C	5.10
148	A	4.28
150	A	0.00
154	A	0.34
157	C	0.12
158	A	0.07
162	C	0.68
163	A	0.43
164	A	0.01
165	C	0.42
166	C	0.40
167	A	0.35
168	A	0.02
169	A	0.02
171	C	0.01
172	A	0.00
