[17:33:02] INFO     Executing 'run' command for step: 'mut_count'               
[17:33:02] INFO     Database schema initialized successfully.                   
           INFO     Created run directory:                                      
                    examples/all_mutcounts/mut_count/mut_count___cfg-22e4398    
           INFO     Executing task 'mut_count' in run directory:                
                    examples/all_mutcounts/mut_count/mut_count___cfg-22e4398    
           INFO     Resolved reaction_group 70_1_A8C to 7 sample(s).            
           INFO     Began task 'mut_count' (ID: 93) for rg:26                   
                    (cfg=22e4398a5c3e4507fecd029b3214042213b2ad0137847fa366cf639
                    c2d268040)                                                  
           INFO     Starting command (backend=local) in                         
                    examples/all_mutcounts/mut_count/mut_count___cfg-22e4398    
           INFO     Executing command locally. Log file:                        
                    examples/all_mutcounts/mut_count/mut_count___cfg-22e4398/com
                    mand.log                                                    
[17:36:52] INFO     Command finished with exit code: 0                          
           INFO     Logged attempt #1 for task ID 93 (Attempt ID: 79)           
           INFO     Command completed successfully. Consuming outputs.          
           INFO     Found ShapeMapper profile for 013-EKC-A8C-70c-a-1-p at      
                    examples/all_mutcounts/mut_count/mut_count___cfg-22e4398/art
                    ifacts/013-EKC-A8C-70c-a-1-p/013-EKC-A8C-70c-a-1-p_013-EKC-A
                    8C-70c-a-1-p_profile.txt                                    
           INFO     Inserted probe_fmod_run for sample ID 408 (Run ID: 629)     
           INFO     Inserted probe_fmod_run 629 for sample 013-EKC-A8C-70c-a-1-p
           INFO     Bulk inserted 80 fmod_vals records.                         
           INFO     Inserted 80 probe_fmod_values records for                   
                    013-EKC-A8C-70c-a-1-p (modrate).                            
           INFO     Bulk inserted 80 fmod_vals records.                         
           INFO     Inserted 80 probe_fmod_values records for                   
                    013-EKC-A8C-70c-a-1-p (GAmodrate).                          
           INFO     Wrote per-read histogram for 013-EKC-A8C-70c-a-1-p          
                    (Modified) to                                               
                    examples/all_mutcounts/mut_count/mut_count___cfg-22e4398/art
                    ifacts/013-EKC-A8C-70c-a-1-p/per_read_histogram.txt         
           INFO     Wrote per-read histogram for 013-EKC-A8C-70c-a-1-p (GA) to  
                    examples/all_mutcounts/mut_count/mut_count___cfg-22e4398/art
                    ifacts/013-EKC-A8C-70c-a-1-p/per_read_histogram.txtga       
           INFO     Found ShapeMapper profile for 014-EKC-A8C-70c-a-2-p at      
                    examples/all_mutcounts/mut_count/mut_count___cfg-22e4398/art
                    ifacts/014-EKC-A8C-70c-a-2-p/014-EKC-A8C-70c-a-2-p_014-EKC-A
                    8C-70c-a-2-p_profile.txt                                    
           INFO     Inserted probe_fmod_run for sample ID 409 (Run ID: 630)     
           INFO     Inserted probe_fmod_run 630 for sample 014-EKC-A8C-70c-a-2-p
           INFO     Bulk inserted 80 fmod_vals records.                         
           INFO     Inserted 80 probe_fmod_values records for                   
                    014-EKC-A8C-70c-a-2-p (modrate).                            
           INFO     Bulk inserted 80 fmod_vals records.                         
           INFO     Inserted 80 probe_fmod_values records for                   
                    014-EKC-A8C-70c-a-2-p (GAmodrate).                          
           INFO     Wrote per-read histogram for 014-EKC-A8C-70c-a-2-p          
                    (Modified) to                                               
                    examples/all_mutcounts/mut_count/mut_count___cfg-22e4398/art
                    ifacts/014-EKC-A8C-70c-a-2-p/per_read_histogram.txt         
           INFO     Wrote per-read histogram for 014-EKC-A8C-70c-a-2-p (GA) to  
                    examples/all_mutcounts/mut_count/mut_count___cfg-22e4398/art
                    ifacts/014-EKC-A8C-70c-a-2-p/per_read_histogram.txtga       
           INFO     Found ShapeMapper profile for 015-EKC-A8C-70c-a-3-p at      
                    examples/all_mutcounts/mut_count/mut_count___cfg-22e4398/art
                    ifacts/015-EKC-A8C-70c-a-3-p/015-EKC-A8C-70c-a-3-p_015-EKC-A
                    8C-70c-a-3-p_profile.txt                                    
           INFO     Inserted probe_fmod_run for sample ID 410 (Run ID: 631)     
           INFO     Inserted probe_fmod_run 631 for sample 015-EKC-A8C-70c-a-3-p
           INFO     Bulk inserted 80 fmod_vals records.                         
           INFO     Inserted 80 probe_fmod_values records for                   
                    015-EKC-A8C-70c-a-3-p (modrate).                            
           INFO     Bulk inserted 80 fmod_vals records.                         
           INFO     Inserted 80 probe_fmod_values records for                   
                    015-EKC-A8C-70c-a-3-p (GAmodrate).                          
           INFO     Wrote per-read histogram for 015-EKC-A8C-70c-a-3-p          
                    (Modified) to                                               
                    examples/all_mutcounts/mut_count/mut_count___cfg-22e4398/art
                    ifacts/015-EKC-A8C-70c-a-3-p/per_read_histogram.txt         
           INFO     Wrote per-read histogram for 015-EKC-A8C-70c-a-3-p (GA) to  
                    examples/all_mutcounts/mut_count/mut_count___cfg-22e4398/art
                    ifacts/015-EKC-A8C-70c-a-3-p/per_read_histogram.txtga       
           INFO     Found ShapeMapper profile for 016-EKC-A8C-70c-a-4-p at      
                    examples/all_mutcounts/mut_count/mut_count___cfg-22e4398/art
                    ifacts/016-EKC-A8C-70c-a-4-p/016-EKC-A8C-70c-a-4-p_016-EKC-A
                    8C-70c-a-4-p_profile.txt                                    
           INFO     Inserted probe_fmod_run for sample ID 411 (Run ID: 632)     
           INFO     Inserted probe_fmod_run 632 for sample 016-EKC-A8C-70c-a-4-p
           INFO     Bulk inserted 80 fmod_vals records.                         
           INFO     Inserted 80 probe_fmod_values records for                   
                    016-EKC-A8C-70c-a-4-p (modrate).                            
           INFO     Bulk inserted 80 fmod_vals records.                         
           INFO     Inserted 80 probe_fmod_values records for                   
                    016-EKC-A8C-70c-a-4-p (GAmodrate).                          
           INFO     Wrote per-read histogram for 016-EKC-A8C-70c-a-4-p          
                    (Modified) to                                               
                    examples/all_mutcounts/mut_count/mut_count___cfg-22e4398/art
                    ifacts/016-EKC-A8C-70c-a-4-p/per_read_histogram.txt         
           INFO     Wrote per-read histogram for 016-EKC-A8C-70c-a-4-p (GA) to  
                    examples/all_mutcounts/mut_count/mut_count___cfg-22e4398/art
                    ifacts/016-EKC-A8C-70c-a-4-p/per_read_histogram.txtga       
           INFO     Found ShapeMapper profile for 017-EKC-A8C-70c-a-5-p at      
                    examples/all_mutcounts/mut_count/mut_count___cfg-22e4398/art
                    ifacts/017-EKC-A8C-70c-a-5-p/017-EKC-A8C-70c-a-5-p_017-EKC-A
                    8C-70c-a-5-p_profile.txt                                    
           INFO     Inserted probe_fmod_run for sample ID 412 (Run ID: 633)     
           INFO     Inserted probe_fmod_run 633 for sample 017-EKC-A8C-70c-a-5-p
           INFO     Bulk inserted 80 fmod_vals records.                         
           INFO     Inserted 80 probe_fmod_values records for                   
                    017-EKC-A8C-70c-a-5-p (modrate).                            
           INFO     Bulk inserted 80 fmod_vals records.                         
           INFO     Inserted 80 probe_fmod_values records for                   
                    017-EKC-A8C-70c-a-5-p (GAmodrate).                          
           INFO     Wrote per-read histogram for 017-EKC-A8C-70c-a-5-p          
                    (Modified) to                                               
                    examples/all_mutcounts/mut_count/mut_count___cfg-22e4398/art
                    ifacts/017-EKC-A8C-70c-a-5-p/per_read_histogram.txt         
           INFO     Wrote per-read histogram for 017-EKC-A8C-70c-a-5-p (GA) to  
                    examples/all_mutcounts/mut_count/mut_count___cfg-22e4398/art
                    ifacts/017-EKC-A8C-70c-a-5-p/per_read_histogram.txtga       
           INFO     Found ShapeMapper profile for 018-EKC-A8C-70c-a-6-p at      
                    examples/all_mutcounts/mut_count/mut_count___cfg-22e4398/art
                    ifacts/018-EKC-A8C-70c-a-6-p/018-EKC-A8C-70c-a-6-p_018-EKC-A
                    8C-70c-a-6-p_profile.txt                                    
           INFO     Inserted probe_fmod_run for sample ID 413 (Run ID: 634)     
           INFO     Inserted probe_fmod_run 634 for sample 018-EKC-A8C-70c-a-6-p
           INFO     Bulk inserted 80 fmod_vals records.                         
           INFO     Inserted 80 probe_fmod_values records for                   
                    018-EKC-A8C-70c-a-6-p (modrate).                            
           INFO     Bulk inserted 80 fmod_vals records.                         
           INFO     Inserted 80 probe_fmod_values records for                   
                    018-EKC-A8C-70c-a-6-p (GAmodrate).                          
           INFO     Wrote per-read histogram for 018-EKC-A8C-70c-a-6-p          
                    (Modified) to                                               
                    examples/all_mutcounts/mut_count/mut_count___cfg-22e4398/art
                    ifacts/018-EKC-A8C-70c-a-6-p/per_read_histogram.txt         
           INFO     Wrote per-read histogram for 018-EKC-A8C-70c-a-6-p (GA) to  
                    examples/all_mutcounts/mut_count/mut_count___cfg-22e4398/art
                    ifacts/018-EKC-A8C-70c-a-6-p/per_read_histogram.txtga       
           INFO     Found ShapeMapper profile for 043-EKC-A8C-70c-a-6-m at      
                    examples/all_mutcounts/mut_count/mut_count___cfg-22e4398/art
                    ifacts/043-EKC-A8C-70c-a-6-m/043-EKC-A8C-70c-a-6-m_043-EKC-A
                    8C-70c-a-6-m_profile.txt                                    
           INFO     Inserted probe_fmod_run for sample ID 348 (Run ID: 635)     
           INFO     Inserted probe_fmod_run 635 for sample 043-EKC-A8C-70c-a-6-m
           INFO     Bulk inserted 80 fmod_vals records.                         
           INFO     Inserted 80 probe_fmod_values records for                   
                    043-EKC-A8C-70c-a-6-m (modrate).                            
           INFO     Bulk inserted 80 fmod_vals records.                         
           INFO     Inserted 80 probe_fmod_values records for                   
                    043-EKC-A8C-70c-a-6-m (GAmodrate).                          
           INFO     Wrote per-read histogram for 043-EKC-A8C-70c-a-6-m          
                    (Modified) to                                               
                    examples/all_mutcounts/mut_count/mut_count___cfg-22e4398/art
                    ifacts/043-EKC-A8C-70c-a-6-m/per_read_histogram.txt         
           INFO     Wrote per-read histogram for 043-EKC-A8C-70c-a-6-m (GA) to  
                    examples/all_mutcounts/mut_count/mut_count___cfg-22e4398/art
                    ifacts/043-EKC-A8C-70c-a-6-m/per_read_histogram.txtga       
           INFO     mut_count completed. Profiles found for 7/7 samples;        
                    ingested 7 run(s).                                          
           INFO     Finished task ID 93 with state 'completed'                  
           INFO     Task 'mut_count' (ID: 93) completed successfully.           
           INFO     Updated 'latest' symlink for task 'mut_count' to point to   
                    /gpfs/projects/b1044/Computational_Output/EKC/EKC.01_SHAPE_s
                    tandardization/EKC.01.065.refactoring_data_analysis/nerd/exa
                    mples/all_mutcounts/mut_count/mut_count___cfg-22e4398       
