[17:19:02] INFO     Executing 'run' command for step: 'mut_count'               
[17:19:02] INFO     Database schema initialized successfully.                   
           INFO     Created run directory:                                      
                    examples/all_mutcounts/mut_count/mut_count___cfg-e5fcecb    
           INFO     Executing task 'mut_count' in run directory:                
                    examples/all_mutcounts/mut_count/mut_count___cfg-e5fcecb    
           INFO     Resolved reaction_group 60_2_A8C to 6 sample(s).            
           INFO     Began task 'mut_count' (ID: 83) for rg:35                   
                    (cfg=e5fcecb40dc15b0e6a28851d74006de1b453a3d387425ef59c6e966
                    b6b70c9fe)                                                  
[17:19:03] INFO     Starting command (backend=local) in                         
                    examples/all_mutcounts/mut_count/mut_count___cfg-e5fcecb    
           INFO     Executing command locally. Log file:                        
                    examples/all_mutcounts/mut_count/mut_count___cfg-e5fcecb/com
                    mand.log                                                    
[17:22:20] INFO     Command finished with exit code: 0                          
           INFO     Logged attempt #1 for task ID 83 (Attempt ID: 69)           
           INFO     Command completed successfully. Consuming outputs.          
           INFO     Found ShapeMapper profile for 007-EKC-A8C-60c-b-1-p at      
                    examples/all_mutcounts/mut_count/mut_count___cfg-e5fcecb/art
                    ifacts/007-EKC-A8C-60c-b-1-p/007-EKC-A8C-60c-b-1-p_007-EKC-A
                    8C-60c-b-1-p_profile.txt                                    
           INFO     Inserted probe_fmod_run for sample ID 402 (Run ID: 560)     
           INFO     Inserted probe_fmod_run 560 for sample 007-EKC-A8C-60c-b-1-p
           INFO     Bulk inserted 80 fmod_vals records.                         
           INFO     Inserted 80 probe_fmod_values records for                   
                    007-EKC-A8C-60c-b-1-p (modrate).                            
           INFO     Bulk inserted 80 fmod_vals records.                         
           INFO     Inserted 80 probe_fmod_values records for                   
                    007-EKC-A8C-60c-b-1-p (GAmodrate).                          
           INFO     Wrote per-read histogram for 007-EKC-A8C-60c-b-1-p          
                    (Modified) to                                               
                    examples/all_mutcounts/mut_count/mut_count___cfg-e5fcecb/art
                    ifacts/007-EKC-A8C-60c-b-1-p/per_read_histogram.txt         
           INFO     Wrote per-read histogram for 007-EKC-A8C-60c-b-1-p (GA) to  
                    examples/all_mutcounts/mut_count/mut_count___cfg-e5fcecb/art
                    ifacts/007-EKC-A8C-60c-b-1-p/per_read_histogram.txtga       
           INFO     Found ShapeMapper profile for 008-EKC-A8C-60c-b-2-p at      
                    examples/all_mutcounts/mut_count/mut_count___cfg-e5fcecb/art
                    ifacts/008-EKC-A8C-60c-b-2-p/008-EKC-A8C-60c-b-2-p_008-EKC-A
                    8C-60c-b-2-p_profile.txt                                    
           INFO     Inserted probe_fmod_run for sample ID 403 (Run ID: 561)     
           INFO     Inserted probe_fmod_run 561 for sample 008-EKC-A8C-60c-b-2-p
           INFO     Bulk inserted 80 fmod_vals records.                         
           INFO     Inserted 80 probe_fmod_values records for                   
                    008-EKC-A8C-60c-b-2-p (modrate).                            
           INFO     Bulk inserted 80 fmod_vals records.                         
           INFO     Inserted 80 probe_fmod_values records for                   
                    008-EKC-A8C-60c-b-2-p (GAmodrate).                          
           INFO     Wrote per-read histogram for 008-EKC-A8C-60c-b-2-p          
                    (Modified) to                                               
                    examples/all_mutcounts/mut_count/mut_count___cfg-e5fcecb/art
                    ifacts/008-EKC-A8C-60c-b-2-p/per_read_histogram.txt         
           INFO     Wrote per-read histogram for 008-EKC-A8C-60c-b-2-p (GA) to  
                    examples/all_mutcounts/mut_count/mut_count___cfg-e5fcecb/art
                    ifacts/008-EKC-A8C-60c-b-2-p/per_read_histogram.txtga       
           INFO     Found ShapeMapper profile for 009-EKC-A8C-60c-b-3-p at      
                    examples/all_mutcounts/mut_count/mut_count___cfg-e5fcecb/art
                    ifacts/009-EKC-A8C-60c-b-3-p/009-EKC-A8C-60c-b-3-p_009-EKC-A
                    8C-60c-b-3-p_profile.txt                                    
           INFO     Inserted probe_fmod_run for sample ID 404 (Run ID: 562)     
           INFO     Inserted probe_fmod_run 562 for sample 009-EKC-A8C-60c-b-3-p
           INFO     Bulk inserted 80 fmod_vals records.                         
           INFO     Inserted 80 probe_fmod_values records for                   
                    009-EKC-A8C-60c-b-3-p (modrate).                            
           INFO     Bulk inserted 80 fmod_vals records.                         
           INFO     Inserted 80 probe_fmod_values records for                   
                    009-EKC-A8C-60c-b-3-p (GAmodrate).                          
           INFO     Wrote per-read histogram for 009-EKC-A8C-60c-b-3-p          
                    (Modified) to                                               
                    examples/all_mutcounts/mut_count/mut_count___cfg-e5fcecb/art
                    ifacts/009-EKC-A8C-60c-b-3-p/per_read_histogram.txt         
           INFO     Wrote per-read histogram for 009-EKC-A8C-60c-b-3-p (GA) to  
                    examples/all_mutcounts/mut_count/mut_count___cfg-e5fcecb/art
                    ifacts/009-EKC-A8C-60c-b-3-p/per_read_histogram.txtga       
           INFO     Found ShapeMapper profile for 010-EKC-A8C-60c-b-4-p at      
                    examples/all_mutcounts/mut_count/mut_count___cfg-e5fcecb/art
                    ifacts/010-EKC-A8C-60c-b-4-p/010-EKC-A8C-60c-b-4-p_010-EKC-A
                    8C-60c-b-4-p_profile.txt                                    
           INFO     Inserted probe_fmod_run for sample ID 405 (Run ID: 563)     
           INFO     Inserted probe_fmod_run 563 for sample 010-EKC-A8C-60c-b-4-p
           INFO     Bulk inserted 80 fmod_vals records.                         
           INFO     Inserted 80 probe_fmod_values records for                   
                    010-EKC-A8C-60c-b-4-p (modrate).                            
           INFO     Bulk inserted 80 fmod_vals records.                         
           INFO     Inserted 80 probe_fmod_values records for                   
                    010-EKC-A8C-60c-b-4-p (GAmodrate).                          
           INFO     Wrote per-read histogram for 010-EKC-A8C-60c-b-4-p          
                    (Modified) to                                               
                    examples/all_mutcounts/mut_count/mut_count___cfg-e5fcecb/art
                    ifacts/010-EKC-A8C-60c-b-4-p/per_read_histogram.txt         
           INFO     Wrote per-read histogram for 010-EKC-A8C-60c-b-4-p (GA) to  
                    examples/all_mutcounts/mut_count/mut_count___cfg-e5fcecb/art
                    ifacts/010-EKC-A8C-60c-b-4-p/per_read_histogram.txtga       
           INFO     Found ShapeMapper profile for 011-EKC-A8C-60c-b-5-p at      
                    examples/all_mutcounts/mut_count/mut_count___cfg-e5fcecb/art
                    ifacts/011-EKC-A8C-60c-b-5-p/011-EKC-A8C-60c-b-5-p_011-EKC-A
                    8C-60c-b-5-p_profile.txt                                    
           INFO     Inserted probe_fmod_run for sample ID 406 (Run ID: 564)     
           INFO     Inserted probe_fmod_run 564 for sample 011-EKC-A8C-60c-b-5-p
           INFO     Bulk inserted 80 fmod_vals records.                         
           INFO     Inserted 80 probe_fmod_values records for                   
                    011-EKC-A8C-60c-b-5-p (modrate).                            
           INFO     Bulk inserted 80 fmod_vals records.                         
           INFO     Inserted 80 probe_fmod_values records for                   
                    011-EKC-A8C-60c-b-5-p (GAmodrate).                          
           INFO     Wrote per-read histogram for 011-EKC-A8C-60c-b-5-p          
                    (Modified) to                                               
                    examples/all_mutcounts/mut_count/mut_count___cfg-e5fcecb/art
                    ifacts/011-EKC-A8C-60c-b-5-p/per_read_histogram.txt         
           INFO     Wrote per-read histogram for 011-EKC-A8C-60c-b-5-p (GA) to  
                    examples/all_mutcounts/mut_count/mut_count___cfg-e5fcecb/art
                    ifacts/011-EKC-A8C-60c-b-5-p/per_read_histogram.txtga       
           INFO     Found ShapeMapper profile for 012-EKC-A8C-60c-b-6-p at      
                    examples/all_mutcounts/mut_count/mut_count___cfg-e5fcecb/art
                    ifacts/012-EKC-A8C-60c-b-6-p/012-EKC-A8C-60c-b-6-p_012-EKC-A
                    8C-60c-b-6-p_profile.txt                                    
           INFO     Inserted probe_fmod_run for sample ID 407 (Run ID: 565)     
           INFO     Inserted probe_fmod_run 565 for sample 012-EKC-A8C-60c-b-6-p
           INFO     Bulk inserted 80 fmod_vals records.                         
           INFO     Inserted 80 probe_fmod_values records for                   
                    012-EKC-A8C-60c-b-6-p (modrate).                            
           INFO     Bulk inserted 80 fmod_vals records.                         
           INFO     Inserted 80 probe_fmod_values records for                   
                    012-EKC-A8C-60c-b-6-p (GAmodrate).                          
           INFO     Wrote per-read histogram for 012-EKC-A8C-60c-b-6-p          
                    (Modified) to                                               
                    examples/all_mutcounts/mut_count/mut_count___cfg-e5fcecb/art
                    ifacts/012-EKC-A8C-60c-b-6-p/per_read_histogram.txt         
           INFO     Wrote per-read histogram for 012-EKC-A8C-60c-b-6-p (GA) to  
                    examples/all_mutcounts/mut_count/mut_count___cfg-e5fcecb/art
                    ifacts/012-EKC-A8C-60c-b-6-p/per_read_histogram.txtga       
           INFO     mut_count completed. Profiles found for 6/6 samples;        
                    ingested 6 run(s).                                          
           INFO     Finished task ID 83 with state 'completed'                  
           INFO     Task 'mut_count' (ID: 83) completed successfully.           
           INFO     Updated 'latest' symlink for task 'mut_count' to point to   
                    /gpfs/projects/b1044/Computational_Output/EKC/EKC.01_SHAPE_s
                    tandardization/EKC.01.065.refactoring_data_analysis/nerd/exa
                    mples/all_mutcounts/mut_count/mut_count___cfg-e5fcecb       
