[13:55:23] INFO     Executing 'run' command for step: 'mut_count'               
[13:55:23] INFO     Database schema initialized successfully.                   
           INFO     Created run directory:                                      
                    examples/all_mutcounts/mut_count/mut_count___cfg-94a759c    
           INFO     Executing task 'mut_count' in run directory:                
                    examples/all_mutcounts/mut_count/mut_count___cfg-94a759c    
           INFO     Resolved reaction_group 18 to 4 sample(s).                  
           INFO     Began task 'mut_count' (ID: 20) for rg:134                  
                    (cfg=94a759ce6f62374500bcf4fde5af5e543be2c6462ec2cea7f592055
                    aeeefba3e)                                                  
           INFO     Starting command (backend=local) in                         
                    examples/all_mutcounts/mut_count/mut_count___cfg-94a759c    
           INFO     Executing command locally. Log file:                        
                    examples/all_mutcounts/mut_count/mut_count___cfg-94a759c/com
                    mand.log                                                    
[13:56:07] INFO     Command finished with exit code: 0                          
[13:56:08] INFO     Logged attempt #1 for task ID 20 (Attempt ID: 4)            
           INFO     Command completed successfully. Consuming outputs.          
           INFO     Found ShapeMapper profile for                               
                    069_P4P6_WT_nobc_0mMMgMRTpH9_conc0_rep2 at                  
                    examples/all_mutcounts/mut_count/mut_count___cfg-94a759c/art
                    ifacts/069_P4P6_WT_nobc_0mMMgMRTpH9_conc0_rep2/069_P4P6_WT_n
                    obc_0mMMgMRTpH9_conc0_rep2_069_P4P6_WT_nobc_0mMMgMRTpH9_conc
                    0_rep2_profile.txt                                          
           INFO     Inserted probe_fmod_run for sample ID 1128 (Run ID: 19)     
           INFO     Inserted probe_fmod_run 19 for sample                       
                    069_P4P6_WT_nobc_0mMMgMRTpH9_conc0_rep2                     
           INFO     Bulk inserted 212 fmod_vals records.                        
           INFO     Inserted 212 probe_fmod_values records for                  
                    069_P4P6_WT_nobc_0mMMgMRTpH9_conc0_rep2 (modrate).          
           INFO     Bulk inserted 212 fmod_vals records.                        
           INFO     Inserted 212 probe_fmod_values records for                  
                    069_P4P6_WT_nobc_0mMMgMRTpH9_conc0_rep2 (GAmodrate).        
           INFO     Wrote per-read histogram for                                
                    069_P4P6_WT_nobc_0mMMgMRTpH9_conc0_rep2 (Modified) to       
                    examples/all_mutcounts/mut_count/mut_count___cfg-94a759c/art
                    ifacts/069_P4P6_WT_nobc_0mMMgMRTpH9_conc0_rep2/per_read_hist
                    ogram.txt                                                   
           INFO     Wrote per-read histogram for                                
                    069_P4P6_WT_nobc_0mMMgMRTpH9_conc0_rep2 (GA) to             
                    examples/all_mutcounts/mut_count/mut_count___cfg-94a759c/art
                    ifacts/069_P4P6_WT_nobc_0mMMgMRTpH9_conc0_rep2/per_read_hist
                    ogram.txtga                                                 
           INFO     Found ShapeMapper profile for                               
                    070_P4P6_WT_nobc_0mMMgMRTpH9_conc0p75_rep2 at               
                    examples/all_mutcounts/mut_count/mut_count___cfg-94a759c/art
                    ifacts/070_P4P6_WT_nobc_0mMMgMRTpH9_conc0p75_rep2/070_P4P6_W
                    T_nobc_0mMMgMRTpH9_conc0p75_rep2_070_P4P6_WT_nobc_0mMMgMRTpH
                    9_conc0p75_rep2_profile.txt                                 
           INFO     Inserted probe_fmod_run for sample ID 1129 (Run ID: 20)     
           INFO     Inserted probe_fmod_run 20 for sample                       
                    070_P4P6_WT_nobc_0mMMgMRTpH9_conc0p75_rep2                  
           INFO     Bulk inserted 212 fmod_vals records.                        
           INFO     Inserted 212 probe_fmod_values records for                  
                    070_P4P6_WT_nobc_0mMMgMRTpH9_conc0p75_rep2 (modrate).       
           INFO     Bulk inserted 212 fmod_vals records.                        
           INFO     Inserted 212 probe_fmod_values records for                  
                    070_P4P6_WT_nobc_0mMMgMRTpH9_conc0p75_rep2 (GAmodrate).     
           INFO     Wrote per-read histogram for                                
                    070_P4P6_WT_nobc_0mMMgMRTpH9_conc0p75_rep2 (Modified) to    
                    examples/all_mutcounts/mut_count/mut_count___cfg-94a759c/art
                    ifacts/070_P4P6_WT_nobc_0mMMgMRTpH9_conc0p75_rep2/per_read_h
                    istogram.txt                                                
           INFO     Wrote per-read histogram for                                
                    070_P4P6_WT_nobc_0mMMgMRTpH9_conc0p75_rep2 (GA) to          
                    examples/all_mutcounts/mut_count/mut_count___cfg-94a759c/art
                    ifacts/070_P4P6_WT_nobc_0mMMgMRTpH9_conc0p75_rep2/per_read_h
                    istogram.txtga                                              
           INFO     Found ShapeMapper profile for                               
                    071_P4P6_WT_nobc_0mMMgMRTpH9_conc1p5_rep2 at                
                    examples/all_mutcounts/mut_count/mut_count___cfg-94a759c/art
                    ifacts/071_P4P6_WT_nobc_0mMMgMRTpH9_conc1p5_rep2/071_P4P6_WT
                    _nobc_0mMMgMRTpH9_conc1p5_rep2_071_P4P6_WT_nobc_0mMMgMRTpH9_
                    conc1p5_rep2_profile.txt                                    
           INFO     Inserted probe_fmod_run for sample ID 1130 (Run ID: 21)     
           INFO     Inserted probe_fmod_run 21 for sample                       
                    071_P4P6_WT_nobc_0mMMgMRTpH9_conc1p5_rep2                   
           INFO     Bulk inserted 212 fmod_vals records.                        
           INFO     Inserted 212 probe_fmod_values records for                  
                    071_P4P6_WT_nobc_0mMMgMRTpH9_conc1p5_rep2 (modrate).        
           INFO     Bulk inserted 212 fmod_vals records.                        
           INFO     Inserted 212 probe_fmod_values records for                  
                    071_P4P6_WT_nobc_0mMMgMRTpH9_conc1p5_rep2 (GAmodrate).      
           INFO     Wrote per-read histogram for                                
                    071_P4P6_WT_nobc_0mMMgMRTpH9_conc1p5_rep2 (Modified) to     
                    examples/all_mutcounts/mut_count/mut_count___cfg-94a759c/art
                    ifacts/071_P4P6_WT_nobc_0mMMgMRTpH9_conc1p5_rep2/per_read_hi
                    stogram.txt                                                 
           INFO     Wrote per-read histogram for                                
                    071_P4P6_WT_nobc_0mMMgMRTpH9_conc1p5_rep2 (GA) to           
                    examples/all_mutcounts/mut_count/mut_count___cfg-94a759c/art
                    ifacts/071_P4P6_WT_nobc_0mMMgMRTpH9_conc1p5_rep2/per_read_hi
                    stogram.txtga                                               
           INFO     Found ShapeMapper profile for                               
                    072_P4P6_WT_nobc_0mMMgMRTpH9_conc3_rep2 at                  
                    examples/all_mutcounts/mut_count/mut_count___cfg-94a759c/art
                    ifacts/072_P4P6_WT_nobc_0mMMgMRTpH9_conc3_rep2/072_P4P6_WT_n
                    obc_0mMMgMRTpH9_conc3_rep2_072_P4P6_WT_nobc_0mMMgMRTpH9_conc
                    3_rep2_profile.txt                                          
           INFO     Inserted probe_fmod_run for sample ID 1131 (Run ID: 22)     
           INFO     Inserted probe_fmod_run 22 for sample                       
                    072_P4P6_WT_nobc_0mMMgMRTpH9_conc3_rep2                     
           INFO     Bulk inserted 212 fmod_vals records.                        
           INFO     Inserted 212 probe_fmod_values records for                  
                    072_P4P6_WT_nobc_0mMMgMRTpH9_conc3_rep2 (modrate).          
           INFO     Bulk inserted 212 fmod_vals records.                        
           INFO     Inserted 212 probe_fmod_values records for                  
                    072_P4P6_WT_nobc_0mMMgMRTpH9_conc3_rep2 (GAmodrate).        
           INFO     Wrote per-read histogram for                                
                    072_P4P6_WT_nobc_0mMMgMRTpH9_conc3_rep2 (Modified) to       
                    examples/all_mutcounts/mut_count/mut_count___cfg-94a759c/art
                    ifacts/072_P4P6_WT_nobc_0mMMgMRTpH9_conc3_rep2/per_read_hist
                    ogram.txt                                                   
           INFO     Wrote per-read histogram for                                
                    072_P4P6_WT_nobc_0mMMgMRTpH9_conc3_rep2 (GA) to             
                    examples/all_mutcounts/mut_count/mut_count___cfg-94a759c/art
                    ifacts/072_P4P6_WT_nobc_0mMMgMRTpH9_conc3_rep2/per_read_hist
                    ogram.txtga                                                 
           INFO     mut_count completed. Profiles found for 4/4 samples;        
                    ingested 4 run(s).                                          
           INFO     Finished task ID 20 with state 'completed'                  
           INFO     Task 'mut_count' (ID: 20) completed successfully.           
           INFO     Updated 'latest' symlink for task 'mut_count' to point to   
                    /gpfs/projects/b1044/Computational_Output/EKC/EKC.01_SHAPE_s
                    tandardization/EKC.01.065.refactoring_data_analysis/nerd/exa
                    mples/all_mutcounts/mut_count/mut_count___cfg-94a759c       
