[14:24:43] INFO     Executing 'run' command for step: 'mut_count'               
[14:24:43] INFO     Database schema initialized successfully.                   
           INFO     Created run directory:                                      
                    examples/all_mutcounts/mut_count/mut_count___cfg-3f4c192    
           INFO     Executing task 'mut_count' in run directory:                
                    examples/all_mutcounts/mut_count/mut_count___cfg-3f4c192    
           INFO     Resolved reaction_group 25_4 to 7 sample(s).                
           INFO     Began task 'mut_count' (ID: 42) for rg:79                   
                    (cfg=3f4c1925f604ffaff0ec7728f721782b33cc060f45546f741be12b0
                    1f6d9b618)                                                  
           INFO     Starting command (backend=local) in                         
                    examples/all_mutcounts/mut_count/mut_count___cfg-3f4c192    
           INFO     Executing command locally. Log file:                        
                    examples/all_mutcounts/mut_count/mut_count___cfg-3f4c192/com
                    mand.log                                                    
[15:54:59] INFO     Command finished with exit code: 0                          
           INFO     Logged attempt #1 for task ID 42 (Attempt ID: 44)           
           INFO     Command completed successfully. Consuming outputs.          
           INFO     Found ShapeMapper profile for 025_fourU_WT_25c_a_1_p at     
                    examples/all_mutcounts/mut_count/mut_count___cfg-3f4c192/art
                    ifacts/025_fourU_WT_25c_a_1_p/025_fourU_WT_25c_a_1_p_025_fou
                    rU_WT_25c_a_1_p_profile.txt                                 
           INFO     Inserted probe_fmod_run for sample ID 708 (Run ID: 322)     
           INFO     Inserted probe_fmod_run 322 for sample                      
                    025_fourU_WT_25c_a_1_p                                      
           INFO     Bulk inserted 80 fmod_vals records.                         
           INFO     Inserted 80 probe_fmod_values records for                   
                    025_fourU_WT_25c_a_1_p (modrate).                           
           INFO     Bulk inserted 80 fmod_vals records.                         
           INFO     Inserted 80 probe_fmod_values records for                   
                    025_fourU_WT_25c_a_1_p (GAmodrate).                         
           INFO     Wrote per-read histogram for 025_fourU_WT_25c_a_1_p         
                    (Modified) to                                               
                    examples/all_mutcounts/mut_count/mut_count___cfg-3f4c192/art
                    ifacts/025_fourU_WT_25c_a_1_p/per_read_histogram.txt        
           INFO     Wrote per-read histogram for 025_fourU_WT_25c_a_1_p (GA) to 
                    examples/all_mutcounts/mut_count/mut_count___cfg-3f4c192/art
                    ifacts/025_fourU_WT_25c_a_1_p/per_read_histogram.txtga      
           INFO     Found ShapeMapper profile for 026_fourU_WT_25c_a_2_p at     
                    examples/all_mutcounts/mut_count/mut_count___cfg-3f4c192/art
                    ifacts/026_fourU_WT_25c_a_2_p/026_fourU_WT_25c_a_2_p_026_fou
                    rU_WT_25c_a_2_p_profile.txt                                 
           INFO     Inserted probe_fmod_run for sample ID 709 (Run ID: 323)     
           INFO     Inserted probe_fmod_run 323 for sample                      
                    026_fourU_WT_25c_a_2_p                                      
           INFO     Bulk inserted 80 fmod_vals records.                         
           INFO     Inserted 80 probe_fmod_values records for                   
                    026_fourU_WT_25c_a_2_p (modrate).                           
           INFO     Bulk inserted 80 fmod_vals records.                         
           INFO     Inserted 80 probe_fmod_values records for                   
                    026_fourU_WT_25c_a_2_p (GAmodrate).                         
           INFO     Wrote per-read histogram for 026_fourU_WT_25c_a_2_p         
                    (Modified) to                                               
                    examples/all_mutcounts/mut_count/mut_count___cfg-3f4c192/art
                    ifacts/026_fourU_WT_25c_a_2_p/per_read_histogram.txt        
           INFO     Wrote per-read histogram for 026_fourU_WT_25c_a_2_p (GA) to 
                    examples/all_mutcounts/mut_count/mut_count___cfg-3f4c192/art
                    ifacts/026_fourU_WT_25c_a_2_p/per_read_histogram.txtga      
           INFO     Found ShapeMapper profile for 027_fourU_WT_25c_a_3_p at     
                    examples/all_mutcounts/mut_count/mut_count___cfg-3f4c192/art
                    ifacts/027_fourU_WT_25c_a_3_p/027_fourU_WT_25c_a_3_p_027_fou
                    rU_WT_25c_a_3_p_profile.txt                                 
           INFO     Inserted probe_fmod_run for sample ID 710 (Run ID: 324)     
           INFO     Inserted probe_fmod_run 324 for sample                      
                    027_fourU_WT_25c_a_3_p                                      
           INFO     Bulk inserted 80 fmod_vals records.                         
           INFO     Inserted 80 probe_fmod_values records for                   
                    027_fourU_WT_25c_a_3_p (modrate).                           
           INFO     Bulk inserted 80 fmod_vals records.                         
           INFO     Inserted 80 probe_fmod_values records for                   
                    027_fourU_WT_25c_a_3_p (GAmodrate).                         
           INFO     Wrote per-read histogram for 027_fourU_WT_25c_a_3_p         
                    (Modified) to                                               
                    examples/all_mutcounts/mut_count/mut_count___cfg-3f4c192/art
                    ifacts/027_fourU_WT_25c_a_3_p/per_read_histogram.txt        
           INFO     Wrote per-read histogram for 027_fourU_WT_25c_a_3_p (GA) to 
                    examples/all_mutcounts/mut_count/mut_count___cfg-3f4c192/art
                    ifacts/027_fourU_WT_25c_a_3_p/per_read_histogram.txtga      
           INFO     Found ShapeMapper profile for 028_fourU_WT_25c_a_4_p at     
                    examples/all_mutcounts/mut_count/mut_count___cfg-3f4c192/art
                    ifacts/028_fourU_WT_25c_a_4_p/028_fourU_WT_25c_a_4_p_028_fou
                    rU_WT_25c_a_4_p_profile.txt                                 
           INFO     Inserted probe_fmod_run for sample ID 711 (Run ID: 325)     
           INFO     Inserted probe_fmod_run 325 for sample                      
                    028_fourU_WT_25c_a_4_p                                      
           INFO     Bulk inserted 80 fmod_vals records.                         
           INFO     Inserted 80 probe_fmod_values records for                   
                    028_fourU_WT_25c_a_4_p (modrate).                           
           INFO     Bulk inserted 80 fmod_vals records.                         
           INFO     Inserted 80 probe_fmod_values records for                   
                    028_fourU_WT_25c_a_4_p (GAmodrate).                         
           INFO     Wrote per-read histogram for 028_fourU_WT_25c_a_4_p         
                    (Modified) to                                               
                    examples/all_mutcounts/mut_count/mut_count___cfg-3f4c192/art
                    ifacts/028_fourU_WT_25c_a_4_p/per_read_histogram.txt        
           INFO     Wrote per-read histogram for 028_fourU_WT_25c_a_4_p (GA) to 
                    examples/all_mutcounts/mut_count/mut_count___cfg-3f4c192/art
                    ifacts/028_fourU_WT_25c_a_4_p/per_read_histogram.txtga      
           INFO     Found ShapeMapper profile for 029_fourU_WT_25c_a_5_p at     
                    examples/all_mutcounts/mut_count/mut_count___cfg-3f4c192/art
                    ifacts/029_fourU_WT_25c_a_5_p/029_fourU_WT_25c_a_5_p_029_fou
                    rU_WT_25c_a_5_p_profile.txt                                 
           INFO     Inserted probe_fmod_run for sample ID 712 (Run ID: 326)     
           INFO     Inserted probe_fmod_run 326 for sample                      
                    029_fourU_WT_25c_a_5_p                                      
           INFO     Bulk inserted 80 fmod_vals records.                         
           INFO     Inserted 80 probe_fmod_values records for                   
                    029_fourU_WT_25c_a_5_p (modrate).                           
           INFO     Bulk inserted 80 fmod_vals records.                         
           INFO     Inserted 80 probe_fmod_values records for                   
                    029_fourU_WT_25c_a_5_p (GAmodrate).                         
           INFO     Wrote per-read histogram for 029_fourU_WT_25c_a_5_p         
                    (Modified) to                                               
                    examples/all_mutcounts/mut_count/mut_count___cfg-3f4c192/art
                    ifacts/029_fourU_WT_25c_a_5_p/per_read_histogram.txt        
           INFO     Wrote per-read histogram for 029_fourU_WT_25c_a_5_p (GA) to 
                    examples/all_mutcounts/mut_count/mut_count___cfg-3f4c192/art
                    ifacts/029_fourU_WT_25c_a_5_p/per_read_histogram.txtga      
           INFO     Found ShapeMapper profile for 030_fourU_WT_25c_a_6_p at     
                    examples/all_mutcounts/mut_count/mut_count___cfg-3f4c192/art
                    ifacts/030_fourU_WT_25c_a_6_p/030_fourU_WT_25c_a_6_p_030_fou
                    rU_WT_25c_a_6_p_profile.txt                                 
           INFO     Inserted probe_fmod_run for sample ID 713 (Run ID: 327)     
           INFO     Inserted probe_fmod_run 327 for sample                      
                    030_fourU_WT_25c_a_6_p                                      
           INFO     Bulk inserted 80 fmod_vals records.                         
           INFO     Inserted 80 probe_fmod_values records for                   
                    030_fourU_WT_25c_a_6_p (modrate).                           
           INFO     Bulk inserted 80 fmod_vals records.                         
           INFO     Inserted 80 probe_fmod_values records for                   
                    030_fourU_WT_25c_a_6_p (GAmodrate).                         
           INFO     Wrote per-read histogram for 030_fourU_WT_25c_a_6_p         
                    (Modified) to                                               
                    examples/all_mutcounts/mut_count/mut_count___cfg-3f4c192/art
                    ifacts/030_fourU_WT_25c_a_6_p/per_read_histogram.txt        
           INFO     Wrote per-read histogram for 030_fourU_WT_25c_a_6_p (GA) to 
                    examples/all_mutcounts/mut_count/mut_count___cfg-3f4c192/art
                    ifacts/030_fourU_WT_25c_a_6_p/per_read_histogram.txtga      
           INFO     Found ShapeMapper profile for 074_fourU_WT25c_a_6_m at      
                    examples/all_mutcounts/mut_count/mut_count___cfg-3f4c192/art
                    ifacts/074_fourU_WT25c_a_6_m/074_fourU_WT25c_a_6_m_074_fourU
                    _WT25c_a_6_m_profile.txt                                    
           INFO     Inserted probe_fmod_run for sample ID 757 (Run ID: 328)     
           INFO     Inserted probe_fmod_run 328 for sample 074_fourU_WT25c_a_6_m
           INFO     Bulk inserted 80 fmod_vals records.                         
           INFO     Inserted 80 probe_fmod_values records for                   
                    074_fourU_WT25c_a_6_m (modrate).                            
           INFO     Bulk inserted 80 fmod_vals records.                         
           INFO     Inserted 80 probe_fmod_values records for                   
                    074_fourU_WT25c_a_6_m (GAmodrate).                          
           INFO     Wrote per-read histogram for 074_fourU_WT25c_a_6_m          
                    (Modified) to                                               
                    examples/all_mutcounts/mut_count/mut_count___cfg-3f4c192/art
                    ifacts/074_fourU_WT25c_a_6_m/per_read_histogram.txt         
           INFO     Wrote per-read histogram for 074_fourU_WT25c_a_6_m (GA) to  
                    examples/all_mutcounts/mut_count/mut_count___cfg-3f4c192/art
                    ifacts/074_fourU_WT25c_a_6_m/per_read_histogram.txtga       
           INFO     mut_count completed. Profiles found for 7/7 samples;        
                    ingested 7 run(s).                                          
           INFO     Finished task ID 42 with state 'completed'                  
           INFO     Task 'mut_count' (ID: 42) completed successfully.           
           INFO     Updated 'latest' symlink for task 'mut_count' to point to   
                    /gpfs/projects/b1044/Computational_Output/EKC/EKC.01_SHAPE_s
                    tandardization/EKC.01.065.refactoring_data_analysis/nerd/exa
                    mples/all_mutcounts/mut_count/mut_count___cfg-3f4c192       
