[16:18:47] INFO     Executing 'run' command for step: 'mut_count'               
[16:18:47] INFO     Database schema initialized successfully.                   
           INFO     Created run directory:                                      
                    examples/all_mutcounts/mut_count/mut_count___cfg-9a30d17    
           INFO     Executing task 'mut_count' in run directory:                
                    examples/all_mutcounts/mut_count/mut_count___cfg-9a30d17    
           INFO     Resolved reaction_group 45_4_A8C to 7 sample(s).            
           INFO     Began task 'mut_count' (ID: 71) for rg:70                   
                    (cfg=9a30d179b698ed240bcc0d4f08deb68b7b5b9097bb462ac2587ff25
                    34b5d44ef)                                                  
           INFO     Starting command (backend=local) in                         
                    examples/all_mutcounts/mut_count/mut_count___cfg-9a30d17    
           INFO     Executing command locally. Log file:                        
                    examples/all_mutcounts/mut_count/mut_count___cfg-9a30d17/com
                    mand.log                                                    
[17:44:21] INFO     Command finished with exit code: 0                          
           INFO     Logged attempt #1 for task ID 71 (Attempt ID: 89)           
           INFO     Command completed successfully. Consuming outputs.          
           INFO     Found ShapeMapper profile for 067_fourU_A8C_45c_b_1_p at    
                    examples/all_mutcounts/mut_count/mut_count___cfg-9a30d17/art
                    ifacts/067_fourU_A8C_45c_b_1_p/067_fourU_A8C_45c_b_1_p_067_f
                    ourU_A8C_45c_b_1_p_profile.txt                              
           INFO     Inserted probe_fmod_run for sample ID 654 (Run ID: 699)     
           INFO     Inserted probe_fmod_run 699 for sample                      
                    067_fourU_A8C_45c_b_1_p                                     
           INFO     Bulk inserted 80 fmod_vals records.                         
           INFO     Inserted 80 probe_fmod_values records for                   
                    067_fourU_A8C_45c_b_1_p (modrate).                          
           INFO     Bulk inserted 80 fmod_vals records.                         
           INFO     Inserted 80 probe_fmod_values records for                   
                    067_fourU_A8C_45c_b_1_p (GAmodrate).                        
           INFO     Wrote per-read histogram for 067_fourU_A8C_45c_b_1_p        
                    (Modified) to                                               
                    examples/all_mutcounts/mut_count/mut_count___cfg-9a30d17/art
                    ifacts/067_fourU_A8C_45c_b_1_p/per_read_histogram.txt       
           INFO     Wrote per-read histogram for 067_fourU_A8C_45c_b_1_p (GA) to
                    examples/all_mutcounts/mut_count/mut_count___cfg-9a30d17/art
                    ifacts/067_fourU_A8C_45c_b_1_p/per_read_histogram.txtga     
           INFO     Found ShapeMapper profile for 068_fourU_A8C_45c_b_2_p at    
                    examples/all_mutcounts/mut_count/mut_count___cfg-9a30d17/art
                    ifacts/068_fourU_A8C_45c_b_2_p/068_fourU_A8C_45c_b_2_p_068_f
                    ourU_A8C_45c_b_2_p_profile.txt                              
           INFO     Inserted probe_fmod_run for sample ID 655 (Run ID: 700)     
           INFO     Inserted probe_fmod_run 700 for sample                      
                    068_fourU_A8C_45c_b_2_p                                     
           INFO     Bulk inserted 80 fmod_vals records.                         
           INFO     Inserted 80 probe_fmod_values records for                   
                    068_fourU_A8C_45c_b_2_p (modrate).                          
           INFO     Bulk inserted 80 fmod_vals records.                         
           INFO     Inserted 80 probe_fmod_values records for                   
                    068_fourU_A8C_45c_b_2_p (GAmodrate).                        
           INFO     Wrote per-read histogram for 068_fourU_A8C_45c_b_2_p        
                    (Modified) to                                               
                    examples/all_mutcounts/mut_count/mut_count___cfg-9a30d17/art
                    ifacts/068_fourU_A8C_45c_b_2_p/per_read_histogram.txt       
           INFO     Wrote per-read histogram for 068_fourU_A8C_45c_b_2_p (GA) to
                    examples/all_mutcounts/mut_count/mut_count___cfg-9a30d17/art
                    ifacts/068_fourU_A8C_45c_b_2_p/per_read_histogram.txtga     
           INFO     Found ShapeMapper profile for 069_fourU_A8C_45c_b_3_p at    
                    examples/all_mutcounts/mut_count/mut_count___cfg-9a30d17/art
                    ifacts/069_fourU_A8C_45c_b_3_p/069_fourU_A8C_45c_b_3_p_069_f
                    ourU_A8C_45c_b_3_p_profile.txt                              
           INFO     Inserted probe_fmod_run for sample ID 656 (Run ID: 701)     
           INFO     Inserted probe_fmod_run 701 for sample                      
                    069_fourU_A8C_45c_b_3_p                                     
           INFO     Bulk inserted 80 fmod_vals records.                         
           INFO     Inserted 80 probe_fmod_values records for                   
                    069_fourU_A8C_45c_b_3_p (modrate).                          
           INFO     Bulk inserted 80 fmod_vals records.                         
           INFO     Inserted 80 probe_fmod_values records for                   
                    069_fourU_A8C_45c_b_3_p (GAmodrate).                        
           INFO     Wrote per-read histogram for 069_fourU_A8C_45c_b_3_p        
                    (Modified) to                                               
                    examples/all_mutcounts/mut_count/mut_count___cfg-9a30d17/art
                    ifacts/069_fourU_A8C_45c_b_3_p/per_read_histogram.txt       
           INFO     Wrote per-read histogram for 069_fourU_A8C_45c_b_3_p (GA) to
                    examples/all_mutcounts/mut_count/mut_count___cfg-9a30d17/art
                    ifacts/069_fourU_A8C_45c_b_3_p/per_read_histogram.txtga     
           INFO     Found ShapeMapper profile for 070_fourU_A8C_45c_b_4_p at    
                    examples/all_mutcounts/mut_count/mut_count___cfg-9a30d17/art
                    ifacts/070_fourU_A8C_45c_b_4_p/070_fourU_A8C_45c_b_4_p_070_f
                    ourU_A8C_45c_b_4_p_profile.txt                              
           INFO     Inserted probe_fmod_run for sample ID 657 (Run ID: 702)     
           INFO     Inserted probe_fmod_run 702 for sample                      
                    070_fourU_A8C_45c_b_4_p                                     
           INFO     Bulk inserted 80 fmod_vals records.                         
           INFO     Inserted 80 probe_fmod_values records for                   
                    070_fourU_A8C_45c_b_4_p (modrate).                          
           INFO     Bulk inserted 80 fmod_vals records.                         
[17:44:22] INFO     Inserted 80 probe_fmod_values records for                   
                    070_fourU_A8C_45c_b_4_p (GAmodrate).                        
           INFO     Wrote per-read histogram for 070_fourU_A8C_45c_b_4_p        
                    (Modified) to                                               
                    examples/all_mutcounts/mut_count/mut_count___cfg-9a30d17/art
                    ifacts/070_fourU_A8C_45c_b_4_p/per_read_histogram.txt       
           INFO     Wrote per-read histogram for 070_fourU_A8C_45c_b_4_p (GA) to
                    examples/all_mutcounts/mut_count/mut_count___cfg-9a30d17/art
                    ifacts/070_fourU_A8C_45c_b_4_p/per_read_histogram.txtga     
           INFO     Found ShapeMapper profile for 071_fourU_A8C_45c_b_5_p at    
                    examples/all_mutcounts/mut_count/mut_count___cfg-9a30d17/art
                    ifacts/071_fourU_A8C_45c_b_5_p/071_fourU_A8C_45c_b_5_p_071_f
                    ourU_A8C_45c_b_5_p_profile.txt                              
           INFO     Inserted probe_fmod_run for sample ID 658 (Run ID: 703)     
           INFO     Inserted probe_fmod_run 703 for sample                      
                    071_fourU_A8C_45c_b_5_p                                     
           INFO     Bulk inserted 80 fmod_vals records.                         
           INFO     Inserted 80 probe_fmod_values records for                   
                    071_fourU_A8C_45c_b_5_p (modrate).                          
           INFO     Bulk inserted 80 fmod_vals records.                         
           INFO     Inserted 80 probe_fmod_values records for                   
                    071_fourU_A8C_45c_b_5_p (GAmodrate).                        
           INFO     Wrote per-read histogram for 071_fourU_A8C_45c_b_5_p        
                    (Modified) to                                               
                    examples/all_mutcounts/mut_count/mut_count___cfg-9a30d17/art
                    ifacts/071_fourU_A8C_45c_b_5_p/per_read_histogram.txt       
           INFO     Wrote per-read histogram for 071_fourU_A8C_45c_b_5_p (GA) to
                    examples/all_mutcounts/mut_count/mut_count___cfg-9a30d17/art
                    ifacts/071_fourU_A8C_45c_b_5_p/per_read_histogram.txtga     
           INFO     Found ShapeMapper profile for 072_fourU_A8C_45c_b_6_p at    
                    examples/all_mutcounts/mut_count/mut_count___cfg-9a30d17/art
                    ifacts/072_fourU_A8C_45c_b_6_p/072_fourU_A8C_45c_b_6_p_072_f
                    ourU_A8C_45c_b_6_p_profile.txt                              
           INFO     Inserted probe_fmod_run for sample ID 659 (Run ID: 704)     
           INFO     Inserted probe_fmod_run 704 for sample                      
                    072_fourU_A8C_45c_b_6_p                                     
           INFO     Bulk inserted 80 fmod_vals records.                         
           INFO     Inserted 80 probe_fmod_values records for                   
                    072_fourU_A8C_45c_b_6_p (modrate).                          
           INFO     Bulk inserted 80 fmod_vals records.                         
           INFO     Inserted 80 probe_fmod_values records for                   
                    072_fourU_A8C_45c_b_6_p (GAmodrate).                        
           INFO     Wrote per-read histogram for 072_fourU_A8C_45c_b_6_p        
                    (Modified) to                                               
                    examples/all_mutcounts/mut_count/mut_count___cfg-9a30d17/art
                    ifacts/072_fourU_A8C_45c_b_6_p/per_read_histogram.txt       
           INFO     Wrote per-read histogram for 072_fourU_A8C_45c_b_6_p (GA) to
                    examples/all_mutcounts/mut_count/mut_count___cfg-9a30d17/art
                    ifacts/072_fourU_A8C_45c_b_6_p/per_read_histogram.txtga     
           INFO     Found ShapeMapper profile for 081_fourU_A8C45c_b_6_m at     
                    examples/all_mutcounts/mut_count/mut_count___cfg-9a30d17/art
                    ifacts/081_fourU_A8C45c_b_6_m/081_fourU_A8C45c_b_6_m_081_fou
                    rU_A8C45c_b_6_m_profile.txt                                 
           INFO     Inserted probe_fmod_run for sample ID 764 (Run ID: 705)     
           INFO     Inserted probe_fmod_run 705 for sample                      
                    081_fourU_A8C45c_b_6_m                                      
           INFO     Bulk inserted 80 fmod_vals records.                         
           INFO     Inserted 80 probe_fmod_values records for                   
                    081_fourU_A8C45c_b_6_m (modrate).                           
           INFO     Bulk inserted 80 fmod_vals records.                         
           INFO     Inserted 80 probe_fmod_values records for                   
                    081_fourU_A8C45c_b_6_m (GAmodrate).                         
           INFO     Wrote per-read histogram for 081_fourU_A8C45c_b_6_m         
                    (Modified) to                                               
                    examples/all_mutcounts/mut_count/mut_count___cfg-9a30d17/art
                    ifacts/081_fourU_A8C45c_b_6_m/per_read_histogram.txt        
           INFO     Wrote per-read histogram for 081_fourU_A8C45c_b_6_m (GA) to 
                    examples/all_mutcounts/mut_count/mut_count___cfg-9a30d17/art
                    ifacts/081_fourU_A8C45c_b_6_m/per_read_histogram.txtga      
           INFO     mut_count completed. Profiles found for 7/7 samples;        
                    ingested 7 run(s).                                          
           INFO     Finished task ID 71 with state 'completed'                  
           INFO     Task 'mut_count' (ID: 71) completed successfully.           
           INFO     Updated 'latest' symlink for task 'mut_count' to point to   
                    /gpfs/projects/b1044/Computational_Output/EKC/EKC.01_SHAPE_s
                    tandardization/EKC.01.065.refactoring_data_analysis/nerd/exa
                    mples/all_mutcounts/mut_count/mut_count___cfg-9a30d17       
