[15:41:00] INFO     Executing 'run' command for step: 'mut_count'               
[15:41:00] INFO     Database schema initialized successfully.                   
           INFO     Created run directory:                                      
                    examples/all_mutcounts/mut_count/mut_count___cfg-e438268    
           INFO     Executing task 'mut_count' in run directory:                
                    examples/all_mutcounts/mut_count/mut_count___cfg-e438268    
           INFO     Resolved reaction_group 37_3_A8C to 7 sample(s).            
           INFO     Began task 'mut_count' (ID: 57) for rg:39                   
                    (cfg=e43826842e4b77906bdff3666f38d15a5e6f8113496a9777f4f223f
                    245116384)                                                  
           INFO     Starting command (backend=local) in                         
                    examples/all_mutcounts/mut_count/mut_count___cfg-e438268    
           INFO     Executing command locally. Log file:                        
                    examples/all_mutcounts/mut_count/mut_count___cfg-e438268/com
                    mand.log                                                    
[15:45:00] INFO     Command finished with exit code: 0                          
           INFO     Logged attempt #1 for task ID 57 (Attempt ID: 39)           
           INFO     Command completed successfully. Consuming outputs.          
           INFO     Found ShapeMapper profile for 067-EKC-A8C-37c-b-1-p at      
                    examples/all_mutcounts/mut_count/mut_count___cfg-e438268/art
                    ifacts/067-EKC-A8C-37c-b-1-p/067-EKC-A8C-37c-b-1-p_067-EKC-A
                    8C-37c-b-1-p_profile.txt                                    
           INFO     Inserted probe_fmod_run for sample ID 462 (Run ID: 286)     
           INFO     Inserted probe_fmod_run 286 for sample 067-EKC-A8C-37c-b-1-p
           INFO     Bulk inserted 80 fmod_vals records.                         
           INFO     Inserted 80 probe_fmod_values records for                   
                    067-EKC-A8C-37c-b-1-p (modrate).                            
           INFO     Bulk inserted 80 fmod_vals records.                         
           INFO     Inserted 80 probe_fmod_values records for                   
                    067-EKC-A8C-37c-b-1-p (GAmodrate).                          
           INFO     Wrote per-read histogram for 067-EKC-A8C-37c-b-1-p          
                    (Modified) to                                               
                    examples/all_mutcounts/mut_count/mut_count___cfg-e438268/art
                    ifacts/067-EKC-A8C-37c-b-1-p/per_read_histogram.txt         
           INFO     Wrote per-read histogram for 067-EKC-A8C-37c-b-1-p (GA) to  
                    examples/all_mutcounts/mut_count/mut_count___cfg-e438268/art
                    ifacts/067-EKC-A8C-37c-b-1-p/per_read_histogram.txtga       
           INFO     Found ShapeMapper profile for 068-EKC-A8C-37c-b-2-p at      
                    examples/all_mutcounts/mut_count/mut_count___cfg-e438268/art
                    ifacts/068-EKC-A8C-37c-b-2-p/068-EKC-A8C-37c-b-2-p_068-EKC-A
                    8C-37c-b-2-p_profile.txt                                    
           INFO     Inserted probe_fmod_run for sample ID 463 (Run ID: 287)     
           INFO     Inserted probe_fmod_run 287 for sample 068-EKC-A8C-37c-b-2-p
           INFO     Bulk inserted 80 fmod_vals records.                         
           INFO     Inserted 80 probe_fmod_values records for                   
                    068-EKC-A8C-37c-b-2-p (modrate).                            
           INFO     Bulk inserted 80 fmod_vals records.                         
           INFO     Inserted 80 probe_fmod_values records for                   
                    068-EKC-A8C-37c-b-2-p (GAmodrate).                          
           INFO     Wrote per-read histogram for 068-EKC-A8C-37c-b-2-p          
                    (Modified) to                                               
                    examples/all_mutcounts/mut_count/mut_count___cfg-e438268/art
                    ifacts/068-EKC-A8C-37c-b-2-p/per_read_histogram.txt         
           INFO     Wrote per-read histogram for 068-EKC-A8C-37c-b-2-p (GA) to  
                    examples/all_mutcounts/mut_count/mut_count___cfg-e438268/art
                    ifacts/068-EKC-A8C-37c-b-2-p/per_read_histogram.txtga       
           INFO     Found ShapeMapper profile for 069-EKC-A8C-37c-b-3-p at      
                    examples/all_mutcounts/mut_count/mut_count___cfg-e438268/art
                    ifacts/069-EKC-A8C-37c-b-3-p/069-EKC-A8C-37c-b-3-p_069-EKC-A
                    8C-37c-b-3-p_profile.txt                                    
           INFO     Inserted probe_fmod_run for sample ID 464 (Run ID: 288)     
           INFO     Inserted probe_fmod_run 288 for sample 069-EKC-A8C-37c-b-3-p
           INFO     Bulk inserted 80 fmod_vals records.                         
           INFO     Inserted 80 probe_fmod_values records for                   
                    069-EKC-A8C-37c-b-3-p (modrate).                            
           INFO     Bulk inserted 80 fmod_vals records.                         
           INFO     Inserted 80 probe_fmod_values records for                   
                    069-EKC-A8C-37c-b-3-p (GAmodrate).                          
           INFO     Wrote per-read histogram for 069-EKC-A8C-37c-b-3-p          
                    (Modified) to                                               
                    examples/all_mutcounts/mut_count/mut_count___cfg-e438268/art
                    ifacts/069-EKC-A8C-37c-b-3-p/per_read_histogram.txt         
           INFO     Wrote per-read histogram for 069-EKC-A8C-37c-b-3-p (GA) to  
                    examples/all_mutcounts/mut_count/mut_count___cfg-e438268/art
                    ifacts/069-EKC-A8C-37c-b-3-p/per_read_histogram.txtga       
           INFO     Found ShapeMapper profile for 070-EKC-A8C-37c-b-4-p at      
                    examples/all_mutcounts/mut_count/mut_count___cfg-e438268/art
                    ifacts/070-EKC-A8C-37c-b-4-p/070-EKC-A8C-37c-b-4-p_070-EKC-A
                    8C-37c-b-4-p_profile.txt                                    
           INFO     Inserted probe_fmod_run for sample ID 465 (Run ID: 289)     
           INFO     Inserted probe_fmod_run 289 for sample 070-EKC-A8C-37c-b-4-p
           INFO     Bulk inserted 80 fmod_vals records.                         
           INFO     Inserted 80 probe_fmod_values records for                   
                    070-EKC-A8C-37c-b-4-p (modrate).                            
           INFO     Bulk inserted 80 fmod_vals records.                         
           INFO     Inserted 80 probe_fmod_values records for                   
                    070-EKC-A8C-37c-b-4-p (GAmodrate).                          
           INFO     Wrote per-read histogram for 070-EKC-A8C-37c-b-4-p          
                    (Modified) to                                               
                    examples/all_mutcounts/mut_count/mut_count___cfg-e438268/art
                    ifacts/070-EKC-A8C-37c-b-4-p/per_read_histogram.txt         
           INFO     Wrote per-read histogram for 070-EKC-A8C-37c-b-4-p (GA) to  
                    examples/all_mutcounts/mut_count/mut_count___cfg-e438268/art
                    ifacts/070-EKC-A8C-37c-b-4-p/per_read_histogram.txtga       
           INFO     Found ShapeMapper profile for 071-EKC-A8C-37c-b-5-p at      
                    examples/all_mutcounts/mut_count/mut_count___cfg-e438268/art
                    ifacts/071-EKC-A8C-37c-b-5-p/071-EKC-A8C-37c-b-5-p_071-EKC-A
                    8C-37c-b-5-p_profile.txt                                    
           INFO     Inserted probe_fmod_run for sample ID 466 (Run ID: 290)     
           INFO     Inserted probe_fmod_run 290 for sample 071-EKC-A8C-37c-b-5-p
           INFO     Bulk inserted 80 fmod_vals records.                         
           INFO     Inserted 80 probe_fmod_values records for                   
                    071-EKC-A8C-37c-b-5-p (modrate).                            
           INFO     Bulk inserted 80 fmod_vals records.                         
           INFO     Inserted 80 probe_fmod_values records for                   
                    071-EKC-A8C-37c-b-5-p (GAmodrate).                          
           INFO     Wrote per-read histogram for 071-EKC-A8C-37c-b-5-p          
                    (Modified) to                                               
                    examples/all_mutcounts/mut_count/mut_count___cfg-e438268/art
                    ifacts/071-EKC-A8C-37c-b-5-p/per_read_histogram.txt         
           INFO     Wrote per-read histogram for 071-EKC-A8C-37c-b-5-p (GA) to  
                    examples/all_mutcounts/mut_count/mut_count___cfg-e438268/art
                    ifacts/071-EKC-A8C-37c-b-5-p/per_read_histogram.txtga       
           INFO     Found ShapeMapper profile for 072-EKC-A8C-37c-b-6-p at      
                    examples/all_mutcounts/mut_count/mut_count___cfg-e438268/art
                    ifacts/072-EKC-A8C-37c-b-6-p/072-EKC-A8C-37c-b-6-p_072-EKC-A
                    8C-37c-b-6-p_profile.txt                                    
           INFO     Inserted probe_fmod_run for sample ID 467 (Run ID: 291)     
           INFO     Inserted probe_fmod_run 291 for sample 072-EKC-A8C-37c-b-6-p
           INFO     Bulk inserted 80 fmod_vals records.                         
           INFO     Inserted 80 probe_fmod_values records for                   
                    072-EKC-A8C-37c-b-6-p (modrate).                            
           INFO     Bulk inserted 80 fmod_vals records.                         
           INFO     Inserted 80 probe_fmod_values records for                   
                    072-EKC-A8C-37c-b-6-p (GAmodrate).                          
           INFO     Wrote per-read histogram for 072-EKC-A8C-37c-b-6-p          
                    (Modified) to                                               
                    examples/all_mutcounts/mut_count/mut_count___cfg-e438268/art
                    ifacts/072-EKC-A8C-37c-b-6-p/per_read_histogram.txt         
           INFO     Wrote per-read histogram for 072-EKC-A8C-37c-b-6-p (GA) to  
                    examples/all_mutcounts/mut_count/mut_count___cfg-e438268/art
                    ifacts/072-EKC-A8C-37c-b-6-p/per_read_histogram.txtga       
           INFO     Found ShapeMapper profile for 092-EKC-A8C-37c-b-6-m at      
                    examples/all_mutcounts/mut_count/mut_count___cfg-e438268/art
                    ifacts/092-EKC-A8C-37c-b-6-m/092-EKC-A8C-37c-b-6-m_092-EKC-A
                    8C-37c-b-6-m_profile.txt                                    
           INFO     Inserted probe_fmod_run for sample ID 487 (Run ID: 292)     
           INFO     Inserted probe_fmod_run 292 for sample 092-EKC-A8C-37c-b-6-m
           INFO     Bulk inserted 80 fmod_vals records.                         
           INFO     Inserted 80 probe_fmod_values records for                   
                    092-EKC-A8C-37c-b-6-m (modrate).                            
           INFO     Bulk inserted 80 fmod_vals records.                         
           INFO     Inserted 80 probe_fmod_values records for                   
                    092-EKC-A8C-37c-b-6-m (GAmodrate).                          
           INFO     Wrote per-read histogram for 092-EKC-A8C-37c-b-6-m          
                    (Modified) to                                               
                    examples/all_mutcounts/mut_count/mut_count___cfg-e438268/art
                    ifacts/092-EKC-A8C-37c-b-6-m/per_read_histogram.txt         
           INFO     Wrote per-read histogram for 092-EKC-A8C-37c-b-6-m (GA) to  
                    examples/all_mutcounts/mut_count/mut_count___cfg-e438268/art
                    ifacts/092-EKC-A8C-37c-b-6-m/per_read_histogram.txtga       
           INFO     mut_count completed. Profiles found for 7/7 samples;        
                    ingested 7 run(s).                                          
           INFO     Finished task ID 57 with state 'completed'                  
           INFO     Task 'mut_count' (ID: 57) completed successfully.           
           INFO     Updated 'latest' symlink for task 'mut_count' to point to   
                    /gpfs/projects/b1044/Computational_Output/EKC/EKC.01_SHAPE_s
                    tandardization/EKC.01.065.refactoring_data_analysis/nerd/exa
                    mples/all_mutcounts/mut_count/mut_count___cfg-e438268       
