[17:35:08] INFO     Executing 'run' command for step: 'mut_count'               
[17:35:08] INFO     Database schema initialized successfully.                   
           INFO     Created run directory:                                      
                    examples/all_mutcounts/mut_count/mut_count___cfg-41ba348    
           INFO     Executing task 'mut_count' in run directory:                
                    examples/all_mutcounts/mut_count/mut_count___cfg-41ba348    
           INFO     Resolved reaction_group 70_2 to 7 sample(s).                
           INFO     Began task 'mut_count' (ID: 94) for rg:18                   
                    (cfg=41ba34876fd6efd0cbd82612eb9a08bedc0781a667993b5ba5d55e0
                    e7456cccd)                                                  
           INFO     Starting command (backend=local) in                         
                    examples/all_mutcounts/mut_count/mut_count___cfg-41ba348    
           INFO     Executing command locally. Log file:                        
                    examples/all_mutcounts/mut_count/mut_count___cfg-41ba348/com
                    mand.log                                                    
[17:39:11] INFO     Command finished with exit code: 0                          
           INFO     Logged attempt #1 for task ID 94 (Attempt ID: 82)           
           INFO     Command completed successfully. Consuming outputs.          
           INFO     Found ShapeMapper profile for 013-EKC-WT-70c-b-1-p at       
                    examples/all_mutcounts/mut_count/mut_count___cfg-41ba348/art
                    ifacts/013-EKC-WT-70c-b-1-p/013-EKC-WT-70c-b-1-p_013-EKC-WT-
                    70c-b-1-p_profile.txt                                       
           INFO     Inserted probe_fmod_run for sample ID 318 (Run ID: 650)     
           INFO     Inserted probe_fmod_run 650 for sample 013-EKC-WT-70c-b-1-p 
           INFO     Bulk inserted 80 fmod_vals records.                         
           INFO     Inserted 80 probe_fmod_values records for                   
                    013-EKC-WT-70c-b-1-p (modrate).                             
           INFO     Bulk inserted 80 fmod_vals records.                         
           INFO     Inserted 80 probe_fmod_values records for                   
                    013-EKC-WT-70c-b-1-p (GAmodrate).                           
           INFO     Wrote per-read histogram for 013-EKC-WT-70c-b-1-p (Modified)
                    to                                                          
                    examples/all_mutcounts/mut_count/mut_count___cfg-41ba348/art
                    ifacts/013-EKC-WT-70c-b-1-p/per_read_histogram.txt          
           INFO     Wrote per-read histogram for 013-EKC-WT-70c-b-1-p (GA) to   
                    examples/all_mutcounts/mut_count/mut_count___cfg-41ba348/art
                    ifacts/013-EKC-WT-70c-b-1-p/per_read_histogram.txtga        
           INFO     Found ShapeMapper profile for 014-EKC-WT-70c-b-2-p at       
                    examples/all_mutcounts/mut_count/mut_count___cfg-41ba348/art
                    ifacts/014-EKC-WT-70c-b-2-p/014-EKC-WT-70c-b-2-p_014-EKC-WT-
                    70c-b-2-p_profile.txt                                       
           INFO     Inserted probe_fmod_run for sample ID 319 (Run ID: 651)     
           INFO     Inserted probe_fmod_run 651 for sample 014-EKC-WT-70c-b-2-p 
           INFO     Bulk inserted 80 fmod_vals records.                         
           INFO     Inserted 80 probe_fmod_values records for                   
                    014-EKC-WT-70c-b-2-p (modrate).                             
           INFO     Bulk inserted 80 fmod_vals records.                         
           INFO     Inserted 80 probe_fmod_values records for                   
                    014-EKC-WT-70c-b-2-p (GAmodrate).                           
           INFO     Wrote per-read histogram for 014-EKC-WT-70c-b-2-p (Modified)
                    to                                                          
                    examples/all_mutcounts/mut_count/mut_count___cfg-41ba348/art
                    ifacts/014-EKC-WT-70c-b-2-p/per_read_histogram.txt          
           INFO     Wrote per-read histogram for 014-EKC-WT-70c-b-2-p (GA) to   
                    examples/all_mutcounts/mut_count/mut_count___cfg-41ba348/art
                    ifacts/014-EKC-WT-70c-b-2-p/per_read_histogram.txtga        
           INFO     Found ShapeMapper profile for 015-EKC-WT-70c-b-3-p at       
                    examples/all_mutcounts/mut_count/mut_count___cfg-41ba348/art
                    ifacts/015-EKC-WT-70c-b-3-p/015-EKC-WT-70c-b-3-p_015-EKC-WT-
                    70c-b-3-p_profile.txt                                       
           INFO     Inserted probe_fmod_run for sample ID 320 (Run ID: 652)     
           INFO     Inserted probe_fmod_run 652 for sample 015-EKC-WT-70c-b-3-p 
           INFO     Bulk inserted 80 fmod_vals records.                         
           INFO     Inserted 80 probe_fmod_values records for                   
                    015-EKC-WT-70c-b-3-p (modrate).                             
           INFO     Bulk inserted 80 fmod_vals records.                         
           INFO     Inserted 80 probe_fmod_values records for                   
                    015-EKC-WT-70c-b-3-p (GAmodrate).                           
           INFO     Wrote per-read histogram for 015-EKC-WT-70c-b-3-p (Modified)
                    to                                                          
                    examples/all_mutcounts/mut_count/mut_count___cfg-41ba348/art
                    ifacts/015-EKC-WT-70c-b-3-p/per_read_histogram.txt          
           INFO     Wrote per-read histogram for 015-EKC-WT-70c-b-3-p (GA) to   
                    examples/all_mutcounts/mut_count/mut_count___cfg-41ba348/art
                    ifacts/015-EKC-WT-70c-b-3-p/per_read_histogram.txtga        
           INFO     Found ShapeMapper profile for 016-EKC-WT-70c-b-4-p at       
                    examples/all_mutcounts/mut_count/mut_count___cfg-41ba348/art
                    ifacts/016-EKC-WT-70c-b-4-p/016-EKC-WT-70c-b-4-p_016-EKC-WT-
                    70c-b-4-p_profile.txt                                       
           INFO     Inserted probe_fmod_run for sample ID 321 (Run ID: 653)     
           INFO     Inserted probe_fmod_run 653 for sample 016-EKC-WT-70c-b-4-p 
           INFO     Bulk inserted 80 fmod_vals records.                         
           INFO     Inserted 80 probe_fmod_values records for                   
                    016-EKC-WT-70c-b-4-p (modrate).                             
           INFO     Bulk inserted 80 fmod_vals records.                         
           INFO     Inserted 80 probe_fmod_values records for                   
                    016-EKC-WT-70c-b-4-p (GAmodrate).                           
           INFO     Wrote per-read histogram for 016-EKC-WT-70c-b-4-p (Modified)
                    to                                                          
                    examples/all_mutcounts/mut_count/mut_count___cfg-41ba348/art
                    ifacts/016-EKC-WT-70c-b-4-p/per_read_histogram.txt          
           INFO     Wrote per-read histogram for 016-EKC-WT-70c-b-4-p (GA) to   
                    examples/all_mutcounts/mut_count/mut_count___cfg-41ba348/art
                    ifacts/016-EKC-WT-70c-b-4-p/per_read_histogram.txtga        
           INFO     Found ShapeMapper profile for 017-EKC-WT-70c-b-5-p at       
                    examples/all_mutcounts/mut_count/mut_count___cfg-41ba348/art
                    ifacts/017-EKC-WT-70c-b-5-p/017-EKC-WT-70c-b-5-p_017-EKC-WT-
                    70c-b-5-p_profile.txt                                       
           INFO     Inserted probe_fmod_run for sample ID 322 (Run ID: 654)     
           INFO     Inserted probe_fmod_run 654 for sample 017-EKC-WT-70c-b-5-p 
           INFO     Bulk inserted 80 fmod_vals records.                         
           INFO     Inserted 80 probe_fmod_values records for                   
                    017-EKC-WT-70c-b-5-p (modrate).                             
[17:39:12] INFO     Bulk inserted 80 fmod_vals records.                         
           INFO     Inserted 80 probe_fmod_values records for                   
                    017-EKC-WT-70c-b-5-p (GAmodrate).                           
           INFO     Wrote per-read histogram for 017-EKC-WT-70c-b-5-p (Modified)
                    to                                                          
                    examples/all_mutcounts/mut_count/mut_count___cfg-41ba348/art
                    ifacts/017-EKC-WT-70c-b-5-p/per_read_histogram.txt          
           INFO     Wrote per-read histogram for 017-EKC-WT-70c-b-5-p (GA) to   
                    examples/all_mutcounts/mut_count/mut_count___cfg-41ba348/art
                    ifacts/017-EKC-WT-70c-b-5-p/per_read_histogram.txtga        
           INFO     Found ShapeMapper profile for 018-EKC-WT-70c-b-6-p at       
                    examples/all_mutcounts/mut_count/mut_count___cfg-41ba348/art
                    ifacts/018-EKC-WT-70c-b-6-p/018-EKC-WT-70c-b-6-p_018-EKC-WT-
                    70c-b-6-p_profile.txt                                       
           INFO     Inserted probe_fmod_run for sample ID 323 (Run ID: 655)     
           INFO     Inserted probe_fmod_run 655 for sample 018-EKC-WT-70c-b-6-p 
           INFO     Bulk inserted 80 fmod_vals records.                         
           INFO     Inserted 80 probe_fmod_values records for                   
                    018-EKC-WT-70c-b-6-p (modrate).                             
           INFO     Bulk inserted 80 fmod_vals records.                         
           INFO     Inserted 80 probe_fmod_values records for                   
                    018-EKC-WT-70c-b-6-p (GAmodrate).                           
           INFO     Wrote per-read histogram for 018-EKC-WT-70c-b-6-p (Modified)
                    to                                                          
                    examples/all_mutcounts/mut_count/mut_count___cfg-41ba348/art
                    ifacts/018-EKC-WT-70c-b-6-p/per_read_histogram.txt          
           INFO     Wrote per-read histogram for 018-EKC-WT-70c-b-6-p (GA) to   
                    examples/all_mutcounts/mut_count/mut_count___cfg-41ba348/art
                    ifacts/018-EKC-WT-70c-b-6-p/per_read_histogram.txtga        
           INFO     Found ShapeMapper profile for 040-EKC-WT-70c-b-6-m at       
                    examples/all_mutcounts/mut_count/mut_count___cfg-41ba348/art
                    ifacts/040-EKC-WT-70c-b-6-m/040-EKC-WT-70c-b-6-m_040-EKC-WT-
                    70c-b-6-m_profile.txt                                       
           INFO     Inserted probe_fmod_run for sample ID 345 (Run ID: 656)     
           INFO     Inserted probe_fmod_run 656 for sample 040-EKC-WT-70c-b-6-m 
           INFO     Bulk inserted 80 fmod_vals records.                         
           INFO     Inserted 80 probe_fmod_values records for                   
                    040-EKC-WT-70c-b-6-m (modrate).                             
           INFO     Bulk inserted 80 fmod_vals records.                         
           INFO     Inserted 80 probe_fmod_values records for                   
                    040-EKC-WT-70c-b-6-m (GAmodrate).                           
           INFO     Wrote per-read histogram for 040-EKC-WT-70c-b-6-m (Modified)
                    to                                                          
                    examples/all_mutcounts/mut_count/mut_count___cfg-41ba348/art
                    ifacts/040-EKC-WT-70c-b-6-m/per_read_histogram.txt          
           INFO     Wrote per-read histogram for 040-EKC-WT-70c-b-6-m (GA) to   
                    examples/all_mutcounts/mut_count/mut_count___cfg-41ba348/art
                    ifacts/040-EKC-WT-70c-b-6-m/per_read_histogram.txtga        
           INFO     mut_count completed. Profiles found for 7/7 samples;        
                    ingested 7 run(s).                                          
           INFO     Finished task ID 94 with state 'completed'                  
           INFO     Task 'mut_count' (ID: 94) completed successfully.           
           INFO     Updated 'latest' symlink for task 'mut_count' to point to   
                    /gpfs/projects/b1044/Computational_Output/EKC/EKC.01_SHAPE_s
                    tandardization/EKC.01.065.refactoring_data_analysis/nerd/exa
                    mples/all_mutcounts/mut_count/mut_count___cfg-41ba348       
