[17:52:03] INFO     Executing 'run' command for step: 'mut_count'               
[17:52:03] INFO     Database schema initialized successfully.                   
           INFO     Created run directory:                                      
                    examples/all_mutcounts/mut_count/mut_count___cfg-07e37e1    
           INFO     Executing task 'mut_count' in run directory:                
                    examples/all_mutcounts/mut_count/mut_count___cfg-07e37e1    
           INFO     Resolved reaction_group 75_4 to 7 sample(s).                
           INFO     Began task 'mut_count' (ID: 118) for rg:48                  
                    (cfg=07e37e19c44c5c9c881465718d940c80f9b4e1a95f3d6d4c2cd026a
                    9d4f6e0a8)                                                  
           INFO     Starting command (backend=local) in                         
                    examples/all_mutcounts/mut_count/mut_count___cfg-07e37e1    
           INFO     Executing command locally. Log file:                        
                    examples/all_mutcounts/mut_count/mut_count___cfg-07e37e1/com
                    mand.log                                                    
[18:07:48] INFO     Command finished with exit code: 0                          
[18:07:49] INFO     Logged attempt #1 for task ID 118 (Attempt ID: 124)         
           INFO     Command completed successfully. Consuming outputs.          
           INFO     Found ShapeMapper profile for 031-fourU-WT-75c-b-1-p at     
                    examples/all_mutcounts/mut_count/mut_count___cfg-07e37e1/art
                    ifacts/031-fourU-WT-75c-b-1-p/031-fourU-WT-75c-b-1-p_031-fou
                    rU-WT-75c-b-1-p_profile.txt                                 
           INFO     Inserted probe_fmod_run for sample ID 522 (Run ID: 961)     
           INFO     Inserted probe_fmod_run 961 for sample                      
                    031-fourU-WT-75c-b-1-p                                      
           INFO     Bulk inserted 80 fmod_vals records.                         
           INFO     Inserted 80 probe_fmod_values records for                   
                    031-fourU-WT-75c-b-1-p (modrate).                           
           INFO     Bulk inserted 80 fmod_vals records.                         
           INFO     Inserted 80 probe_fmod_values records for                   
                    031-fourU-WT-75c-b-1-p (GAmodrate).                         
           INFO     Wrote per-read histogram for 031-fourU-WT-75c-b-1-p         
                    (Modified) to                                               
                    examples/all_mutcounts/mut_count/mut_count___cfg-07e37e1/art
                    ifacts/031-fourU-WT-75c-b-1-p/per_read_histogram.txt        
           INFO     Wrote per-read histogram for 031-fourU-WT-75c-b-1-p (GA) to 
                    examples/all_mutcounts/mut_count/mut_count___cfg-07e37e1/art
                    ifacts/031-fourU-WT-75c-b-1-p/per_read_histogram.txtga      
           INFO     Found ShapeMapper profile for 032-fourU-WT-75c-b-2-p at     
                    examples/all_mutcounts/mut_count/mut_count___cfg-07e37e1/art
                    ifacts/032-fourU-WT-75c-b-2-p/032-fourU-WT-75c-b-2-p_032-fou
                    rU-WT-75c-b-2-p_profile.txt                                 
           INFO     Inserted probe_fmod_run for sample ID 523 (Run ID: 962)     
           INFO     Inserted probe_fmod_run 962 for sample                      
                    032-fourU-WT-75c-b-2-p                                      
           INFO     Bulk inserted 80 fmod_vals records.                         
           INFO     Inserted 80 probe_fmod_values records for                   
                    032-fourU-WT-75c-b-2-p (modrate).                           
           INFO     Bulk inserted 80 fmod_vals records.                         
           INFO     Inserted 80 probe_fmod_values records for                   
                    032-fourU-WT-75c-b-2-p (GAmodrate).                         
           INFO     Wrote per-read histogram for 032-fourU-WT-75c-b-2-p         
                    (Modified) to                                               
                    examples/all_mutcounts/mut_count/mut_count___cfg-07e37e1/art
                    ifacts/032-fourU-WT-75c-b-2-p/per_read_histogram.txt        
           INFO     Wrote per-read histogram for 032-fourU-WT-75c-b-2-p (GA) to 
                    examples/all_mutcounts/mut_count/mut_count___cfg-07e37e1/art
                    ifacts/032-fourU-WT-75c-b-2-p/per_read_histogram.txtga      
           INFO     Found ShapeMapper profile for 033-fourU-WT-75c-b-3-p at     
                    examples/all_mutcounts/mut_count/mut_count___cfg-07e37e1/art
                    ifacts/033-fourU-WT-75c-b-3-p/033-fourU-WT-75c-b-3-p_033-fou
                    rU-WT-75c-b-3-p_profile.txt                                 
           INFO     Inserted probe_fmod_run for sample ID 524 (Run ID: 963)     
           INFO     Inserted probe_fmod_run 963 for sample                      
                    033-fourU-WT-75c-b-3-p                                      
           INFO     Bulk inserted 80 fmod_vals records.                         
           INFO     Inserted 80 probe_fmod_values records for                   
                    033-fourU-WT-75c-b-3-p (modrate).                           
           INFO     Bulk inserted 80 fmod_vals records.                         
           INFO     Inserted 80 probe_fmod_values records for                   
                    033-fourU-WT-75c-b-3-p (GAmodrate).                         
           INFO     Wrote per-read histogram for 033-fourU-WT-75c-b-3-p         
                    (Modified) to                                               
                    examples/all_mutcounts/mut_count/mut_count___cfg-07e37e1/art
                    ifacts/033-fourU-WT-75c-b-3-p/per_read_histogram.txt        
           INFO     Wrote per-read histogram for 033-fourU-WT-75c-b-3-p (GA) to 
                    examples/all_mutcounts/mut_count/mut_count___cfg-07e37e1/art
                    ifacts/033-fourU-WT-75c-b-3-p/per_read_histogram.txtga      
           INFO     Found ShapeMapper profile for 034-fourU-WT-75c-b-4-p at     
                    examples/all_mutcounts/mut_count/mut_count___cfg-07e37e1/art
                    ifacts/034-fourU-WT-75c-b-4-p/034-fourU-WT-75c-b-4-p_034-fou
                    rU-WT-75c-b-4-p_profile.txt                                 
           INFO     Inserted probe_fmod_run for sample ID 525 (Run ID: 964)     
           INFO     Inserted probe_fmod_run 964 for sample                      
                    034-fourU-WT-75c-b-4-p                                      
           INFO     Bulk inserted 80 fmod_vals records.                         
           INFO     Inserted 80 probe_fmod_values records for                   
                    034-fourU-WT-75c-b-4-p (modrate).                           
           INFO     Bulk inserted 80 fmod_vals records.                         
           INFO     Inserted 80 probe_fmod_values records for                   
                    034-fourU-WT-75c-b-4-p (GAmodrate).                         
           INFO     Wrote per-read histogram for 034-fourU-WT-75c-b-4-p         
                    (Modified) to                                               
                    examples/all_mutcounts/mut_count/mut_count___cfg-07e37e1/art
                    ifacts/034-fourU-WT-75c-b-4-p/per_read_histogram.txt        
           INFO     Wrote per-read histogram for 034-fourU-WT-75c-b-4-p (GA) to 
                    examples/all_mutcounts/mut_count/mut_count___cfg-07e37e1/art
                    ifacts/034-fourU-WT-75c-b-4-p/per_read_histogram.txtga      
           INFO     Found ShapeMapper profile for 035-fourU-WT-75c-b-5-p at     
                    examples/all_mutcounts/mut_count/mut_count___cfg-07e37e1/art
                    ifacts/035-fourU-WT-75c-b-5-p/035-fourU-WT-75c-b-5-p_035-fou
                    rU-WT-75c-b-5-p_profile.txt                                 
           INFO     Inserted probe_fmod_run for sample ID 526 (Run ID: 965)     
           INFO     Inserted probe_fmod_run 965 for sample                      
                    035-fourU-WT-75c-b-5-p                                      
           INFO     Bulk inserted 80 fmod_vals records.                         
           INFO     Inserted 80 probe_fmod_values records for                   
                    035-fourU-WT-75c-b-5-p (modrate).                           
           INFO     Bulk inserted 80 fmod_vals records.                         
           INFO     Inserted 80 probe_fmod_values records for                   
                    035-fourU-WT-75c-b-5-p (GAmodrate).                         
           INFO     Wrote per-read histogram for 035-fourU-WT-75c-b-5-p         
                    (Modified) to                                               
                    examples/all_mutcounts/mut_count/mut_count___cfg-07e37e1/art
                    ifacts/035-fourU-WT-75c-b-5-p/per_read_histogram.txt        
           INFO     Wrote per-read histogram for 035-fourU-WT-75c-b-5-p (GA) to 
                    examples/all_mutcounts/mut_count/mut_count___cfg-07e37e1/art
                    ifacts/035-fourU-WT-75c-b-5-p/per_read_histogram.txtga      
           INFO     Found ShapeMapper profile for 036-fourU-WT-75c-b-6-p at     
                    examples/all_mutcounts/mut_count/mut_count___cfg-07e37e1/art
                    ifacts/036-fourU-WT-75c-b-6-p/036-fourU-WT-75c-b-6-p_036-fou
                    rU-WT-75c-b-6-p_profile.txt                                 
           INFO     Inserted probe_fmod_run for sample ID 527 (Run ID: 966)     
           INFO     Inserted probe_fmod_run 966 for sample                      
                    036-fourU-WT-75c-b-6-p                                      
           INFO     Bulk inserted 80 fmod_vals records.                         
           INFO     Inserted 80 probe_fmod_values records for                   
                    036-fourU-WT-75c-b-6-p (modrate).                           
           INFO     Bulk inserted 80 fmod_vals records.                         
           INFO     Inserted 80 probe_fmod_values records for                   
                    036-fourU-WT-75c-b-6-p (GAmodrate).                         
           INFO     Wrote per-read histogram for 036-fourU-WT-75c-b-6-p         
                    (Modified) to                                               
                    examples/all_mutcounts/mut_count/mut_count___cfg-07e37e1/art
                    ifacts/036-fourU-WT-75c-b-6-p/per_read_histogram.txt        
           INFO     Wrote per-read histogram for 036-fourU-WT-75c-b-6-p (GA) to 
                    examples/all_mutcounts/mut_count/mut_count___cfg-07e37e1/art
                    ifacts/036-fourU-WT-75c-b-6-p/per_read_histogram.txtga      
           INFO     Found ShapeMapper profile for 084_fourU_WT75c_b_6_m at      
                    examples/all_mutcounts/mut_count/mut_count___cfg-07e37e1/art
                    ifacts/084_fourU_WT75c_b_6_m/084_fourU_WT75c_b_6_m_084_fourU
                    _WT75c_b_6_m_profile.txt                                    
           INFO     Inserted probe_fmod_run for sample ID 767 (Run ID: 967)     
           INFO     Inserted probe_fmod_run 967 for sample 084_fourU_WT75c_b_6_m
           INFO     Bulk inserted 80 fmod_vals records.                         
           INFO     Inserted 80 probe_fmod_values records for                   
                    084_fourU_WT75c_b_6_m (modrate).                            
           INFO     Bulk inserted 80 fmod_vals records.                         
           INFO     Inserted 80 probe_fmod_values records for                   
                    084_fourU_WT75c_b_6_m (GAmodrate).                          
           INFO     Wrote per-read histogram for 084_fourU_WT75c_b_6_m          
                    (Modified) to                                               
                    examples/all_mutcounts/mut_count/mut_count___cfg-07e37e1/art
                    ifacts/084_fourU_WT75c_b_6_m/per_read_histogram.txt         
           INFO     Wrote per-read histogram for 084_fourU_WT75c_b_6_m (GA) to  
                    examples/all_mutcounts/mut_count/mut_count___cfg-07e37e1/art
                    ifacts/084_fourU_WT75c_b_6_m/per_read_histogram.txtga       
           INFO     mut_count completed. Profiles found for 7/7 samples;        
                    ingested 7 run(s).                                          
           INFO     Finished task ID 118 with state 'completed'                 
           INFO     Task 'mut_count' (ID: 118) completed successfully.          
           INFO     Updated 'latest' symlink for task 'mut_count' to point to   
                    /gpfs/projects/b1044/Computational_Output/EKC/EKC.01_SHAPE_s
                    tandardization/EKC.01.065.refactoring_data_analysis/nerd/exa
                    mples/all_mutcounts/mut_count/mut_count___cfg-07e37e1       
