[15:37:08] INFO     Executing 'run' command for step: 'mut_count'               
[15:37:08] INFO     Database schema initialized successfully.                   
           INFO     Created run directory:                                      
                    examples/all_mutcounts/mut_count/mut_count___cfg-cd47535    
           INFO     Executing task 'mut_count' in run directory:                
                    examples/all_mutcounts/mut_count/mut_count___cfg-cd47535    
           INFO     Resolved reaction_group 33_2 to 7 sample(s).                
           INFO     Began task 'mut_count' (ID: 55) for rg:58                   
                    (cfg=cd4753542dd4e3716b1b063c0f8f08cd0201e7865aa6c89d32a2ef1
                    a715ae950)                                                  
           INFO     Starting command (backend=local) in                         
                    examples/all_mutcounts/mut_count/mut_count___cfg-cd47535    
           INFO     Executing command locally. Log file:                        
                    examples/all_mutcounts/mut_count/mut_count___cfg-cd47535/com
                    mand.log                                                    
[15:40:36] INFO     Command finished with exit code: 0                          
           INFO     Logged attempt #1 for task ID 55 (Attempt ID: 38)           
           INFO     Command completed successfully. Consuming outputs.          
           INFO     Found ShapeMapper profile for 091-fourU-WT-33c-b-1-p at     
                    examples/all_mutcounts/mut_count/mut_count___cfg-cd47535/art
                    ifacts/091-fourU-WT-33c-b-1-p/091-fourU-WT-33c-b-1-p_091-fou
                    rU-WT-33c-b-1-p_profile.txt                                 
           INFO     Inserted probe_fmod_run for sample ID 582 (Run ID: 279)     
           INFO     Inserted probe_fmod_run 279 for sample                      
                    091-fourU-WT-33c-b-1-p                                      
           INFO     Bulk inserted 80 fmod_vals records.                         
           INFO     Inserted 80 probe_fmod_values records for                   
                    091-fourU-WT-33c-b-1-p (modrate).                           
           INFO     Bulk inserted 80 fmod_vals records.                         
           INFO     Inserted 80 probe_fmod_values records for                   
                    091-fourU-WT-33c-b-1-p (GAmodrate).                         
           INFO     Wrote per-read histogram for 091-fourU-WT-33c-b-1-p         
                    (Modified) to                                               
                    examples/all_mutcounts/mut_count/mut_count___cfg-cd47535/art
                    ifacts/091-fourU-WT-33c-b-1-p/per_read_histogram.txt        
           INFO     Wrote per-read histogram for 091-fourU-WT-33c-b-1-p (GA) to 
                    examples/all_mutcounts/mut_count/mut_count___cfg-cd47535/art
                    ifacts/091-fourU-WT-33c-b-1-p/per_read_histogram.txtga      
           INFO     Found ShapeMapper profile for 092-fourU-WT-33c-b-2-p at     
                    examples/all_mutcounts/mut_count/mut_count___cfg-cd47535/art
                    ifacts/092-fourU-WT-33c-b-2-p/092-fourU-WT-33c-b-2-p_092-fou
                    rU-WT-33c-b-2-p_profile.txt                                 
           INFO     Inserted probe_fmod_run for sample ID 583 (Run ID: 280)     
           INFO     Inserted probe_fmod_run 280 for sample                      
                    092-fourU-WT-33c-b-2-p                                      
           INFO     Bulk inserted 80 fmod_vals records.                         
           INFO     Inserted 80 probe_fmod_values records for                   
                    092-fourU-WT-33c-b-2-p (modrate).                           
           INFO     Bulk inserted 80 fmod_vals records.                         
           INFO     Inserted 80 probe_fmod_values records for                   
                    092-fourU-WT-33c-b-2-p (GAmodrate).                         
           INFO     Wrote per-read histogram for 092-fourU-WT-33c-b-2-p         
                    (Modified) to                                               
                    examples/all_mutcounts/mut_count/mut_count___cfg-cd47535/art
                    ifacts/092-fourU-WT-33c-b-2-p/per_read_histogram.txt        
           INFO     Wrote per-read histogram for 092-fourU-WT-33c-b-2-p (GA) to 
                    examples/all_mutcounts/mut_count/mut_count___cfg-cd47535/art
                    ifacts/092-fourU-WT-33c-b-2-p/per_read_histogram.txtga      
           INFO     Found ShapeMapper profile for 093-fourU-WT-33c-b-3-p at     
                    examples/all_mutcounts/mut_count/mut_count___cfg-cd47535/art
                    ifacts/093-fourU-WT-33c-b-3-p/093-fourU-WT-33c-b-3-p_093-fou
                    rU-WT-33c-b-3-p_profile.txt                                 
           INFO     Inserted probe_fmod_run for sample ID 584 (Run ID: 281)     
           INFO     Inserted probe_fmod_run 281 for sample                      
                    093-fourU-WT-33c-b-3-p                                      
           INFO     Bulk inserted 80 fmod_vals records.                         
           INFO     Inserted 80 probe_fmod_values records for                   
                    093-fourU-WT-33c-b-3-p (modrate).                           
           INFO     Bulk inserted 80 fmod_vals records.                         
           INFO     Inserted 80 probe_fmod_values records for                   
                    093-fourU-WT-33c-b-3-p (GAmodrate).                         
           INFO     Wrote per-read histogram for 093-fourU-WT-33c-b-3-p         
                    (Modified) to                                               
                    examples/all_mutcounts/mut_count/mut_count___cfg-cd47535/art
                    ifacts/093-fourU-WT-33c-b-3-p/per_read_histogram.txt        
           INFO     Wrote per-read histogram for 093-fourU-WT-33c-b-3-p (GA) to 
                    examples/all_mutcounts/mut_count/mut_count___cfg-cd47535/art
                    ifacts/093-fourU-WT-33c-b-3-p/per_read_histogram.txtga      
           INFO     Found ShapeMapper profile for 094-fourU-WT-33c-b-4-p at     
                    examples/all_mutcounts/mut_count/mut_count___cfg-cd47535/art
                    ifacts/094-fourU-WT-33c-b-4-p/094-fourU-WT-33c-b-4-p_094-fou
                    rU-WT-33c-b-4-p_profile.txt                                 
           INFO     Inserted probe_fmod_run for sample ID 585 (Run ID: 282)     
           INFO     Inserted probe_fmod_run 282 for sample                      
                    094-fourU-WT-33c-b-4-p                                      
           INFO     Bulk inserted 80 fmod_vals records.                         
           INFO     Inserted 80 probe_fmod_values records for                   
                    094-fourU-WT-33c-b-4-p (modrate).                           
           INFO     Bulk inserted 80 fmod_vals records.                         
           INFO     Inserted 80 probe_fmod_values records for                   
                    094-fourU-WT-33c-b-4-p (GAmodrate).                         
           INFO     Wrote per-read histogram for 094-fourU-WT-33c-b-4-p         
                    (Modified) to                                               
                    examples/all_mutcounts/mut_count/mut_count___cfg-cd47535/art
                    ifacts/094-fourU-WT-33c-b-4-p/per_read_histogram.txt        
           INFO     Wrote per-read histogram for 094-fourU-WT-33c-b-4-p (GA) to 
                    examples/all_mutcounts/mut_count/mut_count___cfg-cd47535/art
                    ifacts/094-fourU-WT-33c-b-4-p/per_read_histogram.txtga      
           INFO     Found ShapeMapper profile for 095-fourU-WT-33c-b-5-p at     
                    examples/all_mutcounts/mut_count/mut_count___cfg-cd47535/art
                    ifacts/095-fourU-WT-33c-b-5-p/095-fourU-WT-33c-b-5-p_095-fou
                    rU-WT-33c-b-5-p_profile.txt                                 
           INFO     Inserted probe_fmod_run for sample ID 586 (Run ID: 283)     
           INFO     Inserted probe_fmod_run 283 for sample                      
                    095-fourU-WT-33c-b-5-p                                      
           INFO     Bulk inserted 80 fmod_vals records.                         
           INFO     Inserted 80 probe_fmod_values records for                   
                    095-fourU-WT-33c-b-5-p (modrate).                           
           INFO     Bulk inserted 80 fmod_vals records.                         
           INFO     Inserted 80 probe_fmod_values records for                   
                    095-fourU-WT-33c-b-5-p (GAmodrate).                         
           INFO     Wrote per-read histogram for 095-fourU-WT-33c-b-5-p         
                    (Modified) to                                               
                    examples/all_mutcounts/mut_count/mut_count___cfg-cd47535/art
                    ifacts/095-fourU-WT-33c-b-5-p/per_read_histogram.txt        
           INFO     Wrote per-read histogram for 095-fourU-WT-33c-b-5-p (GA) to 
                    examples/all_mutcounts/mut_count/mut_count___cfg-cd47535/art
                    ifacts/095-fourU-WT-33c-b-5-p/per_read_histogram.txtga      
           INFO     Found ShapeMapper profile for 095_fourU_WT33c_b_6_m at      
                    examples/all_mutcounts/mut_count/mut_count___cfg-cd47535/art
                    ifacts/095_fourU_WT33c_b_6_m/095_fourU_WT33c_b_6_m_095_fourU
                    _WT33c_b_6_m_profile.txt                                    
           INFO     Inserted probe_fmod_run for sample ID 778 (Run ID: 284)     
           INFO     Inserted probe_fmod_run 284 for sample 095_fourU_WT33c_b_6_m
           INFO     Bulk inserted 80 fmod_vals records.                         
           INFO     Inserted 80 probe_fmod_values records for                   
                    095_fourU_WT33c_b_6_m (modrate).                            
           INFO     Bulk inserted 80 fmod_vals records.                         
           INFO     Inserted 80 probe_fmod_values records for                   
                    095_fourU_WT33c_b_6_m (GAmodrate).                          
           INFO     Wrote per-read histogram for 095_fourU_WT33c_b_6_m          
                    (Modified) to                                               
                    examples/all_mutcounts/mut_count/mut_count___cfg-cd47535/art
                    ifacts/095_fourU_WT33c_b_6_m/per_read_histogram.txt         
           INFO     Wrote per-read histogram for 095_fourU_WT33c_b_6_m (GA) to  
                    examples/all_mutcounts/mut_count/mut_count___cfg-cd47535/art
                    ifacts/095_fourU_WT33c_b_6_m/per_read_histogram.txtga       
           INFO     Found ShapeMapper profile for 096-fourU-WT-33c-b-6-p at     
                    examples/all_mutcounts/mut_count/mut_count___cfg-cd47535/art
                    ifacts/096-fourU-WT-33c-b-6-p/096-fourU-WT-33c-b-6-p_096-fou
                    rU-WT-33c-b-6-p_profile.txt                                 
           INFO     Inserted probe_fmod_run for sample ID 587 (Run ID: 285)     
           INFO     Inserted probe_fmod_run 285 for sample                      
                    096-fourU-WT-33c-b-6-p                                      
           INFO     Bulk inserted 80 fmod_vals records.                         
           INFO     Inserted 80 probe_fmod_values records for                   
                    096-fourU-WT-33c-b-6-p (modrate).                           
           INFO     Bulk inserted 80 fmod_vals records.                         
           INFO     Inserted 80 probe_fmod_values records for                   
                    096-fourU-WT-33c-b-6-p (GAmodrate).                         
           INFO     Wrote per-read histogram for 096-fourU-WT-33c-b-6-p         
                    (Modified) to                                               
                    examples/all_mutcounts/mut_count/mut_count___cfg-cd47535/art
                    ifacts/096-fourU-WT-33c-b-6-p/per_read_histogram.txt        
           INFO     Wrote per-read histogram for 096-fourU-WT-33c-b-6-p (GA) to 
                    examples/all_mutcounts/mut_count/mut_count___cfg-cd47535/art
                    ifacts/096-fourU-WT-33c-b-6-p/per_read_histogram.txtga      
           INFO     mut_count completed. Profiles found for 7/7 samples;        
                    ingested 7 run(s).                                          
           INFO     Finished task ID 55 with state 'completed'                  
           INFO     Task 'mut_count' (ID: 55) completed successfully.           
           INFO     Updated 'latest' symlink for task 'mut_count' to point to   
                    /gpfs/projects/b1044/Computational_Output/EKC/EKC.01_SHAPE_s
                    tandardization/EKC.01.065.refactoring_data_analysis/nerd/exa
                    mples/all_mutcounts/mut_count/mut_count___cfg-cd47535       
