[13:55:23] INFO     Executing 'run' command for step: 'mut_count'               
[13:55:23] INFO     Database schema initialized successfully.                   
           INFO     Created run directory:                                      
                    examples/all_mutcounts/mut_count/mut_count___cfg-bc7ea72    
           INFO     Executing task 'mut_count' in run directory:                
                    examples/all_mutcounts/mut_count/mut_count___cfg-bc7ea72    
           INFO     Resolved reaction_group 18_2 to 7 sample(s).                
           INFO     Began task 'mut_count' (ID: 21) for rg:76                   
                    (cfg=bc7ea72b6fe9d0c3493f10d7c54939d7aa50c0cbc61391866628418
                    b0bc5400b)                                                  
           INFO     Starting command (backend=local) in                         
                    examples/all_mutcounts/mut_count/mut_count___cfg-bc7ea72    
           INFO     Executing command locally. Log file:                        
                    examples/all_mutcounts/mut_count/mut_count___cfg-bc7ea72/com
                    mand.log                                                    
[15:38:45] INFO     Command finished with exit code: 0                          
           INFO     Logged attempt #1 for task ID 21 (Attempt ID: 37)           
           INFO     Command completed successfully. Consuming outputs.          
           INFO     Found ShapeMapper profile for 007_fourU_WT_18c_b_1_p at     
                    examples/all_mutcounts/mut_count/mut_count___cfg-bc7ea72/art
                    ifacts/007_fourU_WT_18c_b_1_p/007_fourU_WT_18c_b_1_p_007_fou
                    rU_WT_18c_b_1_p_profile.txt                                 
           INFO     Inserted probe_fmod_run for sample ID 690 (Run ID: 272)     
           INFO     Inserted probe_fmod_run 272 for sample                      
                    007_fourU_WT_18c_b_1_p                                      
           INFO     Bulk inserted 80 fmod_vals records.                         
           INFO     Inserted 80 probe_fmod_values records for                   
                    007_fourU_WT_18c_b_1_p (modrate).                           
           INFO     Bulk inserted 80 fmod_vals records.                         
           INFO     Inserted 80 probe_fmod_values records for                   
                    007_fourU_WT_18c_b_1_p (GAmodrate).                         
           INFO     Wrote per-read histogram for 007_fourU_WT_18c_b_1_p         
                    (Modified) to                                               
                    examples/all_mutcounts/mut_count/mut_count___cfg-bc7ea72/art
                    ifacts/007_fourU_WT_18c_b_1_p/per_read_histogram.txt        
           INFO     Wrote per-read histogram for 007_fourU_WT_18c_b_1_p (GA) to 
                    examples/all_mutcounts/mut_count/mut_count___cfg-bc7ea72/art
                    ifacts/007_fourU_WT_18c_b_1_p/per_read_histogram.txtga      
           INFO     Found ShapeMapper profile for 008_fourU_WT_18c_b_2_p at     
                    examples/all_mutcounts/mut_count/mut_count___cfg-bc7ea72/art
                    ifacts/008_fourU_WT_18c_b_2_p/008_fourU_WT_18c_b_2_p_008_fou
                    rU_WT_18c_b_2_p_profile.txt                                 
           INFO     Inserted probe_fmod_run for sample ID 691 (Run ID: 273)     
           INFO     Inserted probe_fmod_run 273 for sample                      
                    008_fourU_WT_18c_b_2_p                                      
           INFO     Bulk inserted 80 fmod_vals records.                         
           INFO     Inserted 80 probe_fmod_values records for                   
                    008_fourU_WT_18c_b_2_p (modrate).                           
           INFO     Bulk inserted 80 fmod_vals records.                         
           INFO     Inserted 80 probe_fmod_values records for                   
                    008_fourU_WT_18c_b_2_p (GAmodrate).                         
           INFO     Wrote per-read histogram for 008_fourU_WT_18c_b_2_p         
                    (Modified) to                                               
                    examples/all_mutcounts/mut_count/mut_count___cfg-bc7ea72/art
                    ifacts/008_fourU_WT_18c_b_2_p/per_read_histogram.txt        
           INFO     Wrote per-read histogram for 008_fourU_WT_18c_b_2_p (GA) to 
                    examples/all_mutcounts/mut_count/mut_count___cfg-bc7ea72/art
                    ifacts/008_fourU_WT_18c_b_2_p/per_read_histogram.txtga      
           INFO     Found ShapeMapper profile for 009_fourU_WT_18c_b_3_p at     
                    examples/all_mutcounts/mut_count/mut_count___cfg-bc7ea72/art
                    ifacts/009_fourU_WT_18c_b_3_p/009_fourU_WT_18c_b_3_p_009_fou
                    rU_WT_18c_b_3_p_profile.txt                                 
           INFO     Inserted probe_fmod_run for sample ID 692 (Run ID: 274)     
           INFO     Inserted probe_fmod_run 274 for sample                      
                    009_fourU_WT_18c_b_3_p                                      
           INFO     Bulk inserted 80 fmod_vals records.                         
           INFO     Inserted 80 probe_fmod_values records for                   
                    009_fourU_WT_18c_b_3_p (modrate).                           
           INFO     Bulk inserted 80 fmod_vals records.                         
           INFO     Inserted 80 probe_fmod_values records for                   
                    009_fourU_WT_18c_b_3_p (GAmodrate).                         
           INFO     Wrote per-read histogram for 009_fourU_WT_18c_b_3_p         
                    (Modified) to                                               
                    examples/all_mutcounts/mut_count/mut_count___cfg-bc7ea72/art
                    ifacts/009_fourU_WT_18c_b_3_p/per_read_histogram.txt        
           INFO     Wrote per-read histogram for 009_fourU_WT_18c_b_3_p (GA) to 
                    examples/all_mutcounts/mut_count/mut_count___cfg-bc7ea72/art
                    ifacts/009_fourU_WT_18c_b_3_p/per_read_histogram.txtga      
           INFO     Found ShapeMapper profile for 010_fourU_WT_18c_b_4_p at     
                    examples/all_mutcounts/mut_count/mut_count___cfg-bc7ea72/art
                    ifacts/010_fourU_WT_18c_b_4_p/010_fourU_WT_18c_b_4_p_010_fou
                    rU_WT_18c_b_4_p_profile.txt                                 
           INFO     Inserted probe_fmod_run for sample ID 693 (Run ID: 275)     
           INFO     Inserted probe_fmod_run 275 for sample                      
                    010_fourU_WT_18c_b_4_p                                      
           INFO     Bulk inserted 80 fmod_vals records.                         
           INFO     Inserted 80 probe_fmod_values records for                   
                    010_fourU_WT_18c_b_4_p (modrate).                           
           INFO     Bulk inserted 80 fmod_vals records.                         
           INFO     Inserted 80 probe_fmod_values records for                   
                    010_fourU_WT_18c_b_4_p (GAmodrate).                         
           INFO     Wrote per-read histogram for 010_fourU_WT_18c_b_4_p         
                    (Modified) to                                               
                    examples/all_mutcounts/mut_count/mut_count___cfg-bc7ea72/art
                    ifacts/010_fourU_WT_18c_b_4_p/per_read_histogram.txt        
           INFO     Wrote per-read histogram for 010_fourU_WT_18c_b_4_p (GA) to 
                    examples/all_mutcounts/mut_count/mut_count___cfg-bc7ea72/art
                    ifacts/010_fourU_WT_18c_b_4_p/per_read_histogram.txtga      
           INFO     Found ShapeMapper profile for 011_fourU_WT_18c_b_5_p at     
                    examples/all_mutcounts/mut_count/mut_count___cfg-bc7ea72/art
                    ifacts/011_fourU_WT_18c_b_5_p/011_fourU_WT_18c_b_5_p_011_fou
                    rU_WT_18c_b_5_p_profile.txt                                 
           INFO     Inserted probe_fmod_run for sample ID 694 (Run ID: 276)     
           INFO     Inserted probe_fmod_run 276 for sample                      
                    011_fourU_WT_18c_b_5_p                                      
           INFO     Bulk inserted 80 fmod_vals records.                         
           INFO     Inserted 80 probe_fmod_values records for                   
                    011_fourU_WT_18c_b_5_p (modrate).                           
           INFO     Bulk inserted 80 fmod_vals records.                         
           INFO     Inserted 80 probe_fmod_values records for                   
                    011_fourU_WT_18c_b_5_p (GAmodrate).                         
           INFO     Wrote per-read histogram for 011_fourU_WT_18c_b_5_p         
                    (Modified) to                                               
                    examples/all_mutcounts/mut_count/mut_count___cfg-bc7ea72/art
                    ifacts/011_fourU_WT_18c_b_5_p/per_read_histogram.txt        
           INFO     Wrote per-read histogram for 011_fourU_WT_18c_b_5_p (GA) to 
                    examples/all_mutcounts/mut_count/mut_count___cfg-bc7ea72/art
                    ifacts/011_fourU_WT_18c_b_5_p/per_read_histogram.txtga      
           INFO     Found ShapeMapper profile for 012_fourU_WT_18c_b_6_p at     
                    examples/all_mutcounts/mut_count/mut_count___cfg-bc7ea72/art
                    ifacts/012_fourU_WT_18c_b_6_p/012_fourU_WT_18c_b_6_p_012_fou
                    rU_WT_18c_b_6_p_profile.txt                                 
           INFO     Inserted probe_fmod_run for sample ID 695 (Run ID: 277)     
           INFO     Inserted probe_fmod_run 277 for sample                      
                    012_fourU_WT_18c_b_6_p                                      
           INFO     Bulk inserted 80 fmod_vals records.                         
           INFO     Inserted 80 probe_fmod_values records for                   
                    012_fourU_WT_18c_b_6_p (modrate).                           
           INFO     Bulk inserted 80 fmod_vals records.                         
           INFO     Inserted 80 probe_fmod_values records for                   
                    012_fourU_WT_18c_b_6_p (GAmodrate).                         
           INFO     Wrote per-read histogram for 012_fourU_WT_18c_b_6_p         
                    (Modified) to                                               
                    examples/all_mutcounts/mut_count/mut_count___cfg-bc7ea72/art
                    ifacts/012_fourU_WT_18c_b_6_p/per_read_histogram.txt        
           INFO     Wrote per-read histogram for 012_fourU_WT_18c_b_6_p (GA) to 
                    examples/all_mutcounts/mut_count/mut_count___cfg-bc7ea72/art
                    ifacts/012_fourU_WT_18c_b_6_p/per_read_histogram.txtga      
[15:38:46] INFO     Found ShapeMapper profile for 056_fourU_WT18c_b_6_m at      
                    examples/all_mutcounts/mut_count/mut_count___cfg-bc7ea72/art
                    ifacts/056_fourU_WT18c_b_6_m/056_fourU_WT18c_b_6_m_056_fourU
                    _WT18c_b_6_m_profile.txt                                    
           INFO     Inserted probe_fmod_run for sample ID 739 (Run ID: 278)     
           INFO     Inserted probe_fmod_run 278 for sample 056_fourU_WT18c_b_6_m
           INFO     Bulk inserted 80 fmod_vals records.                         
           INFO     Inserted 80 probe_fmod_values records for                   
                    056_fourU_WT18c_b_6_m (modrate).                            
           INFO     Bulk inserted 80 fmod_vals records.                         
           INFO     Inserted 80 probe_fmod_values records for                   
                    056_fourU_WT18c_b_6_m (GAmodrate).                          
           INFO     Wrote per-read histogram for 056_fourU_WT18c_b_6_m          
                    (Modified) to                                               
                    examples/all_mutcounts/mut_count/mut_count___cfg-bc7ea72/art
                    ifacts/056_fourU_WT18c_b_6_m/per_read_histogram.txt         
           INFO     Wrote per-read histogram for 056_fourU_WT18c_b_6_m (GA) to  
                    examples/all_mutcounts/mut_count/mut_count___cfg-bc7ea72/art
                    ifacts/056_fourU_WT18c_b_6_m/per_read_histogram.txtga       
           INFO     mut_count completed. Profiles found for 7/7 samples;        
                    ingested 7 run(s).                                          
           INFO     Finished task ID 21 with state 'completed'                  
           INFO     Task 'mut_count' (ID: 21) completed successfully.           
           INFO     Updated 'latest' symlink for task 'mut_count' to point to   
                    /gpfs/projects/b1044/Computational_Output/EKC/EKC.01_SHAPE_s
                    tandardization/EKC.01.065.refactoring_data_analysis/nerd/exa
                    mples/all_mutcounts/mut_count/mut_count___cfg-bc7ea72       
