[13:57:32] INFO     Executing 'run' command for step: 'mut_count'               
[13:57:32] INFO     Database schema initialized successfully.                   
           INFO     Created run directory:                                      
                    examples/all_mutcounts/mut_count/mut_count___cfg-7359417    
           INFO     Executing task 'mut_count' in run directory:                
                    examples/all_mutcounts/mut_count/mut_count___cfg-7359417    
           INFO     Resolved reaction_group 20_2 to 7 sample(s).                
           INFO     Began task 'mut_count' (ID: 25) for rg:78                   
                    (cfg=7359417e065c4d9781752eb74af6abecb22ff4aeb7c9b43ce486b91
                    e687641bf)                                                  
           INFO     Starting command (backend=local) in                         
                    examples/all_mutcounts/mut_count/mut_count___cfg-7359417    
           INFO     Executing command locally. Log file:                        
                    examples/all_mutcounts/mut_count/mut_count___cfg-7359417/com
                    mand.log                                                    
[15:18:16] INFO     Command finished with exit code: 0                          
           INFO     Logged attempt #1 for task ID 25 (Attempt ID: 32)           
           INFO     Command completed successfully. Consuming outputs.          
           INFO     Found ShapeMapper profile for 019_fourU_WT_20c_b_1_p at     
                    examples/all_mutcounts/mut_count/mut_count___cfg-7359417/art
                    ifacts/019_fourU_WT_20c_b_1_p/019_fourU_WT_20c_b_1_p_019_fou
                    rU_WT_20c_b_1_p_profile.txt                                 
           INFO     Inserted probe_fmod_run for sample ID 702 (Run ID: 236)     
           INFO     Inserted probe_fmod_run 236 for sample                      
                    019_fourU_WT_20c_b_1_p                                      
           INFO     Bulk inserted 80 fmod_vals records.                         
           INFO     Inserted 80 probe_fmod_values records for                   
                    019_fourU_WT_20c_b_1_p (modrate).                           
           INFO     Bulk inserted 80 fmod_vals records.                         
           INFO     Inserted 80 probe_fmod_values records for                   
                    019_fourU_WT_20c_b_1_p (GAmodrate).                         
           INFO     Wrote per-read histogram for 019_fourU_WT_20c_b_1_p         
                    (Modified) to                                               
                    examples/all_mutcounts/mut_count/mut_count___cfg-7359417/art
                    ifacts/019_fourU_WT_20c_b_1_p/per_read_histogram.txt        
           INFO     Wrote per-read histogram for 019_fourU_WT_20c_b_1_p (GA) to 
                    examples/all_mutcounts/mut_count/mut_count___cfg-7359417/art
                    ifacts/019_fourU_WT_20c_b_1_p/per_read_histogram.txtga      
           INFO     Found ShapeMapper profile for 020_fourU_WT_20c_b_2_p at     
                    examples/all_mutcounts/mut_count/mut_count___cfg-7359417/art
                    ifacts/020_fourU_WT_20c_b_2_p/020_fourU_WT_20c_b_2_p_020_fou
                    rU_WT_20c_b_2_p_profile.txt                                 
           INFO     Inserted probe_fmod_run for sample ID 703 (Run ID: 237)     
           INFO     Inserted probe_fmod_run 237 for sample                      
                    020_fourU_WT_20c_b_2_p                                      
           INFO     Bulk inserted 80 fmod_vals records.                         
           INFO     Inserted 80 probe_fmod_values records for                   
                    020_fourU_WT_20c_b_2_p (modrate).                           
           INFO     Bulk inserted 80 fmod_vals records.                         
           INFO     Inserted 80 probe_fmod_values records for                   
                    020_fourU_WT_20c_b_2_p (GAmodrate).                         
           INFO     Wrote per-read histogram for 020_fourU_WT_20c_b_2_p         
                    (Modified) to                                               
                    examples/all_mutcounts/mut_count/mut_count___cfg-7359417/art
                    ifacts/020_fourU_WT_20c_b_2_p/per_read_histogram.txt        
           INFO     Wrote per-read histogram for 020_fourU_WT_20c_b_2_p (GA) to 
                    examples/all_mutcounts/mut_count/mut_count___cfg-7359417/art
                    ifacts/020_fourU_WT_20c_b_2_p/per_read_histogram.txtga      
           INFO     Found ShapeMapper profile for 021_fourU_WT_20c_b_3_p at     
                    examples/all_mutcounts/mut_count/mut_count___cfg-7359417/art
                    ifacts/021_fourU_WT_20c_b_3_p/021_fourU_WT_20c_b_3_p_021_fou
                    rU_WT_20c_b_3_p_profile.txt                                 
           INFO     Inserted probe_fmod_run for sample ID 704 (Run ID: 238)     
           INFO     Inserted probe_fmod_run 238 for sample                      
                    021_fourU_WT_20c_b_3_p                                      
           INFO     Bulk inserted 80 fmod_vals records.                         
           INFO     Inserted 80 probe_fmod_values records for                   
                    021_fourU_WT_20c_b_3_p (modrate).                           
           INFO     Bulk inserted 80 fmod_vals records.                         
           INFO     Inserted 80 probe_fmod_values records for                   
                    021_fourU_WT_20c_b_3_p (GAmodrate).                         
           INFO     Wrote per-read histogram for 021_fourU_WT_20c_b_3_p         
                    (Modified) to                                               
                    examples/all_mutcounts/mut_count/mut_count___cfg-7359417/art
                    ifacts/021_fourU_WT_20c_b_3_p/per_read_histogram.txt        
           INFO     Wrote per-read histogram for 021_fourU_WT_20c_b_3_p (GA) to 
                    examples/all_mutcounts/mut_count/mut_count___cfg-7359417/art
                    ifacts/021_fourU_WT_20c_b_3_p/per_read_histogram.txtga      
           INFO     Found ShapeMapper profile for 022_fourU_WT_20c_b_4_p at     
                    examples/all_mutcounts/mut_count/mut_count___cfg-7359417/art
                    ifacts/022_fourU_WT_20c_b_4_p/022_fourU_WT_20c_b_4_p_022_fou
                    rU_WT_20c_b_4_p_profile.txt                                 
           INFO     Inserted probe_fmod_run for sample ID 705 (Run ID: 239)     
           INFO     Inserted probe_fmod_run 239 for sample                      
                    022_fourU_WT_20c_b_4_p                                      
           INFO     Bulk inserted 80 fmod_vals records.                         
           INFO     Inserted 80 probe_fmod_values records for                   
                    022_fourU_WT_20c_b_4_p (modrate).                           
           INFO     Bulk inserted 80 fmod_vals records.                         
           INFO     Inserted 80 probe_fmod_values records for                   
                    022_fourU_WT_20c_b_4_p (GAmodrate).                         
           INFO     Wrote per-read histogram for 022_fourU_WT_20c_b_4_p         
                    (Modified) to                                               
                    examples/all_mutcounts/mut_count/mut_count___cfg-7359417/art
                    ifacts/022_fourU_WT_20c_b_4_p/per_read_histogram.txt        
           INFO     Wrote per-read histogram for 022_fourU_WT_20c_b_4_p (GA) to 
                    examples/all_mutcounts/mut_count/mut_count___cfg-7359417/art
                    ifacts/022_fourU_WT_20c_b_4_p/per_read_histogram.txtga      
           INFO     Found ShapeMapper profile for 023_fourU_WT_20c_b_5_p at     
                    examples/all_mutcounts/mut_count/mut_count___cfg-7359417/art
                    ifacts/023_fourU_WT_20c_b_5_p/023_fourU_WT_20c_b_5_p_023_fou
                    rU_WT_20c_b_5_p_profile.txt                                 
           INFO     Inserted probe_fmod_run for sample ID 706 (Run ID: 240)     
           INFO     Inserted probe_fmod_run 240 for sample                      
                    023_fourU_WT_20c_b_5_p                                      
           INFO     Bulk inserted 80 fmod_vals records.                         
           INFO     Inserted 80 probe_fmod_values records for                   
                    023_fourU_WT_20c_b_5_p (modrate).                           
           INFO     Bulk inserted 80 fmod_vals records.                         
           INFO     Inserted 80 probe_fmod_values records for                   
                    023_fourU_WT_20c_b_5_p (GAmodrate).                         
           INFO     Wrote per-read histogram for 023_fourU_WT_20c_b_5_p         
                    (Modified) to                                               
                    examples/all_mutcounts/mut_count/mut_count___cfg-7359417/art
                    ifacts/023_fourU_WT_20c_b_5_p/per_read_histogram.txt        
           INFO     Wrote per-read histogram for 023_fourU_WT_20c_b_5_p (GA) to 
                    examples/all_mutcounts/mut_count/mut_count___cfg-7359417/art
                    ifacts/023_fourU_WT_20c_b_5_p/per_read_histogram.txtga      
           INFO     Found ShapeMapper profile for 024_fourU_WT_20c_b_6_p at     
                    examples/all_mutcounts/mut_count/mut_count___cfg-7359417/art
                    ifacts/024_fourU_WT_20c_b_6_p/024_fourU_WT_20c_b_6_p_024_fou
                    rU_WT_20c_b_6_p_profile.txt                                 
           INFO     Inserted probe_fmod_run for sample ID 707 (Run ID: 241)     
           INFO     Inserted probe_fmod_run 241 for sample                      
                    024_fourU_WT_20c_b_6_p                                      
           INFO     Bulk inserted 80 fmod_vals records.                         
           INFO     Inserted 80 probe_fmod_values records for                   
                    024_fourU_WT_20c_b_6_p (modrate).                           
           INFO     Bulk inserted 80 fmod_vals records.                         
           INFO     Inserted 80 probe_fmod_values records for                   
                    024_fourU_WT_20c_b_6_p (GAmodrate).                         
           INFO     Wrote per-read histogram for 024_fourU_WT_20c_b_6_p         
                    (Modified) to                                               
                    examples/all_mutcounts/mut_count/mut_count___cfg-7359417/art
                    ifacts/024_fourU_WT_20c_b_6_p/per_read_histogram.txt        
           INFO     Wrote per-read histogram for 024_fourU_WT_20c_b_6_p (GA) to 
                    examples/all_mutcounts/mut_count/mut_count___cfg-7359417/art
                    ifacts/024_fourU_WT_20c_b_6_p/per_read_histogram.txtga      
           INFO     Found ShapeMapper profile for 068_fourU_WT20c_b_6_m at      
                    examples/all_mutcounts/mut_count/mut_count___cfg-7359417/art
                    ifacts/068_fourU_WT20c_b_6_m/068_fourU_WT20c_b_6_m_068_fourU
                    _WT20c_b_6_m_profile.txt                                    
           INFO     Inserted probe_fmod_run for sample ID 751 (Run ID: 242)     
           INFO     Inserted probe_fmod_run 242 for sample 068_fourU_WT20c_b_6_m
           INFO     Bulk inserted 80 fmod_vals records.                         
           INFO     Inserted 80 probe_fmod_values records for                   
                    068_fourU_WT20c_b_6_m (modrate).                            
           INFO     Bulk inserted 80 fmod_vals records.                         
           INFO     Inserted 80 probe_fmod_values records for                   
                    068_fourU_WT20c_b_6_m (GAmodrate).                          
           INFO     Wrote per-read histogram for 068_fourU_WT20c_b_6_m          
                    (Modified) to                                               
                    examples/all_mutcounts/mut_count/mut_count___cfg-7359417/art
                    ifacts/068_fourU_WT20c_b_6_m/per_read_histogram.txt         
           INFO     Wrote per-read histogram for 068_fourU_WT20c_b_6_m (GA) to  
                    examples/all_mutcounts/mut_count/mut_count___cfg-7359417/art
                    ifacts/068_fourU_WT20c_b_6_m/per_read_histogram.txtga       
           INFO     mut_count completed. Profiles found for 7/7 samples;        
                    ingested 7 run(s).                                          
           INFO     Finished task ID 25 with state 'completed'                  
           INFO     Task 'mut_count' (ID: 25) completed successfully.           
           INFO     Updated 'latest' symlink for task 'mut_count' to point to   
                    /gpfs/projects/b1044/Computational_Output/EKC/EKC.01_SHAPE_s
                    tandardization/EKC.01.065.refactoring_data_analysis/nerd/exa
                    mples/all_mutcounts/mut_count/mut_count___cfg-7359417       
