[18:00:39] INFO     Executing 'run' command for step: 'mut_count'               
[18:00:39] INFO     Database schema initialized successfully.                   
           INFO     Created run directory:                                      
                    examples/all_mutcounts/mut_count/mut_count___cfg-8ff71fd    
           INFO     Executing task 'mut_count' in run directory:                
                    examples/all_mutcounts/mut_count/mut_count___cfg-8ff71fd    
           INFO     Resolved reaction_group 80_3 to 7 sample(s).                
           INFO     Began task 'mut_count' (ID: 130) for rg:49                  
                    (cfg=8ff71fdba4f7a938d46d4d9e35a0de7b8a43e5a3e750081a7b917a7
                    32fd6f6ea)                                                  
           INFO     Starting command (backend=local) in                         
                    examples/all_mutcounts/mut_count/mut_count___cfg-8ff71fd    
           INFO     Executing command locally. Log file:                        
                    examples/all_mutcounts/mut_count/mut_count___cfg-8ff71fd/com
                    mand.log                                                    
[18:13:49] INFO     Command finished with exit code: 0                          
           INFO     Logged attempt #1 for task ID 130 (Attempt ID: 127)         
           INFO     Command completed successfully. Consuming outputs.          
           INFO     Found ShapeMapper profile for 037-fourU-WT-80c-a-1-p at     
                    examples/all_mutcounts/mut_count/mut_count___cfg-8ff71fd/art
                    ifacts/037-fourU-WT-80c-a-1-p/037-fourU-WT-80c-a-1-p_037-fou
                    rU-WT-80c-a-1-p_profile.txt                                 
           INFO     Inserted probe_fmod_run for sample ID 528 (Run ID: 999)     
           INFO     Inserted probe_fmod_run 999 for sample                      
                    037-fourU-WT-80c-a-1-p                                      
           INFO     Bulk inserted 80 fmod_vals records.                         
           INFO     Inserted 80 probe_fmod_values records for                   
                    037-fourU-WT-80c-a-1-p (modrate).                           
           INFO     Bulk inserted 80 fmod_vals records.                         
           INFO     Inserted 80 probe_fmod_values records for                   
                    037-fourU-WT-80c-a-1-p (GAmodrate).                         
           INFO     Wrote per-read histogram for 037-fourU-WT-80c-a-1-p         
                    (Modified) to                                               
                    examples/all_mutcounts/mut_count/mut_count___cfg-8ff71fd/art
                    ifacts/037-fourU-WT-80c-a-1-p/per_read_histogram.txt        
           INFO     Wrote per-read histogram for 037-fourU-WT-80c-a-1-p (GA) to 
                    examples/all_mutcounts/mut_count/mut_count___cfg-8ff71fd/art
                    ifacts/037-fourU-WT-80c-a-1-p/per_read_histogram.txtga      
           INFO     Found ShapeMapper profile for 038-fourU-WT-80c-a-2-p at     
                    examples/all_mutcounts/mut_count/mut_count___cfg-8ff71fd/art
                    ifacts/038-fourU-WT-80c-a-2-p/038-fourU-WT-80c-a-2-p_038-fou
                    rU-WT-80c-a-2-p_profile.txt                                 
           INFO     Inserted probe_fmod_run for sample ID 529 (Run ID: 1000)    
           INFO     Inserted probe_fmod_run 1000 for sample                     
                    038-fourU-WT-80c-a-2-p                                      
           INFO     Bulk inserted 80 fmod_vals records.                         
           INFO     Inserted 80 probe_fmod_values records for                   
                    038-fourU-WT-80c-a-2-p (modrate).                           
           INFO     Bulk inserted 80 fmod_vals records.                         
           INFO     Inserted 80 probe_fmod_values records for                   
                    038-fourU-WT-80c-a-2-p (GAmodrate).                         
           INFO     Wrote per-read histogram for 038-fourU-WT-80c-a-2-p         
                    (Modified) to                                               
                    examples/all_mutcounts/mut_count/mut_count___cfg-8ff71fd/art
                    ifacts/038-fourU-WT-80c-a-2-p/per_read_histogram.txt        
           INFO     Wrote per-read histogram for 038-fourU-WT-80c-a-2-p (GA) to 
                    examples/all_mutcounts/mut_count/mut_count___cfg-8ff71fd/art
                    ifacts/038-fourU-WT-80c-a-2-p/per_read_histogram.txtga      
           INFO     Found ShapeMapper profile for 039-fourU-WT-80c-a-3-p at     
                    examples/all_mutcounts/mut_count/mut_count___cfg-8ff71fd/art
                    ifacts/039-fourU-WT-80c-a-3-p/039-fourU-WT-80c-a-3-p_039-fou
                    rU-WT-80c-a-3-p_profile.txt                                 
           INFO     Inserted probe_fmod_run for sample ID 530 (Run ID: 1001)    
           INFO     Inserted probe_fmod_run 1001 for sample                     
                    039-fourU-WT-80c-a-3-p                                      
           INFO     Bulk inserted 80 fmod_vals records.                         
           INFO     Inserted 80 probe_fmod_values records for                   
                    039-fourU-WT-80c-a-3-p (modrate).                           
           INFO     Bulk inserted 80 fmod_vals records.                         
           INFO     Inserted 80 probe_fmod_values records for                   
                    039-fourU-WT-80c-a-3-p (GAmodrate).                         
           INFO     Wrote per-read histogram for 039-fourU-WT-80c-a-3-p         
                    (Modified) to                                               
                    examples/all_mutcounts/mut_count/mut_count___cfg-8ff71fd/art
                    ifacts/039-fourU-WT-80c-a-3-p/per_read_histogram.txt        
           INFO     Wrote per-read histogram for 039-fourU-WT-80c-a-3-p (GA) to 
                    examples/all_mutcounts/mut_count/mut_count___cfg-8ff71fd/art
                    ifacts/039-fourU-WT-80c-a-3-p/per_read_histogram.txtga      
           INFO     Found ShapeMapper profile for 040-fourU-WT-80c-a-4-p at     
                    examples/all_mutcounts/mut_count/mut_count___cfg-8ff71fd/art
                    ifacts/040-fourU-WT-80c-a-4-p/040-fourU-WT-80c-a-4-p_040-fou
                    rU-WT-80c-a-4-p_profile.txt                                 
           INFO     Inserted probe_fmod_run for sample ID 531 (Run ID: 1002)    
           INFO     Inserted probe_fmod_run 1002 for sample                     
                    040-fourU-WT-80c-a-4-p                                      
           INFO     Bulk inserted 80 fmod_vals records.                         
           INFO     Inserted 80 probe_fmod_values records for                   
                    040-fourU-WT-80c-a-4-p (modrate).                           
           INFO     Bulk inserted 80 fmod_vals records.                         
           INFO     Inserted 80 probe_fmod_values records for                   
                    040-fourU-WT-80c-a-4-p (GAmodrate).                         
           INFO     Wrote per-read histogram for 040-fourU-WT-80c-a-4-p         
                    (Modified) to                                               
                    examples/all_mutcounts/mut_count/mut_count___cfg-8ff71fd/art
                    ifacts/040-fourU-WT-80c-a-4-p/per_read_histogram.txt        
           INFO     Wrote per-read histogram for 040-fourU-WT-80c-a-4-p (GA) to 
                    examples/all_mutcounts/mut_count/mut_count___cfg-8ff71fd/art
                    ifacts/040-fourU-WT-80c-a-4-p/per_read_histogram.txtga      
           INFO     Found ShapeMapper profile for 041-fourU-WT-80c-a-5-p at     
                    examples/all_mutcounts/mut_count/mut_count___cfg-8ff71fd/art
                    ifacts/041-fourU-WT-80c-a-5-p/041-fourU-WT-80c-a-5-p_041-fou
                    rU-WT-80c-a-5-p_profile.txt                                 
           INFO     Inserted probe_fmod_run for sample ID 532 (Run ID: 1003)    
           INFO     Inserted probe_fmod_run 1003 for sample                     
                    041-fourU-WT-80c-a-5-p                                      
           INFO     Bulk inserted 80 fmod_vals records.                         
           INFO     Inserted 80 probe_fmod_values records for                   
                    041-fourU-WT-80c-a-5-p (modrate).                           
           INFO     Bulk inserted 80 fmod_vals records.                         
           INFO     Inserted 80 probe_fmod_values records for                   
                    041-fourU-WT-80c-a-5-p (GAmodrate).                         
           INFO     Wrote per-read histogram for 041-fourU-WT-80c-a-5-p         
                    (Modified) to                                               
                    examples/all_mutcounts/mut_count/mut_count___cfg-8ff71fd/art
                    ifacts/041-fourU-WT-80c-a-5-p/per_read_histogram.txt        
           INFO     Wrote per-read histogram for 041-fourU-WT-80c-a-5-p (GA) to 
                    examples/all_mutcounts/mut_count/mut_count___cfg-8ff71fd/art
                    ifacts/041-fourU-WT-80c-a-5-p/per_read_histogram.txtga      
           INFO     Found ShapeMapper profile for 042-fourU-WT-80c-a-6-p at     
                    examples/all_mutcounts/mut_count/mut_count___cfg-8ff71fd/art
                    ifacts/042-fourU-WT-80c-a-6-p/042-fourU-WT-80c-a-6-p_042-fou
                    rU-WT-80c-a-6-p_profile.txt                                 
           INFO     Inserted probe_fmod_run for sample ID 533 (Run ID: 1004)    
           INFO     Inserted probe_fmod_run 1004 for sample                     
                    042-fourU-WT-80c-a-6-p                                      
           INFO     Bulk inserted 80 fmod_vals records.                         
           INFO     Inserted 80 probe_fmod_values records for                   
                    042-fourU-WT-80c-a-6-p (modrate).                           
           INFO     Bulk inserted 80 fmod_vals records.                         
           INFO     Inserted 80 probe_fmod_values records for                   
                    042-fourU-WT-80c-a-6-p (GAmodrate).                         
           INFO     Wrote per-read histogram for 042-fourU-WT-80c-a-6-p         
                    (Modified) to                                               
                    examples/all_mutcounts/mut_count/mut_count___cfg-8ff71fd/art
                    ifacts/042-fourU-WT-80c-a-6-p/per_read_histogram.txt        
           INFO     Wrote per-read histogram for 042-fourU-WT-80c-a-6-p (GA) to 
                    examples/all_mutcounts/mut_count/mut_count___cfg-8ff71fd/art
                    ifacts/042-fourU-WT-80c-a-6-p/per_read_histogram.txtga      
           INFO     Found ShapeMapper profile for 090_fourU_WT80c_a_6_m at      
                    examples/all_mutcounts/mut_count/mut_count___cfg-8ff71fd/art
                    ifacts/090_fourU_WT80c_a_6_m/090_fourU_WT80c_a_6_m_090_fourU
                    _WT80c_a_6_m_profile.txt                                    
           INFO     Inserted probe_fmod_run for sample ID 773 (Run ID: 1005)    
           INFO     Inserted probe_fmod_run 1005 for sample                     
                    090_fourU_WT80c_a_6_m                                       
           INFO     Bulk inserted 80 fmod_vals records.                         
           INFO     Inserted 80 probe_fmod_values records for                   
                    090_fourU_WT80c_a_6_m (modrate).                            
           INFO     Bulk inserted 80 fmod_vals records.                         
           INFO     Inserted 80 probe_fmod_values records for                   
                    090_fourU_WT80c_a_6_m (GAmodrate).                          
           INFO     Wrote per-read histogram for 090_fourU_WT80c_a_6_m          
                    (Modified) to                                               
                    examples/all_mutcounts/mut_count/mut_count___cfg-8ff71fd/art
                    ifacts/090_fourU_WT80c_a_6_m/per_read_histogram.txt         
           INFO     Wrote per-read histogram for 090_fourU_WT80c_a_6_m (GA) to  
                    examples/all_mutcounts/mut_count/mut_count___cfg-8ff71fd/art
                    ifacts/090_fourU_WT80c_a_6_m/per_read_histogram.txtga       
           INFO     mut_count completed. Profiles found for 7/7 samples;        
                    ingested 7 run(s).                                          
           INFO     Finished task ID 130 with state 'completed'                 
           INFO     Task 'mut_count' (ID: 130) completed successfully.          
           INFO     Updated 'latest' symlink for task 'mut_count' to point to   
                    /gpfs/projects/b1044/Computational_Output/EKC/EKC.01_SHAPE_s
                    tandardization/EKC.01.065.refactoring_data_analysis/nerd/exa
                    mples/all_mutcounts/mut_count/mut_count___cfg-8ff71fd       
