[18:01:33] INFO     Executing 'run' command for step: 'mut_count'               
[18:01:33] INFO     Database schema initialized successfully.                   
           INFO     Created run directory:                                      
                    examples/all_mutcounts/mut_count/mut_count___cfg-bf44d8a    
           INFO     Executing task 'mut_count' in run directory:                
                    examples/all_mutcounts/mut_count/mut_count___cfg-bf44d8a    
           INFO     Resolved reaction_group 85_1 to 24 sample(s).               
           INFO     Began task 'mut_count' (ID: 134) for rg:15                  
                    (cfg=bf44d8ab5d705935c89116a7c90926c9af42f1a065b7baef83b6885
                    dbd785697)                                                  
           INFO     Starting command (backend=local) in                         
                    examples/all_mutcounts/mut_count/mut_count___cfg-bf44d8a    
           INFO     Executing command locally. Log file:                        
                    examples/all_mutcounts/mut_count/mut_count___cfg-bf44d8a/com
                    mand.log                                                    
[18:27:38] INFO     Command finished with exit code: 0                          
           INFO     Logged attempt #1 for task ID 134 (Attempt ID: 129)         
           INFO     Command completed successfully. Consuming outputs.          
           INFO     Found ShapeMapper profile for                               
                    019-EKC-fourUnew-WT-85C-dms-MaP-1 at                        
                    examples/all_mutcounts/mut_count/mut_count___cfg-bf44d8a/art
                    ifacts/019-EKC-fourUnew-WT-85C-dms-MaP-1/019-EKC-fourUnew-WT
                    -85C-dms-MaP-1_019-EKC-fourUnew-WT-85C-dms-MaP-1_profile.txt
           INFO     Inserted probe_fmod_run for sample ID 228 (Run ID: 1030)    
           INFO     Inserted probe_fmod_run 1030 for sample                     
                    019-EKC-fourUnew-WT-85C-dms-MaP-1                           
           INFO     Bulk inserted 80 fmod_vals records.                         
           INFO     Inserted 80 probe_fmod_values records for                   
                    019-EKC-fourUnew-WT-85C-dms-MaP-1 (modrate).                
           INFO     Bulk inserted 80 fmod_vals records.                         
           INFO     Inserted 80 probe_fmod_values records for                   
                    019-EKC-fourUnew-WT-85C-dms-MaP-1 (GAmodrate).              
           INFO     Wrote per-read histogram for                                
                    019-EKC-fourUnew-WT-85C-dms-MaP-1 (Modified) to             
                    examples/all_mutcounts/mut_count/mut_count___cfg-bf44d8a/art
                    ifacts/019-EKC-fourUnew-WT-85C-dms-MaP-1/per_read_histogram.
                    txt                                                         
           INFO     Wrote per-read histogram for                                
                    019-EKC-fourUnew-WT-85C-dms-MaP-1 (GA) to                   
                    examples/all_mutcounts/mut_count/mut_count___cfg-bf44d8a/art
                    ifacts/019-EKC-fourUnew-WT-85C-dms-MaP-1/per_read_histogram.
                    txtga                                                       
           INFO     Found ShapeMapper profile for                               
                    019-EKC-fourUnew-WT-85C-dms-MaP-1_rerun at                  
                    examples/all_mutcounts/mut_count/mut_count___cfg-bf44d8a/art
                    ifacts/019-EKC-fourUnew-WT-85C-dms-MaP-1_rerun/019-EKC-fourU
                    new-WT-85C-dms-MaP-1_rerun_019-EKC-fourUnew-WT-85C-dms-MaP-1
                    _rerun_profile.txt                                          
           INFO     Inserted probe_fmod_run for sample ID 300 (Run ID: 1031)    
           INFO     Inserted probe_fmod_run 1031 for sample                     
                    019-EKC-fourUnew-WT-85C-dms-MaP-1_rerun                     
           INFO     Bulk inserted 80 fmod_vals records.                         
           INFO     Inserted 80 probe_fmod_values records for                   
                    019-EKC-fourUnew-WT-85C-dms-MaP-1_rerun (modrate).          
           INFO     Bulk inserted 80 fmod_vals records.                         
           INFO     Inserted 80 probe_fmod_values records for                   
                    019-EKC-fourUnew-WT-85C-dms-MaP-1_rerun (GAmodrate).        
           INFO     Wrote per-read histogram for                                
                    019-EKC-fourUnew-WT-85C-dms-MaP-1_rerun (Modified) to       
                    examples/all_mutcounts/mut_count/mut_count___cfg-bf44d8a/art
                    ifacts/019-EKC-fourUnew-WT-85C-dms-MaP-1_rerun/per_read_hist
                    ogram.txt                                                   
           INFO     Wrote per-read histogram for                                
                    019-EKC-fourUnew-WT-85C-dms-MaP-1_rerun (GA) to             
                    examples/all_mutcounts/mut_count/mut_count___cfg-bf44d8a/art
                    ifacts/019-EKC-fourUnew-WT-85C-dms-MaP-1_rerun/per_read_hist
                    ogram.txtga                                                 
           INFO     Found ShapeMapper profile for                               
                    RRRY_019-EKC-fourUnew-WT-85C-dms-MaP-1 at                   
                    examples/all_mutcounts/mut_count/mut_count___cfg-bf44d8a/art
                    ifacts/RRRY_019-EKC-fourUnew-WT-85C-dms-MaP-1/RRRY_019-EKC-f
                    ourUnew-WT-85C-dms-MaP-1_RRRY_019-EKC-fourUnew-WT-85C-dms-Ma
                    P-1_profile.txt                                             
           INFO     Inserted probe_fmod_run for sample ID 270 (Run ID: 1032)    
           INFO     Inserted probe_fmod_run 1032 for sample                     
                    RRRY_019-EKC-fourUnew-WT-85C-dms-MaP-1                      
           INFO     Bulk inserted 80 fmod_vals records.                         
           INFO     Inserted 80 probe_fmod_values records for                   
                    RRRY_019-EKC-fourUnew-WT-85C-dms-MaP-1 (modrate).           
           INFO     Bulk inserted 80 fmod_vals records.                         
           INFO     Inserted 80 probe_fmod_values records for                   
                    RRRY_019-EKC-fourUnew-WT-85C-dms-MaP-1 (GAmodrate).         
           INFO     Wrote per-read histogram for                                
                    RRRY_019-EKC-fourUnew-WT-85C-dms-MaP-1 (Modified) to        
                    examples/all_mutcounts/mut_count/mut_count___cfg-bf44d8a/art
                    ifacts/RRRY_019-EKC-fourUnew-WT-85C-dms-MaP-1/per_read_histo
                    gram.txt                                                    
           INFO     Wrote per-read histogram for                                
                    RRRY_019-EKC-fourUnew-WT-85C-dms-MaP-1 (GA) to              
                    examples/all_mutcounts/mut_count/mut_count___cfg-bf44d8a/art
                    ifacts/RRRY_019-EKC-fourUnew-WT-85C-dms-MaP-1/per_read_histo
                    gram.txtga                                                  
           INFO     Found ShapeMapper profile for                               
                    YYYR_019-EKC-fourUnew-WT-85C-dms-MaP-1 at                   
                    examples/all_mutcounts/mut_count/mut_count___cfg-bf44d8a/art
                    ifacts/YYYR_019-EKC-fourUnew-WT-85C-dms-MaP-1/YYYR_019-EKC-f
                    ourUnew-WT-85C-dms-MaP-1_YYYR_019-EKC-fourUnew-WT-85C-dms-Ma
                    P-1_profile.txt                                             
           INFO     Inserted probe_fmod_run for sample ID 271 (Run ID: 1033)    
           INFO     Inserted probe_fmod_run 1033 for sample                     
                    YYYR_019-EKC-fourUnew-WT-85C-dms-MaP-1                      
           INFO     Bulk inserted 80 fmod_vals records.                         
           INFO     Inserted 80 probe_fmod_values records for                   
                    YYYR_019-EKC-fourUnew-WT-85C-dms-MaP-1 (modrate).           
           INFO     Bulk inserted 80 fmod_vals records.                         
           INFO     Inserted 80 probe_fmod_values records for                   
                    YYYR_019-EKC-fourUnew-WT-85C-dms-MaP-1 (GAmodrate).         
           INFO     Wrote per-read histogram for                                
                    YYYR_019-EKC-fourUnew-WT-85C-dms-MaP-1 (Modified) to        
                    examples/all_mutcounts/mut_count/mut_count___cfg-bf44d8a/art
                    ifacts/YYYR_019-EKC-fourUnew-WT-85C-dms-MaP-1/per_read_histo
                    gram.txt                                                    
           INFO     Wrote per-read histogram for                                
                    YYYR_019-EKC-fourUnew-WT-85C-dms-MaP-1 (GA) to              
                    examples/all_mutcounts/mut_count/mut_count___cfg-bf44d8a/art
                    ifacts/YYYR_019-EKC-fourUnew-WT-85C-dms-MaP-1/per_read_histo
                    gram.txtga                                                  
           INFO     Found ShapeMapper profile for                               
                    020-EKC-fourUnew-WT-85C-dms-MaP-2 at                        
                    examples/all_mutcounts/mut_count/mut_count___cfg-bf44d8a/art
                    ifacts/020-EKC-fourUnew-WT-85C-dms-MaP-2/020-EKC-fourUnew-WT
                    -85C-dms-MaP-2_020-EKC-fourUnew-WT-85C-dms-MaP-2_profile.txt
           INFO     Inserted probe_fmod_run for sample ID 229 (Run ID: 1034)    
           INFO     Inserted probe_fmod_run 1034 for sample                     
                    020-EKC-fourUnew-WT-85C-dms-MaP-2                           
           INFO     Bulk inserted 80 fmod_vals records.                         
           INFO     Inserted 80 probe_fmod_values records for                   
                    020-EKC-fourUnew-WT-85C-dms-MaP-2 (modrate).                
           INFO     Bulk inserted 80 fmod_vals records.                         
           INFO     Inserted 80 probe_fmod_values records for                   
                    020-EKC-fourUnew-WT-85C-dms-MaP-2 (GAmodrate).              
           INFO     Wrote per-read histogram for                                
                    020-EKC-fourUnew-WT-85C-dms-MaP-2 (Modified) to             
                    examples/all_mutcounts/mut_count/mut_count___cfg-bf44d8a/art
                    ifacts/020-EKC-fourUnew-WT-85C-dms-MaP-2/per_read_histogram.
                    txt                                                         
           INFO     Wrote per-read histogram for                                
                    020-EKC-fourUnew-WT-85C-dms-MaP-2 (GA) to                   
                    examples/all_mutcounts/mut_count/mut_count___cfg-bf44d8a/art
                    ifacts/020-EKC-fourUnew-WT-85C-dms-MaP-2/per_read_histogram.
                    txtga                                                       
           INFO     Found ShapeMapper profile for                               
                    020-EKC-fourUnew-WT-85C-dms-MaP-2_rerun at                  
                    examples/all_mutcounts/mut_count/mut_count___cfg-bf44d8a/art
                    ifacts/020-EKC-fourUnew-WT-85C-dms-MaP-2_rerun/020-EKC-fourU
                    new-WT-85C-dms-MaP-2_rerun_020-EKC-fourUnew-WT-85C-dms-MaP-2
                    _rerun_profile.txt                                          
           INFO     Inserted probe_fmod_run for sample ID 301 (Run ID: 1035)    
           INFO     Inserted probe_fmod_run 1035 for sample                     
                    020-EKC-fourUnew-WT-85C-dms-MaP-2_rerun                     
           INFO     Bulk inserted 80 fmod_vals records.                         
           INFO     Inserted 80 probe_fmod_values records for                   
                    020-EKC-fourUnew-WT-85C-dms-MaP-2_rerun (modrate).          
           INFO     Bulk inserted 80 fmod_vals records.                         
           INFO     Inserted 80 probe_fmod_values records for                   
                    020-EKC-fourUnew-WT-85C-dms-MaP-2_rerun (GAmodrate).        
           INFO     Wrote per-read histogram for                                
                    020-EKC-fourUnew-WT-85C-dms-MaP-2_rerun (Modified) to       
                    examples/all_mutcounts/mut_count/mut_count___cfg-bf44d8a/art
                    ifacts/020-EKC-fourUnew-WT-85C-dms-MaP-2_rerun/per_read_hist
                    ogram.txt                                                   
           INFO     Wrote per-read histogram for                                
                    020-EKC-fourUnew-WT-85C-dms-MaP-2_rerun (GA) to             
                    examples/all_mutcounts/mut_count/mut_count___cfg-bf44d8a/art
                    ifacts/020-EKC-fourUnew-WT-85C-dms-MaP-2_rerun/per_read_hist
                    ogram.txtga                                                 
           INFO     Found ShapeMapper profile for                               
                    RRRY_020-EKC-fourUnew-WT-85C-dms-MaP-2 at                   
                    examples/all_mutcounts/mut_count/mut_count___cfg-bf44d8a/art
                    ifacts/RRRY_020-EKC-fourUnew-WT-85C-dms-MaP-2/RRRY_020-EKC-f
                    ourUnew-WT-85C-dms-MaP-2_RRRY_020-EKC-fourUnew-WT-85C-dms-Ma
                    P-2_profile.txt                                             
           INFO     Inserted probe_fmod_run for sample ID 272 (Run ID: 1036)    
           INFO     Inserted probe_fmod_run 1036 for sample                     
                    RRRY_020-EKC-fourUnew-WT-85C-dms-MaP-2                      
           INFO     Bulk inserted 80 fmod_vals records.                         
           INFO     Inserted 80 probe_fmod_values records for                   
                    RRRY_020-EKC-fourUnew-WT-85C-dms-MaP-2 (modrate).           
           INFO     Bulk inserted 80 fmod_vals records.                         
           INFO     Inserted 80 probe_fmod_values records for                   
                    RRRY_020-EKC-fourUnew-WT-85C-dms-MaP-2 (GAmodrate).         
           INFO     Wrote per-read histogram for                                
                    RRRY_020-EKC-fourUnew-WT-85C-dms-MaP-2 (Modified) to        
                    examples/all_mutcounts/mut_count/mut_count___cfg-bf44d8a/art
                    ifacts/RRRY_020-EKC-fourUnew-WT-85C-dms-MaP-2/per_read_histo
                    gram.txt                                                    
           INFO     Wrote per-read histogram for                                
                    RRRY_020-EKC-fourUnew-WT-85C-dms-MaP-2 (GA) to              
                    examples/all_mutcounts/mut_count/mut_count___cfg-bf44d8a/art
                    ifacts/RRRY_020-EKC-fourUnew-WT-85C-dms-MaP-2/per_read_histo
                    gram.txtga                                                  
           INFO     Found ShapeMapper profile for                               
                    YYYR_020-EKC-fourUnew-WT-85C-dms-MaP-2 at                   
                    examples/all_mutcounts/mut_count/mut_count___cfg-bf44d8a/art
                    ifacts/YYYR_020-EKC-fourUnew-WT-85C-dms-MaP-2/YYYR_020-EKC-f
                    ourUnew-WT-85C-dms-MaP-2_YYYR_020-EKC-fourUnew-WT-85C-dms-Ma
                    P-2_profile.txt                                             
           INFO     Inserted probe_fmod_run for sample ID 273 (Run ID: 1037)    
           INFO     Inserted probe_fmod_run 1037 for sample                     
                    YYYR_020-EKC-fourUnew-WT-85C-dms-MaP-2                      
           INFO     Bulk inserted 80 fmod_vals records.                         
           INFO     Inserted 80 probe_fmod_values records for                   
                    YYYR_020-EKC-fourUnew-WT-85C-dms-MaP-2 (modrate).           
           INFO     Bulk inserted 80 fmod_vals records.                         
           INFO     Inserted 80 probe_fmod_values records for                   
                    YYYR_020-EKC-fourUnew-WT-85C-dms-MaP-2 (GAmodrate).         
           INFO     Wrote per-read histogram for                                
                    YYYR_020-EKC-fourUnew-WT-85C-dms-MaP-2 (Modified) to        
                    examples/all_mutcounts/mut_count/mut_count___cfg-bf44d8a/art
                    ifacts/YYYR_020-EKC-fourUnew-WT-85C-dms-MaP-2/per_read_histo
                    gram.txt                                                    
           INFO     Wrote per-read histogram for                                
                    YYYR_020-EKC-fourUnew-WT-85C-dms-MaP-2 (GA) to              
                    examples/all_mutcounts/mut_count/mut_count___cfg-bf44d8a/art
                    ifacts/YYYR_020-EKC-fourUnew-WT-85C-dms-MaP-2/per_read_histo
                    gram.txtga                                                  
           INFO     Found ShapeMapper profile for                               
                    021-EKC-fourUnew-WT-85C-dms-MaP-3 at                        
                    examples/all_mutcounts/mut_count/mut_count___cfg-bf44d8a/art
                    ifacts/021-EKC-fourUnew-WT-85C-dms-MaP-3/021-EKC-fourUnew-WT
                    -85C-dms-MaP-3_021-EKC-fourUnew-WT-85C-dms-MaP-3_profile.txt
           INFO     Inserted probe_fmod_run for sample ID 230 (Run ID: 1038)    
           INFO     Inserted probe_fmod_run 1038 for sample                     
                    021-EKC-fourUnew-WT-85C-dms-MaP-3                           
           INFO     Bulk inserted 80 fmod_vals records.                         
           INFO     Inserted 80 probe_fmod_values records for                   
                    021-EKC-fourUnew-WT-85C-dms-MaP-3 (modrate).                
           INFO     Bulk inserted 80 fmod_vals records.                         
           INFO     Inserted 80 probe_fmod_values records for                   
                    021-EKC-fourUnew-WT-85C-dms-MaP-3 (GAmodrate).              
           INFO     Wrote per-read histogram for                                
                    021-EKC-fourUnew-WT-85C-dms-MaP-3 (Modified) to             
                    examples/all_mutcounts/mut_count/mut_count___cfg-bf44d8a/art
                    ifacts/021-EKC-fourUnew-WT-85C-dms-MaP-3/per_read_histogram.
                    txt                                                         
           INFO     Wrote per-read histogram for                                
                    021-EKC-fourUnew-WT-85C-dms-MaP-3 (GA) to                   
                    examples/all_mutcounts/mut_count/mut_count___cfg-bf44d8a/art
                    ifacts/021-EKC-fourUnew-WT-85C-dms-MaP-3/per_read_histogram.
                    txtga                                                       
           INFO     Found ShapeMapper profile for                               
                    021-EKC-fourUnew-WT-85C-dms-MaP-3_rerun at                  
                    examples/all_mutcounts/mut_count/mut_count___cfg-bf44d8a/art
                    ifacts/021-EKC-fourUnew-WT-85C-dms-MaP-3_rerun/021-EKC-fourU
                    new-WT-85C-dms-MaP-3_rerun_021-EKC-fourUnew-WT-85C-dms-MaP-3
                    _rerun_profile.txt                                          
           INFO     Inserted probe_fmod_run for sample ID 302 (Run ID: 1039)    
           INFO     Inserted probe_fmod_run 1039 for sample                     
                    021-EKC-fourUnew-WT-85C-dms-MaP-3_rerun                     
           INFO     Bulk inserted 80 fmod_vals records.                         
           INFO     Inserted 80 probe_fmod_values records for                   
                    021-EKC-fourUnew-WT-85C-dms-MaP-3_rerun (modrate).          
           INFO     Bulk inserted 80 fmod_vals records.                         
           INFO     Inserted 80 probe_fmod_values records for                   
                    021-EKC-fourUnew-WT-85C-dms-MaP-3_rerun (GAmodrate).        
           INFO     Wrote per-read histogram for                                
                    021-EKC-fourUnew-WT-85C-dms-MaP-3_rerun (Modified) to       
                    examples/all_mutcounts/mut_count/mut_count___cfg-bf44d8a/art
                    ifacts/021-EKC-fourUnew-WT-85C-dms-MaP-3_rerun/per_read_hist
                    ogram.txt                                                   
           INFO     Wrote per-read histogram for                                
                    021-EKC-fourUnew-WT-85C-dms-MaP-3_rerun (GA) to             
                    examples/all_mutcounts/mut_count/mut_count___cfg-bf44d8a/art
                    ifacts/021-EKC-fourUnew-WT-85C-dms-MaP-3_rerun/per_read_hist
                    ogram.txtga                                                 
           INFO     Found ShapeMapper profile for                               
                    RRRY_021-EKC-fourUnew-WT-85C-dms-MaP-3 at                   
                    examples/all_mutcounts/mut_count/mut_count___cfg-bf44d8a/art
                    ifacts/RRRY_021-EKC-fourUnew-WT-85C-dms-MaP-3/RRRY_021-EKC-f
                    ourUnew-WT-85C-dms-MaP-3_RRRY_021-EKC-fourUnew-WT-85C-dms-Ma
                    P-3_profile.txt                                             
           INFO     Inserted probe_fmod_run for sample ID 274 (Run ID: 1040)    
           INFO     Inserted probe_fmod_run 1040 for sample                     
                    RRRY_021-EKC-fourUnew-WT-85C-dms-MaP-3                      
           INFO     Bulk inserted 80 fmod_vals records.                         
           INFO     Inserted 80 probe_fmod_values records for                   
                    RRRY_021-EKC-fourUnew-WT-85C-dms-MaP-3 (modrate).           
           INFO     Bulk inserted 80 fmod_vals records.                         
           INFO     Inserted 80 probe_fmod_values records for                   
                    RRRY_021-EKC-fourUnew-WT-85C-dms-MaP-3 (GAmodrate).         
           INFO     Wrote per-read histogram for                                
                    RRRY_021-EKC-fourUnew-WT-85C-dms-MaP-3 (Modified) to        
                    examples/all_mutcounts/mut_count/mut_count___cfg-bf44d8a/art
                    ifacts/RRRY_021-EKC-fourUnew-WT-85C-dms-MaP-3/per_read_histo
                    gram.txt                                                    
           INFO     Wrote per-read histogram for                                
                    RRRY_021-EKC-fourUnew-WT-85C-dms-MaP-3 (GA) to              
                    examples/all_mutcounts/mut_count/mut_count___cfg-bf44d8a/art
                    ifacts/RRRY_021-EKC-fourUnew-WT-85C-dms-MaP-3/per_read_histo
                    gram.txtga                                                  
           INFO     Found ShapeMapper profile for                               
                    YYYR_021-EKC-fourUnew-WT-85C-dms-MaP-3 at                   
                    examples/all_mutcounts/mut_count/mut_count___cfg-bf44d8a/art
                    ifacts/YYYR_021-EKC-fourUnew-WT-85C-dms-MaP-3/YYYR_021-EKC-f
                    ourUnew-WT-85C-dms-MaP-3_YYYR_021-EKC-fourUnew-WT-85C-dms-Ma
                    P-3_profile.txt                                             
           INFO     Inserted probe_fmod_run for sample ID 275 (Run ID: 1041)    
           INFO     Inserted probe_fmod_run 1041 for sample                     
                    YYYR_021-EKC-fourUnew-WT-85C-dms-MaP-3                      
           INFO     Bulk inserted 80 fmod_vals records.                         
           INFO     Inserted 80 probe_fmod_values records for                   
                    YYYR_021-EKC-fourUnew-WT-85C-dms-MaP-3 (modrate).           
           INFO     Bulk inserted 80 fmod_vals records.                         
           INFO     Inserted 80 probe_fmod_values records for                   
                    YYYR_021-EKC-fourUnew-WT-85C-dms-MaP-3 (GAmodrate).         
           INFO     Wrote per-read histogram for                                
                    YYYR_021-EKC-fourUnew-WT-85C-dms-MaP-3 (Modified) to        
                    examples/all_mutcounts/mut_count/mut_count___cfg-bf44d8a/art
                    ifacts/YYYR_021-EKC-fourUnew-WT-85C-dms-MaP-3/per_read_histo
                    gram.txt                                                    
           INFO     Wrote per-read histogram for                                
                    YYYR_021-EKC-fourUnew-WT-85C-dms-MaP-3 (GA) to              
                    examples/all_mutcounts/mut_count/mut_count___cfg-bf44d8a/art
                    ifacts/YYYR_021-EKC-fourUnew-WT-85C-dms-MaP-3/per_read_histo
                    gram.txtga                                                  
           INFO     Found ShapeMapper profile for                               
                    022-EKC-fourUnew-WT-85C-dms-MaP-4 at                        
                    examples/all_mutcounts/mut_count/mut_count___cfg-bf44d8a/art
                    ifacts/022-EKC-fourUnew-WT-85C-dms-MaP-4/022-EKC-fourUnew-WT
                    -85C-dms-MaP-4_022-EKC-fourUnew-WT-85C-dms-MaP-4_profile.txt
           INFO     Inserted probe_fmod_run for sample ID 231 (Run ID: 1042)    
           INFO     Inserted probe_fmod_run 1042 for sample                     
                    022-EKC-fourUnew-WT-85C-dms-MaP-4                           
           INFO     Bulk inserted 80 fmod_vals records.                         
           INFO     Inserted 80 probe_fmod_values records for                   
                    022-EKC-fourUnew-WT-85C-dms-MaP-4 (modrate).                
           INFO     Bulk inserted 80 fmod_vals records.                         
           INFO     Inserted 80 probe_fmod_values records for                   
                    022-EKC-fourUnew-WT-85C-dms-MaP-4 (GAmodrate).              
           INFO     Wrote per-read histogram for                                
                    022-EKC-fourUnew-WT-85C-dms-MaP-4 (Modified) to             
                    examples/all_mutcounts/mut_count/mut_count___cfg-bf44d8a/art
                    ifacts/022-EKC-fourUnew-WT-85C-dms-MaP-4/per_read_histogram.
                    txt                                                         
           INFO     Wrote per-read histogram for                                
                    022-EKC-fourUnew-WT-85C-dms-MaP-4 (GA) to                   
                    examples/all_mutcounts/mut_count/mut_count___cfg-bf44d8a/art
                    ifacts/022-EKC-fourUnew-WT-85C-dms-MaP-4/per_read_histogram.
                    txtga                                                       
           INFO     Found ShapeMapper profile for                               
                    022-EKC-fourUnew-WT-85C-dms-MaP-4_rerun at                  
                    examples/all_mutcounts/mut_count/mut_count___cfg-bf44d8a/art
                    ifacts/022-EKC-fourUnew-WT-85C-dms-MaP-4_rerun/022-EKC-fourU
                    new-WT-85C-dms-MaP-4_rerun_022-EKC-fourUnew-WT-85C-dms-MaP-4
                    _rerun_profile.txt                                          
           INFO     Inserted probe_fmod_run for sample ID 303 (Run ID: 1043)    
           INFO     Inserted probe_fmod_run 1043 for sample                     
                    022-EKC-fourUnew-WT-85C-dms-MaP-4_rerun                     
           INFO     Bulk inserted 80 fmod_vals records.                         
           INFO     Inserted 80 probe_fmod_values records for                   
                    022-EKC-fourUnew-WT-85C-dms-MaP-4_rerun (modrate).          
           INFO     Bulk inserted 80 fmod_vals records.                         
           INFO     Inserted 80 probe_fmod_values records for                   
                    022-EKC-fourUnew-WT-85C-dms-MaP-4_rerun (GAmodrate).        
           INFO     Wrote per-read histogram for                                
                    022-EKC-fourUnew-WT-85C-dms-MaP-4_rerun (Modified) to       
                    examples/all_mutcounts/mut_count/mut_count___cfg-bf44d8a/art
                    ifacts/022-EKC-fourUnew-WT-85C-dms-MaP-4_rerun/per_read_hist
                    ogram.txt                                                   
           INFO     Wrote per-read histogram for                                
                    022-EKC-fourUnew-WT-85C-dms-MaP-4_rerun (GA) to             
                    examples/all_mutcounts/mut_count/mut_count___cfg-bf44d8a/art
                    ifacts/022-EKC-fourUnew-WT-85C-dms-MaP-4_rerun/per_read_hist
                    ogram.txtga                                                 
           INFO     Found ShapeMapper profile for                               
                    RRRY_022-EKC-fourUnew-WT-85C-dms-MaP-4 at                   
                    examples/all_mutcounts/mut_count/mut_count___cfg-bf44d8a/art
                    ifacts/RRRY_022-EKC-fourUnew-WT-85C-dms-MaP-4/RRRY_022-EKC-f
                    ourUnew-WT-85C-dms-MaP-4_RRRY_022-EKC-fourUnew-WT-85C-dms-Ma
                    P-4_profile.txt                                             
           INFO     Inserted probe_fmod_run for sample ID 276 (Run ID: 1044)    
           INFO     Inserted probe_fmod_run 1044 for sample                     
                    RRRY_022-EKC-fourUnew-WT-85C-dms-MaP-4                      
           INFO     Bulk inserted 80 fmod_vals records.                         
           INFO     Inserted 80 probe_fmod_values records for                   
                    RRRY_022-EKC-fourUnew-WT-85C-dms-MaP-4 (modrate).           
           INFO     Bulk inserted 80 fmod_vals records.                         
           INFO     Inserted 80 probe_fmod_values records for                   
                    RRRY_022-EKC-fourUnew-WT-85C-dms-MaP-4 (GAmodrate).         
           INFO     Wrote per-read histogram for                                
                    RRRY_022-EKC-fourUnew-WT-85C-dms-MaP-4 (Modified) to        
                    examples/all_mutcounts/mut_count/mut_count___cfg-bf44d8a/art
                    ifacts/RRRY_022-EKC-fourUnew-WT-85C-dms-MaP-4/per_read_histo
                    gram.txt                                                    
           INFO     Wrote per-read histogram for                                
                    RRRY_022-EKC-fourUnew-WT-85C-dms-MaP-4 (GA) to              
                    examples/all_mutcounts/mut_count/mut_count___cfg-bf44d8a/art
                    ifacts/RRRY_022-EKC-fourUnew-WT-85C-dms-MaP-4/per_read_histo
                    gram.txtga                                                  
           INFO     Found ShapeMapper profile for                               
                    YYYR_022-EKC-fourUnew-WT-85C-dms-MaP-4 at                   
                    examples/all_mutcounts/mut_count/mut_count___cfg-bf44d8a/art
                    ifacts/YYYR_022-EKC-fourUnew-WT-85C-dms-MaP-4/YYYR_022-EKC-f
                    ourUnew-WT-85C-dms-MaP-4_YYYR_022-EKC-fourUnew-WT-85C-dms-Ma
                    P-4_profile.txt                                             
           INFO     Inserted probe_fmod_run for sample ID 277 (Run ID: 1045)    
           INFO     Inserted probe_fmod_run 1045 for sample                     
                    YYYR_022-EKC-fourUnew-WT-85C-dms-MaP-4                      
           INFO     Bulk inserted 80 fmod_vals records.                         
           INFO     Inserted 80 probe_fmod_values records for                   
                    YYYR_022-EKC-fourUnew-WT-85C-dms-MaP-4 (modrate).           
           INFO     Bulk inserted 80 fmod_vals records.                         
           INFO     Inserted 80 probe_fmod_values records for                   
                    YYYR_022-EKC-fourUnew-WT-85C-dms-MaP-4 (GAmodrate).         
           INFO     Wrote per-read histogram for                                
                    YYYR_022-EKC-fourUnew-WT-85C-dms-MaP-4 (Modified) to        
                    examples/all_mutcounts/mut_count/mut_count___cfg-bf44d8a/art
                    ifacts/YYYR_022-EKC-fourUnew-WT-85C-dms-MaP-4/per_read_histo
                    gram.txt                                                    
           INFO     Wrote per-read histogram for                                
                    YYYR_022-EKC-fourUnew-WT-85C-dms-MaP-4 (GA) to              
                    examples/all_mutcounts/mut_count/mut_count___cfg-bf44d8a/art
                    ifacts/YYYR_022-EKC-fourUnew-WT-85C-dms-MaP-4/per_read_histo
                    gram.txtga                                                  
           INFO     Found ShapeMapper profile for                               
                    023-EKC-fourUnew-WT-85C-dms-MaP-5 at                        
                    examples/all_mutcounts/mut_count/mut_count___cfg-bf44d8a/art
                    ifacts/023-EKC-fourUnew-WT-85C-dms-MaP-5/023-EKC-fourUnew-WT
                    -85C-dms-MaP-5_023-EKC-fourUnew-WT-85C-dms-MaP-5_profile.txt
           INFO     Inserted probe_fmod_run for sample ID 232 (Run ID: 1046)    
           INFO     Inserted probe_fmod_run 1046 for sample                     
                    023-EKC-fourUnew-WT-85C-dms-MaP-5                           
           INFO     Bulk inserted 80 fmod_vals records.                         
           INFO     Inserted 80 probe_fmod_values records for                   
                    023-EKC-fourUnew-WT-85C-dms-MaP-5 (modrate).                
           INFO     Bulk inserted 80 fmod_vals records.                         
           INFO     Inserted 80 probe_fmod_values records for                   
                    023-EKC-fourUnew-WT-85C-dms-MaP-5 (GAmodrate).              
           INFO     Wrote per-read histogram for                                
                    023-EKC-fourUnew-WT-85C-dms-MaP-5 (Modified) to             
                    examples/all_mutcounts/mut_count/mut_count___cfg-bf44d8a/art
                    ifacts/023-EKC-fourUnew-WT-85C-dms-MaP-5/per_read_histogram.
                    txt                                                         
           INFO     Wrote per-read histogram for                                
                    023-EKC-fourUnew-WT-85C-dms-MaP-5 (GA) to                   
                    examples/all_mutcounts/mut_count/mut_count___cfg-bf44d8a/art
                    ifacts/023-EKC-fourUnew-WT-85C-dms-MaP-5/per_read_histogram.
                    txtga                                                       
           INFO     Found ShapeMapper profile for                               
                    023-EKC-fourUnew-WT-85C-dms-MaP-5_rerun at                  
                    examples/all_mutcounts/mut_count/mut_count___cfg-bf44d8a/art
                    ifacts/023-EKC-fourUnew-WT-85C-dms-MaP-5_rerun/023-EKC-fourU
                    new-WT-85C-dms-MaP-5_rerun_023-EKC-fourUnew-WT-85C-dms-MaP-5
                    _rerun_profile.txt                                          
           INFO     Inserted probe_fmod_run for sample ID 304 (Run ID: 1047)    
           INFO     Inserted probe_fmod_run 1047 for sample                     
                    023-EKC-fourUnew-WT-85C-dms-MaP-5_rerun                     
           INFO     Bulk inserted 80 fmod_vals records.                         
           INFO     Inserted 80 probe_fmod_values records for                   
                    023-EKC-fourUnew-WT-85C-dms-MaP-5_rerun (modrate).          
           INFO     Bulk inserted 80 fmod_vals records.                         
           INFO     Inserted 80 probe_fmod_values records for                   
                    023-EKC-fourUnew-WT-85C-dms-MaP-5_rerun (GAmodrate).        
           INFO     Wrote per-read histogram for                                
                    023-EKC-fourUnew-WT-85C-dms-MaP-5_rerun (Modified) to       
                    examples/all_mutcounts/mut_count/mut_count___cfg-bf44d8a/art
                    ifacts/023-EKC-fourUnew-WT-85C-dms-MaP-5_rerun/per_read_hist
                    ogram.txt                                                   
           INFO     Wrote per-read histogram for                                
                    023-EKC-fourUnew-WT-85C-dms-MaP-5_rerun (GA) to             
                    examples/all_mutcounts/mut_count/mut_count___cfg-bf44d8a/art
                    ifacts/023-EKC-fourUnew-WT-85C-dms-MaP-5_rerun/per_read_hist
                    ogram.txtga                                                 
           INFO     Found ShapeMapper profile for                               
                    RRRY_023-EKC-fourUnew-WT-85C-dms-MaP-5 at                   
                    examples/all_mutcounts/mut_count/mut_count___cfg-bf44d8a/art
                    ifacts/RRRY_023-EKC-fourUnew-WT-85C-dms-MaP-5/RRRY_023-EKC-f
                    ourUnew-WT-85C-dms-MaP-5_RRRY_023-EKC-fourUnew-WT-85C-dms-Ma
                    P-5_profile.txt                                             
           INFO     Inserted probe_fmod_run for sample ID 278 (Run ID: 1048)    
           INFO     Inserted probe_fmod_run 1048 for sample                     
                    RRRY_023-EKC-fourUnew-WT-85C-dms-MaP-5                      
           INFO     Bulk inserted 80 fmod_vals records.                         
           INFO     Inserted 80 probe_fmod_values records for                   
                    RRRY_023-EKC-fourUnew-WT-85C-dms-MaP-5 (modrate).           
           INFO     Bulk inserted 80 fmod_vals records.                         
           INFO     Inserted 80 probe_fmod_values records for                   
                    RRRY_023-EKC-fourUnew-WT-85C-dms-MaP-5 (GAmodrate).         
           INFO     Wrote per-read histogram for                                
                    RRRY_023-EKC-fourUnew-WT-85C-dms-MaP-5 (Modified) to        
                    examples/all_mutcounts/mut_count/mut_count___cfg-bf44d8a/art
                    ifacts/RRRY_023-EKC-fourUnew-WT-85C-dms-MaP-5/per_read_histo
                    gram.txt                                                    
           INFO     Wrote per-read histogram for                                
                    RRRY_023-EKC-fourUnew-WT-85C-dms-MaP-5 (GA) to              
                    examples/all_mutcounts/mut_count/mut_count___cfg-bf44d8a/art
                    ifacts/RRRY_023-EKC-fourUnew-WT-85C-dms-MaP-5/per_read_histo
                    gram.txtga                                                  
           INFO     Found ShapeMapper profile for                               
                    YYYR_023-EKC-fourUnew-WT-85C-dms-MaP-5 at                   
                    examples/all_mutcounts/mut_count/mut_count___cfg-bf44d8a/art
                    ifacts/YYYR_023-EKC-fourUnew-WT-85C-dms-MaP-5/YYYR_023-EKC-f
                    ourUnew-WT-85C-dms-MaP-5_YYYR_023-EKC-fourUnew-WT-85C-dms-Ma
                    P-5_profile.txt                                             
           INFO     Inserted probe_fmod_run for sample ID 279 (Run ID: 1049)    
           INFO     Inserted probe_fmod_run 1049 for sample                     
                    YYYR_023-EKC-fourUnew-WT-85C-dms-MaP-5                      
           INFO     Bulk inserted 80 fmod_vals records.                         
           INFO     Inserted 80 probe_fmod_values records for                   
                    YYYR_023-EKC-fourUnew-WT-85C-dms-MaP-5 (modrate).           
           INFO     Bulk inserted 80 fmod_vals records.                         
           INFO     Inserted 80 probe_fmod_values records for                   
                    YYYR_023-EKC-fourUnew-WT-85C-dms-MaP-5 (GAmodrate).         
           INFO     Wrote per-read histogram for                                
                    YYYR_023-EKC-fourUnew-WT-85C-dms-MaP-5 (Modified) to        
                    examples/all_mutcounts/mut_count/mut_count___cfg-bf44d8a/art
                    ifacts/YYYR_023-EKC-fourUnew-WT-85C-dms-MaP-5/per_read_histo
                    gram.txt                                                    
           INFO     Wrote per-read histogram for                                
                    YYYR_023-EKC-fourUnew-WT-85C-dms-MaP-5 (GA) to              
                    examples/all_mutcounts/mut_count/mut_count___cfg-bf44d8a/art
                    ifacts/YYYR_023-EKC-fourUnew-WT-85C-dms-MaP-5/per_read_histo
                    gram.txtga                                                  
           INFO     Found ShapeMapper profile for                               
                    024-EKC-fourUnew-WT-85C-dms-MaP-6 at                        
                    examples/all_mutcounts/mut_count/mut_count___cfg-bf44d8a/art
                    ifacts/024-EKC-fourUnew-WT-85C-dms-MaP-6/024-EKC-fourUnew-WT
                    -85C-dms-MaP-6_024-EKC-fourUnew-WT-85C-dms-MaP-6_profile.txt
           INFO     Inserted probe_fmod_run for sample ID 233 (Run ID: 1050)    
           INFO     Inserted probe_fmod_run 1050 for sample                     
                    024-EKC-fourUnew-WT-85C-dms-MaP-6                           
           INFO     Bulk inserted 80 fmod_vals records.                         
           INFO     Inserted 80 probe_fmod_values records for                   
                    024-EKC-fourUnew-WT-85C-dms-MaP-6 (modrate).                
           INFO     Bulk inserted 80 fmod_vals records.                         
           INFO     Inserted 80 probe_fmod_values records for                   
                    024-EKC-fourUnew-WT-85C-dms-MaP-6 (GAmodrate).              
           INFO     Wrote per-read histogram for                                
                    024-EKC-fourUnew-WT-85C-dms-MaP-6 (Modified) to             
                    examples/all_mutcounts/mut_count/mut_count___cfg-bf44d8a/art
                    ifacts/024-EKC-fourUnew-WT-85C-dms-MaP-6/per_read_histogram.
                    txt                                                         
           INFO     Wrote per-read histogram for                                
                    024-EKC-fourUnew-WT-85C-dms-MaP-6 (GA) to                   
                    examples/all_mutcounts/mut_count/mut_count___cfg-bf44d8a/art
                    ifacts/024-EKC-fourUnew-WT-85C-dms-MaP-6/per_read_histogram.
                    txtga                                                       
           INFO     Found ShapeMapper profile for                               
                    024-EKC-fourUnew-WT-85C-dms-MaP-6_rerun at                  
                    examples/all_mutcounts/mut_count/mut_count___cfg-bf44d8a/art
                    ifacts/024-EKC-fourUnew-WT-85C-dms-MaP-6_rerun/024-EKC-fourU
                    new-WT-85C-dms-MaP-6_rerun_024-EKC-fourUnew-WT-85C-dms-MaP-6
                    _rerun_profile.txt                                          
           INFO     Inserted probe_fmod_run for sample ID 305 (Run ID: 1051)    
           INFO     Inserted probe_fmod_run 1051 for sample                     
                    024-EKC-fourUnew-WT-85C-dms-MaP-6_rerun                     
           INFO     Bulk inserted 80 fmod_vals records.                         
           INFO     Inserted 80 probe_fmod_values records for                   
                    024-EKC-fourUnew-WT-85C-dms-MaP-6_rerun (modrate).          
           INFO     Bulk inserted 80 fmod_vals records.                         
           INFO     Inserted 80 probe_fmod_values records for                   
                    024-EKC-fourUnew-WT-85C-dms-MaP-6_rerun (GAmodrate).        
           INFO     Wrote per-read histogram for                                
                    024-EKC-fourUnew-WT-85C-dms-MaP-6_rerun (Modified) to       
                    examples/all_mutcounts/mut_count/mut_count___cfg-bf44d8a/art
                    ifacts/024-EKC-fourUnew-WT-85C-dms-MaP-6_rerun/per_read_hist
                    ogram.txt                                                   
           INFO     Wrote per-read histogram for                                
                    024-EKC-fourUnew-WT-85C-dms-MaP-6_rerun (GA) to             
                    examples/all_mutcounts/mut_count/mut_count___cfg-bf44d8a/art
                    ifacts/024-EKC-fourUnew-WT-85C-dms-MaP-6_rerun/per_read_hist
                    ogram.txtga                                                 
           INFO     Found ShapeMapper profile for                               
                    RRRY_024-EKC-fourUnew-WT-85C-dms-MaP-6 at                   
                    examples/all_mutcounts/mut_count/mut_count___cfg-bf44d8a/art
                    ifacts/RRRY_024-EKC-fourUnew-WT-85C-dms-MaP-6/RRRY_024-EKC-f
                    ourUnew-WT-85C-dms-MaP-6_RRRY_024-EKC-fourUnew-WT-85C-dms-Ma
                    P-6_profile.txt                                             
           INFO     Inserted probe_fmod_run for sample ID 280 (Run ID: 1052)    
           INFO     Inserted probe_fmod_run 1052 for sample                     
                    RRRY_024-EKC-fourUnew-WT-85C-dms-MaP-6                      
           INFO     Bulk inserted 80 fmod_vals records.                         
           INFO     Inserted 80 probe_fmod_values records for                   
                    RRRY_024-EKC-fourUnew-WT-85C-dms-MaP-6 (modrate).           
           INFO     Bulk inserted 80 fmod_vals records.                         
           INFO     Inserted 80 probe_fmod_values records for                   
                    RRRY_024-EKC-fourUnew-WT-85C-dms-MaP-6 (GAmodrate).         
           INFO     Wrote per-read histogram for                                
                    RRRY_024-EKC-fourUnew-WT-85C-dms-MaP-6 (Modified) to        
                    examples/all_mutcounts/mut_count/mut_count___cfg-bf44d8a/art
                    ifacts/RRRY_024-EKC-fourUnew-WT-85C-dms-MaP-6/per_read_histo
                    gram.txt                                                    
           INFO     Wrote per-read histogram for                                
                    RRRY_024-EKC-fourUnew-WT-85C-dms-MaP-6 (GA) to              
                    examples/all_mutcounts/mut_count/mut_count___cfg-bf44d8a/art
                    ifacts/RRRY_024-EKC-fourUnew-WT-85C-dms-MaP-6/per_read_histo
                    gram.txtga                                                  
           INFO     Found ShapeMapper profile for                               
                    YYYR_024-EKC-fourUnew-WT-85C-dms-MaP-6 at                   
                    examples/all_mutcounts/mut_count/mut_count___cfg-bf44d8a/art
                    ifacts/YYYR_024-EKC-fourUnew-WT-85C-dms-MaP-6/YYYR_024-EKC-f
                    ourUnew-WT-85C-dms-MaP-6_YYYR_024-EKC-fourUnew-WT-85C-dms-Ma
                    P-6_profile.txt                                             
           INFO     Inserted probe_fmod_run for sample ID 281 (Run ID: 1053)    
           INFO     Inserted probe_fmod_run 1053 for sample                     
                    YYYR_024-EKC-fourUnew-WT-85C-dms-MaP-6                      
           INFO     Bulk inserted 80 fmod_vals records.                         
           INFO     Inserted 80 probe_fmod_values records for                   
                    YYYR_024-EKC-fourUnew-WT-85C-dms-MaP-6 (modrate).           
           INFO     Bulk inserted 80 fmod_vals records.                         
           INFO     Inserted 80 probe_fmod_values records for                   
                    YYYR_024-EKC-fourUnew-WT-85C-dms-MaP-6 (GAmodrate).         
           INFO     Wrote per-read histogram for                                
                    YYYR_024-EKC-fourUnew-WT-85C-dms-MaP-6 (Modified) to        
                    examples/all_mutcounts/mut_count/mut_count___cfg-bf44d8a/art
                    ifacts/YYYR_024-EKC-fourUnew-WT-85C-dms-MaP-6/per_read_histo
                    gram.txt                                                    
           INFO     Wrote per-read histogram for                                
                    YYYR_024-EKC-fourUnew-WT-85C-dms-MaP-6 (GA) to              
                    examples/all_mutcounts/mut_count/mut_count___cfg-bf44d8a/art
                    ifacts/YYYR_024-EKC-fourUnew-WT-85C-dms-MaP-6/per_read_histo
                    gram.txtga                                                  
           INFO     mut_count completed. Profiles found for 24/24 samples;      
                    ingested 24 run(s).                                         
           INFO     Finished task ID 134 with state 'completed'                 
           INFO     Task 'mut_count' (ID: 134) completed successfully.          
           INFO     Updated 'latest' symlink for task 'mut_count' to point to   
                    /gpfs/projects/b1044/Computational_Output/EKC/EKC.01_SHAPE_s
                    tandardization/EKC.01.065.refactoring_data_analysis/nerd/exa
                    mples/all_mutcounts/mut_count/mut_count___cfg-bf44d8a       
