[15:39:02] INFO     Executing 'run' command for step: 'mut_count'               
[15:39:02] INFO     Database schema initialized successfully.                   
           INFO     Created run directory:                                      
                    examples/all_mutcounts/mut_count/mut_count___cfg-4db9570    
           INFO     Executing task 'mut_count' in run directory:                
                    examples/all_mutcounts/mut_count/mut_count___cfg-4db9570    
           INFO     Resolved reaction_group 37_2 to 40 sample(s).               
           INFO     Began task 'mut_count' (ID: 56) for rg:3                    
                    (cfg=4db9570fdd3747b95d085065a37623405c2c4c661f9053904d32bdf
                    719895f5d)                                                  
           INFO     Starting command (backend=local) in                         
                    examples/all_mutcounts/mut_count/mut_count___cfg-4db9570    
           INFO     Executing command locally. Log file:                        
                    examples/all_mutcounts/mut_count/mut_count___cfg-4db9570/com
                    mand.log                                                    
[16:13:28] INFO     Command finished with exit code: 0                          
           INFO     Logged attempt #1 for task ID 56 (Attempt ID: 49)           
           INFO     Command completed successfully. Consuming outputs.          
           INFO     Found ShapeMapper profile for                               
                    017-EKC-fourUnew-WT-II-37C-dms-MaP-0-30 at                  
                    examples/all_mutcounts/mut_count/mut_count___cfg-4db9570/art
                    ifacts/017-EKC-fourUnew-WT-II-37C-dms-MaP-0-30/017-EKC-fourU
                    new-WT-II-37C-dms-MaP-0-30_017-EKC-fourUnew-WT-II-37C-dms-Ma
                    P-0-30_profile.txt                                          
           INFO     Inserted probe_fmod_run for sample ID 17 (Run ID: 359)      
           INFO     Inserted probe_fmod_run 359 for sample                      
                    017-EKC-fourUnew-WT-II-37C-dms-MaP-0-30                     
           INFO     Bulk inserted 80 fmod_vals records.                         
           INFO     Inserted 80 probe_fmod_values records for                   
                    017-EKC-fourUnew-WT-II-37C-dms-MaP-0-30 (modrate).          
           INFO     Bulk inserted 80 fmod_vals records.                         
           INFO     Inserted 80 probe_fmod_values records for                   
                    017-EKC-fourUnew-WT-II-37C-dms-MaP-0-30 (GAmodrate).        
           INFO     Wrote per-read histogram for                                
                    017-EKC-fourUnew-WT-II-37C-dms-MaP-0-30 (Modified) to       
                    examples/all_mutcounts/mut_count/mut_count___cfg-4db9570/art
                    ifacts/017-EKC-fourUnew-WT-II-37C-dms-MaP-0-30/per_read_hist
                    ogram.txt                                                   
           INFO     Wrote per-read histogram for                                
                    017-EKC-fourUnew-WT-II-37C-dms-MaP-0-30 (GA) to             
                    examples/all_mutcounts/mut_count/mut_count___cfg-4db9570/art
                    ifacts/017-EKC-fourUnew-WT-II-37C-dms-MaP-0-30/per_read_hist
                    ogram.txtga                                                 
           INFO     Found ShapeMapper profile for DMS-05-WTII at                
                    examples/all_mutcounts/mut_count/mut_count___cfg-4db9570/art
                    ifacts/DMS-05-WTII/DMS-05-WTII_DMS-05-WTII_profile.txt      
           INFO     Inserted probe_fmod_run for sample ID 105 (Run ID: 360)     
           INFO     Inserted probe_fmod_run 360 for sample DMS-05-WTII          
           INFO     Bulk inserted 80 fmod_vals records.                         
           INFO     Inserted 80 probe_fmod_values records for DMS-05-WTII       
                    (modrate).                                                  
           INFO     Bulk inserted 80 fmod_vals records.                         
           INFO     Inserted 80 probe_fmod_values records for DMS-05-WTII       
                    (GAmodrate).                                                
           INFO     Wrote per-read histogram for DMS-05-WTII (Modified) to      
                    examples/all_mutcounts/mut_count/mut_count___cfg-4db9570/art
                    ifacts/DMS-05-WTII/per_read_histogram.txt                   
           INFO     Wrote per-read histogram for DMS-05-WTII (GA) to            
                    examples/all_mutcounts/mut_count/mut_count___cfg-4db9570/art
                    ifacts/DMS-05-WTII/per_read_histogram.txtga                 
           INFO     Found ShapeMapper profile for                               
                    RRRY-017-EKC-fourUnew-WT-II-37C-dms-MaP-0-30 at             
                    examples/all_mutcounts/mut_count/mut_count___cfg-4db9570/art
                    ifacts/RRRY-017-EKC-fourUnew-WT-II-37C-dms-MaP-0-30/RRRY-017
                    -EKC-fourUnew-WT-II-37C-dms-MaP-0-30_RRRY-017-EKC-fourUnew-W
                    T-II-37C-dms-MaP-0-30_profile.txt                           
           INFO     Inserted probe_fmod_run for sample ID 25 (Run ID: 361)      
           INFO     Inserted probe_fmod_run 361 for sample                      
                    RRRY-017-EKC-fourUnew-WT-II-37C-dms-MaP-0-30                
           INFO     Bulk inserted 80 fmod_vals records.                         
           INFO     Inserted 80 probe_fmod_values records for                   
                    RRRY-017-EKC-fourUnew-WT-II-37C-dms-MaP-0-30 (modrate).     
           INFO     Bulk inserted 80 fmod_vals records.                         
           INFO     Inserted 80 probe_fmod_values records for                   
                    RRRY-017-EKC-fourUnew-WT-II-37C-dms-MaP-0-30 (GAmodrate).   
           INFO     Wrote per-read histogram for                                
                    RRRY-017-EKC-fourUnew-WT-II-37C-dms-MaP-0-30 (Modified) to  
                    examples/all_mutcounts/mut_count/mut_count___cfg-4db9570/art
                    ifacts/RRRY-017-EKC-fourUnew-WT-II-37C-dms-MaP-0-30/per_read
                    _histogram.txt                                              
           INFO     Wrote per-read histogram for                                
                    RRRY-017-EKC-fourUnew-WT-II-37C-dms-MaP-0-30 (GA) to        
                    examples/all_mutcounts/mut_count/mut_count___cfg-4db9570/art
                    ifacts/RRRY-017-EKC-fourUnew-WT-II-37C-dms-MaP-0-30/per_read
                    _histogram.txtga                                            
           INFO     Found ShapeMapper profile for                               
                    YYYR-017-EKC-fourUnew-WT-II-37C-dms-MaP-0-30 at             
                    examples/all_mutcounts/mut_count/mut_count___cfg-4db9570/art
                    ifacts/YYYR-017-EKC-fourUnew-WT-II-37C-dms-MaP-0-30/YYYR-017
                    -EKC-fourUnew-WT-II-37C-dms-MaP-0-30_YYYR-017-EKC-fourUnew-W
                    T-II-37C-dms-MaP-0-30_profile.txt                           
           INFO     Inserted probe_fmod_run for sample ID 26 (Run ID: 362)      
           INFO     Inserted probe_fmod_run 362 for sample                      
                    YYYR-017-EKC-fourUnew-WT-II-37C-dms-MaP-0-30                
           INFO     Bulk inserted 80 fmod_vals records.                         
           INFO     Inserted 80 probe_fmod_values records for                   
                    YYYR-017-EKC-fourUnew-WT-II-37C-dms-MaP-0-30 (modrate).     
           INFO     Bulk inserted 80 fmod_vals records.                         
           INFO     Inserted 80 probe_fmod_values records for                   
                    YYYR-017-EKC-fourUnew-WT-II-37C-dms-MaP-0-30 (GAmodrate).   
           INFO     Wrote per-read histogram for                                
                    YYYR-017-EKC-fourUnew-WT-II-37C-dms-MaP-0-30 (Modified) to  
                    examples/all_mutcounts/mut_count/mut_count___cfg-4db9570/art
                    ifacts/YYYR-017-EKC-fourUnew-WT-II-37C-dms-MaP-0-30/per_read
                    _histogram.txt                                              
           INFO     Wrote per-read histogram for                                
                    YYYR-017-EKC-fourUnew-WT-II-37C-dms-MaP-0-30 (GA) to        
                    examples/all_mutcounts/mut_count/mut_count___cfg-4db9570/art
                    ifacts/YYYR-017-EKC-fourUnew-WT-II-37C-dms-MaP-0-30/per_read
                    _histogram.txtga                                            
           INFO     Found ShapeMapper profile for etOH-05-WTII at               
                    examples/all_mutcounts/mut_count/mut_count___cfg-4db9570/art
                    ifacts/etOH-05-WTII/etOH-05-WTII_etOH-05-WTII_profile.txt   
           INFO     Inserted probe_fmod_run for sample ID 113 (Run ID: 363)     
           INFO     Inserted probe_fmod_run 363 for sample etOH-05-WTII         
           INFO     Bulk inserted 80 fmod_vals records.                         
           INFO     Inserted 80 probe_fmod_values records for etOH-05-WTII      
                    (modrate).                                                  
           INFO     Bulk inserted 80 fmod_vals records.                         
           INFO     Inserted 80 probe_fmod_values records for etOH-05-WTII      
                    (GAmodrate).                                                
           INFO     Wrote per-read histogram for etOH-05-WTII (Modified) to     
                    examples/all_mutcounts/mut_count/mut_count___cfg-4db9570/art
                    ifacts/etOH-05-WTII/per_read_histogram.txt                  
           INFO     Wrote per-read histogram for etOH-05-WTII (GA) to           
                    examples/all_mutcounts/mut_count/mut_count___cfg-4db9570/art
                    ifacts/etOH-05-WTII/per_read_histogram.txtga                
           INFO     Found ShapeMapper profile for                               
                    018-EKC-fourUnew-WT-II-37C-dms-MaP-1 at                     
                    examples/all_mutcounts/mut_count/mut_count___cfg-4db9570/art
                    ifacts/018-EKC-fourUnew-WT-II-37C-dms-MaP-1/018-EKC-fourUnew
                    -WT-II-37C-dms-MaP-1_018-EKC-fourUnew-WT-II-37C-dms-MaP-1_pr
                    ofile.txt                                                   
           INFO     Inserted probe_fmod_run for sample ID 18 (Run ID: 364)      
           INFO     Inserted probe_fmod_run 364 for sample                      
                    018-EKC-fourUnew-WT-II-37C-dms-MaP-1                        
           INFO     Bulk inserted 80 fmod_vals records.                         
           INFO     Inserted 80 probe_fmod_values records for                   
                    018-EKC-fourUnew-WT-II-37C-dms-MaP-1 (modrate).             
           INFO     Bulk inserted 80 fmod_vals records.                         
           INFO     Inserted 80 probe_fmod_values records for                   
                    018-EKC-fourUnew-WT-II-37C-dms-MaP-1 (GAmodrate).           
           INFO     Wrote per-read histogram for                                
                    018-EKC-fourUnew-WT-II-37C-dms-MaP-1 (Modified) to          
                    examples/all_mutcounts/mut_count/mut_count___cfg-4db9570/art
                    ifacts/018-EKC-fourUnew-WT-II-37C-dms-MaP-1/per_read_histogr
                    am.txt                                                      
           INFO     Wrote per-read histogram for                                
                    018-EKC-fourUnew-WT-II-37C-dms-MaP-1 (GA) to                
                    examples/all_mutcounts/mut_count/mut_count___cfg-4db9570/art
                    ifacts/018-EKC-fourUnew-WT-II-37C-dms-MaP-1/per_read_histogr
                    am.txtga                                                    
           INFO     Found ShapeMapper profile for DMS-1-WTII at                 
                    examples/all_mutcounts/mut_count/mut_count___cfg-4db9570/art
                    ifacts/DMS-1-WTII/DMS-1-WTII_DMS-1-WTII_profile.txt         
           INFO     Inserted probe_fmod_run for sample ID 106 (Run ID: 365)     
           INFO     Inserted probe_fmod_run 365 for sample DMS-1-WTII           
           INFO     Bulk inserted 80 fmod_vals records.                         
           INFO     Inserted 80 probe_fmod_values records for DMS-1-WTII        
                    (modrate).                                                  
           INFO     Bulk inserted 80 fmod_vals records.                         
           INFO     Inserted 80 probe_fmod_values records for DMS-1-WTII        
                    (GAmodrate).                                                
           INFO     Wrote per-read histogram for DMS-1-WTII (Modified) to       
                    examples/all_mutcounts/mut_count/mut_count___cfg-4db9570/art
                    ifacts/DMS-1-WTII/per_read_histogram.txt                    
           INFO     Wrote per-read histogram for DMS-1-WTII (GA) to             
                    examples/all_mutcounts/mut_count/mut_count___cfg-4db9570/art
                    ifacts/DMS-1-WTII/per_read_histogram.txtga                  
           INFO     Found ShapeMapper profile for                               
                    RRRY-018-EKC-fourUnew-WT-II-37C-dms-MaP-1 at                
                    examples/all_mutcounts/mut_count/mut_count___cfg-4db9570/art
                    ifacts/RRRY-018-EKC-fourUnew-WT-II-37C-dms-MaP-1/RRRY-018-EK
                    C-fourUnew-WT-II-37C-dms-MaP-1_RRRY-018-EKC-fourUnew-WT-II-3
                    7C-dms-MaP-1_profile.txt                                    
           INFO     Inserted probe_fmod_run for sample ID 27 (Run ID: 366)      
           INFO     Inserted probe_fmod_run 366 for sample                      
                    RRRY-018-EKC-fourUnew-WT-II-37C-dms-MaP-1                   
           INFO     Bulk inserted 80 fmod_vals records.                         
           INFO     Inserted 80 probe_fmod_values records for                   
                    RRRY-018-EKC-fourUnew-WT-II-37C-dms-MaP-1 (modrate).        
           INFO     Bulk inserted 80 fmod_vals records.                         
           INFO     Inserted 80 probe_fmod_values records for                   
                    RRRY-018-EKC-fourUnew-WT-II-37C-dms-MaP-1 (GAmodrate).      
           INFO     Wrote per-read histogram for                                
                    RRRY-018-EKC-fourUnew-WT-II-37C-dms-MaP-1 (Modified) to     
                    examples/all_mutcounts/mut_count/mut_count___cfg-4db9570/art
                    ifacts/RRRY-018-EKC-fourUnew-WT-II-37C-dms-MaP-1/per_read_hi
                    stogram.txt                                                 
           INFO     Wrote per-read histogram for                                
                    RRRY-018-EKC-fourUnew-WT-II-37C-dms-MaP-1 (GA) to           
                    examples/all_mutcounts/mut_count/mut_count___cfg-4db9570/art
                    ifacts/RRRY-018-EKC-fourUnew-WT-II-37C-dms-MaP-1/per_read_hi
                    stogram.txtga                                               
           INFO     Found ShapeMapper profile for                               
                    YYYR-018-EKC-fourUnew-WT-II-37C-dms-MaP-1 at                
                    examples/all_mutcounts/mut_count/mut_count___cfg-4db9570/art
                    ifacts/YYYR-018-EKC-fourUnew-WT-II-37C-dms-MaP-1/YYYR-018-EK
                    C-fourUnew-WT-II-37C-dms-MaP-1_YYYR-018-EKC-fourUnew-WT-II-3
                    7C-dms-MaP-1_profile.txt                                    
[16:13:29] INFO     Inserted probe_fmod_run for sample ID 28 (Run ID: 367)      
           INFO     Inserted probe_fmod_run 367 for sample                      
                    YYYR-018-EKC-fourUnew-WT-II-37C-dms-MaP-1                   
           INFO     Bulk inserted 80 fmod_vals records.                         
           INFO     Inserted 80 probe_fmod_values records for                   
                    YYYR-018-EKC-fourUnew-WT-II-37C-dms-MaP-1 (modrate).        
           INFO     Bulk inserted 80 fmod_vals records.                         
           INFO     Inserted 80 probe_fmod_values records for                   
                    YYYR-018-EKC-fourUnew-WT-II-37C-dms-MaP-1 (GAmodrate).      
           INFO     Wrote per-read histogram for                                
                    YYYR-018-EKC-fourUnew-WT-II-37C-dms-MaP-1 (Modified) to     
                    examples/all_mutcounts/mut_count/mut_count___cfg-4db9570/art
                    ifacts/YYYR-018-EKC-fourUnew-WT-II-37C-dms-MaP-1/per_read_hi
                    stogram.txt                                                 
           INFO     Wrote per-read histogram for                                
                    YYYR-018-EKC-fourUnew-WT-II-37C-dms-MaP-1 (GA) to           
                    examples/all_mutcounts/mut_count/mut_count___cfg-4db9570/art
                    ifacts/YYYR-018-EKC-fourUnew-WT-II-37C-dms-MaP-1/per_read_hi
                    stogram.txtga                                               
           INFO     Found ShapeMapper profile for etOH-1-WTII at                
                    examples/all_mutcounts/mut_count/mut_count___cfg-4db9570/art
                    ifacts/etOH-1-WTII/etOH-1-WTII_etOH-1-WTII_profile.txt      
           INFO     Inserted probe_fmod_run for sample ID 114 (Run ID: 368)     
           INFO     Inserted probe_fmod_run 368 for sample etOH-1-WTII          
           INFO     Bulk inserted 80 fmod_vals records.                         
           INFO     Inserted 80 probe_fmod_values records for etOH-1-WTII       
                    (modrate).                                                  
           INFO     Bulk inserted 80 fmod_vals records.                         
           INFO     Inserted 80 probe_fmod_values records for etOH-1-WTII       
                    (GAmodrate).                                                
           INFO     Wrote per-read histogram for etOH-1-WTII (Modified) to      
                    examples/all_mutcounts/mut_count/mut_count___cfg-4db9570/art
                    ifacts/etOH-1-WTII/per_read_histogram.txt                   
           INFO     Wrote per-read histogram for etOH-1-WTII (GA) to            
                    examples/all_mutcounts/mut_count/mut_count___cfg-4db9570/art
                    ifacts/etOH-1-WTII/per_read_histogram.txtga                 
           INFO     Found ShapeMapper profile for                               
                    019-EKC-fourUnew-WT-II-37C-dms-MaP-20 at                    
                    examples/all_mutcounts/mut_count/mut_count___cfg-4db9570/art
                    ifacts/019-EKC-fourUnew-WT-II-37C-dms-MaP-20/019-EKC-fourUne
                    w-WT-II-37C-dms-MaP-20_019-EKC-fourUnew-WT-II-37C-dms-MaP-20
                    _profile.txt                                                
           INFO     Inserted probe_fmod_run for sample ID 19 (Run ID: 369)      
           INFO     Inserted probe_fmod_run 369 for sample                      
                    019-EKC-fourUnew-WT-II-37C-dms-MaP-20                       
           INFO     Bulk inserted 80 fmod_vals records.                         
           INFO     Inserted 80 probe_fmod_values records for                   
                    019-EKC-fourUnew-WT-II-37C-dms-MaP-20 (modrate).            
           INFO     Bulk inserted 80 fmod_vals records.                         
           INFO     Inserted 80 probe_fmod_values records for                   
                    019-EKC-fourUnew-WT-II-37C-dms-MaP-20 (GAmodrate).          
           INFO     Wrote per-read histogram for                                
                    019-EKC-fourUnew-WT-II-37C-dms-MaP-20 (Modified) to         
                    examples/all_mutcounts/mut_count/mut_count___cfg-4db9570/art
                    ifacts/019-EKC-fourUnew-WT-II-37C-dms-MaP-20/per_read_histog
                    ram.txt                                                     
           INFO     Wrote per-read histogram for                                
                    019-EKC-fourUnew-WT-II-37C-dms-MaP-20 (GA) to               
                    examples/all_mutcounts/mut_count/mut_count___cfg-4db9570/art
                    ifacts/019-EKC-fourUnew-WT-II-37C-dms-MaP-20/per_read_histog
                    ram.txtga                                                   
           INFO     Found ShapeMapper profile for DMS-20-WTII at                
                    examples/all_mutcounts/mut_count/mut_count___cfg-4db9570/art
                    ifacts/DMS-20-WTII/DMS-20-WTII_DMS-20-WTII_profile.txt      
           INFO     Inserted probe_fmod_run for sample ID 109 (Run ID: 370)     
           INFO     Inserted probe_fmod_run 370 for sample DMS-20-WTII          
           INFO     Bulk inserted 80 fmod_vals records.                         
           INFO     Inserted 80 probe_fmod_values records for DMS-20-WTII       
                    (modrate).                                                  
           INFO     Bulk inserted 80 fmod_vals records.                         
           INFO     Inserted 80 probe_fmod_values records for DMS-20-WTII       
                    (GAmodrate).                                                
           INFO     Wrote per-read histogram for DMS-20-WTII (Modified) to      
                    examples/all_mutcounts/mut_count/mut_count___cfg-4db9570/art
                    ifacts/DMS-20-WTII/per_read_histogram.txt                   
           INFO     Wrote per-read histogram for DMS-20-WTII (GA) to            
                    examples/all_mutcounts/mut_count/mut_count___cfg-4db9570/art
                    ifacts/DMS-20-WTII/per_read_histogram.txtga                 
           INFO     Found ShapeMapper profile for                               
                    RRRY-019-EKC-fourUnew-WT-II-37C-dms-MaP-20 at               
                    examples/all_mutcounts/mut_count/mut_count___cfg-4db9570/art
                    ifacts/RRRY-019-EKC-fourUnew-WT-II-37C-dms-MaP-20/RRRY-019-E
                    KC-fourUnew-WT-II-37C-dms-MaP-20_RRRY-019-EKC-fourUnew-WT-II
                    -37C-dms-MaP-20_profile.txt                                 
           INFO     Inserted probe_fmod_run for sample ID 29 (Run ID: 371)      
           INFO     Inserted probe_fmod_run 371 for sample                      
                    RRRY-019-EKC-fourUnew-WT-II-37C-dms-MaP-20                  
           INFO     Bulk inserted 80 fmod_vals records.                         
           INFO     Inserted 80 probe_fmod_values records for                   
                    RRRY-019-EKC-fourUnew-WT-II-37C-dms-MaP-20 (modrate).       
           INFO     Bulk inserted 80 fmod_vals records.                         
           INFO     Inserted 80 probe_fmod_values records for                   
                    RRRY-019-EKC-fourUnew-WT-II-37C-dms-MaP-20 (GAmodrate).     
           INFO     Wrote per-read histogram for                                
                    RRRY-019-EKC-fourUnew-WT-II-37C-dms-MaP-20 (Modified) to    
                    examples/all_mutcounts/mut_count/mut_count___cfg-4db9570/art
                    ifacts/RRRY-019-EKC-fourUnew-WT-II-37C-dms-MaP-20/per_read_h
                    istogram.txt                                                
           INFO     Wrote per-read histogram for                                
                    RRRY-019-EKC-fourUnew-WT-II-37C-dms-MaP-20 (GA) to          
                    examples/all_mutcounts/mut_count/mut_count___cfg-4db9570/art
                    ifacts/RRRY-019-EKC-fourUnew-WT-II-37C-dms-MaP-20/per_read_h
                    istogram.txtga                                              
           INFO     Found ShapeMapper profile for                               
                    YYYR-019-EKC-fourUnew-WT-II-37C-dms-MaP-20 at               
                    examples/all_mutcounts/mut_count/mut_count___cfg-4db9570/art
                    ifacts/YYYR-019-EKC-fourUnew-WT-II-37C-dms-MaP-20/YYYR-019-E
                    KC-fourUnew-WT-II-37C-dms-MaP-20_YYYR-019-EKC-fourUnew-WT-II
                    -37C-dms-MaP-20_profile.txt                                 
           INFO     Inserted probe_fmod_run for sample ID 30 (Run ID: 372)      
           INFO     Inserted probe_fmod_run 372 for sample                      
                    YYYR-019-EKC-fourUnew-WT-II-37C-dms-MaP-20                  
           INFO     Bulk inserted 80 fmod_vals records.                         
           INFO     Inserted 80 probe_fmod_values records for                   
                    YYYR-019-EKC-fourUnew-WT-II-37C-dms-MaP-20 (modrate).       
           INFO     Bulk inserted 80 fmod_vals records.                         
           INFO     Inserted 80 probe_fmod_values records for                   
                    YYYR-019-EKC-fourUnew-WT-II-37C-dms-MaP-20 (GAmodrate).     
           INFO     Wrote per-read histogram for                                
                    YYYR-019-EKC-fourUnew-WT-II-37C-dms-MaP-20 (Modified) to    
                    examples/all_mutcounts/mut_count/mut_count___cfg-4db9570/art
                    ifacts/YYYR-019-EKC-fourUnew-WT-II-37C-dms-MaP-20/per_read_h
                    istogram.txt                                                
           INFO     Wrote per-read histogram for                                
                    YYYR-019-EKC-fourUnew-WT-II-37C-dms-MaP-20 (GA) to          
                    examples/all_mutcounts/mut_count/mut_count___cfg-4db9570/art
                    ifacts/YYYR-019-EKC-fourUnew-WT-II-37C-dms-MaP-20/per_read_h
                    istogram.txtga                                              
           INFO     Found ShapeMapper profile for etOH-20-WTII at               
                    examples/all_mutcounts/mut_count/mut_count___cfg-4db9570/art
                    ifacts/etOH-20-WTII/etOH-20-WTII_etOH-20-WTII_profile.txt   
           INFO     Inserted probe_fmod_run for sample ID 117 (Run ID: 373)     
           INFO     Inserted probe_fmod_run 373 for sample etOH-20-WTII         
           INFO     Bulk inserted 80 fmod_vals records.                         
           INFO     Inserted 80 probe_fmod_values records for etOH-20-WTII      
                    (modrate).                                                  
           INFO     Bulk inserted 80 fmod_vals records.                         
           INFO     Inserted 80 probe_fmod_values records for etOH-20-WTII      
                    (GAmodrate).                                                
           INFO     Wrote per-read histogram for etOH-20-WTII (Modified) to     
                    examples/all_mutcounts/mut_count/mut_count___cfg-4db9570/art
                    ifacts/etOH-20-WTII/per_read_histogram.txt                  
           INFO     Wrote per-read histogram for etOH-20-WTII (GA) to           
                    examples/all_mutcounts/mut_count/mut_count___cfg-4db9570/art
                    ifacts/etOH-20-WTII/per_read_histogram.txtga                
           INFO     Found ShapeMapper profile for                               
                    020-EKC-fourUnew-WT-II-37C-dms-MaP-40 at                    
                    examples/all_mutcounts/mut_count/mut_count___cfg-4db9570/art
                    ifacts/020-EKC-fourUnew-WT-II-37C-dms-MaP-40/020-EKC-fourUne
                    w-WT-II-37C-dms-MaP-40_020-EKC-fourUnew-WT-II-37C-dms-MaP-40
                    _profile.txt                                                
           INFO     Inserted probe_fmod_run for sample ID 20 (Run ID: 374)      
           INFO     Inserted probe_fmod_run 374 for sample                      
                    020-EKC-fourUnew-WT-II-37C-dms-MaP-40                       
           INFO     Bulk inserted 80 fmod_vals records.                         
           INFO     Inserted 80 probe_fmod_values records for                   
                    020-EKC-fourUnew-WT-II-37C-dms-MaP-40 (modrate).            
           INFO     Bulk inserted 80 fmod_vals records.                         
           INFO     Inserted 80 probe_fmod_values records for                   
                    020-EKC-fourUnew-WT-II-37C-dms-MaP-40 (GAmodrate).          
           INFO     Wrote per-read histogram for                                
                    020-EKC-fourUnew-WT-II-37C-dms-MaP-40 (Modified) to         
                    examples/all_mutcounts/mut_count/mut_count___cfg-4db9570/art
                    ifacts/020-EKC-fourUnew-WT-II-37C-dms-MaP-40/per_read_histog
                    ram.txt                                                     
           INFO     Wrote per-read histogram for                                
                    020-EKC-fourUnew-WT-II-37C-dms-MaP-40 (GA) to               
                    examples/all_mutcounts/mut_count/mut_count___cfg-4db9570/art
                    ifacts/020-EKC-fourUnew-WT-II-37C-dms-MaP-40/per_read_histog
                    ram.txtga                                                   
           INFO     Found ShapeMapper profile for DMS-40-WTII at                
                    examples/all_mutcounts/mut_count/mut_count___cfg-4db9570/art
                    ifacts/DMS-40-WTII/DMS-40-WTII_DMS-40-WTII_profile.txt      
           INFO     Inserted probe_fmod_run for sample ID 110 (Run ID: 375)     
           INFO     Inserted probe_fmod_run 375 for sample DMS-40-WTII          
           INFO     Bulk inserted 80 fmod_vals records.                         
           INFO     Inserted 80 probe_fmod_values records for DMS-40-WTII       
                    (modrate).                                                  
           INFO     Bulk inserted 80 fmod_vals records.                         
           INFO     Inserted 80 probe_fmod_values records for DMS-40-WTII       
                    (GAmodrate).                                                
           INFO     Wrote per-read histogram for DMS-40-WTII (Modified) to      
                    examples/all_mutcounts/mut_count/mut_count___cfg-4db9570/art
                    ifacts/DMS-40-WTII/per_read_histogram.txt                   
           INFO     Wrote per-read histogram for DMS-40-WTII (GA) to            
                    examples/all_mutcounts/mut_count/mut_count___cfg-4db9570/art
                    ifacts/DMS-40-WTII/per_read_histogram.txtga                 
           INFO     Found ShapeMapper profile for                               
                    RRRY-020-EKC-fourUnew-WT-II-37C-dms-MaP-40 at               
                    examples/all_mutcounts/mut_count/mut_count___cfg-4db9570/art
                    ifacts/RRRY-020-EKC-fourUnew-WT-II-37C-dms-MaP-40/RRRY-020-E
                    KC-fourUnew-WT-II-37C-dms-MaP-40_RRRY-020-EKC-fourUnew-WT-II
                    -37C-dms-MaP-40_profile.txt                                 
           INFO     Inserted probe_fmod_run for sample ID 31 (Run ID: 376)      
           INFO     Inserted probe_fmod_run 376 for sample                      
                    RRRY-020-EKC-fourUnew-WT-II-37C-dms-MaP-40                  
           INFO     Bulk inserted 80 fmod_vals records.                         
           INFO     Inserted 80 probe_fmod_values records for                   
                    RRRY-020-EKC-fourUnew-WT-II-37C-dms-MaP-40 (modrate).       
           INFO     Bulk inserted 80 fmod_vals records.                         
           INFO     Inserted 80 probe_fmod_values records for                   
                    RRRY-020-EKC-fourUnew-WT-II-37C-dms-MaP-40 (GAmodrate).     
           INFO     Wrote per-read histogram for                                
                    RRRY-020-EKC-fourUnew-WT-II-37C-dms-MaP-40 (Modified) to    
                    examples/all_mutcounts/mut_count/mut_count___cfg-4db9570/art
                    ifacts/RRRY-020-EKC-fourUnew-WT-II-37C-dms-MaP-40/per_read_h
                    istogram.txt                                                
           INFO     Wrote per-read histogram for                                
                    RRRY-020-EKC-fourUnew-WT-II-37C-dms-MaP-40 (GA) to          
                    examples/all_mutcounts/mut_count/mut_count___cfg-4db9570/art
                    ifacts/RRRY-020-EKC-fourUnew-WT-II-37C-dms-MaP-40/per_read_h
                    istogram.txtga                                              
           INFO     Found ShapeMapper profile for                               
                    YYYR-020-EKC-fourUnew-WT-II-37C-dms-MaP-40 at               
                    examples/all_mutcounts/mut_count/mut_count___cfg-4db9570/art
                    ifacts/YYYR-020-EKC-fourUnew-WT-II-37C-dms-MaP-40/YYYR-020-E
                    KC-fourUnew-WT-II-37C-dms-MaP-40_YYYR-020-EKC-fourUnew-WT-II
                    -37C-dms-MaP-40_profile.txt                                 
           INFO     Inserted probe_fmod_run for sample ID 32 (Run ID: 377)      
           INFO     Inserted probe_fmod_run 377 for sample                      
                    YYYR-020-EKC-fourUnew-WT-II-37C-dms-MaP-40                  
           INFO     Bulk inserted 80 fmod_vals records.                         
           INFO     Inserted 80 probe_fmod_values records for                   
                    YYYR-020-EKC-fourUnew-WT-II-37C-dms-MaP-40 (modrate).       
           INFO     Bulk inserted 80 fmod_vals records.                         
           INFO     Inserted 80 probe_fmod_values records for                   
                    YYYR-020-EKC-fourUnew-WT-II-37C-dms-MaP-40 (GAmodrate).     
           INFO     Wrote per-read histogram for                                
                    YYYR-020-EKC-fourUnew-WT-II-37C-dms-MaP-40 (Modified) to    
                    examples/all_mutcounts/mut_count/mut_count___cfg-4db9570/art
                    ifacts/YYYR-020-EKC-fourUnew-WT-II-37C-dms-MaP-40/per_read_h
                    istogram.txt                                                
           INFO     Wrote per-read histogram for                                
                    YYYR-020-EKC-fourUnew-WT-II-37C-dms-MaP-40 (GA) to          
                    examples/all_mutcounts/mut_count/mut_count___cfg-4db9570/art
                    ifacts/YYYR-020-EKC-fourUnew-WT-II-37C-dms-MaP-40/per_read_h
                    istogram.txtga                                              
           INFO     Found ShapeMapper profile for etOH-40-WTII at               
                    examples/all_mutcounts/mut_count/mut_count___cfg-4db9570/art
                    ifacts/etOH-40-WTII/etOH-40-WTII_etOH-40-WTII_profile.txt   
           INFO     Inserted probe_fmod_run for sample ID 118 (Run ID: 378)     
           INFO     Inserted probe_fmod_run 378 for sample etOH-40-WTII         
           INFO     Bulk inserted 80 fmod_vals records.                         
           INFO     Inserted 80 probe_fmod_values records for etOH-40-WTII      
                    (modrate).                                                  
           INFO     Bulk inserted 80 fmod_vals records.                         
           INFO     Inserted 80 probe_fmod_values records for etOH-40-WTII      
                    (GAmodrate).                                                
           INFO     Wrote per-read histogram for etOH-40-WTII (Modified) to     
                    examples/all_mutcounts/mut_count/mut_count___cfg-4db9570/art
                    ifacts/etOH-40-WTII/per_read_histogram.txt                  
           INFO     Wrote per-read histogram for etOH-40-WTII (GA) to           
                    examples/all_mutcounts/mut_count/mut_count___cfg-4db9570/art
                    ifacts/etOH-40-WTII/per_read_histogram.txtga                
[16:13:30] INFO     Found ShapeMapper profile for                               
                    021-EKC-fourUnew-WT-II-37C-dms-MaP-60 at                    
                    examples/all_mutcounts/mut_count/mut_count___cfg-4db9570/art
                    ifacts/021-EKC-fourUnew-WT-II-37C-dms-MaP-60/021-EKC-fourUne
                    w-WT-II-37C-dms-MaP-60_021-EKC-fourUnew-WT-II-37C-dms-MaP-60
                    _profile.txt                                                
           INFO     Inserted probe_fmod_run for sample ID 21 (Run ID: 380)      
           INFO     Inserted probe_fmod_run 380 for sample                      
                    021-EKC-fourUnew-WT-II-37C-dms-MaP-60                       
           INFO     Bulk inserted 80 fmod_vals records.                         
           INFO     Inserted 80 probe_fmod_values records for                   
                    021-EKC-fourUnew-WT-II-37C-dms-MaP-60 (modrate).            
           INFO     Bulk inserted 80 fmod_vals records.                         
           INFO     Inserted 80 probe_fmod_values records for                   
                    021-EKC-fourUnew-WT-II-37C-dms-MaP-60 (GAmodrate).          
           INFO     Wrote per-read histogram for                                
                    021-EKC-fourUnew-WT-II-37C-dms-MaP-60 (Modified) to         
                    examples/all_mutcounts/mut_count/mut_count___cfg-4db9570/art
                    ifacts/021-EKC-fourUnew-WT-II-37C-dms-MaP-60/per_read_histog
                    ram.txt                                                     
           INFO     Wrote per-read histogram for                                
                    021-EKC-fourUnew-WT-II-37C-dms-MaP-60 (GA) to               
                    examples/all_mutcounts/mut_count/mut_count___cfg-4db9570/art
                    ifacts/021-EKC-fourUnew-WT-II-37C-dms-MaP-60/per_read_histog
                    ram.txtga                                                   
           INFO     Found ShapeMapper profile for DMS-60-WTII at                
                    examples/all_mutcounts/mut_count/mut_count___cfg-4db9570/art
                    ifacts/DMS-60-WTII/DMS-60-WTII_DMS-60-WTII_profile.txt      
           INFO     Inserted probe_fmod_run for sample ID 111 (Run ID: 382)     
           INFO     Inserted probe_fmod_run 382 for sample DMS-60-WTII          
           INFO     Bulk inserted 80 fmod_vals records.                         
           INFO     Inserted 80 probe_fmod_values records for DMS-60-WTII       
                    (modrate).                                                  
           INFO     Bulk inserted 80 fmod_vals records.                         
           INFO     Inserted 80 probe_fmod_values records for DMS-60-WTII       
                    (GAmodrate).                                                
           INFO     Wrote per-read histogram for DMS-60-WTII (Modified) to      
                    examples/all_mutcounts/mut_count/mut_count___cfg-4db9570/art
                    ifacts/DMS-60-WTII/per_read_histogram.txt                   
           INFO     Wrote per-read histogram for DMS-60-WTII (GA) to            
                    examples/all_mutcounts/mut_count/mut_count___cfg-4db9570/art
                    ifacts/DMS-60-WTII/per_read_histogram.txtga                 
           INFO     Found ShapeMapper profile for                               
                    RRRY-021-EKC-fourUnew-WT-II-37C-dms-MaP-60 at               
                    examples/all_mutcounts/mut_count/mut_count___cfg-4db9570/art
                    ifacts/RRRY-021-EKC-fourUnew-WT-II-37C-dms-MaP-60/RRRY-021-E
                    KC-fourUnew-WT-II-37C-dms-MaP-60_RRRY-021-EKC-fourUnew-WT-II
                    -37C-dms-MaP-60_profile.txt                                 
           INFO     Inserted probe_fmod_run for sample ID 33 (Run ID: 384)      
           INFO     Inserted probe_fmod_run 384 for sample                      
                    RRRY-021-EKC-fourUnew-WT-II-37C-dms-MaP-60                  
           INFO     Bulk inserted 80 fmod_vals records.                         
           INFO     Inserted 80 probe_fmod_values records for                   
                    RRRY-021-EKC-fourUnew-WT-II-37C-dms-MaP-60 (modrate).       
           INFO     Bulk inserted 80 fmod_vals records.                         
           INFO     Inserted 80 probe_fmod_values records for                   
                    RRRY-021-EKC-fourUnew-WT-II-37C-dms-MaP-60 (GAmodrate).     
           INFO     Wrote per-read histogram for                                
                    RRRY-021-EKC-fourUnew-WT-II-37C-dms-MaP-60 (Modified) to    
                    examples/all_mutcounts/mut_count/mut_count___cfg-4db9570/art
                    ifacts/RRRY-021-EKC-fourUnew-WT-II-37C-dms-MaP-60/per_read_h
                    istogram.txt                                                
           INFO     Wrote per-read histogram for                                
                    RRRY-021-EKC-fourUnew-WT-II-37C-dms-MaP-60 (GA) to          
                    examples/all_mutcounts/mut_count/mut_count___cfg-4db9570/art
                    ifacts/RRRY-021-EKC-fourUnew-WT-II-37C-dms-MaP-60/per_read_h
                    istogram.txtga                                              
           INFO     Found ShapeMapper profile for                               
                    YYYR-021-EKC-fourUnew-WT-II-37C-dms-MaP-60 at               
                    examples/all_mutcounts/mut_count/mut_count___cfg-4db9570/art
                    ifacts/YYYR-021-EKC-fourUnew-WT-II-37C-dms-MaP-60/YYYR-021-E
                    KC-fourUnew-WT-II-37C-dms-MaP-60_YYYR-021-EKC-fourUnew-WT-II
                    -37C-dms-MaP-60_profile.txt                                 
           INFO     Inserted probe_fmod_run for sample ID 34 (Run ID: 386)      
           INFO     Inserted probe_fmod_run 386 for sample                      
                    YYYR-021-EKC-fourUnew-WT-II-37C-dms-MaP-60                  
           INFO     Bulk inserted 80 fmod_vals records.                         
           INFO     Inserted 80 probe_fmod_values records for                   
                    YYYR-021-EKC-fourUnew-WT-II-37C-dms-MaP-60 (modrate).       
           INFO     Bulk inserted 80 fmod_vals records.                         
           INFO     Inserted 80 probe_fmod_values records for                   
                    YYYR-021-EKC-fourUnew-WT-II-37C-dms-MaP-60 (GAmodrate).     
           INFO     Wrote per-read histogram for                                
                    YYYR-021-EKC-fourUnew-WT-II-37C-dms-MaP-60 (Modified) to    
                    examples/all_mutcounts/mut_count/mut_count___cfg-4db9570/art
                    ifacts/YYYR-021-EKC-fourUnew-WT-II-37C-dms-MaP-60/per_read_h
                    istogram.txt                                                
           INFO     Wrote per-read histogram for                                
                    YYYR-021-EKC-fourUnew-WT-II-37C-dms-MaP-60 (GA) to          
                    examples/all_mutcounts/mut_count/mut_count___cfg-4db9570/art
                    ifacts/YYYR-021-EKC-fourUnew-WT-II-37C-dms-MaP-60/per_read_h
                    istogram.txtga                                              
           INFO     Found ShapeMapper profile for etOH-60-WTII at               
                    examples/all_mutcounts/mut_count/mut_count___cfg-4db9570/art
                    ifacts/etOH-60-WTII/etOH-60-WTII_etOH-60-WTII_profile.txt   
           INFO     Inserted probe_fmod_run for sample ID 119 (Run ID: 387)     
           INFO     Inserted probe_fmod_run 387 for sample etOH-60-WTII         
           INFO     Bulk inserted 80 fmod_vals records.                         
           INFO     Inserted 80 probe_fmod_values records for etOH-60-WTII      
                    (modrate).                                                  
           INFO     Bulk inserted 80 fmod_vals records.                         
           INFO     Inserted 80 probe_fmod_values records for etOH-60-WTII      
                    (GAmodrate).                                                
           INFO     Wrote per-read histogram for etOH-60-WTII (Modified) to     
                    examples/all_mutcounts/mut_count/mut_count___cfg-4db9570/art
                    ifacts/etOH-60-WTII/per_read_histogram.txt                  
           INFO     Wrote per-read histogram for etOH-60-WTII (GA) to           
                    examples/all_mutcounts/mut_count/mut_count___cfg-4db9570/art
                    ifacts/etOH-60-WTII/per_read_histogram.txtga                
           INFO     Found ShapeMapper profile for                               
                    022-EKC-fourUnew-WT-II-37C-dms-MaP-90 at                    
                    examples/all_mutcounts/mut_count/mut_count___cfg-4db9570/art
                    ifacts/022-EKC-fourUnew-WT-II-37C-dms-MaP-90/022-EKC-fourUne
                    w-WT-II-37C-dms-MaP-90_022-EKC-fourUnew-WT-II-37C-dms-MaP-90
                    _profile.txt                                                
           INFO     Inserted probe_fmod_run for sample ID 22 (Run ID: 390)      
           INFO     Inserted probe_fmod_run 390 for sample                      
                    022-EKC-fourUnew-WT-II-37C-dms-MaP-90                       
           INFO     Bulk inserted 80 fmod_vals records.                         
           INFO     Inserted 80 probe_fmod_values records for                   
                    022-EKC-fourUnew-WT-II-37C-dms-MaP-90 (modrate).            
           INFO     Bulk inserted 80 fmod_vals records.                         
           INFO     Inserted 80 probe_fmod_values records for                   
                    022-EKC-fourUnew-WT-II-37C-dms-MaP-90 (GAmodrate).          
           INFO     Wrote per-read histogram for                                
                    022-EKC-fourUnew-WT-II-37C-dms-MaP-90 (Modified) to         
                    examples/all_mutcounts/mut_count/mut_count___cfg-4db9570/art
                    ifacts/022-EKC-fourUnew-WT-II-37C-dms-MaP-90/per_read_histog
                    ram.txt                                                     
           INFO     Wrote per-read histogram for                                
                    022-EKC-fourUnew-WT-II-37C-dms-MaP-90 (GA) to               
                    examples/all_mutcounts/mut_count/mut_count___cfg-4db9570/art
                    ifacts/022-EKC-fourUnew-WT-II-37C-dms-MaP-90/per_read_histog
                    ram.txtga                                                   
           INFO     Found ShapeMapper profile for DMS-90-WTII at                
                    examples/all_mutcounts/mut_count/mut_count___cfg-4db9570/art
                    ifacts/DMS-90-WTII/DMS-90-WTII_DMS-90-WTII_profile.txt      
           INFO     Inserted probe_fmod_run for sample ID 112 (Run ID: 392)     
           INFO     Inserted probe_fmod_run 392 for sample DMS-90-WTII          
           INFO     Bulk inserted 80 fmod_vals records.                         
           INFO     Inserted 80 probe_fmod_values records for DMS-90-WTII       
                    (modrate).                                                  
           INFO     Bulk inserted 80 fmod_vals records.                         
           INFO     Inserted 80 probe_fmod_values records for DMS-90-WTII       
                    (GAmodrate).                                                
           INFO     Wrote per-read histogram for DMS-90-WTII (Modified) to      
                    examples/all_mutcounts/mut_count/mut_count___cfg-4db9570/art
                    ifacts/DMS-90-WTII/per_read_histogram.txt                   
           INFO     Wrote per-read histogram for DMS-90-WTII (GA) to            
                    examples/all_mutcounts/mut_count/mut_count___cfg-4db9570/art
                    ifacts/DMS-90-WTII/per_read_histogram.txtga                 
           INFO     Found ShapeMapper profile for                               
                    RRRY-022-EKC-fourUnew-WT-II-37C-dms-MaP-90 at               
                    examples/all_mutcounts/mut_count/mut_count___cfg-4db9570/art
                    ifacts/RRRY-022-EKC-fourUnew-WT-II-37C-dms-MaP-90/RRRY-022-E
                    KC-fourUnew-WT-II-37C-dms-MaP-90_RRRY-022-EKC-fourUnew-WT-II
                    -37C-dms-MaP-90_profile.txt                                 
           INFO     Inserted probe_fmod_run for sample ID 35 (Run ID: 394)      
           INFO     Inserted probe_fmod_run 394 for sample                      
                    RRRY-022-EKC-fourUnew-WT-II-37C-dms-MaP-90                  
           INFO     Bulk inserted 80 fmod_vals records.                         
           INFO     Inserted 80 probe_fmod_values records for                   
                    RRRY-022-EKC-fourUnew-WT-II-37C-dms-MaP-90 (modrate).       
           INFO     Bulk inserted 80 fmod_vals records.                         
           INFO     Inserted 80 probe_fmod_values records for                   
                    RRRY-022-EKC-fourUnew-WT-II-37C-dms-MaP-90 (GAmodrate).     
           INFO     Wrote per-read histogram for                                
                    RRRY-022-EKC-fourUnew-WT-II-37C-dms-MaP-90 (Modified) to    
                    examples/all_mutcounts/mut_count/mut_count___cfg-4db9570/art
                    ifacts/RRRY-022-EKC-fourUnew-WT-II-37C-dms-MaP-90/per_read_h
                    istogram.txt                                                
           INFO     Wrote per-read histogram for                                
                    RRRY-022-EKC-fourUnew-WT-II-37C-dms-MaP-90 (GA) to          
                    examples/all_mutcounts/mut_count/mut_count___cfg-4db9570/art
                    ifacts/RRRY-022-EKC-fourUnew-WT-II-37C-dms-MaP-90/per_read_h
                    istogram.txtga                                              
           INFO     Found ShapeMapper profile for                               
                    YYYR-022-EKC-fourUnew-WT-II-37C-dms-MaP-90 at               
                    examples/all_mutcounts/mut_count/mut_count___cfg-4db9570/art
                    ifacts/YYYR-022-EKC-fourUnew-WT-II-37C-dms-MaP-90/YYYR-022-E
                    KC-fourUnew-WT-II-37C-dms-MaP-90_YYYR-022-EKC-fourUnew-WT-II
                    -37C-dms-MaP-90_profile.txt                                 
           INFO     Inserted probe_fmod_run for sample ID 36 (Run ID: 395)      
           INFO     Inserted probe_fmod_run 395 for sample                      
                    YYYR-022-EKC-fourUnew-WT-II-37C-dms-MaP-90                  
           INFO     Bulk inserted 80 fmod_vals records.                         
           INFO     Inserted 80 probe_fmod_values records for                   
                    YYYR-022-EKC-fourUnew-WT-II-37C-dms-MaP-90 (modrate).       
           INFO     Bulk inserted 80 fmod_vals records.                         
           INFO     Inserted 80 probe_fmod_values records for                   
                    YYYR-022-EKC-fourUnew-WT-II-37C-dms-MaP-90 (GAmodrate).     
           INFO     Wrote per-read histogram for                                
                    YYYR-022-EKC-fourUnew-WT-II-37C-dms-MaP-90 (Modified) to    
                    examples/all_mutcounts/mut_count/mut_count___cfg-4db9570/art
                    ifacts/YYYR-022-EKC-fourUnew-WT-II-37C-dms-MaP-90/per_read_h
                    istogram.txt                                                
           INFO     Wrote per-read histogram for                                
                    YYYR-022-EKC-fourUnew-WT-II-37C-dms-MaP-90 (GA) to          
                    examples/all_mutcounts/mut_count/mut_count___cfg-4db9570/art
                    ifacts/YYYR-022-EKC-fourUnew-WT-II-37C-dms-MaP-90/per_read_h
                    istogram.txtga                                              
           INFO     Found ShapeMapper profile for etOH-90-WTII at               
                    examples/all_mutcounts/mut_count/mut_count___cfg-4db9570/art
                    ifacts/etOH-90-WTII/etOH-90-WTII_etOH-90-WTII_profile.txt   
           INFO     Inserted probe_fmod_run for sample ID 120 (Run ID: 396)     
           INFO     Inserted probe_fmod_run 396 for sample etOH-90-WTII         
           INFO     Bulk inserted 80 fmod_vals records.                         
           INFO     Inserted 80 probe_fmod_values records for etOH-90-WTII      
                    (modrate).                                                  
           INFO     Bulk inserted 80 fmod_vals records.                         
           INFO     Inserted 80 probe_fmod_values records for etOH-90-WTII      
                    (GAmodrate).                                                
           INFO     Wrote per-read histogram for etOH-90-WTII (Modified) to     
                    examples/all_mutcounts/mut_count/mut_count___cfg-4db9570/art
                    ifacts/etOH-90-WTII/per_read_histogram.txt                  
           INFO     Wrote per-read histogram for etOH-90-WTII (GA) to           
                    examples/all_mutcounts/mut_count/mut_count___cfg-4db9570/art
                    ifacts/etOH-90-WTII/per_read_histogram.txtga                
           INFO     Found ShapeMapper profile for                               
                    023-EKC-fourUnew-WT-II-37C-dms-MaP-120 at                   
                    examples/all_mutcounts/mut_count/mut_count___cfg-4db9570/art
                    ifacts/023-EKC-fourUnew-WT-II-37C-dms-MaP-120/023-EKC-fourUn
                    ew-WT-II-37C-dms-MaP-120_023-EKC-fourUnew-WT-II-37C-dms-MaP-
                    120_profile.txt                                             
           INFO     Inserted probe_fmod_run for sample ID 23 (Run ID: 397)      
           INFO     Inserted probe_fmod_run 397 for sample                      
                    023-EKC-fourUnew-WT-II-37C-dms-MaP-120                      
           INFO     Bulk inserted 80 fmod_vals records.                         
           INFO     Inserted 80 probe_fmod_values records for                   
                    023-EKC-fourUnew-WT-II-37C-dms-MaP-120 (modrate).           
           INFO     Bulk inserted 80 fmod_vals records.                         
           INFO     Inserted 80 probe_fmod_values records for                   
                    023-EKC-fourUnew-WT-II-37C-dms-MaP-120 (GAmodrate).         
           INFO     Wrote per-read histogram for                                
                    023-EKC-fourUnew-WT-II-37C-dms-MaP-120 (Modified) to        
                    examples/all_mutcounts/mut_count/mut_count___cfg-4db9570/art
                    ifacts/023-EKC-fourUnew-WT-II-37C-dms-MaP-120/per_read_histo
                    gram.txt                                                    
           INFO     Wrote per-read histogram for                                
                    023-EKC-fourUnew-WT-II-37C-dms-MaP-120 (GA) to              
                    examples/all_mutcounts/mut_count/mut_count___cfg-4db9570/art
                    ifacts/023-EKC-fourUnew-WT-II-37C-dms-MaP-120/per_read_histo
                    gram.txtga                                                  
           INFO     Found ShapeMapper profile for DMS-120-WTII at               
                    examples/all_mutcounts/mut_count/mut_count___cfg-4db9570/art
                    ifacts/DMS-120-WTII/DMS-120-WTII_DMS-120-WTII_profile.txt   
[16:13:31] INFO     Inserted probe_fmod_run for sample ID 107 (Run ID: 398)     
           INFO     Inserted probe_fmod_run 398 for sample DMS-120-WTII         
           INFO     Bulk inserted 80 fmod_vals records.                         
           INFO     Inserted 80 probe_fmod_values records for DMS-120-WTII      
                    (modrate).                                                  
           INFO     Bulk inserted 80 fmod_vals records.                         
           INFO     Inserted 80 probe_fmod_values records for DMS-120-WTII      
                    (GAmodrate).                                                
           INFO     Wrote per-read histogram for DMS-120-WTII (Modified) to     
                    examples/all_mutcounts/mut_count/mut_count___cfg-4db9570/art
                    ifacts/DMS-120-WTII/per_read_histogram.txt                  
           INFO     Wrote per-read histogram for DMS-120-WTII (GA) to           
                    examples/all_mutcounts/mut_count/mut_count___cfg-4db9570/art
                    ifacts/DMS-120-WTII/per_read_histogram.txtga                
           INFO     Found ShapeMapper profile for                               
                    RRRY-023-EKC-fourUnew-WT-II-37C-dms-MaP-120 at              
                    examples/all_mutcounts/mut_count/mut_count___cfg-4db9570/art
                    ifacts/RRRY-023-EKC-fourUnew-WT-II-37C-dms-MaP-120/RRRY-023-
                    EKC-fourUnew-WT-II-37C-dms-MaP-120_RRRY-023-EKC-fourUnew-WT-
                    II-37C-dms-MaP-120_profile.txt                              
           INFO     Inserted probe_fmod_run for sample ID 37 (Run ID: 399)      
           INFO     Inserted probe_fmod_run 399 for sample                      
                    RRRY-023-EKC-fourUnew-WT-II-37C-dms-MaP-120                 
           INFO     Bulk inserted 80 fmod_vals records.                         
           INFO     Inserted 80 probe_fmod_values records for                   
                    RRRY-023-EKC-fourUnew-WT-II-37C-dms-MaP-120 (modrate).      
           INFO     Bulk inserted 80 fmod_vals records.                         
           INFO     Inserted 80 probe_fmod_values records for                   
                    RRRY-023-EKC-fourUnew-WT-II-37C-dms-MaP-120 (GAmodrate).    
           INFO     Wrote per-read histogram for                                
                    RRRY-023-EKC-fourUnew-WT-II-37C-dms-MaP-120 (Modified) to   
                    examples/all_mutcounts/mut_count/mut_count___cfg-4db9570/art
                    ifacts/RRRY-023-EKC-fourUnew-WT-II-37C-dms-MaP-120/per_read_
                    histogram.txt                                               
           INFO     Wrote per-read histogram for                                
                    RRRY-023-EKC-fourUnew-WT-II-37C-dms-MaP-120 (GA) to         
                    examples/all_mutcounts/mut_count/mut_count___cfg-4db9570/art
                    ifacts/RRRY-023-EKC-fourUnew-WT-II-37C-dms-MaP-120/per_read_
                    histogram.txtga                                             
           INFO     Found ShapeMapper profile for                               
                    YYYR-023-EKC-fourUnew-WT-II-37C-dms-MaP-120 at              
                    examples/all_mutcounts/mut_count/mut_count___cfg-4db9570/art
                    ifacts/YYYR-023-EKC-fourUnew-WT-II-37C-dms-MaP-120/YYYR-023-
                    EKC-fourUnew-WT-II-37C-dms-MaP-120_YYYR-023-EKC-fourUnew-WT-
                    II-37C-dms-MaP-120_profile.txt                              
           INFO     Inserted probe_fmod_run for sample ID 38 (Run ID: 400)      
           INFO     Inserted probe_fmod_run 400 for sample                      
                    YYYR-023-EKC-fourUnew-WT-II-37C-dms-MaP-120                 
           INFO     Bulk inserted 80 fmod_vals records.                         
           INFO     Inserted 80 probe_fmod_values records for                   
                    YYYR-023-EKC-fourUnew-WT-II-37C-dms-MaP-120 (modrate).      
           INFO     Bulk inserted 80 fmod_vals records.                         
           INFO     Inserted 80 probe_fmod_values records for                   
                    YYYR-023-EKC-fourUnew-WT-II-37C-dms-MaP-120 (GAmodrate).    
           INFO     Wrote per-read histogram for                                
                    YYYR-023-EKC-fourUnew-WT-II-37C-dms-MaP-120 (Modified) to   
                    examples/all_mutcounts/mut_count/mut_count___cfg-4db9570/art
                    ifacts/YYYR-023-EKC-fourUnew-WT-II-37C-dms-MaP-120/per_read_
                    histogram.txt                                               
           INFO     Wrote per-read histogram for                                
                    YYYR-023-EKC-fourUnew-WT-II-37C-dms-MaP-120 (GA) to         
                    examples/all_mutcounts/mut_count/mut_count___cfg-4db9570/art
                    ifacts/YYYR-023-EKC-fourUnew-WT-II-37C-dms-MaP-120/per_read_
                    histogram.txtga                                             
           INFO     Found ShapeMapper profile for etOH-120-WTII at              
                    examples/all_mutcounts/mut_count/mut_count___cfg-4db9570/art
                    ifacts/etOH-120-WTII/etOH-120-WTII_etOH-120-WTII_profile.txt
           INFO     Inserted probe_fmod_run for sample ID 115 (Run ID: 401)     
           INFO     Inserted probe_fmod_run 401 for sample etOH-120-WTII        
           INFO     Bulk inserted 80 fmod_vals records.                         
           INFO     Inserted 80 probe_fmod_values records for etOH-120-WTII     
                    (modrate).                                                  
           INFO     Bulk inserted 80 fmod_vals records.                         
           INFO     Inserted 80 probe_fmod_values records for etOH-120-WTII     
                    (GAmodrate).                                                
           INFO     Wrote per-read histogram for etOH-120-WTII (Modified) to    
                    examples/all_mutcounts/mut_count/mut_count___cfg-4db9570/art
                    ifacts/etOH-120-WTII/per_read_histogram.txt                 
           INFO     Wrote per-read histogram for etOH-120-WTII (GA) to          
                    examples/all_mutcounts/mut_count/mut_count___cfg-4db9570/art
                    ifacts/etOH-120-WTII/per_read_histogram.txtga               
           INFO     Found ShapeMapper profile for                               
                    024-EKC-fourUnew-WT-II-37C-dms-MaP-150 at                   
                    examples/all_mutcounts/mut_count/mut_count___cfg-4db9570/art
                    ifacts/024-EKC-fourUnew-WT-II-37C-dms-MaP-150/024-EKC-fourUn
                    ew-WT-II-37C-dms-MaP-150_024-EKC-fourUnew-WT-II-37C-dms-MaP-
                    150_profile.txt                                             
           INFO     Inserted probe_fmod_run for sample ID 24 (Run ID: 402)      
           INFO     Inserted probe_fmod_run 402 for sample                      
                    024-EKC-fourUnew-WT-II-37C-dms-MaP-150                      
           INFO     Bulk inserted 80 fmod_vals records.                         
           INFO     Inserted 80 probe_fmod_values records for                   
                    024-EKC-fourUnew-WT-II-37C-dms-MaP-150 (modrate).           
           INFO     Bulk inserted 80 fmod_vals records.                         
           INFO     Inserted 80 probe_fmod_values records for                   
                    024-EKC-fourUnew-WT-II-37C-dms-MaP-150 (GAmodrate).         
           INFO     Wrote per-read histogram for                                
                    024-EKC-fourUnew-WT-II-37C-dms-MaP-150 (Modified) to        
                    examples/all_mutcounts/mut_count/mut_count___cfg-4db9570/art
                    ifacts/024-EKC-fourUnew-WT-II-37C-dms-MaP-150/per_read_histo
                    gram.txt                                                    
           INFO     Wrote per-read histogram for                                
                    024-EKC-fourUnew-WT-II-37C-dms-MaP-150 (GA) to              
                    examples/all_mutcounts/mut_count/mut_count___cfg-4db9570/art
                    ifacts/024-EKC-fourUnew-WT-II-37C-dms-MaP-150/per_read_histo
                    gram.txtga                                                  
           INFO     Found ShapeMapper profile for DMS-150-WTII at               
                    examples/all_mutcounts/mut_count/mut_count___cfg-4db9570/art
                    ifacts/DMS-150-WTII/DMS-150-WTII_DMS-150-WTII_profile.txt   
           INFO     Inserted probe_fmod_run for sample ID 108 (Run ID: 403)     
           INFO     Inserted probe_fmod_run 403 for sample DMS-150-WTII         
           INFO     Bulk inserted 80 fmod_vals records.                         
           INFO     Inserted 80 probe_fmod_values records for DMS-150-WTII      
                    (modrate).                                                  
           INFO     Bulk inserted 80 fmod_vals records.                         
           INFO     Inserted 80 probe_fmod_values records for DMS-150-WTII      
                    (GAmodrate).                                                
           INFO     Wrote per-read histogram for DMS-150-WTII (Modified) to     
                    examples/all_mutcounts/mut_count/mut_count___cfg-4db9570/art
                    ifacts/DMS-150-WTII/per_read_histogram.txt                  
           INFO     Wrote per-read histogram for DMS-150-WTII (GA) to           
                    examples/all_mutcounts/mut_count/mut_count___cfg-4db9570/art
                    ifacts/DMS-150-WTII/per_read_histogram.txtga                
           INFO     Found ShapeMapper profile for                               
                    RRRY-024-EKC-fourUnew-WT-II-37C-dms-MaP-150 at              
                    examples/all_mutcounts/mut_count/mut_count___cfg-4db9570/art
                    ifacts/RRRY-024-EKC-fourUnew-WT-II-37C-dms-MaP-150/RRRY-024-
                    EKC-fourUnew-WT-II-37C-dms-MaP-150_RRRY-024-EKC-fourUnew-WT-
                    II-37C-dms-MaP-150_profile.txt                              
           INFO     Inserted probe_fmod_run for sample ID 39 (Run ID: 404)      
           INFO     Inserted probe_fmod_run 404 for sample                      
                    RRRY-024-EKC-fourUnew-WT-II-37C-dms-MaP-150                 
           INFO     Bulk inserted 80 fmod_vals records.                         
           INFO     Inserted 80 probe_fmod_values records for                   
                    RRRY-024-EKC-fourUnew-WT-II-37C-dms-MaP-150 (modrate).      
           INFO     Bulk inserted 80 fmod_vals records.                         
           INFO     Inserted 80 probe_fmod_values records for                   
                    RRRY-024-EKC-fourUnew-WT-II-37C-dms-MaP-150 (GAmodrate).    
           INFO     Wrote per-read histogram for                                
                    RRRY-024-EKC-fourUnew-WT-II-37C-dms-MaP-150 (Modified) to   
                    examples/all_mutcounts/mut_count/mut_count___cfg-4db9570/art
                    ifacts/RRRY-024-EKC-fourUnew-WT-II-37C-dms-MaP-150/per_read_
                    histogram.txt                                               
           INFO     Wrote per-read histogram for                                
                    RRRY-024-EKC-fourUnew-WT-II-37C-dms-MaP-150 (GA) to         
                    examples/all_mutcounts/mut_count/mut_count___cfg-4db9570/art
                    ifacts/RRRY-024-EKC-fourUnew-WT-II-37C-dms-MaP-150/per_read_
                    histogram.txtga                                             
           INFO     Found ShapeMapper profile for                               
                    YYYR-024-EKC-fourUnew-WT-II-37C-dms-MaP-150 at              
                    examples/all_mutcounts/mut_count/mut_count___cfg-4db9570/art
                    ifacts/YYYR-024-EKC-fourUnew-WT-II-37C-dms-MaP-150/YYYR-024-
                    EKC-fourUnew-WT-II-37C-dms-MaP-150_YYYR-024-EKC-fourUnew-WT-
                    II-37C-dms-MaP-150_profile.txt                              
           INFO     Inserted probe_fmod_run for sample ID 40 (Run ID: 405)      
           INFO     Inserted probe_fmod_run 405 for sample                      
                    YYYR-024-EKC-fourUnew-WT-II-37C-dms-MaP-150                 
           INFO     Bulk inserted 80 fmod_vals records.                         
           INFO     Inserted 80 probe_fmod_values records for                   
                    YYYR-024-EKC-fourUnew-WT-II-37C-dms-MaP-150 (modrate).      
           INFO     Bulk inserted 80 fmod_vals records.                         
           INFO     Inserted 80 probe_fmod_values records for                   
                    YYYR-024-EKC-fourUnew-WT-II-37C-dms-MaP-150 (GAmodrate).    
           INFO     Wrote per-read histogram for                                
                    YYYR-024-EKC-fourUnew-WT-II-37C-dms-MaP-150 (Modified) to   
                    examples/all_mutcounts/mut_count/mut_count___cfg-4db9570/art
                    ifacts/YYYR-024-EKC-fourUnew-WT-II-37C-dms-MaP-150/per_read_
                    histogram.txt                                               
           INFO     Wrote per-read histogram for                                
                    YYYR-024-EKC-fourUnew-WT-II-37C-dms-MaP-150 (GA) to         
                    examples/all_mutcounts/mut_count/mut_count___cfg-4db9570/art
                    ifacts/YYYR-024-EKC-fourUnew-WT-II-37C-dms-MaP-150/per_read_
                    histogram.txtga                                             
           INFO     Found ShapeMapper profile for etOH-150-WTII at              
                    examples/all_mutcounts/mut_count/mut_count___cfg-4db9570/art
                    ifacts/etOH-150-WTII/etOH-150-WTII_etOH-150-WTII_profile.txt
           INFO     Inserted probe_fmod_run for sample ID 116 (Run ID: 406)     
           INFO     Inserted probe_fmod_run 406 for sample etOH-150-WTII        
           INFO     Bulk inserted 80 fmod_vals records.                         
           INFO     Inserted 80 probe_fmod_values records for etOH-150-WTII     
                    (modrate).                                                  
           INFO     Bulk inserted 80 fmod_vals records.                         
           INFO     Inserted 80 probe_fmod_values records for etOH-150-WTII     
                    (GAmodrate).                                                
           INFO     Wrote per-read histogram for etOH-150-WTII (Modified) to    
                    examples/all_mutcounts/mut_count/mut_count___cfg-4db9570/art
                    ifacts/etOH-150-WTII/per_read_histogram.txt                 
           INFO     Wrote per-read histogram for etOH-150-WTII (GA) to          
                    examples/all_mutcounts/mut_count/mut_count___cfg-4db9570/art
                    ifacts/etOH-150-WTII/per_read_histogram.txtga               
           INFO     mut_count completed. Profiles found for 40/40 samples;      
                    ingested 40 run(s).                                         
           INFO     Finished task ID 56 with state 'completed'                  
           INFO     Task 'mut_count' (ID: 56) completed successfully.           
           INFO     Updated 'latest' symlink for task 'mut_count' to point to   
                    /gpfs/projects/b1044/Computational_Output/EKC/EKC.01_SHAPE_s
                    tandardization/EKC.01.065.refactoring_data_analysis/nerd/exa
                    mples/all_mutcounts/mut_count/mut_count___cfg-4db9570       
