[13:55:16] INFO     Executing 'run' command for step: 'mut_count'               
[13:55:16] INFO     Database schema initialized successfully.                   
           INFO     Created run directory:                                      
                    examples/all_mutcounts/mut_count/mut_count___cfg-12b4a2e    
           INFO     Executing task 'mut_count' in run directory:                
                    examples/all_mutcounts/mut_count/mut_count___cfg-12b4a2e    
           INFO     Resolved reaction_group 10_1 to 7 sample(s).                
           INFO     Began task 'mut_count' (ID: 15) for rg:51                   
                    (cfg=12b4a2e7d31f3fce2ad8914b933ba8de04e2996d3021cdb99b563e1
                    6191c8696)                                                  
           INFO     Starting command (backend=local) in                         
                    examples/all_mutcounts/mut_count/mut_count___cfg-12b4a2e    
           INFO     Executing command locally. Log file:                        
                    examples/all_mutcounts/mut_count/mut_count___cfg-12b4a2e/com
                    mand.log                                                    
[14:10:54] INFO     Command finished with exit code: 0                          
           INFO     Logged attempt #1 for task ID 15 (Attempt ID: 13)           
           INFO     Command completed successfully. Consuming outputs.          
           INFO     Found ShapeMapper profile for 049-fourU-WT-10c-a-1-p at     
                    examples/all_mutcounts/mut_count/mut_count___cfg-12b4a2e/art
                    ifacts/049-fourU-WT-10c-a-1-p/049-fourU-WT-10c-a-1-p_049-fou
                    rU-WT-10c-a-1-p_profile.txt                                 
           INFO     Inserted probe_fmod_run for sample ID 540 (Run ID: 79)      
           INFO     Inserted probe_fmod_run 79 for sample 049-fourU-WT-10c-a-1-p
           INFO     Bulk inserted 80 fmod_vals records.                         
           INFO     Inserted 80 probe_fmod_values records for                   
                    049-fourU-WT-10c-a-1-p (modrate).                           
           INFO     Bulk inserted 80 fmod_vals records.                         
           INFO     Inserted 80 probe_fmod_values records for                   
                    049-fourU-WT-10c-a-1-p (GAmodrate).                         
           INFO     Wrote per-read histogram for 049-fourU-WT-10c-a-1-p         
                    (Modified) to                                               
                    examples/all_mutcounts/mut_count/mut_count___cfg-12b4a2e/art
                    ifacts/049-fourU-WT-10c-a-1-p/per_read_histogram.txt        
           INFO     Wrote per-read histogram for 049-fourU-WT-10c-a-1-p (GA) to 
                    examples/all_mutcounts/mut_count/mut_count___cfg-12b4a2e/art
                    ifacts/049-fourU-WT-10c-a-1-p/per_read_histogram.txtga      
           INFO     Found ShapeMapper profile for 050-fourU-WT-10c-a-2-p at     
                    examples/all_mutcounts/mut_count/mut_count___cfg-12b4a2e/art
                    ifacts/050-fourU-WT-10c-a-2-p/050-fourU-WT-10c-a-2-p_050-fou
                    rU-WT-10c-a-2-p_profile.txt                                 
           INFO     Inserted probe_fmod_run for sample ID 541 (Run ID: 80)      
           INFO     Inserted probe_fmod_run 80 for sample 050-fourU-WT-10c-a-2-p
           INFO     Bulk inserted 80 fmod_vals records.                         
           INFO     Inserted 80 probe_fmod_values records for                   
                    050-fourU-WT-10c-a-2-p (modrate).                           
           INFO     Bulk inserted 80 fmod_vals records.                         
           INFO     Inserted 80 probe_fmod_values records for                   
                    050-fourU-WT-10c-a-2-p (GAmodrate).                         
           INFO     Wrote per-read histogram for 050-fourU-WT-10c-a-2-p         
                    (Modified) to                                               
                    examples/all_mutcounts/mut_count/mut_count___cfg-12b4a2e/art
                    ifacts/050-fourU-WT-10c-a-2-p/per_read_histogram.txt        
           INFO     Wrote per-read histogram for 050-fourU-WT-10c-a-2-p (GA) to 
                    examples/all_mutcounts/mut_count/mut_count___cfg-12b4a2e/art
                    ifacts/050-fourU-WT-10c-a-2-p/per_read_histogram.txtga      
           INFO     Found ShapeMapper profile for 051-fourU-WT-10c-a-3-p at     
                    examples/all_mutcounts/mut_count/mut_count___cfg-12b4a2e/art
                    ifacts/051-fourU-WT-10c-a-3-p/051-fourU-WT-10c-a-3-p_051-fou
                    rU-WT-10c-a-3-p_profile.txt                                 
           INFO     Inserted probe_fmod_run for sample ID 542 (Run ID: 81)      
           INFO     Inserted probe_fmod_run 81 for sample 051-fourU-WT-10c-a-3-p
           INFO     Bulk inserted 80 fmod_vals records.                         
           INFO     Inserted 80 probe_fmod_values records for                   
                    051-fourU-WT-10c-a-3-p (modrate).                           
           INFO     Bulk inserted 80 fmod_vals records.                         
           INFO     Inserted 80 probe_fmod_values records for                   
                    051-fourU-WT-10c-a-3-p (GAmodrate).                         
           INFO     Wrote per-read histogram for 051-fourU-WT-10c-a-3-p         
                    (Modified) to                                               
                    examples/all_mutcounts/mut_count/mut_count___cfg-12b4a2e/art
                    ifacts/051-fourU-WT-10c-a-3-p/per_read_histogram.txt        
           INFO     Wrote per-read histogram for 051-fourU-WT-10c-a-3-p (GA) to 
                    examples/all_mutcounts/mut_count/mut_count___cfg-12b4a2e/art
                    ifacts/051-fourU-WT-10c-a-3-p/per_read_histogram.txtga      
           INFO     Found ShapeMapper profile for 052-fourU-WT-10c-a-4-p at     
                    examples/all_mutcounts/mut_count/mut_count___cfg-12b4a2e/art
                    ifacts/052-fourU-WT-10c-a-4-p/052-fourU-WT-10c-a-4-p_052-fou
                    rU-WT-10c-a-4-p_profile.txt                                 
           INFO     Inserted probe_fmod_run for sample ID 543 (Run ID: 82)      
           INFO     Inserted probe_fmod_run 82 for sample 052-fourU-WT-10c-a-4-p
[14:10:55] INFO     Bulk inserted 80 fmod_vals records.                         
           INFO     Inserted 80 probe_fmod_values records for                   
                    052-fourU-WT-10c-a-4-p (modrate).                           
           INFO     Bulk inserted 80 fmod_vals records.                         
           INFO     Inserted 80 probe_fmod_values records for                   
                    052-fourU-WT-10c-a-4-p (GAmodrate).                         
           INFO     Wrote per-read histogram for 052-fourU-WT-10c-a-4-p         
                    (Modified) to                                               
                    examples/all_mutcounts/mut_count/mut_count___cfg-12b4a2e/art
                    ifacts/052-fourU-WT-10c-a-4-p/per_read_histogram.txt        
           INFO     Wrote per-read histogram for 052-fourU-WT-10c-a-4-p (GA) to 
                    examples/all_mutcounts/mut_count/mut_count___cfg-12b4a2e/art
                    ifacts/052-fourU-WT-10c-a-4-p/per_read_histogram.txtga      
           INFO     Found ShapeMapper profile for 053-fourU-WT-10c-a-5-p at     
                    examples/all_mutcounts/mut_count/mut_count___cfg-12b4a2e/art
                    ifacts/053-fourU-WT-10c-a-5-p/053-fourU-WT-10c-a-5-p_053-fou
                    rU-WT-10c-a-5-p_profile.txt                                 
           INFO     Inserted probe_fmod_run for sample ID 544 (Run ID: 83)      
           INFO     Inserted probe_fmod_run 83 for sample 053-fourU-WT-10c-a-5-p
           INFO     Bulk inserted 80 fmod_vals records.                         
           INFO     Inserted 80 probe_fmod_values records for                   
                    053-fourU-WT-10c-a-5-p (modrate).                           
           INFO     Bulk inserted 80 fmod_vals records.                         
           INFO     Inserted 80 probe_fmod_values records for                   
                    053-fourU-WT-10c-a-5-p (GAmodrate).                         
           INFO     Wrote per-read histogram for 053-fourU-WT-10c-a-5-p         
                    (Modified) to                                               
                    examples/all_mutcounts/mut_count/mut_count___cfg-12b4a2e/art
                    ifacts/053-fourU-WT-10c-a-5-p/per_read_histogram.txt        
           INFO     Wrote per-read histogram for 053-fourU-WT-10c-a-5-p (GA) to 
                    examples/all_mutcounts/mut_count/mut_count___cfg-12b4a2e/art
                    ifacts/053-fourU-WT-10c-a-5-p/per_read_histogram.txtga      
           INFO     Found ShapeMapper profile for 053_fourU_WT10c_a_6_m at      
                    examples/all_mutcounts/mut_count/mut_count___cfg-12b4a2e/art
                    ifacts/053_fourU_WT10c_a_6_m/053_fourU_WT10c_a_6_m_053_fourU
                    _WT10c_a_6_m_profile.txt                                    
           INFO     Inserted probe_fmod_run for sample ID 736 (Run ID: 84)      
           INFO     Inserted probe_fmod_run 84 for sample 053_fourU_WT10c_a_6_m 
           INFO     Bulk inserted 80 fmod_vals records.                         
           INFO     Inserted 80 probe_fmod_values records for                   
                    053_fourU_WT10c_a_6_m (modrate).                            
           INFO     Bulk inserted 80 fmod_vals records.                         
           INFO     Inserted 80 probe_fmod_values records for                   
                    053_fourU_WT10c_a_6_m (GAmodrate).                          
           INFO     Wrote per-read histogram for 053_fourU_WT10c_a_6_m          
                    (Modified) to                                               
                    examples/all_mutcounts/mut_count/mut_count___cfg-12b4a2e/art
                    ifacts/053_fourU_WT10c_a_6_m/per_read_histogram.txt         
           INFO     Wrote per-read histogram for 053_fourU_WT10c_a_6_m (GA) to  
                    examples/all_mutcounts/mut_count/mut_count___cfg-12b4a2e/art
                    ifacts/053_fourU_WT10c_a_6_m/per_read_histogram.txtga       
           INFO     Found ShapeMapper profile for 054-fourU-WT-10c-a-6-p at     
                    examples/all_mutcounts/mut_count/mut_count___cfg-12b4a2e/art
                    ifacts/054-fourU-WT-10c-a-6-p/054-fourU-WT-10c-a-6-p_054-fou
                    rU-WT-10c-a-6-p_profile.txt                                 
           INFO     Inserted probe_fmod_run for sample ID 545 (Run ID: 85)      
           INFO     Inserted probe_fmod_run 85 for sample 054-fourU-WT-10c-a-6-p
           INFO     Bulk inserted 80 fmod_vals records.                         
           INFO     Inserted 80 probe_fmod_values records for                   
                    054-fourU-WT-10c-a-6-p (modrate).                           
           INFO     Bulk inserted 80 fmod_vals records.                         
           INFO     Inserted 80 probe_fmod_values records for                   
                    054-fourU-WT-10c-a-6-p (GAmodrate).                         
           INFO     Wrote per-read histogram for 054-fourU-WT-10c-a-6-p         
                    (Modified) to                                               
                    examples/all_mutcounts/mut_count/mut_count___cfg-12b4a2e/art
                    ifacts/054-fourU-WT-10c-a-6-p/per_read_histogram.txt        
           INFO     Wrote per-read histogram for 054-fourU-WT-10c-a-6-p (GA) to 
                    examples/all_mutcounts/mut_count/mut_count___cfg-12b4a2e/art
                    ifacts/054-fourU-WT-10c-a-6-p/per_read_histogram.txtga      
           INFO     mut_count completed. Profiles found for 7/7 samples;        
                    ingested 7 run(s).                                          
           INFO     Finished task ID 15 with state 'completed'                  
           INFO     Task 'mut_count' (ID: 15) completed successfully.           
           INFO     Updated 'latest' symlink for task 'mut_count' to point to   
                    /gpfs/projects/b1044/Computational_Output/EKC/EKC.01_SHAPE_s
                    tandardization/EKC.01.065.refactoring_data_analysis/nerd/exa
                    mples/all_mutcounts/mut_count/mut_count___cfg-12b4a2e       
