[17:42:22] INFO     Executing 'run' command for step: 'mut_count'               
[17:42:22] INFO     Database schema initialized successfully.                   
           INFO     Created run directory:                                      
                    examples/all_mutcounts/mut_count/mut_count___cfg-4ff5515    
           INFO     Executing task 'mut_count' in run directory:                
                    examples/all_mutcounts/mut_count/mut_count___cfg-4ff5515    
           INFO     Resolved reaction_group 75_1_11 to 7 sample(s).             
           INFO     Began task 'mut_count' (ID: 104) for rg:111                 
                    (cfg=4ff55156fc4961ebb466f4b298c15bc8043e67cf4e4d2af133be9ff
                    b710cc709)                                                  
           INFO     Starting command (backend=local) in                         
                    examples/all_mutcounts/mut_count/mut_count___cfg-4ff5515    
           INFO     Executing command locally. Log file:                        
                    examples/all_mutcounts/mut_count/mut_count___cfg-4ff5515/com
                    mand.log                                                    
[17:46:00] INFO     Command finished with exit code: 0                          
           INFO     Logged attempt #1 for task ID 104 (Attempt ID: 90)          
           INFO     Command completed successfully. Consuming outputs.          
           INFO     Found ShapeMapper profile for 073-HIV-A35G-75c-a-1-p at     
                    examples/all_mutcounts/mut_count/mut_count___cfg-4ff5515/art
                    ifacts/073-HIV-A35G-75c-a-1-p/073-HIV-A35G-75c-a-1-p_073-HIV
                    -A35G-75c-a-1-p_profile.txt                                 
           INFO     Inserted probe_fmod_run for sample ID 948 (Run ID: 706)     
           INFO     Inserted probe_fmod_run 706 for sample                      
                    073-HIV-A35G-75c-a-1-p                                      
           INFO     Bulk inserted 74 fmod_vals records.                         
           INFO     Inserted 74 probe_fmod_values records for                   
                    073-HIV-A35G-75c-a-1-p (modrate).                           
           INFO     Bulk inserted 74 fmod_vals records.                         
           INFO     Inserted 74 probe_fmod_values records for                   
                    073-HIV-A35G-75c-a-1-p (GAmodrate).                         
           INFO     Wrote per-read histogram for 073-HIV-A35G-75c-a-1-p         
                    (Modified) to                                               
                    examples/all_mutcounts/mut_count/mut_count___cfg-4ff5515/art
                    ifacts/073-HIV-A35G-75c-a-1-p/per_read_histogram.txt        
           INFO     Wrote per-read histogram for 073-HIV-A35G-75c-a-1-p (GA) to 
                    examples/all_mutcounts/mut_count/mut_count___cfg-4ff5515/art
                    ifacts/073-HIV-A35G-75c-a-1-p/per_read_histogram.txtga      
           INFO     Found ShapeMapper profile for 074-HIV-A35G-75c-a-2-p at     
                    examples/all_mutcounts/mut_count/mut_count___cfg-4ff5515/art
                    ifacts/074-HIV-A35G-75c-a-2-p/074-HIV-A35G-75c-a-2-p_074-HIV
                    -A35G-75c-a-2-p_profile.txt                                 
           INFO     Inserted probe_fmod_run for sample ID 949 (Run ID: 707)     
           INFO     Inserted probe_fmod_run 707 for sample                      
                    074-HIV-A35G-75c-a-2-p                                      
           INFO     Bulk inserted 74 fmod_vals records.                         
           INFO     Inserted 74 probe_fmod_values records for                   
                    074-HIV-A35G-75c-a-2-p (modrate).                           
           INFO     Bulk inserted 74 fmod_vals records.                         
           INFO     Inserted 74 probe_fmod_values records for                   
                    074-HIV-A35G-75c-a-2-p (GAmodrate).                         
           INFO     Wrote per-read histogram for 074-HIV-A35G-75c-a-2-p         
                    (Modified) to                                               
                    examples/all_mutcounts/mut_count/mut_count___cfg-4ff5515/art
                    ifacts/074-HIV-A35G-75c-a-2-p/per_read_histogram.txt        
           INFO     Wrote per-read histogram for 074-HIV-A35G-75c-a-2-p (GA) to 
                    examples/all_mutcounts/mut_count/mut_count___cfg-4ff5515/art
                    ifacts/074-HIV-A35G-75c-a-2-p/per_read_histogram.txtga      
           INFO     Found ShapeMapper profile for 075-HIV-A35G-75c-a-3-p at     
                    examples/all_mutcounts/mut_count/mut_count___cfg-4ff5515/art
                    ifacts/075-HIV-A35G-75c-a-3-p/075-HIV-A35G-75c-a-3-p_075-HIV
                    -A35G-75c-a-3-p_profile.txt                                 
           INFO     Inserted probe_fmod_run for sample ID 950 (Run ID: 708)     
           INFO     Inserted probe_fmod_run 708 for sample                      
                    075-HIV-A35G-75c-a-3-p                                      
           INFO     Bulk inserted 74 fmod_vals records.                         
           INFO     Inserted 74 probe_fmod_values records for                   
                    075-HIV-A35G-75c-a-3-p (modrate).                           
           INFO     Bulk inserted 74 fmod_vals records.                         
           INFO     Inserted 74 probe_fmod_values records for                   
                    075-HIV-A35G-75c-a-3-p (GAmodrate).                         
           INFO     Wrote per-read histogram for 075-HIV-A35G-75c-a-3-p         
                    (Modified) to                                               
                    examples/all_mutcounts/mut_count/mut_count___cfg-4ff5515/art
                    ifacts/075-HIV-A35G-75c-a-3-p/per_read_histogram.txt        
           INFO     Wrote per-read histogram for 075-HIV-A35G-75c-a-3-p (GA) to 
                    examples/all_mutcounts/mut_count/mut_count___cfg-4ff5515/art
                    ifacts/075-HIV-A35G-75c-a-3-p/per_read_histogram.txtga      
           INFO     Found ShapeMapper profile for 076-HIV-A35G-75c-a-4-p at     
                    examples/all_mutcounts/mut_count/mut_count___cfg-4ff5515/art
                    ifacts/076-HIV-A35G-75c-a-4-p/076-HIV-A35G-75c-a-4-p_076-HIV
                    -A35G-75c-a-4-p_profile.txt                                 
           INFO     Inserted probe_fmod_run for sample ID 951 (Run ID: 709)     
           INFO     Inserted probe_fmod_run 709 for sample                      
                    076-HIV-A35G-75c-a-4-p                                      
           INFO     Bulk inserted 74 fmod_vals records.                         
           INFO     Inserted 74 probe_fmod_values records for                   
                    076-HIV-A35G-75c-a-4-p (modrate).                           
           INFO     Bulk inserted 74 fmod_vals records.                         
           INFO     Inserted 74 probe_fmod_values records for                   
                    076-HIV-A35G-75c-a-4-p (GAmodrate).                         
           INFO     Wrote per-read histogram for 076-HIV-A35G-75c-a-4-p         
                    (Modified) to                                               
                    examples/all_mutcounts/mut_count/mut_count___cfg-4ff5515/art
                    ifacts/076-HIV-A35G-75c-a-4-p/per_read_histogram.txt        
           INFO     Wrote per-read histogram for 076-HIV-A35G-75c-a-4-p (GA) to 
                    examples/all_mutcounts/mut_count/mut_count___cfg-4ff5515/art
                    ifacts/076-HIV-A35G-75c-a-4-p/per_read_histogram.txtga      
           INFO     Found ShapeMapper profile for 077-HIV-A35G-75c-a-5-p at     
                    examples/all_mutcounts/mut_count/mut_count___cfg-4ff5515/art
                    ifacts/077-HIV-A35G-75c-a-5-p/077-HIV-A35G-75c-a-5-p_077-HIV
                    -A35G-75c-a-5-p_profile.txt                                 
           INFO     Inserted probe_fmod_run for sample ID 952 (Run ID: 710)     
           INFO     Inserted probe_fmod_run 710 for sample                      
                    077-HIV-A35G-75c-a-5-p                                      
           INFO     Bulk inserted 74 fmod_vals records.                         
           INFO     Inserted 74 probe_fmod_values records for                   
                    077-HIV-A35G-75c-a-5-p (modrate).                           
           INFO     Bulk inserted 74 fmod_vals records.                         
           INFO     Inserted 74 probe_fmod_values records for                   
                    077-HIV-A35G-75c-a-5-p (GAmodrate).                         
           INFO     Wrote per-read histogram for 077-HIV-A35G-75c-a-5-p         
                    (Modified) to                                               
                    examples/all_mutcounts/mut_count/mut_count___cfg-4ff5515/art
                    ifacts/077-HIV-A35G-75c-a-5-p/per_read_histogram.txt        
           INFO     Wrote per-read histogram for 077-HIV-A35G-75c-a-5-p (GA) to 
                    examples/all_mutcounts/mut_count/mut_count___cfg-4ff5515/art
                    ifacts/077-HIV-A35G-75c-a-5-p/per_read_histogram.txtga      
           INFO     Found ShapeMapper profile for 077-HIV-A35G-75c-a-6-m at     
                    examples/all_mutcounts/mut_count/mut_count___cfg-4ff5515/art
                    ifacts/077-HIV-A35G-75c-a-6-m/077-HIV-A35G-75c-a-6-m_077-HIV
                    -A35G-75c-a-6-m_profile.txt                                 
           INFO     Inserted probe_fmod_run for sample ID 1048 (Run ID: 711)    
           INFO     Inserted probe_fmod_run 711 for sample                      
                    077-HIV-A35G-75c-a-6-m                                      
           INFO     Bulk inserted 74 fmod_vals records.                         
           INFO     Inserted 74 probe_fmod_values records for                   
                    077-HIV-A35G-75c-a-6-m (modrate).                           
           INFO     Bulk inserted 74 fmod_vals records.                         
           INFO     Inserted 74 probe_fmod_values records for                   
                    077-HIV-A35G-75c-a-6-m (GAmodrate).                         
           INFO     Wrote per-read histogram for 077-HIV-A35G-75c-a-6-m         
                    (Modified) to                                               
                    examples/all_mutcounts/mut_count/mut_count___cfg-4ff5515/art
                    ifacts/077-HIV-A35G-75c-a-6-m/per_read_histogram.txt        
           INFO     Wrote per-read histogram for 077-HIV-A35G-75c-a-6-m (GA) to 
                    examples/all_mutcounts/mut_count/mut_count___cfg-4ff5515/art
                    ifacts/077-HIV-A35G-75c-a-6-m/per_read_histogram.txtga      
           INFO     Found ShapeMapper profile for 078-HIV-A35G-75c-a-6-p at     
                    examples/all_mutcounts/mut_count/mut_count___cfg-4ff5515/art
                    ifacts/078-HIV-A35G-75c-a-6-p/078-HIV-A35G-75c-a-6-p_078-HIV
                    -A35G-75c-a-6-p_profile.txt                                 
           INFO     Inserted probe_fmod_run for sample ID 953 (Run ID: 712)     
           INFO     Inserted probe_fmod_run 712 for sample                      
                    078-HIV-A35G-75c-a-6-p                                      
           INFO     Bulk inserted 74 fmod_vals records.                         
           INFO     Inserted 74 probe_fmod_values records for                   
                    078-HIV-A35G-75c-a-6-p (modrate).                           
           INFO     Bulk inserted 74 fmod_vals records.                         
           INFO     Inserted 74 probe_fmod_values records for                   
                    078-HIV-A35G-75c-a-6-p (GAmodrate).                         
           INFO     Wrote per-read histogram for 078-HIV-A35G-75c-a-6-p         
                    (Modified) to                                               
                    examples/all_mutcounts/mut_count/mut_count___cfg-4ff5515/art
                    ifacts/078-HIV-A35G-75c-a-6-p/per_read_histogram.txt        
           INFO     Wrote per-read histogram for 078-HIV-A35G-75c-a-6-p (GA) to 
                    examples/all_mutcounts/mut_count/mut_count___cfg-4ff5515/art
                    ifacts/078-HIV-A35G-75c-a-6-p/per_read_histogram.txtga      
           INFO     mut_count completed. Profiles found for 7/7 samples;        
                    ingested 7 run(s).                                          
           INFO     Finished task ID 104 with state 'completed'                 
           INFO     Task 'mut_count' (ID: 104) completed successfully.          
           INFO     Updated 'latest' symlink for task 'mut_count' to point to   
                    /gpfs/projects/b1044/Computational_Output/EKC/EKC.01_SHAPE_s
                    tandardization/EKC.01.065.refactoring_data_analysis/nerd/exa
                    mples/all_mutcounts/mut_count/mut_count___cfg-4ff5515       
