[13:55:16] INFO     Executing 'run' command for step: 'mut_count'               
[13:55:16] INFO     Database schema initialized successfully.                   
           INFO     Created run directory:                                      
                    examples/all_mutcounts/mut_count/mut_count___cfg-a04ab0a    
           INFO     Executing task 'mut_count' in run directory:                
                    examples/all_mutcounts/mut_count/mut_count___cfg-a04ab0a    
           INFO     Resolved reaction_group 15_1 to 7 sample(s).                
           INFO     Began task 'mut_count' (ID: 13) for rg:53                   
                    (cfg=a04ab0a10f708cd6ba6c916f46b9431c8ec27e1df3d6d474e24d382
                    ddc392d5c)                                                  
           INFO     Starting command (backend=local) in                         
                    examples/all_mutcounts/mut_count/mut_count___cfg-a04ab0a    
           INFO     Executing command locally. Log file:                        
                    examples/all_mutcounts/mut_count/mut_count___cfg-a04ab0a/com
                    mand.log                                                    
[14:10:39] INFO     Command finished with exit code: 0                          
           INFO     Logged attempt #1 for task ID 13 (Attempt ID: 12)           
           INFO     Command completed successfully. Consuming outputs.          
           INFO     Found ShapeMapper profile for 061-fourU-WT-15c-a-1-p at     
                    examples/all_mutcounts/mut_count/mut_count___cfg-a04ab0a/art
                    ifacts/061-fourU-WT-15c-a-1-p/061-fourU-WT-15c-a-1-p_061-fou
                    rU-WT-15c-a-1-p_profile.txt                                 
           INFO     Inserted probe_fmod_run for sample ID 552 (Run ID: 72)      
           INFO     Inserted probe_fmod_run 72 for sample 061-fourU-WT-15c-a-1-p
           INFO     Bulk inserted 80 fmod_vals records.                         
           INFO     Inserted 80 probe_fmod_values records for                   
                    061-fourU-WT-15c-a-1-p (modrate).                           
           INFO     Bulk inserted 80 fmod_vals records.                         
           INFO     Inserted 80 probe_fmod_values records for                   
                    061-fourU-WT-15c-a-1-p (GAmodrate).                         
           INFO     Wrote per-read histogram for 061-fourU-WT-15c-a-1-p         
                    (Modified) to                                               
                    examples/all_mutcounts/mut_count/mut_count___cfg-a04ab0a/art
                    ifacts/061-fourU-WT-15c-a-1-p/per_read_histogram.txt        
           INFO     Wrote per-read histogram for 061-fourU-WT-15c-a-1-p (GA) to 
                    examples/all_mutcounts/mut_count/mut_count___cfg-a04ab0a/art
                    ifacts/061-fourU-WT-15c-a-1-p/per_read_histogram.txtga      
           INFO     Found ShapeMapper profile for 062-fourU-WT-15c-a-2-p at     
                    examples/all_mutcounts/mut_count/mut_count___cfg-a04ab0a/art
                    ifacts/062-fourU-WT-15c-a-2-p/062-fourU-WT-15c-a-2-p_062-fou
                    rU-WT-15c-a-2-p_profile.txt                                 
           INFO     Inserted probe_fmod_run for sample ID 553 (Run ID: 73)      
           INFO     Inserted probe_fmod_run 73 for sample 062-fourU-WT-15c-a-2-p
           INFO     Bulk inserted 80 fmod_vals records.                         
           INFO     Inserted 80 probe_fmod_values records for                   
                    062-fourU-WT-15c-a-2-p (modrate).                           
           INFO     Bulk inserted 80 fmod_vals records.                         
           INFO     Inserted 80 probe_fmod_values records for                   
                    062-fourU-WT-15c-a-2-p (GAmodrate).                         
           INFO     Wrote per-read histogram for 062-fourU-WT-15c-a-2-p         
                    (Modified) to                                               
                    examples/all_mutcounts/mut_count/mut_count___cfg-a04ab0a/art
                    ifacts/062-fourU-WT-15c-a-2-p/per_read_histogram.txt        
           INFO     Wrote per-read histogram for 062-fourU-WT-15c-a-2-p (GA) to 
                    examples/all_mutcounts/mut_count/mut_count___cfg-a04ab0a/art
                    ifacts/062-fourU-WT-15c-a-2-p/per_read_histogram.txtga      
           INFO     Found ShapeMapper profile for 063-fourU-WT-15c-a-3-p at     
                    examples/all_mutcounts/mut_count/mut_count___cfg-a04ab0a/art
                    ifacts/063-fourU-WT-15c-a-3-p/063-fourU-WT-15c-a-3-p_063-fou
                    rU-WT-15c-a-3-p_profile.txt                                 
           INFO     Inserted probe_fmod_run for sample ID 554 (Run ID: 74)      
           INFO     Inserted probe_fmod_run 74 for sample 063-fourU-WT-15c-a-3-p
           INFO     Bulk inserted 80 fmod_vals records.                         
           INFO     Inserted 80 probe_fmod_values records for                   
                    063-fourU-WT-15c-a-3-p (modrate).                           
           INFO     Bulk inserted 80 fmod_vals records.                         
           INFO     Inserted 80 probe_fmod_values records for                   
                    063-fourU-WT-15c-a-3-p (GAmodrate).                         
           INFO     Wrote per-read histogram for 063-fourU-WT-15c-a-3-p         
                    (Modified) to                                               
                    examples/all_mutcounts/mut_count/mut_count___cfg-a04ab0a/art
                    ifacts/063-fourU-WT-15c-a-3-p/per_read_histogram.txt        
           INFO     Wrote per-read histogram for 063-fourU-WT-15c-a-3-p (GA) to 
                    examples/all_mutcounts/mut_count/mut_count___cfg-a04ab0a/art
                    ifacts/063-fourU-WT-15c-a-3-p/per_read_histogram.txtga      
           INFO     Found ShapeMapper profile for 064-fourU-WT-15c-a-4-p at     
                    examples/all_mutcounts/mut_count/mut_count___cfg-a04ab0a/art
                    ifacts/064-fourU-WT-15c-a-4-p/064-fourU-WT-15c-a-4-p_064-fou
                    rU-WT-15c-a-4-p_profile.txt                                 
           INFO     Inserted probe_fmod_run for sample ID 555 (Run ID: 75)      
           INFO     Inserted probe_fmod_run 75 for sample 064-fourU-WT-15c-a-4-p
           INFO     Bulk inserted 80 fmod_vals records.                         
           INFO     Inserted 80 probe_fmod_values records for                   
                    064-fourU-WT-15c-a-4-p (modrate).                           
           INFO     Bulk inserted 80 fmod_vals records.                         
           INFO     Inserted 80 probe_fmod_values records for                   
                    064-fourU-WT-15c-a-4-p (GAmodrate).                         
           INFO     Wrote per-read histogram for 064-fourU-WT-15c-a-4-p         
                    (Modified) to                                               
                    examples/all_mutcounts/mut_count/mut_count___cfg-a04ab0a/art
                    ifacts/064-fourU-WT-15c-a-4-p/per_read_histogram.txt        
           INFO     Wrote per-read histogram for 064-fourU-WT-15c-a-4-p (GA) to 
                    examples/all_mutcounts/mut_count/mut_count___cfg-a04ab0a/art
                    ifacts/064-fourU-WT-15c-a-4-p/per_read_histogram.txtga      
           INFO     Found ShapeMapper profile for 065-fourU-WT-15c-a-5-p at     
                    examples/all_mutcounts/mut_count/mut_count___cfg-a04ab0a/art
                    ifacts/065-fourU-WT-15c-a-5-p/065-fourU-WT-15c-a-5-p_065-fou
                    rU-WT-15c-a-5-p_profile.txt                                 
           INFO     Inserted probe_fmod_run for sample ID 556 (Run ID: 76)      
           INFO     Inserted probe_fmod_run 76 for sample 065-fourU-WT-15c-a-5-p
           INFO     Bulk inserted 80 fmod_vals records.                         
           INFO     Inserted 80 probe_fmod_values records for                   
                    065-fourU-WT-15c-a-5-p (modrate).                           
           INFO     Bulk inserted 80 fmod_vals records.                         
           INFO     Inserted 80 probe_fmod_values records for                   
                    065-fourU-WT-15c-a-5-p (GAmodrate).                         
           INFO     Wrote per-read histogram for 065-fourU-WT-15c-a-5-p         
                    (Modified) to                                               
                    examples/all_mutcounts/mut_count/mut_count___cfg-a04ab0a/art
                    ifacts/065-fourU-WT-15c-a-5-p/per_read_histogram.txt        
           INFO     Wrote per-read histogram for 065-fourU-WT-15c-a-5-p (GA) to 
                    examples/all_mutcounts/mut_count/mut_count___cfg-a04ab0a/art
                    ifacts/065-fourU-WT-15c-a-5-p/per_read_histogram.txtga      
           INFO     Found ShapeMapper profile for 065_fourU_WT15c_a_6_m at      
                    examples/all_mutcounts/mut_count/mut_count___cfg-a04ab0a/art
                    ifacts/065_fourU_WT15c_a_6_m/065_fourU_WT15c_a_6_m_065_fourU
                    _WT15c_a_6_m_profile.txt                                    
           INFO     Inserted probe_fmod_run for sample ID 748 (Run ID: 77)      
           INFO     Inserted probe_fmod_run 77 for sample 065_fourU_WT15c_a_6_m 
           INFO     Bulk inserted 80 fmod_vals records.                         
           INFO     Inserted 80 probe_fmod_values records for                   
                    065_fourU_WT15c_a_6_m (modrate).                            
           INFO     Bulk inserted 80 fmod_vals records.                         
           INFO     Inserted 80 probe_fmod_values records for                   
                    065_fourU_WT15c_a_6_m (GAmodrate).                          
           INFO     Wrote per-read histogram for 065_fourU_WT15c_a_6_m          
                    (Modified) to                                               
                    examples/all_mutcounts/mut_count/mut_count___cfg-a04ab0a/art
                    ifacts/065_fourU_WT15c_a_6_m/per_read_histogram.txt         
           INFO     Wrote per-read histogram for 065_fourU_WT15c_a_6_m (GA) to  
                    examples/all_mutcounts/mut_count/mut_count___cfg-a04ab0a/art
                    ifacts/065_fourU_WT15c_a_6_m/per_read_histogram.txtga       
           INFO     Found ShapeMapper profile for 066-fourU-WT-15c-a-6-p at     
                    examples/all_mutcounts/mut_count/mut_count___cfg-a04ab0a/art
                    ifacts/066-fourU-WT-15c-a-6-p/066-fourU-WT-15c-a-6-p_066-fou
                    rU-WT-15c-a-6-p_profile.txt                                 
           INFO     Inserted probe_fmod_run for sample ID 557 (Run ID: 78)      
           INFO     Inserted probe_fmod_run 78 for sample 066-fourU-WT-15c-a-6-p
           INFO     Bulk inserted 80 fmod_vals records.                         
           INFO     Inserted 80 probe_fmod_values records for                   
                    066-fourU-WT-15c-a-6-p (modrate).                           
           INFO     Bulk inserted 80 fmod_vals records.                         
           INFO     Inserted 80 probe_fmod_values records for                   
                    066-fourU-WT-15c-a-6-p (GAmodrate).                         
           INFO     Wrote per-read histogram for 066-fourU-WT-15c-a-6-p         
                    (Modified) to                                               
                    examples/all_mutcounts/mut_count/mut_count___cfg-a04ab0a/art
                    ifacts/066-fourU-WT-15c-a-6-p/per_read_histogram.txt        
           INFO     Wrote per-read histogram for 066-fourU-WT-15c-a-6-p (GA) to 
                    examples/all_mutcounts/mut_count/mut_count___cfg-a04ab0a/art
                    ifacts/066-fourU-WT-15c-a-6-p/per_read_histogram.txtga      
           INFO     mut_count completed. Profiles found for 7/7 samples;        
                    ingested 7 run(s).                                          
           INFO     Finished task ID 13 with state 'completed'                  
           INFO     Task 'mut_count' (ID: 13) completed successfully.           
           INFO     Updated 'latest' symlink for task 'mut_count' to point to   
                    /gpfs/projects/b1044/Computational_Output/EKC/EKC.01_SHAPE_s
                    tandardization/EKC.01.065.refactoring_data_analysis/nerd/exa
                    mples/all_mutcounts/mut_count/mut_count___cfg-a04ab0a       
