[17:27:56] INFO     Executing 'run' command for step: 'mut_count'               
[17:27:56] INFO     Database schema initialized successfully.                   
           INFO     Created run directory:                                      
                    examples/all_mutcounts/mut_count/mut_count___cfg-109ca8d    
           INFO     Executing task 'mut_count' in run directory:                
                    examples/all_mutcounts/mut_count/mut_count___cfg-109ca8d    
           INFO     Resolved reaction_group 70_1_13 to 7 sample(s).             
           INFO     Began task 'mut_count' (ID: 90) for rg:101                  
                    (cfg=109ca8d0424029d6e9409daee8db8132d7a1989a6c62c149a4c5f39
                    618152c1f)                                                  
           INFO     Starting command (backend=local) in                         
                    examples/all_mutcounts/mut_count/mut_count___cfg-109ca8d    
           INFO     Executing command locally. Log file:                        
                    examples/all_mutcounts/mut_count/mut_count___cfg-109ca8d/com
                    mand.log                                                    
[17:32:28] INFO     Command finished with exit code: 0                          
           INFO     Logged attempt #1 for task ID 90 (Attempt ID: 73)           
           INFO     Command completed successfully. Consuming outputs.          
           INFO     Found ShapeMapper profile for 013-HIV-UUCG-ES-70c-a-1-p at  
                    examples/all_mutcounts/mut_count/mut_count___cfg-109ca8d/art
                    ifacts/013-HIV-UUCG-ES-70c-a-1-p/013-HIV-UUCG-ES-70c-a-1-p_0
                    13-HIV-UUCG-ES-70c-a-1-p_profile.txt                        
           INFO     Inserted probe_fmod_run for sample ID 888 (Run ID: 587)     
           INFO     Inserted probe_fmod_run 587 for sample                      
                    013-HIV-UUCG-ES-70c-a-1-p                                   
           INFO     Bulk inserted 76 fmod_vals records.                         
           INFO     Inserted 76 probe_fmod_values records for                   
                    013-HIV-UUCG-ES-70c-a-1-p (modrate).                        
           INFO     Bulk inserted 76 fmod_vals records.                         
           INFO     Inserted 76 probe_fmod_values records for                   
                    013-HIV-UUCG-ES-70c-a-1-p (GAmodrate).                      
           INFO     Wrote per-read histogram for 013-HIV-UUCG-ES-70c-a-1-p      
                    (Modified) to                                               
                    examples/all_mutcounts/mut_count/mut_count___cfg-109ca8d/art
                    ifacts/013-HIV-UUCG-ES-70c-a-1-p/per_read_histogram.txt     
           INFO     Wrote per-read histogram for 013-HIV-UUCG-ES-70c-a-1-p (GA) 
                    to                                                          
                    examples/all_mutcounts/mut_count/mut_count___cfg-109ca8d/art
                    ifacts/013-HIV-UUCG-ES-70c-a-1-p/per_read_histogram.txtga   
           INFO     Found ShapeMapper profile for 014-HIV-UUCG-ES-70c-a-2-p at  
                    examples/all_mutcounts/mut_count/mut_count___cfg-109ca8d/art
                    ifacts/014-HIV-UUCG-ES-70c-a-2-p/014-HIV-UUCG-ES-70c-a-2-p_0
                    14-HIV-UUCG-ES-70c-a-2-p_profile.txt                        
           INFO     Inserted probe_fmod_run for sample ID 889 (Run ID: 588)     
           INFO     Inserted probe_fmod_run 588 for sample                      
                    014-HIV-UUCG-ES-70c-a-2-p                                   
           INFO     Bulk inserted 76 fmod_vals records.                         
           INFO     Inserted 76 probe_fmod_values records for                   
                    014-HIV-UUCG-ES-70c-a-2-p (modrate).                        
           INFO     Bulk inserted 76 fmod_vals records.                         
           INFO     Inserted 76 probe_fmod_values records for                   
                    014-HIV-UUCG-ES-70c-a-2-p (GAmodrate).                      
           INFO     Wrote per-read histogram for 014-HIV-UUCG-ES-70c-a-2-p      
                    (Modified) to                                               
                    examples/all_mutcounts/mut_count/mut_count___cfg-109ca8d/art
                    ifacts/014-HIV-UUCG-ES-70c-a-2-p/per_read_histogram.txt     
           INFO     Wrote per-read histogram for 014-HIV-UUCG-ES-70c-a-2-p (GA) 
                    to                                                          
                    examples/all_mutcounts/mut_count/mut_count___cfg-109ca8d/art
                    ifacts/014-HIV-UUCG-ES-70c-a-2-p/per_read_histogram.txtga   
           INFO     Found ShapeMapper profile for 015-HIV-UUCG-ES-70c-a-3-p at  
                    examples/all_mutcounts/mut_count/mut_count___cfg-109ca8d/art
                    ifacts/015-HIV-UUCG-ES-70c-a-3-p/015-HIV-UUCG-ES-70c-a-3-p_0
                    15-HIV-UUCG-ES-70c-a-3-p_profile.txt                        
           INFO     Inserted probe_fmod_run for sample ID 890 (Run ID: 589)     
           INFO     Inserted probe_fmod_run 589 for sample                      
                    015-HIV-UUCG-ES-70c-a-3-p                                   
           INFO     Bulk inserted 76 fmod_vals records.                         
           INFO     Inserted 76 probe_fmod_values records for                   
                    015-HIV-UUCG-ES-70c-a-3-p (modrate).                        
           INFO     Bulk inserted 76 fmod_vals records.                         
           INFO     Inserted 76 probe_fmod_values records for                   
                    015-HIV-UUCG-ES-70c-a-3-p (GAmodrate).                      
           INFO     Wrote per-read histogram for 015-HIV-UUCG-ES-70c-a-3-p      
                    (Modified) to                                               
                    examples/all_mutcounts/mut_count/mut_count___cfg-109ca8d/art
                    ifacts/015-HIV-UUCG-ES-70c-a-3-p/per_read_histogram.txt     
           INFO     Wrote per-read histogram for 015-HIV-UUCG-ES-70c-a-3-p (GA) 
                    to                                                          
                    examples/all_mutcounts/mut_count/mut_count___cfg-109ca8d/art
                    ifacts/015-HIV-UUCG-ES-70c-a-3-p/per_read_histogram.txtga   
           INFO     Found ShapeMapper profile for 016-HIV-UUCG-ES-70c-a-4-p at  
                    examples/all_mutcounts/mut_count/mut_count___cfg-109ca8d/art
                    ifacts/016-HIV-UUCG-ES-70c-a-4-p/016-HIV-UUCG-ES-70c-a-4-p_0
                    16-HIV-UUCG-ES-70c-a-4-p_profile.txt                        
           INFO     Inserted probe_fmod_run for sample ID 891 (Run ID: 590)     
           INFO     Inserted probe_fmod_run 590 for sample                      
                    016-HIV-UUCG-ES-70c-a-4-p                                   
           INFO     Bulk inserted 76 fmod_vals records.                         
           INFO     Inserted 76 probe_fmod_values records for                   
                    016-HIV-UUCG-ES-70c-a-4-p (modrate).                        
           INFO     Bulk inserted 76 fmod_vals records.                         
           INFO     Inserted 76 probe_fmod_values records for                   
                    016-HIV-UUCG-ES-70c-a-4-p (GAmodrate).                      
           INFO     Wrote per-read histogram for 016-HIV-UUCG-ES-70c-a-4-p      
                    (Modified) to                                               
                    examples/all_mutcounts/mut_count/mut_count___cfg-109ca8d/art
                    ifacts/016-HIV-UUCG-ES-70c-a-4-p/per_read_histogram.txt     
           INFO     Wrote per-read histogram for 016-HIV-UUCG-ES-70c-a-4-p (GA) 
                    to                                                          
                    examples/all_mutcounts/mut_count/mut_count___cfg-109ca8d/art
                    ifacts/016-HIV-UUCG-ES-70c-a-4-p/per_read_histogram.txtga   
           INFO     Found ShapeMapper profile for 017-HIV-UUCG-ES-70c-a-5-p at  
                    examples/all_mutcounts/mut_count/mut_count___cfg-109ca8d/art
                    ifacts/017-HIV-UUCG-ES-70c-a-5-p/017-HIV-UUCG-ES-70c-a-5-p_0
                    17-HIV-UUCG-ES-70c-a-5-p_profile.txt                        
           INFO     Inserted probe_fmod_run for sample ID 892 (Run ID: 591)     
           INFO     Inserted probe_fmod_run 591 for sample                      
                    017-HIV-UUCG-ES-70c-a-5-p                                   
           INFO     Bulk inserted 76 fmod_vals records.                         
           INFO     Inserted 76 probe_fmod_values records for                   
                    017-HIV-UUCG-ES-70c-a-5-p (modrate).                        
           INFO     Bulk inserted 76 fmod_vals records.                         
           INFO     Inserted 76 probe_fmod_values records for                   
                    017-HIV-UUCG-ES-70c-a-5-p (GAmodrate).                      
           INFO     Wrote per-read histogram for 017-HIV-UUCG-ES-70c-a-5-p      
                    (Modified) to                                               
                    examples/all_mutcounts/mut_count/mut_count___cfg-109ca8d/art
                    ifacts/017-HIV-UUCG-ES-70c-a-5-p/per_read_histogram.txt     
           INFO     Wrote per-read histogram for 017-HIV-UUCG-ES-70c-a-5-p (GA) 
                    to                                                          
                    examples/all_mutcounts/mut_count/mut_count___cfg-109ca8d/art
                    ifacts/017-HIV-UUCG-ES-70c-a-5-p/per_read_histogram.txtga   
           INFO     Found ShapeMapper profile for 018-HIV-UUCG-ES-70c-a-6-p at  
                    examples/all_mutcounts/mut_count/mut_count___cfg-109ca8d/art
                    ifacts/018-HIV-UUCG-ES-70c-a-6-p/018-HIV-UUCG-ES-70c-a-6-p_0
                    18-HIV-UUCG-ES-70c-a-6-p_profile.txt                        
           INFO     Inserted probe_fmod_run for sample ID 893 (Run ID: 592)     
           INFO     Inserted probe_fmod_run 592 for sample                      
                    018-HIV-UUCG-ES-70c-a-6-p                                   
           INFO     Bulk inserted 76 fmod_vals records.                         
           INFO     Inserted 76 probe_fmod_values records for                   
                    018-HIV-UUCG-ES-70c-a-6-p (modrate).                        
           INFO     Bulk inserted 76 fmod_vals records.                         
           INFO     Inserted 76 probe_fmod_values records for                   
                    018-HIV-UUCG-ES-70c-a-6-p (GAmodrate).                      
           INFO     Wrote per-read histogram for 018-HIV-UUCG-ES-70c-a-6-p      
                    (Modified) to                                               
                    examples/all_mutcounts/mut_count/mut_count___cfg-109ca8d/art
                    ifacts/018-HIV-UUCG-ES-70c-a-6-p/per_read_histogram.txt     
           INFO     Wrote per-read histogram for 018-HIV-UUCG-ES-70c-a-6-p (GA) 
                    to                                                          
                    examples/all_mutcounts/mut_count/mut_count___cfg-109ca8d/art
                    ifacts/018-HIV-UUCG-ES-70c-a-6-p/per_read_histogram.txtga   
           INFO     Found ShapeMapper profile for 067-HIV-UUCG-ES-70c-a-6-m at  
                    examples/all_mutcounts/mut_count/mut_count___cfg-109ca8d/art
                    ifacts/067-HIV-UUCG-ES-70c-a-6-m/067-HIV-UUCG-ES-70c-a-6-m_0
                    67-HIV-UUCG-ES-70c-a-6-m_profile.txt                        
           INFO     Inserted probe_fmod_run for sample ID 1038 (Run ID: 593)    
           INFO     Inserted probe_fmod_run 593 for sample                      
                    067-HIV-UUCG-ES-70c-a-6-m                                   
           INFO     Bulk inserted 76 fmod_vals records.                         
           INFO     Inserted 76 probe_fmod_values records for                   
                    067-HIV-UUCG-ES-70c-a-6-m (modrate).                        
           INFO     Bulk inserted 76 fmod_vals records.                         
           INFO     Inserted 76 probe_fmod_values records for                   
                    067-HIV-UUCG-ES-70c-a-6-m (GAmodrate).                      
           INFO     Wrote per-read histogram for 067-HIV-UUCG-ES-70c-a-6-m      
                    (Modified) to                                               
                    examples/all_mutcounts/mut_count/mut_count___cfg-109ca8d/art
                    ifacts/067-HIV-UUCG-ES-70c-a-6-m/per_read_histogram.txt     
           INFO     Wrote per-read histogram for 067-HIV-UUCG-ES-70c-a-6-m (GA) 
                    to                                                          
                    examples/all_mutcounts/mut_count/mut_count___cfg-109ca8d/art
                    ifacts/067-HIV-UUCG-ES-70c-a-6-m/per_read_histogram.txtga   
           INFO     mut_count completed. Profiles found for 7/7 samples;        
                    ingested 7 run(s).                                          
           INFO     Finished task ID 90 with state 'completed'                  
           INFO     Task 'mut_count' (ID: 90) completed successfully.           
           INFO     Updated 'latest' symlink for task 'mut_count' to point to   
                    /gpfs/projects/b1044/Computational_Output/EKC/EKC.01_SHAPE_s
                    tandardization/EKC.01.065.refactoring_data_analysis/nerd/exa
                    mples/all_mutcounts/mut_count/mut_count___cfg-109ca8d       
