[17:49:26] INFO     Executing 'run' command for step: 'mut_count'               
[17:49:26] INFO     Database schema initialized successfully.                   
           INFO     Created run directory:                                      
                    examples/all_mutcounts/mut_count/mut_count___cfg-f6a6044    
           INFO     Executing task 'mut_count' in run directory:                
                    examples/all_mutcounts/mut_count/mut_count___cfg-f6a6044    
           INFO     Resolved reaction_group 75_2_12 to 7 sample(s).             
           INFO     Began task 'mut_count' (ID: 112) for rg:120                 
                    (cfg=f6a6044b65439495d7f6197de7e4cca1ebae319fd48d3c8352136f7
                    84ecd1fd9)                                                  
           INFO     Starting command (backend=local) in                         
                    examples/all_mutcounts/mut_count/mut_count___cfg-f6a6044    
           INFO     Executing command locally. Log file:                        
                    examples/all_mutcounts/mut_count/mut_count___cfg-f6a6044/com
                    mand.log                                                    
[17:53:42] INFO     Command finished with exit code: 0                          
           INFO     Logged attempt #1 for task ID 112 (Attempt ID: 103)         
           INFO     Command completed successfully. Consuming outputs.          
           INFO     Found ShapeMapper profile for 031-HIV-C30U-75c-b-1-p at     
                    examples/all_mutcounts/mut_count/mut_count___cfg-f6a6044/art
                    ifacts/031-HIV-C30U-75c-b-1-p/031-HIV-C30U-75c-b-1-p_031-HIV
                    -C30U-75c-b-1-p_profile.txt                                 
           INFO     Inserted probe_fmod_run for sample ID 1002 (Run ID: 808)    
           INFO     Inserted probe_fmod_run 808 for sample                      
                    031-HIV-C30U-75c-b-1-p                                      
           INFO     Bulk inserted 74 fmod_vals records.                         
           INFO     Inserted 74 probe_fmod_values records for                   
                    031-HIV-C30U-75c-b-1-p (modrate).                           
           INFO     Bulk inserted 74 fmod_vals records.                         
           INFO     Inserted 74 probe_fmod_values records for                   
                    031-HIV-C30U-75c-b-1-p (GAmodrate).                         
           INFO     Wrote per-read histogram for 031-HIV-C30U-75c-b-1-p         
                    (Modified) to                                               
                    examples/all_mutcounts/mut_count/mut_count___cfg-f6a6044/art
                    ifacts/031-HIV-C30U-75c-b-1-p/per_read_histogram.txt        
           INFO     Wrote per-read histogram for 031-HIV-C30U-75c-b-1-p (GA) to 
                    examples/all_mutcounts/mut_count/mut_count___cfg-f6a6044/art
                    ifacts/031-HIV-C30U-75c-b-1-p/per_read_histogram.txtga      
           INFO     Found ShapeMapper profile for 032-HIV-C30U-75c-b-2-p at     
                    examples/all_mutcounts/mut_count/mut_count___cfg-f6a6044/art
                    ifacts/032-HIV-C30U-75c-b-2-p/032-HIV-C30U-75c-b-2-p_032-HIV
                    -C30U-75c-b-2-p_profile.txt                                 
           INFO     Inserted probe_fmod_run for sample ID 1003 (Run ID: 809)    
           INFO     Inserted probe_fmod_run 809 for sample                      
                    032-HIV-C30U-75c-b-2-p                                      
[17:53:43] INFO     Bulk inserted 74 fmod_vals records.                         
           INFO     Inserted 74 probe_fmod_values records for                   
                    032-HIV-C30U-75c-b-2-p (modrate).                           
           INFO     Bulk inserted 74 fmod_vals records.                         
           INFO     Inserted 74 probe_fmod_values records for                   
                    032-HIV-C30U-75c-b-2-p (GAmodrate).                         
           INFO     Wrote per-read histogram for 032-HIV-C30U-75c-b-2-p         
                    (Modified) to                                               
                    examples/all_mutcounts/mut_count/mut_count___cfg-f6a6044/art
                    ifacts/032-HIV-C30U-75c-b-2-p/per_read_histogram.txt        
           INFO     Wrote per-read histogram for 032-HIV-C30U-75c-b-2-p (GA) to 
                    examples/all_mutcounts/mut_count/mut_count___cfg-f6a6044/art
                    ifacts/032-HIV-C30U-75c-b-2-p/per_read_histogram.txtga      
           INFO     Found ShapeMapper profile for 033-HIV-C30U-75c-b-3-p at     
                    examples/all_mutcounts/mut_count/mut_count___cfg-f6a6044/art
                    ifacts/033-HIV-C30U-75c-b-3-p/033-HIV-C30U-75c-b-3-p_033-HIV
                    -C30U-75c-b-3-p_profile.txt                                 
           INFO     Inserted probe_fmod_run for sample ID 1004 (Run ID: 811)    
           INFO     Inserted probe_fmod_run 811 for sample                      
                    033-HIV-C30U-75c-b-3-p                                      
           INFO     Bulk inserted 74 fmod_vals records.                         
           INFO     Inserted 74 probe_fmod_values records for                   
                    033-HIV-C30U-75c-b-3-p (modrate).                           
           INFO     Bulk inserted 74 fmod_vals records.                         
           INFO     Inserted 74 probe_fmod_values records for                   
                    033-HIV-C30U-75c-b-3-p (GAmodrate).                         
           INFO     Wrote per-read histogram for 033-HIV-C30U-75c-b-3-p         
                    (Modified) to                                               
                    examples/all_mutcounts/mut_count/mut_count___cfg-f6a6044/art
                    ifacts/033-HIV-C30U-75c-b-3-p/per_read_histogram.txt        
           INFO     Wrote per-read histogram for 033-HIV-C30U-75c-b-3-p (GA) to 
                    examples/all_mutcounts/mut_count/mut_count___cfg-f6a6044/art
                    ifacts/033-HIV-C30U-75c-b-3-p/per_read_histogram.txtga      
           INFO     Found ShapeMapper profile for 034-HIV-C30U-75c-b-4-p at     
                    examples/all_mutcounts/mut_count/mut_count___cfg-f6a6044/art
                    ifacts/034-HIV-C30U-75c-b-4-p/034-HIV-C30U-75c-b-4-p_034-HIV
                    -C30U-75c-b-4-p_profile.txt                                 
           INFO     Inserted probe_fmod_run for sample ID 1005 (Run ID: 813)    
           INFO     Inserted probe_fmod_run 813 for sample                      
                    034-HIV-C30U-75c-b-4-p                                      
           INFO     Bulk inserted 74 fmod_vals records.                         
           INFO     Inserted 74 probe_fmod_values records for                   
                    034-HIV-C30U-75c-b-4-p (modrate).                           
           INFO     Bulk inserted 74 fmod_vals records.                         
           INFO     Inserted 74 probe_fmod_values records for                   
                    034-HIV-C30U-75c-b-4-p (GAmodrate).                         
           INFO     Wrote per-read histogram for 034-HIV-C30U-75c-b-4-p         
                    (Modified) to                                               
                    examples/all_mutcounts/mut_count/mut_count___cfg-f6a6044/art
                    ifacts/034-HIV-C30U-75c-b-4-p/per_read_histogram.txt        
           INFO     Wrote per-read histogram for 034-HIV-C30U-75c-b-4-p (GA) to 
                    examples/all_mutcounts/mut_count/mut_count___cfg-f6a6044/art
                    ifacts/034-HIV-C30U-75c-b-4-p/per_read_histogram.txtga      
           INFO     Found ShapeMapper profile for 035-HIV-C30U-75c-b-5-p at     
                    examples/all_mutcounts/mut_count/mut_count___cfg-f6a6044/art
                    ifacts/035-HIV-C30U-75c-b-5-p/035-HIV-C30U-75c-b-5-p_035-HIV
                    -C30U-75c-b-5-p_profile.txt                                 
           INFO     Inserted probe_fmod_run for sample ID 1006 (Run ID: 815)    
           INFO     Inserted probe_fmod_run 815 for sample                      
                    035-HIV-C30U-75c-b-5-p                                      
           INFO     Bulk inserted 74 fmod_vals records.                         
           INFO     Inserted 74 probe_fmod_values records for                   
                    035-HIV-C30U-75c-b-5-p (modrate).                           
           INFO     Bulk inserted 74 fmod_vals records.                         
           INFO     Inserted 74 probe_fmod_values records for                   
                    035-HIV-C30U-75c-b-5-p (GAmodrate).                         
           INFO     Wrote per-read histogram for 035-HIV-C30U-75c-b-5-p         
                    (Modified) to                                               
                    examples/all_mutcounts/mut_count/mut_count___cfg-f6a6044/art
                    ifacts/035-HIV-C30U-75c-b-5-p/per_read_histogram.txt        
           INFO     Wrote per-read histogram for 035-HIV-C30U-75c-b-5-p (GA) to 
                    examples/all_mutcounts/mut_count/mut_count___cfg-f6a6044/art
                    ifacts/035-HIV-C30U-75c-b-5-p/per_read_histogram.txtga      
           INFO     Found ShapeMapper profile for 036-HIV-C30U-75c-b-6-p at     
                    examples/all_mutcounts/mut_count/mut_count___cfg-f6a6044/art
                    ifacts/036-HIV-C30U-75c-b-6-p/036-HIV-C30U-75c-b-6-p_036-HIV
                    -C30U-75c-b-6-p_profile.txt                                 
           INFO     Inserted probe_fmod_run for sample ID 1007 (Run ID: 817)    
           INFO     Inserted probe_fmod_run 817 for sample                      
                    036-HIV-C30U-75c-b-6-p                                      
           INFO     Bulk inserted 74 fmod_vals records.                         
           INFO     Inserted 74 probe_fmod_values records for                   
                    036-HIV-C30U-75c-b-6-p (modrate).                           
           INFO     Bulk inserted 74 fmod_vals records.                         
           INFO     Inserted 74 probe_fmod_values records for                   
                    036-HIV-C30U-75c-b-6-p (GAmodrate).                         
           INFO     Wrote per-read histogram for 036-HIV-C30U-75c-b-6-p         
                    (Modified) to                                               
                    examples/all_mutcounts/mut_count/mut_count___cfg-f6a6044/art
                    ifacts/036-HIV-C30U-75c-b-6-p/per_read_histogram.txt        
           INFO     Wrote per-read histogram for 036-HIV-C30U-75c-b-6-p (GA) to 
                    examples/all_mutcounts/mut_count/mut_count___cfg-f6a6044/art
                    ifacts/036-HIV-C30U-75c-b-6-p/per_read_histogram.txtga      
           INFO     Found ShapeMapper profile for 086-HIV-C30U-75c-b-6-m at     
                    examples/all_mutcounts/mut_count/mut_count___cfg-f6a6044/art
                    ifacts/086-HIV-C30U-75c-b-6-m/086-HIV-C30U-75c-b-6-m_086-HIV
                    -C30U-75c-b-6-m_profile.txt                                 
           INFO     Inserted probe_fmod_run for sample ID 1057 (Run ID: 819)    
           INFO     Inserted probe_fmod_run 819 for sample                      
                    086-HIV-C30U-75c-b-6-m                                      
           INFO     Bulk inserted 74 fmod_vals records.                         
           INFO     Inserted 74 probe_fmod_values records for                   
                    086-HIV-C30U-75c-b-6-m (modrate).                           
           INFO     Bulk inserted 74 fmod_vals records.                         
           INFO     Inserted 74 probe_fmod_values records for                   
                    086-HIV-C30U-75c-b-6-m (GAmodrate).                         
           INFO     Wrote per-read histogram for 086-HIV-C30U-75c-b-6-m         
                    (Modified) to                                               
                    examples/all_mutcounts/mut_count/mut_count___cfg-f6a6044/art
                    ifacts/086-HIV-C30U-75c-b-6-m/per_read_histogram.txt        
           INFO     Wrote per-read histogram for 086-HIV-C30U-75c-b-6-m (GA) to 
                    examples/all_mutcounts/mut_count/mut_count___cfg-f6a6044/art
                    ifacts/086-HIV-C30U-75c-b-6-m/per_read_histogram.txtga      
           INFO     mut_count completed. Profiles found for 7/7 samples;        
                    ingested 7 run(s).                                          
           INFO     Finished task ID 112 with state 'completed'                 
           INFO     Task 'mut_count' (ID: 112) completed successfully.          
           INFO     Updated 'latest' symlink for task 'mut_count' to point to   
                    /gpfs/projects/b1044/Computational_Output/EKC/EKC.01_SHAPE_s
                    tandardization/EKC.01.065.refactoring_data_analysis/nerd/exa
                    mples/all_mutcounts/mut_count/mut_count___cfg-f6a6044       
