[14:00:12] INFO     Executing 'run' command for step: 'mut_count'               
[14:00:12] INFO     Database schema initialized successfully.                   
           INFO     Created run directory:                                      
                    examples/all_mutcounts/mut_count/mut_count___cfg-c9084ff    
           INFO     Executing task 'mut_count' in run directory:                
                    examples/all_mutcounts/mut_count/mut_count___cfg-c9084ff    
           INFO     Resolved reaction_group 20_2_A8C to 8 sample(s).            
           INFO     Began task 'mut_count' (ID: 26) for rg:65                   
                    (cfg=c9084ffc029513c72a98007be3df17e87c9090f7a45caf694fdf1d5
                    aafba3aa2)                                                  
           INFO     Starting command (backend=local) in                         
                    examples/all_mutcounts/mut_count/mut_count___cfg-c9084ff    
           INFO     Executing command locally. Log file:                        
                    examples/all_mutcounts/mut_count/mut_count___cfg-c9084ff/com
                    mand.log                                                    
[15:36:47] INFO     Command finished with exit code: 0                          
           INFO     Logged attempt #1 for task ID 26 (Attempt ID: 35)           
           INFO     Command completed successfully. Consuming outputs.          
           INFO     Found ShapeMapper profile for 037_fourU_A8C_20c_b_1_p at    
                    examples/all_mutcounts/mut_count/mut_count___cfg-c9084ff/art
                    ifacts/037_fourU_A8C_20c_b_1_p/037_fourU_A8C_20c_b_1_p_037_f
                    ourU_A8C_20c_b_1_p_profile.txt                              
           INFO     Inserted probe_fmod_run for sample ID 624 (Run ID: 257)     
           INFO     Inserted probe_fmod_run 257 for sample                      
                    037_fourU_A8C_20c_b_1_p                                     
           INFO     Bulk inserted 80 fmod_vals records.                         
           INFO     Inserted 80 probe_fmod_values records for                   
                    037_fourU_A8C_20c_b_1_p (modrate).                          
           INFO     Bulk inserted 80 fmod_vals records.                         
           INFO     Inserted 80 probe_fmod_values records for                   
                    037_fourU_A8C_20c_b_1_p (GAmodrate).                        
           INFO     Wrote per-read histogram for 037_fourU_A8C_20c_b_1_p        
                    (Modified) to                                               
                    examples/all_mutcounts/mut_count/mut_count___cfg-c9084ff/art
                    ifacts/037_fourU_A8C_20c_b_1_p/per_read_histogram.txt       
           INFO     Wrote per-read histogram for 037_fourU_A8C_20c_b_1_p (GA) to
                    examples/all_mutcounts/mut_count/mut_count___cfg-c9084ff/art
                    ifacts/037_fourU_A8C_20c_b_1_p/per_read_histogram.txtga     
           INFO     Found ShapeMapper profile for 038_fourU_A8C_20c_b_2_p at    
                    examples/all_mutcounts/mut_count/mut_count___cfg-c9084ff/art
                    ifacts/038_fourU_A8C_20c_b_2_p/038_fourU_A8C_20c_b_2_p_038_f
                    ourU_A8C_20c_b_2_p_profile.txt                              
           INFO     Inserted probe_fmod_run for sample ID 625 (Run ID: 258)     
           INFO     Inserted probe_fmod_run 258 for sample                      
                    038_fourU_A8C_20c_b_2_p                                     
           INFO     Bulk inserted 80 fmod_vals records.                         
           INFO     Inserted 80 probe_fmod_values records for                   
                    038_fourU_A8C_20c_b_2_p (modrate).                          
           INFO     Bulk inserted 80 fmod_vals records.                         
           INFO     Inserted 80 probe_fmod_values records for                   
                    038_fourU_A8C_20c_b_2_p (GAmodrate).                        
           INFO     Wrote per-read histogram for 038_fourU_A8C_20c_b_2_p        
                    (Modified) to                                               
                    examples/all_mutcounts/mut_count/mut_count___cfg-c9084ff/art
                    ifacts/038_fourU_A8C_20c_b_2_p/per_read_histogram.txt       
           INFO     Wrote per-read histogram for 038_fourU_A8C_20c_b_2_p (GA) to
                    examples/all_mutcounts/mut_count/mut_count___cfg-c9084ff/art
                    ifacts/038_fourU_A8C_20c_b_2_p/per_read_histogram.txtga     
           INFO     Found ShapeMapper profile for 067_fourU_A8C20c_b_2_p at     
                    examples/all_mutcounts/mut_count/mut_count___cfg-c9084ff/art
                    ifacts/067_fourU_A8C20c_b_2_p/067_fourU_A8C20c_b_2_p_067_fou
                    rU_A8C20c_b_2_p_profile.txt                                 
           INFO     Inserted probe_fmod_run for sample ID 750 (Run ID: 259)     
           INFO     Inserted probe_fmod_run 259 for sample                      
                    067_fourU_A8C20c_b_2_p                                      
           INFO     Bulk inserted 80 fmod_vals records.                         
           INFO     Inserted 80 probe_fmod_values records for                   
                    067_fourU_A8C20c_b_2_p (modrate).                           
           INFO     Bulk inserted 80 fmod_vals records.                         
           INFO     Inserted 80 probe_fmod_values records for                   
                    067_fourU_A8C20c_b_2_p (GAmodrate).                         
           INFO     Wrote per-read histogram for 067_fourU_A8C20c_b_2_p         
                    (Modified) to                                               
                    examples/all_mutcounts/mut_count/mut_count___cfg-c9084ff/art
                    ifacts/067_fourU_A8C20c_b_2_p/per_read_histogram.txt        
           INFO     Wrote per-read histogram for 067_fourU_A8C20c_b_2_p (GA) to 
                    examples/all_mutcounts/mut_count/mut_count___cfg-c9084ff/art
                    ifacts/067_fourU_A8C20c_b_2_p/per_read_histogram.txtga      
           INFO     Found ShapeMapper profile for 039_fourU_A8C_20c_b_3_p at    
                    examples/all_mutcounts/mut_count/mut_count___cfg-c9084ff/art
                    ifacts/039_fourU_A8C_20c_b_3_p/039_fourU_A8C_20c_b_3_p_039_f
                    ourU_A8C_20c_b_3_p_profile.txt                              
           INFO     Inserted probe_fmod_run for sample ID 626 (Run ID: 260)     
           INFO     Inserted probe_fmod_run 260 for sample                      
                    039_fourU_A8C_20c_b_3_p                                     
           INFO     Bulk inserted 80 fmod_vals records.                         
           INFO     Inserted 80 probe_fmod_values records for                   
                    039_fourU_A8C_20c_b_3_p (modrate).                          
           INFO     Bulk inserted 80 fmod_vals records.                         
           INFO     Inserted 80 probe_fmod_values records for                   
                    039_fourU_A8C_20c_b_3_p (GAmodrate).                        
           INFO     Wrote per-read histogram for 039_fourU_A8C_20c_b_3_p        
                    (Modified) to                                               
                    examples/all_mutcounts/mut_count/mut_count___cfg-c9084ff/art
                    ifacts/039_fourU_A8C_20c_b_3_p/per_read_histogram.txt       
           INFO     Wrote per-read histogram for 039_fourU_A8C_20c_b_3_p (GA) to
                    examples/all_mutcounts/mut_count/mut_count___cfg-c9084ff/art
                    ifacts/039_fourU_A8C_20c_b_3_p/per_read_histogram.txtga     
           INFO     Found ShapeMapper profile for 040_fourU_A8C_20c_b_4_p at    
                    examples/all_mutcounts/mut_count/mut_count___cfg-c9084ff/art
                    ifacts/040_fourU_A8C_20c_b_4_p/040_fourU_A8C_20c_b_4_p_040_f
                    ourU_A8C_20c_b_4_p_profile.txt                              
           INFO     Inserted probe_fmod_run for sample ID 627 (Run ID: 261)     
           INFO     Inserted probe_fmod_run 261 for sample                      
                    040_fourU_A8C_20c_b_4_p                                     
           INFO     Bulk inserted 80 fmod_vals records.                         
           INFO     Inserted 80 probe_fmod_values records for                   
                    040_fourU_A8C_20c_b_4_p (modrate).                          
           INFO     Bulk inserted 80 fmod_vals records.                         
           INFO     Inserted 80 probe_fmod_values records for                   
                    040_fourU_A8C_20c_b_4_p (GAmodrate).                        
           INFO     Wrote per-read histogram for 040_fourU_A8C_20c_b_4_p        
                    (Modified) to                                               
                    examples/all_mutcounts/mut_count/mut_count___cfg-c9084ff/art
                    ifacts/040_fourU_A8C_20c_b_4_p/per_read_histogram.txt       
           INFO     Wrote per-read histogram for 040_fourU_A8C_20c_b_4_p (GA) to
                    examples/all_mutcounts/mut_count/mut_count___cfg-c9084ff/art
                    ifacts/040_fourU_A8C_20c_b_4_p/per_read_histogram.txtga     
           INFO     Found ShapeMapper profile for 041_fourU_A8C_20c_b_5_p at    
                    examples/all_mutcounts/mut_count/mut_count___cfg-c9084ff/art
                    ifacts/041_fourU_A8C_20c_b_5_p/041_fourU_A8C_20c_b_5_p_041_f
                    ourU_A8C_20c_b_5_p_profile.txt                              
           INFO     Inserted probe_fmod_run for sample ID 628 (Run ID: 262)     
           INFO     Inserted probe_fmod_run 262 for sample                      
                    041_fourU_A8C_20c_b_5_p                                     
           INFO     Bulk inserted 80 fmod_vals records.                         
           INFO     Inserted 80 probe_fmod_values records for                   
                    041_fourU_A8C_20c_b_5_p (modrate).                          
           INFO     Bulk inserted 80 fmod_vals records.                         
           INFO     Inserted 80 probe_fmod_values records for                   
                    041_fourU_A8C_20c_b_5_p (GAmodrate).                        
           INFO     Wrote per-read histogram for 041_fourU_A8C_20c_b_5_p        
                    (Modified) to                                               
                    examples/all_mutcounts/mut_count/mut_count___cfg-c9084ff/art
                    ifacts/041_fourU_A8C_20c_b_5_p/per_read_histogram.txt       
           INFO     Wrote per-read histogram for 041_fourU_A8C_20c_b_5_p (GA) to
                    examples/all_mutcounts/mut_count/mut_count___cfg-c9084ff/art
                    ifacts/041_fourU_A8C_20c_b_5_p/per_read_histogram.txtga     
           INFO     Found ShapeMapper profile for 042_fourU_A8C_20c_b_6_p at    
                    examples/all_mutcounts/mut_count/mut_count___cfg-c9084ff/art
                    ifacts/042_fourU_A8C_20c_b_6_p/042_fourU_A8C_20c_b_6_p_042_f
                    ourU_A8C_20c_b_6_p_profile.txt                              
           INFO     Inserted probe_fmod_run for sample ID 629 (Run ID: 263)     
           INFO     Inserted probe_fmod_run 263 for sample                      
                    042_fourU_A8C_20c_b_6_p                                     
           INFO     Bulk inserted 80 fmod_vals records.                         
           INFO     Inserted 80 probe_fmod_values records for                   
                    042_fourU_A8C_20c_b_6_p (modrate).                          
           INFO     Bulk inserted 80 fmod_vals records.                         
           INFO     Inserted 80 probe_fmod_values records for                   
                    042_fourU_A8C_20c_b_6_p (GAmodrate).                        
           INFO     Wrote per-read histogram for 042_fourU_A8C_20c_b_6_p        
                    (Modified) to                                               
                    examples/all_mutcounts/mut_count/mut_count___cfg-c9084ff/art
                    ifacts/042_fourU_A8C_20c_b_6_p/per_read_histogram.txt       
           INFO     Wrote per-read histogram for 042_fourU_A8C_20c_b_6_p (GA) to
                    examples/all_mutcounts/mut_count/mut_count___cfg-c9084ff/art
                    ifacts/042_fourU_A8C_20c_b_6_p/per_read_histogram.txtga     
           INFO     Found ShapeMapper profile for 070_fourU_A8C20c_b_6_m at     
                    examples/all_mutcounts/mut_count/mut_count___cfg-c9084ff/art
                    ifacts/070_fourU_A8C20c_b_6_m/070_fourU_A8C20c_b_6_m_070_fou
                    rU_A8C20c_b_6_m_profile.txt                                 
           INFO     Inserted probe_fmod_run for sample ID 753 (Run ID: 264)     
           INFO     Inserted probe_fmod_run 264 for sample                      
                    070_fourU_A8C20c_b_6_m                                      
           INFO     Bulk inserted 80 fmod_vals records.                         
           INFO     Inserted 80 probe_fmod_values records for                   
                    070_fourU_A8C20c_b_6_m (modrate).                           
           INFO     Bulk inserted 80 fmod_vals records.                         
           INFO     Inserted 80 probe_fmod_values records for                   
                    070_fourU_A8C20c_b_6_m (GAmodrate).                         
           INFO     Wrote per-read histogram for 070_fourU_A8C20c_b_6_m         
                    (Modified) to                                               
                    examples/all_mutcounts/mut_count/mut_count___cfg-c9084ff/art
                    ifacts/070_fourU_A8C20c_b_6_m/per_read_histogram.txt        
           INFO     Wrote per-read histogram for 070_fourU_A8C20c_b_6_m (GA) to 
                    examples/all_mutcounts/mut_count/mut_count___cfg-c9084ff/art
                    ifacts/070_fourU_A8C20c_b_6_m/per_read_histogram.txtga      
           INFO     mut_count completed. Profiles found for 8/8 samples;        
                    ingested 8 run(s).                                          
           INFO     Finished task ID 26 with state 'completed'                  
           INFO     Task 'mut_count' (ID: 26) completed successfully.           
           INFO     Updated 'latest' symlink for task 'mut_count' to point to   
                    /gpfs/projects/b1044/Computational_Output/EKC/EKC.01_SHAPE_s
                    tandardization/EKC.01.065.refactoring_data_analysis/nerd/exa
                    mples/all_mutcounts/mut_count/mut_count___cfg-c9084ff       
