[17:51:26] INFO     Executing 'run' command for step: 'mut_count'               
[17:51:26] INFO     Database schema initialized successfully.                   
           INFO     Created run directory:                                      
                    examples/all_mutcounts/mut_count/mut_count___cfg-cc5447b    
           INFO     Executing task 'mut_count' in run directory:                
                    examples/all_mutcounts/mut_count/mut_count___cfg-cc5447b    
           INFO     Resolved reaction_group 75_2_A8C to 7 sample(s).            
           INFO     Began task 'mut_count' (ID: 115) for rg:29                  
                    (cfg=cc5447b4965cbb949d94ae9338f6ba17646ce887d84a284afb84f43
                    e5bc77759)                                                  
           INFO     Starting command (backend=local) in                         
                    examples/all_mutcounts/mut_count/mut_count___cfg-cc5447b    
           INFO     Executing command locally. Log file:                        
                    examples/all_mutcounts/mut_count/mut_count___cfg-cc5447b/com
                    mand.log                                                    
[17:55:28] INFO     Command finished with exit code: 0                          
           INFO     Logged attempt #1 for task ID 115 (Attempt ID: 107)         
           INFO     Command completed successfully. Consuming outputs.          
           INFO     Found ShapeMapper profile for 031-EKC-A8C-75c-b-1-p at      
                    examples/all_mutcounts/mut_count/mut_count___cfg-cc5447b/art
                    ifacts/031-EKC-A8C-75c-b-1-p/031-EKC-A8C-75c-b-1-p_031-EKC-A
                    8C-75c-b-1-p_profile.txt                                    
           INFO     Inserted probe_fmod_run for sample ID 426 (Run ID: 842)     
           INFO     Inserted probe_fmod_run 842 for sample 031-EKC-A8C-75c-b-1-p
           INFO     Bulk inserted 80 fmod_vals records.                         
           INFO     Inserted 80 probe_fmod_values records for                   
                    031-EKC-A8C-75c-b-1-p (modrate).                            
           INFO     Bulk inserted 80 fmod_vals records.                         
           INFO     Inserted 80 probe_fmod_values records for                   
                    031-EKC-A8C-75c-b-1-p (GAmodrate).                          
           INFO     Wrote per-read histogram for 031-EKC-A8C-75c-b-1-p          
                    (Modified) to                                               
                    examples/all_mutcounts/mut_count/mut_count___cfg-cc5447b/art
                    ifacts/031-EKC-A8C-75c-b-1-p/per_read_histogram.txt         
           INFO     Wrote per-read histogram for 031-EKC-A8C-75c-b-1-p (GA) to  
                    examples/all_mutcounts/mut_count/mut_count___cfg-cc5447b/art
                    ifacts/031-EKC-A8C-75c-b-1-p/per_read_histogram.txtga       
           INFO     Found ShapeMapper profile for 032-EKC-A8C-75c-b-2-p at      
                    examples/all_mutcounts/mut_count/mut_count___cfg-cc5447b/art
                    ifacts/032-EKC-A8C-75c-b-2-p/032-EKC-A8C-75c-b-2-p_032-EKC-A
                    8C-75c-b-2-p_profile.txt                                    
           INFO     Inserted probe_fmod_run for sample ID 427 (Run ID: 843)     
           INFO     Inserted probe_fmod_run 843 for sample 032-EKC-A8C-75c-b-2-p
           INFO     Bulk inserted 80 fmod_vals records.                         
           INFO     Inserted 80 probe_fmod_values records for                   
                    032-EKC-A8C-75c-b-2-p (modrate).                            
           INFO     Bulk inserted 80 fmod_vals records.                         
           INFO     Inserted 80 probe_fmod_values records for                   
                    032-EKC-A8C-75c-b-2-p (GAmodrate).                          
           INFO     Wrote per-read histogram for 032-EKC-A8C-75c-b-2-p          
                    (Modified) to                                               
                    examples/all_mutcounts/mut_count/mut_count___cfg-cc5447b/art
                    ifacts/032-EKC-A8C-75c-b-2-p/per_read_histogram.txt         
           INFO     Wrote per-read histogram for 032-EKC-A8C-75c-b-2-p (GA) to  
                    examples/all_mutcounts/mut_count/mut_count___cfg-cc5447b/art
                    ifacts/032-EKC-A8C-75c-b-2-p/per_read_histogram.txtga       
           INFO     Found ShapeMapper profile for 033-EKC-A8C-75c-b-3-p at      
                    examples/all_mutcounts/mut_count/mut_count___cfg-cc5447b/art
                    ifacts/033-EKC-A8C-75c-b-3-p/033-EKC-A8C-75c-b-3-p_033-EKC-A
                    8C-75c-b-3-p_profile.txt                                    
           INFO     Inserted probe_fmod_run for sample ID 428 (Run ID: 844)     
           INFO     Inserted probe_fmod_run 844 for sample 033-EKC-A8C-75c-b-3-p
           INFO     Bulk inserted 80 fmod_vals records.                         
           INFO     Inserted 80 probe_fmod_values records for                   
                    033-EKC-A8C-75c-b-3-p (modrate).                            
           INFO     Bulk inserted 80 fmod_vals records.                         
           INFO     Inserted 80 probe_fmod_values records for                   
                    033-EKC-A8C-75c-b-3-p (GAmodrate).                          
           INFO     Wrote per-read histogram for 033-EKC-A8C-75c-b-3-p          
                    (Modified) to                                               
                    examples/all_mutcounts/mut_count/mut_count___cfg-cc5447b/art
                    ifacts/033-EKC-A8C-75c-b-3-p/per_read_histogram.txt         
           INFO     Wrote per-read histogram for 033-EKC-A8C-75c-b-3-p (GA) to  
                    examples/all_mutcounts/mut_count/mut_count___cfg-cc5447b/art
                    ifacts/033-EKC-A8C-75c-b-3-p/per_read_histogram.txtga       
           INFO     Found ShapeMapper profile for 034-EKC-A8C-75c-b-4-p at      
                    examples/all_mutcounts/mut_count/mut_count___cfg-cc5447b/art
                    ifacts/034-EKC-A8C-75c-b-4-p/034-EKC-A8C-75c-b-4-p_034-EKC-A
                    8C-75c-b-4-p_profile.txt                                    
           INFO     Inserted probe_fmod_run for sample ID 429 (Run ID: 845)     
           INFO     Inserted probe_fmod_run 845 for sample 034-EKC-A8C-75c-b-4-p
           INFO     Bulk inserted 80 fmod_vals records.                         
           INFO     Inserted 80 probe_fmod_values records for                   
                    034-EKC-A8C-75c-b-4-p (modrate).                            
           INFO     Bulk inserted 80 fmod_vals records.                         
           INFO     Inserted 80 probe_fmod_values records for                   
                    034-EKC-A8C-75c-b-4-p (GAmodrate).                          
           INFO     Wrote per-read histogram for 034-EKC-A8C-75c-b-4-p          
                    (Modified) to                                               
                    examples/all_mutcounts/mut_count/mut_count___cfg-cc5447b/art
                    ifacts/034-EKC-A8C-75c-b-4-p/per_read_histogram.txt         
           INFO     Wrote per-read histogram for 034-EKC-A8C-75c-b-4-p (GA) to  
                    examples/all_mutcounts/mut_count/mut_count___cfg-cc5447b/art
                    ifacts/034-EKC-A8C-75c-b-4-p/per_read_histogram.txtga       
           INFO     Found ShapeMapper profile for 035-EKC-A8C-75c-b-5-p at      
                    examples/all_mutcounts/mut_count/mut_count___cfg-cc5447b/art
                    ifacts/035-EKC-A8C-75c-b-5-p/035-EKC-A8C-75c-b-5-p_035-EKC-A
                    8C-75c-b-5-p_profile.txt                                    
           INFO     Inserted probe_fmod_run for sample ID 430 (Run ID: 846)     
           INFO     Inserted probe_fmod_run 846 for sample 035-EKC-A8C-75c-b-5-p
           INFO     Bulk inserted 80 fmod_vals records.                         
           INFO     Inserted 80 probe_fmod_values records for                   
                    035-EKC-A8C-75c-b-5-p (modrate).                            
           INFO     Bulk inserted 80 fmod_vals records.                         
           INFO     Inserted 80 probe_fmod_values records for                   
                    035-EKC-A8C-75c-b-5-p (GAmodrate).                          
           INFO     Wrote per-read histogram for 035-EKC-A8C-75c-b-5-p          
                    (Modified) to                                               
                    examples/all_mutcounts/mut_count/mut_count___cfg-cc5447b/art
                    ifacts/035-EKC-A8C-75c-b-5-p/per_read_histogram.txt         
           INFO     Wrote per-read histogram for 035-EKC-A8C-75c-b-5-p (GA) to  
                    examples/all_mutcounts/mut_count/mut_count___cfg-cc5447b/art
                    ifacts/035-EKC-A8C-75c-b-5-p/per_read_histogram.txtga       
           INFO     Found ShapeMapper profile for 036-EKC-A8C-75c-b-6-p at      
                    examples/all_mutcounts/mut_count/mut_count___cfg-cc5447b/art
                    ifacts/036-EKC-A8C-75c-b-6-p/036-EKC-A8C-75c-b-6-p_036-EKC-A
                    8C-75c-b-6-p_profile.txt                                    
           INFO     Inserted probe_fmod_run for sample ID 431 (Run ID: 847)     
           INFO     Inserted probe_fmod_run 847 for sample 036-EKC-A8C-75c-b-6-p
           INFO     Bulk inserted 80 fmod_vals records.                         
           INFO     Inserted 80 probe_fmod_values records for                   
                    036-EKC-A8C-75c-b-6-p (modrate).                            
           INFO     Bulk inserted 80 fmod_vals records.                         
           INFO     Inserted 80 probe_fmod_values records for                   
                    036-EKC-A8C-75c-b-6-p (GAmodrate).                          
[17:55:29] INFO     Wrote per-read histogram for 036-EKC-A8C-75c-b-6-p          
                    (Modified) to                                               
                    examples/all_mutcounts/mut_count/mut_count___cfg-cc5447b/art
                    ifacts/036-EKC-A8C-75c-b-6-p/per_read_histogram.txt         
           INFO     Wrote per-read histogram for 036-EKC-A8C-75c-b-6-p (GA) to  
                    examples/all_mutcounts/mut_count/mut_count___cfg-cc5447b/art
                    ifacts/036-EKC-A8C-75c-b-6-p/per_read_histogram.txtga       
           INFO     Found ShapeMapper profile for 046-EKC-A8C-75c-b-6-m at      
                    examples/all_mutcounts/mut_count/mut_count___cfg-cc5447b/art
                    ifacts/046-EKC-A8C-75c-b-6-m/046-EKC-A8C-75c-b-6-m_046-EKC-A
                    8C-75c-b-6-m_profile.txt                                    
           INFO     Inserted probe_fmod_run for sample ID 351 (Run ID: 848)     
           INFO     Inserted probe_fmod_run 848 for sample 046-EKC-A8C-75c-b-6-m
           INFO     Bulk inserted 80 fmod_vals records.                         
           INFO     Inserted 80 probe_fmod_values records for                   
                    046-EKC-A8C-75c-b-6-m (modrate).                            
           INFO     Bulk inserted 80 fmod_vals records.                         
           INFO     Inserted 80 probe_fmod_values records for                   
                    046-EKC-A8C-75c-b-6-m (GAmodrate).                          
           INFO     Wrote per-read histogram for 046-EKC-A8C-75c-b-6-m          
                    (Modified) to                                               
                    examples/all_mutcounts/mut_count/mut_count___cfg-cc5447b/art
                    ifacts/046-EKC-A8C-75c-b-6-m/per_read_histogram.txt         
           INFO     Wrote per-read histogram for 046-EKC-A8C-75c-b-6-m (GA) to  
                    examples/all_mutcounts/mut_count/mut_count___cfg-cc5447b/art
                    ifacts/046-EKC-A8C-75c-b-6-m/per_read_histogram.txtga       
           INFO     mut_count completed. Profiles found for 7/7 samples;        
                    ingested 7 run(s).                                          
           INFO     Finished task ID 115 with state 'completed'                 
           INFO     Task 'mut_count' (ID: 115) completed successfully.          
           INFO     Updated 'latest' symlink for task 'mut_count' to point to   
                    /gpfs/projects/b1044/Computational_Output/EKC/EKC.01_SHAPE_s
                    tandardization/EKC.01.065.refactoring_data_analysis/nerd/exa
                    mples/all_mutcounts/mut_count/mut_count___cfg-cc5447b       
