[17:51:26] INFO     Executing 'run' command for step: 'mut_count'               
[17:51:26] INFO     Database schema initialized successfully.                   
           INFO     Created run directory:                                      
                    examples/all_mutcounts/mut_count/mut_count___cfg-84858b0    
           INFO     Executing task 'mut_count' in run directory:                
                    examples/all_mutcounts/mut_count/mut_count___cfg-84858b0    
           INFO     Resolved reaction_group 75_2_15 to 7 sample(s).             
           INFO     Began task 'mut_count' (ID: 116) for rg:88                  
                    (cfg=84858b0990e2e78fbe7bb6a140db73702a8f601cfb0226118d71694
                    a580bfe7e)                                                  
           INFO     Starting command (backend=local) in                         
                    examples/all_mutcounts/mut_count/mut_count___cfg-84858b0    
           INFO     Executing command locally. Log file:                        
                    examples/all_mutcounts/mut_count/mut_count___cfg-84858b0/com
                    mand.log                                                    
[17:56:35] INFO     Command finished with exit code: 0                          
           INFO     Logged attempt #1 for task ID 116 (Attempt ID: 108)         
           INFO     Command completed successfully. Consuming outputs.          
           INFO     Found ShapeMapper profile for 031-HIV-WT-75c-b-1-p at       
                    examples/all_mutcounts/mut_count/mut_count___cfg-84858b0/art
                    ifacts/031-HIV-WT-75c-b-1-p/031-HIV-WT-75c-b-1-p_031-HIV-WT-
                    75c-b-1-p_profile.txt                                       
           INFO     Inserted probe_fmod_run for sample ID 810 (Run ID: 849)     
           INFO     Inserted probe_fmod_run 849 for sample 031-HIV-WT-75c-b-1-p 
           INFO     Bulk inserted 74 fmod_vals records.                         
           INFO     Inserted 74 probe_fmod_values records for                   
                    031-HIV-WT-75c-b-1-p (modrate).                             
           INFO     Bulk inserted 74 fmod_vals records.                         
           INFO     Inserted 74 probe_fmod_values records for                   
                    031-HIV-WT-75c-b-1-p (GAmodrate).                           
           INFO     Wrote per-read histogram for 031-HIV-WT-75c-b-1-p (Modified)
                    to                                                          
                    examples/all_mutcounts/mut_count/mut_count___cfg-84858b0/art
                    ifacts/031-HIV-WT-75c-b-1-p/per_read_histogram.txt          
           INFO     Wrote per-read histogram for 031-HIV-WT-75c-b-1-p (GA) to   
                    examples/all_mutcounts/mut_count/mut_count___cfg-84858b0/art
                    ifacts/031-HIV-WT-75c-b-1-p/per_read_histogram.txtga        
           INFO     Found ShapeMapper profile for 032-HIV-WT-75c-b-2-p at       
                    examples/all_mutcounts/mut_count/mut_count___cfg-84858b0/art
                    ifacts/032-HIV-WT-75c-b-2-p/032-HIV-WT-75c-b-2-p_032-HIV-WT-
                    75c-b-2-p_profile.txt                                       
[17:56:36] INFO     Inserted probe_fmod_run for sample ID 811 (Run ID: 850)     
           INFO     Inserted probe_fmod_run 850 for sample 032-HIV-WT-75c-b-2-p 
           INFO     Bulk inserted 74 fmod_vals records.                         
           INFO     Inserted 74 probe_fmod_values records for                   
                    032-HIV-WT-75c-b-2-p (modrate).                             
           INFO     Bulk inserted 74 fmod_vals records.                         
           INFO     Inserted 74 probe_fmod_values records for                   
                    032-HIV-WT-75c-b-2-p (GAmodrate).                           
           INFO     Wrote per-read histogram for 032-HIV-WT-75c-b-2-p (Modified)
                    to                                                          
                    examples/all_mutcounts/mut_count/mut_count___cfg-84858b0/art
                    ifacts/032-HIV-WT-75c-b-2-p/per_read_histogram.txt          
           INFO     Wrote per-read histogram for 032-HIV-WT-75c-b-2-p (GA) to   
                    examples/all_mutcounts/mut_count/mut_count___cfg-84858b0/art
                    ifacts/032-HIV-WT-75c-b-2-p/per_read_histogram.txtga        
           INFO     Found ShapeMapper profile for 033-HIV-WT-75c-b-3-p at       
                    examples/all_mutcounts/mut_count/mut_count___cfg-84858b0/art
                    ifacts/033-HIV-WT-75c-b-3-p/033-HIV-WT-75c-b-3-p_033-HIV-WT-
                    75c-b-3-p_profile.txt                                       
           INFO     Inserted probe_fmod_run for sample ID 812 (Run ID: 851)     
           INFO     Inserted probe_fmod_run 851 for sample 033-HIV-WT-75c-b-3-p 
           INFO     Bulk inserted 74 fmod_vals records.                         
           INFO     Inserted 74 probe_fmod_values records for                   
                    033-HIV-WT-75c-b-3-p (modrate).                             
           INFO     Bulk inserted 74 fmod_vals records.                         
           INFO     Inserted 74 probe_fmod_values records for                   
                    033-HIV-WT-75c-b-3-p (GAmodrate).                           
           INFO     Wrote per-read histogram for 033-HIV-WT-75c-b-3-p (Modified)
                    to                                                          
                    examples/all_mutcounts/mut_count/mut_count___cfg-84858b0/art
                    ifacts/033-HIV-WT-75c-b-3-p/per_read_histogram.txt          
           INFO     Wrote per-read histogram for 033-HIV-WT-75c-b-3-p (GA) to   
                    examples/all_mutcounts/mut_count/mut_count___cfg-84858b0/art
                    ifacts/033-HIV-WT-75c-b-3-p/per_read_histogram.txtga        
           INFO     Found ShapeMapper profile for 034-HIV-WT-75c-b-4-p at       
                    examples/all_mutcounts/mut_count/mut_count___cfg-84858b0/art
                    ifacts/034-HIV-WT-75c-b-4-p/034-HIV-WT-75c-b-4-p_034-HIV-WT-
                    75c-b-4-p_profile.txt                                       
           INFO     Inserted probe_fmod_run for sample ID 813 (Run ID: 852)     
           INFO     Inserted probe_fmod_run 852 for sample 034-HIV-WT-75c-b-4-p 
           INFO     Bulk inserted 74 fmod_vals records.                         
           INFO     Inserted 74 probe_fmod_values records for                   
                    034-HIV-WT-75c-b-4-p (modrate).                             
           INFO     Bulk inserted 74 fmod_vals records.                         
           INFO     Inserted 74 probe_fmod_values records for                   
                    034-HIV-WT-75c-b-4-p (GAmodrate).                           
           INFO     Wrote per-read histogram for 034-HIV-WT-75c-b-4-p (Modified)
                    to                                                          
                    examples/all_mutcounts/mut_count/mut_count___cfg-84858b0/art
                    ifacts/034-HIV-WT-75c-b-4-p/per_read_histogram.txt          
           INFO     Wrote per-read histogram for 034-HIV-WT-75c-b-4-p (GA) to   
                    examples/all_mutcounts/mut_count/mut_count___cfg-84858b0/art
                    ifacts/034-HIV-WT-75c-b-4-p/per_read_histogram.txtga        
           INFO     Found ShapeMapper profile for 035-HIV-WT-75c-b-5-p at       
                    examples/all_mutcounts/mut_count/mut_count___cfg-84858b0/art
                    ifacts/035-HIV-WT-75c-b-5-p/035-HIV-WT-75c-b-5-p_035-HIV-WT-
                    75c-b-5-p_profile.txt                                       
           INFO     Inserted probe_fmod_run for sample ID 814 (Run ID: 853)     
           INFO     Inserted probe_fmod_run 853 for sample 035-HIV-WT-75c-b-5-p 
           INFO     Bulk inserted 74 fmod_vals records.                         
           INFO     Inserted 74 probe_fmod_values records for                   
                    035-HIV-WT-75c-b-5-p (modrate).                             
           INFO     Bulk inserted 74 fmod_vals records.                         
           INFO     Inserted 74 probe_fmod_values records for                   
                    035-HIV-WT-75c-b-5-p (GAmodrate).                           
           INFO     Wrote per-read histogram for 035-HIV-WT-75c-b-5-p (Modified)
                    to                                                          
                    examples/all_mutcounts/mut_count/mut_count___cfg-84858b0/art
                    ifacts/035-HIV-WT-75c-b-5-p/per_read_histogram.txt          
           INFO     Wrote per-read histogram for 035-HIV-WT-75c-b-5-p (GA) to   
                    examples/all_mutcounts/mut_count/mut_count___cfg-84858b0/art
                    ifacts/035-HIV-WT-75c-b-5-p/per_read_histogram.txtga        
           INFO     Found ShapeMapper profile for 036-HIV-WT-75c-b-6-p at       
                    examples/all_mutcounts/mut_count/mut_count___cfg-84858b0/art
                    ifacts/036-HIV-WT-75c-b-6-p/036-HIV-WT-75c-b-6-p_036-HIV-WT-
                    75c-b-6-p_profile.txt                                       
           INFO     Inserted probe_fmod_run for sample ID 815 (Run ID: 854)     
           INFO     Inserted probe_fmod_run 854 for sample 036-HIV-WT-75c-b-6-p 
           INFO     Bulk inserted 74 fmod_vals records.                         
           INFO     Inserted 74 probe_fmod_values records for                   
                    036-HIV-WT-75c-b-6-p (modrate).                             
           INFO     Bulk inserted 74 fmod_vals records.                         
           INFO     Inserted 74 probe_fmod_values records for                   
                    036-HIV-WT-75c-b-6-p (GAmodrate).                           
           INFO     Wrote per-read histogram for 036-HIV-WT-75c-b-6-p (Modified)
                    to                                                          
                    examples/all_mutcounts/mut_count/mut_count___cfg-84858b0/art
                    ifacts/036-HIV-WT-75c-b-6-p/per_read_histogram.txt          
           INFO     Wrote per-read histogram for 036-HIV-WT-75c-b-6-p (GA) to   
                    examples/all_mutcounts/mut_count/mut_count___cfg-84858b0/art
                    ifacts/036-HIV-WT-75c-b-6-p/per_read_histogram.txtga        
           INFO     Found ShapeMapper profile for 054-HIV-WT-75c-b-6-m at       
                    examples/all_mutcounts/mut_count/mut_count___cfg-84858b0/art
                    ifacts/054-HIV-WT-75c-b-6-m/054-HIV-WT-75c-b-6-m_054-HIV-WT-
                    75c-b-6-m_profile.txt                                       
           INFO     Inserted probe_fmod_run for sample ID 1025 (Run ID: 855)    
           INFO     Inserted probe_fmod_run 855 for sample 054-HIV-WT-75c-b-6-m 
           INFO     Bulk inserted 74 fmod_vals records.                         
           INFO     Inserted 74 probe_fmod_values records for                   
                    054-HIV-WT-75c-b-6-m (modrate).                             
           INFO     Bulk inserted 74 fmod_vals records.                         
           INFO     Inserted 74 probe_fmod_values records for                   
                    054-HIV-WT-75c-b-6-m (GAmodrate).                           
           INFO     Wrote per-read histogram for 054-HIV-WT-75c-b-6-m (Modified)
                    to                                                          
                    examples/all_mutcounts/mut_count/mut_count___cfg-84858b0/art
                    ifacts/054-HIV-WT-75c-b-6-m/per_read_histogram.txt          
           INFO     Wrote per-read histogram for 054-HIV-WT-75c-b-6-m (GA) to   
                    examples/all_mutcounts/mut_count/mut_count___cfg-84858b0/art
                    ifacts/054-HIV-WT-75c-b-6-m/per_read_histogram.txtga        
           INFO     mut_count completed. Profiles found for 7/7 samples;        
                    ingested 7 run(s).                                          
           INFO     Finished task ID 116 with state 'completed'                 
           INFO     Task 'mut_count' (ID: 116) completed successfully.          
           INFO     Updated 'latest' symlink for task 'mut_count' to point to   
                    /gpfs/projects/b1044/Computational_Output/EKC/EKC.01_SHAPE_s
                    tandardization/EKC.01.065.refactoring_data_analysis/nerd/exa
                    mples/all_mutcounts/mut_count/mut_count___cfg-84858b0       
