[16:13:49] INFO     Executing 'run' command for step: 'mut_count'               
[16:13:49] INFO     Database schema initialized successfully.                   
           INFO     Created run directory:                                      
                    examples/all_mutcounts/mut_count/mut_count___cfg-e3b7ba4    
           INFO     Executing task 'mut_count' in run directory:                
                    examples/all_mutcounts/mut_count/mut_count___cfg-e3b7ba4    
           INFO     Resolved reaction_group 45_3 to 7 sample(s).                
           INFO     Began task 'mut_count' (ID: 69) for rg:23                   
                    (cfg=e3b7ba4d744a29feb1d45af4a1cc7194d0e44d6d5e4dd86d0e5d27e
                    6b0db75b4)                                                  
           INFO     Starting command (backend=local) in                         
                    examples/all_mutcounts/mut_count/mut_count___cfg-e3b7ba4    
           INFO     Executing command locally. Log file:                        
                    examples/all_mutcounts/mut_count/mut_count___cfg-e3b7ba4/com
                    mand.log                                                    
[16:19:06] INFO     Command finished with exit code: 0                          
           INFO     Logged attempt #1 for task ID 69 (Attempt ID: 53)           
           INFO     Command completed successfully. Consuming outputs.          
           INFO     Found ShapeMapper profile for 073-EKC-WT-45c-b-1-p at       
                    examples/all_mutcounts/mut_count/mut_count___cfg-e3b7ba4/art
                    ifacts/073-EKC-WT-45c-b-1-p/073-EKC-WT-45c-b-1-p_073-EKC-WT-
                    45c-b-1-p_profile.txt                                       
           INFO     Inserted probe_fmod_run for sample ID 378 (Run ID: 422)     
           INFO     Inserted probe_fmod_run 422 for sample 073-EKC-WT-45c-b-1-p 
           INFO     Bulk inserted 80 fmod_vals records.                         
           INFO     Inserted 80 probe_fmod_values records for                   
                    073-EKC-WT-45c-b-1-p (modrate).                             
           INFO     Bulk inserted 80 fmod_vals records.                         
           INFO     Inserted 80 probe_fmod_values records for                   
                    073-EKC-WT-45c-b-1-p (GAmodrate).                           
           INFO     Wrote per-read histogram for 073-EKC-WT-45c-b-1-p (Modified)
                    to                                                          
                    examples/all_mutcounts/mut_count/mut_count___cfg-e3b7ba4/art
                    ifacts/073-EKC-WT-45c-b-1-p/per_read_histogram.txt          
           INFO     Wrote per-read histogram for 073-EKC-WT-45c-b-1-p (GA) to   
                    examples/all_mutcounts/mut_count/mut_count___cfg-e3b7ba4/art
                    ifacts/073-EKC-WT-45c-b-1-p/per_read_histogram.txtga        
           INFO     Found ShapeMapper profile for 074-EKC-WT-45c-b-2-p at       
                    examples/all_mutcounts/mut_count/mut_count___cfg-e3b7ba4/art
                    ifacts/074-EKC-WT-45c-b-2-p/074-EKC-WT-45c-b-2-p_074-EKC-WT-
                    45c-b-2-p_profile.txt                                       
           INFO     Inserted probe_fmod_run for sample ID 379 (Run ID: 423)     
           INFO     Inserted probe_fmod_run 423 for sample 074-EKC-WT-45c-b-2-p 
           INFO     Bulk inserted 80 fmod_vals records.                         
           INFO     Inserted 80 probe_fmod_values records for                   
                    074-EKC-WT-45c-b-2-p (modrate).                             
           INFO     Bulk inserted 80 fmod_vals records.                         
           INFO     Inserted 80 probe_fmod_values records for                   
                    074-EKC-WT-45c-b-2-p (GAmodrate).                           
           INFO     Wrote per-read histogram for 074-EKC-WT-45c-b-2-p (Modified)
                    to                                                          
                    examples/all_mutcounts/mut_count/mut_count___cfg-e3b7ba4/art
                    ifacts/074-EKC-WT-45c-b-2-p/per_read_histogram.txt          
           INFO     Wrote per-read histogram for 074-EKC-WT-45c-b-2-p (GA) to   
                    examples/all_mutcounts/mut_count/mut_count___cfg-e3b7ba4/art
                    ifacts/074-EKC-WT-45c-b-2-p/per_read_histogram.txtga        
           INFO     Found ShapeMapper profile for 075-EKC-WT-45c-b-3-p at       
                    examples/all_mutcounts/mut_count/mut_count___cfg-e3b7ba4/art
                    ifacts/075-EKC-WT-45c-b-3-p/075-EKC-WT-45c-b-3-p_075-EKC-WT-
                    45c-b-3-p_profile.txt                                       
           INFO     Inserted probe_fmod_run for sample ID 380 (Run ID: 424)     
           INFO     Inserted probe_fmod_run 424 for sample 075-EKC-WT-45c-b-3-p 
           INFO     Bulk inserted 80 fmod_vals records.                         
           INFO     Inserted 80 probe_fmod_values records for                   
                    075-EKC-WT-45c-b-3-p (modrate).                             
           INFO     Bulk inserted 80 fmod_vals records.                         
           INFO     Inserted 80 probe_fmod_values records for                   
                    075-EKC-WT-45c-b-3-p (GAmodrate).                           
           INFO     Wrote per-read histogram for 075-EKC-WT-45c-b-3-p (Modified)
                    to                                                          
                    examples/all_mutcounts/mut_count/mut_count___cfg-e3b7ba4/art
                    ifacts/075-EKC-WT-45c-b-3-p/per_read_histogram.txt          
           INFO     Wrote per-read histogram for 075-EKC-WT-45c-b-3-p (GA) to   
                    examples/all_mutcounts/mut_count/mut_count___cfg-e3b7ba4/art
                    ifacts/075-EKC-WT-45c-b-3-p/per_read_histogram.txtga        
           INFO     Found ShapeMapper profile for 076-EKC-WT-45c-b-4-p at       
                    examples/all_mutcounts/mut_count/mut_count___cfg-e3b7ba4/art
                    ifacts/076-EKC-WT-45c-b-4-p/076-EKC-WT-45c-b-4-p_076-EKC-WT-
                    45c-b-4-p_profile.txt                                       
           INFO     Inserted probe_fmod_run for sample ID 381 (Run ID: 425)     
           INFO     Inserted probe_fmod_run 425 for sample 076-EKC-WT-45c-b-4-p 
           INFO     Bulk inserted 80 fmod_vals records.                         
           INFO     Inserted 80 probe_fmod_values records for                   
                    076-EKC-WT-45c-b-4-p (modrate).                             
           INFO     Bulk inserted 80 fmod_vals records.                         
           INFO     Inserted 80 probe_fmod_values records for                   
                    076-EKC-WT-45c-b-4-p (GAmodrate).                           
           INFO     Wrote per-read histogram for 076-EKC-WT-45c-b-4-p (Modified)
                    to                                                          
                    examples/all_mutcounts/mut_count/mut_count___cfg-e3b7ba4/art
                    ifacts/076-EKC-WT-45c-b-4-p/per_read_histogram.txt          
           INFO     Wrote per-read histogram for 076-EKC-WT-45c-b-4-p (GA) to   
                    examples/all_mutcounts/mut_count/mut_count___cfg-e3b7ba4/art
                    ifacts/076-EKC-WT-45c-b-4-p/per_read_histogram.txtga        
           INFO     Found ShapeMapper profile for 077-EKC-WT-45c-b-5-p at       
                    examples/all_mutcounts/mut_count/mut_count___cfg-e3b7ba4/art
                    ifacts/077-EKC-WT-45c-b-5-p/077-EKC-WT-45c-b-5-p_077-EKC-WT-
                    45c-b-5-p_profile.txt                                       
           INFO     Inserted probe_fmod_run for sample ID 382 (Run ID: 426)     
           INFO     Inserted probe_fmod_run 426 for sample 077-EKC-WT-45c-b-5-p 
           INFO     Bulk inserted 80 fmod_vals records.                         
           INFO     Inserted 80 probe_fmod_values records for                   
                    077-EKC-WT-45c-b-5-p (modrate).                             
           INFO     Bulk inserted 80 fmod_vals records.                         
           INFO     Inserted 80 probe_fmod_values records for                   
                    077-EKC-WT-45c-b-5-p (GAmodrate).                           
           INFO     Wrote per-read histogram for 077-EKC-WT-45c-b-5-p (Modified)
                    to                                                          
                    examples/all_mutcounts/mut_count/mut_count___cfg-e3b7ba4/art
                    ifacts/077-EKC-WT-45c-b-5-p/per_read_histogram.txt          
           INFO     Wrote per-read histogram for 077-EKC-WT-45c-b-5-p (GA) to   
                    examples/all_mutcounts/mut_count/mut_count___cfg-e3b7ba4/art
                    ifacts/077-EKC-WT-45c-b-5-p/per_read_histogram.txtga        
           INFO     Found ShapeMapper profile for 033-EKC-WT-45c-b-6-m at       
                    examples/all_mutcounts/mut_count/mut_count___cfg-e3b7ba4/art
                    ifacts/033-EKC-WT-45c-b-6-m/033-EKC-WT-45c-b-6-m_033-EKC-WT-
                    45c-b-6-m_profile.txt                                       
           INFO     Inserted probe_fmod_run for sample ID 338 (Run ID: 427)     
           INFO     Inserted probe_fmod_run 427 for sample 033-EKC-WT-45c-b-6-m 
           INFO     Bulk inserted 80 fmod_vals records.                         
           INFO     Inserted 80 probe_fmod_values records for                   
                    033-EKC-WT-45c-b-6-m (modrate).                             
           INFO     Bulk inserted 80 fmod_vals records.                         
           INFO     Inserted 80 probe_fmod_values records for                   
                    033-EKC-WT-45c-b-6-m (GAmodrate).                           
           INFO     Wrote per-read histogram for 033-EKC-WT-45c-b-6-m (Modified)
                    to                                                          
                    examples/all_mutcounts/mut_count/mut_count___cfg-e3b7ba4/art
                    ifacts/033-EKC-WT-45c-b-6-m/per_read_histogram.txt          
           INFO     Wrote per-read histogram for 033-EKC-WT-45c-b-6-m (GA) to   
                    examples/all_mutcounts/mut_count/mut_count___cfg-e3b7ba4/art
                    ifacts/033-EKC-WT-45c-b-6-m/per_read_histogram.txtga        
           INFO     Found ShapeMapper profile for 078-EKC-WT-45c-b-6-p at       
                    examples/all_mutcounts/mut_count/mut_count___cfg-e3b7ba4/art
                    ifacts/078-EKC-WT-45c-b-6-p/078-EKC-WT-45c-b-6-p_078-EKC-WT-
                    45c-b-6-p_profile.txt                                       
           INFO     Inserted probe_fmod_run for sample ID 383 (Run ID: 428)     
           INFO     Inserted probe_fmod_run 428 for sample 078-EKC-WT-45c-b-6-p 
           INFO     Bulk inserted 80 fmod_vals records.                         
           INFO     Inserted 80 probe_fmod_values records for                   
                    078-EKC-WT-45c-b-6-p (modrate).                             
           INFO     Bulk inserted 80 fmod_vals records.                         
           INFO     Inserted 80 probe_fmod_values records for                   
                    078-EKC-WT-45c-b-6-p (GAmodrate).                           
           INFO     Wrote per-read histogram for 078-EKC-WT-45c-b-6-p (Modified)
                    to                                                          
                    examples/all_mutcounts/mut_count/mut_count___cfg-e3b7ba4/art
                    ifacts/078-EKC-WT-45c-b-6-p/per_read_histogram.txt          
           INFO     Wrote per-read histogram for 078-EKC-WT-45c-b-6-p (GA) to   
                    examples/all_mutcounts/mut_count/mut_count___cfg-e3b7ba4/art
                    ifacts/078-EKC-WT-45c-b-6-p/per_read_histogram.txtga        
           INFO     mut_count completed. Profiles found for 7/7 samples;        
                    ingested 7 run(s).                                          
           INFO     Finished task ID 69 with state 'completed'                  
           INFO     Task 'mut_count' (ID: 69) completed successfully.           
           INFO     Updated 'latest' symlink for task 'mut_count' to point to   
                    /gpfs/projects/b1044/Computational_Output/EKC/EKC.01_SHAPE_s
                    tandardization/EKC.01.065.refactoring_data_analysis/nerd/exa
                    mples/all_mutcounts/mut_count/mut_count___cfg-e3b7ba4       
