[17:57:28] INFO     Executing 'run' command for step: 'mut_count'               
[17:57:28] INFO     Database schema initialized successfully.                   
           INFO     Created run directory:                                      
                    examples/all_mutcounts/mut_count/mut_count___cfg-803a4d7    
           INFO     Executing task 'mut_count' in run directory:                
                    examples/all_mutcounts/mut_count/mut_count___cfg-803a4d7    
           INFO     Resolved reaction_group 80_2_11 to 7 sample(s).             
           INFO     Began task 'mut_count' (ID: 127) for rg:114                 
                    (cfg=803a4d75198d12a5ed3273eae84ccda4aca5493516acf022cc93851
                    5d586d922)                                                  
           INFO     Starting command (backend=local) in                         
                    examples/all_mutcounts/mut_count/mut_count___cfg-803a4d7    
           INFO     Executing command locally. Log file:                        
                    examples/all_mutcounts/mut_count/mut_count___cfg-803a4d7/com
                    mand.log                                                    
[18:01:26] INFO     Command finished with exit code: 0                          
           INFO     Logged attempt #1 for task ID 127 (Attempt ID: 116)         
           INFO     Command completed successfully. Consuming outputs.          
           INFO     Found ShapeMapper profile for 091-HIV-A35G-80c-b-6-p at     
                    examples/all_mutcounts/mut_count/mut_count___cfg-803a4d7/art
                    ifacts/091-HIV-A35G-80c-b-6-p/091-HIV-A35G-80c-b-6-p_091-HIV
                    -A35G-80c-b-6-p_profile.txt                                 
           INFO     Inserted probe_fmod_run for sample ID 966 (Run ID: 905)     
           INFO     Inserted probe_fmod_run 905 for sample                      
                    091-HIV-A35G-80c-b-6-p                                      
           INFO     Bulk inserted 74 fmod_vals records.                         
           INFO     Inserted 74 probe_fmod_values records for                   
                    091-HIV-A35G-80c-b-6-p (modrate).                           
           INFO     Bulk inserted 74 fmod_vals records.                         
           INFO     Inserted 74 probe_fmod_values records for                   
                    091-HIV-A35G-80c-b-6-p (GAmodrate).                         
           INFO     Wrote per-read histogram for 091-HIV-A35G-80c-b-6-p         
                    (Modified) to                                               
                    examples/all_mutcounts/mut_count/mut_count___cfg-803a4d7/art
                    ifacts/091-HIV-A35G-80c-b-6-p/per_read_histogram.txt        
           INFO     Wrote per-read histogram for 091-HIV-A35G-80c-b-6-p (GA) to 
                    examples/all_mutcounts/mut_count/mut_count___cfg-803a4d7/art
                    ifacts/091-HIV-A35G-80c-b-6-p/per_read_histogram.txtga      
           INFO     Found ShapeMapper profile for 092-HIV-A35G-80c-b-6-p at     
                    examples/all_mutcounts/mut_count/mut_count___cfg-803a4d7/art
                    ifacts/092-HIV-A35G-80c-b-6-p/092-HIV-A35G-80c-b-6-p_092-HIV
                    -A35G-80c-b-6-p_profile.txt                                 
           INFO     Inserted probe_fmod_run for sample ID 967 (Run ID: 906)     
           INFO     Inserted probe_fmod_run 906 for sample                      
                    092-HIV-A35G-80c-b-6-p                                      
           INFO     Bulk inserted 74 fmod_vals records.                         
           INFO     Inserted 74 probe_fmod_values records for                   
                    092-HIV-A35G-80c-b-6-p (modrate).                           
           INFO     Bulk inserted 74 fmod_vals records.                         
           INFO     Inserted 74 probe_fmod_values records for                   
                    092-HIV-A35G-80c-b-6-p (GAmodrate).                         
           INFO     Wrote per-read histogram for 092-HIV-A35G-80c-b-6-p         
                    (Modified) to                                               
                    examples/all_mutcounts/mut_count/mut_count___cfg-803a4d7/art
                    ifacts/092-HIV-A35G-80c-b-6-p/per_read_histogram.txt        
           INFO     Wrote per-read histogram for 092-HIV-A35G-80c-b-6-p (GA) to 
                    examples/all_mutcounts/mut_count/mut_count___cfg-803a4d7/art
                    ifacts/092-HIV-A35G-80c-b-6-p/per_read_histogram.txtga      
           INFO     Found ShapeMapper profile for 093-HIV-A35G-80c-b-6-p at     
                    examples/all_mutcounts/mut_count/mut_count___cfg-803a4d7/art
                    ifacts/093-HIV-A35G-80c-b-6-p/093-HIV-A35G-80c-b-6-p_093-HIV
                    -A35G-80c-b-6-p_profile.txt                                 
           INFO     Inserted probe_fmod_run for sample ID 968 (Run ID: 907)     
           INFO     Inserted probe_fmod_run 907 for sample                      
                    093-HIV-A35G-80c-b-6-p                                      
           INFO     Bulk inserted 74 fmod_vals records.                         
           INFO     Inserted 74 probe_fmod_values records for                   
                    093-HIV-A35G-80c-b-6-p (modrate).                           
           INFO     Bulk inserted 74 fmod_vals records.                         
           INFO     Inserted 74 probe_fmod_values records for                   
                    093-HIV-A35G-80c-b-6-p (GAmodrate).                         
           INFO     Wrote per-read histogram for 093-HIV-A35G-80c-b-6-p         
                    (Modified) to                                               
                    examples/all_mutcounts/mut_count/mut_count___cfg-803a4d7/art
                    ifacts/093-HIV-A35G-80c-b-6-p/per_read_histogram.txt        
           INFO     Wrote per-read histogram for 093-HIV-A35G-80c-b-6-p (GA) to 
                    examples/all_mutcounts/mut_count/mut_count___cfg-803a4d7/art
                    ifacts/093-HIV-A35G-80c-b-6-p/per_read_histogram.txtga      
           INFO     Found ShapeMapper profile for 094-HIV-A35G-80c-b-6-p at     
                    examples/all_mutcounts/mut_count/mut_count___cfg-803a4d7/art
                    ifacts/094-HIV-A35G-80c-b-6-p/094-HIV-A35G-80c-b-6-p_094-HIV
                    -A35G-80c-b-6-p_profile.txt                                 
           INFO     Inserted probe_fmod_run for sample ID 969 (Run ID: 908)     
           INFO     Inserted probe_fmod_run 908 for sample                      
                    094-HIV-A35G-80c-b-6-p                                      
           INFO     Bulk inserted 74 fmod_vals records.                         
           INFO     Inserted 74 probe_fmod_values records for                   
                    094-HIV-A35G-80c-b-6-p (modrate).                           
           INFO     Bulk inserted 74 fmod_vals records.                         
           INFO     Inserted 74 probe_fmod_values records for                   
                    094-HIV-A35G-80c-b-6-p (GAmodrate).                         
           INFO     Wrote per-read histogram for 094-HIV-A35G-80c-b-6-p         
                    (Modified) to                                               
                    examples/all_mutcounts/mut_count/mut_count___cfg-803a4d7/art
                    ifacts/094-HIV-A35G-80c-b-6-p/per_read_histogram.txt        
           INFO     Wrote per-read histogram for 094-HIV-A35G-80c-b-6-p (GA) to 
                    examples/all_mutcounts/mut_count/mut_count___cfg-803a4d7/art
                    ifacts/094-HIV-A35G-80c-b-6-p/per_read_histogram.txtga      
           INFO     Found ShapeMapper profile for 095-HIV-A35G-80c-b-6-p at     
                    examples/all_mutcounts/mut_count/mut_count___cfg-803a4d7/art
                    ifacts/095-HIV-A35G-80c-b-6-p/095-HIV-A35G-80c-b-6-p_095-HIV
                    -A35G-80c-b-6-p_profile.txt                                 
           INFO     Inserted probe_fmod_run for sample ID 970 (Run ID: 909)     
           INFO     Inserted probe_fmod_run 909 for sample                      
                    095-HIV-A35G-80c-b-6-p                                      
           INFO     Bulk inserted 74 fmod_vals records.                         
           INFO     Inserted 74 probe_fmod_values records for                   
                    095-HIV-A35G-80c-b-6-p (modrate).                           
           INFO     Bulk inserted 74 fmod_vals records.                         
           INFO     Inserted 74 probe_fmod_values records for                   
                    095-HIV-A35G-80c-b-6-p (GAmodrate).                         
           INFO     Wrote per-read histogram for 095-HIV-A35G-80c-b-6-p         
                    (Modified) to                                               
                    examples/all_mutcounts/mut_count/mut_count___cfg-803a4d7/art
                    ifacts/095-HIV-A35G-80c-b-6-p/per_read_histogram.txt        
           INFO     Wrote per-read histogram for 095-HIV-A35G-80c-b-6-p (GA) to 
                    examples/all_mutcounts/mut_count/mut_count___cfg-803a4d7/art
                    ifacts/095-HIV-A35G-80c-b-6-p/per_read_histogram.txtga      
           INFO     Found ShapeMapper profile for 080-HIV-A35G-80c-b-6-m at     
                    examples/all_mutcounts/mut_count/mut_count___cfg-803a4d7/art
                    ifacts/080-HIV-A35G-80c-b-6-m/080-HIV-A35G-80c-b-6-m_080-HIV
                    -A35G-80c-b-6-m_profile.txt                                 
           INFO     Inserted probe_fmod_run for sample ID 1051 (Run ID: 910)    
           INFO     Inserted probe_fmod_run 910 for sample                      
                    080-HIV-A35G-80c-b-6-m                                      
           INFO     Bulk inserted 74 fmod_vals records.                         
           INFO     Inserted 74 probe_fmod_values records for                   
                    080-HIV-A35G-80c-b-6-m (modrate).                           
           INFO     Bulk inserted 74 fmod_vals records.                         
           INFO     Inserted 74 probe_fmod_values records for                   
                    080-HIV-A35G-80c-b-6-m (GAmodrate).                         
           INFO     Wrote per-read histogram for 080-HIV-A35G-80c-b-6-m         
                    (Modified) to                                               
                    examples/all_mutcounts/mut_count/mut_count___cfg-803a4d7/art
                    ifacts/080-HIV-A35G-80c-b-6-m/per_read_histogram.txt        
           INFO     Wrote per-read histogram for 080-HIV-A35G-80c-b-6-m (GA) to 
                    examples/all_mutcounts/mut_count/mut_count___cfg-803a4d7/art
                    ifacts/080-HIV-A35G-80c-b-6-m/per_read_histogram.txtga      
           INFO     Found ShapeMapper profile for 096-HIV-A35G-80c-b-6-p at     
                    examples/all_mutcounts/mut_count/mut_count___cfg-803a4d7/art
                    ifacts/096-HIV-A35G-80c-b-6-p/096-HIV-A35G-80c-b-6-p_096-HIV
                    -A35G-80c-b-6-p_profile.txt                                 
           INFO     Inserted probe_fmod_run for sample ID 971 (Run ID: 911)     
           INFO     Inserted probe_fmod_run 911 for sample                      
                    096-HIV-A35G-80c-b-6-p                                      
           INFO     Bulk inserted 74 fmod_vals records.                         
           INFO     Inserted 74 probe_fmod_values records for                   
                    096-HIV-A35G-80c-b-6-p (modrate).                           
           INFO     Bulk inserted 74 fmod_vals records.                         
           INFO     Inserted 74 probe_fmod_values records for                   
                    096-HIV-A35G-80c-b-6-p (GAmodrate).                         
           INFO     Wrote per-read histogram for 096-HIV-A35G-80c-b-6-p         
                    (Modified) to                                               
                    examples/all_mutcounts/mut_count/mut_count___cfg-803a4d7/art
                    ifacts/096-HIV-A35G-80c-b-6-p/per_read_histogram.txt        
           INFO     Wrote per-read histogram for 096-HIV-A35G-80c-b-6-p (GA) to 
                    examples/all_mutcounts/mut_count/mut_count___cfg-803a4d7/art
                    ifacts/096-HIV-A35G-80c-b-6-p/per_read_histogram.txtga      
           INFO     mut_count completed. Profiles found for 7/7 samples;        
                    ingested 7 run(s).                                          
           INFO     Finished task ID 127 with state 'completed'                 
           INFO     Task 'mut_count' (ID: 127) completed successfully.          
[18:01:27] INFO     Updated 'latest' symlink for task 'mut_count' to point to   
                    /gpfs/projects/b1044/Computational_Output/EKC/EKC.01_SHAPE_s
                    tandardization/EKC.01.065.refactoring_data_analysis/nerd/exa
                    mples/all_mutcounts/mut_count/mut_count___cfg-803a4d7       
