[13:55:23] INFO     Executing 'run' command for step: 'mut_count'               
[13:55:23] INFO     Database schema initialized successfully.                   
           INFO     Created run directory:                                      
                    examples/all_mutcounts/mut_count/mut_count___cfg-453b76a    
           INFO     Executing task 'mut_count' in run directory:                
                    examples/all_mutcounts/mut_count/mut_count___cfg-453b76a    
           INFO     Resolved reaction_group 18_1 to 7 sample(s).                
           INFO     Began task 'mut_count' (ID: 19) for rg:75                   
                    (cfg=453b76a20c0d1d0ea558d35f18c526a0211bbb3313ccf7bc455ad9a
                    c5b7a0115)                                                  
           INFO     Starting command (backend=local) in                         
                    examples/all_mutcounts/mut_count/mut_count___cfg-453b76a    
           INFO     Executing command locally. Log file:                        
                    examples/all_mutcounts/mut_count/mut_count___cfg-453b76a/com
                    mand.log                                                    
[15:36:51] INFO     Command finished with exit code: 0                          
           INFO     Logged attempt #1 for task ID 19 (Attempt ID: 36)           
           INFO     Command completed successfully. Consuming outputs.          
           INFO     Found ShapeMapper profile for 001_fourU_WT_18c_a_1_p at     
                    examples/all_mutcounts/mut_count/mut_count___cfg-453b76a/art
                    ifacts/001_fourU_WT_18c_a_1_p/001_fourU_WT_18c_a_1_p_001_fou
                    rU_WT_18c_a_1_p_profile.txt                                 
           INFO     Inserted probe_fmod_run for sample ID 684 (Run ID: 265)     
           INFO     Inserted probe_fmod_run 265 for sample                      
                    001_fourU_WT_18c_a_1_p                                      
           INFO     Bulk inserted 80 fmod_vals records.                         
           INFO     Inserted 80 probe_fmod_values records for                   
                    001_fourU_WT_18c_a_1_p (modrate).                           
           INFO     Bulk inserted 80 fmod_vals records.                         
           INFO     Inserted 80 probe_fmod_values records for                   
                    001_fourU_WT_18c_a_1_p (GAmodrate).                         
           INFO     Wrote per-read histogram for 001_fourU_WT_18c_a_1_p         
                    (Modified) to                                               
                    examples/all_mutcounts/mut_count/mut_count___cfg-453b76a/art
                    ifacts/001_fourU_WT_18c_a_1_p/per_read_histogram.txt        
           INFO     Wrote per-read histogram for 001_fourU_WT_18c_a_1_p (GA) to 
                    examples/all_mutcounts/mut_count/mut_count___cfg-453b76a/art
                    ifacts/001_fourU_WT_18c_a_1_p/per_read_histogram.txtga      
           INFO     Found ShapeMapper profile for 002_fourU_WT_18c_a_2_p at     
                    examples/all_mutcounts/mut_count/mut_count___cfg-453b76a/art
                    ifacts/002_fourU_WT_18c_a_2_p/002_fourU_WT_18c_a_2_p_002_fou
                    rU_WT_18c_a_2_p_profile.txt                                 
           INFO     Inserted probe_fmod_run for sample ID 685 (Run ID: 266)     
           INFO     Inserted probe_fmod_run 266 for sample                      
                    002_fourU_WT_18c_a_2_p                                      
           INFO     Bulk inserted 80 fmod_vals records.                         
           INFO     Inserted 80 probe_fmod_values records for                   
                    002_fourU_WT_18c_a_2_p (modrate).                           
           INFO     Bulk inserted 80 fmod_vals records.                         
           INFO     Inserted 80 probe_fmod_values records for                   
                    002_fourU_WT_18c_a_2_p (GAmodrate).                         
           INFO     Wrote per-read histogram for 002_fourU_WT_18c_a_2_p         
                    (Modified) to                                               
                    examples/all_mutcounts/mut_count/mut_count___cfg-453b76a/art
                    ifacts/002_fourU_WT_18c_a_2_p/per_read_histogram.txt        
           INFO     Wrote per-read histogram for 002_fourU_WT_18c_a_2_p (GA) to 
                    examples/all_mutcounts/mut_count/mut_count___cfg-453b76a/art
                    ifacts/002_fourU_WT_18c_a_2_p/per_read_histogram.txtga      
           INFO     Found ShapeMapper profile for 003_fourU_WT_18c_a_3_p at     
                    examples/all_mutcounts/mut_count/mut_count___cfg-453b76a/art
                    ifacts/003_fourU_WT_18c_a_3_p/003_fourU_WT_18c_a_3_p_003_fou
                    rU_WT_18c_a_3_p_profile.txt                                 
           INFO     Inserted probe_fmod_run for sample ID 686 (Run ID: 267)     
           INFO     Inserted probe_fmod_run 267 for sample                      
                    003_fourU_WT_18c_a_3_p                                      
           INFO     Bulk inserted 80 fmod_vals records.                         
           INFO     Inserted 80 probe_fmod_values records for                   
                    003_fourU_WT_18c_a_3_p (modrate).                           
           INFO     Bulk inserted 80 fmod_vals records.                         
           INFO     Inserted 80 probe_fmod_values records for                   
                    003_fourU_WT_18c_a_3_p (GAmodrate).                         
           INFO     Wrote per-read histogram for 003_fourU_WT_18c_a_3_p         
                    (Modified) to                                               
                    examples/all_mutcounts/mut_count/mut_count___cfg-453b76a/art
                    ifacts/003_fourU_WT_18c_a_3_p/per_read_histogram.txt        
           INFO     Wrote per-read histogram for 003_fourU_WT_18c_a_3_p (GA) to 
                    examples/all_mutcounts/mut_count/mut_count___cfg-453b76a/art
                    ifacts/003_fourU_WT_18c_a_3_p/per_read_histogram.txtga      
           INFO     Found ShapeMapper profile for 004_fourU_WT_18c_a_4_p at     
                    examples/all_mutcounts/mut_count/mut_count___cfg-453b76a/art
                    ifacts/004_fourU_WT_18c_a_4_p/004_fourU_WT_18c_a_4_p_004_fou
                    rU_WT_18c_a_4_p_profile.txt                                 
           INFO     Inserted probe_fmod_run for sample ID 687 (Run ID: 268)     
           INFO     Inserted probe_fmod_run 268 for sample                      
                    004_fourU_WT_18c_a_4_p                                      
           INFO     Bulk inserted 80 fmod_vals records.                         
           INFO     Inserted 80 probe_fmod_values records for                   
                    004_fourU_WT_18c_a_4_p (modrate).                           
           INFO     Bulk inserted 80 fmod_vals records.                         
           INFO     Inserted 80 probe_fmod_values records for                   
                    004_fourU_WT_18c_a_4_p (GAmodrate).                         
           INFO     Wrote per-read histogram for 004_fourU_WT_18c_a_4_p         
                    (Modified) to                                               
                    examples/all_mutcounts/mut_count/mut_count___cfg-453b76a/art
                    ifacts/004_fourU_WT_18c_a_4_p/per_read_histogram.txt        
           INFO     Wrote per-read histogram for 004_fourU_WT_18c_a_4_p (GA) to 
                    examples/all_mutcounts/mut_count/mut_count___cfg-453b76a/art
                    ifacts/004_fourU_WT_18c_a_4_p/per_read_histogram.txtga      
           INFO     Found ShapeMapper profile for 005_fourU_WT_18c_a_5_p at     
                    examples/all_mutcounts/mut_count/mut_count___cfg-453b76a/art
                    ifacts/005_fourU_WT_18c_a_5_p/005_fourU_WT_18c_a_5_p_005_fou
                    rU_WT_18c_a_5_p_profile.txt                                 
           INFO     Inserted probe_fmod_run for sample ID 688 (Run ID: 269)     
           INFO     Inserted probe_fmod_run 269 for sample                      
                    005_fourU_WT_18c_a_5_p                                      
           INFO     Bulk inserted 80 fmod_vals records.                         
           INFO     Inserted 80 probe_fmod_values records for                   
                    005_fourU_WT_18c_a_5_p (modrate).                           
           INFO     Bulk inserted 80 fmod_vals records.                         
           INFO     Inserted 80 probe_fmod_values records for                   
                    005_fourU_WT_18c_a_5_p (GAmodrate).                         
           INFO     Wrote per-read histogram for 005_fourU_WT_18c_a_5_p         
                    (Modified) to                                               
                    examples/all_mutcounts/mut_count/mut_count___cfg-453b76a/art
                    ifacts/005_fourU_WT_18c_a_5_p/per_read_histogram.txt        
           INFO     Wrote per-read histogram for 005_fourU_WT_18c_a_5_p (GA) to 
                    examples/all_mutcounts/mut_count/mut_count___cfg-453b76a/art
                    ifacts/005_fourU_WT_18c_a_5_p/per_read_histogram.txtga      
           INFO     Found ShapeMapper profile for 006_fourU_WT_18c_a_6_p at     
                    examples/all_mutcounts/mut_count/mut_count___cfg-453b76a/art
                    ifacts/006_fourU_WT_18c_a_6_p/006_fourU_WT_18c_a_6_p_006_fou
                    rU_WT_18c_a_6_p_profile.txt                                 
           INFO     Inserted probe_fmod_run for sample ID 689 (Run ID: 270)     
           INFO     Inserted probe_fmod_run 270 for sample                      
                    006_fourU_WT_18c_a_6_p                                      
           INFO     Bulk inserted 80 fmod_vals records.                         
           INFO     Inserted 80 probe_fmod_values records for                   
                    006_fourU_WT_18c_a_6_p (modrate).                           
           INFO     Bulk inserted 80 fmod_vals records.                         
           INFO     Inserted 80 probe_fmod_values records for                   
                    006_fourU_WT_18c_a_6_p (GAmodrate).                         
           INFO     Wrote per-read histogram for 006_fourU_WT_18c_a_6_p         
                    (Modified) to                                               
                    examples/all_mutcounts/mut_count/mut_count___cfg-453b76a/art
                    ifacts/006_fourU_WT_18c_a_6_p/per_read_histogram.txt        
           INFO     Wrote per-read histogram for 006_fourU_WT_18c_a_6_p (GA) to 
                    examples/all_mutcounts/mut_count/mut_count___cfg-453b76a/art
                    ifacts/006_fourU_WT_18c_a_6_p/per_read_histogram.txtga      
           INFO     Found ShapeMapper profile for 050_fourU_WT18c_a_6_m at      
                    examples/all_mutcounts/mut_count/mut_count___cfg-453b76a/art
                    ifacts/050_fourU_WT18c_a_6_m/050_fourU_WT18c_a_6_m_050_fourU
                    _WT18c_a_6_m_profile.txt                                    
           INFO     Inserted probe_fmod_run for sample ID 733 (Run ID: 271)     
           INFO     Inserted probe_fmod_run 271 for sample 050_fourU_WT18c_a_6_m
           INFO     Bulk inserted 80 fmod_vals records.                         
           INFO     Inserted 80 probe_fmod_values records for                   
                    050_fourU_WT18c_a_6_m (modrate).                            
           INFO     Bulk inserted 80 fmod_vals records.                         
           INFO     Inserted 80 probe_fmod_values records for                   
                    050_fourU_WT18c_a_6_m (GAmodrate).                          
           INFO     Wrote per-read histogram for 050_fourU_WT18c_a_6_m          
                    (Modified) to                                               
                    examples/all_mutcounts/mut_count/mut_count___cfg-453b76a/art
                    ifacts/050_fourU_WT18c_a_6_m/per_read_histogram.txt         
           INFO     Wrote per-read histogram for 050_fourU_WT18c_a_6_m (GA) to  
                    examples/all_mutcounts/mut_count/mut_count___cfg-453b76a/art
                    ifacts/050_fourU_WT18c_a_6_m/per_read_histogram.txtga       
           INFO     mut_count completed. Profiles found for 7/7 samples;        
                    ingested 7 run(s).                                          
           INFO     Finished task ID 19 with state 'completed'                  
           INFO     Task 'mut_count' (ID: 19) completed successfully.           
           INFO     Updated 'latest' symlink for task 'mut_count' to point to   
                    /gpfs/projects/b1044/Computational_Output/EKC/EKC.01_SHAPE_s
                    tandardization/EKC.01.065.refactoring_data_analysis/nerd/exa
                    mples/all_mutcounts/mut_count/mut_count___cfg-453b76a       
