[15:55:14] INFO     Executing 'run' command for step: 'mut_count'               
[15:55:14] INFO     Database schema initialized successfully.                   
           INFO     Created run directory:                                      
                    examples/all_mutcounts/mut_count/mut_count___cfg-31ca0a7    
           INFO     Executing task 'mut_count' in run directory:                
                    examples/all_mutcounts/mut_count/mut_count___cfg-31ca0a7    
           INFO     Resolved reaction_group 40_2_A8C to 7 sample(s).            
           INFO     Began task 'mut_count' (ID: 62) for rg:62                   
                    (cfg=31ca0a7210e6b89c7af40d083ee75173bcdc774b6f7ec6932cc1014
                    8b5d25d31)                                                  
           INFO     Starting command (backend=local) in                         
                    examples/all_mutcounts/mut_count/mut_count___cfg-31ca0a7    
           INFO     Executing command locally. Log file:                        
                    examples/all_mutcounts/mut_count/mut_count___cfg-31ca0a7/com
                    mand.log                                                    
[17:37:15] INFO     Command finished with exit code: 0                          
           INFO     Logged attempt #1 for task ID 62 (Attempt ID: 80)           
           INFO     Command completed successfully. Consuming outputs.          
           INFO     Found ShapeMapper profile for 019_fourU_A8C_40c_b_1_p at    
                    examples/all_mutcounts/mut_count/mut_count___cfg-31ca0a7/art
                    ifacts/019_fourU_A8C_40c_b_1_p/019_fourU_A8C_40c_b_1_p_019_f
                    ourU_A8C_40c_b_1_p_profile.txt                              
           INFO     Inserted probe_fmod_run for sample ID 606 (Run ID: 636)     
           INFO     Inserted probe_fmod_run 636 for sample                      
                    019_fourU_A8C_40c_b_1_p                                     
           INFO     Bulk inserted 80 fmod_vals records.                         
           INFO     Inserted 80 probe_fmod_values records for                   
                    019_fourU_A8C_40c_b_1_p (modrate).                          
           INFO     Bulk inserted 80 fmod_vals records.                         
           INFO     Inserted 80 probe_fmod_values records for                   
                    019_fourU_A8C_40c_b_1_p (GAmodrate).                        
           INFO     Wrote per-read histogram for 019_fourU_A8C_40c_b_1_p        
                    (Modified) to                                               
                    examples/all_mutcounts/mut_count/mut_count___cfg-31ca0a7/art
                    ifacts/019_fourU_A8C_40c_b_1_p/per_read_histogram.txt       
           INFO     Wrote per-read histogram for 019_fourU_A8C_40c_b_1_p (GA) to
                    examples/all_mutcounts/mut_count/mut_count___cfg-31ca0a7/art
                    ifacts/019_fourU_A8C_40c_b_1_p/per_read_histogram.txtga     
           INFO     Found ShapeMapper profile for 020_fourU_A8C_40c_b_2_p at    
                    examples/all_mutcounts/mut_count/mut_count___cfg-31ca0a7/art
                    ifacts/020_fourU_A8C_40c_b_2_p/020_fourU_A8C_40c_b_2_p_020_f
                    ourU_A8C_40c_b_2_p_profile.txt                              
           INFO     Inserted probe_fmod_run for sample ID 607 (Run ID: 637)     
           INFO     Inserted probe_fmod_run 637 for sample                      
                    020_fourU_A8C_40c_b_2_p                                     
           INFO     Bulk inserted 80 fmod_vals records.                         
           INFO     Inserted 80 probe_fmod_values records for                   
                    020_fourU_A8C_40c_b_2_p (modrate).                          
           INFO     Bulk inserted 80 fmod_vals records.                         
           INFO     Inserted 80 probe_fmod_values records for                   
                    020_fourU_A8C_40c_b_2_p (GAmodrate).                        
           INFO     Wrote per-read histogram for 020_fourU_A8C_40c_b_2_p        
                    (Modified) to                                               
                    examples/all_mutcounts/mut_count/mut_count___cfg-31ca0a7/art
                    ifacts/020_fourU_A8C_40c_b_2_p/per_read_histogram.txt       
           INFO     Wrote per-read histogram for 020_fourU_A8C_40c_b_2_p (GA) to
                    examples/all_mutcounts/mut_count/mut_count___cfg-31ca0a7/art
                    ifacts/020_fourU_A8C_40c_b_2_p/per_read_histogram.txtga     
           INFO     Found ShapeMapper profile for 021_fourU_A8C_40c_b_3_p at    
                    examples/all_mutcounts/mut_count/mut_count___cfg-31ca0a7/art
                    ifacts/021_fourU_A8C_40c_b_3_p/021_fourU_A8C_40c_b_3_p_021_f
                    ourU_A8C_40c_b_3_p_profile.txt                              
           INFO     Inserted probe_fmod_run for sample ID 608 (Run ID: 638)     
           INFO     Inserted probe_fmod_run 638 for sample                      
                    021_fourU_A8C_40c_b_3_p                                     
           INFO     Bulk inserted 80 fmod_vals records.                         
           INFO     Inserted 80 probe_fmod_values records for                   
                    021_fourU_A8C_40c_b_3_p (modrate).                          
           INFO     Bulk inserted 80 fmod_vals records.                         
           INFO     Inserted 80 probe_fmod_values records for                   
                    021_fourU_A8C_40c_b_3_p (GAmodrate).                        
           INFO     Wrote per-read histogram for 021_fourU_A8C_40c_b_3_p        
                    (Modified) to                                               
                    examples/all_mutcounts/mut_count/mut_count___cfg-31ca0a7/art
                    ifacts/021_fourU_A8C_40c_b_3_p/per_read_histogram.txt       
           INFO     Wrote per-read histogram for 021_fourU_A8C_40c_b_3_p (GA) to
                    examples/all_mutcounts/mut_count/mut_count___cfg-31ca0a7/art
                    ifacts/021_fourU_A8C_40c_b_3_p/per_read_histogram.txtga     
           INFO     Found ShapeMapper profile for 022_fourU_A8C_40c_b_4_p at    
                    examples/all_mutcounts/mut_count/mut_count___cfg-31ca0a7/art
                    ifacts/022_fourU_A8C_40c_b_4_p/022_fourU_A8C_40c_b_4_p_022_f
                    ourU_A8C_40c_b_4_p_profile.txt                              
           INFO     Inserted probe_fmod_run for sample ID 609 (Run ID: 639)     
           INFO     Inserted probe_fmod_run 639 for sample                      
                    022_fourU_A8C_40c_b_4_p                                     
[17:37:16] INFO     Bulk inserted 80 fmod_vals records.                         
           INFO     Inserted 80 probe_fmod_values records for                   
                    022_fourU_A8C_40c_b_4_p (modrate).                          
           INFO     Bulk inserted 80 fmod_vals records.                         
           INFO     Inserted 80 probe_fmod_values records for                   
                    022_fourU_A8C_40c_b_4_p (GAmodrate).                        
           INFO     Wrote per-read histogram for 022_fourU_A8C_40c_b_4_p        
                    (Modified) to                                               
                    examples/all_mutcounts/mut_count/mut_count___cfg-31ca0a7/art
                    ifacts/022_fourU_A8C_40c_b_4_p/per_read_histogram.txt       
           INFO     Wrote per-read histogram for 022_fourU_A8C_40c_b_4_p (GA) to
                    examples/all_mutcounts/mut_count/mut_count___cfg-31ca0a7/art
                    ifacts/022_fourU_A8C_40c_b_4_p/per_read_histogram.txtga     
           INFO     Found ShapeMapper profile for 023_fourU_A8C_40c_b_5_p at    
                    examples/all_mutcounts/mut_count/mut_count___cfg-31ca0a7/art
                    ifacts/023_fourU_A8C_40c_b_5_p/023_fourU_A8C_40c_b_5_p_023_f
                    ourU_A8C_40c_b_5_p_profile.txt                              
           INFO     Inserted probe_fmod_run for sample ID 610 (Run ID: 640)     
           INFO     Inserted probe_fmod_run 640 for sample                      
                    023_fourU_A8C_40c_b_5_p                                     
           INFO     Bulk inserted 80 fmod_vals records.                         
           INFO     Inserted 80 probe_fmod_values records for                   
                    023_fourU_A8C_40c_b_5_p (modrate).                          
           INFO     Bulk inserted 80 fmod_vals records.                         
           INFO     Inserted 80 probe_fmod_values records for                   
                    023_fourU_A8C_40c_b_5_p (GAmodrate).                        
           INFO     Wrote per-read histogram for 023_fourU_A8C_40c_b_5_p        
                    (Modified) to                                               
                    examples/all_mutcounts/mut_count/mut_count___cfg-31ca0a7/art
                    ifacts/023_fourU_A8C_40c_b_5_p/per_read_histogram.txt       
           INFO     Wrote per-read histogram for 023_fourU_A8C_40c_b_5_p (GA) to
                    examples/all_mutcounts/mut_count/mut_count___cfg-31ca0a7/art
                    ifacts/023_fourU_A8C_40c_b_5_p/per_read_histogram.txtga     
           INFO     Found ShapeMapper profile for 024_fourU_A8C_40c_b_6_p at    
                    examples/all_mutcounts/mut_count/mut_count___cfg-31ca0a7/art
                    ifacts/024_fourU_A8C_40c_b_6_p/024_fourU_A8C_40c_b_6_p_024_f
                    ourU_A8C_40c_b_6_p_profile.txt                              
           INFO     Inserted probe_fmod_run for sample ID 611 (Run ID: 641)     
           INFO     Inserted probe_fmod_run 641 for sample                      
                    024_fourU_A8C_40c_b_6_p                                     
           INFO     Bulk inserted 80 fmod_vals records.                         
           INFO     Inserted 80 probe_fmod_values records for                   
                    024_fourU_A8C_40c_b_6_p (modrate).                          
           INFO     Bulk inserted 80 fmod_vals records.                         
           INFO     Inserted 80 probe_fmod_values records for                   
                    024_fourU_A8C_40c_b_6_p (GAmodrate).                        
           INFO     Wrote per-read histogram for 024_fourU_A8C_40c_b_6_p        
                    (Modified) to                                               
                    examples/all_mutcounts/mut_count/mut_count___cfg-31ca0a7/art
                    ifacts/024_fourU_A8C_40c_b_6_p/per_read_histogram.txt       
           INFO     Wrote per-read histogram for 024_fourU_A8C_40c_b_6_p (GA) to
                    examples/all_mutcounts/mut_count/mut_count___cfg-31ca0a7/art
                    ifacts/024_fourU_A8C_40c_b_6_p/per_read_histogram.txtga     
           INFO     Found ShapeMapper profile for 057_fourU_A8C40c_b_6_m at     
                    examples/all_mutcounts/mut_count/mut_count___cfg-31ca0a7/art
                    ifacts/057_fourU_A8C40c_b_6_m/057_fourU_A8C40c_b_6_m_057_fou
                    rU_A8C40c_b_6_m_profile.txt                                 
           INFO     Inserted probe_fmod_run for sample ID 740 (Run ID: 642)     
           INFO     Inserted probe_fmod_run 642 for sample                      
                    057_fourU_A8C40c_b_6_m                                      
           INFO     Bulk inserted 80 fmod_vals records.                         
           INFO     Inserted 80 probe_fmod_values records for                   
                    057_fourU_A8C40c_b_6_m (modrate).                           
           INFO     Bulk inserted 80 fmod_vals records.                         
           INFO     Inserted 80 probe_fmod_values records for                   
                    057_fourU_A8C40c_b_6_m (GAmodrate).                         
           INFO     Wrote per-read histogram for 057_fourU_A8C40c_b_6_m         
                    (Modified) to                                               
                    examples/all_mutcounts/mut_count/mut_count___cfg-31ca0a7/art
                    ifacts/057_fourU_A8C40c_b_6_m/per_read_histogram.txt        
           INFO     Wrote per-read histogram for 057_fourU_A8C40c_b_6_m (GA) to 
                    examples/all_mutcounts/mut_count/mut_count___cfg-31ca0a7/art
                    ifacts/057_fourU_A8C40c_b_6_m/per_read_histogram.txtga      
           INFO     mut_count completed. Profiles found for 7/7 samples;        
                    ingested 7 run(s).                                          
           INFO     Finished task ID 62 with state 'completed'                  
           INFO     Task 'mut_count' (ID: 62) completed successfully.           
           INFO     Updated 'latest' symlink for task 'mut_count' to point to   
                    /gpfs/projects/b1044/Computational_Output/EKC/EKC.01_SHAPE_s
                    tandardization/EKC.01.065.refactoring_data_analysis/nerd/exa
                    mples/all_mutcounts/mut_count/mut_count___cfg-31ca0a7       
