[14:59:13] INFO     Executing 'run' command for step: 'mut_count'               
[14:59:13] INFO     Database schema initialized successfully.                   
           INFO     Created run directory:                                      
                    examples/all_mutcounts/mut_count/mut_count___cfg-3a3e5ee    
           INFO     Executing task 'mut_count' in run directory:                
                    examples/all_mutcounts/mut_count/mut_count___cfg-3a3e5ee    
           INFO     Resolved reaction_group 30_1_A8C to 6 sample(s).            
           INFO     Began task 'mut_count' (ID: 47) for rg:37                   
                    (cfg=3a3e5ee42d3a1181b175b50a817aa68f9ae67ebc0a90d13cb81689c
                    5b9d50636)                                                  
           INFO     Starting command (backend=local) in                         
                    examples/all_mutcounts/mut_count/mut_count___cfg-3a3e5ee    
           INFO     Executing command locally. Log file:                        
                    examples/all_mutcounts/mut_count/mut_count___cfg-3a3e5ee/com
                    mand.log                                                    
[15:02:42] INFO     Command finished with exit code: 0                          
           INFO     Logged attempt #1 for task ID 47 (Attempt ID: 29)           
           INFO     Command completed successfully. Consuming outputs.          
           INFO     Found ShapeMapper profile for 055-EKC-A8C-30c-a-1-p at      
                    examples/all_mutcounts/mut_count/mut_count___cfg-3a3e5ee/art
                    ifacts/055-EKC-A8C-30c-a-1-p/055-EKC-A8C-30c-a-1-p_055-EKC-A
                    8C-30c-a-1-p_profile.txt                                    
           INFO     Inserted probe_fmod_run for sample ID 450 (Run ID: 216)     
           INFO     Inserted probe_fmod_run 216 for sample 055-EKC-A8C-30c-a-1-p
           INFO     Bulk inserted 80 fmod_vals records.                         
           INFO     Inserted 80 probe_fmod_values records for                   
                    055-EKC-A8C-30c-a-1-p (modrate).                            
           INFO     Bulk inserted 80 fmod_vals records.                         
           INFO     Inserted 80 probe_fmod_values records for                   
                    055-EKC-A8C-30c-a-1-p (GAmodrate).                          
           INFO     Wrote per-read histogram for 055-EKC-A8C-30c-a-1-p          
                    (Modified) to                                               
                    examples/all_mutcounts/mut_count/mut_count___cfg-3a3e5ee/art
                    ifacts/055-EKC-A8C-30c-a-1-p/per_read_histogram.txt         
           INFO     Wrote per-read histogram for 055-EKC-A8C-30c-a-1-p (GA) to  
                    examples/all_mutcounts/mut_count/mut_count___cfg-3a3e5ee/art
                    ifacts/055-EKC-A8C-30c-a-1-p/per_read_histogram.txtga       
           INFO     Found ShapeMapper profile for 056-EKC-A8C-30c-a-2-p at      
                    examples/all_mutcounts/mut_count/mut_count___cfg-3a3e5ee/art
                    ifacts/056-EKC-A8C-30c-a-2-p/056-EKC-A8C-30c-a-2-p_056-EKC-A
                    8C-30c-a-2-p_profile.txt                                    
           INFO     Inserted probe_fmod_run for sample ID 451 (Run ID: 217)     
           INFO     Inserted probe_fmod_run 217 for sample 056-EKC-A8C-30c-a-2-p
           INFO     Bulk inserted 80 fmod_vals records.                         
           INFO     Inserted 80 probe_fmod_values records for                   
                    056-EKC-A8C-30c-a-2-p (modrate).                            
           INFO     Bulk inserted 80 fmod_vals records.                         
           INFO     Inserted 80 probe_fmod_values records for                   
                    056-EKC-A8C-30c-a-2-p (GAmodrate).                          
           INFO     Wrote per-read histogram for 056-EKC-A8C-30c-a-2-p          
                    (Modified) to                                               
                    examples/all_mutcounts/mut_count/mut_count___cfg-3a3e5ee/art
                    ifacts/056-EKC-A8C-30c-a-2-p/per_read_histogram.txt         
           INFO     Wrote per-read histogram for 056-EKC-A8C-30c-a-2-p (GA) to  
                    examples/all_mutcounts/mut_count/mut_count___cfg-3a3e5ee/art
                    ifacts/056-EKC-A8C-30c-a-2-p/per_read_histogram.txtga       
           INFO     Found ShapeMapper profile for 057-EKC-A8C-30c-a-3-p at      
                    examples/all_mutcounts/mut_count/mut_count___cfg-3a3e5ee/art
                    ifacts/057-EKC-A8C-30c-a-3-p/057-EKC-A8C-30c-a-3-p_057-EKC-A
                    8C-30c-a-3-p_profile.txt                                    
           INFO     Inserted probe_fmod_run for sample ID 452 (Run ID: 218)     
           INFO     Inserted probe_fmod_run 218 for sample 057-EKC-A8C-30c-a-3-p
           INFO     Bulk inserted 80 fmod_vals records.                         
           INFO     Inserted 80 probe_fmod_values records for                   
                    057-EKC-A8C-30c-a-3-p (modrate).                            
           INFO     Bulk inserted 80 fmod_vals records.                         
           INFO     Inserted 80 probe_fmod_values records for                   
                    057-EKC-A8C-30c-a-3-p (GAmodrate).                          
           INFO     Wrote per-read histogram for 057-EKC-A8C-30c-a-3-p          
                    (Modified) to                                               
                    examples/all_mutcounts/mut_count/mut_count___cfg-3a3e5ee/art
                    ifacts/057-EKC-A8C-30c-a-3-p/per_read_histogram.txt         
           INFO     Wrote per-read histogram for 057-EKC-A8C-30c-a-3-p (GA) to  
                    examples/all_mutcounts/mut_count/mut_count___cfg-3a3e5ee/art
                    ifacts/057-EKC-A8C-30c-a-3-p/per_read_histogram.txtga       
           INFO     Found ShapeMapper profile for 058-EKC-A8C-30c-a-4-p at      
                    examples/all_mutcounts/mut_count/mut_count___cfg-3a3e5ee/art
                    ifacts/058-EKC-A8C-30c-a-4-p/058-EKC-A8C-30c-a-4-p_058-EKC-A
                    8C-30c-a-4-p_profile.txt                                    
           INFO     Inserted probe_fmod_run for sample ID 453 (Run ID: 219)     
           INFO     Inserted probe_fmod_run 219 for sample 058-EKC-A8C-30c-a-4-p
           INFO     Bulk inserted 80 fmod_vals records.                         
           INFO     Inserted 80 probe_fmod_values records for                   
                    058-EKC-A8C-30c-a-4-p (modrate).                            
           INFO     Bulk inserted 80 fmod_vals records.                         
           INFO     Inserted 80 probe_fmod_values records for                   
                    058-EKC-A8C-30c-a-4-p (GAmodrate).                          
           INFO     Wrote per-read histogram for 058-EKC-A8C-30c-a-4-p          
                    (Modified) to                                               
                    examples/all_mutcounts/mut_count/mut_count___cfg-3a3e5ee/art
                    ifacts/058-EKC-A8C-30c-a-4-p/per_read_histogram.txt         
           INFO     Wrote per-read histogram for 058-EKC-A8C-30c-a-4-p (GA) to  
                    examples/all_mutcounts/mut_count/mut_count___cfg-3a3e5ee/art
                    ifacts/058-EKC-A8C-30c-a-4-p/per_read_histogram.txtga       
           INFO     Found ShapeMapper profile for 059-EKC-A8C-30c-a-5-p at      
                    examples/all_mutcounts/mut_count/mut_count___cfg-3a3e5ee/art
                    ifacts/059-EKC-A8C-30c-a-5-p/059-EKC-A8C-30c-a-5-p_059-EKC-A
                    8C-30c-a-5-p_profile.txt                                    
           INFO     Inserted probe_fmod_run for sample ID 454 (Run ID: 220)     
           INFO     Inserted probe_fmod_run 220 for sample 059-EKC-A8C-30c-a-5-p
           INFO     Bulk inserted 80 fmod_vals records.                         
           INFO     Inserted 80 probe_fmod_values records for                   
                    059-EKC-A8C-30c-a-5-p (modrate).                            
           INFO     Bulk inserted 80 fmod_vals records.                         
           INFO     Inserted 80 probe_fmod_values records for                   
                    059-EKC-A8C-30c-a-5-p (GAmodrate).                          
           INFO     Wrote per-read histogram for 059-EKC-A8C-30c-a-5-p          
                    (Modified) to                                               
                    examples/all_mutcounts/mut_count/mut_count___cfg-3a3e5ee/art
                    ifacts/059-EKC-A8C-30c-a-5-p/per_read_histogram.txt         
           INFO     Wrote per-read histogram for 059-EKC-A8C-30c-a-5-p (GA) to  
                    examples/all_mutcounts/mut_count/mut_count___cfg-3a3e5ee/art
                    ifacts/059-EKC-A8C-30c-a-5-p/per_read_histogram.txtga       
           INFO     Found ShapeMapper profile for 060-EKC-A8C-30c-a-6-p at      
                    examples/all_mutcounts/mut_count/mut_count___cfg-3a3e5ee/art
                    ifacts/060-EKC-A8C-30c-a-6-p/060-EKC-A8C-30c-a-6-p_060-EKC-A
                    8C-30c-a-6-p_profile.txt                                    
           INFO     Inserted probe_fmod_run for sample ID 455 (Run ID: 221)     
           INFO     Inserted probe_fmod_run 221 for sample 060-EKC-A8C-30c-a-6-p
           INFO     Bulk inserted 80 fmod_vals records.                         
           INFO     Inserted 80 probe_fmod_values records for                   
                    060-EKC-A8C-30c-a-6-p (modrate).                            
           INFO     Bulk inserted 80 fmod_vals records.                         
           INFO     Inserted 80 probe_fmod_values records for                   
                    060-EKC-A8C-30c-a-6-p (GAmodrate).                          
           INFO     Wrote per-read histogram for 060-EKC-A8C-30c-a-6-p          
                    (Modified) to                                               
                    examples/all_mutcounts/mut_count/mut_count___cfg-3a3e5ee/art
                    ifacts/060-EKC-A8C-30c-a-6-p/per_read_histogram.txt         
           INFO     Wrote per-read histogram for 060-EKC-A8C-30c-a-6-p (GA) to  
                    examples/all_mutcounts/mut_count/mut_count___cfg-3a3e5ee/art
                    ifacts/060-EKC-A8C-30c-a-6-p/per_read_histogram.txtga       
           INFO     mut_count completed. Profiles found for 6/6 samples;        
                    ingested 6 run(s).                                          
           INFO     Finished task ID 47 with state 'completed'                  
           INFO     Task 'mut_count' (ID: 47) completed successfully.           
           INFO     Updated 'latest' symlink for task 'mut_count' to point to   
                    /gpfs/projects/b1044/Computational_Output/EKC/EKC.01_SHAPE_s
                    tandardization/EKC.01.065.refactoring_data_analysis/nerd/exa
                    mples/all_mutcounts/mut_count/mut_count___cfg-3a3e5ee       
