[15:37:08] INFO     Executing 'run' command for step: 'mut_count'               
[15:37:08] INFO     Database schema initialized successfully.                   
           INFO     Created run directory:                                      
                    examples/all_mutcounts/mut_count/mut_count___cfg-3ad94bd    
           INFO     Executing task 'mut_count' in run directory:                
                    examples/all_mutcounts/mut_count/mut_count___cfg-3ad94bd    
           INFO     Resolved reaction_group 33_1 to 7 sample(s).                
           INFO     Began task 'mut_count' (ID: 54) for rg:57                   
                    (cfg=3ad94bd73d2d1ec977d1541db674c5027282b169f8f7cd7fea5ccb8
                    8cd00fe38)                                                  
           INFO     Starting command (backend=local) in                         
                    examples/all_mutcounts/mut_count/mut_count___cfg-3ad94bd    
           INFO     Executing command locally. Log file:                        
                    examples/all_mutcounts/mut_count/mut_count___cfg-3ad94bd/com
                    mand.log                                                    
[15:54:38] INFO     Command finished with exit code: 0                          
           INFO     Logged attempt #1 for task ID 54 (Attempt ID: 43)           
           INFO     Command completed successfully. Consuming outputs.          
           INFO     Found ShapeMapper profile for 085-fourU-WT-33c-a-1-p at     
                    examples/all_mutcounts/mut_count/mut_count___cfg-3ad94bd/art
                    ifacts/085-fourU-WT-33c-a-1-p/085-fourU-WT-33c-a-1-p_085-fou
                    rU-WT-33c-a-1-p_profile.txt                                 
           INFO     Inserted probe_fmod_run for sample ID 576 (Run ID: 315)     
           INFO     Inserted probe_fmod_run 315 for sample                      
                    085-fourU-WT-33c-a-1-p                                      
           INFO     Bulk inserted 80 fmod_vals records.                         
           INFO     Inserted 80 probe_fmod_values records for                   
                    085-fourU-WT-33c-a-1-p (modrate).                           
           INFO     Bulk inserted 80 fmod_vals records.                         
           INFO     Inserted 80 probe_fmod_values records for                   
                    085-fourU-WT-33c-a-1-p (GAmodrate).                         
           INFO     Wrote per-read histogram for 085-fourU-WT-33c-a-1-p         
                    (Modified) to                                               
                    examples/all_mutcounts/mut_count/mut_count___cfg-3ad94bd/art
                    ifacts/085-fourU-WT-33c-a-1-p/per_read_histogram.txt        
           INFO     Wrote per-read histogram for 085-fourU-WT-33c-a-1-p (GA) to 
                    examples/all_mutcounts/mut_count/mut_count___cfg-3ad94bd/art
                    ifacts/085-fourU-WT-33c-a-1-p/per_read_histogram.txtga      
           INFO     Found ShapeMapper profile for 086-fourU-WT-33c-a-2-p at     
                    examples/all_mutcounts/mut_count/mut_count___cfg-3ad94bd/art
                    ifacts/086-fourU-WT-33c-a-2-p/086-fourU-WT-33c-a-2-p_086-fou
                    rU-WT-33c-a-2-p_profile.txt                                 
           INFO     Inserted probe_fmod_run for sample ID 577 (Run ID: 316)     
           INFO     Inserted probe_fmod_run 316 for sample                      
                    086-fourU-WT-33c-a-2-p                                      
           INFO     Bulk inserted 80 fmod_vals records.                         
           INFO     Inserted 80 probe_fmod_values records for                   
                    086-fourU-WT-33c-a-2-p (modrate).                           
           INFO     Bulk inserted 80 fmod_vals records.                         
           INFO     Inserted 80 probe_fmod_values records for                   
                    086-fourU-WT-33c-a-2-p (GAmodrate).                         
           INFO     Wrote per-read histogram for 086-fourU-WT-33c-a-2-p         
                    (Modified) to                                               
                    examples/all_mutcounts/mut_count/mut_count___cfg-3ad94bd/art
                    ifacts/086-fourU-WT-33c-a-2-p/per_read_histogram.txt        
           INFO     Wrote per-read histogram for 086-fourU-WT-33c-a-2-p (GA) to 
                    examples/all_mutcounts/mut_count/mut_count___cfg-3ad94bd/art
                    ifacts/086-fourU-WT-33c-a-2-p/per_read_histogram.txtga      
           INFO     Found ShapeMapper profile for 087-fourU-WT-33c-a-3-p at     
                    examples/all_mutcounts/mut_count/mut_count___cfg-3ad94bd/art
                    ifacts/087-fourU-WT-33c-a-3-p/087-fourU-WT-33c-a-3-p_087-fou
                    rU-WT-33c-a-3-p_profile.txt                                 
           INFO     Inserted probe_fmod_run for sample ID 578 (Run ID: 317)     
           INFO     Inserted probe_fmod_run 317 for sample                      
                    087-fourU-WT-33c-a-3-p                                      
           INFO     Bulk inserted 80 fmod_vals records.                         
           INFO     Inserted 80 probe_fmod_values records for                   
                    087-fourU-WT-33c-a-3-p (modrate).                           
           INFO     Bulk inserted 80 fmod_vals records.                         
           INFO     Inserted 80 probe_fmod_values records for                   
                    087-fourU-WT-33c-a-3-p (GAmodrate).                         
           INFO     Wrote per-read histogram for 087-fourU-WT-33c-a-3-p         
                    (Modified) to                                               
                    examples/all_mutcounts/mut_count/mut_count___cfg-3ad94bd/art
                    ifacts/087-fourU-WT-33c-a-3-p/per_read_histogram.txt        
           INFO     Wrote per-read histogram for 087-fourU-WT-33c-a-3-p (GA) to 
                    examples/all_mutcounts/mut_count/mut_count___cfg-3ad94bd/art
                    ifacts/087-fourU-WT-33c-a-3-p/per_read_histogram.txtga      
           INFO     Found ShapeMapper profile for 088-fourU-WT-33c-a-4-p at     
                    examples/all_mutcounts/mut_count/mut_count___cfg-3ad94bd/art
                    ifacts/088-fourU-WT-33c-a-4-p/088-fourU-WT-33c-a-4-p_088-fou
                    rU-WT-33c-a-4-p_profile.txt                                 
           INFO     Inserted probe_fmod_run for sample ID 579 (Run ID: 318)     
           INFO     Inserted probe_fmod_run 318 for sample                      
                    088-fourU-WT-33c-a-4-p                                      
           INFO     Bulk inserted 80 fmod_vals records.                         
           INFO     Inserted 80 probe_fmod_values records for                   
                    088-fourU-WT-33c-a-4-p (modrate).                           
           INFO     Bulk inserted 80 fmod_vals records.                         
           INFO     Inserted 80 probe_fmod_values records for                   
                    088-fourU-WT-33c-a-4-p (GAmodrate).                         
           INFO     Wrote per-read histogram for 088-fourU-WT-33c-a-4-p         
                    (Modified) to                                               
                    examples/all_mutcounts/mut_count/mut_count___cfg-3ad94bd/art
                    ifacts/088-fourU-WT-33c-a-4-p/per_read_histogram.txt        
           INFO     Wrote per-read histogram for 088-fourU-WT-33c-a-4-p (GA) to 
                    examples/all_mutcounts/mut_count/mut_count___cfg-3ad94bd/art
                    ifacts/088-fourU-WT-33c-a-4-p/per_read_histogram.txtga      
           INFO     Found ShapeMapper profile for 089-fourU-WT-33c-a-5-p at     
                    examples/all_mutcounts/mut_count/mut_count___cfg-3ad94bd/art
                    ifacts/089-fourU-WT-33c-a-5-p/089-fourU-WT-33c-a-5-p_089-fou
                    rU-WT-33c-a-5-p_profile.txt                                 
           INFO     Inserted probe_fmod_run for sample ID 580 (Run ID: 319)     
           INFO     Inserted probe_fmod_run 319 for sample                      
                    089-fourU-WT-33c-a-5-p                                      
           INFO     Bulk inserted 80 fmod_vals records.                         
           INFO     Inserted 80 probe_fmod_values records for                   
                    089-fourU-WT-33c-a-5-p (modrate).                           
           INFO     Bulk inserted 80 fmod_vals records.                         
           INFO     Inserted 80 probe_fmod_values records for                   
                    089-fourU-WT-33c-a-5-p (GAmodrate).                         
           INFO     Wrote per-read histogram for 089-fourU-WT-33c-a-5-p         
                    (Modified) to                                               
                    examples/all_mutcounts/mut_count/mut_count___cfg-3ad94bd/art
                    ifacts/089-fourU-WT-33c-a-5-p/per_read_histogram.txt        
           INFO     Wrote per-read histogram for 089-fourU-WT-33c-a-5-p (GA) to 
                    examples/all_mutcounts/mut_count/mut_count___cfg-3ad94bd/art
                    ifacts/089-fourU-WT-33c-a-5-p/per_read_histogram.txtga      
           INFO     Found ShapeMapper profile for 089_fourU_WT33c_a_6_m at      
                    examples/all_mutcounts/mut_count/mut_count___cfg-3ad94bd/art
                    ifacts/089_fourU_WT33c_a_6_m/089_fourU_WT33c_a_6_m_089_fourU
                    _WT33c_a_6_m_profile.txt                                    
           INFO     Inserted probe_fmod_run for sample ID 772 (Run ID: 320)     
           INFO     Inserted probe_fmod_run 320 for sample 089_fourU_WT33c_a_6_m
           INFO     Bulk inserted 80 fmod_vals records.                         
           INFO     Inserted 80 probe_fmod_values records for                   
                    089_fourU_WT33c_a_6_m (modrate).                            
           INFO     Bulk inserted 80 fmod_vals records.                         
           INFO     Inserted 80 probe_fmod_values records for                   
                    089_fourU_WT33c_a_6_m (GAmodrate).                          
           INFO     Wrote per-read histogram for 089_fourU_WT33c_a_6_m          
                    (Modified) to                                               
                    examples/all_mutcounts/mut_count/mut_count___cfg-3ad94bd/art
                    ifacts/089_fourU_WT33c_a_6_m/per_read_histogram.txt         
           INFO     Wrote per-read histogram for 089_fourU_WT33c_a_6_m (GA) to  
                    examples/all_mutcounts/mut_count/mut_count___cfg-3ad94bd/art
                    ifacts/089_fourU_WT33c_a_6_m/per_read_histogram.txtga       
           INFO     Found ShapeMapper profile for 090-fourU-WT-33c-a-6-p at     
                    examples/all_mutcounts/mut_count/mut_count___cfg-3ad94bd/art
                    ifacts/090-fourU-WT-33c-a-6-p/090-fourU-WT-33c-a-6-p_090-fou
                    rU-WT-33c-a-6-p_profile.txt                                 
           INFO     Inserted probe_fmod_run for sample ID 581 (Run ID: 321)     
           INFO     Inserted probe_fmod_run 321 for sample                      
                    090-fourU-WT-33c-a-6-p                                      
           INFO     Bulk inserted 80 fmod_vals records.                         
           INFO     Inserted 80 probe_fmod_values records for                   
                    090-fourU-WT-33c-a-6-p (modrate).                           
           INFO     Bulk inserted 80 fmod_vals records.                         
           INFO     Inserted 80 probe_fmod_values records for                   
                    090-fourU-WT-33c-a-6-p (GAmodrate).                         
           INFO     Wrote per-read histogram for 090-fourU-WT-33c-a-6-p         
                    (Modified) to                                               
                    examples/all_mutcounts/mut_count/mut_count___cfg-3ad94bd/art
                    ifacts/090-fourU-WT-33c-a-6-p/per_read_histogram.txt        
           INFO     Wrote per-read histogram for 090-fourU-WT-33c-a-6-p (GA) to 
                    examples/all_mutcounts/mut_count/mut_count___cfg-3ad94bd/art
                    ifacts/090-fourU-WT-33c-a-6-p/per_read_histogram.txtga      
           INFO     mut_count completed. Profiles found for 7/7 samples;        
                    ingested 7 run(s).                                          
           INFO     Finished task ID 54 with state 'completed'                  
           INFO     Task 'mut_count' (ID: 54) completed successfully.           
           INFO     Updated 'latest' symlink for task 'mut_count' to point to   
                    /gpfs/projects/b1044/Computational_Output/EKC/EKC.01_SHAPE_s
                    tandardization/EKC.01.065.refactoring_data_analysis/nerd/exa
                    mples/all_mutcounts/mut_count/mut_count___cfg-3ad94bd       
