[14:11:14] INFO     Executing 'run' command for step: 'mut_count'               
[14:11:14] INFO     Database schema initialized successfully.                   
           INFO     Created run directory:                                      
                    examples/all_mutcounts/mut_count/mut_count___cfg-519f852    
           INFO     Executing task 'mut_count' in run directory:                
                    examples/all_mutcounts/mut_count/mut_count___cfg-519f852    
           INFO     Resolved reaction_group 25_2 to 18 sample(s).               
           INFO     Began task 'mut_count' (ID: 32) for rg:10                   
                    (cfg=519f852a13947e814e3300577dff89c3696e173c3829842e6b41995
                    5e006e4bd)                                                  
           INFO     Starting command (backend=local) in                         
                    examples/all_mutcounts/mut_count/mut_count___cfg-519f852    
           INFO     Executing command locally. Log file:                        
                    examples/all_mutcounts/mut_count/mut_count___cfg-519f852/com
                    mand.log                                                    
[14:40:08] INFO     Command finished with exit code: 0                          
           INFO     Logged attempt #1 for task ID 32 (Attempt ID: 25)           
           INFO     Command completed successfully. Consuming outputs.          
           INFO     Found ShapeMapper profile for                               
                    001-EKC-fourUnew-WT-25C-dms-MaP-6 at                        
                    examples/all_mutcounts/mut_count/mut_count___cfg-519f852/art
                    ifacts/001-EKC-fourUnew-WT-25C-dms-MaP-6/001-EKC-fourUnew-WT
                    -25C-dms-MaP-6_001-EKC-fourUnew-WT-25C-dms-MaP-6_profile.txt
           INFO     Inserted probe_fmod_run for sample ID 138 (Run ID: 161)     
           INFO     Inserted probe_fmod_run 161 for sample                      
                    001-EKC-fourUnew-WT-25C-dms-MaP-6                           
           INFO     Bulk inserted 80 fmod_vals records.                         
           INFO     Inserted 80 probe_fmod_values records for                   
                    001-EKC-fourUnew-WT-25C-dms-MaP-6 (modrate).                
[14:40:09] INFO     Bulk inserted 80 fmod_vals records.                         
           INFO     Inserted 80 probe_fmod_values records for                   
                    001-EKC-fourUnew-WT-25C-dms-MaP-6 (GAmodrate).              
           INFO     Wrote per-read histogram for                                
                    001-EKC-fourUnew-WT-25C-dms-MaP-6 (Modified) to             
                    examples/all_mutcounts/mut_count/mut_count___cfg-519f852/art
                    ifacts/001-EKC-fourUnew-WT-25C-dms-MaP-6/per_read_histogram.
                    txt                                                         
           INFO     Wrote per-read histogram for                                
                    001-EKC-fourUnew-WT-25C-dms-MaP-6 (GA) to                   
                    examples/all_mutcounts/mut_count/mut_count___cfg-519f852/art
                    ifacts/001-EKC-fourUnew-WT-25C-dms-MaP-6/per_read_histogram.
                    txtga                                                       
           INFO     Found ShapeMapper profile for                               
                    RRRY-001-EKC-fourUnew-WT-25C-dms-MaP-6 at                   
                    examples/all_mutcounts/mut_count/mut_count___cfg-519f852/art
                    ifacts/RRRY-001-EKC-fourUnew-WT-25C-dms-MaP-6/RRRY-001-EKC-f
                    ourUnew-WT-25C-dms-MaP-6_RRRY-001-EKC-fourUnew-WT-25C-dms-Ma
                    P-6_profile.txt                                             
           INFO     Inserted probe_fmod_run for sample ID 162 (Run ID: 162)     
           INFO     Inserted probe_fmod_run 162 for sample                      
                    RRRY-001-EKC-fourUnew-WT-25C-dms-MaP-6                      
           INFO     Bulk inserted 80 fmod_vals records.                         
           INFO     Inserted 80 probe_fmod_values records for                   
                    RRRY-001-EKC-fourUnew-WT-25C-dms-MaP-6 (modrate).           
           INFO     Bulk inserted 80 fmod_vals records.                         
           INFO     Inserted 80 probe_fmod_values records for                   
                    RRRY-001-EKC-fourUnew-WT-25C-dms-MaP-6 (GAmodrate).         
           INFO     Wrote per-read histogram for                                
                    RRRY-001-EKC-fourUnew-WT-25C-dms-MaP-6 (Modified) to        
                    examples/all_mutcounts/mut_count/mut_count___cfg-519f852/art
                    ifacts/RRRY-001-EKC-fourUnew-WT-25C-dms-MaP-6/per_read_histo
                    gram.txt                                                    
           INFO     Wrote per-read histogram for                                
                    RRRY-001-EKC-fourUnew-WT-25C-dms-MaP-6 (GA) to              
                    examples/all_mutcounts/mut_count/mut_count___cfg-519f852/art
                    ifacts/RRRY-001-EKC-fourUnew-WT-25C-dms-MaP-6/per_read_histo
                    gram.txtga                                                  
           INFO     Found ShapeMapper profile for                               
                    YYYR-001-EKC-fourUnew-WT-25C-dms-MaP-6 at                   
                    examples/all_mutcounts/mut_count/mut_count___cfg-519f852/art
                    ifacts/YYYR-001-EKC-fourUnew-WT-25C-dms-MaP-6/YYYR-001-EKC-f
                    ourUnew-WT-25C-dms-MaP-6_YYYR-001-EKC-fourUnew-WT-25C-dms-Ma
                    P-6_profile.txt                                             
           INFO     Inserted probe_fmod_run for sample ID 163 (Run ID: 163)     
           INFO     Inserted probe_fmod_run 163 for sample                      
                    YYYR-001-EKC-fourUnew-WT-25C-dms-MaP-6                      
           INFO     Bulk inserted 80 fmod_vals records.                         
           INFO     Inserted 80 probe_fmod_values records for                   
                    YYYR-001-EKC-fourUnew-WT-25C-dms-MaP-6 (modrate).           
           INFO     Bulk inserted 80 fmod_vals records.                         
           INFO     Inserted 80 probe_fmod_values records for                   
                    YYYR-001-EKC-fourUnew-WT-25C-dms-MaP-6 (GAmodrate).         
           INFO     Wrote per-read histogram for                                
                    YYYR-001-EKC-fourUnew-WT-25C-dms-MaP-6 (Modified) to        
                    examples/all_mutcounts/mut_count/mut_count___cfg-519f852/art
                    ifacts/YYYR-001-EKC-fourUnew-WT-25C-dms-MaP-6/per_read_histo
                    gram.txt                                                    
           INFO     Wrote per-read histogram for                                
                    YYYR-001-EKC-fourUnew-WT-25C-dms-MaP-6 (GA) to              
                    examples/all_mutcounts/mut_count/mut_count___cfg-519f852/art
                    ifacts/YYYR-001-EKC-fourUnew-WT-25C-dms-MaP-6/per_read_histo
                    gram.txtga                                                  
           INFO     Found ShapeMapper profile for                               
                    002-EKC-fourUnew-WT-25C-dms-MaP-25 at                       
                    examples/all_mutcounts/mut_count/mut_count___cfg-519f852/art
                    ifacts/002-EKC-fourUnew-WT-25C-dms-MaP-25/002-EKC-fourUnew-W
                    T-25C-dms-MaP-25_002-EKC-fourUnew-WT-25C-dms-MaP-25_profile.
                    txt                                                         
           INFO     Inserted probe_fmod_run for sample ID 139 (Run ID: 164)     
           INFO     Inserted probe_fmod_run 164 for sample                      
                    002-EKC-fourUnew-WT-25C-dms-MaP-25                          
           INFO     Bulk inserted 80 fmod_vals records.                         
           INFO     Inserted 80 probe_fmod_values records for                   
                    002-EKC-fourUnew-WT-25C-dms-MaP-25 (modrate).               
           INFO     Bulk inserted 80 fmod_vals records.                         
           INFO     Inserted 80 probe_fmod_values records for                   
                    002-EKC-fourUnew-WT-25C-dms-MaP-25 (GAmodrate).             
           INFO     Wrote per-read histogram for                                
                    002-EKC-fourUnew-WT-25C-dms-MaP-25 (Modified) to            
                    examples/all_mutcounts/mut_count/mut_count___cfg-519f852/art
                    ifacts/002-EKC-fourUnew-WT-25C-dms-MaP-25/per_read_histogram
                    .txt                                                        
           INFO     Wrote per-read histogram for                                
                    002-EKC-fourUnew-WT-25C-dms-MaP-25 (GA) to                  
                    examples/all_mutcounts/mut_count/mut_count___cfg-519f852/art
                    ifacts/002-EKC-fourUnew-WT-25C-dms-MaP-25/per_read_histogram
                    .txtga                                                      
           INFO     Found ShapeMapper profile for                               
                    RRRY-002-EKC-fourUnew-WT-25C-dms-MaP-25 at                  
                    examples/all_mutcounts/mut_count/mut_count___cfg-519f852/art
                    ifacts/RRRY-002-EKC-fourUnew-WT-25C-dms-MaP-25/RRRY-002-EKC-
                    fourUnew-WT-25C-dms-MaP-25_RRRY-002-EKC-fourUnew-WT-25C-dms-
                    MaP-25_profile.txt                                          
           INFO     Inserted probe_fmod_run for sample ID 164 (Run ID: 165)     
           INFO     Inserted probe_fmod_run 165 for sample                      
                    RRRY-002-EKC-fourUnew-WT-25C-dms-MaP-25                     
           INFO     Bulk inserted 80 fmod_vals records.                         
           INFO     Inserted 80 probe_fmod_values records for                   
                    RRRY-002-EKC-fourUnew-WT-25C-dms-MaP-25 (modrate).          
           INFO     Bulk inserted 80 fmod_vals records.                         
           INFO     Inserted 80 probe_fmod_values records for                   
                    RRRY-002-EKC-fourUnew-WT-25C-dms-MaP-25 (GAmodrate).        
           INFO     Wrote per-read histogram for                                
                    RRRY-002-EKC-fourUnew-WT-25C-dms-MaP-25 (Modified) to       
                    examples/all_mutcounts/mut_count/mut_count___cfg-519f852/art
                    ifacts/RRRY-002-EKC-fourUnew-WT-25C-dms-MaP-25/per_read_hist
                    ogram.txt                                                   
           INFO     Wrote per-read histogram for                                
                    RRRY-002-EKC-fourUnew-WT-25C-dms-MaP-25 (GA) to             
                    examples/all_mutcounts/mut_count/mut_count___cfg-519f852/art
                    ifacts/RRRY-002-EKC-fourUnew-WT-25C-dms-MaP-25/per_read_hist
                    ogram.txtga                                                 
           INFO     Found ShapeMapper profile for                               
                    YYYR-002-EKC-fourUnew-WT-25C-dms-MaP-25 at                  
                    examples/all_mutcounts/mut_count/mut_count___cfg-519f852/art
                    ifacts/YYYR-002-EKC-fourUnew-WT-25C-dms-MaP-25/YYYR-002-EKC-
                    fourUnew-WT-25C-dms-MaP-25_YYYR-002-EKC-fourUnew-WT-25C-dms-
                    MaP-25_profile.txt                                          
           INFO     Inserted probe_fmod_run for sample ID 165 (Run ID: 166)     
           INFO     Inserted probe_fmod_run 166 for sample                      
                    YYYR-002-EKC-fourUnew-WT-25C-dms-MaP-25                     
           INFO     Bulk inserted 80 fmod_vals records.                         
           INFO     Inserted 80 probe_fmod_values records for                   
                    YYYR-002-EKC-fourUnew-WT-25C-dms-MaP-25 (modrate).          
           INFO     Bulk inserted 80 fmod_vals records.                         
           INFO     Inserted 80 probe_fmod_values records for                   
                    YYYR-002-EKC-fourUnew-WT-25C-dms-MaP-25 (GAmodrate).        
           INFO     Wrote per-read histogram for                                
                    YYYR-002-EKC-fourUnew-WT-25C-dms-MaP-25 (Modified) to       
                    examples/all_mutcounts/mut_count/mut_count___cfg-519f852/art
                    ifacts/YYYR-002-EKC-fourUnew-WT-25C-dms-MaP-25/per_read_hist
                    ogram.txt                                                   
           INFO     Wrote per-read histogram for                                
                    YYYR-002-EKC-fourUnew-WT-25C-dms-MaP-25 (GA) to             
                    examples/all_mutcounts/mut_count/mut_count___cfg-519f852/art
                    ifacts/YYYR-002-EKC-fourUnew-WT-25C-dms-MaP-25/per_read_hist
                    ogram.txtga                                                 
           INFO     Found ShapeMapper profile for                               
                    003-EKC-fourUnew-WT-25C-dms-MaP-60 at                       
                    examples/all_mutcounts/mut_count/mut_count___cfg-519f852/art
                    ifacts/003-EKC-fourUnew-WT-25C-dms-MaP-60/003-EKC-fourUnew-W
                    T-25C-dms-MaP-60_003-EKC-fourUnew-WT-25C-dms-MaP-60_profile.
                    txt                                                         
           INFO     Inserted probe_fmod_run for sample ID 140 (Run ID: 167)     
           INFO     Inserted probe_fmod_run 167 for sample                      
                    003-EKC-fourUnew-WT-25C-dms-MaP-60                          
           INFO     Bulk inserted 80 fmod_vals records.                         
           INFO     Inserted 80 probe_fmod_values records for                   
                    003-EKC-fourUnew-WT-25C-dms-MaP-60 (modrate).               
           INFO     Bulk inserted 80 fmod_vals records.                         
           INFO     Inserted 80 probe_fmod_values records for                   
                    003-EKC-fourUnew-WT-25C-dms-MaP-60 (GAmodrate).             
           INFO     Wrote per-read histogram for                                
                    003-EKC-fourUnew-WT-25C-dms-MaP-60 (Modified) to            
                    examples/all_mutcounts/mut_count/mut_count___cfg-519f852/art
                    ifacts/003-EKC-fourUnew-WT-25C-dms-MaP-60/per_read_histogram
                    .txt                                                        
           INFO     Wrote per-read histogram for                                
                    003-EKC-fourUnew-WT-25C-dms-MaP-60 (GA) to                  
                    examples/all_mutcounts/mut_count/mut_count___cfg-519f852/art
                    ifacts/003-EKC-fourUnew-WT-25C-dms-MaP-60/per_read_histogram
                    .txtga                                                      
           INFO     Found ShapeMapper profile for                               
                    RRRY-003-EKC-fourUnew-WT-25C-dms-MaP-60 at                  
                    examples/all_mutcounts/mut_count/mut_count___cfg-519f852/art
                    ifacts/RRRY-003-EKC-fourUnew-WT-25C-dms-MaP-60/RRRY-003-EKC-
                    fourUnew-WT-25C-dms-MaP-60_RRRY-003-EKC-fourUnew-WT-25C-dms-
                    MaP-60_profile.txt                                          
           INFO     Inserted probe_fmod_run for sample ID 166 (Run ID: 168)     
           INFO     Inserted probe_fmod_run 168 for sample                      
                    RRRY-003-EKC-fourUnew-WT-25C-dms-MaP-60                     
           INFO     Bulk inserted 80 fmod_vals records.                         
           INFO     Inserted 80 probe_fmod_values records for                   
                    RRRY-003-EKC-fourUnew-WT-25C-dms-MaP-60 (modrate).          
           INFO     Bulk inserted 80 fmod_vals records.                         
           INFO     Inserted 80 probe_fmod_values records for                   
                    RRRY-003-EKC-fourUnew-WT-25C-dms-MaP-60 (GAmodrate).        
           INFO     Wrote per-read histogram for                                
                    RRRY-003-EKC-fourUnew-WT-25C-dms-MaP-60 (Modified) to       
                    examples/all_mutcounts/mut_count/mut_count___cfg-519f852/art
                    ifacts/RRRY-003-EKC-fourUnew-WT-25C-dms-MaP-60/per_read_hist
                    ogram.txt                                                   
           INFO     Wrote per-read histogram for                                
                    RRRY-003-EKC-fourUnew-WT-25C-dms-MaP-60 (GA) to             
                    examples/all_mutcounts/mut_count/mut_count___cfg-519f852/art
                    ifacts/RRRY-003-EKC-fourUnew-WT-25C-dms-MaP-60/per_read_hist
                    ogram.txtga                                                 
           INFO     Found ShapeMapper profile for                               
                    YYYR-003-EKC-fourUnew-WT-25C-dms-MaP-60 at                  
                    examples/all_mutcounts/mut_count/mut_count___cfg-519f852/art
                    ifacts/YYYR-003-EKC-fourUnew-WT-25C-dms-MaP-60/YYYR-003-EKC-
                    fourUnew-WT-25C-dms-MaP-60_YYYR-003-EKC-fourUnew-WT-25C-dms-
                    MaP-60_profile.txt                                          
           INFO     Inserted probe_fmod_run for sample ID 167 (Run ID: 169)     
           INFO     Inserted probe_fmod_run 169 for sample                      
                    YYYR-003-EKC-fourUnew-WT-25C-dms-MaP-60                     
           INFO     Bulk inserted 80 fmod_vals records.                         
           INFO     Inserted 80 probe_fmod_values records for                   
                    YYYR-003-EKC-fourUnew-WT-25C-dms-MaP-60 (modrate).          
           INFO     Bulk inserted 80 fmod_vals records.                         
           INFO     Inserted 80 probe_fmod_values records for                   
                    YYYR-003-EKC-fourUnew-WT-25C-dms-MaP-60 (GAmodrate).        
           INFO     Wrote per-read histogram for                                
                    YYYR-003-EKC-fourUnew-WT-25C-dms-MaP-60 (Modified) to       
                    examples/all_mutcounts/mut_count/mut_count___cfg-519f852/art
                    ifacts/YYYR-003-EKC-fourUnew-WT-25C-dms-MaP-60/per_read_hist
                    ogram.txt                                                   
           INFO     Wrote per-read histogram for                                
                    YYYR-003-EKC-fourUnew-WT-25C-dms-MaP-60 (GA) to             
                    examples/all_mutcounts/mut_count/mut_count___cfg-519f852/art
                    ifacts/YYYR-003-EKC-fourUnew-WT-25C-dms-MaP-60/per_read_hist
                    ogram.txtga                                                 
           INFO     Found ShapeMapper profile for                               
                    004-EKC-fourUnew-WT-25C-dms-MaP-120 at                      
                    examples/all_mutcounts/mut_count/mut_count___cfg-519f852/art
                    ifacts/004-EKC-fourUnew-WT-25C-dms-MaP-120/004-EKC-fourUnew-
                    WT-25C-dms-MaP-120_004-EKC-fourUnew-WT-25C-dms-MaP-120_profi
                    le.txt                                                      
           INFO     Inserted probe_fmod_run for sample ID 141 (Run ID: 170)     
           INFO     Inserted probe_fmod_run 170 for sample                      
                    004-EKC-fourUnew-WT-25C-dms-MaP-120                         
           INFO     Bulk inserted 80 fmod_vals records.                         
           INFO     Inserted 80 probe_fmod_values records for                   
                    004-EKC-fourUnew-WT-25C-dms-MaP-120 (modrate).              
           INFO     Bulk inserted 80 fmod_vals records.                         
           INFO     Inserted 80 probe_fmod_values records for                   
                    004-EKC-fourUnew-WT-25C-dms-MaP-120 (GAmodrate).            
           INFO     Wrote per-read histogram for                                
                    004-EKC-fourUnew-WT-25C-dms-MaP-120 (Modified) to           
                    examples/all_mutcounts/mut_count/mut_count___cfg-519f852/art
                    ifacts/004-EKC-fourUnew-WT-25C-dms-MaP-120/per_read_histogra
                    m.txt                                                       
           INFO     Wrote per-read histogram for                                
                    004-EKC-fourUnew-WT-25C-dms-MaP-120 (GA) to                 
                    examples/all_mutcounts/mut_count/mut_count___cfg-519f852/art
                    ifacts/004-EKC-fourUnew-WT-25C-dms-MaP-120/per_read_histogra
                    m.txtga                                                     
           INFO     Found ShapeMapper profile for                               
                    RRRY-004-EKC-fourUnew-WT-25C-dms-MaP-120 at                 
                    examples/all_mutcounts/mut_count/mut_count___cfg-519f852/art
                    ifacts/RRRY-004-EKC-fourUnew-WT-25C-dms-MaP-120/RRRY-004-EKC
                    -fourUnew-WT-25C-dms-MaP-120_RRRY-004-EKC-fourUnew-WT-25C-dm
                    s-MaP-120_profile.txt                                       
           INFO     Inserted probe_fmod_run for sample ID 168 (Run ID: 171)     
           INFO     Inserted probe_fmod_run 171 for sample                      
                    RRRY-004-EKC-fourUnew-WT-25C-dms-MaP-120                    
           INFO     Bulk inserted 80 fmod_vals records.                         
           INFO     Inserted 80 probe_fmod_values records for                   
                    RRRY-004-EKC-fourUnew-WT-25C-dms-MaP-120 (modrate).         
           INFO     Bulk inserted 80 fmod_vals records.                         
           INFO     Inserted 80 probe_fmod_values records for                   
                    RRRY-004-EKC-fourUnew-WT-25C-dms-MaP-120 (GAmodrate).       
           INFO     Wrote per-read histogram for                                
                    RRRY-004-EKC-fourUnew-WT-25C-dms-MaP-120 (Modified) to      
                    examples/all_mutcounts/mut_count/mut_count___cfg-519f852/art
                    ifacts/RRRY-004-EKC-fourUnew-WT-25C-dms-MaP-120/per_read_his
                    togram.txt                                                  
           INFO     Wrote per-read histogram for                                
                    RRRY-004-EKC-fourUnew-WT-25C-dms-MaP-120 (GA) to            
                    examples/all_mutcounts/mut_count/mut_count___cfg-519f852/art
                    ifacts/RRRY-004-EKC-fourUnew-WT-25C-dms-MaP-120/per_read_his
                    togram.txtga                                                
           INFO     Found ShapeMapper profile for                               
                    YYYR-004-EKC-fourUnew-WT-25C-dms-MaP-120 at                 
                    examples/all_mutcounts/mut_count/mut_count___cfg-519f852/art
                    ifacts/YYYR-004-EKC-fourUnew-WT-25C-dms-MaP-120/YYYR-004-EKC
                    -fourUnew-WT-25C-dms-MaP-120_YYYR-004-EKC-fourUnew-WT-25C-dm
                    s-MaP-120_profile.txt                                       
           INFO     Inserted probe_fmod_run for sample ID 169 (Run ID: 172)     
           INFO     Inserted probe_fmod_run 172 for sample                      
                    YYYR-004-EKC-fourUnew-WT-25C-dms-MaP-120                    
           INFO     Bulk inserted 80 fmod_vals records.                         
           INFO     Inserted 80 probe_fmod_values records for                   
                    YYYR-004-EKC-fourUnew-WT-25C-dms-MaP-120 (modrate).         
           INFO     Bulk inserted 80 fmod_vals records.                         
           INFO     Inserted 80 probe_fmod_values records for                   
                    YYYR-004-EKC-fourUnew-WT-25C-dms-MaP-120 (GAmodrate).       
           INFO     Wrote per-read histogram for                                
                    YYYR-004-EKC-fourUnew-WT-25C-dms-MaP-120 (Modified) to      
                    examples/all_mutcounts/mut_count/mut_count___cfg-519f852/art
                    ifacts/YYYR-004-EKC-fourUnew-WT-25C-dms-MaP-120/per_read_his
                    togram.txt                                                  
           INFO     Wrote per-read histogram for                                
                    YYYR-004-EKC-fourUnew-WT-25C-dms-MaP-120 (GA) to            
                    examples/all_mutcounts/mut_count/mut_count___cfg-519f852/art
                    ifacts/YYYR-004-EKC-fourUnew-WT-25C-dms-MaP-120/per_read_his
                    togram.txtga                                                
           INFO     Found ShapeMapper profile for                               
                    005-EKC-fourUnew-WT-25C-dms-MaP-180 at                      
                    examples/all_mutcounts/mut_count/mut_count___cfg-519f852/art
                    ifacts/005-EKC-fourUnew-WT-25C-dms-MaP-180/005-EKC-fourUnew-
                    WT-25C-dms-MaP-180_005-EKC-fourUnew-WT-25C-dms-MaP-180_profi
                    le.txt                                                      
           INFO     Inserted probe_fmod_run for sample ID 142 (Run ID: 173)     
           INFO     Inserted probe_fmod_run 173 for sample                      
                    005-EKC-fourUnew-WT-25C-dms-MaP-180                         
           INFO     Bulk inserted 80 fmod_vals records.                         
           INFO     Inserted 80 probe_fmod_values records for                   
                    005-EKC-fourUnew-WT-25C-dms-MaP-180 (modrate).              
           INFO     Bulk inserted 80 fmod_vals records.                         
           INFO     Inserted 80 probe_fmod_values records for                   
                    005-EKC-fourUnew-WT-25C-dms-MaP-180 (GAmodrate).            
           INFO     Wrote per-read histogram for                                
                    005-EKC-fourUnew-WT-25C-dms-MaP-180 (Modified) to           
                    examples/all_mutcounts/mut_count/mut_count___cfg-519f852/art
                    ifacts/005-EKC-fourUnew-WT-25C-dms-MaP-180/per_read_histogra
                    m.txt                                                       
           INFO     Wrote per-read histogram for                                
                    005-EKC-fourUnew-WT-25C-dms-MaP-180 (GA) to                 
                    examples/all_mutcounts/mut_count/mut_count___cfg-519f852/art
                    ifacts/005-EKC-fourUnew-WT-25C-dms-MaP-180/per_read_histogra
                    m.txtga                                                     
           INFO     Found ShapeMapper profile for                               
                    RRRY-005-EKC-fourUnew-WT-25C-dms-MaP-180 at                 
                    examples/all_mutcounts/mut_count/mut_count___cfg-519f852/art
                    ifacts/RRRY-005-EKC-fourUnew-WT-25C-dms-MaP-180/RRRY-005-EKC
                    -fourUnew-WT-25C-dms-MaP-180_RRRY-005-EKC-fourUnew-WT-25C-dm
                    s-MaP-180_profile.txt                                       
           INFO     Inserted probe_fmod_run for sample ID 170 (Run ID: 174)     
           INFO     Inserted probe_fmod_run 174 for sample                      
                    RRRY-005-EKC-fourUnew-WT-25C-dms-MaP-180                    
           INFO     Bulk inserted 80 fmod_vals records.                         
           INFO     Inserted 80 probe_fmod_values records for                   
                    RRRY-005-EKC-fourUnew-WT-25C-dms-MaP-180 (modrate).         
           INFO     Bulk inserted 80 fmod_vals records.                         
           INFO     Inserted 80 probe_fmod_values records for                   
                    RRRY-005-EKC-fourUnew-WT-25C-dms-MaP-180 (GAmodrate).       
           INFO     Wrote per-read histogram for                                
                    RRRY-005-EKC-fourUnew-WT-25C-dms-MaP-180 (Modified) to      
                    examples/all_mutcounts/mut_count/mut_count___cfg-519f852/art
                    ifacts/RRRY-005-EKC-fourUnew-WT-25C-dms-MaP-180/per_read_his
                    togram.txt                                                  
           INFO     Wrote per-read histogram for                                
                    RRRY-005-EKC-fourUnew-WT-25C-dms-MaP-180 (GA) to            
                    examples/all_mutcounts/mut_count/mut_count___cfg-519f852/art
                    ifacts/RRRY-005-EKC-fourUnew-WT-25C-dms-MaP-180/per_read_his
                    togram.txtga                                                
           INFO     Found ShapeMapper profile for                               
                    YYYR-005-EKC-fourUnew-WT-25C-dms-MaP-180 at                 
                    examples/all_mutcounts/mut_count/mut_count___cfg-519f852/art
                    ifacts/YYYR-005-EKC-fourUnew-WT-25C-dms-MaP-180/YYYR-005-EKC
                    -fourUnew-WT-25C-dms-MaP-180_YYYR-005-EKC-fourUnew-WT-25C-dm
                    s-MaP-180_profile.txt                                       
           INFO     Inserted probe_fmod_run for sample ID 171 (Run ID: 175)     
           INFO     Inserted probe_fmod_run 175 for sample                      
                    YYYR-005-EKC-fourUnew-WT-25C-dms-MaP-180                    
           INFO     Bulk inserted 80 fmod_vals records.                         
           INFO     Inserted 80 probe_fmod_values records for                   
                    YYYR-005-EKC-fourUnew-WT-25C-dms-MaP-180 (modrate).         
           INFO     Bulk inserted 80 fmod_vals records.                         
           INFO     Inserted 80 probe_fmod_values records for                   
                    YYYR-005-EKC-fourUnew-WT-25C-dms-MaP-180 (GAmodrate).       
           INFO     Wrote per-read histogram for                                
                    YYYR-005-EKC-fourUnew-WT-25C-dms-MaP-180 (Modified) to      
                    examples/all_mutcounts/mut_count/mut_count___cfg-519f852/art
                    ifacts/YYYR-005-EKC-fourUnew-WT-25C-dms-MaP-180/per_read_his
                    togram.txt                                                  
           INFO     Wrote per-read histogram for                                
                    YYYR-005-EKC-fourUnew-WT-25C-dms-MaP-180 (GA) to            
                    examples/all_mutcounts/mut_count/mut_count___cfg-519f852/art
                    ifacts/YYYR-005-EKC-fourUnew-WT-25C-dms-MaP-180/per_read_his
                    togram.txtga                                                
           INFO     Found ShapeMapper profile for                               
                    006-EKC-fourUnew-WT-25C-dms-MaP-240 at                      
                    examples/all_mutcounts/mut_count/mut_count___cfg-519f852/art
                    ifacts/006-EKC-fourUnew-WT-25C-dms-MaP-240/006-EKC-fourUnew-
                    WT-25C-dms-MaP-240_006-EKC-fourUnew-WT-25C-dms-MaP-240_profi
                    le.txt                                                      
           INFO     Inserted probe_fmod_run for sample ID 143 (Run ID: 176)     
           INFO     Inserted probe_fmod_run 176 for sample                      
                    006-EKC-fourUnew-WT-25C-dms-MaP-240                         
           INFO     Bulk inserted 80 fmod_vals records.                         
           INFO     Inserted 80 probe_fmod_values records for                   
                    006-EKC-fourUnew-WT-25C-dms-MaP-240 (modrate).              
           INFO     Bulk inserted 80 fmod_vals records.                         
           INFO     Inserted 80 probe_fmod_values records for                   
                    006-EKC-fourUnew-WT-25C-dms-MaP-240 (GAmodrate).            
           INFO     Wrote per-read histogram for                                
                    006-EKC-fourUnew-WT-25C-dms-MaP-240 (Modified) to           
                    examples/all_mutcounts/mut_count/mut_count___cfg-519f852/art
                    ifacts/006-EKC-fourUnew-WT-25C-dms-MaP-240/per_read_histogra
                    m.txt                                                       
           INFO     Wrote per-read histogram for                                
                    006-EKC-fourUnew-WT-25C-dms-MaP-240 (GA) to                 
                    examples/all_mutcounts/mut_count/mut_count___cfg-519f852/art
                    ifacts/006-EKC-fourUnew-WT-25C-dms-MaP-240/per_read_histogra
                    m.txtga                                                     
           INFO     Found ShapeMapper profile for                               
                    RRRY-006-EKC-fourUnew-WT-25C-dms-MaP-240 at                 
                    examples/all_mutcounts/mut_count/mut_count___cfg-519f852/art
                    ifacts/RRRY-006-EKC-fourUnew-WT-25C-dms-MaP-240/RRRY-006-EKC
                    -fourUnew-WT-25C-dms-MaP-240_RRRY-006-EKC-fourUnew-WT-25C-dm
                    s-MaP-240_profile.txt                                       
           INFO     Inserted probe_fmod_run for sample ID 172 (Run ID: 177)     
           INFO     Inserted probe_fmod_run 177 for sample                      
                    RRRY-006-EKC-fourUnew-WT-25C-dms-MaP-240                    
           INFO     Bulk inserted 80 fmod_vals records.                         
           INFO     Inserted 80 probe_fmod_values records for                   
                    RRRY-006-EKC-fourUnew-WT-25C-dms-MaP-240 (modrate).         
           INFO     Bulk inserted 80 fmod_vals records.                         
           INFO     Inserted 80 probe_fmod_values records for                   
                    RRRY-006-EKC-fourUnew-WT-25C-dms-MaP-240 (GAmodrate).       
           INFO     Wrote per-read histogram for                                
                    RRRY-006-EKC-fourUnew-WT-25C-dms-MaP-240 (Modified) to      
                    examples/all_mutcounts/mut_count/mut_count___cfg-519f852/art
                    ifacts/RRRY-006-EKC-fourUnew-WT-25C-dms-MaP-240/per_read_his
                    togram.txt                                                  
           INFO     Wrote per-read histogram for                                
                    RRRY-006-EKC-fourUnew-WT-25C-dms-MaP-240 (GA) to            
                    examples/all_mutcounts/mut_count/mut_count___cfg-519f852/art
                    ifacts/RRRY-006-EKC-fourUnew-WT-25C-dms-MaP-240/per_read_his
                    togram.txtga                                                
           INFO     Found ShapeMapper profile for                               
                    YYYR-006-EKC-fourUnew-WT-25C-dms-MaP-240 at                 
                    examples/all_mutcounts/mut_count/mut_count___cfg-519f852/art
                    ifacts/YYYR-006-EKC-fourUnew-WT-25C-dms-MaP-240/YYYR-006-EKC
                    -fourUnew-WT-25C-dms-MaP-240_YYYR-006-EKC-fourUnew-WT-25C-dm
                    s-MaP-240_profile.txt                                       
           INFO     Inserted probe_fmod_run for sample ID 173 (Run ID: 178)     
           INFO     Inserted probe_fmod_run 178 for sample                      
                    YYYR-006-EKC-fourUnew-WT-25C-dms-MaP-240                    
           INFO     Bulk inserted 80 fmod_vals records.                         
           INFO     Inserted 80 probe_fmod_values records for                   
                    YYYR-006-EKC-fourUnew-WT-25C-dms-MaP-240 (modrate).         
           INFO     Bulk inserted 80 fmod_vals records.                         
           INFO     Inserted 80 probe_fmod_values records for                   
                    YYYR-006-EKC-fourUnew-WT-25C-dms-MaP-240 (GAmodrate).       
           INFO     Wrote per-read histogram for                                
                    YYYR-006-EKC-fourUnew-WT-25C-dms-MaP-240 (Modified) to      
                    examples/all_mutcounts/mut_count/mut_count___cfg-519f852/art
                    ifacts/YYYR-006-EKC-fourUnew-WT-25C-dms-MaP-240/per_read_his
                    togram.txt                                                  
           INFO     Wrote per-read histogram for                                
                    YYYR-006-EKC-fourUnew-WT-25C-dms-MaP-240 (GA) to            
                    examples/all_mutcounts/mut_count/mut_count___cfg-519f852/art
                    ifacts/YYYR-006-EKC-fourUnew-WT-25C-dms-MaP-240/per_read_his
                    togram.txtga                                                
           INFO     mut_count completed. Profiles found for 18/18 samples;      
                    ingested 18 run(s).                                         
           INFO     Finished task ID 32 with state 'completed'                  
           INFO     Task 'mut_count' (ID: 32) completed successfully.           
           INFO     Updated 'latest' symlink for task 'mut_count' to point to   
                    /gpfs/projects/b1044/Computational_Output/EKC/EKC.01_SHAPE_s
                    tandardization/EKC.01.065.refactoring_data_analysis/nerd/exa
                    mples/all_mutcounts/mut_count/mut_count___cfg-519f852       
