[16:41:08] INFO     Executing 'run' command for step: 'mut_count'               
[16:41:08] INFO     Database schema initialized successfully.                   
           INFO     Created run directory:                                      
                    examples/all_mutcounts/mut_count/mut_count___cfg-3faaefa    
           INFO     Executing task 'mut_count' in run directory:                
                    examples/all_mutcounts/mut_count/mut_count___cfg-3faaefa    
           INFO     Resolved reaction_group 5 to 4 sample(s).                   
           INFO     Began task 'mut_count' (ID: 74) for rg:127                  
                    (cfg=3faaefa143738ce814505405f3af0b1e35ec2c3b68db04d96f89a22
                    41408d1ed)                                                  
           INFO     Starting command (backend=local) in                         
                    examples/all_mutcounts/mut_count/mut_count___cfg-3faaefa    
           INFO     Executing command locally. Log file:                        
                    examples/all_mutcounts/mut_count/mut_count___cfg-3faaefa/com
                    mand.log                                                    
[16:44:33] INFO     Command finished with exit code: 0                          
           INFO     Logged attempt #1 for task ID 74 (Attempt ID: 56)           
           INFO     Command completed successfully. Consuming outputs.          
           INFO     Found ShapeMapper profile for                               
                    029_P4P6_WT_nobc_0mMMgMRTpH83_conc0_rep1 at                 
                    examples/all_mutcounts/mut_count/mut_count___cfg-3faaefa/art
                    ifacts/029_P4P6_WT_nobc_0mMMgMRTpH83_conc0_rep1/029_P4P6_WT_
                    nobc_0mMMgMRTpH83_conc0_rep1_029_P4P6_WT_nobc_0mMMgMRTpH83_c
                    onc0_rep1_profile.txt                                       
           INFO     Inserted probe_fmod_run for sample ID 1088 (Run ID: 472)    
           INFO     Inserted probe_fmod_run 472 for sample                      
                    029_P4P6_WT_nobc_0mMMgMRTpH83_conc0_rep1                    
           INFO     Bulk inserted 212 fmod_vals records.                        
           INFO     Inserted 212 probe_fmod_values records for                  
                    029_P4P6_WT_nobc_0mMMgMRTpH83_conc0_rep1 (modrate).         
           INFO     Bulk inserted 212 fmod_vals records.                        
           INFO     Inserted 212 probe_fmod_values records for                  
                    029_P4P6_WT_nobc_0mMMgMRTpH83_conc0_rep1 (GAmodrate).       
           INFO     Wrote per-read histogram for                                
                    029_P4P6_WT_nobc_0mMMgMRTpH83_conc0_rep1 (Modified) to      
                    examples/all_mutcounts/mut_count/mut_count___cfg-3faaefa/art
                    ifacts/029_P4P6_WT_nobc_0mMMgMRTpH83_conc0_rep1/per_read_his
                    togram.txt                                                  
           INFO     Wrote per-read histogram for                                
                    029_P4P6_WT_nobc_0mMMgMRTpH83_conc0_rep1 (GA) to            
                    examples/all_mutcounts/mut_count/mut_count___cfg-3faaefa/art
                    ifacts/029_P4P6_WT_nobc_0mMMgMRTpH83_conc0_rep1/per_read_his
                    togram.txtga                                                
           INFO     Found ShapeMapper profile for                               
                    030_P4P6_WT_nobc_0mMMgMRTpH83_conc0p75_rep1 at              
                    examples/all_mutcounts/mut_count/mut_count___cfg-3faaefa/art
                    ifacts/030_P4P6_WT_nobc_0mMMgMRTpH83_conc0p75_rep1/030_P4P6_
                    WT_nobc_0mMMgMRTpH83_conc0p75_rep1_030_P4P6_WT_nobc_0mMMgMRT
                    pH83_conc0p75_rep1_profile.txt                              
           INFO     Inserted probe_fmod_run for sample ID 1089 (Run ID: 473)    
           INFO     Inserted probe_fmod_run 473 for sample                      
                    030_P4P6_WT_nobc_0mMMgMRTpH83_conc0p75_rep1                 
           INFO     Bulk inserted 212 fmod_vals records.                        
           INFO     Inserted 212 probe_fmod_values records for                  
                    030_P4P6_WT_nobc_0mMMgMRTpH83_conc0p75_rep1 (modrate).      
           INFO     Bulk inserted 212 fmod_vals records.                        
           INFO     Inserted 212 probe_fmod_values records for                  
                    030_P4P6_WT_nobc_0mMMgMRTpH83_conc0p75_rep1 (GAmodrate).    
           INFO     Wrote per-read histogram for                                
                    030_P4P6_WT_nobc_0mMMgMRTpH83_conc0p75_rep1 (Modified) to   
                    examples/all_mutcounts/mut_count/mut_count___cfg-3faaefa/art
                    ifacts/030_P4P6_WT_nobc_0mMMgMRTpH83_conc0p75_rep1/per_read_
                    histogram.txt                                               
           INFO     Wrote per-read histogram for                                
                    030_P4P6_WT_nobc_0mMMgMRTpH83_conc0p75_rep1 (GA) to         
                    examples/all_mutcounts/mut_count/mut_count___cfg-3faaefa/art
                    ifacts/030_P4P6_WT_nobc_0mMMgMRTpH83_conc0p75_rep1/per_read_
                    histogram.txtga                                             
           INFO     Found ShapeMapper profile for                               
                    031_P4P6_WT_nobc_0mMMgMRTpH83_conc1p5_rep1 at               
                    examples/all_mutcounts/mut_count/mut_count___cfg-3faaefa/art
                    ifacts/031_P4P6_WT_nobc_0mMMgMRTpH83_conc1p5_rep1/031_P4P6_W
                    T_nobc_0mMMgMRTpH83_conc1p5_rep1_031_P4P6_WT_nobc_0mMMgMRTpH
                    83_conc1p5_rep1_profile.txt                                 
           INFO     Inserted probe_fmod_run for sample ID 1090 (Run ID: 474)    
           INFO     Inserted probe_fmod_run 474 for sample                      
                    031_P4P6_WT_nobc_0mMMgMRTpH83_conc1p5_rep1                  
           INFO     Bulk inserted 212 fmod_vals records.                        
           INFO     Inserted 212 probe_fmod_values records for                  
                    031_P4P6_WT_nobc_0mMMgMRTpH83_conc1p5_rep1 (modrate).       
           INFO     Bulk inserted 212 fmod_vals records.                        
           INFO     Inserted 212 probe_fmod_values records for                  
                    031_P4P6_WT_nobc_0mMMgMRTpH83_conc1p5_rep1 (GAmodrate).     
           INFO     Wrote per-read histogram for                                
                    031_P4P6_WT_nobc_0mMMgMRTpH83_conc1p5_rep1 (Modified) to    
                    examples/all_mutcounts/mut_count/mut_count___cfg-3faaefa/art
                    ifacts/031_P4P6_WT_nobc_0mMMgMRTpH83_conc1p5_rep1/per_read_h
                    istogram.txt                                                
           INFO     Wrote per-read histogram for                                
                    031_P4P6_WT_nobc_0mMMgMRTpH83_conc1p5_rep1 (GA) to          
                    examples/all_mutcounts/mut_count/mut_count___cfg-3faaefa/art
                    ifacts/031_P4P6_WT_nobc_0mMMgMRTpH83_conc1p5_rep1/per_read_h
                    istogram.txtga                                              
           INFO     Found ShapeMapper profile for                               
                    032_P4P6_WT_nobc_0mMMgMRTpH83_conc3_rep1 at                 
                    examples/all_mutcounts/mut_count/mut_count___cfg-3faaefa/art
                    ifacts/032_P4P6_WT_nobc_0mMMgMRTpH83_conc3_rep1/032_P4P6_WT_
                    nobc_0mMMgMRTpH83_conc3_rep1_032_P4P6_WT_nobc_0mMMgMRTpH83_c
                    onc3_rep1_profile.txt                                       
           INFO     Inserted probe_fmod_run for sample ID 1091 (Run ID: 475)    
           INFO     Inserted probe_fmod_run 475 for sample                      
                    032_P4P6_WT_nobc_0mMMgMRTpH83_conc3_rep1                    
           INFO     Bulk inserted 212 fmod_vals records.                        
           INFO     Inserted 212 probe_fmod_values records for                  
                    032_P4P6_WT_nobc_0mMMgMRTpH83_conc3_rep1 (modrate).         
           INFO     Bulk inserted 212 fmod_vals records.                        
           INFO     Inserted 212 probe_fmod_values records for                  
                    032_P4P6_WT_nobc_0mMMgMRTpH83_conc3_rep1 (GAmodrate).       
           INFO     Wrote per-read histogram for                                
                    032_P4P6_WT_nobc_0mMMgMRTpH83_conc3_rep1 (Modified) to      
                    examples/all_mutcounts/mut_count/mut_count___cfg-3faaefa/art
                    ifacts/032_P4P6_WT_nobc_0mMMgMRTpH83_conc3_rep1/per_read_his
                    togram.txt                                                  
           INFO     Wrote per-read histogram for                                
                    032_P4P6_WT_nobc_0mMMgMRTpH83_conc3_rep1 (GA) to            
                    examples/all_mutcounts/mut_count/mut_count___cfg-3faaefa/art
                    ifacts/032_P4P6_WT_nobc_0mMMgMRTpH83_conc3_rep1/per_read_his
                    togram.txtga                                                
           INFO     mut_count completed. Profiles found for 4/4 samples;        
                    ingested 4 run(s).                                          
           INFO     Finished task ID 74 with state 'completed'                  
           INFO     Task 'mut_count' (ID: 74) completed successfully.           
           INFO     Updated 'latest' symlink for task 'mut_count' to point to   
                    /gpfs/projects/b1044/Computational_Output/EKC/EKC.01_SHAPE_s
                    tandardization/EKC.01.065.refactoring_data_analysis/nerd/exa
                    mples/all_mutcounts/mut_count/mut_count___cfg-3faaefa       
