[16:55:45] INFO     Executing 'run' command for step: 'mut_count'               
[16:55:45] INFO     Database schema initialized successfully.                   
           INFO     Created run directory:                                      
                    examples/all_mutcounts/mut_count/mut_count___cfg-71d0799    
           INFO     Executing task 'mut_count' in run directory:                
                    examples/all_mutcounts/mut_count/mut_count___cfg-71d0799    
           INFO     Resolved reaction_group 52_2 to 8 sample(s).                
           INFO     Began task 'mut_count' (ID: 77) for rg:25                   
                    (cfg=71d079966d236abf1f1660cc8c1290d24cfe76429fc16abb8b5e181
                    d5249fb03)                                                  
           INFO     Starting command (backend=local) in                         
                    examples/all_mutcounts/mut_count/mut_count___cfg-71d0799    
           INFO     Executing command locally. Log file:                        
                    examples/all_mutcounts/mut_count/mut_count___cfg-71d0799/com
                    mand.log                                                    
[17:00:28] INFO     Command finished with exit code: 0                          
           INFO     Logged attempt #1 for task ID 77 (Attempt ID: 59)           
           INFO     Command completed successfully. Consuming outputs.          
           INFO     Found ShapeMapper profile for 085-EKC-WT-50c-b-1-p at       
                    examples/all_mutcounts/mut_count/mut_count___cfg-71d0799/art
                    ifacts/085-EKC-WT-50c-b-1-p/085-EKC-WT-50c-b-1-p_085-EKC-WT-
                    50c-b-1-p_profile.txt                                       
           INFO     Inserted probe_fmod_run for sample ID 390 (Run ID: 491)     
           INFO     Inserted probe_fmod_run 491 for sample 085-EKC-WT-50c-b-1-p 
           INFO     Bulk inserted 80 fmod_vals records.                         
           INFO     Inserted 80 probe_fmod_values records for                   
                    085-EKC-WT-50c-b-1-p (modrate).                             
           INFO     Bulk inserted 80 fmod_vals records.                         
           INFO     Inserted 80 probe_fmod_values records for                   
                    085-EKC-WT-50c-b-1-p (GAmodrate).                           
           INFO     Wrote per-read histogram for 085-EKC-WT-50c-b-1-p (Modified)
                    to                                                          
                    examples/all_mutcounts/mut_count/mut_count___cfg-71d0799/art
                    ifacts/085-EKC-WT-50c-b-1-p/per_read_histogram.txt          
           INFO     Wrote per-read histogram for 085-EKC-WT-50c-b-1-p (GA) to   
                    examples/all_mutcounts/mut_count/mut_count___cfg-71d0799/art
                    ifacts/085-EKC-WT-50c-b-1-p/per_read_histogram.txtga        
           INFO     Found ShapeMapper profile for 038-EKC-WT-52c-b-6-m at       
                    examples/all_mutcounts/mut_count/mut_count___cfg-71d0799/art
                    ifacts/038-EKC-WT-52c-b-6-m/038-EKC-WT-52c-b-6-m_038-EKC-WT-
                    52c-b-6-m_profile.txt                                       
           INFO     Inserted probe_fmod_run for sample ID 343 (Run ID: 492)     
           INFO     Inserted probe_fmod_run 492 for sample 038-EKC-WT-52c-b-6-m 
           INFO     Bulk inserted 80 fmod_vals records.                         
           INFO     Inserted 80 probe_fmod_values records for                   
                    038-EKC-WT-52c-b-6-m (modrate).                             
           INFO     Bulk inserted 80 fmod_vals records.                         
           INFO     Inserted 80 probe_fmod_values records for                   
                    038-EKC-WT-52c-b-6-m (GAmodrate).                           
           INFO     Wrote per-read histogram for 038-EKC-WT-52c-b-6-m (Modified)
                    to                                                          
                    examples/all_mutcounts/mut_count/mut_count___cfg-71d0799/art
                    ifacts/038-EKC-WT-52c-b-6-m/per_read_histogram.txt          
           INFO     Wrote per-read histogram for 038-EKC-WT-52c-b-6-m (GA) to   
                    examples/all_mutcounts/mut_count/mut_count___cfg-71d0799/art
                    ifacts/038-EKC-WT-52c-b-6-m/per_read_histogram.txtga        
           INFO     Found ShapeMapper profile for 086-EKC-WT-50c-b-2-p at       
                    examples/all_mutcounts/mut_count/mut_count___cfg-71d0799/art
                    ifacts/086-EKC-WT-50c-b-2-p/086-EKC-WT-50c-b-2-p_086-EKC-WT-
                    50c-b-2-p_profile.txt                                       
           INFO     Inserted probe_fmod_run for sample ID 391 (Run ID: 493)     
           INFO     Inserted probe_fmod_run 493 for sample 086-EKC-WT-50c-b-2-p 
           INFO     Bulk inserted 80 fmod_vals records.                         
           INFO     Inserted 80 probe_fmod_values records for                   
                    086-EKC-WT-50c-b-2-p (modrate).                             
           INFO     Bulk inserted 80 fmod_vals records.                         
           INFO     Inserted 80 probe_fmod_values records for                   
                    086-EKC-WT-50c-b-2-p (GAmodrate).                           
           INFO     Wrote per-read histogram for 086-EKC-WT-50c-b-2-p (Modified)
                    to                                                          
                    examples/all_mutcounts/mut_count/mut_count___cfg-71d0799/art
                    ifacts/086-EKC-WT-50c-b-2-p/per_read_histogram.txt          
           INFO     Wrote per-read histogram for 086-EKC-WT-50c-b-2-p (GA) to   
                    examples/all_mutcounts/mut_count/mut_count___cfg-71d0799/art
                    ifacts/086-EKC-WT-50c-b-2-p/per_read_histogram.txtga        
           INFO     Found ShapeMapper profile for 087-EKC-WT-50c-b-3-p at       
                    examples/all_mutcounts/mut_count/mut_count___cfg-71d0799/art
                    ifacts/087-EKC-WT-50c-b-3-p/087-EKC-WT-50c-b-3-p_087-EKC-WT-
                    50c-b-3-p_profile.txt                                       
           INFO     Inserted probe_fmod_run for sample ID 392 (Run ID: 494)     
           INFO     Inserted probe_fmod_run 494 for sample 087-EKC-WT-50c-b-3-p 
           INFO     Bulk inserted 80 fmod_vals records.                         
           INFO     Inserted 80 probe_fmod_values records for                   
                    087-EKC-WT-50c-b-3-p (modrate).                             
           INFO     Bulk inserted 80 fmod_vals records.                         
           INFO     Inserted 80 probe_fmod_values records for                   
                    087-EKC-WT-50c-b-3-p (GAmodrate).                           
           INFO     Wrote per-read histogram for 087-EKC-WT-50c-b-3-p (Modified)
                    to                                                          
                    examples/all_mutcounts/mut_count/mut_count___cfg-71d0799/art
                    ifacts/087-EKC-WT-50c-b-3-p/per_read_histogram.txt          
           INFO     Wrote per-read histogram for 087-EKC-WT-50c-b-3-p (GA) to   
                    examples/all_mutcounts/mut_count/mut_count___cfg-71d0799/art
                    ifacts/087-EKC-WT-50c-b-3-p/per_read_histogram.txtga        
           INFO     Found ShapeMapper profile for 088-EKC-WT-50c-b-4-p at       
                    examples/all_mutcounts/mut_count/mut_count___cfg-71d0799/art
                    ifacts/088-EKC-WT-50c-b-4-p/088-EKC-WT-50c-b-4-p_088-EKC-WT-
                    50c-b-4-p_profile.txt                                       
           INFO     Inserted probe_fmod_run for sample ID 393 (Run ID: 495)     
           INFO     Inserted probe_fmod_run 495 for sample 088-EKC-WT-50c-b-4-p 
           INFO     Bulk inserted 80 fmod_vals records.                         
           INFO     Inserted 80 probe_fmod_values records for                   
                    088-EKC-WT-50c-b-4-p (modrate).                             
           INFO     Bulk inserted 80 fmod_vals records.                         
           INFO     Inserted 80 probe_fmod_values records for                   
                    088-EKC-WT-50c-b-4-p (GAmodrate).                           
           INFO     Wrote per-read histogram for 088-EKC-WT-50c-b-4-p (Modified)
                    to                                                          
                    examples/all_mutcounts/mut_count/mut_count___cfg-71d0799/art
                    ifacts/088-EKC-WT-50c-b-4-p/per_read_histogram.txt          
           INFO     Wrote per-read histogram for 088-EKC-WT-50c-b-4-p (GA) to   
                    examples/all_mutcounts/mut_count/mut_count___cfg-71d0799/art
                    ifacts/088-EKC-WT-50c-b-4-p/per_read_histogram.txtga        
           INFO     Found ShapeMapper profile for 089-EKC-WT-50c-b-5-p at       
                    examples/all_mutcounts/mut_count/mut_count___cfg-71d0799/art
                    ifacts/089-EKC-WT-50c-b-5-p/089-EKC-WT-50c-b-5-p_089-EKC-WT-
                    50c-b-5-p_profile.txt                                       
           INFO     Inserted probe_fmod_run for sample ID 394 (Run ID: 496)     
           INFO     Inserted probe_fmod_run 496 for sample 089-EKC-WT-50c-b-5-p 
           INFO     Bulk inserted 80 fmod_vals records.                         
           INFO     Inserted 80 probe_fmod_values records for                   
                    089-EKC-WT-50c-b-5-p (modrate).                             
           INFO     Bulk inserted 80 fmod_vals records.                         
           INFO     Inserted 80 probe_fmod_values records for                   
                    089-EKC-WT-50c-b-5-p (GAmodrate).                           
           INFO     Wrote per-read histogram for 089-EKC-WT-50c-b-5-p (Modified)
                    to                                                          
                    examples/all_mutcounts/mut_count/mut_count___cfg-71d0799/art
                    ifacts/089-EKC-WT-50c-b-5-p/per_read_histogram.txt          
           INFO     Wrote per-read histogram for 089-EKC-WT-50c-b-5-p (GA) to   
                    examples/all_mutcounts/mut_count/mut_count___cfg-71d0799/art
                    ifacts/089-EKC-WT-50c-b-5-p/per_read_histogram.txtga        
           INFO     Found ShapeMapper profile for 035-EKC-WT-52c-b-6-m at       
                    examples/all_mutcounts/mut_count/mut_count___cfg-71d0799/art
                    ifacts/035-EKC-WT-52c-b-6-m/035-EKC-WT-52c-b-6-m_035-EKC-WT-
                    52c-b-6-m_profile.txt                                       
           INFO     Inserted probe_fmod_run for sample ID 340 (Run ID: 497)     
           INFO     Inserted probe_fmod_run 497 for sample 035-EKC-WT-52c-b-6-m 
           INFO     Bulk inserted 80 fmod_vals records.                         
           INFO     Inserted 80 probe_fmod_values records for                   
                    035-EKC-WT-52c-b-6-m (modrate).                             
           INFO     Bulk inserted 80 fmod_vals records.                         
           INFO     Inserted 80 probe_fmod_values records for                   
                    035-EKC-WT-52c-b-6-m (GAmodrate).                           
           INFO     Wrote per-read histogram for 035-EKC-WT-52c-b-6-m (Modified)
                    to                                                          
                    examples/all_mutcounts/mut_count/mut_count___cfg-71d0799/art
                    ifacts/035-EKC-WT-52c-b-6-m/per_read_histogram.txt          
           INFO     Wrote per-read histogram for 035-EKC-WT-52c-b-6-m (GA) to   
                    examples/all_mutcounts/mut_count/mut_count___cfg-71d0799/art
                    ifacts/035-EKC-WT-52c-b-6-m/per_read_histogram.txtga        
           WARNING  No ShapeMapper profile found for 090-EKC-WT-50c-b-6-p under 
                    examples/all_mutcounts/mut_count/mut_count___cfg-71d0799/art
                    ifacts/090-EKC-WT-50c-b-6-p                                 
           INFO     No txt files present under                                  
                    examples/all_mutcounts/mut_count/mut_count___cfg-71d0799/art
                    ifacts/090-EKC-WT-50c-b-6-p                                 
[17:00:29] INFO     mut_count completed. Profiles found for 7/8 samples;        
                    ingested 7 run(s).                                          
           INFO     Finished task ID 77 with state 'completed'                  
           INFO     Task 'mut_count' (ID: 77) completed successfully.           
           INFO     Updated 'latest' symlink for task 'mut_count' to point to   
                    /gpfs/projects/b1044/Computational_Output/EKC/EKC.01_SHAPE_s
                    tandardization/EKC.01.065.refactoring_data_analysis/nerd/exa
                    mples/all_mutcounts/mut_count/mut_count___cfg-71d0799       
