[13:45:33] INFO     Executing 'run' command for step: 'mut_count'               
[13:45:33] INFO     Database schema initialized successfully.                   
           INFO     Created run directory:                                      
                    examples/all_mutcounts/mut_count/mut_count___cfg-72db031    
           INFO     Executing task 'mut_count' in run directory:                
                    examples/all_mutcounts/mut_count/mut_count___cfg-72db031    
           INFO     Resolved reaction_group 1 to 7 sample(s).                   
           INFO     Began task 'mut_count' (ID: 7) for rg:123                   
                    (cfg=72db03137cd8357aff1a44ba22f48e945607ce6aa3881a6173d603c
                    42f7e7456)                                                  
           INFO     Starting command (backend=local) in                         
                    examples/all_mutcounts/mut_count/mut_count___cfg-72db031    
           INFO     Executing command locally. Log file:                        
                    examples/all_mutcounts/mut_count/mut_count___cfg-72db031/com
                    mand.log                                                    
[13:49:57] INFO     Command finished with exit code: 0                          
           INFO     Logged attempt #1 for task ID 7 (Attempt ID: 2)             
           INFO     Command completed successfully. Consuming outputs.          
           INFO     Found ShapeMapper profile for                               
                    001_P4P6_WT_nobc_0mMMg_MRTpH83_tp1_p at                     
                    examples/all_mutcounts/mut_count/mut_count___cfg-72db031/art
                    ifacts/001_P4P6_WT_nobc_0mMMg_MRTpH83_tp1_p/001_P4P6_WT_nobc
                    _0mMMg_MRTpH83_tp1_p_001_P4P6_WT_nobc_0mMMg_MRTpH83_tp1_p_pr
                    ofile.txt                                                   
           INFO     Inserted probe_fmod_run for sample ID 1060 (Run ID: 8)      
           INFO     Inserted probe_fmod_run 8 for sample                        
                    001_P4P6_WT_nobc_0mMMg_MRTpH83_tp1_p                        
           INFO     Bulk inserted 212 fmod_vals records.                        
           INFO     Inserted 212 probe_fmod_values records for                  
                    001_P4P6_WT_nobc_0mMMg_MRTpH83_tp1_p (modrate).             
           INFO     Bulk inserted 212 fmod_vals records.                        
           INFO     Inserted 212 probe_fmod_values records for                  
                    001_P4P6_WT_nobc_0mMMg_MRTpH83_tp1_p (GAmodrate).           
           INFO     Wrote per-read histogram for                                
                    001_P4P6_WT_nobc_0mMMg_MRTpH83_tp1_p (Modified) to          
                    examples/all_mutcounts/mut_count/mut_count___cfg-72db031/art
                    ifacts/001_P4P6_WT_nobc_0mMMg_MRTpH83_tp1_p/per_read_histogr
                    am.txt                                                      
           INFO     Wrote per-read histogram for                                
                    001_P4P6_WT_nobc_0mMMg_MRTpH83_tp1_p (GA) to                
                    examples/all_mutcounts/mut_count/mut_count___cfg-72db031/art
                    ifacts/001_P4P6_WT_nobc_0mMMg_MRTpH83_tp1_p/per_read_histogr
                    am.txtga                                                    
           INFO     Found ShapeMapper profile for                               
                    002_P4P6_WT_nobc_0mMMgMRTpH83_tp2_p at                      
                    examples/all_mutcounts/mut_count/mut_count___cfg-72db031/art
                    ifacts/002_P4P6_WT_nobc_0mMMgMRTpH83_tp2_p/002_P4P6_WT_nobc_
                    0mMMgMRTpH83_tp2_p_002_P4P6_WT_nobc_0mMMgMRTpH83_tp2_p_profi
                    le.txt                                                      
           INFO     Inserted probe_fmod_run for sample ID 1061 (Run ID: 9)      
           INFO     Inserted probe_fmod_run 9 for sample                        
                    002_P4P6_WT_nobc_0mMMgMRTpH83_tp2_p                         
           INFO     Bulk inserted 212 fmod_vals records.                        
           INFO     Inserted 212 probe_fmod_values records for                  
                    002_P4P6_WT_nobc_0mMMgMRTpH83_tp2_p (modrate).              
           INFO     Bulk inserted 212 fmod_vals records.                        
           INFO     Inserted 212 probe_fmod_values records for                  
                    002_P4P6_WT_nobc_0mMMgMRTpH83_tp2_p (GAmodrate).            
           INFO     Wrote per-read histogram for                                
                    002_P4P6_WT_nobc_0mMMgMRTpH83_tp2_p (Modified) to           
                    examples/all_mutcounts/mut_count/mut_count___cfg-72db031/art
                    ifacts/002_P4P6_WT_nobc_0mMMgMRTpH83_tp2_p/per_read_histogra
                    m.txt                                                       
           INFO     Wrote per-read histogram for                                
                    002_P4P6_WT_nobc_0mMMgMRTpH83_tp2_p (GA) to                 
                    examples/all_mutcounts/mut_count/mut_count___cfg-72db031/art
                    ifacts/002_P4P6_WT_nobc_0mMMgMRTpH83_tp2_p/per_read_histogra
                    m.txtga                                                     
           INFO     Found ShapeMapper profile for                               
                    003_P4P6_WT_nobc_0mMMgMRTpH83_tp3_p at                      
                    examples/all_mutcounts/mut_count/mut_count___cfg-72db031/art
                    ifacts/003_P4P6_WT_nobc_0mMMgMRTpH83_tp3_p/003_P4P6_WT_nobc_
                    0mMMgMRTpH83_tp3_p_003_P4P6_WT_nobc_0mMMgMRTpH83_tp3_p_profi
                    le.txt                                                      
           INFO     Inserted probe_fmod_run for sample ID 1062 (Run ID: 10)     
           INFO     Inserted probe_fmod_run 10 for sample                       
                    003_P4P6_WT_nobc_0mMMgMRTpH83_tp3_p                         
           INFO     Bulk inserted 212 fmod_vals records.                        
           INFO     Inserted 212 probe_fmod_values records for                  
                    003_P4P6_WT_nobc_0mMMgMRTpH83_tp3_p (modrate).              
           INFO     Bulk inserted 212 fmod_vals records.                        
           INFO     Inserted 212 probe_fmod_values records for                  
                    003_P4P6_WT_nobc_0mMMgMRTpH83_tp3_p (GAmodrate).            
           INFO     Wrote per-read histogram for                                
                    003_P4P6_WT_nobc_0mMMgMRTpH83_tp3_p (Modified) to           
                    examples/all_mutcounts/mut_count/mut_count___cfg-72db031/art
                    ifacts/003_P4P6_WT_nobc_0mMMgMRTpH83_tp3_p/per_read_histogra
                    m.txt                                                       
           INFO     Wrote per-read histogram for                                
                    003_P4P6_WT_nobc_0mMMgMRTpH83_tp3_p (GA) to                 
                    examples/all_mutcounts/mut_count/mut_count___cfg-72db031/art
                    ifacts/003_P4P6_WT_nobc_0mMMgMRTpH83_tp3_p/per_read_histogra
                    m.txtga                                                     
           INFO     Found ShapeMapper profile for                               
                    004_P4P6_WT_nobc_0mMMgMRTpH83_tp4_p at                      
                    examples/all_mutcounts/mut_count/mut_count___cfg-72db031/art
                    ifacts/004_P4P6_WT_nobc_0mMMgMRTpH83_tp4_p/004_P4P6_WT_nobc_
                    0mMMgMRTpH83_tp4_p_004_P4P6_WT_nobc_0mMMgMRTpH83_tp4_p_profi
                    le.txt                                                      
           INFO     Inserted probe_fmod_run for sample ID 1063 (Run ID: 11)     
           INFO     Inserted probe_fmod_run 11 for sample                       
                    004_P4P6_WT_nobc_0mMMgMRTpH83_tp4_p                         
           INFO     Bulk inserted 212 fmod_vals records.                        
           INFO     Inserted 212 probe_fmod_values records for                  
                    004_P4P6_WT_nobc_0mMMgMRTpH83_tp4_p (modrate).              
           INFO     Bulk inserted 212 fmod_vals records.                        
           INFO     Inserted 212 probe_fmod_values records for                  
                    004_P4P6_WT_nobc_0mMMgMRTpH83_tp4_p (GAmodrate).            
           INFO     Wrote per-read histogram for                                
                    004_P4P6_WT_nobc_0mMMgMRTpH83_tp4_p (Modified) to           
                    examples/all_mutcounts/mut_count/mut_count___cfg-72db031/art
                    ifacts/004_P4P6_WT_nobc_0mMMgMRTpH83_tp4_p/per_read_histogra
                    m.txt                                                       
           INFO     Wrote per-read histogram for                                
                    004_P4P6_WT_nobc_0mMMgMRTpH83_tp4_p (GA) to                 
                    examples/all_mutcounts/mut_count/mut_count___cfg-72db031/art
                    ifacts/004_P4P6_WT_nobc_0mMMgMRTpH83_tp4_p/per_read_histogra
                    m.txtga                                                     
           INFO     Found ShapeMapper profile for                               
                    005_P4P6_WT_nobc_0mMMgMRTpH83_tp5_p at                      
                    examples/all_mutcounts/mut_count/mut_count___cfg-72db031/art
                    ifacts/005_P4P6_WT_nobc_0mMMgMRTpH83_tp5_p/005_P4P6_WT_nobc_
                    0mMMgMRTpH83_tp5_p_005_P4P6_WT_nobc_0mMMgMRTpH83_tp5_p_profi
                    le.txt                                                      
           INFO     Inserted probe_fmod_run for sample ID 1064 (Run ID: 12)     
           INFO     Inserted probe_fmod_run 12 for sample                       
                    005_P4P6_WT_nobc_0mMMgMRTpH83_tp5_p                         
           INFO     Bulk inserted 212 fmod_vals records.                        
           INFO     Inserted 212 probe_fmod_values records for                  
                    005_P4P6_WT_nobc_0mMMgMRTpH83_tp5_p (modrate).              
           INFO     Bulk inserted 212 fmod_vals records.                        
           INFO     Inserted 212 probe_fmod_values records for                  
                    005_P4P6_WT_nobc_0mMMgMRTpH83_tp5_p (GAmodrate).            
           INFO     Wrote per-read histogram for                                
                    005_P4P6_WT_nobc_0mMMgMRTpH83_tp5_p (Modified) to           
                    examples/all_mutcounts/mut_count/mut_count___cfg-72db031/art
                    ifacts/005_P4P6_WT_nobc_0mMMgMRTpH83_tp5_p/per_read_histogra
                    m.txt                                                       
           INFO     Wrote per-read histogram for                                
                    005_P4P6_WT_nobc_0mMMgMRTpH83_tp5_p (GA) to                 
                    examples/all_mutcounts/mut_count/mut_count___cfg-72db031/art
                    ifacts/005_P4P6_WT_nobc_0mMMgMRTpH83_tp5_p/per_read_histogra
                    m.txtga                                                     
           INFO     Found ShapeMapper profile for                               
                    006_P4P6_WT_nobc_0mMMgMRTpH83_tp6_p at                      
                    examples/all_mutcounts/mut_count/mut_count___cfg-72db031/art
                    ifacts/006_P4P6_WT_nobc_0mMMgMRTpH83_tp6_p/006_P4P6_WT_nobc_
                    0mMMgMRTpH83_tp6_p_006_P4P6_WT_nobc_0mMMgMRTpH83_tp6_p_profi
                    le.txt                                                      
           INFO     Inserted probe_fmod_run for sample ID 1065 (Run ID: 13)     
           INFO     Inserted probe_fmod_run 13 for sample                       
                    006_P4P6_WT_nobc_0mMMgMRTpH83_tp6_p                         
           INFO     Bulk inserted 212 fmod_vals records.                        
           INFO     Inserted 212 probe_fmod_values records for                  
                    006_P4P6_WT_nobc_0mMMgMRTpH83_tp6_p (modrate).              
           INFO     Bulk inserted 212 fmod_vals records.                        
           INFO     Inserted 212 probe_fmod_values records for                  
                    006_P4P6_WT_nobc_0mMMgMRTpH83_tp6_p (GAmodrate).            
           INFO     Wrote per-read histogram for                                
                    006_P4P6_WT_nobc_0mMMgMRTpH83_tp6_p (Modified) to           
                    examples/all_mutcounts/mut_count/mut_count___cfg-72db031/art
                    ifacts/006_P4P6_WT_nobc_0mMMgMRTpH83_tp6_p/per_read_histogra
                    m.txt                                                       
           INFO     Wrote per-read histogram for                                
                    006_P4P6_WT_nobc_0mMMgMRTpH83_tp6_p (GA) to                 
                    examples/all_mutcounts/mut_count/mut_count___cfg-72db031/art
                    ifacts/006_P4P6_WT_nobc_0mMMgMRTpH83_tp6_p/per_read_histogra
                    m.txtga                                                     
           INFO     Found ShapeMapper profile for                               
                    007_P4P6_WT_nobc_0mMMgMRTpH83_tp6_m at                      
                    examples/all_mutcounts/mut_count/mut_count___cfg-72db031/art
                    ifacts/007_P4P6_WT_nobc_0mMMgMRTpH83_tp6_m/007_P4P6_WT_nobc_
                    0mMMgMRTpH83_tp6_m_007_P4P6_WT_nobc_0mMMgMRTpH83_tp6_m_profi
                    le.txt                                                      
           INFO     Inserted probe_fmod_run for sample ID 1066 (Run ID: 14)     
           INFO     Inserted probe_fmod_run 14 for sample                       
                    007_P4P6_WT_nobc_0mMMgMRTpH83_tp6_m                         
           INFO     Bulk inserted 212 fmod_vals records.                        
           INFO     Inserted 212 probe_fmod_values records for                  
                    007_P4P6_WT_nobc_0mMMgMRTpH83_tp6_m (modrate).              
           INFO     Bulk inserted 212 fmod_vals records.                        
           INFO     Inserted 212 probe_fmod_values records for                  
                    007_P4P6_WT_nobc_0mMMgMRTpH83_tp6_m (GAmodrate).            
           INFO     Wrote per-read histogram for                                
                    007_P4P6_WT_nobc_0mMMgMRTpH83_tp6_m (Modified) to           
                    examples/all_mutcounts/mut_count/mut_count___cfg-72db031/art
                    ifacts/007_P4P6_WT_nobc_0mMMgMRTpH83_tp6_m/per_read_histogra
                    m.txt                                                       
           INFO     Wrote per-read histogram for                                
                    007_P4P6_WT_nobc_0mMMgMRTpH83_tp6_m (GA) to                 
                    examples/all_mutcounts/mut_count/mut_count___cfg-72db031/art
                    ifacts/007_P4P6_WT_nobc_0mMMgMRTpH83_tp6_m/per_read_histogra
                    m.txtga                                                     
           INFO     mut_count completed. Profiles found for 7/7 samples;        
                    ingested 7 run(s).                                          
           INFO     Finished task ID 7 with state 'completed'                   
           INFO     Task 'mut_count' (ID: 7) completed successfully.            
           INFO     Updated 'latest' symlink for task 'mut_count' to point to   
                    /gpfs/projects/b1044/Computational_Output/EKC/EKC.01_SHAPE_s
                    tandardization/EKC.01.065.refactoring_data_analysis/nerd/exa
                    mples/all_mutcounts/mut_count/mut_count___cfg-72db031       
