[13:55:16] INFO     Executing 'run' command for step: 'mut_count'               
[13:55:16] INFO     Database schema initialized successfully.                   
           INFO     Created run directory:                                      
                    examples/all_mutcounts/mut_count/mut_count___cfg-f613aa2    
           INFO     Executing task 'mut_count' in run directory:                
                    examples/all_mutcounts/mut_count/mut_count___cfg-f613aa2    
           INFO     Resolved reaction_group 15_2 to 7 sample(s).                
           INFO     Began task 'mut_count' (ID: 17) for rg:54                   
                    (cfg=f613aa2186e5614a8946cce46d517301ceaf18cdeaa387c88240f8b
                    cc666f9e4)                                                  
           INFO     Starting command (backend=local) in                         
                    examples/all_mutcounts/mut_count/mut_count___cfg-f613aa2    
           INFO     Executing command locally. Log file:                        
                    examples/all_mutcounts/mut_count/mut_count___cfg-f613aa2/com
                    mand.log                                                    
[14:10:34] INFO     Command finished with exit code: 0                          
           INFO     Logged attempt #1 for task ID 17 (Attempt ID: 11)           
           INFO     Command completed successfully. Consuming outputs.          
           INFO     Found ShapeMapper profile for 067-fourU-WT-15c-b-1-p at     
                    examples/all_mutcounts/mut_count/mut_count___cfg-f613aa2/art
                    ifacts/067-fourU-WT-15c-b-1-p/067-fourU-WT-15c-b-1-p_067-fou
                    rU-WT-15c-b-1-p_profile.txt                                 
           INFO     Inserted probe_fmod_run for sample ID 558 (Run ID: 65)      
           INFO     Inserted probe_fmod_run 65 for sample 067-fourU-WT-15c-b-1-p
           INFO     Bulk inserted 80 fmod_vals records.                         
           INFO     Inserted 80 probe_fmod_values records for                   
                    067-fourU-WT-15c-b-1-p (modrate).                           
           INFO     Bulk inserted 80 fmod_vals records.                         
           INFO     Inserted 80 probe_fmod_values records for                   
                    067-fourU-WT-15c-b-1-p (GAmodrate).                         
           INFO     Wrote per-read histogram for 067-fourU-WT-15c-b-1-p         
                    (Modified) to                                               
                    examples/all_mutcounts/mut_count/mut_count___cfg-f613aa2/art
                    ifacts/067-fourU-WT-15c-b-1-p/per_read_histogram.txt        
           INFO     Wrote per-read histogram for 067-fourU-WT-15c-b-1-p (GA) to 
                    examples/all_mutcounts/mut_count/mut_count___cfg-f613aa2/art
                    ifacts/067-fourU-WT-15c-b-1-p/per_read_histogram.txtga      
           INFO     Found ShapeMapper profile for 068-fourU-WT-15c-b-2-p at     
                    examples/all_mutcounts/mut_count/mut_count___cfg-f613aa2/art
                    ifacts/068-fourU-WT-15c-b-2-p/068-fourU-WT-15c-b-2-p_068-fou
                    rU-WT-15c-b-2-p_profile.txt                                 
           INFO     Inserted probe_fmod_run for sample ID 559 (Run ID: 66)      
           INFO     Inserted probe_fmod_run 66 for sample 068-fourU-WT-15c-b-2-p
           INFO     Bulk inserted 80 fmod_vals records.                         
           INFO     Inserted 80 probe_fmod_values records for                   
                    068-fourU-WT-15c-b-2-p (modrate).                           
           INFO     Bulk inserted 80 fmod_vals records.                         
           INFO     Inserted 80 probe_fmod_values records for                   
                    068-fourU-WT-15c-b-2-p (GAmodrate).                         
           INFO     Wrote per-read histogram for 068-fourU-WT-15c-b-2-p         
                    (Modified) to                                               
                    examples/all_mutcounts/mut_count/mut_count___cfg-f613aa2/art
                    ifacts/068-fourU-WT-15c-b-2-p/per_read_histogram.txt        
           INFO     Wrote per-read histogram for 068-fourU-WT-15c-b-2-p (GA) to 
                    examples/all_mutcounts/mut_count/mut_count___cfg-f613aa2/art
                    ifacts/068-fourU-WT-15c-b-2-p/per_read_histogram.txtga      
           INFO     Found ShapeMapper profile for 069-fourU-WT-15c-b-3-p at     
                    examples/all_mutcounts/mut_count/mut_count___cfg-f613aa2/art
                    ifacts/069-fourU-WT-15c-b-3-p/069-fourU-WT-15c-b-3-p_069-fou
                    rU-WT-15c-b-3-p_profile.txt                                 
           INFO     Inserted probe_fmod_run for sample ID 560 (Run ID: 67)      
           INFO     Inserted probe_fmod_run 67 for sample 069-fourU-WT-15c-b-3-p
           INFO     Bulk inserted 80 fmod_vals records.                         
           INFO     Inserted 80 probe_fmod_values records for                   
                    069-fourU-WT-15c-b-3-p (modrate).                           
           INFO     Bulk inserted 80 fmod_vals records.                         
           INFO     Inserted 80 probe_fmod_values records for                   
                    069-fourU-WT-15c-b-3-p (GAmodrate).                         
           INFO     Wrote per-read histogram for 069-fourU-WT-15c-b-3-p         
                    (Modified) to                                               
                    examples/all_mutcounts/mut_count/mut_count___cfg-f613aa2/art
                    ifacts/069-fourU-WT-15c-b-3-p/per_read_histogram.txt        
           INFO     Wrote per-read histogram for 069-fourU-WT-15c-b-3-p (GA) to 
                    examples/all_mutcounts/mut_count/mut_count___cfg-f613aa2/art
                    ifacts/069-fourU-WT-15c-b-3-p/per_read_histogram.txtga      
           INFO     Found ShapeMapper profile for 070-fourU-WT-15c-b-4-p at     
                    examples/all_mutcounts/mut_count/mut_count___cfg-f613aa2/art
                    ifacts/070-fourU-WT-15c-b-4-p/070-fourU-WT-15c-b-4-p_070-fou
                    rU-WT-15c-b-4-p_profile.txt                                 
           INFO     Inserted probe_fmod_run for sample ID 561 (Run ID: 68)      
           INFO     Inserted probe_fmod_run 68 for sample 070-fourU-WT-15c-b-4-p
           INFO     Bulk inserted 80 fmod_vals records.                         
           INFO     Inserted 80 probe_fmod_values records for                   
                    070-fourU-WT-15c-b-4-p (modrate).                           
           INFO     Bulk inserted 80 fmod_vals records.                         
           INFO     Inserted 80 probe_fmod_values records for                   
                    070-fourU-WT-15c-b-4-p (GAmodrate).                         
           INFO     Wrote per-read histogram for 070-fourU-WT-15c-b-4-p         
                    (Modified) to                                               
                    examples/all_mutcounts/mut_count/mut_count___cfg-f613aa2/art
                    ifacts/070-fourU-WT-15c-b-4-p/per_read_histogram.txt        
           INFO     Wrote per-read histogram for 070-fourU-WT-15c-b-4-p (GA) to 
                    examples/all_mutcounts/mut_count/mut_count___cfg-f613aa2/art
                    ifacts/070-fourU-WT-15c-b-4-p/per_read_histogram.txtga      
           INFO     Found ShapeMapper profile for 071-fourU-WT-15c-b-5-p at     
                    examples/all_mutcounts/mut_count/mut_count___cfg-f613aa2/art
                    ifacts/071-fourU-WT-15c-b-5-p/071-fourU-WT-15c-b-5-p_071-fou
                    rU-WT-15c-b-5-p_profile.txt                                 
           INFO     Inserted probe_fmod_run for sample ID 562 (Run ID: 69)      
           INFO     Inserted probe_fmod_run 69 for sample 071-fourU-WT-15c-b-5-p
           INFO     Bulk inserted 80 fmod_vals records.                         
           INFO     Inserted 80 probe_fmod_values records for                   
                    071-fourU-WT-15c-b-5-p (modrate).                           
           INFO     Bulk inserted 80 fmod_vals records.                         
           INFO     Inserted 80 probe_fmod_values records for                   
                    071-fourU-WT-15c-b-5-p (GAmodrate).                         
           INFO     Wrote per-read histogram for 071-fourU-WT-15c-b-5-p         
                    (Modified) to                                               
                    examples/all_mutcounts/mut_count/mut_count___cfg-f613aa2/art
                    ifacts/071-fourU-WT-15c-b-5-p/per_read_histogram.txt        
           INFO     Wrote per-read histogram for 071-fourU-WT-15c-b-5-p (GA) to 
                    examples/all_mutcounts/mut_count/mut_count___cfg-f613aa2/art
                    ifacts/071-fourU-WT-15c-b-5-p/per_read_histogram.txtga      
           INFO     Found ShapeMapper profile for 071_fourU_WT15c_b_6_m at      
                    examples/all_mutcounts/mut_count/mut_count___cfg-f613aa2/art
                    ifacts/071_fourU_WT15c_b_6_m/071_fourU_WT15c_b_6_m_071_fourU
                    _WT15c_b_6_m_profile.txt                                    
           INFO     Inserted probe_fmod_run for sample ID 754 (Run ID: 70)      
           INFO     Inserted probe_fmod_run 70 for sample 071_fourU_WT15c_b_6_m 
           INFO     Bulk inserted 80 fmod_vals records.                         
           INFO     Inserted 80 probe_fmod_values records for                   
                    071_fourU_WT15c_b_6_m (modrate).                            
           INFO     Bulk inserted 80 fmod_vals records.                         
           INFO     Inserted 80 probe_fmod_values records for                   
                    071_fourU_WT15c_b_6_m (GAmodrate).                          
           INFO     Wrote per-read histogram for 071_fourU_WT15c_b_6_m          
                    (Modified) to                                               
                    examples/all_mutcounts/mut_count/mut_count___cfg-f613aa2/art
                    ifacts/071_fourU_WT15c_b_6_m/per_read_histogram.txt         
           INFO     Wrote per-read histogram for 071_fourU_WT15c_b_6_m (GA) to  
                    examples/all_mutcounts/mut_count/mut_count___cfg-f613aa2/art
                    ifacts/071_fourU_WT15c_b_6_m/per_read_histogram.txtga       
           INFO     Found ShapeMapper profile for 072-fourU-WT-15c-b-6-p at     
                    examples/all_mutcounts/mut_count/mut_count___cfg-f613aa2/art
                    ifacts/072-fourU-WT-15c-b-6-p/072-fourU-WT-15c-b-6-p_072-fou
                    rU-WT-15c-b-6-p_profile.txt                                 
           INFO     Inserted probe_fmod_run for sample ID 563 (Run ID: 71)      
           INFO     Inserted probe_fmod_run 71 for sample 072-fourU-WT-15c-b-6-p
           INFO     Bulk inserted 80 fmod_vals records.                         
           INFO     Inserted 80 probe_fmod_values records for                   
                    072-fourU-WT-15c-b-6-p (modrate).                           
           INFO     Bulk inserted 80 fmod_vals records.                         
           INFO     Inserted 80 probe_fmod_values records for                   
                    072-fourU-WT-15c-b-6-p (GAmodrate).                         
           INFO     Wrote per-read histogram for 072-fourU-WT-15c-b-6-p         
                    (Modified) to                                               
                    examples/all_mutcounts/mut_count/mut_count___cfg-f613aa2/art
                    ifacts/072-fourU-WT-15c-b-6-p/per_read_histogram.txt        
           INFO     Wrote per-read histogram for 072-fourU-WT-15c-b-6-p (GA) to 
                    examples/all_mutcounts/mut_count/mut_count___cfg-f613aa2/art
                    ifacts/072-fourU-WT-15c-b-6-p/per_read_histogram.txtga      
           INFO     mut_count completed. Profiles found for 7/7 samples;        
                    ingested 7 run(s).                                          
           INFO     Finished task ID 17 with state 'completed'                  
           INFO     Task 'mut_count' (ID: 17) completed successfully.           
           INFO     Updated 'latest' symlink for task 'mut_count' to point to   
                    /gpfs/projects/b1044/Computational_Output/EKC/EKC.01_SHAPE_s
                    tandardization/EKC.01.065.refactoring_data_analysis/nerd/exa
                    mples/all_mutcounts/mut_count/mut_count___cfg-f613aa2       
