[17:49:26] INFO     Executing 'run' command for step: 'mut_count'               
[17:49:26] INFO     Database schema initialized successfully.                   
           INFO     Created run directory:                                      
                    examples/all_mutcounts/mut_count/mut_count___cfg-d809226    
           INFO     Executing task 'mut_count' in run directory:                
                    examples/all_mutcounts/mut_count/mut_count___cfg-d809226    
           INFO     Resolved reaction_group 75_2_11 to 7 sample(s).             
           INFO     Began task 'mut_count' (ID: 111) for rg:112                 
                    (cfg=d809226c644ea10c31d6f0b660c32985f871073eef8ab48a57dbf7f
                    93c31506e)                                                  
           INFO     Starting command (backend=local) in                         
                    examples/all_mutcounts/mut_count/mut_count___cfg-d809226    
           INFO     Executing command locally. Log file:                        
                    examples/all_mutcounts/mut_count/mut_count___cfg-d809226/com
                    mand.log                                                    
[17:53:13] INFO     Command finished with exit code: 0                          
           INFO     Logged attempt #1 for task ID 111 (Attempt ID: 101)         
           INFO     Command completed successfully. Consuming outputs.          
           INFO     Found ShapeMapper profile for 079-HIV-A35G-75c-b-1-p at     
                    examples/all_mutcounts/mut_count/mut_count___cfg-d809226/art
                    ifacts/079-HIV-A35G-75c-b-1-p/079-HIV-A35G-75c-b-1-p_079-HIV
                    -A35G-75c-b-1-p_profile.txt                                 
           INFO     Inserted probe_fmod_run for sample ID 954 (Run ID: 800)     
           INFO     Inserted probe_fmod_run 800 for sample                      
                    079-HIV-A35G-75c-b-1-p                                      
           INFO     Bulk inserted 74 fmod_vals records.                         
           INFO     Inserted 74 probe_fmod_values records for                   
                    079-HIV-A35G-75c-b-1-p (modrate).                           
           INFO     Bulk inserted 74 fmod_vals records.                         
           INFO     Inserted 74 probe_fmod_values records for                   
                    079-HIV-A35G-75c-b-1-p (GAmodrate).                         
           INFO     Wrote per-read histogram for 079-HIV-A35G-75c-b-1-p         
                    (Modified) to                                               
                    examples/all_mutcounts/mut_count/mut_count___cfg-d809226/art
                    ifacts/079-HIV-A35G-75c-b-1-p/per_read_histogram.txt        
           INFO     Wrote per-read histogram for 079-HIV-A35G-75c-b-1-p (GA) to 
                    examples/all_mutcounts/mut_count/mut_count___cfg-d809226/art
                    ifacts/079-HIV-A35G-75c-b-1-p/per_read_histogram.txtga      
           INFO     Found ShapeMapper profile for 080-HIV-A35G-75c-b-2-p at     
                    examples/all_mutcounts/mut_count/mut_count___cfg-d809226/art
                    ifacts/080-HIV-A35G-75c-b-2-p/080-HIV-A35G-75c-b-2-p_080-HIV
                    -A35G-75c-b-2-p_profile.txt                                 
           INFO     Inserted probe_fmod_run for sample ID 955 (Run ID: 801)     
           INFO     Inserted probe_fmod_run 801 for sample                      
                    080-HIV-A35G-75c-b-2-p                                      
           INFO     Bulk inserted 74 fmod_vals records.                         
           INFO     Inserted 74 probe_fmod_values records for                   
                    080-HIV-A35G-75c-b-2-p (modrate).                           
           INFO     Bulk inserted 74 fmod_vals records.                         
           INFO     Inserted 74 probe_fmod_values records for                   
                    080-HIV-A35G-75c-b-2-p (GAmodrate).                         
           INFO     Wrote per-read histogram for 080-HIV-A35G-75c-b-2-p         
                    (Modified) to                                               
                    examples/all_mutcounts/mut_count/mut_count___cfg-d809226/art
                    ifacts/080-HIV-A35G-75c-b-2-p/per_read_histogram.txt        
           INFO     Wrote per-read histogram for 080-HIV-A35G-75c-b-2-p (GA) to 
                    examples/all_mutcounts/mut_count/mut_count___cfg-d809226/art
                    ifacts/080-HIV-A35G-75c-b-2-p/per_read_histogram.txtga      
           INFO     Found ShapeMapper profile for 081-HIV-A35G-75c-b-3-p at     
                    examples/all_mutcounts/mut_count/mut_count___cfg-d809226/art
                    ifacts/081-HIV-A35G-75c-b-3-p/081-HIV-A35G-75c-b-3-p_081-HIV
                    -A35G-75c-b-3-p_profile.txt                                 
           INFO     Inserted probe_fmod_run for sample ID 956 (Run ID: 802)     
           INFO     Inserted probe_fmod_run 802 for sample                      
                    081-HIV-A35G-75c-b-3-p                                      
           INFO     Bulk inserted 74 fmod_vals records.                         
           INFO     Inserted 74 probe_fmod_values records for                   
                    081-HIV-A35G-75c-b-3-p (modrate).                           
           INFO     Bulk inserted 74 fmod_vals records.                         
           INFO     Inserted 74 probe_fmod_values records for                   
                    081-HIV-A35G-75c-b-3-p (GAmodrate).                         
           INFO     Wrote per-read histogram for 081-HIV-A35G-75c-b-3-p         
                    (Modified) to                                               
                    examples/all_mutcounts/mut_count/mut_count___cfg-d809226/art
                    ifacts/081-HIV-A35G-75c-b-3-p/per_read_histogram.txt        
           INFO     Wrote per-read histogram for 081-HIV-A35G-75c-b-3-p (GA) to 
                    examples/all_mutcounts/mut_count/mut_count___cfg-d809226/art
                    ifacts/081-HIV-A35G-75c-b-3-p/per_read_histogram.txtga      
           INFO     Found ShapeMapper profile for 082-HIV-A35G-75c-b-4-p at     
                    examples/all_mutcounts/mut_count/mut_count___cfg-d809226/art
                    ifacts/082-HIV-A35G-75c-b-4-p/082-HIV-A35G-75c-b-4-p_082-HIV
                    -A35G-75c-b-4-p_profile.txt                                 
           INFO     Inserted probe_fmod_run for sample ID 957 (Run ID: 803)     
           INFO     Inserted probe_fmod_run 803 for sample                      
                    082-HIV-A35G-75c-b-4-p                                      
           INFO     Bulk inserted 74 fmod_vals records.                         
           INFO     Inserted 74 probe_fmod_values records for                   
                    082-HIV-A35G-75c-b-4-p (modrate).                           
           INFO     Bulk inserted 74 fmod_vals records.                         
           INFO     Inserted 74 probe_fmod_values records for                   
                    082-HIV-A35G-75c-b-4-p (GAmodrate).                         
           INFO     Wrote per-read histogram for 082-HIV-A35G-75c-b-4-p         
                    (Modified) to                                               
                    examples/all_mutcounts/mut_count/mut_count___cfg-d809226/art
                    ifacts/082-HIV-A35G-75c-b-4-p/per_read_histogram.txt        
           INFO     Wrote per-read histogram for 082-HIV-A35G-75c-b-4-p (GA) to 
                    examples/all_mutcounts/mut_count/mut_count___cfg-d809226/art
                    ifacts/082-HIV-A35G-75c-b-4-p/per_read_histogram.txtga      
           INFO     Found ShapeMapper profile for 083-HIV-A35G-75c-b-5-p at     
                    examples/all_mutcounts/mut_count/mut_count___cfg-d809226/art
                    ifacts/083-HIV-A35G-75c-b-5-p/083-HIV-A35G-75c-b-5-p_083-HIV
                    -A35G-75c-b-5-p_profile.txt                                 
           INFO     Inserted probe_fmod_run for sample ID 958 (Run ID: 804)     
           INFO     Inserted probe_fmod_run 804 for sample                      
                    083-HIV-A35G-75c-b-5-p                                      
           INFO     Bulk inserted 74 fmod_vals records.                         
           INFO     Inserted 74 probe_fmod_values records for                   
                    083-HIV-A35G-75c-b-5-p (modrate).                           
           INFO     Bulk inserted 74 fmod_vals records.                         
           INFO     Inserted 74 probe_fmod_values records for                   
                    083-HIV-A35G-75c-b-5-p (GAmodrate).                         
           INFO     Wrote per-read histogram for 083-HIV-A35G-75c-b-5-p         
                    (Modified) to                                               
                    examples/all_mutcounts/mut_count/mut_count___cfg-d809226/art
                    ifacts/083-HIV-A35G-75c-b-5-p/per_read_histogram.txt        
           INFO     Wrote per-read histogram for 083-HIV-A35G-75c-b-5-p (GA) to 
                    examples/all_mutcounts/mut_count/mut_count___cfg-d809226/art
                    ifacts/083-HIV-A35G-75c-b-5-p/per_read_histogram.txtga      
           INFO     Found ShapeMapper profile for 078-HIV-A35G-75c-b-6-m at     
                    examples/all_mutcounts/mut_count/mut_count___cfg-d809226/art
                    ifacts/078-HIV-A35G-75c-b-6-m/078-HIV-A35G-75c-b-6-m_078-HIV
                    -A35G-75c-b-6-m_profile.txt                                 
           INFO     Inserted probe_fmod_run for sample ID 1049 (Run ID: 805)    
           INFO     Inserted probe_fmod_run 805 for sample                      
                    078-HIV-A35G-75c-b-6-m                                      
           INFO     Bulk inserted 74 fmod_vals records.                         
           INFO     Inserted 74 probe_fmod_values records for                   
                    078-HIV-A35G-75c-b-6-m (modrate).                           
           INFO     Bulk inserted 74 fmod_vals records.                         
           INFO     Inserted 74 probe_fmod_values records for                   
                    078-HIV-A35G-75c-b-6-m (GAmodrate).                         
           INFO     Wrote per-read histogram for 078-HIV-A35G-75c-b-6-m         
                    (Modified) to                                               
                    examples/all_mutcounts/mut_count/mut_count___cfg-d809226/art
                    ifacts/078-HIV-A35G-75c-b-6-m/per_read_histogram.txt        
           INFO     Wrote per-read histogram for 078-HIV-A35G-75c-b-6-m (GA) to 
                    examples/all_mutcounts/mut_count/mut_count___cfg-d809226/art
                    ifacts/078-HIV-A35G-75c-b-6-m/per_read_histogram.txtga      
           INFO     Found ShapeMapper profile for 084-HIV-A35G-75c-b-6-p at     
                    examples/all_mutcounts/mut_count/mut_count___cfg-d809226/art
                    ifacts/084-HIV-A35G-75c-b-6-p/084-HIV-A35G-75c-b-6-p_084-HIV
                    -A35G-75c-b-6-p_profile.txt                                 
           INFO     Inserted probe_fmod_run for sample ID 959 (Run ID: 806)     
           INFO     Inserted probe_fmod_run 806 for sample                      
                    084-HIV-A35G-75c-b-6-p                                      
           INFO     Bulk inserted 74 fmod_vals records.                         
           INFO     Inserted 74 probe_fmod_values records for                   
                    084-HIV-A35G-75c-b-6-p (modrate).                           
           INFO     Bulk inserted 74 fmod_vals records.                         
           INFO     Inserted 74 probe_fmod_values records for                   
                    084-HIV-A35G-75c-b-6-p (GAmodrate).                         
           INFO     Wrote per-read histogram for 084-HIV-A35G-75c-b-6-p         
                    (Modified) to                                               
                    examples/all_mutcounts/mut_count/mut_count___cfg-d809226/art
                    ifacts/084-HIV-A35G-75c-b-6-p/per_read_histogram.txt        
           INFO     Wrote per-read histogram for 084-HIV-A35G-75c-b-6-p (GA) to 
                    examples/all_mutcounts/mut_count/mut_count___cfg-d809226/art
                    ifacts/084-HIV-A35G-75c-b-6-p/per_read_histogram.txtga      
           INFO     mut_count completed. Profiles found for 7/7 samples;        
                    ingested 7 run(s).                                          
           INFO     Finished task ID 111 with state 'completed'                 
           INFO     Task 'mut_count' (ID: 111) completed successfully.          
           INFO     Updated 'latest' symlink for task 'mut_count' to point to   
                    /gpfs/projects/b1044/Computational_Output/EKC/EKC.01_SHAPE_s
                    tandardization/EKC.01.065.refactoring_data_analysis/nerd/exa
                    mples/all_mutcounts/mut_count/mut_count___cfg-d809226       
