[16:16:56] INFO     Executing 'run' command for step: 'mut_count'               
[16:16:56] INFO     Database schema initialized successfully.                   
           INFO     Created run directory:                                      
                    examples/all_mutcounts/mut_count/mut_count___cfg-cb5a00e    
           INFO     Executing task 'mut_count' in run directory:                
                    examples/all_mutcounts/mut_count/mut_count___cfg-cb5a00e    
           INFO     Resolved reaction_group 45_3_A8C to 7 sample(s).            
           INFO     Began task 'mut_count' (ID: 70) for rg:68                   
                    (cfg=cb5a00ef7b4d442176c929d92b0e11cec3e95f6918b5ab04e95d4db
                    903a189ca)                                                  
           INFO     Starting command (backend=local) in                         
                    examples/all_mutcounts/mut_count/mut_count___cfg-cb5a00e    
           INFO     Executing command locally. Log file:                        
                    examples/all_mutcounts/mut_count/mut_count___cfg-cb5a00e/com
                    mand.log                                                    
[17:52:25] INFO     Command finished with exit code: 0                          
           INFO     Logged attempt #1 for task ID 70 (Attempt ID: 100)          
           INFO     Command completed successfully. Consuming outputs.          
           INFO     Found ShapeMapper profile for 055_fourU_A8C_45c_a_1_p at    
                    examples/all_mutcounts/mut_count/mut_count___cfg-cb5a00e/art
                    ifacts/055_fourU_A8C_45c_a_1_p/055_fourU_A8C_45c_a_1_p_055_f
                    ourU_A8C_45c_a_1_p_profile.txt                              
           INFO     Inserted probe_fmod_run for sample ID 642 (Run ID: 793)     
           INFO     Inserted probe_fmod_run 793 for sample                      
                    055_fourU_A8C_45c_a_1_p                                     
           INFO     Bulk inserted 80 fmod_vals records.                         
           INFO     Inserted 80 probe_fmod_values records for                   
                    055_fourU_A8C_45c_a_1_p (modrate).                          
           INFO     Bulk inserted 80 fmod_vals records.                         
           INFO     Inserted 80 probe_fmod_values records for                   
                    055_fourU_A8C_45c_a_1_p (GAmodrate).                        
           INFO     Wrote per-read histogram for 055_fourU_A8C_45c_a_1_p        
                    (Modified) to                                               
                    examples/all_mutcounts/mut_count/mut_count___cfg-cb5a00e/art
                    ifacts/055_fourU_A8C_45c_a_1_p/per_read_histogram.txt       
           INFO     Wrote per-read histogram for 055_fourU_A8C_45c_a_1_p (GA) to
                    examples/all_mutcounts/mut_count/mut_count___cfg-cb5a00e/art
                    ifacts/055_fourU_A8C_45c_a_1_p/per_read_histogram.txtga     
           INFO     Found ShapeMapper profile for 056_fourU_A8C_45c_a_2_p at    
                    examples/all_mutcounts/mut_count/mut_count___cfg-cb5a00e/art
                    ifacts/056_fourU_A8C_45c_a_2_p/056_fourU_A8C_45c_a_2_p_056_f
                    ourU_A8C_45c_a_2_p_profile.txt                              
           INFO     Inserted probe_fmod_run for sample ID 643 (Run ID: 794)     
           INFO     Inserted probe_fmod_run 794 for sample                      
                    056_fourU_A8C_45c_a_2_p                                     
           INFO     Bulk inserted 80 fmod_vals records.                         
           INFO     Inserted 80 probe_fmod_values records for                   
                    056_fourU_A8C_45c_a_2_p (modrate).                          
           INFO     Bulk inserted 80 fmod_vals records.                         
           INFO     Inserted 80 probe_fmod_values records for                   
                    056_fourU_A8C_45c_a_2_p (GAmodrate).                        
           INFO     Wrote per-read histogram for 056_fourU_A8C_45c_a_2_p        
                    (Modified) to                                               
                    examples/all_mutcounts/mut_count/mut_count___cfg-cb5a00e/art
                    ifacts/056_fourU_A8C_45c_a_2_p/per_read_histogram.txt       
           INFO     Wrote per-read histogram for 056_fourU_A8C_45c_a_2_p (GA) to
                    examples/all_mutcounts/mut_count/mut_count___cfg-cb5a00e/art
                    ifacts/056_fourU_A8C_45c_a_2_p/per_read_histogram.txtga     
           INFO     Found ShapeMapper profile for 057_fourU_A8C_45c_a_3_p at    
                    examples/all_mutcounts/mut_count/mut_count___cfg-cb5a00e/art
                    ifacts/057_fourU_A8C_45c_a_3_p/057_fourU_A8C_45c_a_3_p_057_f
                    ourU_A8C_45c_a_3_p_profile.txt                              
           INFO     Inserted probe_fmod_run for sample ID 644 (Run ID: 795)     
           INFO     Inserted probe_fmod_run 795 for sample                      
                    057_fourU_A8C_45c_a_3_p                                     
           INFO     Bulk inserted 80 fmod_vals records.                         
           INFO     Inserted 80 probe_fmod_values records for                   
                    057_fourU_A8C_45c_a_3_p (modrate).                          
           INFO     Bulk inserted 80 fmod_vals records.                         
           INFO     Inserted 80 probe_fmod_values records for                   
                    057_fourU_A8C_45c_a_3_p (GAmodrate).                        
           INFO     Wrote per-read histogram for 057_fourU_A8C_45c_a_3_p        
                    (Modified) to                                               
                    examples/all_mutcounts/mut_count/mut_count___cfg-cb5a00e/art
                    ifacts/057_fourU_A8C_45c_a_3_p/per_read_histogram.txt       
           INFO     Wrote per-read histogram for 057_fourU_A8C_45c_a_3_p (GA) to
                    examples/all_mutcounts/mut_count/mut_count___cfg-cb5a00e/art
                    ifacts/057_fourU_A8C_45c_a_3_p/per_read_histogram.txtga     
           INFO     Found ShapeMapper profile for 058_fourU_A8C_45c_a_4_p at    
                    examples/all_mutcounts/mut_count/mut_count___cfg-cb5a00e/art
                    ifacts/058_fourU_A8C_45c_a_4_p/058_fourU_A8C_45c_a_4_p_058_f
                    ourU_A8C_45c_a_4_p_profile.txt                              
           INFO     Inserted probe_fmod_run for sample ID 645 (Run ID: 796)     
           INFO     Inserted probe_fmod_run 796 for sample                      
                    058_fourU_A8C_45c_a_4_p                                     
           INFO     Bulk inserted 80 fmod_vals records.                         
           INFO     Inserted 80 probe_fmod_values records for                   
                    058_fourU_A8C_45c_a_4_p (modrate).                          
           INFO     Bulk inserted 80 fmod_vals records.                         
           INFO     Inserted 80 probe_fmod_values records for                   
                    058_fourU_A8C_45c_a_4_p (GAmodrate).                        
           INFO     Wrote per-read histogram for 058_fourU_A8C_45c_a_4_p        
                    (Modified) to                                               
                    examples/all_mutcounts/mut_count/mut_count___cfg-cb5a00e/art
                    ifacts/058_fourU_A8C_45c_a_4_p/per_read_histogram.txt       
           INFO     Wrote per-read histogram for 058_fourU_A8C_45c_a_4_p (GA) to
                    examples/all_mutcounts/mut_count/mut_count___cfg-cb5a00e/art
                    ifacts/058_fourU_A8C_45c_a_4_p/per_read_histogram.txtga     
[17:52:26] INFO     Found ShapeMapper profile for 059_fourU_A8C_45c_a_5_p at    
                    examples/all_mutcounts/mut_count/mut_count___cfg-cb5a00e/art
                    ifacts/059_fourU_A8C_45c_a_5_p/059_fourU_A8C_45c_a_5_p_059_f
                    ourU_A8C_45c_a_5_p_profile.txt                              
           INFO     Inserted probe_fmod_run for sample ID 646 (Run ID: 797)     
           INFO     Inserted probe_fmod_run 797 for sample                      
                    059_fourU_A8C_45c_a_5_p                                     
           INFO     Bulk inserted 80 fmod_vals records.                         
           INFO     Inserted 80 probe_fmod_values records for                   
                    059_fourU_A8C_45c_a_5_p (modrate).                          
           INFO     Bulk inserted 80 fmod_vals records.                         
           INFO     Inserted 80 probe_fmod_values records for                   
                    059_fourU_A8C_45c_a_5_p (GAmodrate).                        
           INFO     Wrote per-read histogram for 059_fourU_A8C_45c_a_5_p        
                    (Modified) to                                               
                    examples/all_mutcounts/mut_count/mut_count___cfg-cb5a00e/art
                    ifacts/059_fourU_A8C_45c_a_5_p/per_read_histogram.txt       
           INFO     Wrote per-read histogram for 059_fourU_A8C_45c_a_5_p (GA) to
                    examples/all_mutcounts/mut_count/mut_count___cfg-cb5a00e/art
                    ifacts/059_fourU_A8C_45c_a_5_p/per_read_histogram.txtga     
           INFO     Found ShapeMapper profile for 060_fourU_A8C_45c_a_6_p at    
                    examples/all_mutcounts/mut_count/mut_count___cfg-cb5a00e/art
                    ifacts/060_fourU_A8C_45c_a_6_p/060_fourU_A8C_45c_a_6_p_060_f
                    ourU_A8C_45c_a_6_p_profile.txt                              
           INFO     Inserted probe_fmod_run for sample ID 647 (Run ID: 798)     
           INFO     Inserted probe_fmod_run 798 for sample                      
                    060_fourU_A8C_45c_a_6_p                                     
           INFO     Bulk inserted 80 fmod_vals records.                         
           INFO     Inserted 80 probe_fmod_values records for                   
                    060_fourU_A8C_45c_a_6_p (modrate).                          
           INFO     Bulk inserted 80 fmod_vals records.                         
           INFO     Inserted 80 probe_fmod_values records for                   
                    060_fourU_A8C_45c_a_6_p (GAmodrate).                        
           INFO     Wrote per-read histogram for 060_fourU_A8C_45c_a_6_p        
                    (Modified) to                                               
                    examples/all_mutcounts/mut_count/mut_count___cfg-cb5a00e/art
                    ifacts/060_fourU_A8C_45c_a_6_p/per_read_histogram.txt       
           INFO     Wrote per-read histogram for 060_fourU_A8C_45c_a_6_p (GA) to
                    examples/all_mutcounts/mut_count/mut_count___cfg-cb5a00e/art
                    ifacts/060_fourU_A8C_45c_a_6_p/per_read_histogram.txtga     
           INFO     Found ShapeMapper profile for 075_fourU_A8C45c_a_6_m at     
                    examples/all_mutcounts/mut_count/mut_count___cfg-cb5a00e/art
                    ifacts/075_fourU_A8C45c_a_6_m/075_fourU_A8C45c_a_6_m_075_fou
                    rU_A8C45c_a_6_m_profile.txt                                 
           INFO     Inserted probe_fmod_run for sample ID 758 (Run ID: 799)     
           INFO     Inserted probe_fmod_run 799 for sample                      
                    075_fourU_A8C45c_a_6_m                                      
           INFO     Bulk inserted 80 fmod_vals records.                         
           INFO     Inserted 80 probe_fmod_values records for                   
                    075_fourU_A8C45c_a_6_m (modrate).                           
           INFO     Bulk inserted 80 fmod_vals records.                         
           INFO     Inserted 80 probe_fmod_values records for                   
                    075_fourU_A8C45c_a_6_m (GAmodrate).                         
           INFO     Wrote per-read histogram for 075_fourU_A8C45c_a_6_m         
                    (Modified) to                                               
                    examples/all_mutcounts/mut_count/mut_count___cfg-cb5a00e/art
                    ifacts/075_fourU_A8C45c_a_6_m/per_read_histogram.txt        
           INFO     Wrote per-read histogram for 075_fourU_A8C45c_a_6_m (GA) to 
                    examples/all_mutcounts/mut_count/mut_count___cfg-cb5a00e/art
                    ifacts/075_fourU_A8C45c_a_6_m/per_read_histogram.txtga      
           INFO     mut_count completed. Profiles found for 7/7 samples;        
                    ingested 7 run(s).                                          
           INFO     Finished task ID 70 with state 'completed'                  
           INFO     Task 'mut_count' (ID: 70) completed successfully.           
           INFO     Updated 'latest' symlink for task 'mut_count' to point to   
                    /gpfs/projects/b1044/Computational_Output/EKC/EKC.01_SHAPE_s
                    tandardization/EKC.01.065.refactoring_data_analysis/nerd/exa
                    mples/all_mutcounts/mut_count/mut_count___cfg-cb5a00e       
