[17:50:21] INFO     Executing 'run' command for step: 'mut_count'               
[17:50:21] INFO     Database schema initialized successfully.                   
           INFO     Created run directory:                                      
                    examples/all_mutcounts/mut_count/mut_count___cfg-e149228    
           INFO     Executing task 'mut_count' in run directory:                
                    examples/all_mutcounts/mut_count/mut_count___cfg-e149228    
           INFO     Resolved reaction_group 75_2_14 to 7 sample(s).             
           INFO     Began task 'mut_count' (ID: 114) for rg:96                  
                    (cfg=e14922813d2dde8cd93fd111914f6a4694ea5435646d725d796fc07
                    5b5ced73d)                                                  
           INFO     Starting command (backend=local) in                         
                    examples/all_mutcounts/mut_count/mut_count___cfg-e149228    
           INFO     Executing command locally. Log file:                        
                    examples/all_mutcounts/mut_count/mut_count___cfg-e149228/com
                    mand.log                                                    
[17:54:20] INFO     Command finished with exit code: 0                          
           INFO     Logged attempt #1 for task ID 114 (Attempt ID: 105)         
           INFO     Command completed successfully. Consuming outputs.          
           INFO     Found ShapeMapper profile for 079-HIV-UUCG-GS-75c-b-1-p at  
                    examples/all_mutcounts/mut_count/mut_count___cfg-e149228/art
                    ifacts/079-HIV-UUCG-GS-75c-b-1-p/079-HIV-UUCG-GS-75c-b-1-p_0
                    79-HIV-UUCG-GS-75c-b-1-p_profile.txt                        
           INFO     Inserted probe_fmod_run for sample ID 858 (Run ID: 828)     
           INFO     Inserted probe_fmod_run 828 for sample                      
                    079-HIV-UUCG-GS-75c-b-1-p                                   
           INFO     Bulk inserted 72 fmod_vals records.                         
           INFO     Inserted 72 probe_fmod_values records for                   
                    079-HIV-UUCG-GS-75c-b-1-p (modrate).                        
           INFO     Bulk inserted 72 fmod_vals records.                         
           INFO     Inserted 72 probe_fmod_values records for                   
                    079-HIV-UUCG-GS-75c-b-1-p (GAmodrate).                      
           INFO     Wrote per-read histogram for 079-HIV-UUCG-GS-75c-b-1-p      
                    (Modified) to                                               
                    examples/all_mutcounts/mut_count/mut_count___cfg-e149228/art
                    ifacts/079-HIV-UUCG-GS-75c-b-1-p/per_read_histogram.txt     
           INFO     Wrote per-read histogram for 079-HIV-UUCG-GS-75c-b-1-p (GA) 
                    to                                                          
                    examples/all_mutcounts/mut_count/mut_count___cfg-e149228/art
                    ifacts/079-HIV-UUCG-GS-75c-b-1-p/per_read_histogram.txtga   
           INFO     Found ShapeMapper profile for 080-HIV-UUCG-GS-75c-b-2-p at  
                    examples/all_mutcounts/mut_count/mut_count___cfg-e149228/art
                    ifacts/080-HIV-UUCG-GS-75c-b-2-p/080-HIV-UUCG-GS-75c-b-2-p_0
                    80-HIV-UUCG-GS-75c-b-2-p_profile.txt                        
           INFO     Inserted probe_fmod_run for sample ID 859 (Run ID: 829)     
           INFO     Inserted probe_fmod_run 829 for sample                      
                    080-HIV-UUCG-GS-75c-b-2-p                                   
           INFO     Bulk inserted 72 fmod_vals records.                         
           INFO     Inserted 72 probe_fmod_values records for                   
                    080-HIV-UUCG-GS-75c-b-2-p (modrate).                        
           INFO     Bulk inserted 72 fmod_vals records.                         
           INFO     Inserted 72 probe_fmod_values records for                   
                    080-HIV-UUCG-GS-75c-b-2-p (GAmodrate).                      
           INFO     Wrote per-read histogram for 080-HIV-UUCG-GS-75c-b-2-p      
                    (Modified) to                                               
                    examples/all_mutcounts/mut_count/mut_count___cfg-e149228/art
                    ifacts/080-HIV-UUCG-GS-75c-b-2-p/per_read_histogram.txt     
           INFO     Wrote per-read histogram for 080-HIV-UUCG-GS-75c-b-2-p (GA) 
                    to                                                          
                    examples/all_mutcounts/mut_count/mut_count___cfg-e149228/art
                    ifacts/080-HIV-UUCG-GS-75c-b-2-p/per_read_histogram.txtga   
           INFO     Found ShapeMapper profile for 081-HIV-UUCG-GS-75c-b-3-p at  
                    examples/all_mutcounts/mut_count/mut_count___cfg-e149228/art
                    ifacts/081-HIV-UUCG-GS-75c-b-3-p/081-HIV-UUCG-GS-75c-b-3-p_0
                    81-HIV-UUCG-GS-75c-b-3-p_profile.txt                        
           INFO     Inserted probe_fmod_run for sample ID 860 (Run ID: 830)     
           INFO     Inserted probe_fmod_run 830 for sample                      
                    081-HIV-UUCG-GS-75c-b-3-p                                   
           INFO     Bulk inserted 72 fmod_vals records.                         
           INFO     Inserted 72 probe_fmod_values records for                   
                    081-HIV-UUCG-GS-75c-b-3-p (modrate).                        
           INFO     Bulk inserted 72 fmod_vals records.                         
           INFO     Inserted 72 probe_fmod_values records for                   
                    081-HIV-UUCG-GS-75c-b-3-p (GAmodrate).                      
           INFO     Wrote per-read histogram for 081-HIV-UUCG-GS-75c-b-3-p      
                    (Modified) to                                               
                    examples/all_mutcounts/mut_count/mut_count___cfg-e149228/art
                    ifacts/081-HIV-UUCG-GS-75c-b-3-p/per_read_histogram.txt     
           INFO     Wrote per-read histogram for 081-HIV-UUCG-GS-75c-b-3-p (GA) 
                    to                                                          
                    examples/all_mutcounts/mut_count/mut_count___cfg-e149228/art
                    ifacts/081-HIV-UUCG-GS-75c-b-3-p/per_read_histogram.txtga   
           INFO     Found ShapeMapper profile for 082-HIV-UUCG-GS-75c-b-4-p at  
                    examples/all_mutcounts/mut_count/mut_count___cfg-e149228/art
                    ifacts/082-HIV-UUCG-GS-75c-b-4-p/082-HIV-UUCG-GS-75c-b-4-p_0
                    82-HIV-UUCG-GS-75c-b-4-p_profile.txt                        
           INFO     Inserted probe_fmod_run for sample ID 861 (Run ID: 831)     
           INFO     Inserted probe_fmod_run 831 for sample                      
                    082-HIV-UUCG-GS-75c-b-4-p                                   
           INFO     Bulk inserted 72 fmod_vals records.                         
           INFO     Inserted 72 probe_fmod_values records for                   
                    082-HIV-UUCG-GS-75c-b-4-p (modrate).                        
           INFO     Bulk inserted 72 fmod_vals records.                         
           INFO     Inserted 72 probe_fmod_values records for                   
                    082-HIV-UUCG-GS-75c-b-4-p (GAmodrate).                      
           INFO     Wrote per-read histogram for 082-HIV-UUCG-GS-75c-b-4-p      
                    (Modified) to                                               
                    examples/all_mutcounts/mut_count/mut_count___cfg-e149228/art
                    ifacts/082-HIV-UUCG-GS-75c-b-4-p/per_read_histogram.txt     
           INFO     Wrote per-read histogram for 082-HIV-UUCG-GS-75c-b-4-p (GA) 
                    to                                                          
                    examples/all_mutcounts/mut_count/mut_count___cfg-e149228/art
                    ifacts/082-HIV-UUCG-GS-75c-b-4-p/per_read_histogram.txtga   
           INFO     Found ShapeMapper profile for 083-HIV-UUCG-GS-75c-b-5-p at  
                    examples/all_mutcounts/mut_count/mut_count___cfg-e149228/art
                    ifacts/083-HIV-UUCG-GS-75c-b-5-p/083-HIV-UUCG-GS-75c-b-5-p_0
                    83-HIV-UUCG-GS-75c-b-5-p_profile.txt                        
           INFO     Inserted probe_fmod_run for sample ID 862 (Run ID: 832)     
           INFO     Inserted probe_fmod_run 832 for sample                      
                    083-HIV-UUCG-GS-75c-b-5-p                                   
           INFO     Bulk inserted 72 fmod_vals records.                         
           INFO     Inserted 72 probe_fmod_values records for                   
                    083-HIV-UUCG-GS-75c-b-5-p (modrate).                        
           INFO     Bulk inserted 72 fmod_vals records.                         
           INFO     Inserted 72 probe_fmod_values records for                   
                    083-HIV-UUCG-GS-75c-b-5-p (GAmodrate).                      
           INFO     Wrote per-read histogram for 083-HIV-UUCG-GS-75c-b-5-p      
                    (Modified) to                                               
                    examples/all_mutcounts/mut_count/mut_count___cfg-e149228/art
                    ifacts/083-HIV-UUCG-GS-75c-b-5-p/per_read_histogram.txt     
           INFO     Wrote per-read histogram for 083-HIV-UUCG-GS-75c-b-5-p (GA) 
                    to                                                          
                    examples/all_mutcounts/mut_count/mut_count___cfg-e149228/art
                    ifacts/083-HIV-UUCG-GS-75c-b-5-p/per_read_histogram.txtga   
           INFO     Found ShapeMapper profile for 062-HIV-UUCG-GS-75c-b-6-m at  
                    examples/all_mutcounts/mut_count/mut_count___cfg-e149228/art
                    ifacts/062-HIV-UUCG-GS-75c-b-6-m/062-HIV-UUCG-GS-75c-b-6-m_0
                    62-HIV-UUCG-GS-75c-b-6-m_profile.txt                        
           INFO     Inserted probe_fmod_run for sample ID 1033 (Run ID: 833)    
           INFO     Inserted probe_fmod_run 833 for sample                      
                    062-HIV-UUCG-GS-75c-b-6-m                                   
           INFO     Bulk inserted 72 fmod_vals records.                         
           INFO     Inserted 72 probe_fmod_values records for                   
                    062-HIV-UUCG-GS-75c-b-6-m (modrate).                        
           INFO     Bulk inserted 72 fmod_vals records.                         
           INFO     Inserted 72 probe_fmod_values records for                   
                    062-HIV-UUCG-GS-75c-b-6-m (GAmodrate).                      
           INFO     Wrote per-read histogram for 062-HIV-UUCG-GS-75c-b-6-m      
                    (Modified) to                                               
                    examples/all_mutcounts/mut_count/mut_count___cfg-e149228/art
                    ifacts/062-HIV-UUCG-GS-75c-b-6-m/per_read_histogram.txt     
           INFO     Wrote per-read histogram for 062-HIV-UUCG-GS-75c-b-6-m (GA) 
                    to                                                          
                    examples/all_mutcounts/mut_count/mut_count___cfg-e149228/art
                    ifacts/062-HIV-UUCG-GS-75c-b-6-m/per_read_histogram.txtga   
           INFO     Found ShapeMapper profile for 084-HIV-UUCG-GS-75c-b-6-p at  
                    examples/all_mutcounts/mut_count/mut_count___cfg-e149228/art
                    ifacts/084-HIV-UUCG-GS-75c-b-6-p/084-HIV-UUCG-GS-75c-b-6-p_0
                    84-HIV-UUCG-GS-75c-b-6-p_profile.txt                        
           INFO     Inserted probe_fmod_run for sample ID 863 (Run ID: 834)     
           INFO     Inserted probe_fmod_run 834 for sample                      
                    084-HIV-UUCG-GS-75c-b-6-p                                   
           INFO     Bulk inserted 72 fmod_vals records.                         
           INFO     Inserted 72 probe_fmod_values records for                   
                    084-HIV-UUCG-GS-75c-b-6-p (modrate).                        
           INFO     Bulk inserted 72 fmod_vals records.                         
           INFO     Inserted 72 probe_fmod_values records for                   
                    084-HIV-UUCG-GS-75c-b-6-p (GAmodrate).                      
           INFO     Wrote per-read histogram for 084-HIV-UUCG-GS-75c-b-6-p      
                    (Modified) to                                               
                    examples/all_mutcounts/mut_count/mut_count___cfg-e149228/art
                    ifacts/084-HIV-UUCG-GS-75c-b-6-p/per_read_histogram.txt     
           INFO     Wrote per-read histogram for 084-HIV-UUCG-GS-75c-b-6-p (GA) 
                    to                                                          
                    examples/all_mutcounts/mut_count/mut_count___cfg-e149228/art
                    ifacts/084-HIV-UUCG-GS-75c-b-6-p/per_read_histogram.txtga   
           INFO     mut_count completed. Profiles found for 7/7 samples;        
                    ingested 7 run(s).                                          
           INFO     Finished task ID 114 with state 'completed'                 
           INFO     Task 'mut_count' (ID: 114) completed successfully.          
           INFO     Updated 'latest' symlink for task 'mut_count' to point to   
                    /gpfs/projects/b1044/Computational_Output/EKC/EKC.01_SHAPE_s
                    tandardization/EKC.01.065.refactoring_data_analysis/nerd/exa
                    mples/all_mutcounts/mut_count/mut_count___cfg-e149228       
