[15:12:45] INFO     Executing 'run' command for step: 'mut_count'               
[15:12:45] INFO     Database schema initialized successfully.                   
           INFO     Created run directory:                                      
                    examples/all_mutcounts/mut_count/mut_count___cfg-1679cb9    
           INFO     Executing task 'mut_count' in run directory:                
                    examples/all_mutcounts/mut_count/mut_count___cfg-1679cb9    
           INFO     Resolved reaction_group 30_3 to 7 sample(s).                
           INFO     Began task 'mut_count' (ID: 50) for rg:55                   
                    (cfg=1679cb9736a18749ba9982523fef0b025ba5e95f955f476adfcce49
                    8f3ec260e)                                                  
           INFO     Starting command (backend=local) in                         
                    examples/all_mutcounts/mut_count/mut_count___cfg-1679cb9    
           INFO     Executing command locally. Log file:                        
                    examples/all_mutcounts/mut_count/mut_count___cfg-1679cb9/com
                    mand.log                                                    
[15:29:40] INFO     Command finished with exit code: 0                          
           INFO     Logged attempt #1 for task ID 50 (Attempt ID: 33)           
           INFO     Command completed successfully. Consuming outputs.          
           INFO     Found ShapeMapper profile for 073-fourU-WT-30c-a-1-p at     
                    examples/all_mutcounts/mut_count/mut_count___cfg-1679cb9/art
                    ifacts/073-fourU-WT-30c-a-1-p/073-fourU-WT-30c-a-1-p_073-fou
                    rU-WT-30c-a-1-p_profile.txt                                 
           INFO     Inserted probe_fmod_run for sample ID 564 (Run ID: 243)     
           INFO     Inserted probe_fmod_run 243 for sample                      
                    073-fourU-WT-30c-a-1-p                                      
           INFO     Bulk inserted 80 fmod_vals records.                         
           INFO     Inserted 80 probe_fmod_values records for                   
                    073-fourU-WT-30c-a-1-p (modrate).                           
           INFO     Bulk inserted 80 fmod_vals records.                         
           INFO     Inserted 80 probe_fmod_values records for                   
                    073-fourU-WT-30c-a-1-p (GAmodrate).                         
           INFO     Wrote per-read histogram for 073-fourU-WT-30c-a-1-p         
                    (Modified) to                                               
                    examples/all_mutcounts/mut_count/mut_count___cfg-1679cb9/art
                    ifacts/073-fourU-WT-30c-a-1-p/per_read_histogram.txt        
           INFO     Wrote per-read histogram for 073-fourU-WT-30c-a-1-p (GA) to 
                    examples/all_mutcounts/mut_count/mut_count___cfg-1679cb9/art
                    ifacts/073-fourU-WT-30c-a-1-p/per_read_histogram.txtga      
           INFO     Found ShapeMapper profile for 074-fourU-WT-30c-a-2-p at     
                    examples/all_mutcounts/mut_count/mut_count___cfg-1679cb9/art
                    ifacts/074-fourU-WT-30c-a-2-p/074-fourU-WT-30c-a-2-p_074-fou
                    rU-WT-30c-a-2-p_profile.txt                                 
           INFO     Inserted probe_fmod_run for sample ID 565 (Run ID: 244)     
           INFO     Inserted probe_fmod_run 244 for sample                      
                    074-fourU-WT-30c-a-2-p                                      
           INFO     Bulk inserted 80 fmod_vals records.                         
           INFO     Inserted 80 probe_fmod_values records for                   
                    074-fourU-WT-30c-a-2-p (modrate).                           
           INFO     Bulk inserted 80 fmod_vals records.                         
           INFO     Inserted 80 probe_fmod_values records for                   
                    074-fourU-WT-30c-a-2-p (GAmodrate).                         
           INFO     Wrote per-read histogram for 074-fourU-WT-30c-a-2-p         
                    (Modified) to                                               
                    examples/all_mutcounts/mut_count/mut_count___cfg-1679cb9/art
                    ifacts/074-fourU-WT-30c-a-2-p/per_read_histogram.txt        
           INFO     Wrote per-read histogram for 074-fourU-WT-30c-a-2-p (GA) to 
                    examples/all_mutcounts/mut_count/mut_count___cfg-1679cb9/art
                    ifacts/074-fourU-WT-30c-a-2-p/per_read_histogram.txtga      
           INFO     Found ShapeMapper profile for 075-fourU-WT-30c-a-3-p at     
                    examples/all_mutcounts/mut_count/mut_count___cfg-1679cb9/art
                    ifacts/075-fourU-WT-30c-a-3-p/075-fourU-WT-30c-a-3-p_075-fou
                    rU-WT-30c-a-3-p_profile.txt                                 
           INFO     Inserted probe_fmod_run for sample ID 566 (Run ID: 245)     
           INFO     Inserted probe_fmod_run 245 for sample                      
                    075-fourU-WT-30c-a-3-p                                      
           INFO     Bulk inserted 80 fmod_vals records.                         
           INFO     Inserted 80 probe_fmod_values records for                   
                    075-fourU-WT-30c-a-3-p (modrate).                           
           INFO     Bulk inserted 80 fmod_vals records.                         
           INFO     Inserted 80 probe_fmod_values records for                   
                    075-fourU-WT-30c-a-3-p (GAmodrate).                         
           INFO     Wrote per-read histogram for 075-fourU-WT-30c-a-3-p         
                    (Modified) to                                               
                    examples/all_mutcounts/mut_count/mut_count___cfg-1679cb9/art
                    ifacts/075-fourU-WT-30c-a-3-p/per_read_histogram.txt        
           INFO     Wrote per-read histogram for 075-fourU-WT-30c-a-3-p (GA) to 
                    examples/all_mutcounts/mut_count/mut_count___cfg-1679cb9/art
                    ifacts/075-fourU-WT-30c-a-3-p/per_read_histogram.txtga      
           INFO     Found ShapeMapper profile for 076-fourU-WT-30c-a-4-p at     
                    examples/all_mutcounts/mut_count/mut_count___cfg-1679cb9/art
                    ifacts/076-fourU-WT-30c-a-4-p/076-fourU-WT-30c-a-4-p_076-fou
                    rU-WT-30c-a-4-p_profile.txt                                 
           INFO     Inserted probe_fmod_run for sample ID 567 (Run ID: 246)     
           INFO     Inserted probe_fmod_run 246 for sample                      
                    076-fourU-WT-30c-a-4-p                                      
           INFO     Bulk inserted 80 fmod_vals records.                         
           INFO     Inserted 80 probe_fmod_values records for                   
                    076-fourU-WT-30c-a-4-p (modrate).                           
           INFO     Bulk inserted 80 fmod_vals records.                         
           INFO     Inserted 80 probe_fmod_values records for                   
                    076-fourU-WT-30c-a-4-p (GAmodrate).                         
           INFO     Wrote per-read histogram for 076-fourU-WT-30c-a-4-p         
                    (Modified) to                                               
                    examples/all_mutcounts/mut_count/mut_count___cfg-1679cb9/art
                    ifacts/076-fourU-WT-30c-a-4-p/per_read_histogram.txt        
           INFO     Wrote per-read histogram for 076-fourU-WT-30c-a-4-p (GA) to 
                    examples/all_mutcounts/mut_count/mut_count___cfg-1679cb9/art
                    ifacts/076-fourU-WT-30c-a-4-p/per_read_histogram.txtga      
           INFO     Found ShapeMapper profile for 077-fourU-WT-30c-a-5-p at     
                    examples/all_mutcounts/mut_count/mut_count___cfg-1679cb9/art
                    ifacts/077-fourU-WT-30c-a-5-p/077-fourU-WT-30c-a-5-p_077-fou
                    rU-WT-30c-a-5-p_profile.txt                                 
           INFO     Inserted probe_fmod_run for sample ID 568 (Run ID: 247)     
           INFO     Inserted probe_fmod_run 247 for sample                      
                    077-fourU-WT-30c-a-5-p                                      
           INFO     Bulk inserted 80 fmod_vals records.                         
           INFO     Inserted 80 probe_fmod_values records for                   
                    077-fourU-WT-30c-a-5-p (modrate).                           
           INFO     Bulk inserted 80 fmod_vals records.                         
           INFO     Inserted 80 probe_fmod_values records for                   
                    077-fourU-WT-30c-a-5-p (GAmodrate).                         
           INFO     Wrote per-read histogram for 077-fourU-WT-30c-a-5-p         
                    (Modified) to                                               
                    examples/all_mutcounts/mut_count/mut_count___cfg-1679cb9/art
                    ifacts/077-fourU-WT-30c-a-5-p/per_read_histogram.txt        
           INFO     Wrote per-read histogram for 077-fourU-WT-30c-a-5-p (GA) to 
                    examples/all_mutcounts/mut_count/mut_count___cfg-1679cb9/art
                    ifacts/077-fourU-WT-30c-a-5-p/per_read_histogram.txtga      
           INFO     Found ShapeMapper profile for 077_fourU_WT30c_a_6_m at      
                    examples/all_mutcounts/mut_count/mut_count___cfg-1679cb9/art
                    ifacts/077_fourU_WT30c_a_6_m/077_fourU_WT30c_a_6_m_077_fourU
                    _WT30c_a_6_m_profile.txt                                    
           INFO     Inserted probe_fmod_run for sample ID 760 (Run ID: 248)     
           INFO     Inserted probe_fmod_run 248 for sample 077_fourU_WT30c_a_6_m
           INFO     Bulk inserted 80 fmod_vals records.                         
           INFO     Inserted 80 probe_fmod_values records for                   
                    077_fourU_WT30c_a_6_m (modrate).                            
           INFO     Bulk inserted 80 fmod_vals records.                         
           INFO     Inserted 80 probe_fmod_values records for                   
                    077_fourU_WT30c_a_6_m (GAmodrate).                          
           INFO     Wrote per-read histogram for 077_fourU_WT30c_a_6_m          
                    (Modified) to                                               
                    examples/all_mutcounts/mut_count/mut_count___cfg-1679cb9/art
                    ifacts/077_fourU_WT30c_a_6_m/per_read_histogram.txt         
           INFO     Wrote per-read histogram for 077_fourU_WT30c_a_6_m (GA) to  
                    examples/all_mutcounts/mut_count/mut_count___cfg-1679cb9/art
                    ifacts/077_fourU_WT30c_a_6_m/per_read_histogram.txtga       
           INFO     Found ShapeMapper profile for 078-fourU-WT-30c-a-6-p at     
                    examples/all_mutcounts/mut_count/mut_count___cfg-1679cb9/art
                    ifacts/078-fourU-WT-30c-a-6-p/078-fourU-WT-30c-a-6-p_078-fou
                    rU-WT-30c-a-6-p_profile.txt                                 
           INFO     Inserted probe_fmod_run for sample ID 569 (Run ID: 249)     
           INFO     Inserted probe_fmod_run 249 for sample                      
                    078-fourU-WT-30c-a-6-p                                      
           INFO     Bulk inserted 80 fmod_vals records.                         
           INFO     Inserted 80 probe_fmod_values records for                   
                    078-fourU-WT-30c-a-6-p (modrate).                           
           INFO     Bulk inserted 80 fmod_vals records.                         
           INFO     Inserted 80 probe_fmod_values records for                   
                    078-fourU-WT-30c-a-6-p (GAmodrate).                         
           INFO     Wrote per-read histogram for 078-fourU-WT-30c-a-6-p         
                    (Modified) to                                               
                    examples/all_mutcounts/mut_count/mut_count___cfg-1679cb9/art
                    ifacts/078-fourU-WT-30c-a-6-p/per_read_histogram.txt        
           INFO     Wrote per-read histogram for 078-fourU-WT-30c-a-6-p (GA) to 
                    examples/all_mutcounts/mut_count/mut_count___cfg-1679cb9/art
                    ifacts/078-fourU-WT-30c-a-6-p/per_read_histogram.txtga      
           INFO     mut_count completed. Profiles found for 7/7 samples;        
                    ingested 7 run(s).                                          
           INFO     Finished task ID 50 with state 'completed'                  
           INFO     Task 'mut_count' (ID: 50) completed successfully.           
           INFO     Updated 'latest' symlink for task 'mut_count' to point to   
                    /gpfs/projects/b1044/Computational_Output/EKC/EKC.01_SHAPE_s
                    tandardization/EKC.01.065.refactoring_data_analysis/nerd/exa
                    mples/all_mutcounts/mut_count/mut_count___cfg-1679cb9       
