[17:53:30] INFO     Executing 'run' command for step: 'mut_count'               
[17:53:30] INFO     Database schema initialized successfully.                   
           INFO     Created run directory:                                      
                    examples/all_mutcounts/mut_count/mut_count___cfg-8a273d2    
           INFO     Executing task 'mut_count' in run directory:                
                    examples/all_mutcounts/mut_count/mut_count___cfg-8a273d2    
           INFO     Resolved reaction_group 80_1_11 to 7 sample(s).             
           INFO     Began task 'mut_count' (ID: 119) for rg:113                 
                    (cfg=8a273d2acff101e279926d2a1ef8f6a26acd3f616b8b6f90a74f3be
                    4de8a1892)                                                  
           INFO     Starting command (backend=local) in                         
                    examples/all_mutcounts/mut_count/mut_count___cfg-8a273d2    
           INFO     Executing command locally. Log file:                        
                    examples/all_mutcounts/mut_count/mut_count___cfg-8a273d2/com
                    mand.log                                                    
[17:57:16] INFO     Command finished with exit code: 0                          
           INFO     Logged attempt #1 for task ID 119 (Attempt ID: 109)         
           INFO     Command completed successfully. Consuming outputs.          
           INFO     Found ShapeMapper profile for 085-HIV-A35G-80c-a-1-p at     
                    examples/all_mutcounts/mut_count/mut_count___cfg-8a273d2/art
                    ifacts/085-HIV-A35G-80c-a-1-p/085-HIV-A35G-80c-a-1-p_085-HIV
                    -A35G-80c-a-1-p_profile.txt                                 
           INFO     Inserted probe_fmod_run for sample ID 960 (Run ID: 856)     
           INFO     Inserted probe_fmod_run 856 for sample                      
                    085-HIV-A35G-80c-a-1-p                                      
           INFO     Bulk inserted 74 fmod_vals records.                         
           INFO     Inserted 74 probe_fmod_values records for                   
                    085-HIV-A35G-80c-a-1-p (modrate).                           
           INFO     Bulk inserted 74 fmod_vals records.                         
           INFO     Inserted 74 probe_fmod_values records for                   
                    085-HIV-A35G-80c-a-1-p (GAmodrate).                         
           INFO     Wrote per-read histogram for 085-HIV-A35G-80c-a-1-p         
                    (Modified) to                                               
                    examples/all_mutcounts/mut_count/mut_count___cfg-8a273d2/art
                    ifacts/085-HIV-A35G-80c-a-1-p/per_read_histogram.txt        
           INFO     Wrote per-read histogram for 085-HIV-A35G-80c-a-1-p (GA) to 
                    examples/all_mutcounts/mut_count/mut_count___cfg-8a273d2/art
                    ifacts/085-HIV-A35G-80c-a-1-p/per_read_histogram.txtga      
           INFO     Found ShapeMapper profile for 086-HIV-A35G-80c-a-2-p at     
                    examples/all_mutcounts/mut_count/mut_count___cfg-8a273d2/art
                    ifacts/086-HIV-A35G-80c-a-2-p/086-HIV-A35G-80c-a-2-p_086-HIV
                    -A35G-80c-a-2-p_profile.txt                                 
           INFO     Inserted probe_fmod_run for sample ID 961 (Run ID: 857)     
           INFO     Inserted probe_fmod_run 857 for sample                      
                    086-HIV-A35G-80c-a-2-p                                      
           INFO     Bulk inserted 74 fmod_vals records.                         
           INFO     Inserted 74 probe_fmod_values records for                   
                    086-HIV-A35G-80c-a-2-p (modrate).                           
           INFO     Bulk inserted 74 fmod_vals records.                         
           INFO     Inserted 74 probe_fmod_values records for                   
                    086-HIV-A35G-80c-a-2-p (GAmodrate).                         
           INFO     Wrote per-read histogram for 086-HIV-A35G-80c-a-2-p         
                    (Modified) to                                               
                    examples/all_mutcounts/mut_count/mut_count___cfg-8a273d2/art
                    ifacts/086-HIV-A35G-80c-a-2-p/per_read_histogram.txt        
           INFO     Wrote per-read histogram for 086-HIV-A35G-80c-a-2-p (GA) to 
                    examples/all_mutcounts/mut_count/mut_count___cfg-8a273d2/art
                    ifacts/086-HIV-A35G-80c-a-2-p/per_read_histogram.txtga      
           INFO     Found ShapeMapper profile for 087-HIV-A35G-80c-a-3-p at     
                    examples/all_mutcounts/mut_count/mut_count___cfg-8a273d2/art
                    ifacts/087-HIV-A35G-80c-a-3-p/087-HIV-A35G-80c-a-3-p_087-HIV
                    -A35G-80c-a-3-p_profile.txt                                 
           INFO     Inserted probe_fmod_run for sample ID 962 (Run ID: 858)     
           INFO     Inserted probe_fmod_run 858 for sample                      
                    087-HIV-A35G-80c-a-3-p                                      
           INFO     Bulk inserted 74 fmod_vals records.                         
           INFO     Inserted 74 probe_fmod_values records for                   
                    087-HIV-A35G-80c-a-3-p (modrate).                           
           INFO     Bulk inserted 74 fmod_vals records.                         
           INFO     Inserted 74 probe_fmod_values records for                   
                    087-HIV-A35G-80c-a-3-p (GAmodrate).                         
           INFO     Wrote per-read histogram for 087-HIV-A35G-80c-a-3-p         
                    (Modified) to                                               
                    examples/all_mutcounts/mut_count/mut_count___cfg-8a273d2/art
                    ifacts/087-HIV-A35G-80c-a-3-p/per_read_histogram.txt        
           INFO     Wrote per-read histogram for 087-HIV-A35G-80c-a-3-p (GA) to 
                    examples/all_mutcounts/mut_count/mut_count___cfg-8a273d2/art
                    ifacts/087-HIV-A35G-80c-a-3-p/per_read_histogram.txtga      
           INFO     Found ShapeMapper profile for 088-HIV-A35G-80c-a-4-p at     
                    examples/all_mutcounts/mut_count/mut_count___cfg-8a273d2/art
                    ifacts/088-HIV-A35G-80c-a-4-p/088-HIV-A35G-80c-a-4-p_088-HIV
                    -A35G-80c-a-4-p_profile.txt                                 
           INFO     Inserted probe_fmod_run for sample ID 963 (Run ID: 859)     
           INFO     Inserted probe_fmod_run 859 for sample                      
                    088-HIV-A35G-80c-a-4-p                                      
           INFO     Bulk inserted 74 fmod_vals records.                         
           INFO     Inserted 74 probe_fmod_values records for                   
                    088-HIV-A35G-80c-a-4-p (modrate).                           
           INFO     Bulk inserted 74 fmod_vals records.                         
           INFO     Inserted 74 probe_fmod_values records for                   
                    088-HIV-A35G-80c-a-4-p (GAmodrate).                         
           INFO     Wrote per-read histogram for 088-HIV-A35G-80c-a-4-p         
                    (Modified) to                                               
                    examples/all_mutcounts/mut_count/mut_count___cfg-8a273d2/art
                    ifacts/088-HIV-A35G-80c-a-4-p/per_read_histogram.txt        
           INFO     Wrote per-read histogram for 088-HIV-A35G-80c-a-4-p (GA) to 
                    examples/all_mutcounts/mut_count/mut_count___cfg-8a273d2/art
                    ifacts/088-HIV-A35G-80c-a-4-p/per_read_histogram.txtga      
           INFO     Found ShapeMapper profile for 089-HIV-A35G-80c-a-5-p at     
                    examples/all_mutcounts/mut_count/mut_count___cfg-8a273d2/art
                    ifacts/089-HIV-A35G-80c-a-5-p/089-HIV-A35G-80c-a-5-p_089-HIV
                    -A35G-80c-a-5-p_profile.txt                                 
           INFO     Inserted probe_fmod_run for sample ID 964 (Run ID: 860)     
           INFO     Inserted probe_fmod_run 860 for sample                      
                    089-HIV-A35G-80c-a-5-p                                      
           INFO     Bulk inserted 74 fmod_vals records.                         
           INFO     Inserted 74 probe_fmod_values records for                   
                    089-HIV-A35G-80c-a-5-p (modrate).                           
           INFO     Bulk inserted 74 fmod_vals records.                         
           INFO     Inserted 74 probe_fmod_values records for                   
                    089-HIV-A35G-80c-a-5-p (GAmodrate).                         
           INFO     Wrote per-read histogram for 089-HIV-A35G-80c-a-5-p         
                    (Modified) to                                               
                    examples/all_mutcounts/mut_count/mut_count___cfg-8a273d2/art
                    ifacts/089-HIV-A35G-80c-a-5-p/per_read_histogram.txt        
           INFO     Wrote per-read histogram for 089-HIV-A35G-80c-a-5-p (GA) to 
                    examples/all_mutcounts/mut_count/mut_count___cfg-8a273d2/art
                    ifacts/089-HIV-A35G-80c-a-5-p/per_read_histogram.txtga      
           INFO     Found ShapeMapper profile for 079-HIV-A35G-80c-a-6-m at     
                    examples/all_mutcounts/mut_count/mut_count___cfg-8a273d2/art
                    ifacts/079-HIV-A35G-80c-a-6-m/079-HIV-A35G-80c-a-6-m_079-HIV
                    -A35G-80c-a-6-m_profile.txt                                 
           INFO     Inserted probe_fmod_run for sample ID 1050 (Run ID: 861)    
           INFO     Inserted probe_fmod_run 861 for sample                      
                    079-HIV-A35G-80c-a-6-m                                      
           INFO     Bulk inserted 74 fmod_vals records.                         
           INFO     Inserted 74 probe_fmod_values records for                   
                    079-HIV-A35G-80c-a-6-m (modrate).                           
           INFO     Bulk inserted 74 fmod_vals records.                         
           INFO     Inserted 74 probe_fmod_values records for                   
                    079-HIV-A35G-80c-a-6-m (GAmodrate).                         
           INFO     Wrote per-read histogram for 079-HIV-A35G-80c-a-6-m         
                    (Modified) to                                               
                    examples/all_mutcounts/mut_count/mut_count___cfg-8a273d2/art
                    ifacts/079-HIV-A35G-80c-a-6-m/per_read_histogram.txt        
           INFO     Wrote per-read histogram for 079-HIV-A35G-80c-a-6-m (GA) to 
                    examples/all_mutcounts/mut_count/mut_count___cfg-8a273d2/art
                    ifacts/079-HIV-A35G-80c-a-6-m/per_read_histogram.txtga      
           INFO     Found ShapeMapper profile for 090-HIV-A35G-80c-a-6-p at     
                    examples/all_mutcounts/mut_count/mut_count___cfg-8a273d2/art
                    ifacts/090-HIV-A35G-80c-a-6-p/090-HIV-A35G-80c-a-6-p_090-HIV
                    -A35G-80c-a-6-p_profile.txt                                 
           INFO     Inserted probe_fmod_run for sample ID 965 (Run ID: 862)     
           INFO     Inserted probe_fmod_run 862 for sample                      
                    090-HIV-A35G-80c-a-6-p                                      
           INFO     Bulk inserted 74 fmod_vals records.                         
           INFO     Inserted 74 probe_fmod_values records for                   
                    090-HIV-A35G-80c-a-6-p (modrate).                           
           INFO     Bulk inserted 74 fmod_vals records.                         
           INFO     Inserted 74 probe_fmod_values records for                   
                    090-HIV-A35G-80c-a-6-p (GAmodrate).                         
[17:57:17] INFO     Wrote per-read histogram for 090-HIV-A35G-80c-a-6-p         
                    (Modified) to                                               
                    examples/all_mutcounts/mut_count/mut_count___cfg-8a273d2/art
                    ifacts/090-HIV-A35G-80c-a-6-p/per_read_histogram.txt        
           INFO     Wrote per-read histogram for 090-HIV-A35G-80c-a-6-p (GA) to 
                    examples/all_mutcounts/mut_count/mut_count___cfg-8a273d2/art
                    ifacts/090-HIV-A35G-80c-a-6-p/per_read_histogram.txtga      
           INFO     mut_count completed. Profiles found for 7/7 samples;        
                    ingested 7 run(s).                                          
           INFO     Finished task ID 119 with state 'completed'                 
           INFO     Task 'mut_count' (ID: 119) completed successfully.          
           INFO     Updated 'latest' symlink for task 'mut_count' to point to   
                    /gpfs/projects/b1044/Computational_Output/EKC/EKC.01_SHAPE_s
                    tandardization/EKC.01.065.refactoring_data_analysis/nerd/exa
                    mples/all_mutcounts/mut_count/mut_count___cfg-8a273d2       
