[15:19:06] INFO     Executing 'run' command for step: 'mut_count'               
[15:19:06] INFO     Database schema initialized successfully.                   
           INFO     Created run directory:                                      
                    examples/all_mutcounts/mut_count/mut_count___cfg-fb5f4f7    
           INFO     Executing task 'mut_count' in run directory:                
                    examples/all_mutcounts/mut_count/mut_count___cfg-fb5f4f7    
           INFO     Resolved reaction_group 30_3_A8C to 8 sample(s).            
           INFO     Began task 'mut_count' (ID: 51) for rg:71                   
                    (cfg=fb5f4f788c9eaf5df68cb650d686cc2ca7f977a7ec3c2cbd8e92b98
                    08e7a2474)                                                  
           INFO     Starting command (backend=local) in                         
                    examples/all_mutcounts/mut_count/mut_count___cfg-fb5f4f7    
           INFO     Executing command locally. Log file:                        
                    examples/all_mutcounts/mut_count/mut_count___cfg-fb5f4f7/com
                    mand.log                                                    
[17:15:18] INFO     Command finished with exit code: 0                          
           INFO     Logged attempt #1 for task ID 51 (Attempt ID: 63)           
           INFO     Command completed successfully. Consuming outputs.          
           INFO     Found ShapeMapper profile for 073_fourU_A8C_30c_a_1_p at    
                    examples/all_mutcounts/mut_count/mut_count___cfg-fb5f4f7/art
                    ifacts/073_fourU_A8C_30c_a_1_p/073_fourU_A8C_30c_a_1_p_073_f
                    ourU_A8C_30c_a_1_p_profile.txt                              
           INFO     Inserted probe_fmod_run for sample ID 660 (Run ID: 516)     
           INFO     Inserted probe_fmod_run 516 for sample                      
                    073_fourU_A8C_30c_a_1_p                                     
           INFO     Bulk inserted 80 fmod_vals records.                         
           INFO     Inserted 80 probe_fmod_values records for                   
                    073_fourU_A8C_30c_a_1_p (modrate).                          
           INFO     Bulk inserted 80 fmod_vals records.                         
           INFO     Inserted 80 probe_fmod_values records for                   
                    073_fourU_A8C_30c_a_1_p (GAmodrate).                        
           INFO     Wrote per-read histogram for 073_fourU_A8C_30c_a_1_p        
                    (Modified) to                                               
                    examples/all_mutcounts/mut_count/mut_count___cfg-fb5f4f7/art
                    ifacts/073_fourU_A8C_30c_a_1_p/per_read_histogram.txt       
           INFO     Wrote per-read histogram for 073_fourU_A8C_30c_a_1_p (GA) to
                    examples/all_mutcounts/mut_count/mut_count___cfg-fb5f4f7/art
                    ifacts/073_fourU_A8C_30c_a_1_p/per_read_histogram.txtga     
           INFO     Found ShapeMapper profile for 074_fourU_A8C_30c_a_2_p at    
                    examples/all_mutcounts/mut_count/mut_count___cfg-fb5f4f7/art
                    ifacts/074_fourU_A8C_30c_a_2_p/074_fourU_A8C_30c_a_2_p_074_f
                    ourU_A8C_30c_a_2_p_profile.txt                              
           INFO     Inserted probe_fmod_run for sample ID 661 (Run ID: 517)     
           INFO     Inserted probe_fmod_run 517 for sample                      
                    074_fourU_A8C_30c_a_2_p                                     
           INFO     Bulk inserted 80 fmod_vals records.                         
           INFO     Inserted 80 probe_fmod_values records for                   
                    074_fourU_A8C_30c_a_2_p (modrate).                          
           INFO     Bulk inserted 80 fmod_vals records.                         
           INFO     Inserted 80 probe_fmod_values records for                   
                    074_fourU_A8C_30c_a_2_p (GAmodrate).                        
           INFO     Wrote per-read histogram for 074_fourU_A8C_30c_a_2_p        
                    (Modified) to                                               
                    examples/all_mutcounts/mut_count/mut_count___cfg-fb5f4f7/art
                    ifacts/074_fourU_A8C_30c_a_2_p/per_read_histogram.txt       
           INFO     Wrote per-read histogram for 074_fourU_A8C_30c_a_2_p (GA) to
                    examples/all_mutcounts/mut_count/mut_count___cfg-fb5f4f7/art
                    ifacts/074_fourU_A8C_30c_a_2_p/per_read_histogram.txtga     
           INFO     Found ShapeMapper profile for 085_fourU_A8C20c_b_6_p at     
                    examples/all_mutcounts/mut_count/mut_count___cfg-fb5f4f7/art
                    ifacts/085_fourU_A8C20c_b_6_p/085_fourU_A8C20c_b_6_p_085_fou
                    rU_A8C20c_b_6_p_profile.txt                                 
           INFO     Inserted probe_fmod_run for sample ID 768 (Run ID: 518)     
           INFO     Inserted probe_fmod_run 518 for sample                      
                    085_fourU_A8C20c_b_6_p                                      
           INFO     Bulk inserted 80 fmod_vals records.                         
           INFO     Inserted 80 probe_fmod_values records for                   
                    085_fourU_A8C20c_b_6_p (modrate).                           
           INFO     Bulk inserted 80 fmod_vals records.                         
           INFO     Inserted 80 probe_fmod_values records for                   
                    085_fourU_A8C20c_b_6_p (GAmodrate).                         
           INFO     Wrote per-read histogram for 085_fourU_A8C20c_b_6_p         
                    (Modified) to                                               
                    examples/all_mutcounts/mut_count/mut_count___cfg-fb5f4f7/art
                    ifacts/085_fourU_A8C20c_b_6_p/per_read_histogram.txt        
           INFO     Wrote per-read histogram for 085_fourU_A8C20c_b_6_p (GA) to 
                    examples/all_mutcounts/mut_count/mut_count___cfg-fb5f4f7/art
                    ifacts/085_fourU_A8C20c_b_6_p/per_read_histogram.txtga      
           INFO     Found ShapeMapper profile for 075_fourU_A8C_30c_a_3_p at    
                    examples/all_mutcounts/mut_count/mut_count___cfg-fb5f4f7/art
                    ifacts/075_fourU_A8C_30c_a_3_p/075_fourU_A8C_30c_a_3_p_075_f
                    ourU_A8C_30c_a_3_p_profile.txt                              
           INFO     Inserted probe_fmod_run for sample ID 662 (Run ID: 519)     
           INFO     Inserted probe_fmod_run 519 for sample                      
                    075_fourU_A8C_30c_a_3_p                                     
           INFO     Bulk inserted 80 fmod_vals records.                         
           INFO     Inserted 80 probe_fmod_values records for                   
                    075_fourU_A8C_30c_a_3_p (modrate).                          
           INFO     Bulk inserted 80 fmod_vals records.                         
           INFO     Inserted 80 probe_fmod_values records for                   
                    075_fourU_A8C_30c_a_3_p (GAmodrate).                        
           INFO     Wrote per-read histogram for 075_fourU_A8C_30c_a_3_p        
                    (Modified) to                                               
                    examples/all_mutcounts/mut_count/mut_count___cfg-fb5f4f7/art
                    ifacts/075_fourU_A8C_30c_a_3_p/per_read_histogram.txt       
           INFO     Wrote per-read histogram for 075_fourU_A8C_30c_a_3_p (GA) to
                    examples/all_mutcounts/mut_count/mut_count___cfg-fb5f4f7/art
                    ifacts/075_fourU_A8C_30c_a_3_p/per_read_histogram.txtga     
           INFO     Found ShapeMapper profile for 076_fourU_A8C_30c_a_4_p at    
                    examples/all_mutcounts/mut_count/mut_count___cfg-fb5f4f7/art
                    ifacts/076_fourU_A8C_30c_a_4_p/076_fourU_A8C_30c_a_4_p_076_f
                    ourU_A8C_30c_a_4_p_profile.txt                              
           INFO     Inserted probe_fmod_run for sample ID 663 (Run ID: 520)     
           INFO     Inserted probe_fmod_run 520 for sample                      
                    076_fourU_A8C_30c_a_4_p                                     
           INFO     Bulk inserted 80 fmod_vals records.                         
           INFO     Inserted 80 probe_fmod_values records for                   
                    076_fourU_A8C_30c_a_4_p (modrate).                          
           INFO     Bulk inserted 80 fmod_vals records.                         
           INFO     Inserted 80 probe_fmod_values records for                   
                    076_fourU_A8C_30c_a_4_p (GAmodrate).                        
           INFO     Wrote per-read histogram for 076_fourU_A8C_30c_a_4_p        
                    (Modified) to                                               
                    examples/all_mutcounts/mut_count/mut_count___cfg-fb5f4f7/art
                    ifacts/076_fourU_A8C_30c_a_4_p/per_read_histogram.txt       
           INFO     Wrote per-read histogram for 076_fourU_A8C_30c_a_4_p (GA) to
                    examples/all_mutcounts/mut_count/mut_count___cfg-fb5f4f7/art
                    ifacts/076_fourU_A8C_30c_a_4_p/per_read_histogram.txtga     
           INFO     Found ShapeMapper profile for 077_fourU_A8C_30c_a_5_p at    
                    examples/all_mutcounts/mut_count/mut_count___cfg-fb5f4f7/art
                    ifacts/077_fourU_A8C_30c_a_5_p/077_fourU_A8C_30c_a_5_p_077_f
                    ourU_A8C_30c_a_5_p_profile.txt                              
           INFO     Inserted probe_fmod_run for sample ID 664 (Run ID: 521)     
           INFO     Inserted probe_fmod_run 521 for sample                      
                    077_fourU_A8C_30c_a_5_p                                     
           INFO     Bulk inserted 80 fmod_vals records.                         
           INFO     Inserted 80 probe_fmod_values records for                   
                    077_fourU_A8C_30c_a_5_p (modrate).                          
           INFO     Bulk inserted 80 fmod_vals records.                         
           INFO     Inserted 80 probe_fmod_values records for                   
                    077_fourU_A8C_30c_a_5_p (GAmodrate).                        
           INFO     Wrote per-read histogram for 077_fourU_A8C_30c_a_5_p        
                    (Modified) to                                               
                    examples/all_mutcounts/mut_count/mut_count___cfg-fb5f4f7/art
                    ifacts/077_fourU_A8C_30c_a_5_p/per_read_histogram.txt       
           INFO     Wrote per-read histogram for 077_fourU_A8C_30c_a_5_p (GA) to
                    examples/all_mutcounts/mut_count/mut_count___cfg-fb5f4f7/art
                    ifacts/077_fourU_A8C_30c_a_5_p/per_read_histogram.txtga     
[17:15:19] INFO     Found ShapeMapper profile for 078_fourU_A8C_30c_a_6_p at    
                    examples/all_mutcounts/mut_count/mut_count___cfg-fb5f4f7/art
                    ifacts/078_fourU_A8C_30c_a_6_p/078_fourU_A8C_30c_a_6_p_078_f
                    ourU_A8C_30c_a_6_p_profile.txt                              
           INFO     Inserted probe_fmod_run for sample ID 665 (Run ID: 522)     
           INFO     Inserted probe_fmod_run 522 for sample                      
                    078_fourU_A8C_30c_a_6_p                                     
           INFO     Bulk inserted 80 fmod_vals records.                         
           INFO     Inserted 80 probe_fmod_values records for                   
                    078_fourU_A8C_30c_a_6_p (modrate).                          
           INFO     Bulk inserted 80 fmod_vals records.                         
           INFO     Inserted 80 probe_fmod_values records for                   
                    078_fourU_A8C_30c_a_6_p (GAmodrate).                        
           INFO     Wrote per-read histogram for 078_fourU_A8C_30c_a_6_p        
                    (Modified) to                                               
                    examples/all_mutcounts/mut_count/mut_count___cfg-fb5f4f7/art
                    ifacts/078_fourU_A8C_30c_a_6_p/per_read_histogram.txt       
           INFO     Wrote per-read histogram for 078_fourU_A8C_30c_a_6_p (GA) to
                    examples/all_mutcounts/mut_count/mut_count___cfg-fb5f4f7/art
                    ifacts/078_fourU_A8C_30c_a_6_p/per_read_histogram.txtga     
           INFO     Found ShapeMapper profile for 088_fourU_A8C30c_a_6_m at     
                    examples/all_mutcounts/mut_count/mut_count___cfg-fb5f4f7/art
                    ifacts/088_fourU_A8C30c_a_6_m/088_fourU_A8C30c_a_6_m_088_fou
                    rU_A8C30c_a_6_m_profile.txt                                 
           INFO     Inserted probe_fmod_run for sample ID 771 (Run ID: 523)     
           INFO     Inserted probe_fmod_run 523 for sample                      
                    088_fourU_A8C30c_a_6_m                                      
           INFO     Bulk inserted 80 fmod_vals records.                         
           INFO     Inserted 80 probe_fmod_values records for                   
                    088_fourU_A8C30c_a_6_m (modrate).                           
           INFO     Bulk inserted 80 fmod_vals records.                         
           INFO     Inserted 80 probe_fmod_values records for                   
                    088_fourU_A8C30c_a_6_m (GAmodrate).                         
           INFO     Wrote per-read histogram for 088_fourU_A8C30c_a_6_m         
                    (Modified) to                                               
                    examples/all_mutcounts/mut_count/mut_count___cfg-fb5f4f7/art
                    ifacts/088_fourU_A8C30c_a_6_m/per_read_histogram.txt        
           INFO     Wrote per-read histogram for 088_fourU_A8C30c_a_6_m (GA) to 
                    examples/all_mutcounts/mut_count/mut_count___cfg-fb5f4f7/art
                    ifacts/088_fourU_A8C30c_a_6_m/per_read_histogram.txtga      
           INFO     mut_count completed. Profiles found for 8/8 samples;        
                    ingested 8 run(s).                                          
           INFO     Finished task ID 51 with state 'completed'                  
           INFO     Task 'mut_count' (ID: 51) completed successfully.           
           INFO     Updated 'latest' symlink for task 'mut_count' to point to   
                    /gpfs/projects/b1044/Computational_Output/EKC/EKC.01_SHAPE_s
                    tandardization/EKC.01.065.refactoring_data_analysis/nerd/exa
                    mples/all_mutcounts/mut_count/mut_count___cfg-fb5f4f7       
