[17:44:18] INFO     Executing 'run' command for step: 'mut_count'               
[17:44:18] INFO     Database schema initialized successfully.                   
           INFO     Created run directory:                                      
                    examples/all_mutcounts/mut_count/mut_count___cfg-24fd59e    
           INFO     Executing task 'mut_count' in run directory:                
                    examples/all_mutcounts/mut_count/mut_count___cfg-24fd59e    
           INFO     Resolved reaction_group 75_1_13 to 7 sample(s).             
           INFO     Began task 'mut_count' (ID: 106) for rg:103                 
                    (cfg=24fd59e1e28907938b0de7f2261e371fc5426e25f5a2ef9499cf8b3
                    23d184f18)                                                  
           INFO     Starting command (backend=local) in                         
                    examples/all_mutcounts/mut_count/mut_count___cfg-24fd59e    
           INFO     Executing command locally. Log file:                        
                    examples/all_mutcounts/mut_count/mut_count___cfg-24fd59e/com
                    mand.log                                                    
[17:49:02] INFO     Command finished with exit code: 0                          
           INFO     Logged attempt #1 for task ID 106 (Attempt ID: 93)          
           INFO     Command completed successfully. Consuming outputs.          
           INFO     Found ShapeMapper profile for 025-HIV-UUCG-ES-75c-a-1-p at  
                    examples/all_mutcounts/mut_count/mut_count___cfg-24fd59e/art
                    ifacts/025-HIV-UUCG-ES-75c-a-1-p/025-HIV-UUCG-ES-75c-a-1-p_0
                    25-HIV-UUCG-ES-75c-a-1-p_profile.txt                        
           INFO     Inserted probe_fmod_run for sample ID 900 (Run ID: 727)     
           INFO     Inserted probe_fmod_run 727 for sample                      
                    025-HIV-UUCG-ES-75c-a-1-p                                   
           INFO     Bulk inserted 76 fmod_vals records.                         
           INFO     Inserted 76 probe_fmod_values records for                   
                    025-HIV-UUCG-ES-75c-a-1-p (modrate).                        
           INFO     Bulk inserted 76 fmod_vals records.                         
           INFO     Inserted 76 probe_fmod_values records for                   
                    025-HIV-UUCG-ES-75c-a-1-p (GAmodrate).                      
           INFO     Wrote per-read histogram for 025-HIV-UUCG-ES-75c-a-1-p      
                    (Modified) to                                               
                    examples/all_mutcounts/mut_count/mut_count___cfg-24fd59e/art
                    ifacts/025-HIV-UUCG-ES-75c-a-1-p/per_read_histogram.txt     
           INFO     Wrote per-read histogram for 025-HIV-UUCG-ES-75c-a-1-p (GA) 
                    to                                                          
                    examples/all_mutcounts/mut_count/mut_count___cfg-24fd59e/art
                    ifacts/025-HIV-UUCG-ES-75c-a-1-p/per_read_histogram.txtga   
           INFO     Found ShapeMapper profile for 026-HIV-UUCG-ES-75c-a-2-p at  
                    examples/all_mutcounts/mut_count/mut_count___cfg-24fd59e/art
                    ifacts/026-HIV-UUCG-ES-75c-a-2-p/026-HIV-UUCG-ES-75c-a-2-p_0
                    26-HIV-UUCG-ES-75c-a-2-p_profile.txt                        
           INFO     Inserted probe_fmod_run for sample ID 901 (Run ID: 728)     
           INFO     Inserted probe_fmod_run 728 for sample                      
                    026-HIV-UUCG-ES-75c-a-2-p                                   
[17:49:03] INFO     Bulk inserted 76 fmod_vals records.                         
           INFO     Inserted 76 probe_fmod_values records for                   
                    026-HIV-UUCG-ES-75c-a-2-p (modrate).                        
           INFO     Bulk inserted 76 fmod_vals records.                         
           INFO     Inserted 76 probe_fmod_values records for                   
                    026-HIV-UUCG-ES-75c-a-2-p (GAmodrate).                      
           INFO     Wrote per-read histogram for 026-HIV-UUCG-ES-75c-a-2-p      
                    (Modified) to                                               
                    examples/all_mutcounts/mut_count/mut_count___cfg-24fd59e/art
                    ifacts/026-HIV-UUCG-ES-75c-a-2-p/per_read_histogram.txt     
           INFO     Wrote per-read histogram for 026-HIV-UUCG-ES-75c-a-2-p (GA) 
                    to                                                          
                    examples/all_mutcounts/mut_count/mut_count___cfg-24fd59e/art
                    ifacts/026-HIV-UUCG-ES-75c-a-2-p/per_read_histogram.txtga   
           INFO     Found ShapeMapper profile for 027-HIV-UUCG-ES-75c-a-3-p at  
                    examples/all_mutcounts/mut_count/mut_count___cfg-24fd59e/art
                    ifacts/027-HIV-UUCG-ES-75c-a-3-p/027-HIV-UUCG-ES-75c-a-3-p_0
                    27-HIV-UUCG-ES-75c-a-3-p_profile.txt                        
           INFO     Inserted probe_fmod_run for sample ID 902 (Run ID: 729)     
           INFO     Inserted probe_fmod_run 729 for sample                      
                    027-HIV-UUCG-ES-75c-a-3-p                                   
           INFO     Bulk inserted 76 fmod_vals records.                         
           INFO     Inserted 76 probe_fmod_values records for                   
                    027-HIV-UUCG-ES-75c-a-3-p (modrate).                        
           INFO     Bulk inserted 76 fmod_vals records.                         
           INFO     Inserted 76 probe_fmod_values records for                   
                    027-HIV-UUCG-ES-75c-a-3-p (GAmodrate).                      
           INFO     Wrote per-read histogram for 027-HIV-UUCG-ES-75c-a-3-p      
                    (Modified) to                                               
                    examples/all_mutcounts/mut_count/mut_count___cfg-24fd59e/art
                    ifacts/027-HIV-UUCG-ES-75c-a-3-p/per_read_histogram.txt     
           INFO     Wrote per-read histogram for 027-HIV-UUCG-ES-75c-a-3-p (GA) 
                    to                                                          
                    examples/all_mutcounts/mut_count/mut_count___cfg-24fd59e/art
                    ifacts/027-HIV-UUCG-ES-75c-a-3-p/per_read_histogram.txtga   
           INFO     Found ShapeMapper profile for 028-HIV-UUCG-ES-75c-a-4-p at  
                    examples/all_mutcounts/mut_count/mut_count___cfg-24fd59e/art
                    ifacts/028-HIV-UUCG-ES-75c-a-4-p/028-HIV-UUCG-ES-75c-a-4-p_0
                    28-HIV-UUCG-ES-75c-a-4-p_profile.txt                        
           INFO     Inserted probe_fmod_run for sample ID 903 (Run ID: 730)     
           INFO     Inserted probe_fmod_run 730 for sample                      
                    028-HIV-UUCG-ES-75c-a-4-p                                   
           INFO     Bulk inserted 76 fmod_vals records.                         
           INFO     Inserted 76 probe_fmod_values records for                   
                    028-HIV-UUCG-ES-75c-a-4-p (modrate).                        
           INFO     Bulk inserted 76 fmod_vals records.                         
           INFO     Inserted 76 probe_fmod_values records for                   
                    028-HIV-UUCG-ES-75c-a-4-p (GAmodrate).                      
           INFO     Wrote per-read histogram for 028-HIV-UUCG-ES-75c-a-4-p      
                    (Modified) to                                               
                    examples/all_mutcounts/mut_count/mut_count___cfg-24fd59e/art
                    ifacts/028-HIV-UUCG-ES-75c-a-4-p/per_read_histogram.txt     
           INFO     Wrote per-read histogram for 028-HIV-UUCG-ES-75c-a-4-p (GA) 
                    to                                                          
                    examples/all_mutcounts/mut_count/mut_count___cfg-24fd59e/art
                    ifacts/028-HIV-UUCG-ES-75c-a-4-p/per_read_histogram.txtga   
           INFO     Found ShapeMapper profile for 029-HIV-UUCG-ES-75c-a-5-p at  
                    examples/all_mutcounts/mut_count/mut_count___cfg-24fd59e/art
                    ifacts/029-HIV-UUCG-ES-75c-a-5-p/029-HIV-UUCG-ES-75c-a-5-p_0
                    29-HIV-UUCG-ES-75c-a-5-p_profile.txt                        
           INFO     Inserted probe_fmod_run for sample ID 904 (Run ID: 731)     
           INFO     Inserted probe_fmod_run 731 for sample                      
                    029-HIV-UUCG-ES-75c-a-5-p                                   
           INFO     Bulk inserted 76 fmod_vals records.                         
           INFO     Inserted 76 probe_fmod_values records for                   
                    029-HIV-UUCG-ES-75c-a-5-p (modrate).                        
           INFO     Bulk inserted 76 fmod_vals records.                         
           INFO     Inserted 76 probe_fmod_values records for                   
                    029-HIV-UUCG-ES-75c-a-5-p (GAmodrate).                      
           INFO     Wrote per-read histogram for 029-HIV-UUCG-ES-75c-a-5-p      
                    (Modified) to                                               
                    examples/all_mutcounts/mut_count/mut_count___cfg-24fd59e/art
                    ifacts/029-HIV-UUCG-ES-75c-a-5-p/per_read_histogram.txt     
           INFO     Wrote per-read histogram for 029-HIV-UUCG-ES-75c-a-5-p (GA) 
                    to                                                          
                    examples/all_mutcounts/mut_count/mut_count___cfg-24fd59e/art
                    ifacts/029-HIV-UUCG-ES-75c-a-5-p/per_read_histogram.txtga   
           INFO     Found ShapeMapper profile for 030-HIV-UUCG-ES-75c-a-6-p at  
                    examples/all_mutcounts/mut_count/mut_count___cfg-24fd59e/art
                    ifacts/030-HIV-UUCG-ES-75c-a-6-p/030-HIV-UUCG-ES-75c-a-6-p_0
                    30-HIV-UUCG-ES-75c-a-6-p_profile.txt                        
           INFO     Inserted probe_fmod_run for sample ID 905 (Run ID: 732)     
           INFO     Inserted probe_fmod_run 732 for sample                      
                    030-HIV-UUCG-ES-75c-a-6-p                                   
           INFO     Bulk inserted 76 fmod_vals records.                         
           INFO     Inserted 76 probe_fmod_values records for                   
                    030-HIV-UUCG-ES-75c-a-6-p (modrate).                        
           INFO     Bulk inserted 76 fmod_vals records.                         
           INFO     Inserted 76 probe_fmod_values records for                   
                    030-HIV-UUCG-ES-75c-a-6-p (GAmodrate).                      
           INFO     Wrote per-read histogram for 030-HIV-UUCG-ES-75c-a-6-p      
                    (Modified) to                                               
                    examples/all_mutcounts/mut_count/mut_count___cfg-24fd59e/art
                    ifacts/030-HIV-UUCG-ES-75c-a-6-p/per_read_histogram.txt     
           INFO     Wrote per-read histogram for 030-HIV-UUCG-ES-75c-a-6-p (GA) 
                    to                                                          
                    examples/all_mutcounts/mut_count/mut_count___cfg-24fd59e/art
                    ifacts/030-HIV-UUCG-ES-75c-a-6-p/per_read_histogram.txtga   
           INFO     Found ShapeMapper profile for 069-HIV-UUCG-ES-75c-a-6-m at  
                    examples/all_mutcounts/mut_count/mut_count___cfg-24fd59e/art
                    ifacts/069-HIV-UUCG-ES-75c-a-6-m/069-HIV-UUCG-ES-75c-a-6-m_0
                    69-HIV-UUCG-ES-75c-a-6-m_profile.txt                        
           INFO     Inserted probe_fmod_run for sample ID 1040 (Run ID: 733)    
           INFO     Inserted probe_fmod_run 733 for sample                      
                    069-HIV-UUCG-ES-75c-a-6-m                                   
           INFO     Bulk inserted 76 fmod_vals records.                         
           INFO     Inserted 76 probe_fmod_values records for                   
                    069-HIV-UUCG-ES-75c-a-6-m (modrate).                        
           INFO     Bulk inserted 76 fmod_vals records.                         
           INFO     Inserted 76 probe_fmod_values records for                   
                    069-HIV-UUCG-ES-75c-a-6-m (GAmodrate).                      
           INFO     Wrote per-read histogram for 069-HIV-UUCG-ES-75c-a-6-m      
                    (Modified) to                                               
                    examples/all_mutcounts/mut_count/mut_count___cfg-24fd59e/art
                    ifacts/069-HIV-UUCG-ES-75c-a-6-m/per_read_histogram.txt     
           INFO     Wrote per-read histogram for 069-HIV-UUCG-ES-75c-a-6-m (GA) 
                    to                                                          
                    examples/all_mutcounts/mut_count/mut_count___cfg-24fd59e/art
                    ifacts/069-HIV-UUCG-ES-75c-a-6-m/per_read_histogram.txtga   
           INFO     mut_count completed. Profiles found for 7/7 samples;        
                    ingested 7 run(s).                                          
           INFO     Finished task ID 106 with state 'completed'                 
           INFO     Task 'mut_count' (ID: 106) completed successfully.          
           INFO     Updated 'latest' symlink for task 'mut_count' to point to   
                    /gpfs/projects/b1044/Computational_Output/EKC/EKC.01_SHAPE_s
                    tandardization/EKC.01.065.refactoring_data_analysis/nerd/exa
                    mples/all_mutcounts/mut_count/mut_count___cfg-24fd59e       
