[17:13:47] INFO     Executing 'run' command for step: 'mut_count'               
[17:13:47] INFO     Database schema initialized successfully.                   
           INFO     Created run directory:                                      
                    examples/all_mutcounts/mut_count/mut_count___cfg-92b81ec    
           INFO     Executing task 'mut_count' in run directory:                
                    examples/all_mutcounts/mut_count/mut_count___cfg-92b81ec    
           INFO     Resolved reaction_group 60_1_A8C to 7 sample(s).            
           INFO     Began task 'mut_count' (ID: 81) for rg:34                   
                    (cfg=92b81ec4e3c575bf38ecd8b52c6a2d5d1798f91bfe5ad821d9426ae
                    9f38ad23f)                                                  
[17:13:48] INFO     Starting command (backend=local) in                         
                    examples/all_mutcounts/mut_count/mut_count___cfg-92b81ec    
           INFO     Executing command locally. Log file:                        
                    examples/all_mutcounts/mut_count/mut_count___cfg-92b81ec/com
                    mand.log                                                    
[17:17:54] INFO     Command finished with exit code: 0                          
           INFO     Logged attempt #1 for task ID 81 (Attempt ID: 64)           
           INFO     Command completed successfully. Consuming outputs.          
           INFO     Found ShapeMapper profile for 001-EKC-A8C-60c-a-1-p at      
                    examples/all_mutcounts/mut_count/mut_count___cfg-92b81ec/art
                    ifacts/001-EKC-A8C-60c-a-1-p/001-EKC-A8C-60c-a-1-p_001-EKC-A
                    8C-60c-a-1-p_profile.txt                                    
           INFO     Inserted probe_fmod_run for sample ID 396 (Run ID: 524)     
           INFO     Inserted probe_fmod_run 524 for sample 001-EKC-A8C-60c-a-1-p
           INFO     Bulk inserted 80 fmod_vals records.                         
           INFO     Inserted 80 probe_fmod_values records for                   
                    001-EKC-A8C-60c-a-1-p (modrate).                            
           INFO     Bulk inserted 80 fmod_vals records.                         
           INFO     Inserted 80 probe_fmod_values records for                   
                    001-EKC-A8C-60c-a-1-p (GAmodrate).                          
           INFO     Wrote per-read histogram for 001-EKC-A8C-60c-a-1-p          
                    (Modified) to                                               
                    examples/all_mutcounts/mut_count/mut_count___cfg-92b81ec/art
                    ifacts/001-EKC-A8C-60c-a-1-p/per_read_histogram.txt         
           INFO     Wrote per-read histogram for 001-EKC-A8C-60c-a-1-p (GA) to  
                    examples/all_mutcounts/mut_count/mut_count___cfg-92b81ec/art
                    ifacts/001-EKC-A8C-60c-a-1-p/per_read_histogram.txtga       
           INFO     Found ShapeMapper profile for 002-EKC-A8C-60c-a-2-p at      
                    examples/all_mutcounts/mut_count/mut_count___cfg-92b81ec/art
                    ifacts/002-EKC-A8C-60c-a-2-p/002-EKC-A8C-60c-a-2-p_002-EKC-A
                    8C-60c-a-2-p_profile.txt                                    
           INFO     Inserted probe_fmod_run for sample ID 397 (Run ID: 525)     
           INFO     Inserted probe_fmod_run 525 for sample 002-EKC-A8C-60c-a-2-p
           INFO     Bulk inserted 80 fmod_vals records.                         
           INFO     Inserted 80 probe_fmod_values records for                   
                    002-EKC-A8C-60c-a-2-p (modrate).                            
           INFO     Bulk inserted 80 fmod_vals records.                         
           INFO     Inserted 80 probe_fmod_values records for                   
                    002-EKC-A8C-60c-a-2-p (GAmodrate).                          
           INFO     Wrote per-read histogram for 002-EKC-A8C-60c-a-2-p          
                    (Modified) to                                               
                    examples/all_mutcounts/mut_count/mut_count___cfg-92b81ec/art
                    ifacts/002-EKC-A8C-60c-a-2-p/per_read_histogram.txt         
           INFO     Wrote per-read histogram for 002-EKC-A8C-60c-a-2-p (GA) to  
                    examples/all_mutcounts/mut_count/mut_count___cfg-92b81ec/art
                    ifacts/002-EKC-A8C-60c-a-2-p/per_read_histogram.txtga       
           INFO     Found ShapeMapper profile for 003-EKC-A8C-60c-a-3-p at      
                    examples/all_mutcounts/mut_count/mut_count___cfg-92b81ec/art
                    ifacts/003-EKC-A8C-60c-a-3-p/003-EKC-A8C-60c-a-3-p_003-EKC-A
                    8C-60c-a-3-p_profile.txt                                    
           INFO     Inserted probe_fmod_run for sample ID 398 (Run ID: 526)     
           INFO     Inserted probe_fmod_run 526 for sample 003-EKC-A8C-60c-a-3-p
           INFO     Bulk inserted 80 fmod_vals records.                         
           INFO     Inserted 80 probe_fmod_values records for                   
                    003-EKC-A8C-60c-a-3-p (modrate).                            
           INFO     Bulk inserted 80 fmod_vals records.                         
           INFO     Inserted 80 probe_fmod_values records for                   
                    003-EKC-A8C-60c-a-3-p (GAmodrate).                          
           INFO     Wrote per-read histogram for 003-EKC-A8C-60c-a-3-p          
                    (Modified) to                                               
                    examples/all_mutcounts/mut_count/mut_count___cfg-92b81ec/art
                    ifacts/003-EKC-A8C-60c-a-3-p/per_read_histogram.txt         
           INFO     Wrote per-read histogram for 003-EKC-A8C-60c-a-3-p (GA) to  
                    examples/all_mutcounts/mut_count/mut_count___cfg-92b81ec/art
                    ifacts/003-EKC-A8C-60c-a-3-p/per_read_histogram.txtga       
           INFO     Found ShapeMapper profile for 004-EKC-A8C-60c-a-4-p at      
                    examples/all_mutcounts/mut_count/mut_count___cfg-92b81ec/art
                    ifacts/004-EKC-A8C-60c-a-4-p/004-EKC-A8C-60c-a-4-p_004-EKC-A
                    8C-60c-a-4-p_profile.txt                                    
           INFO     Inserted probe_fmod_run for sample ID 399 (Run ID: 527)     
           INFO     Inserted probe_fmod_run 527 for sample 004-EKC-A8C-60c-a-4-p
           INFO     Bulk inserted 80 fmod_vals records.                         
           INFO     Inserted 80 probe_fmod_values records for                   
                    004-EKC-A8C-60c-a-4-p (modrate).                            
           INFO     Bulk inserted 80 fmod_vals records.                         
           INFO     Inserted 80 probe_fmod_values records for                   
                    004-EKC-A8C-60c-a-4-p (GAmodrate).                          
           INFO     Wrote per-read histogram for 004-EKC-A8C-60c-a-4-p          
                    (Modified) to                                               
                    examples/all_mutcounts/mut_count/mut_count___cfg-92b81ec/art
                    ifacts/004-EKC-A8C-60c-a-4-p/per_read_histogram.txt         
           INFO     Wrote per-read histogram for 004-EKC-A8C-60c-a-4-p (GA) to  
                    examples/all_mutcounts/mut_count/mut_count___cfg-92b81ec/art
                    ifacts/004-EKC-A8C-60c-a-4-p/per_read_histogram.txtga       
           INFO     Found ShapeMapper profile for 005-EKC-A8C-60c-a-5-p at      
                    examples/all_mutcounts/mut_count/mut_count___cfg-92b81ec/art
                    ifacts/005-EKC-A8C-60c-a-5-p/005-EKC-A8C-60c-a-5-p_005-EKC-A
                    8C-60c-a-5-p_profile.txt                                    
           INFO     Inserted probe_fmod_run for sample ID 400 (Run ID: 528)     
           INFO     Inserted probe_fmod_run 528 for sample 005-EKC-A8C-60c-a-5-p
           INFO     Bulk inserted 80 fmod_vals records.                         
           INFO     Inserted 80 probe_fmod_values records for                   
                    005-EKC-A8C-60c-a-5-p (modrate).                            
           INFO     Bulk inserted 80 fmod_vals records.                         
           INFO     Inserted 80 probe_fmod_values records for                   
                    005-EKC-A8C-60c-a-5-p (GAmodrate).                          
           INFO     Wrote per-read histogram for 005-EKC-A8C-60c-a-5-p          
                    (Modified) to                                               
                    examples/all_mutcounts/mut_count/mut_count___cfg-92b81ec/art
                    ifacts/005-EKC-A8C-60c-a-5-p/per_read_histogram.txt         
           INFO     Wrote per-read histogram for 005-EKC-A8C-60c-a-5-p (GA) to  
                    examples/all_mutcounts/mut_count/mut_count___cfg-92b81ec/art
                    ifacts/005-EKC-A8C-60c-a-5-p/per_read_histogram.txtga       
           INFO     Found ShapeMapper profile for 006-EKC-A8C-60c-a-6-p at      
                    examples/all_mutcounts/mut_count/mut_count___cfg-92b81ec/art
                    ifacts/006-EKC-A8C-60c-a-6-p/006-EKC-A8C-60c-a-6-p_006-EKC-A
                    8C-60c-a-6-p_profile.txt                                    
           INFO     Inserted probe_fmod_run for sample ID 401 (Run ID: 529)     
           INFO     Inserted probe_fmod_run 529 for sample 006-EKC-A8C-60c-a-6-p
           INFO     Bulk inserted 80 fmod_vals records.                         
           INFO     Inserted 80 probe_fmod_values records for                   
                    006-EKC-A8C-60c-a-6-p (modrate).                            
           INFO     Bulk inserted 80 fmod_vals records.                         
           INFO     Inserted 80 probe_fmod_values records for                   
                    006-EKC-A8C-60c-a-6-p (GAmodrate).                          
           INFO     Wrote per-read histogram for 006-EKC-A8C-60c-a-6-p          
                    (Modified) to                                               
                    examples/all_mutcounts/mut_count/mut_count___cfg-92b81ec/art
                    ifacts/006-EKC-A8C-60c-a-6-p/per_read_histogram.txt         
           INFO     Wrote per-read histogram for 006-EKC-A8C-60c-a-6-p (GA) to  
                    examples/all_mutcounts/mut_count/mut_count___cfg-92b81ec/art
                    ifacts/006-EKC-A8C-60c-a-6-p/per_read_histogram.txtga       
           INFO     Found ShapeMapper profile for 096-EKC-A8C-60c-a-6-m at      
                    examples/all_mutcounts/mut_count/mut_count___cfg-92b81ec/art
                    ifacts/096-EKC-A8C-60c-a-6-m/096-EKC-A8C-60c-a-6-m_096-EKC-A
                    8C-60c-a-6-m_profile.txt                                    
           INFO     Inserted probe_fmod_run for sample ID 491 (Run ID: 530)     
           INFO     Inserted probe_fmod_run 530 for sample 096-EKC-A8C-60c-a-6-m
           INFO     Bulk inserted 80 fmod_vals records.                         
           INFO     Inserted 80 probe_fmod_values records for                   
                    096-EKC-A8C-60c-a-6-m (modrate).                            
           INFO     Bulk inserted 80 fmod_vals records.                         
           INFO     Inserted 80 probe_fmod_values records for                   
                    096-EKC-A8C-60c-a-6-m (GAmodrate).                          
           INFO     Wrote per-read histogram for 096-EKC-A8C-60c-a-6-m          
                    (Modified) to                                               
                    examples/all_mutcounts/mut_count/mut_count___cfg-92b81ec/art
                    ifacts/096-EKC-A8C-60c-a-6-m/per_read_histogram.txt         
           INFO     Wrote per-read histogram for 096-EKC-A8C-60c-a-6-m (GA) to  
                    examples/all_mutcounts/mut_count/mut_count___cfg-92b81ec/art
                    ifacts/096-EKC-A8C-60c-a-6-m/per_read_histogram.txtga       
           INFO     mut_count completed. Profiles found for 7/7 samples;        
                    ingested 7 run(s).                                          
           INFO     Finished task ID 81 with state 'completed'                  
           INFO     Task 'mut_count' (ID: 81) completed successfully.           
           INFO     Updated 'latest' symlink for task 'mut_count' to point to   
                    /gpfs/projects/b1044/Computational_Output/EKC/EKC.01_SHAPE_s
                    tandardization/EKC.01.065.refactoring_data_analysis/nerd/exa
                    mples/all_mutcounts/mut_count/mut_count___cfg-92b81ec       
