[15:46:13] INFO     Executing 'run' command for step: 'mut_count'               
[15:46:13] INFO     Database schema initialized successfully.                   
           INFO     Created run directory:                                      
                    examples/all_mutcounts/mut_count/mut_count___cfg-22574be    
           INFO     Executing task 'mut_count' in run directory:                
                    examples/all_mutcounts/mut_count/mut_count___cfg-22574be    
           INFO     Resolved reaction_group 37_4 to 7 sample(s).                
           INFO     Began task 'mut_count' (ID: 59) for rg:81                   
                    (cfg=22574bed1fd532b0df56fde79d32b577138309c22ef98d8510b7d2c
                    acbf81cfe)                                                  
           INFO     Starting command (backend=local) in                         
                    examples/all_mutcounts/mut_count/mut_count___cfg-22574be    
           INFO     Executing command locally. Log file:                        
                    examples/all_mutcounts/mut_count/mut_count___cfg-22574be/com
                    mand.log                                                    
[17:20:26] INFO     Command finished with exit code: 0                          
           INFO     Logged attempt #1 for task ID 59 (Attempt ID: 66)           
           INFO     Command completed successfully. Consuming outputs.          
           INFO     Found ShapeMapper profile for 037_fourU_WT_37c_b_1_p at     
                    examples/all_mutcounts/mut_count/mut_count___cfg-22574be/art
                    ifacts/037_fourU_WT_37c_b_1_p/037_fourU_WT_37c_b_1_p_037_fou
                    rU_WT_37c_b_1_p_profile.txt                                 
           INFO     Inserted probe_fmod_run for sample ID 720 (Run ID: 538)     
           INFO     Inserted probe_fmod_run 538 for sample                      
                    037_fourU_WT_37c_b_1_p                                      
           INFO     Bulk inserted 80 fmod_vals records.                         
           INFO     Inserted 80 probe_fmod_values records for                   
                    037_fourU_WT_37c_b_1_p (modrate).                           
           INFO     Bulk inserted 80 fmod_vals records.                         
           INFO     Inserted 80 probe_fmod_values records for                   
                    037_fourU_WT_37c_b_1_p (GAmodrate).                         
           INFO     Wrote per-read histogram for 037_fourU_WT_37c_b_1_p         
                    (Modified) to                                               
                    examples/all_mutcounts/mut_count/mut_count___cfg-22574be/art
                    ifacts/037_fourU_WT_37c_b_1_p/per_read_histogram.txt        
           INFO     Wrote per-read histogram for 037_fourU_WT_37c_b_1_p (GA) to 
                    examples/all_mutcounts/mut_count/mut_count___cfg-22574be/art
                    ifacts/037_fourU_WT_37c_b_1_p/per_read_histogram.txtga      
           INFO     Found ShapeMapper profile for 038_fourU_WT_37c_b_2_p at     
                    examples/all_mutcounts/mut_count/mut_count___cfg-22574be/art
                    ifacts/038_fourU_WT_37c_b_2_p/038_fourU_WT_37c_b_2_p_038_fou
                    rU_WT_37c_b_2_p_profile.txt                                 
           INFO     Inserted probe_fmod_run for sample ID 721 (Run ID: 539)     
           INFO     Inserted probe_fmod_run 539 for sample                      
                    038_fourU_WT_37c_b_2_p                                      
           INFO     Bulk inserted 80 fmod_vals records.                         
           INFO     Inserted 80 probe_fmod_values records for                   
                    038_fourU_WT_37c_b_2_p (modrate).                           
           INFO     Bulk inserted 80 fmod_vals records.                         
           INFO     Inserted 80 probe_fmod_values records for                   
                    038_fourU_WT_37c_b_2_p (GAmodrate).                         
           INFO     Wrote per-read histogram for 038_fourU_WT_37c_b_2_p         
                    (Modified) to                                               
                    examples/all_mutcounts/mut_count/mut_count___cfg-22574be/art
                    ifacts/038_fourU_WT_37c_b_2_p/per_read_histogram.txt        
           INFO     Wrote per-read histogram for 038_fourU_WT_37c_b_2_p (GA) to 
                    examples/all_mutcounts/mut_count/mut_count___cfg-22574be/art
                    ifacts/038_fourU_WT_37c_b_2_p/per_read_histogram.txtga      
           INFO     Found ShapeMapper profile for 039_fourU_WT_37c_b_3_p at     
                    examples/all_mutcounts/mut_count/mut_count___cfg-22574be/art
                    ifacts/039_fourU_WT_37c_b_3_p/039_fourU_WT_37c_b_3_p_039_fou
                    rU_WT_37c_b_3_p_profile.txt                                 
           INFO     Inserted probe_fmod_run for sample ID 722 (Run ID: 540)     
           INFO     Inserted probe_fmod_run 540 for sample                      
                    039_fourU_WT_37c_b_3_p                                      
           INFO     Bulk inserted 80 fmod_vals records.                         
           INFO     Inserted 80 probe_fmod_values records for                   
                    039_fourU_WT_37c_b_3_p (modrate).                           
           INFO     Bulk inserted 80 fmod_vals records.                         
           INFO     Inserted 80 probe_fmod_values records for                   
                    039_fourU_WT_37c_b_3_p (GAmodrate).                         
           INFO     Wrote per-read histogram for 039_fourU_WT_37c_b_3_p         
                    (Modified) to                                               
                    examples/all_mutcounts/mut_count/mut_count___cfg-22574be/art
                    ifacts/039_fourU_WT_37c_b_3_p/per_read_histogram.txt        
           INFO     Wrote per-read histogram for 039_fourU_WT_37c_b_3_p (GA) to 
                    examples/all_mutcounts/mut_count/mut_count___cfg-22574be/art
                    ifacts/039_fourU_WT_37c_b_3_p/per_read_histogram.txtga      
           INFO     Found ShapeMapper profile for 040_fourU_WT_37c_b_4_p at     
                    examples/all_mutcounts/mut_count/mut_count___cfg-22574be/art
                    ifacts/040_fourU_WT_37c_b_4_p/040_fourU_WT_37c_b_4_p_040_fou
                    rU_WT_37c_b_4_p_profile.txt                                 
           INFO     Inserted probe_fmod_run for sample ID 723 (Run ID: 541)     
           INFO     Inserted probe_fmod_run 541 for sample                      
                    040_fourU_WT_37c_b_4_p                                      
           INFO     Bulk inserted 80 fmod_vals records.                         
           INFO     Inserted 80 probe_fmod_values records for                   
                    040_fourU_WT_37c_b_4_p (modrate).                           
           INFO     Bulk inserted 80 fmod_vals records.                         
           INFO     Inserted 80 probe_fmod_values records for                   
                    040_fourU_WT_37c_b_4_p (GAmodrate).                         
           INFO     Wrote per-read histogram for 040_fourU_WT_37c_b_4_p         
                    (Modified) to                                               
                    examples/all_mutcounts/mut_count/mut_count___cfg-22574be/art
                    ifacts/040_fourU_WT_37c_b_4_p/per_read_histogram.txt        
           INFO     Wrote per-read histogram for 040_fourU_WT_37c_b_4_p (GA) to 
                    examples/all_mutcounts/mut_count/mut_count___cfg-22574be/art
                    ifacts/040_fourU_WT_37c_b_4_p/per_read_histogram.txtga      
           INFO     Found ShapeMapper profile for 041_fourU_WT_37c_b_5_p at     
                    examples/all_mutcounts/mut_count/mut_count___cfg-22574be/art
                    ifacts/041_fourU_WT_37c_b_5_p/041_fourU_WT_37c_b_5_p_041_fou
                    rU_WT_37c_b_5_p_profile.txt                                 
           INFO     Inserted probe_fmod_run for sample ID 724 (Run ID: 542)     
           INFO     Inserted probe_fmod_run 542 for sample                      
                    041_fourU_WT_37c_b_5_p                                      
           INFO     Bulk inserted 80 fmod_vals records.                         
           INFO     Inserted 80 probe_fmod_values records for                   
                    041_fourU_WT_37c_b_5_p (modrate).                           
           INFO     Bulk inserted 80 fmod_vals records.                         
           INFO     Inserted 80 probe_fmod_values records for                   
                    041_fourU_WT_37c_b_5_p (GAmodrate).                         
           INFO     Wrote per-read histogram for 041_fourU_WT_37c_b_5_p         
                    (Modified) to                                               
                    examples/all_mutcounts/mut_count/mut_count___cfg-22574be/art
                    ifacts/041_fourU_WT_37c_b_5_p/per_read_histogram.txt        
           INFO     Wrote per-read histogram for 041_fourU_WT_37c_b_5_p (GA) to 
                    examples/all_mutcounts/mut_count/mut_count___cfg-22574be/art
                    ifacts/041_fourU_WT_37c_b_5_p/per_read_histogram.txtga      
           INFO     Found ShapeMapper profile for 042_fourU_WT_37c_b_6_p at     
                    examples/all_mutcounts/mut_count/mut_count___cfg-22574be/art
                    ifacts/042_fourU_WT_37c_b_6_p/042_fourU_WT_37c_b_6_p_042_fou
                    rU_WT_37c_b_6_p_profile.txt                                 
           INFO     Inserted probe_fmod_run for sample ID 725 (Run ID: 543)     
           INFO     Inserted probe_fmod_run 543 for sample                      
                    042_fourU_WT_37c_b_6_p                                      
           INFO     Bulk inserted 80 fmod_vals records.                         
           INFO     Inserted 80 probe_fmod_values records for                   
                    042_fourU_WT_37c_b_6_p (modrate).                           
           INFO     Bulk inserted 80 fmod_vals records.                         
           INFO     Inserted 80 probe_fmod_values records for                   
                    042_fourU_WT_37c_b_6_p (GAmodrate).                         
           INFO     Wrote per-read histogram for 042_fourU_WT_37c_b_6_p         
                    (Modified) to                                               
                    examples/all_mutcounts/mut_count/mut_count___cfg-22574be/art
                    ifacts/042_fourU_WT_37c_b_6_p/per_read_histogram.txt        
           INFO     Wrote per-read histogram for 042_fourU_WT_37c_b_6_p (GA) to 
                    examples/all_mutcounts/mut_count/mut_count___cfg-22574be/art
                    ifacts/042_fourU_WT_37c_b_6_p/per_read_histogram.txtga      
           INFO     Found ShapeMapper profile for 086_fourU_WT37c_a_6_m at      
                    examples/all_mutcounts/mut_count/mut_count___cfg-22574be/art
                    ifacts/086_fourU_WT37c_a_6_m/086_fourU_WT37c_a_6_m_086_fourU
                    _WT37c_a_6_m_profile.txt                                    
           INFO     Inserted probe_fmod_run for sample ID 769 (Run ID: 544)     
           INFO     Inserted probe_fmod_run 544 for sample 086_fourU_WT37c_a_6_m
           INFO     Bulk inserted 80 fmod_vals records.                         
           INFO     Inserted 80 probe_fmod_values records for                   
                    086_fourU_WT37c_a_6_m (modrate).                            
           INFO     Bulk inserted 80 fmod_vals records.                         
           INFO     Inserted 80 probe_fmod_values records for                   
                    086_fourU_WT37c_a_6_m (GAmodrate).                          
           INFO     Wrote per-read histogram for 086_fourU_WT37c_a_6_m          
                    (Modified) to                                               
                    examples/all_mutcounts/mut_count/mut_count___cfg-22574be/art
                    ifacts/086_fourU_WT37c_a_6_m/per_read_histogram.txt         
           INFO     Wrote per-read histogram for 086_fourU_WT37c_a_6_m (GA) to  
                    examples/all_mutcounts/mut_count/mut_count___cfg-22574be/art
                    ifacts/086_fourU_WT37c_a_6_m/per_read_histogram.txtga       
           INFO     mut_count completed. Profiles found for 7/7 samples;        
                    ingested 7 run(s).                                          
           INFO     Finished task ID 59 with state 'completed'                  
           INFO     Task 'mut_count' (ID: 59) completed successfully.           
           INFO     Updated 'latest' symlink for task 'mut_count' to point to   
                    /gpfs/projects/b1044/Computational_Output/EKC/EKC.01_SHAPE_s
                    tandardization/EKC.01.065.refactoring_data_analysis/nerd/exa
                    mples/all_mutcounts/mut_count/mut_count___cfg-22574be       
