[17:22:00] INFO     Executing 'run' command for step: 'mut_count'               
[17:22:00] INFO     Database schema initialized successfully.                   
           INFO     Created run directory:                                      
                    examples/all_mutcounts/mut_count/mut_count___cfg-2316bc5    
           INFO     Executing task 'mut_count' in run directory:                
                    examples/all_mutcounts/mut_count/mut_count___cfg-2316bc5    
           INFO     Resolved reaction_group 70_1 to 24 sample(s).               
           INFO     Began task 'mut_count' (ID: 87) for rg:12                   
                    (cfg=2316bc56a568b00e3956b9b6f7db1d052390f8469b3d74925a1f441
                    8c9a543ee)                                                  
           INFO     Starting command (backend=local) in                         
                    examples/all_mutcounts/mut_count/mut_count___cfg-2316bc5    
           INFO     Executing command locally. Log file:                        
                    examples/all_mutcounts/mut_count/mut_count___cfg-2316bc5/com
                    mand.log                                                    
[17:51:14] INFO     Command finished with exit code: 0                          
           INFO     Logged attempt #1 for task ID 87 (Attempt ID: 98)           
           INFO     Command completed successfully. Consuming outputs.          
           INFO     Found ShapeMapper profile for                               
                    001-EKC-fourUnew-WT-70C-dms-MaP-1 at                        
                    examples/all_mutcounts/mut_count/mut_count___cfg-2316bc5/art
                    ifacts/001-EKC-fourUnew-WT-70C-dms-MaP-1/001-EKC-fourUnew-WT
                    -70C-dms-MaP-1_001-EKC-fourUnew-WT-70C-dms-MaP-1_profile.txt
           INFO     Inserted probe_fmod_run for sample ID 210 (Run ID: 762)     
           INFO     Inserted probe_fmod_run 762 for sample                      
                    001-EKC-fourUnew-WT-70C-dms-MaP-1                           
           INFO     Bulk inserted 80 fmod_vals records.                         
           INFO     Inserted 80 probe_fmod_values records for                   
                    001-EKC-fourUnew-WT-70C-dms-MaP-1 (modrate).                
           INFO     Bulk inserted 80 fmod_vals records.                         
           INFO     Inserted 80 probe_fmod_values records for                   
                    001-EKC-fourUnew-WT-70C-dms-MaP-1 (GAmodrate).              
           INFO     Wrote per-read histogram for                                
                    001-EKC-fourUnew-WT-70C-dms-MaP-1 (Modified) to             
                    examples/all_mutcounts/mut_count/mut_count___cfg-2316bc5/art
                    ifacts/001-EKC-fourUnew-WT-70C-dms-MaP-1/per_read_histogram.
                    txt                                                         
           INFO     Wrote per-read histogram for                                
                    001-EKC-fourUnew-WT-70C-dms-MaP-1 (GA) to                   
                    examples/all_mutcounts/mut_count/mut_count___cfg-2316bc5/art
                    ifacts/001-EKC-fourUnew-WT-70C-dms-MaP-1/per_read_histogram.
                    txtga                                                       
           INFO     Found ShapeMapper profile for                               
                    001-EKC-fourUnew-WT-70C-dms-MaP-1_rerun at                  
                    examples/all_mutcounts/mut_count/mut_count___cfg-2316bc5/art
                    ifacts/001-EKC-fourUnew-WT-70C-dms-MaP-1_rerun/001-EKC-fourU
                    new-WT-70C-dms-MaP-1_rerun_001-EKC-fourUnew-WT-70C-dms-MaP-1
                    _rerun_profile.txt                                          
           INFO     Inserted probe_fmod_run for sample ID 282 (Run ID: 763)     
           INFO     Inserted probe_fmod_run 763 for sample                      
                    001-EKC-fourUnew-WT-70C-dms-MaP-1_rerun                     
           INFO     Bulk inserted 80 fmod_vals records.                         
           INFO     Inserted 80 probe_fmod_values records for                   
                    001-EKC-fourUnew-WT-70C-dms-MaP-1_rerun (modrate).          
           INFO     Bulk inserted 80 fmod_vals records.                         
           INFO     Inserted 80 probe_fmod_values records for                   
                    001-EKC-fourUnew-WT-70C-dms-MaP-1_rerun (GAmodrate).        
           INFO     Wrote per-read histogram for                                
                    001-EKC-fourUnew-WT-70C-dms-MaP-1_rerun (Modified) to       
                    examples/all_mutcounts/mut_count/mut_count___cfg-2316bc5/art
                    ifacts/001-EKC-fourUnew-WT-70C-dms-MaP-1_rerun/per_read_hist
                    ogram.txt                                                   
           INFO     Wrote per-read histogram for                                
                    001-EKC-fourUnew-WT-70C-dms-MaP-1_rerun (GA) to             
                    examples/all_mutcounts/mut_count/mut_count___cfg-2316bc5/art
                    ifacts/001-EKC-fourUnew-WT-70C-dms-MaP-1_rerun/per_read_hist
                    ogram.txtga                                                 
           INFO     Found ShapeMapper profile for                               
                    RRRY_001-EKC-fourUnew-WT-70C-dms-MaP-1 at                   
                    examples/all_mutcounts/mut_count/mut_count___cfg-2316bc5/art
                    ifacts/RRRY_001-EKC-fourUnew-WT-70C-dms-MaP-1/RRRY_001-EKC-f
                    ourUnew-WT-70C-dms-MaP-1_RRRY_001-EKC-fourUnew-WT-70C-dms-Ma
                    P-1_profile.txt                                             
           INFO     Inserted probe_fmod_run for sample ID 234 (Run ID: 764)     
           INFO     Inserted probe_fmod_run 764 for sample                      
                    RRRY_001-EKC-fourUnew-WT-70C-dms-MaP-1                      
           INFO     Bulk inserted 80 fmod_vals records.                         
           INFO     Inserted 80 probe_fmod_values records for                   
                    RRRY_001-EKC-fourUnew-WT-70C-dms-MaP-1 (modrate).           
[17:51:15] INFO     Bulk inserted 80 fmod_vals records.                         
           INFO     Inserted 80 probe_fmod_values records for                   
                    RRRY_001-EKC-fourUnew-WT-70C-dms-MaP-1 (GAmodrate).         
           INFO     Wrote per-read histogram for                                
                    RRRY_001-EKC-fourUnew-WT-70C-dms-MaP-1 (Modified) to        
                    examples/all_mutcounts/mut_count/mut_count___cfg-2316bc5/art
                    ifacts/RRRY_001-EKC-fourUnew-WT-70C-dms-MaP-1/per_read_histo
                    gram.txt                                                    
           INFO     Wrote per-read histogram for                                
                    RRRY_001-EKC-fourUnew-WT-70C-dms-MaP-1 (GA) to              
                    examples/all_mutcounts/mut_count/mut_count___cfg-2316bc5/art
                    ifacts/RRRY_001-EKC-fourUnew-WT-70C-dms-MaP-1/per_read_histo
                    gram.txtga                                                  
           INFO     Found ShapeMapper profile for                               
                    YYYR_001-EKC-fourUnew-WT-70C-dms-MaP-1 at                   
                    examples/all_mutcounts/mut_count/mut_count___cfg-2316bc5/art
                    ifacts/YYYR_001-EKC-fourUnew-WT-70C-dms-MaP-1/YYYR_001-EKC-f
                    ourUnew-WT-70C-dms-MaP-1_YYYR_001-EKC-fourUnew-WT-70C-dms-Ma
                    P-1_profile.txt                                             
           INFO     Inserted probe_fmod_run for sample ID 235 (Run ID: 765)     
           INFO     Inserted probe_fmod_run 765 for sample                      
                    YYYR_001-EKC-fourUnew-WT-70C-dms-MaP-1                      
           INFO     Bulk inserted 80 fmod_vals records.                         
           INFO     Inserted 80 probe_fmod_values records for                   
                    YYYR_001-EKC-fourUnew-WT-70C-dms-MaP-1 (modrate).           
           INFO     Bulk inserted 80 fmod_vals records.                         
           INFO     Inserted 80 probe_fmod_values records for                   
                    YYYR_001-EKC-fourUnew-WT-70C-dms-MaP-1 (GAmodrate).         
           INFO     Wrote per-read histogram for                                
                    YYYR_001-EKC-fourUnew-WT-70C-dms-MaP-1 (Modified) to        
                    examples/all_mutcounts/mut_count/mut_count___cfg-2316bc5/art
                    ifacts/YYYR_001-EKC-fourUnew-WT-70C-dms-MaP-1/per_read_histo
                    gram.txt                                                    
           INFO     Wrote per-read histogram for                                
                    YYYR_001-EKC-fourUnew-WT-70C-dms-MaP-1 (GA) to              
                    examples/all_mutcounts/mut_count/mut_count___cfg-2316bc5/art
                    ifacts/YYYR_001-EKC-fourUnew-WT-70C-dms-MaP-1/per_read_histo
                    gram.txtga                                                  
           INFO     Found ShapeMapper profile for                               
                    002-EKC-fourUnew-WT-70C-dms-MaP-2 at                        
                    examples/all_mutcounts/mut_count/mut_count___cfg-2316bc5/art
                    ifacts/002-EKC-fourUnew-WT-70C-dms-MaP-2/002-EKC-fourUnew-WT
                    -70C-dms-MaP-2_002-EKC-fourUnew-WT-70C-dms-MaP-2_profile.txt
           INFO     Inserted probe_fmod_run for sample ID 211 (Run ID: 766)     
           INFO     Inserted probe_fmod_run 766 for sample                      
                    002-EKC-fourUnew-WT-70C-dms-MaP-2                           
           INFO     Bulk inserted 80 fmod_vals records.                         
           INFO     Inserted 80 probe_fmod_values records for                   
                    002-EKC-fourUnew-WT-70C-dms-MaP-2 (modrate).                
           INFO     Bulk inserted 80 fmod_vals records.                         
           INFO     Inserted 80 probe_fmod_values records for                   
                    002-EKC-fourUnew-WT-70C-dms-MaP-2 (GAmodrate).              
           INFO     Wrote per-read histogram for                                
                    002-EKC-fourUnew-WT-70C-dms-MaP-2 (Modified) to             
                    examples/all_mutcounts/mut_count/mut_count___cfg-2316bc5/art
                    ifacts/002-EKC-fourUnew-WT-70C-dms-MaP-2/per_read_histogram.
                    txt                                                         
           INFO     Wrote per-read histogram for                                
                    002-EKC-fourUnew-WT-70C-dms-MaP-2 (GA) to                   
                    examples/all_mutcounts/mut_count/mut_count___cfg-2316bc5/art
                    ifacts/002-EKC-fourUnew-WT-70C-dms-MaP-2/per_read_histogram.
                    txtga                                                       
           INFO     Found ShapeMapper profile for                               
                    002-EKC-fourUnew-WT-70C-dms-MaP-2_rerun at                  
                    examples/all_mutcounts/mut_count/mut_count___cfg-2316bc5/art
                    ifacts/002-EKC-fourUnew-WT-70C-dms-MaP-2_rerun/002-EKC-fourU
                    new-WT-70C-dms-MaP-2_rerun_002-EKC-fourUnew-WT-70C-dms-MaP-2
                    _rerun_profile.txt                                          
           INFO     Inserted probe_fmod_run for sample ID 283 (Run ID: 767)     
           INFO     Inserted probe_fmod_run 767 for sample                      
                    002-EKC-fourUnew-WT-70C-dms-MaP-2_rerun                     
           INFO     Bulk inserted 80 fmod_vals records.                         
           INFO     Inserted 80 probe_fmod_values records for                   
                    002-EKC-fourUnew-WT-70C-dms-MaP-2_rerun (modrate).          
           INFO     Bulk inserted 80 fmod_vals records.                         
           INFO     Inserted 80 probe_fmod_values records for                   
                    002-EKC-fourUnew-WT-70C-dms-MaP-2_rerun (GAmodrate).        
           INFO     Wrote per-read histogram for                                
                    002-EKC-fourUnew-WT-70C-dms-MaP-2_rerun (Modified) to       
                    examples/all_mutcounts/mut_count/mut_count___cfg-2316bc5/art
                    ifacts/002-EKC-fourUnew-WT-70C-dms-MaP-2_rerun/per_read_hist
                    ogram.txt                                                   
           INFO     Wrote per-read histogram for                                
                    002-EKC-fourUnew-WT-70C-dms-MaP-2_rerun (GA) to             
                    examples/all_mutcounts/mut_count/mut_count___cfg-2316bc5/art
                    ifacts/002-EKC-fourUnew-WT-70C-dms-MaP-2_rerun/per_read_hist
                    ogram.txtga                                                 
           INFO     Found ShapeMapper profile for                               
                    RRRY_002-EKC-fourUnew-WT-70C-dms-MaP-2 at                   
                    examples/all_mutcounts/mut_count/mut_count___cfg-2316bc5/art
                    ifacts/RRRY_002-EKC-fourUnew-WT-70C-dms-MaP-2/RRRY_002-EKC-f
                    ourUnew-WT-70C-dms-MaP-2_RRRY_002-EKC-fourUnew-WT-70C-dms-Ma
                    P-2_profile.txt                                             
           INFO     Inserted probe_fmod_run for sample ID 236 (Run ID: 768)     
           INFO     Inserted probe_fmod_run 768 for sample                      
                    RRRY_002-EKC-fourUnew-WT-70C-dms-MaP-2                      
           INFO     Bulk inserted 80 fmod_vals records.                         
           INFO     Inserted 80 probe_fmod_values records for                   
                    RRRY_002-EKC-fourUnew-WT-70C-dms-MaP-2 (modrate).           
           INFO     Bulk inserted 80 fmod_vals records.                         
           INFO     Inserted 80 probe_fmod_values records for                   
                    RRRY_002-EKC-fourUnew-WT-70C-dms-MaP-2 (GAmodrate).         
           INFO     Wrote per-read histogram for                                
                    RRRY_002-EKC-fourUnew-WT-70C-dms-MaP-2 (Modified) to        
                    examples/all_mutcounts/mut_count/mut_count___cfg-2316bc5/art
                    ifacts/RRRY_002-EKC-fourUnew-WT-70C-dms-MaP-2/per_read_histo
                    gram.txt                                                    
           INFO     Wrote per-read histogram for                                
                    RRRY_002-EKC-fourUnew-WT-70C-dms-MaP-2 (GA) to              
                    examples/all_mutcounts/mut_count/mut_count___cfg-2316bc5/art
                    ifacts/RRRY_002-EKC-fourUnew-WT-70C-dms-MaP-2/per_read_histo
                    gram.txtga                                                  
           INFO     Found ShapeMapper profile for                               
                    YYYR_002-EKC-fourUnew-WT-70C-dms-MaP-2 at                   
                    examples/all_mutcounts/mut_count/mut_count___cfg-2316bc5/art
                    ifacts/YYYR_002-EKC-fourUnew-WT-70C-dms-MaP-2/YYYR_002-EKC-f
                    ourUnew-WT-70C-dms-MaP-2_YYYR_002-EKC-fourUnew-WT-70C-dms-Ma
                    P-2_profile.txt                                             
           INFO     Inserted probe_fmod_run for sample ID 237 (Run ID: 769)     
           INFO     Inserted probe_fmod_run 769 for sample                      
                    YYYR_002-EKC-fourUnew-WT-70C-dms-MaP-2                      
           INFO     Bulk inserted 80 fmod_vals records.                         
           INFO     Inserted 80 probe_fmod_values records for                   
                    YYYR_002-EKC-fourUnew-WT-70C-dms-MaP-2 (modrate).           
           INFO     Bulk inserted 80 fmod_vals records.                         
           INFO     Inserted 80 probe_fmod_values records for                   
                    YYYR_002-EKC-fourUnew-WT-70C-dms-MaP-2 (GAmodrate).         
           INFO     Wrote per-read histogram for                                
                    YYYR_002-EKC-fourUnew-WT-70C-dms-MaP-2 (Modified) to        
                    examples/all_mutcounts/mut_count/mut_count___cfg-2316bc5/art
                    ifacts/YYYR_002-EKC-fourUnew-WT-70C-dms-MaP-2/per_read_histo
                    gram.txt                                                    
           INFO     Wrote per-read histogram for                                
                    YYYR_002-EKC-fourUnew-WT-70C-dms-MaP-2 (GA) to              
                    examples/all_mutcounts/mut_count/mut_count___cfg-2316bc5/art
                    ifacts/YYYR_002-EKC-fourUnew-WT-70C-dms-MaP-2/per_read_histo
                    gram.txtga                                                  
           INFO     Found ShapeMapper profile for                               
                    003-EKC-fourUnew-WT-70C-dms-MaP-3 at                        
                    examples/all_mutcounts/mut_count/mut_count___cfg-2316bc5/art
                    ifacts/003-EKC-fourUnew-WT-70C-dms-MaP-3/003-EKC-fourUnew-WT
                    -70C-dms-MaP-3_003-EKC-fourUnew-WT-70C-dms-MaP-3_profile.txt
           INFO     Inserted probe_fmod_run for sample ID 212 (Run ID: 770)     
           INFO     Inserted probe_fmod_run 770 for sample                      
                    003-EKC-fourUnew-WT-70C-dms-MaP-3                           
           INFO     Bulk inserted 80 fmod_vals records.                         
           INFO     Inserted 80 probe_fmod_values records for                   
                    003-EKC-fourUnew-WT-70C-dms-MaP-3 (modrate).                
           INFO     Bulk inserted 80 fmod_vals records.                         
           INFO     Inserted 80 probe_fmod_values records for                   
                    003-EKC-fourUnew-WT-70C-dms-MaP-3 (GAmodrate).              
           INFO     Wrote per-read histogram for                                
                    003-EKC-fourUnew-WT-70C-dms-MaP-3 (Modified) to             
                    examples/all_mutcounts/mut_count/mut_count___cfg-2316bc5/art
                    ifacts/003-EKC-fourUnew-WT-70C-dms-MaP-3/per_read_histogram.
                    txt                                                         
           INFO     Wrote per-read histogram for                                
                    003-EKC-fourUnew-WT-70C-dms-MaP-3 (GA) to                   
                    examples/all_mutcounts/mut_count/mut_count___cfg-2316bc5/art
                    ifacts/003-EKC-fourUnew-WT-70C-dms-MaP-3/per_read_histogram.
                    txtga                                                       
           INFO     Found ShapeMapper profile for                               
                    003-EKC-fourUnew-WT-70C-dms-MaP-3_rerun at                  
                    examples/all_mutcounts/mut_count/mut_count___cfg-2316bc5/art
                    ifacts/003-EKC-fourUnew-WT-70C-dms-MaP-3_rerun/003-EKC-fourU
                    new-WT-70C-dms-MaP-3_rerun_003-EKC-fourUnew-WT-70C-dms-MaP-3
                    _rerun_profile.txt                                          
           INFO     Inserted probe_fmod_run for sample ID 284 (Run ID: 771)     
           INFO     Inserted probe_fmod_run 771 for sample                      
                    003-EKC-fourUnew-WT-70C-dms-MaP-3_rerun                     
           INFO     Bulk inserted 80 fmod_vals records.                         
           INFO     Inserted 80 probe_fmod_values records for                   
                    003-EKC-fourUnew-WT-70C-dms-MaP-3_rerun (modrate).          
           INFO     Bulk inserted 80 fmod_vals records.                         
           INFO     Inserted 80 probe_fmod_values records for                   
                    003-EKC-fourUnew-WT-70C-dms-MaP-3_rerun (GAmodrate).        
           INFO     Wrote per-read histogram for                                
                    003-EKC-fourUnew-WT-70C-dms-MaP-3_rerun (Modified) to       
                    examples/all_mutcounts/mut_count/mut_count___cfg-2316bc5/art
                    ifacts/003-EKC-fourUnew-WT-70C-dms-MaP-3_rerun/per_read_hist
                    ogram.txt                                                   
           INFO     Wrote per-read histogram for                                
                    003-EKC-fourUnew-WT-70C-dms-MaP-3_rerun (GA) to             
                    examples/all_mutcounts/mut_count/mut_count___cfg-2316bc5/art
                    ifacts/003-EKC-fourUnew-WT-70C-dms-MaP-3_rerun/per_read_hist
                    ogram.txtga                                                 
           INFO     Found ShapeMapper profile for                               
                    RRRY_003-EKC-fourUnew-WT-70C-dms-MaP-3 at                   
                    examples/all_mutcounts/mut_count/mut_count___cfg-2316bc5/art
                    ifacts/RRRY_003-EKC-fourUnew-WT-70C-dms-MaP-3/RRRY_003-EKC-f
                    ourUnew-WT-70C-dms-MaP-3_RRRY_003-EKC-fourUnew-WT-70C-dms-Ma
                    P-3_profile.txt                                             
           INFO     Inserted probe_fmod_run for sample ID 238 (Run ID: 772)     
           INFO     Inserted probe_fmod_run 772 for sample                      
                    RRRY_003-EKC-fourUnew-WT-70C-dms-MaP-3                      
           INFO     Bulk inserted 80 fmod_vals records.                         
           INFO     Inserted 80 probe_fmod_values records for                   
                    RRRY_003-EKC-fourUnew-WT-70C-dms-MaP-3 (modrate).           
           INFO     Bulk inserted 80 fmod_vals records.                         
           INFO     Inserted 80 probe_fmod_values records for                   
                    RRRY_003-EKC-fourUnew-WT-70C-dms-MaP-3 (GAmodrate).         
           INFO     Wrote per-read histogram for                                
                    RRRY_003-EKC-fourUnew-WT-70C-dms-MaP-3 (Modified) to        
                    examples/all_mutcounts/mut_count/mut_count___cfg-2316bc5/art
                    ifacts/RRRY_003-EKC-fourUnew-WT-70C-dms-MaP-3/per_read_histo
                    gram.txt                                                    
           INFO     Wrote per-read histogram for                                
                    RRRY_003-EKC-fourUnew-WT-70C-dms-MaP-3 (GA) to              
                    examples/all_mutcounts/mut_count/mut_count___cfg-2316bc5/art
                    ifacts/RRRY_003-EKC-fourUnew-WT-70C-dms-MaP-3/per_read_histo
                    gram.txtga                                                  
           INFO     Found ShapeMapper profile for                               
                    YYYR_003-EKC-fourUnew-WT-70C-dms-MaP-3 at                   
                    examples/all_mutcounts/mut_count/mut_count___cfg-2316bc5/art
                    ifacts/YYYR_003-EKC-fourUnew-WT-70C-dms-MaP-3/YYYR_003-EKC-f
                    ourUnew-WT-70C-dms-MaP-3_YYYR_003-EKC-fourUnew-WT-70C-dms-Ma
                    P-3_profile.txt                                             
           INFO     Inserted probe_fmod_run for sample ID 239 (Run ID: 773)     
           INFO     Inserted probe_fmod_run 773 for sample                      
                    YYYR_003-EKC-fourUnew-WT-70C-dms-MaP-3                      
           INFO     Bulk inserted 80 fmod_vals records.                         
           INFO     Inserted 80 probe_fmod_values records for                   
                    YYYR_003-EKC-fourUnew-WT-70C-dms-MaP-3 (modrate).           
           INFO     Bulk inserted 80 fmod_vals records.                         
           INFO     Inserted 80 probe_fmod_values records for                   
                    YYYR_003-EKC-fourUnew-WT-70C-dms-MaP-3 (GAmodrate).         
           INFO     Wrote per-read histogram for                                
                    YYYR_003-EKC-fourUnew-WT-70C-dms-MaP-3 (Modified) to        
                    examples/all_mutcounts/mut_count/mut_count___cfg-2316bc5/art
                    ifacts/YYYR_003-EKC-fourUnew-WT-70C-dms-MaP-3/per_read_histo
                    gram.txt                                                    
           INFO     Wrote per-read histogram for                                
                    YYYR_003-EKC-fourUnew-WT-70C-dms-MaP-3 (GA) to              
                    examples/all_mutcounts/mut_count/mut_count___cfg-2316bc5/art
                    ifacts/YYYR_003-EKC-fourUnew-WT-70C-dms-MaP-3/per_read_histo
                    gram.txtga                                                  
           INFO     Found ShapeMapper profile for                               
                    004-EKC-fourUnew-WT-70C-dms-MaP-4 at                        
                    examples/all_mutcounts/mut_count/mut_count___cfg-2316bc5/art
                    ifacts/004-EKC-fourUnew-WT-70C-dms-MaP-4/004-EKC-fourUnew-WT
                    -70C-dms-MaP-4_004-EKC-fourUnew-WT-70C-dms-MaP-4_profile.txt
           INFO     Inserted probe_fmod_run for sample ID 213 (Run ID: 774)     
           INFO     Inserted probe_fmod_run 774 for sample                      
                    004-EKC-fourUnew-WT-70C-dms-MaP-4                           
           INFO     Bulk inserted 80 fmod_vals records.                         
           INFO     Inserted 80 probe_fmod_values records for                   
                    004-EKC-fourUnew-WT-70C-dms-MaP-4 (modrate).                
           INFO     Bulk inserted 80 fmod_vals records.                         
           INFO     Inserted 80 probe_fmod_values records for                   
                    004-EKC-fourUnew-WT-70C-dms-MaP-4 (GAmodrate).              
           INFO     Wrote per-read histogram for                                
                    004-EKC-fourUnew-WT-70C-dms-MaP-4 (Modified) to             
                    examples/all_mutcounts/mut_count/mut_count___cfg-2316bc5/art
                    ifacts/004-EKC-fourUnew-WT-70C-dms-MaP-4/per_read_histogram.
                    txt                                                         
           INFO     Wrote per-read histogram for                                
                    004-EKC-fourUnew-WT-70C-dms-MaP-4 (GA) to                   
                    examples/all_mutcounts/mut_count/mut_count___cfg-2316bc5/art
                    ifacts/004-EKC-fourUnew-WT-70C-dms-MaP-4/per_read_histogram.
                    txtga                                                       
           INFO     Found ShapeMapper profile for                               
                    004-EKC-fourUnew-WT-70C-dms-MaP-4_rerun at                  
                    examples/all_mutcounts/mut_count/mut_count___cfg-2316bc5/art
                    ifacts/004-EKC-fourUnew-WT-70C-dms-MaP-4_rerun/004-EKC-fourU
                    new-WT-70C-dms-MaP-4_rerun_004-EKC-fourUnew-WT-70C-dms-MaP-4
                    _rerun_profile.txt                                          
           INFO     Inserted probe_fmod_run for sample ID 285 (Run ID: 775)     
           INFO     Inserted probe_fmod_run 775 for sample                      
                    004-EKC-fourUnew-WT-70C-dms-MaP-4_rerun                     
           INFO     Bulk inserted 80 fmod_vals records.                         
           INFO     Inserted 80 probe_fmod_values records for                   
                    004-EKC-fourUnew-WT-70C-dms-MaP-4_rerun (modrate).          
           INFO     Bulk inserted 80 fmod_vals records.                         
           INFO     Inserted 80 probe_fmod_values records for                   
                    004-EKC-fourUnew-WT-70C-dms-MaP-4_rerun (GAmodrate).        
           INFO     Wrote per-read histogram for                                
                    004-EKC-fourUnew-WT-70C-dms-MaP-4_rerun (Modified) to       
                    examples/all_mutcounts/mut_count/mut_count___cfg-2316bc5/art
                    ifacts/004-EKC-fourUnew-WT-70C-dms-MaP-4_rerun/per_read_hist
                    ogram.txt                                                   
           INFO     Wrote per-read histogram for                                
                    004-EKC-fourUnew-WT-70C-dms-MaP-4_rerun (GA) to             
                    examples/all_mutcounts/mut_count/mut_count___cfg-2316bc5/art
                    ifacts/004-EKC-fourUnew-WT-70C-dms-MaP-4_rerun/per_read_hist
                    ogram.txtga                                                 
           INFO     Found ShapeMapper profile for                               
                    RRRY_004-EKC-fourUnew-WT-70C-dms-MaP-4 at                   
                    examples/all_mutcounts/mut_count/mut_count___cfg-2316bc5/art
                    ifacts/RRRY_004-EKC-fourUnew-WT-70C-dms-MaP-4/RRRY_004-EKC-f
                    ourUnew-WT-70C-dms-MaP-4_RRRY_004-EKC-fourUnew-WT-70C-dms-Ma
                    P-4_profile.txt                                             
           INFO     Inserted probe_fmod_run for sample ID 240 (Run ID: 776)     
           INFO     Inserted probe_fmod_run 776 for sample                      
                    RRRY_004-EKC-fourUnew-WT-70C-dms-MaP-4                      
           INFO     Bulk inserted 80 fmod_vals records.                         
           INFO     Inserted 80 probe_fmod_values records for                   
                    RRRY_004-EKC-fourUnew-WT-70C-dms-MaP-4 (modrate).           
[17:51:16] INFO     Bulk inserted 80 fmod_vals records.                         
           INFO     Inserted 80 probe_fmod_values records for                   
                    RRRY_004-EKC-fourUnew-WT-70C-dms-MaP-4 (GAmodrate).         
           INFO     Wrote per-read histogram for                                
                    RRRY_004-EKC-fourUnew-WT-70C-dms-MaP-4 (Modified) to        
                    examples/all_mutcounts/mut_count/mut_count___cfg-2316bc5/art
                    ifacts/RRRY_004-EKC-fourUnew-WT-70C-dms-MaP-4/per_read_histo
                    gram.txt                                                    
           INFO     Wrote per-read histogram for                                
                    RRRY_004-EKC-fourUnew-WT-70C-dms-MaP-4 (GA) to              
                    examples/all_mutcounts/mut_count/mut_count___cfg-2316bc5/art
                    ifacts/RRRY_004-EKC-fourUnew-WT-70C-dms-MaP-4/per_read_histo
                    gram.txtga                                                  
           INFO     Found ShapeMapper profile for                               
                    YYYR_004-EKC-fourUnew-WT-70C-dms-MaP-4 at                   
                    examples/all_mutcounts/mut_count/mut_count___cfg-2316bc5/art
                    ifacts/YYYR_004-EKC-fourUnew-WT-70C-dms-MaP-4/YYYR_004-EKC-f
                    ourUnew-WT-70C-dms-MaP-4_YYYR_004-EKC-fourUnew-WT-70C-dms-Ma
                    P-4_profile.txt                                             
           INFO     Inserted probe_fmod_run for sample ID 241 (Run ID: 777)     
           INFO     Inserted probe_fmod_run 777 for sample                      
                    YYYR_004-EKC-fourUnew-WT-70C-dms-MaP-4                      
           INFO     Bulk inserted 80 fmod_vals records.                         
           INFO     Inserted 80 probe_fmod_values records for                   
                    YYYR_004-EKC-fourUnew-WT-70C-dms-MaP-4 (modrate).           
           INFO     Bulk inserted 80 fmod_vals records.                         
           INFO     Inserted 80 probe_fmod_values records for                   
                    YYYR_004-EKC-fourUnew-WT-70C-dms-MaP-4 (GAmodrate).         
           INFO     Wrote per-read histogram for                                
                    YYYR_004-EKC-fourUnew-WT-70C-dms-MaP-4 (Modified) to        
                    examples/all_mutcounts/mut_count/mut_count___cfg-2316bc5/art
                    ifacts/YYYR_004-EKC-fourUnew-WT-70C-dms-MaP-4/per_read_histo
                    gram.txt                                                    
           INFO     Wrote per-read histogram for                                
                    YYYR_004-EKC-fourUnew-WT-70C-dms-MaP-4 (GA) to              
                    examples/all_mutcounts/mut_count/mut_count___cfg-2316bc5/art
                    ifacts/YYYR_004-EKC-fourUnew-WT-70C-dms-MaP-4/per_read_histo
                    gram.txtga                                                  
           INFO     Found ShapeMapper profile for                               
                    005-EKC-fourUnew-WT-70C-dms-MaP-5 at                        
                    examples/all_mutcounts/mut_count/mut_count___cfg-2316bc5/art
                    ifacts/005-EKC-fourUnew-WT-70C-dms-MaP-5/005-EKC-fourUnew-WT
                    -70C-dms-MaP-5_005-EKC-fourUnew-WT-70C-dms-MaP-5_profile.txt
           INFO     Inserted probe_fmod_run for sample ID 214 (Run ID: 778)     
           INFO     Inserted probe_fmod_run 778 for sample                      
                    005-EKC-fourUnew-WT-70C-dms-MaP-5                           
           INFO     Bulk inserted 80 fmod_vals records.                         
           INFO     Inserted 80 probe_fmod_values records for                   
                    005-EKC-fourUnew-WT-70C-dms-MaP-5 (modrate).                
           INFO     Bulk inserted 80 fmod_vals records.                         
           INFO     Inserted 80 probe_fmod_values records for                   
                    005-EKC-fourUnew-WT-70C-dms-MaP-5 (GAmodrate).              
           INFO     Wrote per-read histogram for                                
                    005-EKC-fourUnew-WT-70C-dms-MaP-5 (Modified) to             
                    examples/all_mutcounts/mut_count/mut_count___cfg-2316bc5/art
                    ifacts/005-EKC-fourUnew-WT-70C-dms-MaP-5/per_read_histogram.
                    txt                                                         
           INFO     Wrote per-read histogram for                                
                    005-EKC-fourUnew-WT-70C-dms-MaP-5 (GA) to                   
                    examples/all_mutcounts/mut_count/mut_count___cfg-2316bc5/art
                    ifacts/005-EKC-fourUnew-WT-70C-dms-MaP-5/per_read_histogram.
                    txtga                                                       
           INFO     Found ShapeMapper profile for                               
                    005-EKC-fourUnew-WT-70C-dms-MaP-5_rerun at                  
                    examples/all_mutcounts/mut_count/mut_count___cfg-2316bc5/art
                    ifacts/005-EKC-fourUnew-WT-70C-dms-MaP-5_rerun/005-EKC-fourU
                    new-WT-70C-dms-MaP-5_rerun_005-EKC-fourUnew-WT-70C-dms-MaP-5
                    _rerun_profile.txt                                          
           INFO     Inserted probe_fmod_run for sample ID 286 (Run ID: 779)     
           INFO     Inserted probe_fmod_run 779 for sample                      
                    005-EKC-fourUnew-WT-70C-dms-MaP-5_rerun                     
           INFO     Bulk inserted 80 fmod_vals records.                         
           INFO     Inserted 80 probe_fmod_values records for                   
                    005-EKC-fourUnew-WT-70C-dms-MaP-5_rerun (modrate).          
           INFO     Bulk inserted 80 fmod_vals records.                         
           INFO     Inserted 80 probe_fmod_values records for                   
                    005-EKC-fourUnew-WT-70C-dms-MaP-5_rerun (GAmodrate).        
           INFO     Wrote per-read histogram for                                
                    005-EKC-fourUnew-WT-70C-dms-MaP-5_rerun (Modified) to       
                    examples/all_mutcounts/mut_count/mut_count___cfg-2316bc5/art
                    ifacts/005-EKC-fourUnew-WT-70C-dms-MaP-5_rerun/per_read_hist
                    ogram.txt                                                   
           INFO     Wrote per-read histogram for                                
                    005-EKC-fourUnew-WT-70C-dms-MaP-5_rerun (GA) to             
                    examples/all_mutcounts/mut_count/mut_count___cfg-2316bc5/art
                    ifacts/005-EKC-fourUnew-WT-70C-dms-MaP-5_rerun/per_read_hist
                    ogram.txtga                                                 
           INFO     Found ShapeMapper profile for                               
                    RRRY_005-EKC-fourUnew-WT-70C-dms-MaP-5 at                   
                    examples/all_mutcounts/mut_count/mut_count___cfg-2316bc5/art
                    ifacts/RRRY_005-EKC-fourUnew-WT-70C-dms-MaP-5/RRRY_005-EKC-f
                    ourUnew-WT-70C-dms-MaP-5_RRRY_005-EKC-fourUnew-WT-70C-dms-Ma
                    P-5_profile.txt                                             
           INFO     Inserted probe_fmod_run for sample ID 242 (Run ID: 780)     
           INFO     Inserted probe_fmod_run 780 for sample                      
                    RRRY_005-EKC-fourUnew-WT-70C-dms-MaP-5                      
           INFO     Bulk inserted 80 fmod_vals records.                         
           INFO     Inserted 80 probe_fmod_values records for                   
                    RRRY_005-EKC-fourUnew-WT-70C-dms-MaP-5 (modrate).           
           INFO     Bulk inserted 80 fmod_vals records.                         
           INFO     Inserted 80 probe_fmod_values records for                   
                    RRRY_005-EKC-fourUnew-WT-70C-dms-MaP-5 (GAmodrate).         
           INFO     Wrote per-read histogram for                                
                    RRRY_005-EKC-fourUnew-WT-70C-dms-MaP-5 (Modified) to        
                    examples/all_mutcounts/mut_count/mut_count___cfg-2316bc5/art
                    ifacts/RRRY_005-EKC-fourUnew-WT-70C-dms-MaP-5/per_read_histo
                    gram.txt                                                    
           INFO     Wrote per-read histogram for                                
                    RRRY_005-EKC-fourUnew-WT-70C-dms-MaP-5 (GA) to              
                    examples/all_mutcounts/mut_count/mut_count___cfg-2316bc5/art
                    ifacts/RRRY_005-EKC-fourUnew-WT-70C-dms-MaP-5/per_read_histo
                    gram.txtga                                                  
           INFO     Found ShapeMapper profile for                               
                    YYYR_005-EKC-fourUnew-WT-70C-dms-MaP-5 at                   
                    examples/all_mutcounts/mut_count/mut_count___cfg-2316bc5/art
                    ifacts/YYYR_005-EKC-fourUnew-WT-70C-dms-MaP-5/YYYR_005-EKC-f
                    ourUnew-WT-70C-dms-MaP-5_YYYR_005-EKC-fourUnew-WT-70C-dms-Ma
                    P-5_profile.txt                                             
           INFO     Inserted probe_fmod_run for sample ID 243 (Run ID: 781)     
           INFO     Inserted probe_fmod_run 781 for sample                      
                    YYYR_005-EKC-fourUnew-WT-70C-dms-MaP-5                      
           INFO     Bulk inserted 80 fmod_vals records.                         
           INFO     Inserted 80 probe_fmod_values records for                   
                    YYYR_005-EKC-fourUnew-WT-70C-dms-MaP-5 (modrate).           
           INFO     Bulk inserted 80 fmod_vals records.                         
           INFO     Inserted 80 probe_fmod_values records for                   
                    YYYR_005-EKC-fourUnew-WT-70C-dms-MaP-5 (GAmodrate).         
           INFO     Wrote per-read histogram for                                
                    YYYR_005-EKC-fourUnew-WT-70C-dms-MaP-5 (Modified) to        
                    examples/all_mutcounts/mut_count/mut_count___cfg-2316bc5/art
                    ifacts/YYYR_005-EKC-fourUnew-WT-70C-dms-MaP-5/per_read_histo
                    gram.txt                                                    
           INFO     Wrote per-read histogram for                                
                    YYYR_005-EKC-fourUnew-WT-70C-dms-MaP-5 (GA) to              
                    examples/all_mutcounts/mut_count/mut_count___cfg-2316bc5/art
                    ifacts/YYYR_005-EKC-fourUnew-WT-70C-dms-MaP-5/per_read_histo
                    gram.txtga                                                  
           INFO     Found ShapeMapper profile for                               
                    006-EKC-fourUnew-WT-70C-dms-MaP-6 at                        
                    examples/all_mutcounts/mut_count/mut_count___cfg-2316bc5/art
                    ifacts/006-EKC-fourUnew-WT-70C-dms-MaP-6/006-EKC-fourUnew-WT
                    -70C-dms-MaP-6_006-EKC-fourUnew-WT-70C-dms-MaP-6_profile.txt
           INFO     Inserted probe_fmod_run for sample ID 215 (Run ID: 782)     
           INFO     Inserted probe_fmod_run 782 for sample                      
                    006-EKC-fourUnew-WT-70C-dms-MaP-6                           
           INFO     Bulk inserted 80 fmod_vals records.                         
           INFO     Inserted 80 probe_fmod_values records for                   
                    006-EKC-fourUnew-WT-70C-dms-MaP-6 (modrate).                
           INFO     Bulk inserted 80 fmod_vals records.                         
           INFO     Inserted 80 probe_fmod_values records for                   
                    006-EKC-fourUnew-WT-70C-dms-MaP-6 (GAmodrate).              
           INFO     Wrote per-read histogram for                                
                    006-EKC-fourUnew-WT-70C-dms-MaP-6 (Modified) to             
                    examples/all_mutcounts/mut_count/mut_count___cfg-2316bc5/art
                    ifacts/006-EKC-fourUnew-WT-70C-dms-MaP-6/per_read_histogram.
                    txt                                                         
           INFO     Wrote per-read histogram for                                
                    006-EKC-fourUnew-WT-70C-dms-MaP-6 (GA) to                   
                    examples/all_mutcounts/mut_count/mut_count___cfg-2316bc5/art
                    ifacts/006-EKC-fourUnew-WT-70C-dms-MaP-6/per_read_histogram.
                    txtga                                                       
           INFO     Found ShapeMapper profile for                               
                    006-EKC-fourUnew-WT-70C-dms-MaP-6_rerun at                  
                    examples/all_mutcounts/mut_count/mut_count___cfg-2316bc5/art
                    ifacts/006-EKC-fourUnew-WT-70C-dms-MaP-6_rerun/006-EKC-fourU
                    new-WT-70C-dms-MaP-6_rerun_006-EKC-fourUnew-WT-70C-dms-MaP-6
                    _rerun_profile.txt                                          
           INFO     Inserted probe_fmod_run for sample ID 287 (Run ID: 783)     
           INFO     Inserted probe_fmod_run 783 for sample                      
                    006-EKC-fourUnew-WT-70C-dms-MaP-6_rerun                     
           INFO     Bulk inserted 80 fmod_vals records.                         
           INFO     Inserted 80 probe_fmod_values records for                   
                    006-EKC-fourUnew-WT-70C-dms-MaP-6_rerun (modrate).          
           INFO     Bulk inserted 80 fmod_vals records.                         
           INFO     Inserted 80 probe_fmod_values records for                   
                    006-EKC-fourUnew-WT-70C-dms-MaP-6_rerun (GAmodrate).        
           INFO     Wrote per-read histogram for                                
                    006-EKC-fourUnew-WT-70C-dms-MaP-6_rerun (Modified) to       
                    examples/all_mutcounts/mut_count/mut_count___cfg-2316bc5/art
                    ifacts/006-EKC-fourUnew-WT-70C-dms-MaP-6_rerun/per_read_hist
                    ogram.txt                                                   
           INFO     Wrote per-read histogram for                                
                    006-EKC-fourUnew-WT-70C-dms-MaP-6_rerun (GA) to             
                    examples/all_mutcounts/mut_count/mut_count___cfg-2316bc5/art
                    ifacts/006-EKC-fourUnew-WT-70C-dms-MaP-6_rerun/per_read_hist
                    ogram.txtga                                                 
           INFO     Found ShapeMapper profile for                               
                    RRRY_006-EKC-fourUnew-WT-70C-dms-MaP-6 at                   
                    examples/all_mutcounts/mut_count/mut_count___cfg-2316bc5/art
                    ifacts/RRRY_006-EKC-fourUnew-WT-70C-dms-MaP-6/RRRY_006-EKC-f
                    ourUnew-WT-70C-dms-MaP-6_RRRY_006-EKC-fourUnew-WT-70C-dms-Ma
                    P-6_profile.txt                                             
           INFO     Inserted probe_fmod_run for sample ID 244 (Run ID: 784)     
           INFO     Inserted probe_fmod_run 784 for sample                      
                    RRRY_006-EKC-fourUnew-WT-70C-dms-MaP-6                      
           INFO     Bulk inserted 80 fmod_vals records.                         
           INFO     Inserted 80 probe_fmod_values records for                   
                    RRRY_006-EKC-fourUnew-WT-70C-dms-MaP-6 (modrate).           
           INFO     Bulk inserted 80 fmod_vals records.                         
           INFO     Inserted 80 probe_fmod_values records for                   
                    RRRY_006-EKC-fourUnew-WT-70C-dms-MaP-6 (GAmodrate).         
           INFO     Wrote per-read histogram for                                
                    RRRY_006-EKC-fourUnew-WT-70C-dms-MaP-6 (Modified) to        
                    examples/all_mutcounts/mut_count/mut_count___cfg-2316bc5/art
                    ifacts/RRRY_006-EKC-fourUnew-WT-70C-dms-MaP-6/per_read_histo
                    gram.txt                                                    
           INFO     Wrote per-read histogram for                                
                    RRRY_006-EKC-fourUnew-WT-70C-dms-MaP-6 (GA) to              
                    examples/all_mutcounts/mut_count/mut_count___cfg-2316bc5/art
                    ifacts/RRRY_006-EKC-fourUnew-WT-70C-dms-MaP-6/per_read_histo
                    gram.txtga                                                  
           INFO     Found ShapeMapper profile for                               
                    YYYR_006-EKC-fourUnew-WT-70C-dms-MaP-6 at                   
                    examples/all_mutcounts/mut_count/mut_count___cfg-2316bc5/art
                    ifacts/YYYR_006-EKC-fourUnew-WT-70C-dms-MaP-6/YYYR_006-EKC-f
                    ourUnew-WT-70C-dms-MaP-6_YYYR_006-EKC-fourUnew-WT-70C-dms-Ma
                    P-6_profile.txt                                             
           INFO     Inserted probe_fmod_run for sample ID 245 (Run ID: 785)     
           INFO     Inserted probe_fmod_run 785 for sample                      
                    YYYR_006-EKC-fourUnew-WT-70C-dms-MaP-6                      
           INFO     Bulk inserted 80 fmod_vals records.                         
           INFO     Inserted 80 probe_fmod_values records for                   
                    YYYR_006-EKC-fourUnew-WT-70C-dms-MaP-6 (modrate).           
           INFO     Bulk inserted 80 fmod_vals records.                         
           INFO     Inserted 80 probe_fmod_values records for                   
                    YYYR_006-EKC-fourUnew-WT-70C-dms-MaP-6 (GAmodrate).         
           INFO     Wrote per-read histogram for                                
                    YYYR_006-EKC-fourUnew-WT-70C-dms-MaP-6 (Modified) to        
                    examples/all_mutcounts/mut_count/mut_count___cfg-2316bc5/art
                    ifacts/YYYR_006-EKC-fourUnew-WT-70C-dms-MaP-6/per_read_histo
                    gram.txt                                                    
           INFO     Wrote per-read histogram for                                
                    YYYR_006-EKC-fourUnew-WT-70C-dms-MaP-6 (GA) to              
                    examples/all_mutcounts/mut_count/mut_count___cfg-2316bc5/art
                    ifacts/YYYR_006-EKC-fourUnew-WT-70C-dms-MaP-6/per_read_histo
                    gram.txtga                                                  
           INFO     mut_count completed. Profiles found for 24/24 samples;      
                    ingested 24 run(s).                                         
           INFO     Finished task ID 87 with state 'completed'                  
           INFO     Task 'mut_count' (ID: 87) completed successfully.           
           INFO     Updated 'latest' symlink for task 'mut_count' to point to   
                    /gpfs/projects/b1044/Computational_Output/EKC/EKC.01_SHAPE_s
                    tandardization/EKC.01.065.refactoring_data_analysis/nerd/exa
                    mples/all_mutcounts/mut_count/mut_count___cfg-2316bc5       
