[17:42:22] INFO     Executing 'run' command for step: 'mut_count'               
[17:42:22] INFO     Database schema initialized successfully.                   
           INFO     Created run directory:                                      
                    examples/all_mutcounts/mut_count/mut_count___cfg-6b10d20    
           INFO     Executing task 'mut_count' in run directory:                
                    examples/all_mutcounts/mut_count/mut_count___cfg-6b10d20    
           INFO     Resolved reaction_group 75_1_12 to 7 sample(s).             
           INFO     Began task 'mut_count' (ID: 103) for rg:119                 
                    (cfg=6b10d206c058beef88c5c99144048fc8ddc944061e1ef7317c4bb69
                    edf10ce92)                                                  
           INFO     Starting command (backend=local) in                         
                    examples/all_mutcounts/mut_count/mut_count___cfg-6b10d20    
           INFO     Executing command locally. Log file:                        
                    examples/all_mutcounts/mut_count/mut_count___cfg-6b10d20/com
                    mand.log                                                    
[17:46:35] INFO     Command finished with exit code: 0                          
           INFO     Logged attempt #1 for task ID 103 (Attempt ID: 91)          
           INFO     Command completed successfully. Consuming outputs.          
           INFO     Found ShapeMapper profile for 025-HIV-C30U-75c-a-1-p at     
                    examples/all_mutcounts/mut_count/mut_count___cfg-6b10d20/art
                    ifacts/025-HIV-C30U-75c-a-1-p/025-HIV-C30U-75c-a-1-p_025-HIV
                    -C30U-75c-a-1-p_profile.txt                                 
           INFO     Inserted probe_fmod_run for sample ID 996 (Run ID: 713)     
           INFO     Inserted probe_fmod_run 713 for sample                      
                    025-HIV-C30U-75c-a-1-p                                      
           INFO     Bulk inserted 74 fmod_vals records.                         
           INFO     Inserted 74 probe_fmod_values records for                   
                    025-HIV-C30U-75c-a-1-p (modrate).                           
           INFO     Bulk inserted 74 fmod_vals records.                         
           INFO     Inserted 74 probe_fmod_values records for                   
                    025-HIV-C30U-75c-a-1-p (GAmodrate).                         
           INFO     Wrote per-read histogram for 025-HIV-C30U-75c-a-1-p         
                    (Modified) to                                               
                    examples/all_mutcounts/mut_count/mut_count___cfg-6b10d20/art
                    ifacts/025-HIV-C30U-75c-a-1-p/per_read_histogram.txt        
           INFO     Wrote per-read histogram for 025-HIV-C30U-75c-a-1-p (GA) to 
                    examples/all_mutcounts/mut_count/mut_count___cfg-6b10d20/art
                    ifacts/025-HIV-C30U-75c-a-1-p/per_read_histogram.txtga      
           INFO     Found ShapeMapper profile for 026-HIV-C30U-75c-a-2-p at     
                    examples/all_mutcounts/mut_count/mut_count___cfg-6b10d20/art
                    ifacts/026-HIV-C30U-75c-a-2-p/026-HIV-C30U-75c-a-2-p_026-HIV
                    -C30U-75c-a-2-p_profile.txt                                 
           INFO     Inserted probe_fmod_run for sample ID 997 (Run ID: 714)     
           INFO     Inserted probe_fmod_run 714 for sample                      
                    026-HIV-C30U-75c-a-2-p                                      
[17:46:36] INFO     Bulk inserted 74 fmod_vals records.                         
           INFO     Inserted 74 probe_fmod_values records for                   
                    026-HIV-C30U-75c-a-2-p (modrate).                           
           INFO     Bulk inserted 74 fmod_vals records.                         
           INFO     Inserted 74 probe_fmod_values records for                   
                    026-HIV-C30U-75c-a-2-p (GAmodrate).                         
           INFO     Wrote per-read histogram for 026-HIV-C30U-75c-a-2-p         
                    (Modified) to                                               
                    examples/all_mutcounts/mut_count/mut_count___cfg-6b10d20/art
                    ifacts/026-HIV-C30U-75c-a-2-p/per_read_histogram.txt        
           INFO     Wrote per-read histogram for 026-HIV-C30U-75c-a-2-p (GA) to 
                    examples/all_mutcounts/mut_count/mut_count___cfg-6b10d20/art
                    ifacts/026-HIV-C30U-75c-a-2-p/per_read_histogram.txtga      
           INFO     Found ShapeMapper profile for 027-HIV-C30U-75c-a-3-p at     
                    examples/all_mutcounts/mut_count/mut_count___cfg-6b10d20/art
                    ifacts/027-HIV-C30U-75c-a-3-p/027-HIV-C30U-75c-a-3-p_027-HIV
                    -C30U-75c-a-3-p_profile.txt                                 
           INFO     Inserted probe_fmod_run for sample ID 998 (Run ID: 715)     
           INFO     Inserted probe_fmod_run 715 for sample                      
                    027-HIV-C30U-75c-a-3-p                                      
           INFO     Bulk inserted 74 fmod_vals records.                         
           INFO     Inserted 74 probe_fmod_values records for                   
                    027-HIV-C30U-75c-a-3-p (modrate).                           
           INFO     Bulk inserted 74 fmod_vals records.                         
           INFO     Inserted 74 probe_fmod_values records for                   
                    027-HIV-C30U-75c-a-3-p (GAmodrate).                         
           INFO     Wrote per-read histogram for 027-HIV-C30U-75c-a-3-p         
                    (Modified) to                                               
                    examples/all_mutcounts/mut_count/mut_count___cfg-6b10d20/art
                    ifacts/027-HIV-C30U-75c-a-3-p/per_read_histogram.txt        
           INFO     Wrote per-read histogram for 027-HIV-C30U-75c-a-3-p (GA) to 
                    examples/all_mutcounts/mut_count/mut_count___cfg-6b10d20/art
                    ifacts/027-HIV-C30U-75c-a-3-p/per_read_histogram.txtga      
           INFO     Found ShapeMapper profile for 028-HIV-C30U-75c-a-4-p at     
                    examples/all_mutcounts/mut_count/mut_count___cfg-6b10d20/art
                    ifacts/028-HIV-C30U-75c-a-4-p/028-HIV-C30U-75c-a-4-p_028-HIV
                    -C30U-75c-a-4-p_profile.txt                                 
           INFO     Inserted probe_fmod_run for sample ID 999 (Run ID: 716)     
           INFO     Inserted probe_fmod_run 716 for sample                      
                    028-HIV-C30U-75c-a-4-p                                      
           INFO     Bulk inserted 74 fmod_vals records.                         
           INFO     Inserted 74 probe_fmod_values records for                   
                    028-HIV-C30U-75c-a-4-p (modrate).                           
           INFO     Bulk inserted 74 fmod_vals records.                         
           INFO     Inserted 74 probe_fmod_values records for                   
                    028-HIV-C30U-75c-a-4-p (GAmodrate).                         
           INFO     Wrote per-read histogram for 028-HIV-C30U-75c-a-4-p         
                    (Modified) to                                               
                    examples/all_mutcounts/mut_count/mut_count___cfg-6b10d20/art
                    ifacts/028-HIV-C30U-75c-a-4-p/per_read_histogram.txt        
           INFO     Wrote per-read histogram for 028-HIV-C30U-75c-a-4-p (GA) to 
                    examples/all_mutcounts/mut_count/mut_count___cfg-6b10d20/art
                    ifacts/028-HIV-C30U-75c-a-4-p/per_read_histogram.txtga      
           INFO     Found ShapeMapper profile for 029-HIV-C30U-75c-a-5-p at     
                    examples/all_mutcounts/mut_count/mut_count___cfg-6b10d20/art
                    ifacts/029-HIV-C30U-75c-a-5-p/029-HIV-C30U-75c-a-5-p_029-HIV
                    -C30U-75c-a-5-p_profile.txt                                 
           INFO     Inserted probe_fmod_run for sample ID 1000 (Run ID: 717)    
           INFO     Inserted probe_fmod_run 717 for sample                      
                    029-HIV-C30U-75c-a-5-p                                      
           INFO     Bulk inserted 74 fmod_vals records.                         
           INFO     Inserted 74 probe_fmod_values records for                   
                    029-HIV-C30U-75c-a-5-p (modrate).                           
           INFO     Bulk inserted 74 fmod_vals records.                         
           INFO     Inserted 74 probe_fmod_values records for                   
                    029-HIV-C30U-75c-a-5-p (GAmodrate).                         
           INFO     Wrote per-read histogram for 029-HIV-C30U-75c-a-5-p         
                    (Modified) to                                               
                    examples/all_mutcounts/mut_count/mut_count___cfg-6b10d20/art
                    ifacts/029-HIV-C30U-75c-a-5-p/per_read_histogram.txt        
           INFO     Wrote per-read histogram for 029-HIV-C30U-75c-a-5-p (GA) to 
                    examples/all_mutcounts/mut_count/mut_count___cfg-6b10d20/art
                    ifacts/029-HIV-C30U-75c-a-5-p/per_read_histogram.txtga      
           INFO     Found ShapeMapper profile for 030-HIV-C30U-75c-a-6-p at     
                    examples/all_mutcounts/mut_count/mut_count___cfg-6b10d20/art
                    ifacts/030-HIV-C30U-75c-a-6-p/030-HIV-C30U-75c-a-6-p_030-HIV
                    -C30U-75c-a-6-p_profile.txt                                 
           INFO     Inserted probe_fmod_run for sample ID 1001 (Run ID: 718)    
           INFO     Inserted probe_fmod_run 718 for sample                      
                    030-HIV-C30U-75c-a-6-p                                      
           INFO     Bulk inserted 74 fmod_vals records.                         
           INFO     Inserted 74 probe_fmod_values records for                   
                    030-HIV-C30U-75c-a-6-p (modrate).                           
           INFO     Bulk inserted 74 fmod_vals records.                         
           INFO     Inserted 74 probe_fmod_values records for                   
                    030-HIV-C30U-75c-a-6-p (GAmodrate).                         
           INFO     Wrote per-read histogram for 030-HIV-C30U-75c-a-6-p         
                    (Modified) to                                               
                    examples/all_mutcounts/mut_count/mut_count___cfg-6b10d20/art
                    ifacts/030-HIV-C30U-75c-a-6-p/per_read_histogram.txt        
           INFO     Wrote per-read histogram for 030-HIV-C30U-75c-a-6-p (GA) to 
                    examples/all_mutcounts/mut_count/mut_count___cfg-6b10d20/art
                    ifacts/030-HIV-C30U-75c-a-6-p/per_read_histogram.txtga      
           INFO     Found ShapeMapper profile for 085-HIV-C30U-75c-a-6-m at     
                    examples/all_mutcounts/mut_count/mut_count___cfg-6b10d20/art
                    ifacts/085-HIV-C30U-75c-a-6-m/085-HIV-C30U-75c-a-6-m_085-HIV
                    -C30U-75c-a-6-m_profile.txt                                 
           INFO     Inserted probe_fmod_run for sample ID 1056 (Run ID: 719)    
           INFO     Inserted probe_fmod_run 719 for sample                      
                    085-HIV-C30U-75c-a-6-m                                      
           INFO     Bulk inserted 74 fmod_vals records.                         
           INFO     Inserted 74 probe_fmod_values records for                   
                    085-HIV-C30U-75c-a-6-m (modrate).                           
           INFO     Bulk inserted 74 fmod_vals records.                         
           INFO     Inserted 74 probe_fmod_values records for                   
                    085-HIV-C30U-75c-a-6-m (GAmodrate).                         
           INFO     Wrote per-read histogram for 085-HIV-C30U-75c-a-6-m         
                    (Modified) to                                               
                    examples/all_mutcounts/mut_count/mut_count___cfg-6b10d20/art
                    ifacts/085-HIV-C30U-75c-a-6-m/per_read_histogram.txt        
           INFO     Wrote per-read histogram for 085-HIV-C30U-75c-a-6-m (GA) to 
                    examples/all_mutcounts/mut_count/mut_count___cfg-6b10d20/art
                    ifacts/085-HIV-C30U-75c-a-6-m/per_read_histogram.txtga      
           INFO     mut_count completed. Profiles found for 7/7 samples;        
                    ingested 7 run(s).                                          
           INFO     Finished task ID 103 with state 'completed'                 
           INFO     Task 'mut_count' (ID: 103) completed successfully.          
           INFO     Updated 'latest' symlink for task 'mut_count' to point to   
                    /gpfs/projects/b1044/Computational_Output/EKC/EKC.01_SHAPE_s
                    tandardization/EKC.01.065.refactoring_data_analysis/nerd/exa
                    mples/all_mutcounts/mut_count/mut_count___cfg-6b10d20       
