[13:56:57] INFO     Executing 'run' command for step: 'mut_count'               
[13:56:57] INFO     Database schema initialized successfully.                   
           INFO     Created run directory:                                      
                    examples/all_mutcounts/mut_count/mut_count___cfg-64afec1    
           INFO     Executing task 'mut_count' in run directory:                
                    examples/all_mutcounts/mut_count/mut_count___cfg-64afec1    
           INFO     Resolved reaction_group 20_1_A8C to 8 sample(s).            
           INFO     Began task 'mut_count' (ID: 24) for rg:63                   
                    (cfg=64afec1685f68e63ed5284c3fb635c9ffd75422d9858c140de3cbab
                    c0d2075d1)                                                  
           INFO     Starting command (backend=local) in                         
                    examples/all_mutcounts/mut_count/mut_count___cfg-64afec1    
           INFO     Executing command locally. Log file:                        
                    examples/all_mutcounts/mut_count/mut_count___cfg-64afec1/com
                    mand.log                                                    
[15:56:58] INFO     Command finished with exit code: 0                          
           INFO     Logged attempt #1 for task ID 24 (Attempt ID: 45)           
           INFO     Command completed successfully. Consuming outputs.          
           INFO     Found ShapeMapper profile for 025_fourU_A8C_20c_a_1_p at    
                    examples/all_mutcounts/mut_count/mut_count___cfg-64afec1/art
                    ifacts/025_fourU_A8C_20c_a_1_p/025_fourU_A8C_20c_a_1_p_025_f
                    ourU_A8C_20c_a_1_p_profile.txt                              
           INFO     Inserted probe_fmod_run for sample ID 612 (Run ID: 329)     
           INFO     Inserted probe_fmod_run 329 for sample                      
                    025_fourU_A8C_20c_a_1_p                                     
           INFO     Bulk inserted 80 fmod_vals records.                         
           INFO     Inserted 80 probe_fmod_values records for                   
                    025_fourU_A8C_20c_a_1_p (modrate).                          
           INFO     Bulk inserted 80 fmod_vals records.                         
           INFO     Inserted 80 probe_fmod_values records for                   
                    025_fourU_A8C_20c_a_1_p (GAmodrate).                        
           INFO     Wrote per-read histogram for 025_fourU_A8C_20c_a_1_p        
                    (Modified) to                                               
                    examples/all_mutcounts/mut_count/mut_count___cfg-64afec1/art
                    ifacts/025_fourU_A8C_20c_a_1_p/per_read_histogram.txt       
           INFO     Wrote per-read histogram for 025_fourU_A8C_20c_a_1_p (GA) to
                    examples/all_mutcounts/mut_count/mut_count___cfg-64afec1/art
                    ifacts/025_fourU_A8C_20c_a_1_p/per_read_histogram.txtga     
           INFO     Found ShapeMapper profile for 026_fourU_A8C_20c_a_2_p at    
                    examples/all_mutcounts/mut_count/mut_count___cfg-64afec1/art
                    ifacts/026_fourU_A8C_20c_a_2_p/026_fourU_A8C_20c_a_2_p_026_f
                    ourU_A8C_20c_a_2_p_profile.txt                              
           INFO     Inserted probe_fmod_run for sample ID 613 (Run ID: 330)     
           INFO     Inserted probe_fmod_run 330 for sample                      
                    026_fourU_A8C_20c_a_2_p                                     
           INFO     Bulk inserted 80 fmod_vals records.                         
           INFO     Inserted 80 probe_fmod_values records for                   
                    026_fourU_A8C_20c_a_2_p (modrate).                          
[15:56:59] INFO     Bulk inserted 80 fmod_vals records.                         
           INFO     Inserted 80 probe_fmod_values records for                   
                    026_fourU_A8C_20c_a_2_p (GAmodrate).                        
           INFO     Wrote per-read histogram for 026_fourU_A8C_20c_a_2_p        
                    (Modified) to                                               
                    examples/all_mutcounts/mut_count/mut_count___cfg-64afec1/art
                    ifacts/026_fourU_A8C_20c_a_2_p/per_read_histogram.txt       
           INFO     Wrote per-read histogram for 026_fourU_A8C_20c_a_2_p (GA) to
                    examples/all_mutcounts/mut_count/mut_count___cfg-64afec1/art
                    ifacts/026_fourU_A8C_20c_a_2_p/per_read_histogram.txtga     
           INFO     Found ShapeMapper profile for 061_fourU_A8C20c_a_2_p at     
                    examples/all_mutcounts/mut_count/mut_count___cfg-64afec1/art
                    ifacts/061_fourU_A8C20c_a_2_p/061_fourU_A8C20c_a_2_p_061_fou
                    rU_A8C20c_a_2_p_profile.txt                                 
           INFO     Inserted probe_fmod_run for sample ID 744 (Run ID: 331)     
           INFO     Inserted probe_fmod_run 331 for sample                      
                    061_fourU_A8C20c_a_2_p                                      
           INFO     Bulk inserted 80 fmod_vals records.                         
           INFO     Inserted 80 probe_fmod_values records for                   
                    061_fourU_A8C20c_a_2_p (modrate).                           
           INFO     Bulk inserted 80 fmod_vals records.                         
           INFO     Inserted 80 probe_fmod_values records for                   
                    061_fourU_A8C20c_a_2_p (GAmodrate).                         
           INFO     Wrote per-read histogram for 061_fourU_A8C20c_a_2_p         
                    (Modified) to                                               
                    examples/all_mutcounts/mut_count/mut_count___cfg-64afec1/art
                    ifacts/061_fourU_A8C20c_a_2_p/per_read_histogram.txt        
           INFO     Wrote per-read histogram for 061_fourU_A8C20c_a_2_p (GA) to 
                    examples/all_mutcounts/mut_count/mut_count___cfg-64afec1/art
                    ifacts/061_fourU_A8C20c_a_2_p/per_read_histogram.txtga      
           INFO     Found ShapeMapper profile for 027_fourU_A8C_20c_a_3_p at    
                    examples/all_mutcounts/mut_count/mut_count___cfg-64afec1/art
                    ifacts/027_fourU_A8C_20c_a_3_p/027_fourU_A8C_20c_a_3_p_027_f
                    ourU_A8C_20c_a_3_p_profile.txt                              
           INFO     Inserted probe_fmod_run for sample ID 614 (Run ID: 332)     
           INFO     Inserted probe_fmod_run 332 for sample                      
                    027_fourU_A8C_20c_a_3_p                                     
           INFO     Bulk inserted 80 fmod_vals records.                         
           INFO     Inserted 80 probe_fmod_values records for                   
                    027_fourU_A8C_20c_a_3_p (modrate).                          
           INFO     Bulk inserted 80 fmod_vals records.                         
           INFO     Inserted 80 probe_fmod_values records for                   
                    027_fourU_A8C_20c_a_3_p (GAmodrate).                        
           INFO     Wrote per-read histogram for 027_fourU_A8C_20c_a_3_p        
                    (Modified) to                                               
                    examples/all_mutcounts/mut_count/mut_count___cfg-64afec1/art
                    ifacts/027_fourU_A8C_20c_a_3_p/per_read_histogram.txt       
           INFO     Wrote per-read histogram for 027_fourU_A8C_20c_a_3_p (GA) to
                    examples/all_mutcounts/mut_count/mut_count___cfg-64afec1/art
                    ifacts/027_fourU_A8C_20c_a_3_p/per_read_histogram.txtga     
           INFO     Found ShapeMapper profile for 028_fourU_A8C_20c_a_4_p at    
                    examples/all_mutcounts/mut_count/mut_count___cfg-64afec1/art
                    ifacts/028_fourU_A8C_20c_a_4_p/028_fourU_A8C_20c_a_4_p_028_f
                    ourU_A8C_20c_a_4_p_profile.txt                              
           INFO     Inserted probe_fmod_run for sample ID 615 (Run ID: 333)     
           INFO     Inserted probe_fmod_run 333 for sample                      
                    028_fourU_A8C_20c_a_4_p                                     
           INFO     Bulk inserted 80 fmod_vals records.                         
           INFO     Inserted 80 probe_fmod_values records for                   
                    028_fourU_A8C_20c_a_4_p (modrate).                          
           INFO     Bulk inserted 80 fmod_vals records.                         
           INFO     Inserted 80 probe_fmod_values records for                   
                    028_fourU_A8C_20c_a_4_p (GAmodrate).                        
           INFO     Wrote per-read histogram for 028_fourU_A8C_20c_a_4_p        
                    (Modified) to                                               
                    examples/all_mutcounts/mut_count/mut_count___cfg-64afec1/art
                    ifacts/028_fourU_A8C_20c_a_4_p/per_read_histogram.txt       
           INFO     Wrote per-read histogram for 028_fourU_A8C_20c_a_4_p (GA) to
                    examples/all_mutcounts/mut_count/mut_count___cfg-64afec1/art
                    ifacts/028_fourU_A8C_20c_a_4_p/per_read_histogram.txtga     
           INFO     Found ShapeMapper profile for 029_fourU_A8C_20c_a_5_p at    
                    examples/all_mutcounts/mut_count/mut_count___cfg-64afec1/art
                    ifacts/029_fourU_A8C_20c_a_5_p/029_fourU_A8C_20c_a_5_p_029_f
                    ourU_A8C_20c_a_5_p_profile.txt                              
           INFO     Inserted probe_fmod_run for sample ID 616 (Run ID: 334)     
           INFO     Inserted probe_fmod_run 334 for sample                      
                    029_fourU_A8C_20c_a_5_p                                     
           INFO     Bulk inserted 80 fmod_vals records.                         
           INFO     Inserted 80 probe_fmod_values records for                   
                    029_fourU_A8C_20c_a_5_p (modrate).                          
           INFO     Bulk inserted 80 fmod_vals records.                         
           INFO     Inserted 80 probe_fmod_values records for                   
                    029_fourU_A8C_20c_a_5_p (GAmodrate).                        
           INFO     Wrote per-read histogram for 029_fourU_A8C_20c_a_5_p        
                    (Modified) to                                               
                    examples/all_mutcounts/mut_count/mut_count___cfg-64afec1/art
                    ifacts/029_fourU_A8C_20c_a_5_p/per_read_histogram.txt       
           INFO     Wrote per-read histogram for 029_fourU_A8C_20c_a_5_p (GA) to
                    examples/all_mutcounts/mut_count/mut_count___cfg-64afec1/art
                    ifacts/029_fourU_A8C_20c_a_5_p/per_read_histogram.txtga     
           INFO     Found ShapeMapper profile for 030_fourU_A8C_20c_a_6_p at    
                    examples/all_mutcounts/mut_count/mut_count___cfg-64afec1/art
                    ifacts/030_fourU_A8C_20c_a_6_p/030_fourU_A8C_20c_a_6_p_030_f
                    ourU_A8C_20c_a_6_p_profile.txt                              
           INFO     Inserted probe_fmod_run for sample ID 617 (Run ID: 335)     
           INFO     Inserted probe_fmod_run 335 for sample                      
                    030_fourU_A8C_20c_a_6_p                                     
           INFO     Bulk inserted 80 fmod_vals records.                         
           INFO     Inserted 80 probe_fmod_values records for                   
                    030_fourU_A8C_20c_a_6_p (modrate).                          
           INFO     Bulk inserted 80 fmod_vals records.                         
           INFO     Inserted 80 probe_fmod_values records for                   
                    030_fourU_A8C_20c_a_6_p (GAmodrate).                        
           INFO     Wrote per-read histogram for 030_fourU_A8C_20c_a_6_p        
                    (Modified) to                                               
                    examples/all_mutcounts/mut_count/mut_count___cfg-64afec1/art
                    ifacts/030_fourU_A8C_20c_a_6_p/per_read_histogram.txt       
           INFO     Wrote per-read histogram for 030_fourU_A8C_20c_a_6_p (GA) to
                    examples/all_mutcounts/mut_count/mut_count___cfg-64afec1/art
                    ifacts/030_fourU_A8C_20c_a_6_p/per_read_histogram.txtga     
           INFO     Found ShapeMapper profile for 064_fourU_A8C20c_a_6_m at     
                    examples/all_mutcounts/mut_count/mut_count___cfg-64afec1/art
                    ifacts/064_fourU_A8C20c_a_6_m/064_fourU_A8C20c_a_6_m_064_fou
                    rU_A8C20c_a_6_m_profile.txt                                 
           INFO     Inserted probe_fmod_run for sample ID 747 (Run ID: 336)     
           INFO     Inserted probe_fmod_run 336 for sample                      
                    064_fourU_A8C20c_a_6_m                                      
           INFO     Bulk inserted 80 fmod_vals records.                         
           INFO     Inserted 80 probe_fmod_values records for                   
                    064_fourU_A8C20c_a_6_m (modrate).                           
           INFO     Bulk inserted 80 fmod_vals records.                         
           INFO     Inserted 80 probe_fmod_values records for                   
                    064_fourU_A8C20c_a_6_m (GAmodrate).                         
           INFO     Wrote per-read histogram for 064_fourU_A8C20c_a_6_m         
                    (Modified) to                                               
                    examples/all_mutcounts/mut_count/mut_count___cfg-64afec1/art
                    ifacts/064_fourU_A8C20c_a_6_m/per_read_histogram.txt        
           INFO     Wrote per-read histogram for 064_fourU_A8C20c_a_6_m (GA) to 
                    examples/all_mutcounts/mut_count/mut_count___cfg-64afec1/art
                    ifacts/064_fourU_A8C20c_a_6_m/per_read_histogram.txtga      
           INFO     mut_count completed. Profiles found for 8/8 samples;        
                    ingested 8 run(s).                                          
           INFO     Finished task ID 24 with state 'completed'                  
           INFO     Task 'mut_count' (ID: 24) completed successfully.           
           INFO     Updated 'latest' symlink for task 'mut_count' to point to   
                    /gpfs/projects/b1044/Computational_Output/EKC/EKC.01_SHAPE_s
                    tandardization/EKC.01.065.refactoring_data_analysis/nerd/exa
                    mples/all_mutcounts/mut_count/mut_count___cfg-64afec1       
