[16:40:18] INFO     Executing 'run' command for step: 'mut_count'               
[16:40:18] INFO     Database schema initialized successfully.                   
           INFO     Created run directory:                                      
                    examples/all_mutcounts/mut_count/mut_count___cfg-ad1fb50    
           INFO     Executing task 'mut_count' in run directory:                
                    examples/all_mutcounts/mut_count/mut_count___cfg-ad1fb50    
           INFO     Resolved reaction_group 48_2_A8C to 7 sample(s).            
           INFO     Began task 'mut_count' (ID: 73) for rg:74                   
                    (cfg=ad1fb50e13412ad8871751f93ec49d03ae6d4eb77ec422861ff0804
                    f6c125992)                                                  
           INFO     Starting command (backend=local) in                         
                    examples/all_mutcounts/mut_count/mut_count___cfg-ad1fb50    
           INFO     Executing command locally. Log file:                        
                    examples/all_mutcounts/mut_count/mut_count___cfg-ad1fb50/com
                    mand.log                                                    
[18:11:43] INFO     Command finished with exit code: 0                          
           INFO     Logged attempt #1 for task ID 73 (Attempt ID: 125)          
           INFO     Command completed successfully. Consuming outputs.          
           INFO     Found ShapeMapper profile for 091_fourU_A8C_48c_b_1_p at    
                    examples/all_mutcounts/mut_count/mut_count___cfg-ad1fb50/art
                    ifacts/091_fourU_A8C_48c_b_1_p/091_fourU_A8C_48c_b_1_p_091_f
                    ourU_A8C_48c_b_1_p_profile.txt                              
           INFO     Inserted probe_fmod_run for sample ID 678 (Run ID: 968)     
           INFO     Inserted probe_fmod_run 968 for sample                      
                    091_fourU_A8C_48c_b_1_p                                     
           INFO     Bulk inserted 80 fmod_vals records.                         
           INFO     Inserted 80 probe_fmod_values records for                   
                    091_fourU_A8C_48c_b_1_p (modrate).                          
           INFO     Bulk inserted 80 fmod_vals records.                         
           INFO     Inserted 80 probe_fmod_values records for                   
                    091_fourU_A8C_48c_b_1_p (GAmodrate).                        
           INFO     Wrote per-read histogram for 091_fourU_A8C_48c_b_1_p        
                    (Modified) to                                               
                    examples/all_mutcounts/mut_count/mut_count___cfg-ad1fb50/art
                    ifacts/091_fourU_A8C_48c_b_1_p/per_read_histogram.txt       
           INFO     Wrote per-read histogram for 091_fourU_A8C_48c_b_1_p (GA) to
                    examples/all_mutcounts/mut_count/mut_count___cfg-ad1fb50/art
                    ifacts/091_fourU_A8C_48c_b_1_p/per_read_histogram.txtga     
           INFO     Found ShapeMapper profile for 092_fourU_A8C_48c_b_2_p at    
                    examples/all_mutcounts/mut_count/mut_count___cfg-ad1fb50/art
                    ifacts/092_fourU_A8C_48c_b_2_p/092_fourU_A8C_48c_b_2_p_092_f
                    ourU_A8C_48c_b_2_p_profile.txt                              
           INFO     Inserted probe_fmod_run for sample ID 679 (Run ID: 969)     
           INFO     Inserted probe_fmod_run 969 for sample                      
                    092_fourU_A8C_48c_b_2_p                                     
           INFO     Bulk inserted 80 fmod_vals records.                         
           INFO     Inserted 80 probe_fmod_values records for                   
                    092_fourU_A8C_48c_b_2_p (modrate).                          
           INFO     Bulk inserted 80 fmod_vals records.                         
           INFO     Inserted 80 probe_fmod_values records for                   
                    092_fourU_A8C_48c_b_2_p (GAmodrate).                        
           INFO     Wrote per-read histogram for 092_fourU_A8C_48c_b_2_p        
                    (Modified) to                                               
                    examples/all_mutcounts/mut_count/mut_count___cfg-ad1fb50/art
                    ifacts/092_fourU_A8C_48c_b_2_p/per_read_histogram.txt       
           INFO     Wrote per-read histogram for 092_fourU_A8C_48c_b_2_p (GA) to
                    examples/all_mutcounts/mut_count/mut_count___cfg-ad1fb50/art
                    ifacts/092_fourU_A8C_48c_b_2_p/per_read_histogram.txtga     
           INFO     Found ShapeMapper profile for 093_fourU_A8C_48c_b_3_p at    
                    examples/all_mutcounts/mut_count/mut_count___cfg-ad1fb50/art
                    ifacts/093_fourU_A8C_48c_b_3_p/093_fourU_A8C_48c_b_3_p_093_f
                    ourU_A8C_48c_b_3_p_profile.txt                              
           INFO     Inserted probe_fmod_run for sample ID 680 (Run ID: 970)     
           INFO     Inserted probe_fmod_run 970 for sample                      
                    093_fourU_A8C_48c_b_3_p                                     
           INFO     Bulk inserted 80 fmod_vals records.                         
           INFO     Inserted 80 probe_fmod_values records for                   
                    093_fourU_A8C_48c_b_3_p (modrate).                          
           INFO     Bulk inserted 80 fmod_vals records.                         
           INFO     Inserted 80 probe_fmod_values records for                   
                    093_fourU_A8C_48c_b_3_p (GAmodrate).                        
           INFO     Wrote per-read histogram for 093_fourU_A8C_48c_b_3_p        
                    (Modified) to                                               
                    examples/all_mutcounts/mut_count/mut_count___cfg-ad1fb50/art
                    ifacts/093_fourU_A8C_48c_b_3_p/per_read_histogram.txt       
           INFO     Wrote per-read histogram for 093_fourU_A8C_48c_b_3_p (GA) to
                    examples/all_mutcounts/mut_count/mut_count___cfg-ad1fb50/art
                    ifacts/093_fourU_A8C_48c_b_3_p/per_read_histogram.txtga     
           INFO     Found ShapeMapper profile for 094_fourU_A8C_48c_b_4_p at    
                    examples/all_mutcounts/mut_count/mut_count___cfg-ad1fb50/art
                    ifacts/094_fourU_A8C_48c_b_4_p/094_fourU_A8C_48c_b_4_p_094_f
                    ourU_A8C_48c_b_4_p_profile.txt                              
           INFO     Inserted probe_fmod_run for sample ID 681 (Run ID: 971)     
[18:11:44] INFO     Inserted probe_fmod_run 971 for sample                      
                    094_fourU_A8C_48c_b_4_p                                     
           INFO     Bulk inserted 80 fmod_vals records.                         
           INFO     Inserted 80 probe_fmod_values records for                   
                    094_fourU_A8C_48c_b_4_p (modrate).                          
           INFO     Bulk inserted 80 fmod_vals records.                         
           INFO     Inserted 80 probe_fmod_values records for                   
                    094_fourU_A8C_48c_b_4_p (GAmodrate).                        
           INFO     Wrote per-read histogram for 094_fourU_A8C_48c_b_4_p        
                    (Modified) to                                               
                    examples/all_mutcounts/mut_count/mut_count___cfg-ad1fb50/art
                    ifacts/094_fourU_A8C_48c_b_4_p/per_read_histogram.txt       
           INFO     Wrote per-read histogram for 094_fourU_A8C_48c_b_4_p (GA) to
                    examples/all_mutcounts/mut_count/mut_count___cfg-ad1fb50/art
                    ifacts/094_fourU_A8C_48c_b_4_p/per_read_histogram.txtga     
           INFO     Found ShapeMapper profile for 095_fourU_A8C_48c_b_5_p at    
                    examples/all_mutcounts/mut_count/mut_count___cfg-ad1fb50/art
                    ifacts/095_fourU_A8C_48c_b_5_p/095_fourU_A8C_48c_b_5_p_095_f
                    ourU_A8C_48c_b_5_p_profile.txt                              
           INFO     Inserted probe_fmod_run for sample ID 682 (Run ID: 972)     
           INFO     Inserted probe_fmod_run 972 for sample                      
                    095_fourU_A8C_48c_b_5_p                                     
           INFO     Bulk inserted 80 fmod_vals records.                         
           INFO     Inserted 80 probe_fmod_values records for                   
                    095_fourU_A8C_48c_b_5_p (modrate).                          
           INFO     Bulk inserted 80 fmod_vals records.                         
           INFO     Inserted 80 probe_fmod_values records for                   
                    095_fourU_A8C_48c_b_5_p (GAmodrate).                        
           INFO     Wrote per-read histogram for 095_fourU_A8C_48c_b_5_p        
                    (Modified) to                                               
                    examples/all_mutcounts/mut_count/mut_count___cfg-ad1fb50/art
                    ifacts/095_fourU_A8C_48c_b_5_p/per_read_histogram.txt       
           INFO     Wrote per-read histogram for 095_fourU_A8C_48c_b_5_p (GA) to
                    examples/all_mutcounts/mut_count/mut_count___cfg-ad1fb50/art
                    ifacts/095_fourU_A8C_48c_b_5_p/per_read_histogram.txtga     
           INFO     Found ShapeMapper profile for 093_fourU_A8C48c_b_6_m at     
                    examples/all_mutcounts/mut_count/mut_count___cfg-ad1fb50/art
                    ifacts/093_fourU_A8C48c_b_6_m/093_fourU_A8C48c_b_6_m_093_fou
                    rU_A8C48c_b_6_m_profile.txt                                 
           INFO     Inserted probe_fmod_run for sample ID 776 (Run ID: 973)     
           INFO     Inserted probe_fmod_run 973 for sample                      
                    093_fourU_A8C48c_b_6_m                                      
           INFO     Bulk inserted 80 fmod_vals records.                         
           INFO     Inserted 80 probe_fmod_values records for                   
                    093_fourU_A8C48c_b_6_m (modrate).                           
           INFO     Bulk inserted 80 fmod_vals records.                         
           INFO     Inserted 80 probe_fmod_values records for                   
                    093_fourU_A8C48c_b_6_m (GAmodrate).                         
           INFO     Wrote per-read histogram for 093_fourU_A8C48c_b_6_m         
                    (Modified) to                                               
                    examples/all_mutcounts/mut_count/mut_count___cfg-ad1fb50/art
                    ifacts/093_fourU_A8C48c_b_6_m/per_read_histogram.txt        
           INFO     Wrote per-read histogram for 093_fourU_A8C48c_b_6_m (GA) to 
                    examples/all_mutcounts/mut_count/mut_count___cfg-ad1fb50/art
                    ifacts/093_fourU_A8C48c_b_6_m/per_read_histogram.txtga      
           INFO     Found ShapeMapper profile for 096_fourU_A8C_48c_b_6_p at    
                    examples/all_mutcounts/mut_count/mut_count___cfg-ad1fb50/art
                    ifacts/096_fourU_A8C_48c_b_6_p/096_fourU_A8C_48c_b_6_p_096_f
                    ourU_A8C_48c_b_6_p_profile.txt                              
           INFO     Inserted probe_fmod_run for sample ID 683 (Run ID: 974)     
           INFO     Inserted probe_fmod_run 974 for sample                      
                    096_fourU_A8C_48c_b_6_p                                     
           INFO     Bulk inserted 80 fmod_vals records.                         
           INFO     Inserted 80 probe_fmod_values records for                   
                    096_fourU_A8C_48c_b_6_p (modrate).                          
           INFO     Bulk inserted 80 fmod_vals records.                         
           INFO     Inserted 80 probe_fmod_values records for                   
                    096_fourU_A8C_48c_b_6_p (GAmodrate).                        
           INFO     Wrote per-read histogram for 096_fourU_A8C_48c_b_6_p        
                    (Modified) to                                               
                    examples/all_mutcounts/mut_count/mut_count___cfg-ad1fb50/art
                    ifacts/096_fourU_A8C_48c_b_6_p/per_read_histogram.txt       
           INFO     Wrote per-read histogram for 096_fourU_A8C_48c_b_6_p (GA) to
                    examples/all_mutcounts/mut_count/mut_count___cfg-ad1fb50/art
                    ifacts/096_fourU_A8C_48c_b_6_p/per_read_histogram.txtga     
           INFO     mut_count completed. Profiles found for 7/7 samples;        
                    ingested 7 run(s).                                          
           INFO     Finished task ID 73 with state 'completed'                  
           INFO     Task 'mut_count' (ID: 73) completed successfully.           
           INFO     Updated 'latest' symlink for task 'mut_count' to point to   
                    /gpfs/projects/b1044/Computational_Output/EKC/EKC.01_SHAPE_s
                    tandardization/EKC.01.065.refactoring_data_analysis/nerd/exa
                    mples/all_mutcounts/mut_count/mut_count___cfg-ad1fb50       
