[17:40:10] INFO     Executing 'run' command for step: 'mut_count'               
[17:40:10] INFO     Database schema initialized successfully.                   
           INFO     Created run directory:                                      
                    examples/all_mutcounts/mut_count/mut_count___cfg-740fa40    
           INFO     Executing task 'mut_count' in run directory:                
                    examples/all_mutcounts/mut_count/mut_count___cfg-740fa40    
           INFO     Resolved reaction_group 70_3 to 7 sample(s).                
           INFO     Began task 'mut_count' (ID: 101) for rg:45                  
                    (cfg=740fa40712f9fa2e105e4401d72ab4670a3d4fd0e366c8cfcba29bf
                    7b7e9f03e)                                                  
           INFO     Starting command (backend=local) in                         
                    examples/all_mutcounts/mut_count/mut_count___cfg-740fa40    
           INFO     Executing command locally. Log file:                        
                    examples/all_mutcounts/mut_count/mut_count___cfg-740fa40/com
                    mand.log                                                    
[17:53:42] INFO     Command finished with exit code: 0                          
           INFO     Logged attempt #1 for task ID 101 (Attempt ID: 102)         
           INFO     Command completed successfully. Consuming outputs.          
           INFO     Found ShapeMapper profile for 013-fourU-WT-70c-a-1-p at     
                    examples/all_mutcounts/mut_count/mut_count___cfg-740fa40/art
                    ifacts/013-fourU-WT-70c-a-1-p/013-fourU-WT-70c-a-1-p_013-fou
                    rU-WT-70c-a-1-p_profile.txt                                 
           INFO     Inserted probe_fmod_run for sample ID 504 (Run ID: 807)     
           INFO     Inserted probe_fmod_run 807 for sample                      
                    013-fourU-WT-70c-a-1-p                                      
           INFO     Bulk inserted 80 fmod_vals records.                         
           INFO     Inserted 80 probe_fmod_values records for                   
                    013-fourU-WT-70c-a-1-p (modrate).                           
           INFO     Bulk inserted 80 fmod_vals records.                         
           INFO     Inserted 80 probe_fmod_values records for                   
                    013-fourU-WT-70c-a-1-p (GAmodrate).                         
           INFO     Wrote per-read histogram for 013-fourU-WT-70c-a-1-p         
                    (Modified) to                                               
                    examples/all_mutcounts/mut_count/mut_count___cfg-740fa40/art
                    ifacts/013-fourU-WT-70c-a-1-p/per_read_histogram.txt        
           INFO     Wrote per-read histogram for 013-fourU-WT-70c-a-1-p (GA) to 
                    examples/all_mutcounts/mut_count/mut_count___cfg-740fa40/art
                    ifacts/013-fourU-WT-70c-a-1-p/per_read_histogram.txtga      
           INFO     Found ShapeMapper profile for 014-fourU-WT-70c-a-2-p at     
                    examples/all_mutcounts/mut_count/mut_count___cfg-740fa40/art
                    ifacts/014-fourU-WT-70c-a-2-p/014-fourU-WT-70c-a-2-p_014-fou
                    rU-WT-70c-a-2-p_profile.txt                                 
[17:53:43] INFO     Inserted probe_fmod_run for sample ID 505 (Run ID: 810)     
           INFO     Inserted probe_fmod_run 810 for sample                      
                    014-fourU-WT-70c-a-2-p                                      
           INFO     Bulk inserted 80 fmod_vals records.                         
           INFO     Inserted 80 probe_fmod_values records for                   
                    014-fourU-WT-70c-a-2-p (modrate).                           
           INFO     Bulk inserted 80 fmod_vals records.                         
           INFO     Inserted 80 probe_fmod_values records for                   
                    014-fourU-WT-70c-a-2-p (GAmodrate).                         
           INFO     Wrote per-read histogram for 014-fourU-WT-70c-a-2-p         
                    (Modified) to                                               
                    examples/all_mutcounts/mut_count/mut_count___cfg-740fa40/art
                    ifacts/014-fourU-WT-70c-a-2-p/per_read_histogram.txt        
           INFO     Wrote per-read histogram for 014-fourU-WT-70c-a-2-p (GA) to 
                    examples/all_mutcounts/mut_count/mut_count___cfg-740fa40/art
                    ifacts/014-fourU-WT-70c-a-2-p/per_read_histogram.txtga      
           INFO     Found ShapeMapper profile for 015-fourU-WT-70c-a-3-p at     
                    examples/all_mutcounts/mut_count/mut_count___cfg-740fa40/art
                    ifacts/015-fourU-WT-70c-a-3-p/015-fourU-WT-70c-a-3-p_015-fou
                    rU-WT-70c-a-3-p_profile.txt                                 
           INFO     Inserted probe_fmod_run for sample ID 506 (Run ID: 812)     
           INFO     Inserted probe_fmod_run 812 for sample                      
                    015-fourU-WT-70c-a-3-p                                      
           INFO     Bulk inserted 80 fmod_vals records.                         
           INFO     Inserted 80 probe_fmod_values records for                   
                    015-fourU-WT-70c-a-3-p (modrate).                           
           INFO     Bulk inserted 80 fmod_vals records.                         
           INFO     Inserted 80 probe_fmod_values records for                   
                    015-fourU-WT-70c-a-3-p (GAmodrate).                         
           INFO     Wrote per-read histogram for 015-fourU-WT-70c-a-3-p         
                    (Modified) to                                               
                    examples/all_mutcounts/mut_count/mut_count___cfg-740fa40/art
                    ifacts/015-fourU-WT-70c-a-3-p/per_read_histogram.txt        
           INFO     Wrote per-read histogram for 015-fourU-WT-70c-a-3-p (GA) to 
                    examples/all_mutcounts/mut_count/mut_count___cfg-740fa40/art
                    ifacts/015-fourU-WT-70c-a-3-p/per_read_histogram.txtga      
           INFO     Found ShapeMapper profile for 016-fourU-WT-70c-a-4-p at     
                    examples/all_mutcounts/mut_count/mut_count___cfg-740fa40/art
                    ifacts/016-fourU-WT-70c-a-4-p/016-fourU-WT-70c-a-4-p_016-fou
                    rU-WT-70c-a-4-p_profile.txt                                 
           INFO     Inserted probe_fmod_run for sample ID 507 (Run ID: 814)     
           INFO     Inserted probe_fmod_run 814 for sample                      
                    016-fourU-WT-70c-a-4-p                                      
           INFO     Bulk inserted 80 fmod_vals records.                         
           INFO     Inserted 80 probe_fmod_values records for                   
                    016-fourU-WT-70c-a-4-p (modrate).                           
           INFO     Bulk inserted 80 fmod_vals records.                         
           INFO     Inserted 80 probe_fmod_values records for                   
                    016-fourU-WT-70c-a-4-p (GAmodrate).                         
           INFO     Wrote per-read histogram for 016-fourU-WT-70c-a-4-p         
                    (Modified) to                                               
                    examples/all_mutcounts/mut_count/mut_count___cfg-740fa40/art
                    ifacts/016-fourU-WT-70c-a-4-p/per_read_histogram.txt        
           INFO     Wrote per-read histogram for 016-fourU-WT-70c-a-4-p (GA) to 
                    examples/all_mutcounts/mut_count/mut_count___cfg-740fa40/art
                    ifacts/016-fourU-WT-70c-a-4-p/per_read_histogram.txtga      
           INFO     Found ShapeMapper profile for 017-fourU-WT-70c-a-5-p at     
                    examples/all_mutcounts/mut_count/mut_count___cfg-740fa40/art
                    ifacts/017-fourU-WT-70c-a-5-p/017-fourU-WT-70c-a-5-p_017-fou
                    rU-WT-70c-a-5-p_profile.txt                                 
           INFO     Inserted probe_fmod_run for sample ID 508 (Run ID: 816)     
           INFO     Inserted probe_fmod_run 816 for sample                      
                    017-fourU-WT-70c-a-5-p                                      
           INFO     Bulk inserted 80 fmod_vals records.                         
           INFO     Inserted 80 probe_fmod_values records for                   
                    017-fourU-WT-70c-a-5-p (modrate).                           
           INFO     Bulk inserted 80 fmod_vals records.                         
           INFO     Inserted 80 probe_fmod_values records for                   
                    017-fourU-WT-70c-a-5-p (GAmodrate).                         
           INFO     Wrote per-read histogram for 017-fourU-WT-70c-a-5-p         
                    (Modified) to                                               
                    examples/all_mutcounts/mut_count/mut_count___cfg-740fa40/art
                    ifacts/017-fourU-WT-70c-a-5-p/per_read_histogram.txt        
           INFO     Wrote per-read histogram for 017-fourU-WT-70c-a-5-p (GA) to 
                    examples/all_mutcounts/mut_count/mut_count___cfg-740fa40/art
                    ifacts/017-fourU-WT-70c-a-5-p/per_read_histogram.txtga      
           INFO     Found ShapeMapper profile for 018-fourU-WT-70c-a-6-p at     
                    examples/all_mutcounts/mut_count/mut_count___cfg-740fa40/art
                    ifacts/018-fourU-WT-70c-a-6-p/018-fourU-WT-70c-a-6-p_018-fou
                    rU-WT-70c-a-6-p_profile.txt                                 
           INFO     Inserted probe_fmod_run for sample ID 509 (Run ID: 818)     
           INFO     Inserted probe_fmod_run 818 for sample                      
                    018-fourU-WT-70c-a-6-p                                      
           INFO     Bulk inserted 80 fmod_vals records.                         
           INFO     Inserted 80 probe_fmod_values records for                   
                    018-fourU-WT-70c-a-6-p (modrate).                           
           INFO     Bulk inserted 80 fmod_vals records.                         
           INFO     Inserted 80 probe_fmod_values records for                   
                    018-fourU-WT-70c-a-6-p (GAmodrate).                         
           INFO     Wrote per-read histogram for 018-fourU-WT-70c-a-6-p         
                    (Modified) to                                               
                    examples/all_mutcounts/mut_count/mut_count___cfg-740fa40/art
                    ifacts/018-fourU-WT-70c-a-6-p/per_read_histogram.txt        
           INFO     Wrote per-read histogram for 018-fourU-WT-70c-a-6-p (GA) to 
                    examples/all_mutcounts/mut_count/mut_count___cfg-740fa40/art
                    ifacts/018-fourU-WT-70c-a-6-p/per_read_histogram.txtga      
           INFO     Found ShapeMapper profile for 066_fourU_WT70c_a_6_m at      
                    examples/all_mutcounts/mut_count/mut_count___cfg-740fa40/art
                    ifacts/066_fourU_WT70c_a_6_m/066_fourU_WT70c_a_6_m_066_fourU
                    _WT70c_a_6_m_profile.txt                                    
           INFO     Inserted probe_fmod_run for sample ID 749 (Run ID: 820)     
           INFO     Inserted probe_fmod_run 820 for sample 066_fourU_WT70c_a_6_m
           INFO     Bulk inserted 80 fmod_vals records.                         
           INFO     Inserted 80 probe_fmod_values records for                   
                    066_fourU_WT70c_a_6_m (modrate).                            
           INFO     Bulk inserted 80 fmod_vals records.                         
           INFO     Inserted 80 probe_fmod_values records for                   
                    066_fourU_WT70c_a_6_m (GAmodrate).                          
           INFO     Wrote per-read histogram for 066_fourU_WT70c_a_6_m          
                    (Modified) to                                               
                    examples/all_mutcounts/mut_count/mut_count___cfg-740fa40/art
                    ifacts/066_fourU_WT70c_a_6_m/per_read_histogram.txt         
           INFO     Wrote per-read histogram for 066_fourU_WT70c_a_6_m (GA) to  
                    examples/all_mutcounts/mut_count/mut_count___cfg-740fa40/art
                    ifacts/066_fourU_WT70c_a_6_m/per_read_histogram.txtga       
           INFO     mut_count completed. Profiles found for 7/7 samples;        
                    ingested 7 run(s).                                          
           INFO     Finished task ID 101 with state 'completed'                 
           INFO     Task 'mut_count' (ID: 101) completed successfully.          
           INFO     Updated 'latest' symlink for task 'mut_count' to point to   
                    /gpfs/projects/b1044/Computational_Output/EKC/EKC.01_SHAPE_s
                    tandardization/EKC.01.065.refactoring_data_analysis/nerd/exa
                    mples/all_mutcounts/mut_count/mut_count___cfg-740fa40       
