[15:50:16] INFO     Executing 'run' command for step: 'mut_count'               
[15:50:16] INFO     Database schema initialized successfully.                   
           INFO     Created run directory:                                      
                    examples/all_mutcounts/mut_count/mut_count___cfg-2e21631    
           INFO     Executing task 'mut_count' in run directory:                
                    examples/all_mutcounts/mut_count/mut_count___cfg-2e21631    
           INFO     Resolved reaction_group 37_5 to 7 sample(s).                
           INFO     Began task 'mut_count' (ID: 60) for rg:82                   
                    (cfg=2e2163139d5d8a0933d8369bfc5601a30a69cf9c24160f42f6baf72
                    963015d20)                                                  
           INFO     Starting command (backend=local) in                         
                    examples/all_mutcounts/mut_count/mut_count___cfg-2e21631    
           INFO     Executing command locally. Log file:                        
                    examples/all_mutcounts/mut_count/mut_count___cfg-2e21631/com
                    mand.log                                                    
[17:21:09] INFO     Command finished with exit code: 0                          
           INFO     Logged attempt #1 for task ID 60 (Attempt ID: 67)           
           INFO     Command completed successfully. Consuming outputs.          
           INFO     Found ShapeMapper profile for 043_fourU_WT_37c_b_1_p at     
                    examples/all_mutcounts/mut_count/mut_count___cfg-2e21631/art
                    ifacts/043_fourU_WT_37c_b_1_p/043_fourU_WT_37c_b_1_p_043_fou
                    rU_WT_37c_b_1_p_profile.txt                                 
           INFO     Inserted probe_fmod_run for sample ID 726 (Run ID: 545)     
           INFO     Inserted probe_fmod_run 545 for sample                      
                    043_fourU_WT_37c_b_1_p                                      
           INFO     Bulk inserted 80 fmod_vals records.                         
           INFO     Inserted 80 probe_fmod_values records for                   
                    043_fourU_WT_37c_b_1_p (modrate).                           
           INFO     Bulk inserted 80 fmod_vals records.                         
           INFO     Inserted 80 probe_fmod_values records for                   
                    043_fourU_WT_37c_b_1_p (GAmodrate).                         
           INFO     Wrote per-read histogram for 043_fourU_WT_37c_b_1_p         
                    (Modified) to                                               
                    examples/all_mutcounts/mut_count/mut_count___cfg-2e21631/art
                    ifacts/043_fourU_WT_37c_b_1_p/per_read_histogram.txt        
           INFO     Wrote per-read histogram for 043_fourU_WT_37c_b_1_p (GA) to 
                    examples/all_mutcounts/mut_count/mut_count___cfg-2e21631/art
                    ifacts/043_fourU_WT_37c_b_1_p/per_read_histogram.txtga      
           INFO     Found ShapeMapper profile for 044_fourU_WT_37c_b_2_p at     
                    examples/all_mutcounts/mut_count/mut_count___cfg-2e21631/art
                    ifacts/044_fourU_WT_37c_b_2_p/044_fourU_WT_37c_b_2_p_044_fou
                    rU_WT_37c_b_2_p_profile.txt                                 
           INFO     Inserted probe_fmod_run for sample ID 727 (Run ID: 546)     
           INFO     Inserted probe_fmod_run 546 for sample                      
                    044_fourU_WT_37c_b_2_p                                      
           INFO     Bulk inserted 80 fmod_vals records.                         
           INFO     Inserted 80 probe_fmod_values records for                   
                    044_fourU_WT_37c_b_2_p (modrate).                           
           INFO     Bulk inserted 80 fmod_vals records.                         
           INFO     Inserted 80 probe_fmod_values records for                   
                    044_fourU_WT_37c_b_2_p (GAmodrate).                         
           INFO     Wrote per-read histogram for 044_fourU_WT_37c_b_2_p         
                    (Modified) to                                               
                    examples/all_mutcounts/mut_count/mut_count___cfg-2e21631/art
                    ifacts/044_fourU_WT_37c_b_2_p/per_read_histogram.txt        
           INFO     Wrote per-read histogram for 044_fourU_WT_37c_b_2_p (GA) to 
                    examples/all_mutcounts/mut_count/mut_count___cfg-2e21631/art
                    ifacts/044_fourU_WT_37c_b_2_p/per_read_histogram.txtga      
           INFO     Found ShapeMapper profile for 045_fourU_WT_37c_b_3_p at     
                    examples/all_mutcounts/mut_count/mut_count___cfg-2e21631/art
                    ifacts/045_fourU_WT_37c_b_3_p/045_fourU_WT_37c_b_3_p_045_fou
                    rU_WT_37c_b_3_p_profile.txt                                 
           INFO     Inserted probe_fmod_run for sample ID 728 (Run ID: 547)     
           INFO     Inserted probe_fmod_run 547 for sample                      
                    045_fourU_WT_37c_b_3_p                                      
           INFO     Bulk inserted 80 fmod_vals records.                         
           INFO     Inserted 80 probe_fmod_values records for                   
                    045_fourU_WT_37c_b_3_p (modrate).                           
           INFO     Bulk inserted 80 fmod_vals records.                         
           INFO     Inserted 80 probe_fmod_values records for                   
                    045_fourU_WT_37c_b_3_p (GAmodrate).                         
           INFO     Wrote per-read histogram for 045_fourU_WT_37c_b_3_p         
                    (Modified) to                                               
                    examples/all_mutcounts/mut_count/mut_count___cfg-2e21631/art
                    ifacts/045_fourU_WT_37c_b_3_p/per_read_histogram.txt        
           INFO     Wrote per-read histogram for 045_fourU_WT_37c_b_3_p (GA) to 
                    examples/all_mutcounts/mut_count/mut_count___cfg-2e21631/art
                    ifacts/045_fourU_WT_37c_b_3_p/per_read_histogram.txtga      
           INFO     Found ShapeMapper profile for 046_fourU_WT_37c_b_4_p at     
                    examples/all_mutcounts/mut_count/mut_count___cfg-2e21631/art
                    ifacts/046_fourU_WT_37c_b_4_p/046_fourU_WT_37c_b_4_p_046_fou
                    rU_WT_37c_b_4_p_profile.txt                                 
           INFO     Inserted probe_fmod_run for sample ID 729 (Run ID: 548)     
           INFO     Inserted probe_fmod_run 548 for sample                      
                    046_fourU_WT_37c_b_4_p                                      
           INFO     Bulk inserted 80 fmod_vals records.                         
           INFO     Inserted 80 probe_fmod_values records for                   
                    046_fourU_WT_37c_b_4_p (modrate).                           
           INFO     Bulk inserted 80 fmod_vals records.                         
           INFO     Inserted 80 probe_fmod_values records for                   
                    046_fourU_WT_37c_b_4_p (GAmodrate).                         
           INFO     Wrote per-read histogram for 046_fourU_WT_37c_b_4_p         
                    (Modified) to                                               
                    examples/all_mutcounts/mut_count/mut_count___cfg-2e21631/art
                    ifacts/046_fourU_WT_37c_b_4_p/per_read_histogram.txt        
           INFO     Wrote per-read histogram for 046_fourU_WT_37c_b_4_p (GA) to 
                    examples/all_mutcounts/mut_count/mut_count___cfg-2e21631/art
                    ifacts/046_fourU_WT_37c_b_4_p/per_read_histogram.txtga      
           INFO     Found ShapeMapper profile for 047_fourU_WT_37c_b_5_p at     
                    examples/all_mutcounts/mut_count/mut_count___cfg-2e21631/art
                    ifacts/047_fourU_WT_37c_b_5_p/047_fourU_WT_37c_b_5_p_047_fou
                    rU_WT_37c_b_5_p_profile.txt                                 
           INFO     Inserted probe_fmod_run for sample ID 730 (Run ID: 549)     
           INFO     Inserted probe_fmod_run 549 for sample                      
                    047_fourU_WT_37c_b_5_p                                      
           INFO     Bulk inserted 80 fmod_vals records.                         
           INFO     Inserted 80 probe_fmod_values records for                   
                    047_fourU_WT_37c_b_5_p (modrate).                           
           INFO     Bulk inserted 80 fmod_vals records.                         
           INFO     Inserted 80 probe_fmod_values records for                   
                    047_fourU_WT_37c_b_5_p (GAmodrate).                         
           INFO     Wrote per-read histogram for 047_fourU_WT_37c_b_5_p         
                    (Modified) to                                               
                    examples/all_mutcounts/mut_count/mut_count___cfg-2e21631/art
                    ifacts/047_fourU_WT_37c_b_5_p/per_read_histogram.txt        
           INFO     Wrote per-read histogram for 047_fourU_WT_37c_b_5_p (GA) to 
                    examples/all_mutcounts/mut_count/mut_count___cfg-2e21631/art
                    ifacts/047_fourU_WT_37c_b_5_p/per_read_histogram.txtga      
           INFO     Found ShapeMapper profile for 048_fourU_WT_37c_b_6_p at     
                    examples/all_mutcounts/mut_count/mut_count___cfg-2e21631/art
                    ifacts/048_fourU_WT_37c_b_6_p/048_fourU_WT_37c_b_6_p_048_fou
                    rU_WT_37c_b_6_p_profile.txt                                 
           INFO     Inserted probe_fmod_run for sample ID 731 (Run ID: 550)     
           INFO     Inserted probe_fmod_run 550 for sample                      
                    048_fourU_WT_37c_b_6_p                                      
[17:21:10] INFO     Bulk inserted 80 fmod_vals records.                         
           INFO     Inserted 80 probe_fmod_values records for                   
                    048_fourU_WT_37c_b_6_p (modrate).                           
           INFO     Bulk inserted 80 fmod_vals records.                         
           INFO     Inserted 80 probe_fmod_values records for                   
                    048_fourU_WT_37c_b_6_p (GAmodrate).                         
           INFO     Wrote per-read histogram for 048_fourU_WT_37c_b_6_p         
                    (Modified) to                                               
                    examples/all_mutcounts/mut_count/mut_count___cfg-2e21631/art
                    ifacts/048_fourU_WT_37c_b_6_p/per_read_histogram.txt        
           INFO     Wrote per-read histogram for 048_fourU_WT_37c_b_6_p (GA) to 
                    examples/all_mutcounts/mut_count/mut_count___cfg-2e21631/art
                    ifacts/048_fourU_WT_37c_b_6_p/per_read_histogram.txtga      
           INFO     Found ShapeMapper profile for 092_fourU_WT37c_b_6_m at      
                    examples/all_mutcounts/mut_count/mut_count___cfg-2e21631/art
                    ifacts/092_fourU_WT37c_b_6_m/092_fourU_WT37c_b_6_m_092_fourU
                    _WT37c_b_6_m_profile.txt                                    
           INFO     Inserted probe_fmod_run for sample ID 775 (Run ID: 551)     
           INFO     Inserted probe_fmod_run 551 for sample 092_fourU_WT37c_b_6_m
           INFO     Bulk inserted 80 fmod_vals records.                         
           INFO     Inserted 80 probe_fmod_values records for                   
                    092_fourU_WT37c_b_6_m (modrate).                            
           INFO     Bulk inserted 80 fmod_vals records.                         
           INFO     Inserted 80 probe_fmod_values records for                   
                    092_fourU_WT37c_b_6_m (GAmodrate).                          
           INFO     Wrote per-read histogram for 092_fourU_WT37c_b_6_m          
                    (Modified) to                                               
                    examples/all_mutcounts/mut_count/mut_count___cfg-2e21631/art
                    ifacts/092_fourU_WT37c_b_6_m/per_read_histogram.txt         
           INFO     Wrote per-read histogram for 092_fourU_WT37c_b_6_m (GA) to  
                    examples/all_mutcounts/mut_count/mut_count___cfg-2e21631/art
                    ifacts/092_fourU_WT37c_b_6_m/per_read_histogram.txtga       
           INFO     mut_count completed. Profiles found for 7/7 samples;        
                    ingested 7 run(s).                                          
           INFO     Finished task ID 60 with state 'completed'                  
           INFO     Task 'mut_count' (ID: 60) completed successfully.           
           INFO     Updated 'latest' symlink for task 'mut_count' to point to   
                    /gpfs/projects/b1044/Computational_Output/EKC/EKC.01_SHAPE_s
                    tandardization/EKC.01.065.refactoring_data_analysis/nerd/exa
                    mples/all_mutcounts/mut_count/mut_count___cfg-2e21631       
