[17:44:18] INFO     Executing 'run' command for step: 'mut_count'               
[17:44:18] INFO     Database schema initialized successfully.                   
           INFO     Created run directory:                                      
                    examples/all_mutcounts/mut_count/mut_count___cfg-c526638    
           INFO     Executing task 'mut_count' in run directory:                
                    examples/all_mutcounts/mut_count/mut_count___cfg-c526638    
           INFO     Resolved reaction_group 75_1_14 to 7 sample(s).             
           INFO     Began task 'mut_count' (ID: 107) for rg:95                  
                    (cfg=c526638a3832cc3d8e870a86e67659eb82f1678ae1b4f48bee915e8
                    00c6dc17b)                                                  
           INFO     Starting command (backend=local) in                         
                    examples/all_mutcounts/mut_count/mut_count___cfg-c526638    
           INFO     Executing command locally. Log file:                        
                    examples/all_mutcounts/mut_count/mut_count___cfg-c526638/com
                    mand.log                                                    
[17:48:24] INFO     Command finished with exit code: 0                          
           INFO     Logged attempt #1 for task ID 107 (Attempt ID: 92)          
           INFO     Command completed successfully. Consuming outputs.          
           INFO     Found ShapeMapper profile for 073-HIV-UUCG-GS-75c-a-1-p at  
                    examples/all_mutcounts/mut_count/mut_count___cfg-c526638/art
                    ifacts/073-HIV-UUCG-GS-75c-a-1-p/073-HIV-UUCG-GS-75c-a-1-p_0
                    73-HIV-UUCG-GS-75c-a-1-p_profile.txt                        
           INFO     Inserted probe_fmod_run for sample ID 852 (Run ID: 720)     
           INFO     Inserted probe_fmod_run 720 for sample                      
                    073-HIV-UUCG-GS-75c-a-1-p                                   
           INFO     Bulk inserted 72 fmod_vals records.                         
           INFO     Inserted 72 probe_fmod_values records for                   
                    073-HIV-UUCG-GS-75c-a-1-p (modrate).                        
           INFO     Bulk inserted 72 fmod_vals records.                         
           INFO     Inserted 72 probe_fmod_values records for                   
                    073-HIV-UUCG-GS-75c-a-1-p (GAmodrate).                      
           INFO     Wrote per-read histogram for 073-HIV-UUCG-GS-75c-a-1-p      
                    (Modified) to                                               
                    examples/all_mutcounts/mut_count/mut_count___cfg-c526638/art
                    ifacts/073-HIV-UUCG-GS-75c-a-1-p/per_read_histogram.txt     
           INFO     Wrote per-read histogram for 073-HIV-UUCG-GS-75c-a-1-p (GA) 
                    to                                                          
                    examples/all_mutcounts/mut_count/mut_count___cfg-c526638/art
                    ifacts/073-HIV-UUCG-GS-75c-a-1-p/per_read_histogram.txtga   
           INFO     Found ShapeMapper profile for 074-HIV-UUCG-GS-75c-a-2-p at  
                    examples/all_mutcounts/mut_count/mut_count___cfg-c526638/art
                    ifacts/074-HIV-UUCG-GS-75c-a-2-p/074-HIV-UUCG-GS-75c-a-2-p_0
                    74-HIV-UUCG-GS-75c-a-2-p_profile.txt                        
           INFO     Inserted probe_fmod_run for sample ID 853 (Run ID: 721)     
           INFO     Inserted probe_fmod_run 721 for sample                      
                    074-HIV-UUCG-GS-75c-a-2-p                                   
           INFO     Bulk inserted 72 fmod_vals records.                         
           INFO     Inserted 72 probe_fmod_values records for                   
                    074-HIV-UUCG-GS-75c-a-2-p (modrate).                        
           INFO     Bulk inserted 72 fmod_vals records.                         
           INFO     Inserted 72 probe_fmod_values records for                   
                    074-HIV-UUCG-GS-75c-a-2-p (GAmodrate).                      
           INFO     Wrote per-read histogram for 074-HIV-UUCG-GS-75c-a-2-p      
                    (Modified) to                                               
                    examples/all_mutcounts/mut_count/mut_count___cfg-c526638/art
                    ifacts/074-HIV-UUCG-GS-75c-a-2-p/per_read_histogram.txt     
           INFO     Wrote per-read histogram for 074-HIV-UUCG-GS-75c-a-2-p (GA) 
                    to                                                          
                    examples/all_mutcounts/mut_count/mut_count___cfg-c526638/art
                    ifacts/074-HIV-UUCG-GS-75c-a-2-p/per_read_histogram.txtga   
           INFO     Found ShapeMapper profile for 075-HIV-UUCG-GS-75c-a-3-p at  
                    examples/all_mutcounts/mut_count/mut_count___cfg-c526638/art
                    ifacts/075-HIV-UUCG-GS-75c-a-3-p/075-HIV-UUCG-GS-75c-a-3-p_0
                    75-HIV-UUCG-GS-75c-a-3-p_profile.txt                        
           INFO     Inserted probe_fmod_run for sample ID 854 (Run ID: 722)     
           INFO     Inserted probe_fmod_run 722 for sample                      
                    075-HIV-UUCG-GS-75c-a-3-p                                   
           INFO     Bulk inserted 72 fmod_vals records.                         
           INFO     Inserted 72 probe_fmod_values records for                   
                    075-HIV-UUCG-GS-75c-a-3-p (modrate).                        
           INFO     Bulk inserted 72 fmod_vals records.                         
           INFO     Inserted 72 probe_fmod_values records for                   
                    075-HIV-UUCG-GS-75c-a-3-p (GAmodrate).                      
           INFO     Wrote per-read histogram for 075-HIV-UUCG-GS-75c-a-3-p      
                    (Modified) to                                               
                    examples/all_mutcounts/mut_count/mut_count___cfg-c526638/art
                    ifacts/075-HIV-UUCG-GS-75c-a-3-p/per_read_histogram.txt     
           INFO     Wrote per-read histogram for 075-HIV-UUCG-GS-75c-a-3-p (GA) 
                    to                                                          
                    examples/all_mutcounts/mut_count/mut_count___cfg-c526638/art
                    ifacts/075-HIV-UUCG-GS-75c-a-3-p/per_read_histogram.txtga   
           INFO     Found ShapeMapper profile for 076-HIV-UUCG-GS-75c-a-4-p at  
                    examples/all_mutcounts/mut_count/mut_count___cfg-c526638/art
                    ifacts/076-HIV-UUCG-GS-75c-a-4-p/076-HIV-UUCG-GS-75c-a-4-p_0
                    76-HIV-UUCG-GS-75c-a-4-p_profile.txt                        
           INFO     Inserted probe_fmod_run for sample ID 855 (Run ID: 723)     
           INFO     Inserted probe_fmod_run 723 for sample                      
                    076-HIV-UUCG-GS-75c-a-4-p                                   
           INFO     Bulk inserted 72 fmod_vals records.                         
           INFO     Inserted 72 probe_fmod_values records for                   
                    076-HIV-UUCG-GS-75c-a-4-p (modrate).                        
           INFO     Bulk inserted 72 fmod_vals records.                         
           INFO     Inserted 72 probe_fmod_values records for                   
                    076-HIV-UUCG-GS-75c-a-4-p (GAmodrate).                      
           INFO     Wrote per-read histogram for 076-HIV-UUCG-GS-75c-a-4-p      
                    (Modified) to                                               
                    examples/all_mutcounts/mut_count/mut_count___cfg-c526638/art
                    ifacts/076-HIV-UUCG-GS-75c-a-4-p/per_read_histogram.txt     
           INFO     Wrote per-read histogram for 076-HIV-UUCG-GS-75c-a-4-p (GA) 
                    to                                                          
                    examples/all_mutcounts/mut_count/mut_count___cfg-c526638/art
                    ifacts/076-HIV-UUCG-GS-75c-a-4-p/per_read_histogram.txtga   
           INFO     Found ShapeMapper profile for 077-HIV-UUCG-GS-75c-a-5-p at  
                    examples/all_mutcounts/mut_count/mut_count___cfg-c526638/art
                    ifacts/077-HIV-UUCG-GS-75c-a-5-p/077-HIV-UUCG-GS-75c-a-5-p_0
                    77-HIV-UUCG-GS-75c-a-5-p_profile.txt                        
[17:48:25] INFO     Inserted probe_fmod_run for sample ID 856 (Run ID: 724)     
           INFO     Inserted probe_fmod_run 724 for sample                      
                    077-HIV-UUCG-GS-75c-a-5-p                                   
           INFO     Bulk inserted 72 fmod_vals records.                         
           INFO     Inserted 72 probe_fmod_values records for                   
                    077-HIV-UUCG-GS-75c-a-5-p (modrate).                        
           INFO     Bulk inserted 72 fmod_vals records.                         
           INFO     Inserted 72 probe_fmod_values records for                   
                    077-HIV-UUCG-GS-75c-a-5-p (GAmodrate).                      
           INFO     Wrote per-read histogram for 077-HIV-UUCG-GS-75c-a-5-p      
                    (Modified) to                                               
                    examples/all_mutcounts/mut_count/mut_count___cfg-c526638/art
                    ifacts/077-HIV-UUCG-GS-75c-a-5-p/per_read_histogram.txt     
           INFO     Wrote per-read histogram for 077-HIV-UUCG-GS-75c-a-5-p (GA) 
                    to                                                          
                    examples/all_mutcounts/mut_count/mut_count___cfg-c526638/art
                    ifacts/077-HIV-UUCG-GS-75c-a-5-p/per_read_histogram.txtga   
           INFO     Found ShapeMapper profile for 061-HIV-UUCG-GS-75c-a-6-m at  
                    examples/all_mutcounts/mut_count/mut_count___cfg-c526638/art
                    ifacts/061-HIV-UUCG-GS-75c-a-6-m/061-HIV-UUCG-GS-75c-a-6-m_0
                    61-HIV-UUCG-GS-75c-a-6-m_profile.txt                        
           INFO     Inserted probe_fmod_run for sample ID 1032 (Run ID: 725)    
           INFO     Inserted probe_fmod_run 725 for sample                      
                    061-HIV-UUCG-GS-75c-a-6-m                                   
           INFO     Bulk inserted 72 fmod_vals records.                         
           INFO     Inserted 72 probe_fmod_values records for                   
                    061-HIV-UUCG-GS-75c-a-6-m (modrate).                        
           INFO     Bulk inserted 72 fmod_vals records.                         
           INFO     Inserted 72 probe_fmod_values records for                   
                    061-HIV-UUCG-GS-75c-a-6-m (GAmodrate).                      
           INFO     Wrote per-read histogram for 061-HIV-UUCG-GS-75c-a-6-m      
                    (Modified) to                                               
                    examples/all_mutcounts/mut_count/mut_count___cfg-c526638/art
                    ifacts/061-HIV-UUCG-GS-75c-a-6-m/per_read_histogram.txt     
           INFO     Wrote per-read histogram for 061-HIV-UUCG-GS-75c-a-6-m (GA) 
                    to                                                          
                    examples/all_mutcounts/mut_count/mut_count___cfg-c526638/art
                    ifacts/061-HIV-UUCG-GS-75c-a-6-m/per_read_histogram.txtga   
           INFO     Found ShapeMapper profile for 078-HIV-UUCG-GS-75c-a-6-p at  
                    examples/all_mutcounts/mut_count/mut_count___cfg-c526638/art
                    ifacts/078-HIV-UUCG-GS-75c-a-6-p/078-HIV-UUCG-GS-75c-a-6-p_0
                    78-HIV-UUCG-GS-75c-a-6-p_profile.txt                        
           INFO     Inserted probe_fmod_run for sample ID 857 (Run ID: 726)     
           INFO     Inserted probe_fmod_run 726 for sample                      
                    078-HIV-UUCG-GS-75c-a-6-p                                   
           INFO     Bulk inserted 72 fmod_vals records.                         
           INFO     Inserted 72 probe_fmod_values records for                   
                    078-HIV-UUCG-GS-75c-a-6-p (modrate).                        
           INFO     Bulk inserted 72 fmod_vals records.                         
           INFO     Inserted 72 probe_fmod_values records for                   
                    078-HIV-UUCG-GS-75c-a-6-p (GAmodrate).                      
           INFO     Wrote per-read histogram for 078-HIV-UUCG-GS-75c-a-6-p      
                    (Modified) to                                               
                    examples/all_mutcounts/mut_count/mut_count___cfg-c526638/art
                    ifacts/078-HIV-UUCG-GS-75c-a-6-p/per_read_histogram.txt     
           INFO     Wrote per-read histogram for 078-HIV-UUCG-GS-75c-a-6-p (GA) 
                    to                                                          
                    examples/all_mutcounts/mut_count/mut_count___cfg-c526638/art
                    ifacts/078-HIV-UUCG-GS-75c-a-6-p/per_read_histogram.txtga   
           INFO     mut_count completed. Profiles found for 7/7 samples;        
                    ingested 7 run(s).                                          
           INFO     Finished task ID 107 with state 'completed'                 
           INFO     Task 'mut_count' (ID: 107) completed successfully.          
           INFO     Updated 'latest' symlink for task 'mut_count' to point to   
                    /gpfs/projects/b1044/Computational_Output/EKC/EKC.01_SHAPE_s
                    tandardization/EKC.01.065.refactoring_data_analysis/nerd/exa
                    mples/all_mutcounts/mut_count/mut_count___cfg-c526638       
