[17:22:57] INFO     Executing 'run' command for step: 'mut_count'               
[17:22:57] INFO     Database schema initialized successfully.                   
           INFO     Created run directory:                                      
                    examples/all_mutcounts/mut_count/mut_count___cfg-a4ab474    
           INFO     Executing task 'mut_count' in run directory:                
                    examples/all_mutcounts/mut_count/mut_count___cfg-a4ab474    
           INFO     Resolved reaction_group 70_1_11 to 7 sample(s).             
           INFO     Began task 'mut_count' (ID: 88) for rg:109                  
                    (cfg=a4ab474b4e9b55812c948cf239922999e8dc03958868e42e61a83d6
                    158b9a50a)                                                  
           INFO     Starting command (backend=local) in                         
                    examples/all_mutcounts/mut_count/mut_count___cfg-a4ab474    
           INFO     Executing command locally. Log file:                        
                    examples/all_mutcounts/mut_count/mut_count___cfg-a4ab474/com
                    mand.log                                                    
[17:27:00] INFO     Command finished with exit code: 0                          
           INFO     Logged attempt #1 for task ID 88 (Attempt ID: 71)           
           INFO     Command completed successfully. Consuming outputs.          
           INFO     Found ShapeMapper profile for 061-HIV-A35G-70c-a-1-p at     
                    examples/all_mutcounts/mut_count/mut_count___cfg-a4ab474/art
                    ifacts/061-HIV-A35G-70c-a-1-p/061-HIV-A35G-70c-a-1-p_061-HIV
                    -A35G-70c-a-1-p_profile.txt                                 
           INFO     Inserted probe_fmod_run for sample ID 936 (Run ID: 573)     
           INFO     Inserted probe_fmod_run 573 for sample                      
                    061-HIV-A35G-70c-a-1-p                                      
           INFO     Bulk inserted 74 fmod_vals records.                         
           INFO     Inserted 74 probe_fmod_values records for                   
                    061-HIV-A35G-70c-a-1-p (modrate).                           
           INFO     Bulk inserted 74 fmod_vals records.                         
           INFO     Inserted 74 probe_fmod_values records for                   
                    061-HIV-A35G-70c-a-1-p (GAmodrate).                         
           INFO     Wrote per-read histogram for 061-HIV-A35G-70c-a-1-p         
                    (Modified) to                                               
                    examples/all_mutcounts/mut_count/mut_count___cfg-a4ab474/art
                    ifacts/061-HIV-A35G-70c-a-1-p/per_read_histogram.txt        
           INFO     Wrote per-read histogram for 061-HIV-A35G-70c-a-1-p (GA) to 
                    examples/all_mutcounts/mut_count/mut_count___cfg-a4ab474/art
                    ifacts/061-HIV-A35G-70c-a-1-p/per_read_histogram.txtga      
           INFO     Found ShapeMapper profile for 062-HIV-A35G-70c-a-2-p at     
                    examples/all_mutcounts/mut_count/mut_count___cfg-a4ab474/art
                    ifacts/062-HIV-A35G-70c-a-2-p/062-HIV-A35G-70c-a-2-p_062-HIV
                    -A35G-70c-a-2-p_profile.txt                                 
           INFO     Inserted probe_fmod_run for sample ID 937 (Run ID: 574)     
           INFO     Inserted probe_fmod_run 574 for sample                      
                    062-HIV-A35G-70c-a-2-p                                      
           INFO     Bulk inserted 74 fmod_vals records.                         
           INFO     Inserted 74 probe_fmod_values records for                   
                    062-HIV-A35G-70c-a-2-p (modrate).                           
           INFO     Bulk inserted 74 fmod_vals records.                         
           INFO     Inserted 74 probe_fmod_values records for                   
                    062-HIV-A35G-70c-a-2-p (GAmodrate).                         
           INFO     Wrote per-read histogram for 062-HIV-A35G-70c-a-2-p         
                    (Modified) to                                               
                    examples/all_mutcounts/mut_count/mut_count___cfg-a4ab474/art
                    ifacts/062-HIV-A35G-70c-a-2-p/per_read_histogram.txt        
           INFO     Wrote per-read histogram for 062-HIV-A35G-70c-a-2-p (GA) to 
                    examples/all_mutcounts/mut_count/mut_count___cfg-a4ab474/art
                    ifacts/062-HIV-A35G-70c-a-2-p/per_read_histogram.txtga      
           INFO     Found ShapeMapper profile for 063-HIV-A35G-70c-a-3-p at     
                    examples/all_mutcounts/mut_count/mut_count___cfg-a4ab474/art
                    ifacts/063-HIV-A35G-70c-a-3-p/063-HIV-A35G-70c-a-3-p_063-HIV
                    -A35G-70c-a-3-p_profile.txt                                 
           INFO     Inserted probe_fmod_run for sample ID 938 (Run ID: 575)     
           INFO     Inserted probe_fmod_run 575 for sample                      
                    063-HIV-A35G-70c-a-3-p                                      
           INFO     Bulk inserted 74 fmod_vals records.                         
           INFO     Inserted 74 probe_fmod_values records for                   
                    063-HIV-A35G-70c-a-3-p (modrate).                           
           INFO     Bulk inserted 74 fmod_vals records.                         
           INFO     Inserted 74 probe_fmod_values records for                   
                    063-HIV-A35G-70c-a-3-p (GAmodrate).                         
           INFO     Wrote per-read histogram for 063-HIV-A35G-70c-a-3-p         
                    (Modified) to                                               
                    examples/all_mutcounts/mut_count/mut_count___cfg-a4ab474/art
                    ifacts/063-HIV-A35G-70c-a-3-p/per_read_histogram.txt        
           INFO     Wrote per-read histogram for 063-HIV-A35G-70c-a-3-p (GA) to 
                    examples/all_mutcounts/mut_count/mut_count___cfg-a4ab474/art
                    ifacts/063-HIV-A35G-70c-a-3-p/per_read_histogram.txtga      
           INFO     Found ShapeMapper profile for 064-HIV-A35G-70c-a-4-p at     
                    examples/all_mutcounts/mut_count/mut_count___cfg-a4ab474/art
                    ifacts/064-HIV-A35G-70c-a-4-p/064-HIV-A35G-70c-a-4-p_064-HIV
                    -A35G-70c-a-4-p_profile.txt                                 
           INFO     Inserted probe_fmod_run for sample ID 939 (Run ID: 576)     
           INFO     Inserted probe_fmod_run 576 for sample                      
                    064-HIV-A35G-70c-a-4-p                                      
           INFO     Bulk inserted 74 fmod_vals records.                         
           INFO     Inserted 74 probe_fmod_values records for                   
                    064-HIV-A35G-70c-a-4-p (modrate).                           
           INFO     Bulk inserted 74 fmod_vals records.                         
           INFO     Inserted 74 probe_fmod_values records for                   
                    064-HIV-A35G-70c-a-4-p (GAmodrate).                         
           INFO     Wrote per-read histogram for 064-HIV-A35G-70c-a-4-p         
                    (Modified) to                                               
                    examples/all_mutcounts/mut_count/mut_count___cfg-a4ab474/art
                    ifacts/064-HIV-A35G-70c-a-4-p/per_read_histogram.txt        
           INFO     Wrote per-read histogram for 064-HIV-A35G-70c-a-4-p (GA) to 
                    examples/all_mutcounts/mut_count/mut_count___cfg-a4ab474/art
                    ifacts/064-HIV-A35G-70c-a-4-p/per_read_histogram.txtga      
           INFO     Found ShapeMapper profile for 065-HIV-A35G-70c-a-5-p at     
                    examples/all_mutcounts/mut_count/mut_count___cfg-a4ab474/art
                    ifacts/065-HIV-A35G-70c-a-5-p/065-HIV-A35G-70c-a-5-p_065-HIV
                    -A35G-70c-a-5-p_profile.txt                                 
           INFO     Inserted probe_fmod_run for sample ID 940 (Run ID: 577)     
           INFO     Inserted probe_fmod_run 577 for sample                      
                    065-HIV-A35G-70c-a-5-p                                      
           INFO     Bulk inserted 74 fmod_vals records.                         
           INFO     Inserted 74 probe_fmod_values records for                   
                    065-HIV-A35G-70c-a-5-p (modrate).                           
           INFO     Bulk inserted 74 fmod_vals records.                         
           INFO     Inserted 74 probe_fmod_values records for                   
                    065-HIV-A35G-70c-a-5-p (GAmodrate).                         
           INFO     Wrote per-read histogram for 065-HIV-A35G-70c-a-5-p         
                    (Modified) to                                               
                    examples/all_mutcounts/mut_count/mut_count___cfg-a4ab474/art
                    ifacts/065-HIV-A35G-70c-a-5-p/per_read_histogram.txt        
           INFO     Wrote per-read histogram for 065-HIV-A35G-70c-a-5-p (GA) to 
                    examples/all_mutcounts/mut_count/mut_count___cfg-a4ab474/art
                    ifacts/065-HIV-A35G-70c-a-5-p/per_read_histogram.txtga      
           INFO     Found ShapeMapper profile for 066-HIV-A35G-70c-a-6-p at     
                    examples/all_mutcounts/mut_count/mut_count___cfg-a4ab474/art
                    ifacts/066-HIV-A35G-70c-a-6-p/066-HIV-A35G-70c-a-6-p_066-HIV
                    -A35G-70c-a-6-p_profile.txt                                 
           INFO     Inserted probe_fmod_run for sample ID 941 (Run ID: 578)     
           INFO     Inserted probe_fmod_run 578 for sample                      
                    066-HIV-A35G-70c-a-6-p                                      
           INFO     Bulk inserted 74 fmod_vals records.                         
           INFO     Inserted 74 probe_fmod_values records for                   
                    066-HIV-A35G-70c-a-6-p (modrate).                           
           INFO     Bulk inserted 74 fmod_vals records.                         
           INFO     Inserted 74 probe_fmod_values records for                   
                    066-HIV-A35G-70c-a-6-p (GAmodrate).                         
           INFO     Wrote per-read histogram for 066-HIV-A35G-70c-a-6-p         
                    (Modified) to                                               
                    examples/all_mutcounts/mut_count/mut_count___cfg-a4ab474/art
                    ifacts/066-HIV-A35G-70c-a-6-p/per_read_histogram.txt        
           INFO     Wrote per-read histogram for 066-HIV-A35G-70c-a-6-p (GA) to 
                    examples/all_mutcounts/mut_count/mut_count___cfg-a4ab474/art
                    ifacts/066-HIV-A35G-70c-a-6-p/per_read_histogram.txtga      
           INFO     Found ShapeMapper profile for 075-HIV-A35G-70c-a-6-m at     
                    examples/all_mutcounts/mut_count/mut_count___cfg-a4ab474/art
                    ifacts/075-HIV-A35G-70c-a-6-m/075-HIV-A35G-70c-a-6-m_075-HIV
                    -A35G-70c-a-6-m_profile.txt                                 
           INFO     Inserted probe_fmod_run for sample ID 1046 (Run ID: 579)    
           INFO     Inserted probe_fmod_run 579 for sample                      
                    075-HIV-A35G-70c-a-6-m                                      
           INFO     Bulk inserted 74 fmod_vals records.                         
           INFO     Inserted 74 probe_fmod_values records for                   
                    075-HIV-A35G-70c-a-6-m (modrate).                           
           INFO     Bulk inserted 74 fmod_vals records.                         
           INFO     Inserted 74 probe_fmod_values records for                   
                    075-HIV-A35G-70c-a-6-m (GAmodrate).                         
           INFO     Wrote per-read histogram for 075-HIV-A35G-70c-a-6-m         
                    (Modified) to                                               
                    examples/all_mutcounts/mut_count/mut_count___cfg-a4ab474/art
                    ifacts/075-HIV-A35G-70c-a-6-m/per_read_histogram.txt        
           INFO     Wrote per-read histogram for 075-HIV-A35G-70c-a-6-m (GA) to 
                    examples/all_mutcounts/mut_count/mut_count___cfg-a4ab474/art
                    ifacts/075-HIV-A35G-70c-a-6-m/per_read_histogram.txtga      
           INFO     mut_count completed. Profiles found for 7/7 samples;        
                    ingested 7 run(s).                                          
           INFO     Finished task ID 88 with state 'completed'                  
           INFO     Task 'mut_count' (ID: 88) completed successfully.           
           INFO     Updated 'latest' symlink for task 'mut_count' to point to   
                    /gpfs/projects/b1044/Computational_Output/EKC/EKC.01_SHAPE_s
                    tandardization/EKC.01.065.refactoring_data_analysis/nerd/exa
                    mples/all_mutcounts/mut_count/mut_count___cfg-a4ab474       
