[15:03:10] INFO     Executing 'run' command for step: 'mut_count'               
[15:03:10] INFO     Database schema initialized successfully.                   
           INFO     Created run directory:                                      
                    examples/all_mutcounts/mut_count/mut_count___cfg-265e004    
           INFO     Executing task 'mut_count' in run directory:                
                    examples/all_mutcounts/mut_count/mut_count___cfg-265e004    
           INFO     Resolved reaction_group 30_2 to 7 sample(s).                
           INFO     Began task 'mut_count' (ID: 48) for rg:21                   
                    (cfg=265e004723e67ddef11edd0440beed39784a1faba24e7c42106cea7
                    295a548b0)                                                  
           INFO     Starting command (backend=local) in                         
                    examples/all_mutcounts/mut_count/mut_count___cfg-265e004    
           INFO     Executing command locally. Log file:                        
                    examples/all_mutcounts/mut_count/mut_count___cfg-265e004/com
                    mand.log                                                    
[15:07:43] INFO     Command finished with exit code: 0                          
           INFO     Logged attempt #1 for task ID 48 (Attempt ID: 30)           
           INFO     Command completed successfully. Consuming outputs.          
           INFO     Found ShapeMapper profile for 061-EKC-WT-30c-b-1-p at       
                    examples/all_mutcounts/mut_count/mut_count___cfg-265e004/art
                    ifacts/061-EKC-WT-30c-b-1-p/061-EKC-WT-30c-b-1-p_061-EKC-WT-
                    30c-b-1-p_profile.txt                                       
           INFO     Inserted probe_fmod_run for sample ID 366 (Run ID: 222)     
           INFO     Inserted probe_fmod_run 222 for sample 061-EKC-WT-30c-b-1-p 
           INFO     Bulk inserted 80 fmod_vals records.                         
           INFO     Inserted 80 probe_fmod_values records for                   
                    061-EKC-WT-30c-b-1-p (modrate).                             
           INFO     Bulk inserted 80 fmod_vals records.                         
           INFO     Inserted 80 probe_fmod_values records for                   
                    061-EKC-WT-30c-b-1-p (GAmodrate).                           
           INFO     Wrote per-read histogram for 061-EKC-WT-30c-b-1-p (Modified)
                    to                                                          
                    examples/all_mutcounts/mut_count/mut_count___cfg-265e004/art
                    ifacts/061-EKC-WT-30c-b-1-p/per_read_histogram.txt          
           INFO     Wrote per-read histogram for 061-EKC-WT-30c-b-1-p (GA) to   
                    examples/all_mutcounts/mut_count/mut_count___cfg-265e004/art
                    ifacts/061-EKC-WT-30c-b-1-p/per_read_histogram.txtga        
           INFO     Found ShapeMapper profile for 062-EKC-WT-30c-b-2-p at       
                    examples/all_mutcounts/mut_count/mut_count___cfg-265e004/art
                    ifacts/062-EKC-WT-30c-b-2-p/062-EKC-WT-30c-b-2-p_062-EKC-WT-
                    30c-b-2-p_profile.txt                                       
           INFO     Inserted probe_fmod_run for sample ID 367 (Run ID: 223)     
           INFO     Inserted probe_fmod_run 223 for sample 062-EKC-WT-30c-b-2-p 
           INFO     Bulk inserted 80 fmod_vals records.                         
           INFO     Inserted 80 probe_fmod_values records for                   
                    062-EKC-WT-30c-b-2-p (modrate).                             
           INFO     Bulk inserted 80 fmod_vals records.                         
           INFO     Inserted 80 probe_fmod_values records for                   
                    062-EKC-WT-30c-b-2-p (GAmodrate).                           
           INFO     Wrote per-read histogram for 062-EKC-WT-30c-b-2-p (Modified)
                    to                                                          
                    examples/all_mutcounts/mut_count/mut_count___cfg-265e004/art
                    ifacts/062-EKC-WT-30c-b-2-p/per_read_histogram.txt          
           INFO     Wrote per-read histogram for 062-EKC-WT-30c-b-2-p (GA) to   
                    examples/all_mutcounts/mut_count/mut_count___cfg-265e004/art
                    ifacts/062-EKC-WT-30c-b-2-p/per_read_histogram.txtga        
           INFO     Found ShapeMapper profile for 063-EKC-WT-30c-b-3-p at       
                    examples/all_mutcounts/mut_count/mut_count___cfg-265e004/art
                    ifacts/063-EKC-WT-30c-b-3-p/063-EKC-WT-30c-b-3-p_063-EKC-WT-
                    30c-b-3-p_profile.txt                                       
           INFO     Inserted probe_fmod_run for sample ID 368 (Run ID: 224)     
           INFO     Inserted probe_fmod_run 224 for sample 063-EKC-WT-30c-b-3-p 
           INFO     Bulk inserted 80 fmod_vals records.                         
           INFO     Inserted 80 probe_fmod_values records for                   
                    063-EKC-WT-30c-b-3-p (modrate).                             
           INFO     Bulk inserted 80 fmod_vals records.                         
           INFO     Inserted 80 probe_fmod_values records for                   
                    063-EKC-WT-30c-b-3-p (GAmodrate).                           
           INFO     Wrote per-read histogram for 063-EKC-WT-30c-b-3-p (Modified)
                    to                                                          
                    examples/all_mutcounts/mut_count/mut_count___cfg-265e004/art
                    ifacts/063-EKC-WT-30c-b-3-p/per_read_histogram.txt          
           INFO     Wrote per-read histogram for 063-EKC-WT-30c-b-3-p (GA) to   
                    examples/all_mutcounts/mut_count/mut_count___cfg-265e004/art
                    ifacts/063-EKC-WT-30c-b-3-p/per_read_histogram.txtga        
           INFO     Found ShapeMapper profile for 064-EKC-WT-30c-b-4-p at       
                    examples/all_mutcounts/mut_count/mut_count___cfg-265e004/art
                    ifacts/064-EKC-WT-30c-b-4-p/064-EKC-WT-30c-b-4-p_064-EKC-WT-
                    30c-b-4-p_profile.txt                                       
           INFO     Inserted probe_fmod_run for sample ID 369 (Run ID: 225)     
           INFO     Inserted probe_fmod_run 225 for sample 064-EKC-WT-30c-b-4-p 
           INFO     Bulk inserted 80 fmod_vals records.                         
           INFO     Inserted 80 probe_fmod_values records for                   
                    064-EKC-WT-30c-b-4-p (modrate).                             
           INFO     Bulk inserted 80 fmod_vals records.                         
           INFO     Inserted 80 probe_fmod_values records for                   
                    064-EKC-WT-30c-b-4-p (GAmodrate).                           
           INFO     Wrote per-read histogram for 064-EKC-WT-30c-b-4-p (Modified)
                    to                                                          
                    examples/all_mutcounts/mut_count/mut_count___cfg-265e004/art
                    ifacts/064-EKC-WT-30c-b-4-p/per_read_histogram.txt          
           INFO     Wrote per-read histogram for 064-EKC-WT-30c-b-4-p (GA) to   
                    examples/all_mutcounts/mut_count/mut_count___cfg-265e004/art
                    ifacts/064-EKC-WT-30c-b-4-p/per_read_histogram.txtga        
           INFO     Found ShapeMapper profile for 065-EKC-WT-30c-b-5-p at       
                    examples/all_mutcounts/mut_count/mut_count___cfg-265e004/art
                    ifacts/065-EKC-WT-30c-b-5-p/065-EKC-WT-30c-b-5-p_065-EKC-WT-
                    30c-b-5-p_profile.txt                                       
           INFO     Inserted probe_fmod_run for sample ID 370 (Run ID: 226)     
           INFO     Inserted probe_fmod_run 226 for sample 065-EKC-WT-30c-b-5-p 
           INFO     Bulk inserted 80 fmod_vals records.                         
           INFO     Inserted 80 probe_fmod_values records for                   
                    065-EKC-WT-30c-b-5-p (modrate).                             
           INFO     Bulk inserted 80 fmod_vals records.                         
           INFO     Inserted 80 probe_fmod_values records for                   
                    065-EKC-WT-30c-b-5-p (GAmodrate).                           
           INFO     Wrote per-read histogram for 065-EKC-WT-30c-b-5-p (Modified)
                    to                                                          
                    examples/all_mutcounts/mut_count/mut_count___cfg-265e004/art
                    ifacts/065-EKC-WT-30c-b-5-p/per_read_histogram.txt          
           INFO     Wrote per-read histogram for 065-EKC-WT-30c-b-5-p (GA) to   
                    examples/all_mutcounts/mut_count/mut_count___cfg-265e004/art
                    ifacts/065-EKC-WT-30c-b-5-p/per_read_histogram.txtga        
           INFO     Found ShapeMapper profile for 031-EKC-WT-30c-b-6-m at       
                    examples/all_mutcounts/mut_count/mut_count___cfg-265e004/art
                    ifacts/031-EKC-WT-30c-b-6-m/031-EKC-WT-30c-b-6-m_031-EKC-WT-
                    30c-b-6-m_profile.txt                                       
           INFO     Inserted probe_fmod_run for sample ID 336 (Run ID: 227)     
           INFO     Inserted probe_fmod_run 227 for sample 031-EKC-WT-30c-b-6-m 
           INFO     Bulk inserted 80 fmod_vals records.                         
           INFO     Inserted 80 probe_fmod_values records for                   
                    031-EKC-WT-30c-b-6-m (modrate).                             
           INFO     Bulk inserted 80 fmod_vals records.                         
           INFO     Inserted 80 probe_fmod_values records for                   
                    031-EKC-WT-30c-b-6-m (GAmodrate).                           
           INFO     Wrote per-read histogram for 031-EKC-WT-30c-b-6-m (Modified)
                    to                                                          
                    examples/all_mutcounts/mut_count/mut_count___cfg-265e004/art
                    ifacts/031-EKC-WT-30c-b-6-m/per_read_histogram.txt          
           INFO     Wrote per-read histogram for 031-EKC-WT-30c-b-6-m (GA) to   
                    examples/all_mutcounts/mut_count/mut_count___cfg-265e004/art
                    ifacts/031-EKC-WT-30c-b-6-m/per_read_histogram.txtga        
           INFO     Found ShapeMapper profile for 066-EKC-WT-30c-b-6-p at       
                    examples/all_mutcounts/mut_count/mut_count___cfg-265e004/art
                    ifacts/066-EKC-WT-30c-b-6-p/066-EKC-WT-30c-b-6-p_066-EKC-WT-
                    30c-b-6-p_profile.txt                                       
           INFO     Inserted probe_fmod_run for sample ID 371 (Run ID: 228)     
           INFO     Inserted probe_fmod_run 228 for sample 066-EKC-WT-30c-b-6-p 
           INFO     Bulk inserted 80 fmod_vals records.                         
           INFO     Inserted 80 probe_fmod_values records for                   
                    066-EKC-WT-30c-b-6-p (modrate).                             
           INFO     Bulk inserted 80 fmod_vals records.                         
           INFO     Inserted 80 probe_fmod_values records for                   
                    066-EKC-WT-30c-b-6-p (GAmodrate).                           
           INFO     Wrote per-read histogram for 066-EKC-WT-30c-b-6-p (Modified)
                    to                                                          
                    examples/all_mutcounts/mut_count/mut_count___cfg-265e004/art
                    ifacts/066-EKC-WT-30c-b-6-p/per_read_histogram.txt          
           INFO     Wrote per-read histogram for 066-EKC-WT-30c-b-6-p (GA) to   
                    examples/all_mutcounts/mut_count/mut_count___cfg-265e004/art
                    ifacts/066-EKC-WT-30c-b-6-p/per_read_histogram.txtga        
           INFO     mut_count completed. Profiles found for 7/7 samples;        
                    ingested 7 run(s).                                          
           INFO     Finished task ID 48 with state 'completed'                  
           INFO     Task 'mut_count' (ID: 48) completed successfully.           
           INFO     Updated 'latest' symlink for task 'mut_count' to point to   
                    /gpfs/projects/b1044/Computational_Output/EKC/EKC.01_SHAPE_s
                    tandardization/EKC.01.065.refactoring_data_analysis/nerd/exa
                    mples/all_mutcounts/mut_count/mut_count___cfg-265e004       
