[17:55:35] INFO     Executing 'run' command for step: 'mut_count'               
[17:55:35] INFO     Database schema initialized successfully.                   
           INFO     Created run directory:                                      
                    examples/all_mutcounts/mut_count/mut_count___cfg-76dc21f    
           INFO     Executing task 'mut_count' in run directory:                
                    examples/all_mutcounts/mut_count/mut_count___cfg-76dc21f    
           INFO     Resolved reaction_group 80_1_14 to 7 sample(s).             
           INFO     Began task 'mut_count' (ID: 122) for rg:97                  
                    (cfg=76dc21fc6fa14681eb2eb31e2a60ee4e70bd90789750d1835c5e543
                    e060b3d35)                                                  
           INFO     Starting command (backend=local) in                         
                    examples/all_mutcounts/mut_count/mut_count___cfg-76dc21f    
           INFO     Executing command locally. Log file:                        
                    examples/all_mutcounts/mut_count/mut_count___cfg-76dc21f/com
                    mand.log                                                    
[17:59:39] INFO     Command finished with exit code: 0                          
           INFO     Logged attempt #1 for task ID 122 (Attempt ID: 112)         
           INFO     Command completed successfully. Consuming outputs.          
           INFO     Found ShapeMapper profile for 085-HIV-UUCG-GS-80c-a-1-p at  
                    examples/all_mutcounts/mut_count/mut_count___cfg-76dc21f/art
                    ifacts/085-HIV-UUCG-GS-80c-a-1-p/085-HIV-UUCG-GS-80c-a-1-p_0
                    85-HIV-UUCG-GS-80c-a-1-p_profile.txt                        
           INFO     Inserted probe_fmod_run for sample ID 864 (Run ID: 877)     
           INFO     Inserted probe_fmod_run 877 for sample                      
                    085-HIV-UUCG-GS-80c-a-1-p                                   
           INFO     Bulk inserted 72 fmod_vals records.                         
           INFO     Inserted 72 probe_fmod_values records for                   
                    085-HIV-UUCG-GS-80c-a-1-p (modrate).                        
           INFO     Bulk inserted 72 fmod_vals records.                         
           INFO     Inserted 72 probe_fmod_values records for                   
                    085-HIV-UUCG-GS-80c-a-1-p (GAmodrate).                      
           INFO     Wrote per-read histogram for 085-HIV-UUCG-GS-80c-a-1-p      
                    (Modified) to                                               
                    examples/all_mutcounts/mut_count/mut_count___cfg-76dc21f/art
                    ifacts/085-HIV-UUCG-GS-80c-a-1-p/per_read_histogram.txt     
           INFO     Wrote per-read histogram for 085-HIV-UUCG-GS-80c-a-1-p (GA) 
                    to                                                          
                    examples/all_mutcounts/mut_count/mut_count___cfg-76dc21f/art
                    ifacts/085-HIV-UUCG-GS-80c-a-1-p/per_read_histogram.txtga   
           INFO     Found ShapeMapper profile for 086-HIV-UUCG-GS-80c-a-2-p at  
                    examples/all_mutcounts/mut_count/mut_count___cfg-76dc21f/art
                    ifacts/086-HIV-UUCG-GS-80c-a-2-p/086-HIV-UUCG-GS-80c-a-2-p_0
                    86-HIV-UUCG-GS-80c-a-2-p_profile.txt                        
[17:59:40] INFO     Inserted probe_fmod_run for sample ID 865 (Run ID: 878)     
           INFO     Inserted probe_fmod_run 878 for sample                      
                    086-HIV-UUCG-GS-80c-a-2-p                                   
           INFO     Bulk inserted 72 fmod_vals records.                         
           INFO     Inserted 72 probe_fmod_values records for                   
                    086-HIV-UUCG-GS-80c-a-2-p (modrate).                        
           INFO     Bulk inserted 72 fmod_vals records.                         
           INFO     Inserted 72 probe_fmod_values records for                   
                    086-HIV-UUCG-GS-80c-a-2-p (GAmodrate).                      
           INFO     Wrote per-read histogram for 086-HIV-UUCG-GS-80c-a-2-p      
                    (Modified) to                                               
                    examples/all_mutcounts/mut_count/mut_count___cfg-76dc21f/art
                    ifacts/086-HIV-UUCG-GS-80c-a-2-p/per_read_histogram.txt     
           INFO     Wrote per-read histogram for 086-HIV-UUCG-GS-80c-a-2-p (GA) 
                    to                                                          
                    examples/all_mutcounts/mut_count/mut_count___cfg-76dc21f/art
                    ifacts/086-HIV-UUCG-GS-80c-a-2-p/per_read_histogram.txtga   
           INFO     Found ShapeMapper profile for 087-HIV-UUCG-GS-80c-a-3-p at  
                    examples/all_mutcounts/mut_count/mut_count___cfg-76dc21f/art
                    ifacts/087-HIV-UUCG-GS-80c-a-3-p/087-HIV-UUCG-GS-80c-a-3-p_0
                    87-HIV-UUCG-GS-80c-a-3-p_profile.txt                        
           INFO     Inserted probe_fmod_run for sample ID 866 (Run ID: 879)     
           INFO     Inserted probe_fmod_run 879 for sample                      
                    087-HIV-UUCG-GS-80c-a-3-p                                   
           INFO     Bulk inserted 72 fmod_vals records.                         
           INFO     Inserted 72 probe_fmod_values records for                   
                    087-HIV-UUCG-GS-80c-a-3-p (modrate).                        
           INFO     Bulk inserted 72 fmod_vals records.                         
           INFO     Inserted 72 probe_fmod_values records for                   
                    087-HIV-UUCG-GS-80c-a-3-p (GAmodrate).                      
           INFO     Wrote per-read histogram for 087-HIV-UUCG-GS-80c-a-3-p      
                    (Modified) to                                               
                    examples/all_mutcounts/mut_count/mut_count___cfg-76dc21f/art
                    ifacts/087-HIV-UUCG-GS-80c-a-3-p/per_read_histogram.txt     
           INFO     Wrote per-read histogram for 087-HIV-UUCG-GS-80c-a-3-p (GA) 
                    to                                                          
                    examples/all_mutcounts/mut_count/mut_count___cfg-76dc21f/art
                    ifacts/087-HIV-UUCG-GS-80c-a-3-p/per_read_histogram.txtga   
           INFO     Found ShapeMapper profile for 088-HIV-UUCG-GS-80c-a-4-p at  
                    examples/all_mutcounts/mut_count/mut_count___cfg-76dc21f/art
                    ifacts/088-HIV-UUCG-GS-80c-a-4-p/088-HIV-UUCG-GS-80c-a-4-p_0
                    88-HIV-UUCG-GS-80c-a-4-p_profile.txt                        
           INFO     Inserted probe_fmod_run for sample ID 867 (Run ID: 880)     
           INFO     Inserted probe_fmod_run 880 for sample                      
                    088-HIV-UUCG-GS-80c-a-4-p                                   
           INFO     Bulk inserted 72 fmod_vals records.                         
           INFO     Inserted 72 probe_fmod_values records for                   
                    088-HIV-UUCG-GS-80c-a-4-p (modrate).                        
           INFO     Bulk inserted 72 fmod_vals records.                         
           INFO     Inserted 72 probe_fmod_values records for                   
                    088-HIV-UUCG-GS-80c-a-4-p (GAmodrate).                      
           INFO     Wrote per-read histogram for 088-HIV-UUCG-GS-80c-a-4-p      
                    (Modified) to                                               
                    examples/all_mutcounts/mut_count/mut_count___cfg-76dc21f/art
                    ifacts/088-HIV-UUCG-GS-80c-a-4-p/per_read_histogram.txt     
           INFO     Wrote per-read histogram for 088-HIV-UUCG-GS-80c-a-4-p (GA) 
                    to                                                          
                    examples/all_mutcounts/mut_count/mut_count___cfg-76dc21f/art
                    ifacts/088-HIV-UUCG-GS-80c-a-4-p/per_read_histogram.txtga   
           INFO     Found ShapeMapper profile for 089-HIV-UUCG-GS-80c-a-5-p at  
                    examples/all_mutcounts/mut_count/mut_count___cfg-76dc21f/art
                    ifacts/089-HIV-UUCG-GS-80c-a-5-p/089-HIV-UUCG-GS-80c-a-5-p_0
                    89-HIV-UUCG-GS-80c-a-5-p_profile.txt                        
           INFO     Inserted probe_fmod_run for sample ID 868 (Run ID: 881)     
           INFO     Inserted probe_fmod_run 881 for sample                      
                    089-HIV-UUCG-GS-80c-a-5-p                                   
           INFO     Bulk inserted 72 fmod_vals records.                         
           INFO     Inserted 72 probe_fmod_values records for                   
                    089-HIV-UUCG-GS-80c-a-5-p (modrate).                        
           INFO     Bulk inserted 72 fmod_vals records.                         
           INFO     Inserted 72 probe_fmod_values records for                   
                    089-HIV-UUCG-GS-80c-a-5-p (GAmodrate).                      
           INFO     Wrote per-read histogram for 089-HIV-UUCG-GS-80c-a-5-p      
                    (Modified) to                                               
                    examples/all_mutcounts/mut_count/mut_count___cfg-76dc21f/art
                    ifacts/089-HIV-UUCG-GS-80c-a-5-p/per_read_histogram.txt     
           INFO     Wrote per-read histogram for 089-HIV-UUCG-GS-80c-a-5-p (GA) 
                    to                                                          
                    examples/all_mutcounts/mut_count/mut_count___cfg-76dc21f/art
                    ifacts/089-HIV-UUCG-GS-80c-a-5-p/per_read_histogram.txtga   
           INFO     Found ShapeMapper profile for 063-HIV-UUCG-GS-80c-a-6-m at  
                    examples/all_mutcounts/mut_count/mut_count___cfg-76dc21f/art
                    ifacts/063-HIV-UUCG-GS-80c-a-6-m/063-HIV-UUCG-GS-80c-a-6-m_0
                    63-HIV-UUCG-GS-80c-a-6-m_profile.txt                        
           INFO     Inserted probe_fmod_run for sample ID 1034 (Run ID: 882)    
           INFO     Inserted probe_fmod_run 882 for sample                      
                    063-HIV-UUCG-GS-80c-a-6-m                                   
           INFO     Bulk inserted 72 fmod_vals records.                         
           INFO     Inserted 72 probe_fmod_values records for                   
                    063-HIV-UUCG-GS-80c-a-6-m (modrate).                        
           INFO     Bulk inserted 72 fmod_vals records.                         
           INFO     Inserted 72 probe_fmod_values records for                   
                    063-HIV-UUCG-GS-80c-a-6-m (GAmodrate).                      
           INFO     Wrote per-read histogram for 063-HIV-UUCG-GS-80c-a-6-m      
                    (Modified) to                                               
                    examples/all_mutcounts/mut_count/mut_count___cfg-76dc21f/art
                    ifacts/063-HIV-UUCG-GS-80c-a-6-m/per_read_histogram.txt     
           INFO     Wrote per-read histogram for 063-HIV-UUCG-GS-80c-a-6-m (GA) 
                    to                                                          
                    examples/all_mutcounts/mut_count/mut_count___cfg-76dc21f/art
                    ifacts/063-HIV-UUCG-GS-80c-a-6-m/per_read_histogram.txtga   
           INFO     Found ShapeMapper profile for 090-HIV-UUCG-GS-80c-a-6-p at  
                    examples/all_mutcounts/mut_count/mut_count___cfg-76dc21f/art
                    ifacts/090-HIV-UUCG-GS-80c-a-6-p/090-HIV-UUCG-GS-80c-a-6-p_0
                    90-HIV-UUCG-GS-80c-a-6-p_profile.txt                        
           INFO     Inserted probe_fmod_run for sample ID 869 (Run ID: 883)     
           INFO     Inserted probe_fmod_run 883 for sample                      
                    090-HIV-UUCG-GS-80c-a-6-p                                   
           INFO     Bulk inserted 72 fmod_vals records.                         
           INFO     Inserted 72 probe_fmod_values records for                   
                    090-HIV-UUCG-GS-80c-a-6-p (modrate).                        
           INFO     Bulk inserted 72 fmod_vals records.                         
           INFO     Inserted 72 probe_fmod_values records for                   
                    090-HIV-UUCG-GS-80c-a-6-p (GAmodrate).                      
           INFO     Wrote per-read histogram for 090-HIV-UUCG-GS-80c-a-6-p      
                    (Modified) to                                               
                    examples/all_mutcounts/mut_count/mut_count___cfg-76dc21f/art
                    ifacts/090-HIV-UUCG-GS-80c-a-6-p/per_read_histogram.txt     
           INFO     Wrote per-read histogram for 090-HIV-UUCG-GS-80c-a-6-p (GA) 
                    to                                                          
                    examples/all_mutcounts/mut_count/mut_count___cfg-76dc21f/art
                    ifacts/090-HIV-UUCG-GS-80c-a-6-p/per_read_histogram.txtga   
           INFO     mut_count completed. Profiles found for 7/7 samples;        
                    ingested 7 run(s).                                          
           INFO     Finished task ID 122 with state 'completed'                 
           INFO     Task 'mut_count' (ID: 122) completed successfully.          
           INFO     Updated 'latest' symlink for task 'mut_count' to point to   
                    /gpfs/projects/b1044/Computational_Output/EKC/EKC.01_SHAPE_s
                    tandardization/EKC.01.065.refactoring_data_analysis/nerd/exa
                    mples/all_mutcounts/mut_count/mut_count___cfg-76dc21f       
