[13:55:16] INFO     Executing 'run' command for step: 'mut_count'               
[13:55:16] INFO     Database schema initialized successfully.                   
           INFO     Created run directory:                                      
                    examples/all_mutcounts/mut_count/mut_count___cfg-3ad3ed3    
           INFO     Executing task 'mut_count' in run directory:                
                    examples/all_mutcounts/mut_count/mut_count___cfg-3ad3ed3    
           INFO     Resolved reaction_group 16 to 7 sample(s).                  
           INFO     Began task 'mut_count' (ID: 16) for rg:132                  
                    (cfg=3ad3ed3b5a8b7d206b6b2df2f3d0b43074e7e9b7ebfa2ce54bc6b63
                    ba5d9e39b)                                                  
           INFO     Starting command (backend=local) in                         
                    examples/all_mutcounts/mut_count/mut_count___cfg-3ad3ed3    
           INFO     Executing command locally. Log file:                        
                    examples/all_mutcounts/mut_count/mut_count___cfg-3ad3ed3/com
                    mand.log                                                    
[13:56:50] INFO     Command finished with exit code: 0                          
           INFO     Logged attempt #1 for task ID 16 (Attempt ID: 5)            
           INFO     Command completed successfully. Consuming outputs.          
           INFO     Found ShapeMapper profile for                               
                    058_P4P6_WT_bc_5mMMgMRTpH9_tp1_p at                         
                    examples/all_mutcounts/mut_count/mut_count___cfg-3ad3ed3/art
                    ifacts/058_P4P6_WT_bc_5mMMgMRTpH9_tp1_p/058_P4P6_WT_bc_5mMMg
                    MRTpH9_tp1_p_058_P4P6_WT_bc_5mMMgMRTpH9_tp1_p_profile.txt   
           INFO     Inserted probe_fmod_run for sample ID 1117 (Run ID: 23)     
           INFO     Inserted probe_fmod_run 23 for sample                       
                    058_P4P6_WT_bc_5mMMgMRTpH9_tp1_p                            
           INFO     Bulk inserted 241 fmod_vals records.                        
           INFO     Inserted 241 probe_fmod_values records for                  
                    058_P4P6_WT_bc_5mMMgMRTpH9_tp1_p (modrate).                 
           INFO     Bulk inserted 241 fmod_vals records.                        
           INFO     Inserted 241 probe_fmod_values records for                  
                    058_P4P6_WT_bc_5mMMgMRTpH9_tp1_p (GAmodrate).               
           INFO     Wrote per-read histogram for                                
                    058_P4P6_WT_bc_5mMMgMRTpH9_tp1_p (Modified) to              
                    examples/all_mutcounts/mut_count/mut_count___cfg-3ad3ed3/art
                    ifacts/058_P4P6_WT_bc_5mMMgMRTpH9_tp1_p/per_read_histogram.t
                    xt                                                          
           INFO     Wrote per-read histogram for                                
                    058_P4P6_WT_bc_5mMMgMRTpH9_tp1_p (GA) to                    
                    examples/all_mutcounts/mut_count/mut_count___cfg-3ad3ed3/art
                    ifacts/058_P4P6_WT_bc_5mMMgMRTpH9_tp1_p/per_read_histogram.t
                    xtga                                                        
           INFO     Found ShapeMapper profile for                               
                    059_P4P6_WT_bc_5mMMgMRTpH9_tp2_p at                         
                    examples/all_mutcounts/mut_count/mut_count___cfg-3ad3ed3/art
                    ifacts/059_P4P6_WT_bc_5mMMgMRTpH9_tp2_p/059_P4P6_WT_bc_5mMMg
                    MRTpH9_tp2_p_059_P4P6_WT_bc_5mMMgMRTpH9_tp2_p_profile.txt   
           INFO     Inserted probe_fmod_run for sample ID 1118 (Run ID: 24)     
           INFO     Inserted probe_fmod_run 24 for sample                       
                    059_P4P6_WT_bc_5mMMgMRTpH9_tp2_p                            
           INFO     Bulk inserted 241 fmod_vals records.                        
           INFO     Inserted 241 probe_fmod_values records for                  
                    059_P4P6_WT_bc_5mMMgMRTpH9_tp2_p (modrate).                 
           INFO     Bulk inserted 241 fmod_vals records.                        
           INFO     Inserted 241 probe_fmod_values records for                  
                    059_P4P6_WT_bc_5mMMgMRTpH9_tp2_p (GAmodrate).               
           INFO     Wrote per-read histogram for                                
                    059_P4P6_WT_bc_5mMMgMRTpH9_tp2_p (Modified) to              
                    examples/all_mutcounts/mut_count/mut_count___cfg-3ad3ed3/art
                    ifacts/059_P4P6_WT_bc_5mMMgMRTpH9_tp2_p/per_read_histogram.t
                    xt                                                          
           INFO     Wrote per-read histogram for                                
                    059_P4P6_WT_bc_5mMMgMRTpH9_tp2_p (GA) to                    
                    examples/all_mutcounts/mut_count/mut_count___cfg-3ad3ed3/art
                    ifacts/059_P4P6_WT_bc_5mMMgMRTpH9_tp2_p/per_read_histogram.t
                    xtga                                                        
           INFO     Found ShapeMapper profile for                               
                    060_P4P6_WT_bc_5mMMgMRTpH9_tp3_p at                         
                    examples/all_mutcounts/mut_count/mut_count___cfg-3ad3ed3/art
                    ifacts/060_P4P6_WT_bc_5mMMgMRTpH9_tp3_p/060_P4P6_WT_bc_5mMMg
                    MRTpH9_tp3_p_060_P4P6_WT_bc_5mMMgMRTpH9_tp3_p_profile.txt   
           INFO     Inserted probe_fmod_run for sample ID 1119 (Run ID: 25)     
           INFO     Inserted probe_fmod_run 25 for sample                       
                    060_P4P6_WT_bc_5mMMgMRTpH9_tp3_p                            
           INFO     Bulk inserted 241 fmod_vals records.                        
           INFO     Inserted 241 probe_fmod_values records for                  
                    060_P4P6_WT_bc_5mMMgMRTpH9_tp3_p (modrate).                 
           INFO     Bulk inserted 241 fmod_vals records.                        
           INFO     Inserted 241 probe_fmod_values records for                  
                    060_P4P6_WT_bc_5mMMgMRTpH9_tp3_p (GAmodrate).               
           INFO     Wrote per-read histogram for                                
                    060_P4P6_WT_bc_5mMMgMRTpH9_tp3_p (Modified) to              
                    examples/all_mutcounts/mut_count/mut_count___cfg-3ad3ed3/art
                    ifacts/060_P4P6_WT_bc_5mMMgMRTpH9_tp3_p/per_read_histogram.t
                    xt                                                          
           INFO     Wrote per-read histogram for                                
                    060_P4P6_WT_bc_5mMMgMRTpH9_tp3_p (GA) to                    
                    examples/all_mutcounts/mut_count/mut_count___cfg-3ad3ed3/art
                    ifacts/060_P4P6_WT_bc_5mMMgMRTpH9_tp3_p/per_read_histogram.t
                    xtga                                                        
           INFO     Found ShapeMapper profile for                               
                    061_P4P6_WT_bc_5mMMgMRTpH9_tp4_p at                         
                    examples/all_mutcounts/mut_count/mut_count___cfg-3ad3ed3/art
                    ifacts/061_P4P6_WT_bc_5mMMgMRTpH9_tp4_p/061_P4P6_WT_bc_5mMMg
                    MRTpH9_tp4_p_061_P4P6_WT_bc_5mMMgMRTpH9_tp4_p_profile.txt   
           INFO     Inserted probe_fmod_run for sample ID 1120 (Run ID: 26)     
           INFO     Inserted probe_fmod_run 26 for sample                       
                    061_P4P6_WT_bc_5mMMgMRTpH9_tp4_p                            
           INFO     Bulk inserted 241 fmod_vals records.                        
           INFO     Inserted 241 probe_fmod_values records for                  
                    061_P4P6_WT_bc_5mMMgMRTpH9_tp4_p (modrate).                 
           INFO     Bulk inserted 241 fmod_vals records.                        
           INFO     Inserted 241 probe_fmod_values records for                  
                    061_P4P6_WT_bc_5mMMgMRTpH9_tp4_p (GAmodrate).               
           INFO     Wrote per-read histogram for                                
                    061_P4P6_WT_bc_5mMMgMRTpH9_tp4_p (Modified) to              
                    examples/all_mutcounts/mut_count/mut_count___cfg-3ad3ed3/art
                    ifacts/061_P4P6_WT_bc_5mMMgMRTpH9_tp4_p/per_read_histogram.t
                    xt                                                          
           INFO     Wrote per-read histogram for                                
                    061_P4P6_WT_bc_5mMMgMRTpH9_tp4_p (GA) to                    
                    examples/all_mutcounts/mut_count/mut_count___cfg-3ad3ed3/art
                    ifacts/061_P4P6_WT_bc_5mMMgMRTpH9_tp4_p/per_read_histogram.t
                    xtga                                                        
           INFO     Found ShapeMapper profile for                               
                    062_P4P6_WT_bc_5mMMgMRTpH9_tp5_p at                         
                    examples/all_mutcounts/mut_count/mut_count___cfg-3ad3ed3/art
                    ifacts/062_P4P6_WT_bc_5mMMgMRTpH9_tp5_p/062_P4P6_WT_bc_5mMMg
                    MRTpH9_tp5_p_062_P4P6_WT_bc_5mMMgMRTpH9_tp5_p_profile.txt   
           INFO     Inserted probe_fmod_run for sample ID 1121 (Run ID: 27)     
           INFO     Inserted probe_fmod_run 27 for sample                       
                    062_P4P6_WT_bc_5mMMgMRTpH9_tp5_p                            
           INFO     Bulk inserted 241 fmod_vals records.                        
           INFO     Inserted 241 probe_fmod_values records for                  
                    062_P4P6_WT_bc_5mMMgMRTpH9_tp5_p (modrate).                 
           INFO     Bulk inserted 241 fmod_vals records.                        
           INFO     Inserted 241 probe_fmod_values records for                  
                    062_P4P6_WT_bc_5mMMgMRTpH9_tp5_p (GAmodrate).               
           INFO     Wrote per-read histogram for                                
                    062_P4P6_WT_bc_5mMMgMRTpH9_tp5_p (Modified) to              
                    examples/all_mutcounts/mut_count/mut_count___cfg-3ad3ed3/art
                    ifacts/062_P4P6_WT_bc_5mMMgMRTpH9_tp5_p/per_read_histogram.t
                    xt                                                          
           INFO     Wrote per-read histogram for                                
                    062_P4P6_WT_bc_5mMMgMRTpH9_tp5_p (GA) to                    
                    examples/all_mutcounts/mut_count/mut_count___cfg-3ad3ed3/art
                    ifacts/062_P4P6_WT_bc_5mMMgMRTpH9_tp5_p/per_read_histogram.t
                    xtga                                                        
           INFO     Found ShapeMapper profile for                               
                    063_P4P6_WT_bc_5mMMgMRTpH9_tp6_p at                         
                    examples/all_mutcounts/mut_count/mut_count___cfg-3ad3ed3/art
                    ifacts/063_P4P6_WT_bc_5mMMgMRTpH9_tp6_p/063_P4P6_WT_bc_5mMMg
                    MRTpH9_tp6_p_063_P4P6_WT_bc_5mMMgMRTpH9_tp6_p_profile.txt   
           INFO     Inserted probe_fmod_run for sample ID 1122 (Run ID: 28)     
           INFO     Inserted probe_fmod_run 28 for sample                       
                    063_P4P6_WT_bc_5mMMgMRTpH9_tp6_p                            
           INFO     Bulk inserted 241 fmod_vals records.                        
           INFO     Inserted 241 probe_fmod_values records for                  
                    063_P4P6_WT_bc_5mMMgMRTpH9_tp6_p (modrate).                 
           INFO     Bulk inserted 241 fmod_vals records.                        
           INFO     Inserted 241 probe_fmod_values records for                  
                    063_P4P6_WT_bc_5mMMgMRTpH9_tp6_p (GAmodrate).               
           INFO     Wrote per-read histogram for                                
                    063_P4P6_WT_bc_5mMMgMRTpH9_tp6_p (Modified) to              
                    examples/all_mutcounts/mut_count/mut_count___cfg-3ad3ed3/art
                    ifacts/063_P4P6_WT_bc_5mMMgMRTpH9_tp6_p/per_read_histogram.t
                    xt                                                          
           INFO     Wrote per-read histogram for                                
                    063_P4P6_WT_bc_5mMMgMRTpH9_tp6_p (GA) to                    
                    examples/all_mutcounts/mut_count/mut_count___cfg-3ad3ed3/art
                    ifacts/063_P4P6_WT_bc_5mMMgMRTpH9_tp6_p/per_read_histogram.t
                    xtga                                                        
           INFO     Found ShapeMapper profile for                               
                    064_P4P6_WT_bc_5mMMgMRTpH9_tp6_m at                         
                    examples/all_mutcounts/mut_count/mut_count___cfg-3ad3ed3/art
                    ifacts/064_P4P6_WT_bc_5mMMgMRTpH9_tp6_m/064_P4P6_WT_bc_5mMMg
                    MRTpH9_tp6_m_064_P4P6_WT_bc_5mMMgMRTpH9_tp6_m_profile.txt   
           INFO     Inserted probe_fmod_run for sample ID 1123 (Run ID: 29)     
           INFO     Inserted probe_fmod_run 29 for sample                       
                    064_P4P6_WT_bc_5mMMgMRTpH9_tp6_m                            
           INFO     Bulk inserted 241 fmod_vals records.                        
           INFO     Inserted 241 probe_fmod_values records for                  
                    064_P4P6_WT_bc_5mMMgMRTpH9_tp6_m (modrate).                 
           INFO     Bulk inserted 241 fmod_vals records.                        
           INFO     Inserted 241 probe_fmod_values records for                  
                    064_P4P6_WT_bc_5mMMgMRTpH9_tp6_m (GAmodrate).               
           INFO     Wrote per-read histogram for                                
                    064_P4P6_WT_bc_5mMMgMRTpH9_tp6_m (Modified) to              
                    examples/all_mutcounts/mut_count/mut_count___cfg-3ad3ed3/art
                    ifacts/064_P4P6_WT_bc_5mMMgMRTpH9_tp6_m/per_read_histogram.t
                    xt                                                          
           INFO     Wrote per-read histogram for                                
                    064_P4P6_WT_bc_5mMMgMRTpH9_tp6_m (GA) to                    
                    examples/all_mutcounts/mut_count/mut_count___cfg-3ad3ed3/art
                    ifacts/064_P4P6_WT_bc_5mMMgMRTpH9_tp6_m/per_read_histogram.t
                    xtga                                                        
           INFO     mut_count completed. Profiles found for 7/7 samples;        
                    ingested 7 run(s).                                          
           INFO     Finished task ID 16 with state 'completed'                  
           INFO     Task 'mut_count' (ID: 16) completed successfully.           
           INFO     Updated 'latest' symlink for task 'mut_count' to point to   
                    /gpfs/projects/b1044/Computational_Output/EKC/EKC.01_SHAPE_s
                    tandardization/EKC.01.065.refactoring_data_analysis/nerd/exa
                    mples/all_mutcounts/mut_count/mut_count___cfg-3ad3ed3       
