[13:55:16] INFO     Executing 'run' command for step: 'mut_count'               
[13:55:16] INFO     Database schema initialized successfully.                   
           INFO     Created run directory:                                      
                    examples/all_mutcounts/mut_count/mut_count___cfg-0c72938    
           INFO     Executing task 'mut_count' in run directory:                
                    examples/all_mutcounts/mut_count/mut_count___cfg-0c72938    
           INFO     Resolved reaction_group 17 to 4 sample(s).                  
           INFO     Began task 'mut_count' (ID: 9) for rg:133                   
                    (cfg=0c72938e9459f8b64a748d4fe96877b9bee4713ee424ecb0b89f683
                    87001883a)                                                  
           INFO     Starting command (backend=local) in                         
                    examples/all_mutcounts/mut_count/mut_count___cfg-0c72938    
           INFO     Executing command locally. Log file:                        
                    examples/all_mutcounts/mut_count/mut_count___cfg-0c72938/com
                    mand.log                                                    
[13:56:05] INFO     Command finished with exit code: 0                          
           INFO     Logged attempt #1 for task ID 9 (Attempt ID: 3)             
           INFO     Command completed successfully. Consuming outputs.          
           INFO     Found ShapeMapper profile for                               
                    065_P4P6_WT_nobc_0mMMgMRTpH9_conc0_rep1 at                  
                    examples/all_mutcounts/mut_count/mut_count___cfg-0c72938/art
                    ifacts/065_P4P6_WT_nobc_0mMMgMRTpH9_conc0_rep1/065_P4P6_WT_n
                    obc_0mMMgMRTpH9_conc0_rep1_065_P4P6_WT_nobc_0mMMgMRTpH9_conc
                    0_rep1_profile.txt                                          
           INFO     Inserted probe_fmod_run for sample ID 1124 (Run ID: 15)     
           INFO     Inserted probe_fmod_run 15 for sample                       
                    065_P4P6_WT_nobc_0mMMgMRTpH9_conc0_rep1                     
           INFO     Bulk inserted 212 fmod_vals records.                        
           INFO     Inserted 212 probe_fmod_values records for                  
                    065_P4P6_WT_nobc_0mMMgMRTpH9_conc0_rep1 (modrate).          
           INFO     Bulk inserted 212 fmod_vals records.                        
           INFO     Inserted 212 probe_fmod_values records for                  
                    065_P4P6_WT_nobc_0mMMgMRTpH9_conc0_rep1 (GAmodrate).        
           INFO     Wrote per-read histogram for                                
                    065_P4P6_WT_nobc_0mMMgMRTpH9_conc0_rep1 (Modified) to       
                    examples/all_mutcounts/mut_count/mut_count___cfg-0c72938/art
                    ifacts/065_P4P6_WT_nobc_0mMMgMRTpH9_conc0_rep1/per_read_hist
                    ogram.txt                                                   
           INFO     Wrote per-read histogram for                                
                    065_P4P6_WT_nobc_0mMMgMRTpH9_conc0_rep1 (GA) to             
                    examples/all_mutcounts/mut_count/mut_count___cfg-0c72938/art
                    ifacts/065_P4P6_WT_nobc_0mMMgMRTpH9_conc0_rep1/per_read_hist
                    ogram.txtga                                                 
           INFO     Found ShapeMapper profile for                               
                    066_P4P6_WT_nobc_0mMMgMRTpH9_conc0p75_rep1 at               
                    examples/all_mutcounts/mut_count/mut_count___cfg-0c72938/art
                    ifacts/066_P4P6_WT_nobc_0mMMgMRTpH9_conc0p75_rep1/066_P4P6_W
                    T_nobc_0mMMgMRTpH9_conc0p75_rep1_066_P4P6_WT_nobc_0mMMgMRTpH
                    9_conc0p75_rep1_profile.txt                                 
           INFO     Inserted probe_fmod_run for sample ID 1125 (Run ID: 16)     
           INFO     Inserted probe_fmod_run 16 for sample                       
                    066_P4P6_WT_nobc_0mMMgMRTpH9_conc0p75_rep1                  
           INFO     Bulk inserted 212 fmod_vals records.                        
           INFO     Inserted 212 probe_fmod_values records for                  
                    066_P4P6_WT_nobc_0mMMgMRTpH9_conc0p75_rep1 (modrate).       
           INFO     Bulk inserted 212 fmod_vals records.                        
           INFO     Inserted 212 probe_fmod_values records for                  
                    066_P4P6_WT_nobc_0mMMgMRTpH9_conc0p75_rep1 (GAmodrate).     
           INFO     Wrote per-read histogram for                                
                    066_P4P6_WT_nobc_0mMMgMRTpH9_conc0p75_rep1 (Modified) to    
                    examples/all_mutcounts/mut_count/mut_count___cfg-0c72938/art
                    ifacts/066_P4P6_WT_nobc_0mMMgMRTpH9_conc0p75_rep1/per_read_h
                    istogram.txt                                                
           INFO     Wrote per-read histogram for                                
                    066_P4P6_WT_nobc_0mMMgMRTpH9_conc0p75_rep1 (GA) to          
                    examples/all_mutcounts/mut_count/mut_count___cfg-0c72938/art
                    ifacts/066_P4P6_WT_nobc_0mMMgMRTpH9_conc0p75_rep1/per_read_h
                    istogram.txtga                                              
           INFO     Found ShapeMapper profile for                               
                    067_P4P6_WT_nobc_0mMMgMRTpH9_conc1p5_rep1 at                
                    examples/all_mutcounts/mut_count/mut_count___cfg-0c72938/art
                    ifacts/067_P4P6_WT_nobc_0mMMgMRTpH9_conc1p5_rep1/067_P4P6_WT
                    _nobc_0mMMgMRTpH9_conc1p5_rep1_067_P4P6_WT_nobc_0mMMgMRTpH9_
                    conc1p5_rep1_profile.txt                                    
           INFO     Inserted probe_fmod_run for sample ID 1126 (Run ID: 17)     
           INFO     Inserted probe_fmod_run 17 for sample                       
                    067_P4P6_WT_nobc_0mMMgMRTpH9_conc1p5_rep1                   
           INFO     Bulk inserted 212 fmod_vals records.                        
           INFO     Inserted 212 probe_fmod_values records for                  
                    067_P4P6_WT_nobc_0mMMgMRTpH9_conc1p5_rep1 (modrate).        
           INFO     Bulk inserted 212 fmod_vals records.                        
           INFO     Inserted 212 probe_fmod_values records for                  
                    067_P4P6_WT_nobc_0mMMgMRTpH9_conc1p5_rep1 (GAmodrate).      
           INFO     Wrote per-read histogram for                                
                    067_P4P6_WT_nobc_0mMMgMRTpH9_conc1p5_rep1 (Modified) to     
                    examples/all_mutcounts/mut_count/mut_count___cfg-0c72938/art
                    ifacts/067_P4P6_WT_nobc_0mMMgMRTpH9_conc1p5_rep1/per_read_hi
                    stogram.txt                                                 
           INFO     Wrote per-read histogram for                                
                    067_P4P6_WT_nobc_0mMMgMRTpH9_conc1p5_rep1 (GA) to           
                    examples/all_mutcounts/mut_count/mut_count___cfg-0c72938/art
                    ifacts/067_P4P6_WT_nobc_0mMMgMRTpH9_conc1p5_rep1/per_read_hi
                    stogram.txtga                                               
           INFO     Found ShapeMapper profile for                               
                    068_P4P6_WT_nobc_0mMMgMRTpH9_conc3_rep1 at                  
                    examples/all_mutcounts/mut_count/mut_count___cfg-0c72938/art
                    ifacts/068_P4P6_WT_nobc_0mMMgMRTpH9_conc3_rep1/068_P4P6_WT_n
                    obc_0mMMgMRTpH9_conc3_rep1_068_P4P6_WT_nobc_0mMMgMRTpH9_conc
                    3_rep1_profile.txt                                          
           INFO     Inserted probe_fmod_run for sample ID 1127 (Run ID: 18)     
           INFO     Inserted probe_fmod_run 18 for sample                       
                    068_P4P6_WT_nobc_0mMMgMRTpH9_conc3_rep1                     
           INFO     Bulk inserted 212 fmod_vals records.                        
           INFO     Inserted 212 probe_fmod_values records for                  
                    068_P4P6_WT_nobc_0mMMgMRTpH9_conc3_rep1 (modrate).          
           INFO     Bulk inserted 212 fmod_vals records.                        
           INFO     Inserted 212 probe_fmod_values records for                  
                    068_P4P6_WT_nobc_0mMMgMRTpH9_conc3_rep1 (GAmodrate).        
           INFO     Wrote per-read histogram for                                
                    068_P4P6_WT_nobc_0mMMgMRTpH9_conc3_rep1 (Modified) to       
                    examples/all_mutcounts/mut_count/mut_count___cfg-0c72938/art
                    ifacts/068_P4P6_WT_nobc_0mMMgMRTpH9_conc3_rep1/per_read_hist
                    ogram.txt                                                   
           INFO     Wrote per-read histogram for                                
                    068_P4P6_WT_nobc_0mMMgMRTpH9_conc3_rep1 (GA) to             
                    examples/all_mutcounts/mut_count/mut_count___cfg-0c72938/art
                    ifacts/068_P4P6_WT_nobc_0mMMgMRTpH9_conc3_rep1/per_read_hist
                    ogram.txtga                                                 
           INFO     mut_count completed. Profiles found for 4/4 samples;        
                    ingested 4 run(s).                                          
           INFO     Finished task ID 9 with state 'completed'                   
           INFO     Task 'mut_count' (ID: 9) completed successfully.            
           INFO     Updated 'latest' symlink for task 'mut_count' to point to   
                    /gpfs/projects/b1044/Computational_Output/EKC/EKC.01_SHAPE_s
                    tandardization/EKC.01.065.refactoring_data_analysis/nerd/exa
                    mples/all_mutcounts/mut_count/mut_count___cfg-0c72938       
