[14:19:57] INFO     Executing 'run' command for step: 'mut_count'               
[14:19:57] INFO     Database schema initialized successfully.                   
           INFO     Created run directory:                                      
                    examples/all_mutcounts/mut_count/mut_count___cfg-eb624db    
           INFO     Executing task 'mut_count' in run directory:                
                    examples/all_mutcounts/mut_count/mut_count___cfg-eb624db    
           INFO     Resolved reaction_group 25_2_A8C to 6 sample(s).            
           INFO     Began task 'mut_count' (ID: 39) for rg:36                   
                    (cfg=eb624dbec9ae78df0622a9763911c61c2b311c9bf6be66a33189660
                    74c3332b6)                                                  
           INFO     Starting command (backend=local) in                         
                    examples/all_mutcounts/mut_count/mut_count___cfg-eb624db    
           INFO     Executing command locally. Log file:                        
                    examples/all_mutcounts/mut_count/mut_count___cfg-eb624db/com
                    mand.log                                                    
[14:23:19] INFO     Command finished with exit code: 0                          
           INFO     Logged attempt #1 for task ID 39 (Attempt ID: 21)           
           INFO     Command completed successfully. Consuming outputs.          
           INFO     Found ShapeMapper profile for 049-EKC-A8C-25c-b-1-p at      
                    examples/all_mutcounts/mut_count/mut_count___cfg-eb624db/art
                    ifacts/049-EKC-A8C-25c-b-1-p/049-EKC-A8C-25c-b-1-p_049-EKC-A
                    8C-25c-b-1-p_profile.txt                                    
           INFO     Inserted probe_fmod_run for sample ID 444 (Run ID: 135)     
           INFO     Inserted probe_fmod_run 135 for sample 049-EKC-A8C-25c-b-1-p
           INFO     Bulk inserted 80 fmod_vals records.                         
           INFO     Inserted 80 probe_fmod_values records for                   
                    049-EKC-A8C-25c-b-1-p (modrate).                            
           INFO     Bulk inserted 80 fmod_vals records.                         
           INFO     Inserted 80 probe_fmod_values records for                   
                    049-EKC-A8C-25c-b-1-p (GAmodrate).                          
           INFO     Wrote per-read histogram for 049-EKC-A8C-25c-b-1-p          
                    (Modified) to                                               
                    examples/all_mutcounts/mut_count/mut_count___cfg-eb624db/art
                    ifacts/049-EKC-A8C-25c-b-1-p/per_read_histogram.txt         
           INFO     Wrote per-read histogram for 049-EKC-A8C-25c-b-1-p (GA) to  
                    examples/all_mutcounts/mut_count/mut_count___cfg-eb624db/art
                    ifacts/049-EKC-A8C-25c-b-1-p/per_read_histogram.txtga       
           INFO     Found ShapeMapper profile for 050-EKC-A8C-25c-b-2-p at      
                    examples/all_mutcounts/mut_count/mut_count___cfg-eb624db/art
                    ifacts/050-EKC-A8C-25c-b-2-p/050-EKC-A8C-25c-b-2-p_050-EKC-A
                    8C-25c-b-2-p_profile.txt                                    
           INFO     Inserted probe_fmod_run for sample ID 445 (Run ID: 136)     
           INFO     Inserted probe_fmod_run 136 for sample 050-EKC-A8C-25c-b-2-p
           INFO     Bulk inserted 80 fmod_vals records.                         
           INFO     Inserted 80 probe_fmod_values records for                   
                    050-EKC-A8C-25c-b-2-p (modrate).                            
           INFO     Bulk inserted 80 fmod_vals records.                         
           INFO     Inserted 80 probe_fmod_values records for                   
                    050-EKC-A8C-25c-b-2-p (GAmodrate).                          
           INFO     Wrote per-read histogram for 050-EKC-A8C-25c-b-2-p          
                    (Modified) to                                               
                    examples/all_mutcounts/mut_count/mut_count___cfg-eb624db/art
                    ifacts/050-EKC-A8C-25c-b-2-p/per_read_histogram.txt         
           INFO     Wrote per-read histogram for 050-EKC-A8C-25c-b-2-p (GA) to  
                    examples/all_mutcounts/mut_count/mut_count___cfg-eb624db/art
                    ifacts/050-EKC-A8C-25c-b-2-p/per_read_histogram.txtga       
           INFO     Found ShapeMapper profile for 051-EKC-A8C-25c-b-3-p at      
                    examples/all_mutcounts/mut_count/mut_count___cfg-eb624db/art
                    ifacts/051-EKC-A8C-25c-b-3-p/051-EKC-A8C-25c-b-3-p_051-EKC-A
                    8C-25c-b-3-p_profile.txt                                    
           INFO     Inserted probe_fmod_run for sample ID 446 (Run ID: 137)     
           INFO     Inserted probe_fmod_run 137 for sample 051-EKC-A8C-25c-b-3-p
           INFO     Bulk inserted 80 fmod_vals records.                         
           INFO     Inserted 80 probe_fmod_values records for                   
                    051-EKC-A8C-25c-b-3-p (modrate).                            
           INFO     Bulk inserted 80 fmod_vals records.                         
           INFO     Inserted 80 probe_fmod_values records for                   
                    051-EKC-A8C-25c-b-3-p (GAmodrate).                          
           INFO     Wrote per-read histogram for 051-EKC-A8C-25c-b-3-p          
                    (Modified) to                                               
                    examples/all_mutcounts/mut_count/mut_count___cfg-eb624db/art
                    ifacts/051-EKC-A8C-25c-b-3-p/per_read_histogram.txt         
           INFO     Wrote per-read histogram for 051-EKC-A8C-25c-b-3-p (GA) to  
                    examples/all_mutcounts/mut_count/mut_count___cfg-eb624db/art
                    ifacts/051-EKC-A8C-25c-b-3-p/per_read_histogram.txtga       
           INFO     Found ShapeMapper profile for 052-EKC-A8C-25c-b-4-p at      
                    examples/all_mutcounts/mut_count/mut_count___cfg-eb624db/art
                    ifacts/052-EKC-A8C-25c-b-4-p/052-EKC-A8C-25c-b-4-p_052-EKC-A
                    8C-25c-b-4-p_profile.txt                                    
           INFO     Inserted probe_fmod_run for sample ID 447 (Run ID: 138)     
           INFO     Inserted probe_fmod_run 138 for sample 052-EKC-A8C-25c-b-4-p
           INFO     Bulk inserted 80 fmod_vals records.                         
           INFO     Inserted 80 probe_fmod_values records for                   
                    052-EKC-A8C-25c-b-4-p (modrate).                            
           INFO     Bulk inserted 80 fmod_vals records.                         
           INFO     Inserted 80 probe_fmod_values records for                   
                    052-EKC-A8C-25c-b-4-p (GAmodrate).                          
           INFO     Wrote per-read histogram for 052-EKC-A8C-25c-b-4-p          
                    (Modified) to                                               
                    examples/all_mutcounts/mut_count/mut_count___cfg-eb624db/art
                    ifacts/052-EKC-A8C-25c-b-4-p/per_read_histogram.txt         
           INFO     Wrote per-read histogram for 052-EKC-A8C-25c-b-4-p (GA) to  
                    examples/all_mutcounts/mut_count/mut_count___cfg-eb624db/art
                    ifacts/052-EKC-A8C-25c-b-4-p/per_read_histogram.txtga       
           INFO     Found ShapeMapper profile for 053-EKC-A8C-25c-b-5-p at      
                    examples/all_mutcounts/mut_count/mut_count___cfg-eb624db/art
                    ifacts/053-EKC-A8C-25c-b-5-p/053-EKC-A8C-25c-b-5-p_053-EKC-A
                    8C-25c-b-5-p_profile.txt                                    
           INFO     Inserted probe_fmod_run for sample ID 448 (Run ID: 139)     
           INFO     Inserted probe_fmod_run 139 for sample 053-EKC-A8C-25c-b-5-p
           INFO     Bulk inserted 80 fmod_vals records.                         
           INFO     Inserted 80 probe_fmod_values records for                   
                    053-EKC-A8C-25c-b-5-p (modrate).                            
           INFO     Bulk inserted 80 fmod_vals records.                         
           INFO     Inserted 80 probe_fmod_values records for                   
                    053-EKC-A8C-25c-b-5-p (GAmodrate).                          
           INFO     Wrote per-read histogram for 053-EKC-A8C-25c-b-5-p          
                    (Modified) to                                               
                    examples/all_mutcounts/mut_count/mut_count___cfg-eb624db/art
                    ifacts/053-EKC-A8C-25c-b-5-p/per_read_histogram.txt         
           INFO     Wrote per-read histogram for 053-EKC-A8C-25c-b-5-p (GA) to  
                    examples/all_mutcounts/mut_count/mut_count___cfg-eb624db/art
                    ifacts/053-EKC-A8C-25c-b-5-p/per_read_histogram.txtga       
           INFO     Found ShapeMapper profile for 054-EKC-A8C-25c-b-6-p at      
                    examples/all_mutcounts/mut_count/mut_count___cfg-eb624db/art
                    ifacts/054-EKC-A8C-25c-b-6-p/054-EKC-A8C-25c-b-6-p_054-EKC-A
                    8C-25c-b-6-p_profile.txt                                    
           INFO     Inserted probe_fmod_run for sample ID 449 (Run ID: 140)     
           INFO     Inserted probe_fmod_run 140 for sample 054-EKC-A8C-25c-b-6-p
           INFO     Bulk inserted 80 fmod_vals records.                         
           INFO     Inserted 80 probe_fmod_values records for                   
                    054-EKC-A8C-25c-b-6-p (modrate).                            
           INFO     Bulk inserted 80 fmod_vals records.                         
           INFO     Inserted 80 probe_fmod_values records for                   
                    054-EKC-A8C-25c-b-6-p (GAmodrate).                          
           INFO     Wrote per-read histogram for 054-EKC-A8C-25c-b-6-p          
                    (Modified) to                                               
                    examples/all_mutcounts/mut_count/mut_count___cfg-eb624db/art
                    ifacts/054-EKC-A8C-25c-b-6-p/per_read_histogram.txt         
           INFO     Wrote per-read histogram for 054-EKC-A8C-25c-b-6-p (GA) to  
                    examples/all_mutcounts/mut_count/mut_count___cfg-eb624db/art
                    ifacts/054-EKC-A8C-25c-b-6-p/per_read_histogram.txtga       
           INFO     mut_count completed. Profiles found for 6/6 samples;        
                    ingested 6 run(s).                                          
           INFO     Finished task ID 39 with state 'completed'                  
           INFO     Task 'mut_count' (ID: 39) completed successfully.           
           INFO     Updated 'latest' symlink for task 'mut_count' to point to   
                    /gpfs/projects/b1044/Computational_Output/EKC/EKC.01_SHAPE_s
                    tandardization/EKC.01.065.refactoring_data_analysis/nerd/exa
                    mples/all_mutcounts/mut_count/mut_count___cfg-eb624db       
