[13:56:30] INFO     Executing 'run' command for step: 'mut_count'               
[13:56:30] INFO     Database schema initialized successfully.                   
           INFO     Created run directory:                                      
                    examples/all_mutcounts/mut_count/mut_count___cfg-2cf8202    
           INFO     Executing task 'mut_count' in run directory:                
                    examples/all_mutcounts/mut_count/mut_count___cfg-2cf8202    
           INFO     Resolved reaction_group 2 to 7 sample(s).                   
           INFO     Began task 'mut_count' (ID: 22) for rg:124                  
                    (cfg=2cf820250eb7d3d00cbc5f6a8b751d4166898c7f2da2410a2bb8833
                    52ed572d4)                                                  
           INFO     Starting command (backend=local) in                         
                    examples/all_mutcounts/mut_count/mut_count___cfg-2cf8202    
           INFO     Executing command locally. Log file:                        
                    examples/all_mutcounts/mut_count/mut_count___cfg-2cf8202/com
                    mand.log                                                    
[14:01:46] INFO     Command finished with exit code: 0                          
           INFO     Logged attempt #1 for task ID 22 (Attempt ID: 8)            
           INFO     Command completed successfully. Consuming outputs.          
           INFO     Found ShapeMapper profile for                               
                    008_P4P6_WT_nobc_5mMMgMRTpH83_tp1_p at                      
                    examples/all_mutcounts/mut_count/mut_count___cfg-2cf8202/art
                    ifacts/008_P4P6_WT_nobc_5mMMgMRTpH83_tp1_p/008_P4P6_WT_nobc_
                    5mMMgMRTpH83_tp1_p_008_P4P6_WT_nobc_5mMMgMRTpH83_tp1_p_profi
                    le.txt                                                      
           INFO     Inserted probe_fmod_run for sample ID 1067 (Run ID: 44)     
           INFO     Inserted probe_fmod_run 44 for sample                       
                    008_P4P6_WT_nobc_5mMMgMRTpH83_tp1_p                         
           INFO     Bulk inserted 212 fmod_vals records.                        
           INFO     Inserted 212 probe_fmod_values records for                  
                    008_P4P6_WT_nobc_5mMMgMRTpH83_tp1_p (modrate).              
           INFO     Bulk inserted 212 fmod_vals records.                        
           INFO     Inserted 212 probe_fmod_values records for                  
                    008_P4P6_WT_nobc_5mMMgMRTpH83_tp1_p (GAmodrate).            
           INFO     Wrote per-read histogram for                                
                    008_P4P6_WT_nobc_5mMMgMRTpH83_tp1_p (Modified) to           
                    examples/all_mutcounts/mut_count/mut_count___cfg-2cf8202/art
                    ifacts/008_P4P6_WT_nobc_5mMMgMRTpH83_tp1_p/per_read_histogra
                    m.txt                                                       
           INFO     Wrote per-read histogram for                                
                    008_P4P6_WT_nobc_5mMMgMRTpH83_tp1_p (GA) to                 
                    examples/all_mutcounts/mut_count/mut_count___cfg-2cf8202/art
                    ifacts/008_P4P6_WT_nobc_5mMMgMRTpH83_tp1_p/per_read_histogra
                    m.txtga                                                     
           INFO     Found ShapeMapper profile for                               
                    009_P4P6_WT_nobc_5mMMgMRTpH83_tp2_p at                      
                    examples/all_mutcounts/mut_count/mut_count___cfg-2cf8202/art
                    ifacts/009_P4P6_WT_nobc_5mMMgMRTpH83_tp2_p/009_P4P6_WT_nobc_
                    5mMMgMRTpH83_tp2_p_009_P4P6_WT_nobc_5mMMgMRTpH83_tp2_p_profi
                    le.txt                                                      
           INFO     Inserted probe_fmod_run for sample ID 1068 (Run ID: 45)     
           INFO     Inserted probe_fmod_run 45 for sample                       
                    009_P4P6_WT_nobc_5mMMgMRTpH83_tp2_p                         
           INFO     Bulk inserted 212 fmod_vals records.                        
           INFO     Inserted 212 probe_fmod_values records for                  
                    009_P4P6_WT_nobc_5mMMgMRTpH83_tp2_p (modrate).              
           INFO     Bulk inserted 212 fmod_vals records.                        
           INFO     Inserted 212 probe_fmod_values records for                  
                    009_P4P6_WT_nobc_5mMMgMRTpH83_tp2_p (GAmodrate).            
           INFO     Wrote per-read histogram for                                
                    009_P4P6_WT_nobc_5mMMgMRTpH83_tp2_p (Modified) to           
                    examples/all_mutcounts/mut_count/mut_count___cfg-2cf8202/art
                    ifacts/009_P4P6_WT_nobc_5mMMgMRTpH83_tp2_p/per_read_histogra
                    m.txt                                                       
[14:01:47] INFO     Wrote per-read histogram for                                
                    009_P4P6_WT_nobc_5mMMgMRTpH83_tp2_p (GA) to                 
                    examples/all_mutcounts/mut_count/mut_count___cfg-2cf8202/art
                    ifacts/009_P4P6_WT_nobc_5mMMgMRTpH83_tp2_p/per_read_histogra
                    m.txtga                                                     
           INFO     Found ShapeMapper profile for                               
                    010_P4P6_WT_nobc_5mMMgMRTpH83_tp3_p at                      
                    examples/all_mutcounts/mut_count/mut_count___cfg-2cf8202/art
                    ifacts/010_P4P6_WT_nobc_5mMMgMRTpH83_tp3_p/010_P4P6_WT_nobc_
                    5mMMgMRTpH83_tp3_p_010_P4P6_WT_nobc_5mMMgMRTpH83_tp3_p_profi
                    le.txt                                                      
           INFO     Inserted probe_fmod_run for sample ID 1069 (Run ID: 46)     
           INFO     Inserted probe_fmod_run 46 for sample                       
                    010_P4P6_WT_nobc_5mMMgMRTpH83_tp3_p                         
           INFO     Bulk inserted 212 fmod_vals records.                        
           INFO     Inserted 212 probe_fmod_values records for                  
                    010_P4P6_WT_nobc_5mMMgMRTpH83_tp3_p (modrate).              
           INFO     Bulk inserted 212 fmod_vals records.                        
           INFO     Inserted 212 probe_fmod_values records for                  
                    010_P4P6_WT_nobc_5mMMgMRTpH83_tp3_p (GAmodrate).            
           INFO     Wrote per-read histogram for                                
                    010_P4P6_WT_nobc_5mMMgMRTpH83_tp3_p (Modified) to           
                    examples/all_mutcounts/mut_count/mut_count___cfg-2cf8202/art
                    ifacts/010_P4P6_WT_nobc_5mMMgMRTpH83_tp3_p/per_read_histogra
                    m.txt                                                       
           INFO     Wrote per-read histogram for                                
                    010_P4P6_WT_nobc_5mMMgMRTpH83_tp3_p (GA) to                 
                    examples/all_mutcounts/mut_count/mut_count___cfg-2cf8202/art
                    ifacts/010_P4P6_WT_nobc_5mMMgMRTpH83_tp3_p/per_read_histogra
                    m.txtga                                                     
           INFO     Found ShapeMapper profile for                               
                    011_P4P6_WT_nobc_5mMMgMRTpH83_tp4_p at                      
                    examples/all_mutcounts/mut_count/mut_count___cfg-2cf8202/art
                    ifacts/011_P4P6_WT_nobc_5mMMgMRTpH83_tp4_p/011_P4P6_WT_nobc_
                    5mMMgMRTpH83_tp4_p_011_P4P6_WT_nobc_5mMMgMRTpH83_tp4_p_profi
                    le.txt                                                      
           INFO     Inserted probe_fmod_run for sample ID 1070 (Run ID: 47)     
           INFO     Inserted probe_fmod_run 47 for sample                       
                    011_P4P6_WT_nobc_5mMMgMRTpH83_tp4_p                         
           INFO     Bulk inserted 212 fmod_vals records.                        
           INFO     Inserted 212 probe_fmod_values records for                  
                    011_P4P6_WT_nobc_5mMMgMRTpH83_tp4_p (modrate).              
           INFO     Bulk inserted 212 fmod_vals records.                        
           INFO     Inserted 212 probe_fmod_values records for                  
                    011_P4P6_WT_nobc_5mMMgMRTpH83_tp4_p (GAmodrate).            
           INFO     Wrote per-read histogram for                                
                    011_P4P6_WT_nobc_5mMMgMRTpH83_tp4_p (Modified) to           
                    examples/all_mutcounts/mut_count/mut_count___cfg-2cf8202/art
                    ifacts/011_P4P6_WT_nobc_5mMMgMRTpH83_tp4_p/per_read_histogra
                    m.txt                                                       
           INFO     Wrote per-read histogram for                                
                    011_P4P6_WT_nobc_5mMMgMRTpH83_tp4_p (GA) to                 
                    examples/all_mutcounts/mut_count/mut_count___cfg-2cf8202/art
                    ifacts/011_P4P6_WT_nobc_5mMMgMRTpH83_tp4_p/per_read_histogra
                    m.txtga                                                     
           INFO     Found ShapeMapper profile for                               
                    012_P4P6_WT_nobc_5mMMgMRTpH83_tp5_p at                      
                    examples/all_mutcounts/mut_count/mut_count___cfg-2cf8202/art
                    ifacts/012_P4P6_WT_nobc_5mMMgMRTpH83_tp5_p/012_P4P6_WT_nobc_
                    5mMMgMRTpH83_tp5_p_012_P4P6_WT_nobc_5mMMgMRTpH83_tp5_p_profi
                    le.txt                                                      
           INFO     Inserted probe_fmod_run for sample ID 1071 (Run ID: 48)     
           INFO     Inserted probe_fmod_run 48 for sample                       
                    012_P4P6_WT_nobc_5mMMgMRTpH83_tp5_p                         
           INFO     Bulk inserted 212 fmod_vals records.                        
           INFO     Inserted 212 probe_fmod_values records for                  
                    012_P4P6_WT_nobc_5mMMgMRTpH83_tp5_p (modrate).              
           INFO     Bulk inserted 212 fmod_vals records.                        
           INFO     Inserted 212 probe_fmod_values records for                  
                    012_P4P6_WT_nobc_5mMMgMRTpH83_tp5_p (GAmodrate).            
           INFO     Wrote per-read histogram for                                
                    012_P4P6_WT_nobc_5mMMgMRTpH83_tp5_p (Modified) to           
                    examples/all_mutcounts/mut_count/mut_count___cfg-2cf8202/art
                    ifacts/012_P4P6_WT_nobc_5mMMgMRTpH83_tp5_p/per_read_histogra
                    m.txt                                                       
           INFO     Wrote per-read histogram for                                
                    012_P4P6_WT_nobc_5mMMgMRTpH83_tp5_p (GA) to                 
                    examples/all_mutcounts/mut_count/mut_count___cfg-2cf8202/art
                    ifacts/012_P4P6_WT_nobc_5mMMgMRTpH83_tp5_p/per_read_histogra
                    m.txtga                                                     
           INFO     Found ShapeMapper profile for                               
                    013_P4P6_WT_nobc_5mMMgMRTpH83_tp6_p at                      
                    examples/all_mutcounts/mut_count/mut_count___cfg-2cf8202/art
                    ifacts/013_P4P6_WT_nobc_5mMMgMRTpH83_tp6_p/013_P4P6_WT_nobc_
                    5mMMgMRTpH83_tp6_p_013_P4P6_WT_nobc_5mMMgMRTpH83_tp6_p_profi
                    le.txt                                                      
           INFO     Inserted probe_fmod_run for sample ID 1072 (Run ID: 49)     
           INFO     Inserted probe_fmod_run 49 for sample                       
                    013_P4P6_WT_nobc_5mMMgMRTpH83_tp6_p                         
           INFO     Bulk inserted 212 fmod_vals records.                        
           INFO     Inserted 212 probe_fmod_values records for                  
                    013_P4P6_WT_nobc_5mMMgMRTpH83_tp6_p (modrate).              
           INFO     Bulk inserted 212 fmod_vals records.                        
           INFO     Inserted 212 probe_fmod_values records for                  
                    013_P4P6_WT_nobc_5mMMgMRTpH83_tp6_p (GAmodrate).            
           INFO     Wrote per-read histogram for                                
                    013_P4P6_WT_nobc_5mMMgMRTpH83_tp6_p (Modified) to           
                    examples/all_mutcounts/mut_count/mut_count___cfg-2cf8202/art
                    ifacts/013_P4P6_WT_nobc_5mMMgMRTpH83_tp6_p/per_read_histogra
                    m.txt                                                       
           INFO     Wrote per-read histogram for                                
                    013_P4P6_WT_nobc_5mMMgMRTpH83_tp6_p (GA) to                 
                    examples/all_mutcounts/mut_count/mut_count___cfg-2cf8202/art
                    ifacts/013_P4P6_WT_nobc_5mMMgMRTpH83_tp6_p/per_read_histogra
                    m.txtga                                                     
           INFO     Found ShapeMapper profile for                               
                    014_P4P6_WT_nobc_5mMMgMRTpH83_tp6_m at                      
                    examples/all_mutcounts/mut_count/mut_count___cfg-2cf8202/art
                    ifacts/014_P4P6_WT_nobc_5mMMgMRTpH83_tp6_m/014_P4P6_WT_nobc_
                    5mMMgMRTpH83_tp6_m_014_P4P6_WT_nobc_5mMMgMRTpH83_tp6_m_profi
                    le.txt                                                      
           INFO     Inserted probe_fmod_run for sample ID 1073 (Run ID: 50)     
           INFO     Inserted probe_fmod_run 50 for sample                       
                    014_P4P6_WT_nobc_5mMMgMRTpH83_tp6_m                         
           INFO     Bulk inserted 212 fmod_vals records.                        
           INFO     Inserted 212 probe_fmod_values records for                  
                    014_P4P6_WT_nobc_5mMMgMRTpH83_tp6_m (modrate).              
           INFO     Bulk inserted 212 fmod_vals records.                        
           INFO     Inserted 212 probe_fmod_values records for                  
                    014_P4P6_WT_nobc_5mMMgMRTpH83_tp6_m (GAmodrate).            
           INFO     Wrote per-read histogram for                                
                    014_P4P6_WT_nobc_5mMMgMRTpH83_tp6_m (Modified) to           
                    examples/all_mutcounts/mut_count/mut_count___cfg-2cf8202/art
                    ifacts/014_P4P6_WT_nobc_5mMMgMRTpH83_tp6_m/per_read_histogra
                    m.txt                                                       
           INFO     Wrote per-read histogram for                                
                    014_P4P6_WT_nobc_5mMMgMRTpH83_tp6_m (GA) to                 
                    examples/all_mutcounts/mut_count/mut_count___cfg-2cf8202/art
                    ifacts/014_P4P6_WT_nobc_5mMMgMRTpH83_tp6_m/per_read_histogra
                    m.txtga                                                     
           INFO     mut_count completed. Profiles found for 7/7 samples;        
                    ingested 7 run(s).                                          
           INFO     Finished task ID 22 with state 'completed'                  
           INFO     Task 'mut_count' (ID: 22) completed successfully.           
           INFO     Updated 'latest' symlink for task 'mut_count' to point to   
                    /gpfs/projects/b1044/Computational_Output/EKC/EKC.01_SHAPE_s
                    tandardization/EKC.01.065.refactoring_data_analysis/nerd/exa
                    mples/all_mutcounts/mut_count/mut_count___cfg-2cf8202       
