[17:21:05] INFO     Executing 'run' command for step: 'mut_count'               
[17:21:05] INFO     Database schema initialized successfully.                   
           INFO     Created run directory:                                      
                    examples/all_mutcounts/mut_count/mut_count___cfg-34a5274    
           INFO     Executing task 'mut_count' in run directory:                
                    examples/all_mutcounts/mut_count/mut_count___cfg-34a5274    
           INFO     Resolved reaction_group 65_2 to 7 sample(s).                
           INFO     Began task 'mut_count' (ID: 85) for rg:44                   
                    (cfg=34a5274d80e2d2851445500fc71758b767e756385b9fff03016509e
                    a48c9a9dd)                                                  
           INFO     Starting command (backend=local) in                         
                    examples/all_mutcounts/mut_count/mut_count___cfg-34a5274    
           INFO     Executing command locally. Log file:                        
                    examples/all_mutcounts/mut_count/mut_count___cfg-34a5274/com
                    mand.log                                                    
[17:34:15] INFO     Command finished with exit code: 0                          
           INFO     Logged attempt #1 for task ID 85 (Attempt ID: 75)           
           INFO     Command completed successfully. Consuming outputs.          
           INFO     Found ShapeMapper profile for 007-fourU-WT-65c-b-1-p at     
                    examples/all_mutcounts/mut_count/mut_count___cfg-34a5274/art
                    ifacts/007-fourU-WT-65c-b-1-p/007-fourU-WT-65c-b-1-p_007-fou
                    rU-WT-65c-b-1-p_profile.txt                                 
           INFO     Inserted probe_fmod_run for sample ID 498 (Run ID: 601)     
           INFO     Inserted probe_fmod_run 601 for sample                      
                    007-fourU-WT-65c-b-1-p                                      
           INFO     Bulk inserted 80 fmod_vals records.                         
           INFO     Inserted 80 probe_fmod_values records for                   
                    007-fourU-WT-65c-b-1-p (modrate).                           
           INFO     Bulk inserted 80 fmod_vals records.                         
           INFO     Inserted 80 probe_fmod_values records for                   
                    007-fourU-WT-65c-b-1-p (GAmodrate).                         
           INFO     Wrote per-read histogram for 007-fourU-WT-65c-b-1-p         
                    (Modified) to                                               
                    examples/all_mutcounts/mut_count/mut_count___cfg-34a5274/art
                    ifacts/007-fourU-WT-65c-b-1-p/per_read_histogram.txt        
           INFO     Wrote per-read histogram for 007-fourU-WT-65c-b-1-p (GA) to 
                    examples/all_mutcounts/mut_count/mut_count___cfg-34a5274/art
                    ifacts/007-fourU-WT-65c-b-1-p/per_read_histogram.txtga      
           INFO     Found ShapeMapper profile for 008-fourU-WT-65c-b-2-p at     
                    examples/all_mutcounts/mut_count/mut_count___cfg-34a5274/art
                    ifacts/008-fourU-WT-65c-b-2-p/008-fourU-WT-65c-b-2-p_008-fou
                    rU-WT-65c-b-2-p_profile.txt                                 
           INFO     Inserted probe_fmod_run for sample ID 499 (Run ID: 602)     
           INFO     Inserted probe_fmod_run 602 for sample                      
                    008-fourU-WT-65c-b-2-p                                      
           INFO     Bulk inserted 80 fmod_vals records.                         
           INFO     Inserted 80 probe_fmod_values records for                   
                    008-fourU-WT-65c-b-2-p (modrate).                           
           INFO     Bulk inserted 80 fmod_vals records.                         
           INFO     Inserted 80 probe_fmod_values records for                   
                    008-fourU-WT-65c-b-2-p (GAmodrate).                         
           INFO     Wrote per-read histogram for 008-fourU-WT-65c-b-2-p         
                    (Modified) to                                               
                    examples/all_mutcounts/mut_count/mut_count___cfg-34a5274/art
                    ifacts/008-fourU-WT-65c-b-2-p/per_read_histogram.txt        
           INFO     Wrote per-read histogram for 008-fourU-WT-65c-b-2-p (GA) to 
                    examples/all_mutcounts/mut_count/mut_count___cfg-34a5274/art
                    ifacts/008-fourU-WT-65c-b-2-p/per_read_histogram.txtga      
           INFO     Found ShapeMapper profile for 009-fourU-WT-65c-b-3-p at     
                    examples/all_mutcounts/mut_count/mut_count___cfg-34a5274/art
                    ifacts/009-fourU-WT-65c-b-3-p/009-fourU-WT-65c-b-3-p_009-fou
                    rU-WT-65c-b-3-p_profile.txt                                 
           INFO     Inserted probe_fmod_run for sample ID 500 (Run ID: 603)     
           INFO     Inserted probe_fmod_run 603 for sample                      
                    009-fourU-WT-65c-b-3-p                                      
           INFO     Bulk inserted 80 fmod_vals records.                         
           INFO     Inserted 80 probe_fmod_values records for                   
                    009-fourU-WT-65c-b-3-p (modrate).                           
           INFO     Bulk inserted 80 fmod_vals records.                         
           INFO     Inserted 80 probe_fmod_values records for                   
                    009-fourU-WT-65c-b-3-p (GAmodrate).                         
           INFO     Wrote per-read histogram for 009-fourU-WT-65c-b-3-p         
                    (Modified) to                                               
                    examples/all_mutcounts/mut_count/mut_count___cfg-34a5274/art
                    ifacts/009-fourU-WT-65c-b-3-p/per_read_histogram.txt        
           INFO     Wrote per-read histogram for 009-fourU-WT-65c-b-3-p (GA) to 
                    examples/all_mutcounts/mut_count/mut_count___cfg-34a5274/art
                    ifacts/009-fourU-WT-65c-b-3-p/per_read_histogram.txtga      
           INFO     Found ShapeMapper profile for 010-fourU-WT-65c-b-4-p at     
                    examples/all_mutcounts/mut_count/mut_count___cfg-34a5274/art
                    ifacts/010-fourU-WT-65c-b-4-p/010-fourU-WT-65c-b-4-p_010-fou
                    rU-WT-65c-b-4-p_profile.txt                                 
           INFO     Inserted probe_fmod_run for sample ID 501 (Run ID: 604)     
           INFO     Inserted probe_fmod_run 604 for sample                      
                    010-fourU-WT-65c-b-4-p                                      
           INFO     Bulk inserted 80 fmod_vals records.                         
           INFO     Inserted 80 probe_fmod_values records for                   
                    010-fourU-WT-65c-b-4-p (modrate).                           
           INFO     Bulk inserted 80 fmod_vals records.                         
           INFO     Inserted 80 probe_fmod_values records for                   
                    010-fourU-WT-65c-b-4-p (GAmodrate).                         
           INFO     Wrote per-read histogram for 010-fourU-WT-65c-b-4-p         
                    (Modified) to                                               
                    examples/all_mutcounts/mut_count/mut_count___cfg-34a5274/art
                    ifacts/010-fourU-WT-65c-b-4-p/per_read_histogram.txt        
           INFO     Wrote per-read histogram for 010-fourU-WT-65c-b-4-p (GA) to 
                    examples/all_mutcounts/mut_count/mut_count___cfg-34a5274/art
                    ifacts/010-fourU-WT-65c-b-4-p/per_read_histogram.txtga      
           INFO     Found ShapeMapper profile for 011-fourU-WT-65c-b-5-p at     
                    examples/all_mutcounts/mut_count/mut_count___cfg-34a5274/art
                    ifacts/011-fourU-WT-65c-b-5-p/011-fourU-WT-65c-b-5-p_011-fou
                    rU-WT-65c-b-5-p_profile.txt                                 
           INFO     Inserted probe_fmod_run for sample ID 502 (Run ID: 605)     
           INFO     Inserted probe_fmod_run 605 for sample                      
                    011-fourU-WT-65c-b-5-p                                      
           INFO     Bulk inserted 80 fmod_vals records.                         
           INFO     Inserted 80 probe_fmod_values records for                   
                    011-fourU-WT-65c-b-5-p (modrate).                           
           INFO     Bulk inserted 80 fmod_vals records.                         
           INFO     Inserted 80 probe_fmod_values records for                   
                    011-fourU-WT-65c-b-5-p (GAmodrate).                         
           INFO     Wrote per-read histogram for 011-fourU-WT-65c-b-5-p         
                    (Modified) to                                               
                    examples/all_mutcounts/mut_count/mut_count___cfg-34a5274/art
                    ifacts/011-fourU-WT-65c-b-5-p/per_read_histogram.txt        
           INFO     Wrote per-read histogram for 011-fourU-WT-65c-b-5-p (GA) to 
                    examples/all_mutcounts/mut_count/mut_count___cfg-34a5274/art
                    ifacts/011-fourU-WT-65c-b-5-p/per_read_histogram.txtga      
           INFO     Found ShapeMapper profile for 012-fourU-WT-65c-b-6-p at     
                    examples/all_mutcounts/mut_count/mut_count___cfg-34a5274/art
                    ifacts/012-fourU-WT-65c-b-6-p/012-fourU-WT-65c-b-6-p_012-fou
                    rU-WT-65c-b-6-p_profile.txt                                 
           INFO     Inserted probe_fmod_run for sample ID 503 (Run ID: 606)     
           INFO     Inserted probe_fmod_run 606 for sample                      
                    012-fourU-WT-65c-b-6-p                                      
           INFO     Bulk inserted 80 fmod_vals records.                         
           INFO     Inserted 80 probe_fmod_values records for                   
                    012-fourU-WT-65c-b-6-p (modrate).                           
           INFO     Bulk inserted 80 fmod_vals records.                         
           INFO     Inserted 80 probe_fmod_values records for                   
                    012-fourU-WT-65c-b-6-p (GAmodrate).                         
           INFO     Wrote per-read histogram for 012-fourU-WT-65c-b-6-p         
                    (Modified) to                                               
                    examples/all_mutcounts/mut_count/mut_count___cfg-34a5274/art
                    ifacts/012-fourU-WT-65c-b-6-p/per_read_histogram.txt        
           INFO     Wrote per-read histogram for 012-fourU-WT-65c-b-6-p (GA) to 
                    examples/all_mutcounts/mut_count/mut_count___cfg-34a5274/art
                    ifacts/012-fourU-WT-65c-b-6-p/per_read_histogram.txtga      
           INFO     Found ShapeMapper profile for 060_fourU_WT65c_b_6_m at      
                    examples/all_mutcounts/mut_count/mut_count___cfg-34a5274/art
                    ifacts/060_fourU_WT65c_b_6_m/060_fourU_WT65c_b_6_m_060_fourU
                    _WT65c_b_6_m_profile.txt                                    
           INFO     Inserted probe_fmod_run for sample ID 743 (Run ID: 607)     
           INFO     Inserted probe_fmod_run 607 for sample 060_fourU_WT65c_b_6_m
           INFO     Bulk inserted 80 fmod_vals records.                         
           INFO     Inserted 80 probe_fmod_values records for                   
                    060_fourU_WT65c_b_6_m (modrate).                            
           INFO     Bulk inserted 80 fmod_vals records.                         
           INFO     Inserted 80 probe_fmod_values records for                   
                    060_fourU_WT65c_b_6_m (GAmodrate).                          
           INFO     Wrote per-read histogram for 060_fourU_WT65c_b_6_m          
                    (Modified) to                                               
                    examples/all_mutcounts/mut_count/mut_count___cfg-34a5274/art
                    ifacts/060_fourU_WT65c_b_6_m/per_read_histogram.txt         
           INFO     Wrote per-read histogram for 060_fourU_WT65c_b_6_m (GA) to  
                    examples/all_mutcounts/mut_count/mut_count___cfg-34a5274/art
                    ifacts/060_fourU_WT65c_b_6_m/per_read_histogram.txtga       
           INFO     mut_count completed. Profiles found for 7/7 samples;        
                    ingested 7 run(s).                                          
           INFO     Finished task ID 85 with state 'completed'                  
           INFO     Task 'mut_count' (ID: 85) completed successfully.           
           INFO     Updated 'latest' symlink for task 'mut_count' to point to   
                    /gpfs/projects/b1044/Computational_Output/EKC/EKC.01_SHAPE_s
                    tandardization/EKC.01.065.refactoring_data_analysis/nerd/exa
                    mples/all_mutcounts/mut_count/mut_count___cfg-34a5274       
