[16:13:49] INFO     Executing 'run' command for step: 'mut_count'               
[16:13:49] INFO     Database schema initialized successfully.                   
           INFO     Created run directory:                                      
                    examples/all_mutcounts/mut_count/mut_count___cfg-7555bef    
           INFO     Executing task 'mut_count' in run directory:                
                    examples/all_mutcounts/mut_count/mut_count___cfg-7555bef    
           INFO     Resolved reaction_group 45_2_A8C to 7 sample(s).            
           INFO     Began task 'mut_count' (ID: 68) for rg:40                   
                    (cfg=7555bef2ea2630bea386502bd482b6a1ee8a8606ada736020bae071
                    6cd758c57)                                                  
           INFO     Starting command (backend=local) in                         
                    examples/all_mutcounts/mut_count/mut_count___cfg-7555bef    
           INFO     Executing command locally. Log file:                        
                    examples/all_mutcounts/mut_count/mut_count___cfg-7555bef/com
                    mand.log                                                    
[16:18:26] INFO     Command finished with exit code: 0                          
           INFO     Logged attempt #1 for task ID 68 (Attempt ID: 52)           
           INFO     Command completed successfully. Consuming outputs.          
           INFO     Found ShapeMapper profile for 073-EKC-A8C-45c-b-1-p at      
                    examples/all_mutcounts/mut_count/mut_count___cfg-7555bef/art
                    ifacts/073-EKC-A8C-45c-b-1-p/073-EKC-A8C-45c-b-1-p_073-EKC-A
                    8C-45c-b-1-p_profile.txt                                    
           INFO     Inserted probe_fmod_run for sample ID 468 (Run ID: 415)     
           INFO     Inserted probe_fmod_run 415 for sample 073-EKC-A8C-45c-b-1-p
           INFO     Bulk inserted 80 fmod_vals records.                         
           INFO     Inserted 80 probe_fmod_values records for                   
                    073-EKC-A8C-45c-b-1-p (modrate).                            
           INFO     Bulk inserted 80 fmod_vals records.                         
           INFO     Inserted 80 probe_fmod_values records for                   
                    073-EKC-A8C-45c-b-1-p (GAmodrate).                          
           INFO     Wrote per-read histogram for 073-EKC-A8C-45c-b-1-p          
                    (Modified) to                                               
                    examples/all_mutcounts/mut_count/mut_count___cfg-7555bef/art
                    ifacts/073-EKC-A8C-45c-b-1-p/per_read_histogram.txt         
           INFO     Wrote per-read histogram for 073-EKC-A8C-45c-b-1-p (GA) to  
                    examples/all_mutcounts/mut_count/mut_count___cfg-7555bef/art
                    ifacts/073-EKC-A8C-45c-b-1-p/per_read_histogram.txtga       
           INFO     Found ShapeMapper profile for 074-EKC-A8C-45c-b-2-p at      
                    examples/all_mutcounts/mut_count/mut_count___cfg-7555bef/art
                    ifacts/074-EKC-A8C-45c-b-2-p/074-EKC-A8C-45c-b-2-p_074-EKC-A
                    8C-45c-b-2-p_profile.txt                                    
           INFO     Inserted probe_fmod_run for sample ID 469 (Run ID: 416)     
           INFO     Inserted probe_fmod_run 416 for sample 074-EKC-A8C-45c-b-2-p
           INFO     Bulk inserted 80 fmod_vals records.                         
           INFO     Inserted 80 probe_fmod_values records for                   
                    074-EKC-A8C-45c-b-2-p (modrate).                            
           INFO     Bulk inserted 80 fmod_vals records.                         
           INFO     Inserted 80 probe_fmod_values records for                   
                    074-EKC-A8C-45c-b-2-p (GAmodrate).                          
           INFO     Wrote per-read histogram for 074-EKC-A8C-45c-b-2-p          
                    (Modified) to                                               
                    examples/all_mutcounts/mut_count/mut_count___cfg-7555bef/art
                    ifacts/074-EKC-A8C-45c-b-2-p/per_read_histogram.txt         
           INFO     Wrote per-read histogram for 074-EKC-A8C-45c-b-2-p (GA) to  
                    examples/all_mutcounts/mut_count/mut_count___cfg-7555bef/art
                    ifacts/074-EKC-A8C-45c-b-2-p/per_read_histogram.txtga       
           INFO     Found ShapeMapper profile for 075-EKC-A8C-45c-b-3-p at      
                    examples/all_mutcounts/mut_count/mut_count___cfg-7555bef/art
                    ifacts/075-EKC-A8C-45c-b-3-p/075-EKC-A8C-45c-b-3-p_075-EKC-A
                    8C-45c-b-3-p_profile.txt                                    
           INFO     Inserted probe_fmod_run for sample ID 470 (Run ID: 417)     
           INFO     Inserted probe_fmod_run 417 for sample 075-EKC-A8C-45c-b-3-p
           INFO     Bulk inserted 80 fmod_vals records.                         
           INFO     Inserted 80 probe_fmod_values records for                   
                    075-EKC-A8C-45c-b-3-p (modrate).                            
           INFO     Bulk inserted 80 fmod_vals records.                         
           INFO     Inserted 80 probe_fmod_values records for                   
                    075-EKC-A8C-45c-b-3-p (GAmodrate).                          
           INFO     Wrote per-read histogram for 075-EKC-A8C-45c-b-3-p          
                    (Modified) to                                               
                    examples/all_mutcounts/mut_count/mut_count___cfg-7555bef/art
                    ifacts/075-EKC-A8C-45c-b-3-p/per_read_histogram.txt         
           INFO     Wrote per-read histogram for 075-EKC-A8C-45c-b-3-p (GA) to  
                    examples/all_mutcounts/mut_count/mut_count___cfg-7555bef/art
                    ifacts/075-EKC-A8C-45c-b-3-p/per_read_histogram.txtga       
           INFO     Found ShapeMapper profile for 076-EKC-A8C-45c-b-4-p at      
                    examples/all_mutcounts/mut_count/mut_count___cfg-7555bef/art
                    ifacts/076-EKC-A8C-45c-b-4-p/076-EKC-A8C-45c-b-4-p_076-EKC-A
                    8C-45c-b-4-p_profile.txt                                    
           INFO     Inserted probe_fmod_run for sample ID 471 (Run ID: 418)     
           INFO     Inserted probe_fmod_run 418 for sample 076-EKC-A8C-45c-b-4-p
           INFO     Bulk inserted 80 fmod_vals records.                         
           INFO     Inserted 80 probe_fmod_values records for                   
                    076-EKC-A8C-45c-b-4-p (modrate).                            
           INFO     Bulk inserted 80 fmod_vals records.                         
           INFO     Inserted 80 probe_fmod_values records for                   
                    076-EKC-A8C-45c-b-4-p (GAmodrate).                          
           INFO     Wrote per-read histogram for 076-EKC-A8C-45c-b-4-p          
                    (Modified) to                                               
                    examples/all_mutcounts/mut_count/mut_count___cfg-7555bef/art
                    ifacts/076-EKC-A8C-45c-b-4-p/per_read_histogram.txt         
           INFO     Wrote per-read histogram for 076-EKC-A8C-45c-b-4-p (GA) to  
                    examples/all_mutcounts/mut_count/mut_count___cfg-7555bef/art
                    ifacts/076-EKC-A8C-45c-b-4-p/per_read_histogram.txtga       
           INFO     Found ShapeMapper profile for 077-EKC-A8C-45c-b-5-p at      
                    examples/all_mutcounts/mut_count/mut_count___cfg-7555bef/art
                    ifacts/077-EKC-A8C-45c-b-5-p/077-EKC-A8C-45c-b-5-p_077-EKC-A
                    8C-45c-b-5-p_profile.txt                                    
           INFO     Inserted probe_fmod_run for sample ID 472 (Run ID: 419)     
           INFO     Inserted probe_fmod_run 419 for sample 077-EKC-A8C-45c-b-5-p
           INFO     Bulk inserted 80 fmod_vals records.                         
           INFO     Inserted 80 probe_fmod_values records for                   
                    077-EKC-A8C-45c-b-5-p (modrate).                            
           INFO     Bulk inserted 80 fmod_vals records.                         
           INFO     Inserted 80 probe_fmod_values records for                   
                    077-EKC-A8C-45c-b-5-p (GAmodrate).                          
           INFO     Wrote per-read histogram for 077-EKC-A8C-45c-b-5-p          
                    (Modified) to                                               
                    examples/all_mutcounts/mut_count/mut_count___cfg-7555bef/art
                    ifacts/077-EKC-A8C-45c-b-5-p/per_read_histogram.txt         
           INFO     Wrote per-read histogram for 077-EKC-A8C-45c-b-5-p (GA) to  
                    examples/all_mutcounts/mut_count/mut_count___cfg-7555bef/art
                    ifacts/077-EKC-A8C-45c-b-5-p/per_read_histogram.txtga       
           INFO     Found ShapeMapper profile for 078-EKC-A8C-45c-b-6-p at      
                    examples/all_mutcounts/mut_count/mut_count___cfg-7555bef/art
                    ifacts/078-EKC-A8C-45c-b-6-p/078-EKC-A8C-45c-b-6-p_078-EKC-A
                    8C-45c-b-6-p_profile.txt                                    
           INFO     Inserted probe_fmod_run for sample ID 473 (Run ID: 420)     
           INFO     Inserted probe_fmod_run 420 for sample 078-EKC-A8C-45c-b-6-p
           INFO     Bulk inserted 80 fmod_vals records.                         
           INFO     Inserted 80 probe_fmod_values records for                   
                    078-EKC-A8C-45c-b-6-p (modrate).                            
           INFO     Bulk inserted 80 fmod_vals records.                         
           INFO     Inserted 80 probe_fmod_values records for                   
                    078-EKC-A8C-45c-b-6-p (GAmodrate).                          
           INFO     Wrote per-read histogram for 078-EKC-A8C-45c-b-6-p          
                    (Modified) to                                               
                    examples/all_mutcounts/mut_count/mut_count___cfg-7555bef/art
                    ifacts/078-EKC-A8C-45c-b-6-p/per_read_histogram.txt         
           INFO     Wrote per-read histogram for 078-EKC-A8C-45c-b-6-p (GA) to  
                    examples/all_mutcounts/mut_count/mut_count___cfg-7555bef/art
                    ifacts/078-EKC-A8C-45c-b-6-p/per_read_histogram.txtga       
           INFO     Found ShapeMapper profile for 093-EKC-A8C-45c-b-6-m at      
                    examples/all_mutcounts/mut_count/mut_count___cfg-7555bef/art
                    ifacts/093-EKC-A8C-45c-b-6-m/093-EKC-A8C-45c-b-6-m_093-EKC-A
                    8C-45c-b-6-m_profile.txt                                    
           INFO     Inserted probe_fmod_run for sample ID 488 (Run ID: 421)     
           INFO     Inserted probe_fmod_run 421 for sample 093-EKC-A8C-45c-b-6-m
           INFO     Bulk inserted 80 fmod_vals records.                         
           INFO     Inserted 80 probe_fmod_values records for                   
                    093-EKC-A8C-45c-b-6-m (modrate).                            
           INFO     Bulk inserted 80 fmod_vals records.                         
           INFO     Inserted 80 probe_fmod_values records for                   
                    093-EKC-A8C-45c-b-6-m (GAmodrate).                          
           INFO     Wrote per-read histogram for 093-EKC-A8C-45c-b-6-m          
                    (Modified) to                                               
                    examples/all_mutcounts/mut_count/mut_count___cfg-7555bef/art
                    ifacts/093-EKC-A8C-45c-b-6-m/per_read_histogram.txt         
           INFO     Wrote per-read histogram for 093-EKC-A8C-45c-b-6-m (GA) to  
                    examples/all_mutcounts/mut_count/mut_count___cfg-7555bef/art
                    ifacts/093-EKC-A8C-45c-b-6-m/per_read_histogram.txtga       
           INFO     mut_count completed. Profiles found for 7/7 samples;        
                    ingested 7 run(s).                                          
           INFO     Finished task ID 68 with state 'completed'                  
           INFO     Task 'mut_count' (ID: 68) completed successfully.           
           INFO     Updated 'latest' symlink for task 'mut_count' to point to   
                    /gpfs/projects/b1044/Computational_Output/EKC/EKC.01_SHAPE_s
                    tandardization/EKC.01.065.refactoring_data_analysis/nerd/exa
                    mples/all_mutcounts/mut_count/mut_count___cfg-7555bef       
