[17:37:09] INFO     Executing 'run' command for step: 'mut_count'               
[17:37:09] INFO     Database schema initialized successfully.                   
           INFO     Created run directory:                                      
                    examples/all_mutcounts/mut_count/mut_count___cfg-5656d0c    
           INFO     Executing task 'mut_count' in run directory:                
                    examples/all_mutcounts/mut_count/mut_count___cfg-5656d0c    
           INFO     Resolved reaction_group 70_2_13 to 7 sample(s).             
           INFO     Began task 'mut_count' (ID: 96) for rg:102                  
                    (cfg=5656d0cad2536d0049c92e826fa7fe7794e343d55a2865c9bd8e4bc
                    4c009c07d)                                                  
           INFO     Starting command (backend=local) in                         
                    examples/all_mutcounts/mut_count/mut_count___cfg-5656d0c    
           INFO     Executing command locally. Log file:                        
                    examples/all_mutcounts/mut_count/mut_count___cfg-5656d0c/com
                    mand.log                                                    
[17:41:33] INFO     Command finished with exit code: 0                          
           INFO     Logged attempt #1 for task ID 96 (Attempt ID: 86)           
           INFO     Command completed successfully. Consuming outputs.          
           INFO     Found ShapeMapper profile for 019-HIV-UUCG-ES-70c-b-1-p at  
                    examples/all_mutcounts/mut_count/mut_count___cfg-5656d0c/art
                    ifacts/019-HIV-UUCG-ES-70c-b-1-p/019-HIV-UUCG-ES-70c-b-1-p_0
                    19-HIV-UUCG-ES-70c-b-1-p_profile.txt                        
           INFO     Inserted probe_fmod_run for sample ID 894 (Run ID: 678)     
           INFO     Inserted probe_fmod_run 678 for sample                      
                    019-HIV-UUCG-ES-70c-b-1-p                                   
           INFO     Bulk inserted 76 fmod_vals records.                         
           INFO     Inserted 76 probe_fmod_values records for                   
                    019-HIV-UUCG-ES-70c-b-1-p (modrate).                        
           INFO     Bulk inserted 76 fmod_vals records.                         
           INFO     Inserted 76 probe_fmod_values records for                   
                    019-HIV-UUCG-ES-70c-b-1-p (GAmodrate).                      
           INFO     Wrote per-read histogram for 019-HIV-UUCG-ES-70c-b-1-p      
                    (Modified) to                                               
                    examples/all_mutcounts/mut_count/mut_count___cfg-5656d0c/art
                    ifacts/019-HIV-UUCG-ES-70c-b-1-p/per_read_histogram.txt     
           INFO     Wrote per-read histogram for 019-HIV-UUCG-ES-70c-b-1-p (GA) 
                    to                                                          
                    examples/all_mutcounts/mut_count/mut_count___cfg-5656d0c/art
                    ifacts/019-HIV-UUCG-ES-70c-b-1-p/per_read_histogram.txtga   
           INFO     Found ShapeMapper profile for 020-HIV-UUCG-ES-70c-b-2-p at  
                    examples/all_mutcounts/mut_count/mut_count___cfg-5656d0c/art
                    ifacts/020-HIV-UUCG-ES-70c-b-2-p/020-HIV-UUCG-ES-70c-b-2-p_0
                    20-HIV-UUCG-ES-70c-b-2-p_profile.txt                        
           INFO     Inserted probe_fmod_run for sample ID 895 (Run ID: 679)     
           INFO     Inserted probe_fmod_run 679 for sample                      
                    020-HIV-UUCG-ES-70c-b-2-p                                   
           INFO     Bulk inserted 76 fmod_vals records.                         
           INFO     Inserted 76 probe_fmod_values records for                   
                    020-HIV-UUCG-ES-70c-b-2-p (modrate).                        
           INFO     Bulk inserted 76 fmod_vals records.                         
           INFO     Inserted 76 probe_fmod_values records for                   
                    020-HIV-UUCG-ES-70c-b-2-p (GAmodrate).                      
           INFO     Wrote per-read histogram for 020-HIV-UUCG-ES-70c-b-2-p      
                    (Modified) to                                               
                    examples/all_mutcounts/mut_count/mut_count___cfg-5656d0c/art
                    ifacts/020-HIV-UUCG-ES-70c-b-2-p/per_read_histogram.txt     
           INFO     Wrote per-read histogram for 020-HIV-UUCG-ES-70c-b-2-p (GA) 
                    to                                                          
                    examples/all_mutcounts/mut_count/mut_count___cfg-5656d0c/art
                    ifacts/020-HIV-UUCG-ES-70c-b-2-p/per_read_histogram.txtga   
           INFO     Found ShapeMapper profile for 021-HIV-UUCG-ES-70c-b-3-p at  
                    examples/all_mutcounts/mut_count/mut_count___cfg-5656d0c/art
                    ifacts/021-HIV-UUCG-ES-70c-b-3-p/021-HIV-UUCG-ES-70c-b-3-p_0
                    21-HIV-UUCG-ES-70c-b-3-p_profile.txt                        
           INFO     Inserted probe_fmod_run for sample ID 896 (Run ID: 680)     
           INFO     Inserted probe_fmod_run 680 for sample                      
                    021-HIV-UUCG-ES-70c-b-3-p                                   
           INFO     Bulk inserted 76 fmod_vals records.                         
           INFO     Inserted 76 probe_fmod_values records for                   
                    021-HIV-UUCG-ES-70c-b-3-p (modrate).                        
           INFO     Bulk inserted 76 fmod_vals records.                         
           INFO     Inserted 76 probe_fmod_values records for                   
                    021-HIV-UUCG-ES-70c-b-3-p (GAmodrate).                      
           INFO     Wrote per-read histogram for 021-HIV-UUCG-ES-70c-b-3-p      
                    (Modified) to                                               
                    examples/all_mutcounts/mut_count/mut_count___cfg-5656d0c/art
                    ifacts/021-HIV-UUCG-ES-70c-b-3-p/per_read_histogram.txt     
           INFO     Wrote per-read histogram for 021-HIV-UUCG-ES-70c-b-3-p (GA) 
                    to                                                          
                    examples/all_mutcounts/mut_count/mut_count___cfg-5656d0c/art
                    ifacts/021-HIV-UUCG-ES-70c-b-3-p/per_read_histogram.txtga   
           INFO     Found ShapeMapper profile for 022-HIV-UUCG-ES-70c-b-4-p at  
                    examples/all_mutcounts/mut_count/mut_count___cfg-5656d0c/art
                    ifacts/022-HIV-UUCG-ES-70c-b-4-p/022-HIV-UUCG-ES-70c-b-4-p_0
                    22-HIV-UUCG-ES-70c-b-4-p_profile.txt                        
           INFO     Inserted probe_fmod_run for sample ID 897 (Run ID: 681)     
           INFO     Inserted probe_fmod_run 681 for sample                      
                    022-HIV-UUCG-ES-70c-b-4-p                                   
           INFO     Bulk inserted 76 fmod_vals records.                         
           INFO     Inserted 76 probe_fmod_values records for                   
                    022-HIV-UUCG-ES-70c-b-4-p (modrate).                        
           INFO     Bulk inserted 76 fmod_vals records.                         
           INFO     Inserted 76 probe_fmod_values records for                   
                    022-HIV-UUCG-ES-70c-b-4-p (GAmodrate).                      
           INFO     Wrote per-read histogram for 022-HIV-UUCG-ES-70c-b-4-p      
                    (Modified) to                                               
                    examples/all_mutcounts/mut_count/mut_count___cfg-5656d0c/art
                    ifacts/022-HIV-UUCG-ES-70c-b-4-p/per_read_histogram.txt     
           INFO     Wrote per-read histogram for 022-HIV-UUCG-ES-70c-b-4-p (GA) 
                    to                                                          
                    examples/all_mutcounts/mut_count/mut_count___cfg-5656d0c/art
                    ifacts/022-HIV-UUCG-ES-70c-b-4-p/per_read_histogram.txtga   
[17:41:34] INFO     Found ShapeMapper profile for 023-HIV-UUCG-ES-70c-b-5-p at  
                    examples/all_mutcounts/mut_count/mut_count___cfg-5656d0c/art
                    ifacts/023-HIV-UUCG-ES-70c-b-5-p/023-HIV-UUCG-ES-70c-b-5-p_0
                    23-HIV-UUCG-ES-70c-b-5-p_profile.txt                        
           INFO     Inserted probe_fmod_run for sample ID 898 (Run ID: 682)     
           INFO     Inserted probe_fmod_run 682 for sample                      
                    023-HIV-UUCG-ES-70c-b-5-p                                   
           INFO     Bulk inserted 76 fmod_vals records.                         
           INFO     Inserted 76 probe_fmod_values records for                   
                    023-HIV-UUCG-ES-70c-b-5-p (modrate).                        
           INFO     Bulk inserted 76 fmod_vals records.                         
           INFO     Inserted 76 probe_fmod_values records for                   
                    023-HIV-UUCG-ES-70c-b-5-p (GAmodrate).                      
           INFO     Wrote per-read histogram for 023-HIV-UUCG-ES-70c-b-5-p      
                    (Modified) to                                               
                    examples/all_mutcounts/mut_count/mut_count___cfg-5656d0c/art
                    ifacts/023-HIV-UUCG-ES-70c-b-5-p/per_read_histogram.txt     
           INFO     Wrote per-read histogram for 023-HIV-UUCG-ES-70c-b-5-p (GA) 
                    to                                                          
                    examples/all_mutcounts/mut_count/mut_count___cfg-5656d0c/art
                    ifacts/023-HIV-UUCG-ES-70c-b-5-p/per_read_histogram.txtga   
           INFO     Found ShapeMapper profile for 024-HIV-UUCG-ES-70c-b-6-p at  
                    examples/all_mutcounts/mut_count/mut_count___cfg-5656d0c/art
                    ifacts/024-HIV-UUCG-ES-70c-b-6-p/024-HIV-UUCG-ES-70c-b-6-p_0
                    24-HIV-UUCG-ES-70c-b-6-p_profile.txt                        
           INFO     Inserted probe_fmod_run for sample ID 899 (Run ID: 683)     
           INFO     Inserted probe_fmod_run 683 for sample                      
                    024-HIV-UUCG-ES-70c-b-6-p                                   
           INFO     Bulk inserted 76 fmod_vals records.                         
           INFO     Inserted 76 probe_fmod_values records for                   
                    024-HIV-UUCG-ES-70c-b-6-p (modrate).                        
           INFO     Bulk inserted 76 fmod_vals records.                         
           INFO     Inserted 76 probe_fmod_values records for                   
                    024-HIV-UUCG-ES-70c-b-6-p (GAmodrate).                      
           INFO     Wrote per-read histogram for 024-HIV-UUCG-ES-70c-b-6-p      
                    (Modified) to                                               
                    examples/all_mutcounts/mut_count/mut_count___cfg-5656d0c/art
                    ifacts/024-HIV-UUCG-ES-70c-b-6-p/per_read_histogram.txt     
           INFO     Wrote per-read histogram for 024-HIV-UUCG-ES-70c-b-6-p (GA) 
                    to                                                          
                    examples/all_mutcounts/mut_count/mut_count___cfg-5656d0c/art
                    ifacts/024-HIV-UUCG-ES-70c-b-6-p/per_read_histogram.txtga   
           INFO     Found ShapeMapper profile for 068-HIV-UUCG-ES-70c-b-6-m at  
                    examples/all_mutcounts/mut_count/mut_count___cfg-5656d0c/art
                    ifacts/068-HIV-UUCG-ES-70c-b-6-m/068-HIV-UUCG-ES-70c-b-6-m_0
                    68-HIV-UUCG-ES-70c-b-6-m_profile.txt                        
           INFO     Inserted probe_fmod_run for sample ID 1039 (Run ID: 684)    
           INFO     Inserted probe_fmod_run 684 for sample                      
                    068-HIV-UUCG-ES-70c-b-6-m                                   
           INFO     Bulk inserted 76 fmod_vals records.                         
           INFO     Inserted 76 probe_fmod_values records for                   
                    068-HIV-UUCG-ES-70c-b-6-m (modrate).                        
           INFO     Bulk inserted 76 fmod_vals records.                         
           INFO     Inserted 76 probe_fmod_values records for                   
                    068-HIV-UUCG-ES-70c-b-6-m (GAmodrate).                      
           INFO     Wrote per-read histogram for 068-HIV-UUCG-ES-70c-b-6-m      
                    (Modified) to                                               
                    examples/all_mutcounts/mut_count/mut_count___cfg-5656d0c/art
                    ifacts/068-HIV-UUCG-ES-70c-b-6-m/per_read_histogram.txt     
           INFO     Wrote per-read histogram for 068-HIV-UUCG-ES-70c-b-6-m (GA) 
                    to                                                          
                    examples/all_mutcounts/mut_count/mut_count___cfg-5656d0c/art
                    ifacts/068-HIV-UUCG-ES-70c-b-6-m/per_read_histogram.txtga   
           INFO     mut_count completed. Profiles found for 7/7 samples;        
                    ingested 7 run(s).                                          
           INFO     Finished task ID 96 with state 'completed'                  
           INFO     Task 'mut_count' (ID: 96) completed successfully.           
           INFO     Updated 'latest' symlink for task 'mut_count' to point to   
                    /gpfs/projects/b1044/Computational_Output/EKC/EKC.01_SHAPE_s
                    tandardization/EKC.01.065.refactoring_data_analysis/nerd/exa
                    mples/all_mutcounts/mut_count/mut_count___cfg-5656d0c       
