[13:55:16] INFO     Executing 'run' command for step: 'mut_count'               
[13:55:16] INFO     Database schema initialized successfully.                   
           INFO     Created run directory:                                      
                    examples/all_mutcounts/mut_count/mut_count___cfg-c390ed8    
           INFO     Executing task 'mut_count' in run directory:                
                    examples/all_mutcounts/mut_count/mut_count___cfg-c390ed8    
           INFO     Resolved reaction_group 15 to 7 sample(s).                  
           INFO     Began task 'mut_count' (ID: 11) for rg:131                  
                    (cfg=c390ed82f19ae6f64dc1bb324cd8228871f7c7f66a346df70ef61b0
                    6b56d073f)                                                  
           INFO     Starting command (backend=local) in                         
                    examples/all_mutcounts/mut_count/mut_count___cfg-c390ed8    
           INFO     Executing command locally. Log file:                        
                    examples/all_mutcounts/mut_count/mut_count___cfg-c390ed8/com
                    mand.log                                                    
[13:56:58] INFO     Command finished with exit code: 0                          
           INFO     Logged attempt #1 for task ID 11 (Attempt ID: 6)            
           INFO     Command completed successfully. Consuming outputs.          
           INFO     Found ShapeMapper profile for                               
                    051_P4P6_WT_bc_0mMMgMRTpH9_tp1_p at                         
                    examples/all_mutcounts/mut_count/mut_count___cfg-c390ed8/art
                    ifacts/051_P4P6_WT_bc_0mMMgMRTpH9_tp1_p/051_P4P6_WT_bc_0mMMg
                    MRTpH9_tp1_p_051_P4P6_WT_bc_0mMMgMRTpH9_tp1_p_profile.txt   
           INFO     Inserted probe_fmod_run for sample ID 1110 (Run ID: 30)     
           INFO     Inserted probe_fmod_run 30 for sample                       
                    051_P4P6_WT_bc_0mMMgMRTpH9_tp1_p                            
           INFO     Bulk inserted 241 fmod_vals records.                        
           INFO     Inserted 241 probe_fmod_values records for                  
                    051_P4P6_WT_bc_0mMMgMRTpH9_tp1_p (modrate).                 
           INFO     Bulk inserted 241 fmod_vals records.                        
           INFO     Inserted 241 probe_fmod_values records for                  
                    051_P4P6_WT_bc_0mMMgMRTpH9_tp1_p (GAmodrate).               
           INFO     Wrote per-read histogram for                                
                    051_P4P6_WT_bc_0mMMgMRTpH9_tp1_p (Modified) to              
                    examples/all_mutcounts/mut_count/mut_count___cfg-c390ed8/art
                    ifacts/051_P4P6_WT_bc_0mMMgMRTpH9_tp1_p/per_read_histogram.t
                    xt                                                          
           INFO     Wrote per-read histogram for                                
                    051_P4P6_WT_bc_0mMMgMRTpH9_tp1_p (GA) to                    
                    examples/all_mutcounts/mut_count/mut_count___cfg-c390ed8/art
                    ifacts/051_P4P6_WT_bc_0mMMgMRTpH9_tp1_p/per_read_histogram.t
                    xtga                                                        
           INFO     Found ShapeMapper profile for                               
                    052_P4P6_WT_bc_0mMMgMRTpH9_tp2_p at                         
                    examples/all_mutcounts/mut_count/mut_count___cfg-c390ed8/art
                    ifacts/052_P4P6_WT_bc_0mMMgMRTpH9_tp2_p/052_P4P6_WT_bc_0mMMg
                    MRTpH9_tp2_p_052_P4P6_WT_bc_0mMMgMRTpH9_tp2_p_profile.txt   
           INFO     Inserted probe_fmod_run for sample ID 1111 (Run ID: 31)     
           INFO     Inserted probe_fmod_run 31 for sample                       
                    052_P4P6_WT_bc_0mMMgMRTpH9_tp2_p                            
           INFO     Bulk inserted 241 fmod_vals records.                        
           INFO     Inserted 241 probe_fmod_values records for                  
                    052_P4P6_WT_bc_0mMMgMRTpH9_tp2_p (modrate).                 
           INFO     Bulk inserted 241 fmod_vals records.                        
           INFO     Inserted 241 probe_fmod_values records for                  
                    052_P4P6_WT_bc_0mMMgMRTpH9_tp2_p (GAmodrate).               
           INFO     Wrote per-read histogram for                                
                    052_P4P6_WT_bc_0mMMgMRTpH9_tp2_p (Modified) to              
                    examples/all_mutcounts/mut_count/mut_count___cfg-c390ed8/art
                    ifacts/052_P4P6_WT_bc_0mMMgMRTpH9_tp2_p/per_read_histogram.t
                    xt                                                          
           INFO     Wrote per-read histogram for                                
                    052_P4P6_WT_bc_0mMMgMRTpH9_tp2_p (GA) to                    
                    examples/all_mutcounts/mut_count/mut_count___cfg-c390ed8/art
                    ifacts/052_P4P6_WT_bc_0mMMgMRTpH9_tp2_p/per_read_histogram.t
                    xtga                                                        
[13:56:59] INFO     Found ShapeMapper profile for                               
                    053_P4P6_WT_bc_0mMMgMRTpH9_tp3_p at                         
                    examples/all_mutcounts/mut_count/mut_count___cfg-c390ed8/art
                    ifacts/053_P4P6_WT_bc_0mMMgMRTpH9_tp3_p/053_P4P6_WT_bc_0mMMg
                    MRTpH9_tp3_p_053_P4P6_WT_bc_0mMMgMRTpH9_tp3_p_profile.txt   
           INFO     Inserted probe_fmod_run for sample ID 1112 (Run ID: 32)     
           INFO     Inserted probe_fmod_run 32 for sample                       
                    053_P4P6_WT_bc_0mMMgMRTpH9_tp3_p                            
           INFO     Bulk inserted 241 fmod_vals records.                        
           INFO     Inserted 241 probe_fmod_values records for                  
                    053_P4P6_WT_bc_0mMMgMRTpH9_tp3_p (modrate).                 
           INFO     Bulk inserted 241 fmod_vals records.                        
           INFO     Inserted 241 probe_fmod_values records for                  
                    053_P4P6_WT_bc_0mMMgMRTpH9_tp3_p (GAmodrate).               
           INFO     Wrote per-read histogram for                                
                    053_P4P6_WT_bc_0mMMgMRTpH9_tp3_p (Modified) to              
                    examples/all_mutcounts/mut_count/mut_count___cfg-c390ed8/art
                    ifacts/053_P4P6_WT_bc_0mMMgMRTpH9_tp3_p/per_read_histogram.t
                    xt                                                          
           INFO     Wrote per-read histogram for                                
                    053_P4P6_WT_bc_0mMMgMRTpH9_tp3_p (GA) to                    
                    examples/all_mutcounts/mut_count/mut_count___cfg-c390ed8/art
                    ifacts/053_P4P6_WT_bc_0mMMgMRTpH9_tp3_p/per_read_histogram.t
                    xtga                                                        
           INFO     Found ShapeMapper profile for                               
                    054_P4P6_WT_bc_0mMMgMRTpH9_tp4_p at                         
                    examples/all_mutcounts/mut_count/mut_count___cfg-c390ed8/art
                    ifacts/054_P4P6_WT_bc_0mMMgMRTpH9_tp4_p/054_P4P6_WT_bc_0mMMg
                    MRTpH9_tp4_p_054_P4P6_WT_bc_0mMMgMRTpH9_tp4_p_profile.txt   
           INFO     Inserted probe_fmod_run for sample ID 1113 (Run ID: 33)     
           INFO     Inserted probe_fmod_run 33 for sample                       
                    054_P4P6_WT_bc_0mMMgMRTpH9_tp4_p                            
           INFO     Bulk inserted 241 fmod_vals records.                        
           INFO     Inserted 241 probe_fmod_values records for                  
                    054_P4P6_WT_bc_0mMMgMRTpH9_tp4_p (modrate).                 
           INFO     Bulk inserted 241 fmod_vals records.                        
           INFO     Inserted 241 probe_fmod_values records for                  
                    054_P4P6_WT_bc_0mMMgMRTpH9_tp4_p (GAmodrate).               
           INFO     Wrote per-read histogram for                                
                    054_P4P6_WT_bc_0mMMgMRTpH9_tp4_p (Modified) to              
                    examples/all_mutcounts/mut_count/mut_count___cfg-c390ed8/art
                    ifacts/054_P4P6_WT_bc_0mMMgMRTpH9_tp4_p/per_read_histogram.t
                    xt                                                          
           INFO     Wrote per-read histogram for                                
                    054_P4P6_WT_bc_0mMMgMRTpH9_tp4_p (GA) to                    
                    examples/all_mutcounts/mut_count/mut_count___cfg-c390ed8/art
                    ifacts/054_P4P6_WT_bc_0mMMgMRTpH9_tp4_p/per_read_histogram.t
                    xtga                                                        
           INFO     Found ShapeMapper profile for                               
                    055_P4P6_WT_bc_0mMMgMRTpH9_tp5_p at                         
                    examples/all_mutcounts/mut_count/mut_count___cfg-c390ed8/art
                    ifacts/055_P4P6_WT_bc_0mMMgMRTpH9_tp5_p/055_P4P6_WT_bc_0mMMg
                    MRTpH9_tp5_p_055_P4P6_WT_bc_0mMMgMRTpH9_tp5_p_profile.txt   
           INFO     Inserted probe_fmod_run for sample ID 1114 (Run ID: 34)     
           INFO     Inserted probe_fmod_run 34 for sample                       
                    055_P4P6_WT_bc_0mMMgMRTpH9_tp5_p                            
           INFO     Bulk inserted 241 fmod_vals records.                        
           INFO     Inserted 241 probe_fmod_values records for                  
                    055_P4P6_WT_bc_0mMMgMRTpH9_tp5_p (modrate).                 
           INFO     Bulk inserted 241 fmod_vals records.                        
           INFO     Inserted 241 probe_fmod_values records for                  
                    055_P4P6_WT_bc_0mMMgMRTpH9_tp5_p (GAmodrate).               
           INFO     Wrote per-read histogram for                                
                    055_P4P6_WT_bc_0mMMgMRTpH9_tp5_p (Modified) to              
                    examples/all_mutcounts/mut_count/mut_count___cfg-c390ed8/art
                    ifacts/055_P4P6_WT_bc_0mMMgMRTpH9_tp5_p/per_read_histogram.t
                    xt                                                          
           INFO     Wrote per-read histogram for                                
                    055_P4P6_WT_bc_0mMMgMRTpH9_tp5_p (GA) to                    
                    examples/all_mutcounts/mut_count/mut_count___cfg-c390ed8/art
                    ifacts/055_P4P6_WT_bc_0mMMgMRTpH9_tp5_p/per_read_histogram.t
                    xtga                                                        
           INFO     Found ShapeMapper profile for                               
                    056_P4P6_WT_bc_0mMMgMRTpH9_tp6_p at                         
                    examples/all_mutcounts/mut_count/mut_count___cfg-c390ed8/art
                    ifacts/056_P4P6_WT_bc_0mMMgMRTpH9_tp6_p/056_P4P6_WT_bc_0mMMg
                    MRTpH9_tp6_p_056_P4P6_WT_bc_0mMMgMRTpH9_tp6_p_profile.txt   
           INFO     Inserted probe_fmod_run for sample ID 1115 (Run ID: 35)     
           INFO     Inserted probe_fmod_run 35 for sample                       
                    056_P4P6_WT_bc_0mMMgMRTpH9_tp6_p                            
           INFO     Bulk inserted 241 fmod_vals records.                        
           INFO     Inserted 241 probe_fmod_values records for                  
                    056_P4P6_WT_bc_0mMMgMRTpH9_tp6_p (modrate).                 
           INFO     Bulk inserted 241 fmod_vals records.                        
           INFO     Inserted 241 probe_fmod_values records for                  
                    056_P4P6_WT_bc_0mMMgMRTpH9_tp6_p (GAmodrate).               
           INFO     Wrote per-read histogram for                                
                    056_P4P6_WT_bc_0mMMgMRTpH9_tp6_p (Modified) to              
                    examples/all_mutcounts/mut_count/mut_count___cfg-c390ed8/art
                    ifacts/056_P4P6_WT_bc_0mMMgMRTpH9_tp6_p/per_read_histogram.t
                    xt                                                          
           INFO     Wrote per-read histogram for                                
                    056_P4P6_WT_bc_0mMMgMRTpH9_tp6_p (GA) to                    
                    examples/all_mutcounts/mut_count/mut_count___cfg-c390ed8/art
                    ifacts/056_P4P6_WT_bc_0mMMgMRTpH9_tp6_p/per_read_histogram.t
                    xtga                                                        
           INFO     Found ShapeMapper profile for                               
                    057_P4P6_WT_bc_0mMMgMRTpH9_tp6_m at                         
                    examples/all_mutcounts/mut_count/mut_count___cfg-c390ed8/art
                    ifacts/057_P4P6_WT_bc_0mMMgMRTpH9_tp6_m/057_P4P6_WT_bc_0mMMg
                    MRTpH9_tp6_m_057_P4P6_WT_bc_0mMMgMRTpH9_tp6_m_profile.txt   
           INFO     Inserted probe_fmod_run for sample ID 1116 (Run ID: 36)     
           INFO     Inserted probe_fmod_run 36 for sample                       
                    057_P4P6_WT_bc_0mMMgMRTpH9_tp6_m                            
           INFO     Bulk inserted 241 fmod_vals records.                        
           INFO     Inserted 241 probe_fmod_values records for                  
                    057_P4P6_WT_bc_0mMMgMRTpH9_tp6_m (modrate).                 
           INFO     Bulk inserted 241 fmod_vals records.                        
           INFO     Inserted 241 probe_fmod_values records for                  
                    057_P4P6_WT_bc_0mMMgMRTpH9_tp6_m (GAmodrate).               
           INFO     Wrote per-read histogram for                                
                    057_P4P6_WT_bc_0mMMgMRTpH9_tp6_m (Modified) to              
                    examples/all_mutcounts/mut_count/mut_count___cfg-c390ed8/art
                    ifacts/057_P4P6_WT_bc_0mMMgMRTpH9_tp6_m/per_read_histogram.t
                    xt                                                          
           INFO     Wrote per-read histogram for                                
                    057_P4P6_WT_bc_0mMMgMRTpH9_tp6_m (GA) to                    
                    examples/all_mutcounts/mut_count/mut_count___cfg-c390ed8/art
                    ifacts/057_P4P6_WT_bc_0mMMgMRTpH9_tp6_m/per_read_histogram.t
                    xtga                                                        
           INFO     mut_count completed. Profiles found for 7/7 samples;        
                    ingested 7 run(s).                                          
           INFO     Finished task ID 11 with state 'completed'                  
           INFO     Task 'mut_count' (ID: 11) completed successfully.           
           INFO     Updated 'latest' symlink for task 'mut_count' to point to   
                    /gpfs/projects/b1044/Computational_Output/EKC/EKC.01_SHAPE_s
                    tandardization/EKC.01.065.refactoring_data_analysis/nerd/exa
                    mples/all_mutcounts/mut_count/mut_count___cfg-c390ed8       
