[17:55:35] INFO     Executing 'run' command for step: 'mut_count'               
[17:55:35] INFO     Database schema initialized successfully.                   
           INFO     Created run directory:                                      
                    examples/all_mutcounts/mut_count/mut_count___cfg-37e2db4    
           INFO     Executing task 'mut_count' in run directory:                
                    examples/all_mutcounts/mut_count/mut_count___cfg-37e2db4    
           INFO     Resolved reaction_group 80_1_13 to 7 sample(s).             
           INFO     Began task 'mut_count' (ID: 123) for rg:105                 
                    (cfg=37e2db4761cd00ded62e511c64305c950cbf77f31ba34e5f2216cf9
                    1066134f7)                                                  
           INFO     Starting command (backend=local) in                         
                    examples/all_mutcounts/mut_count/mut_count___cfg-37e2db4    
           INFO     Executing command locally. Log file:                        
                    examples/all_mutcounts/mut_count/mut_count___cfg-37e2db4/com
                    mand.log                                                    
[17:59:44] INFO     Command finished with exit code: 0                          
           INFO     Logged attempt #1 for task ID 123 (Attempt ID: 113)         
           INFO     Command completed successfully. Consuming outputs.          
           INFO     Found ShapeMapper profile for 037-HIV-UUCG-ES-80c-a-1-p at  
                    examples/all_mutcounts/mut_count/mut_count___cfg-37e2db4/art
                    ifacts/037-HIV-UUCG-ES-80c-a-1-p/037-HIV-UUCG-ES-80c-a-1-p_0
                    37-HIV-UUCG-ES-80c-a-1-p_profile.txt                        
           INFO     Inserted probe_fmod_run for sample ID 912 (Run ID: 884)     
           INFO     Inserted probe_fmod_run 884 for sample                      
                    037-HIV-UUCG-ES-80c-a-1-p                                   
           INFO     Bulk inserted 76 fmod_vals records.                         
           INFO     Inserted 76 probe_fmod_values records for                   
                    037-HIV-UUCG-ES-80c-a-1-p (modrate).                        
           INFO     Bulk inserted 76 fmod_vals records.                         
           INFO     Inserted 76 probe_fmod_values records for                   
                    037-HIV-UUCG-ES-80c-a-1-p (GAmodrate).                      
           INFO     Wrote per-read histogram for 037-HIV-UUCG-ES-80c-a-1-p      
                    (Modified) to                                               
                    examples/all_mutcounts/mut_count/mut_count___cfg-37e2db4/art
                    ifacts/037-HIV-UUCG-ES-80c-a-1-p/per_read_histogram.txt     
           INFO     Wrote per-read histogram for 037-HIV-UUCG-ES-80c-a-1-p (GA) 
                    to                                                          
                    examples/all_mutcounts/mut_count/mut_count___cfg-37e2db4/art
                    ifacts/037-HIV-UUCG-ES-80c-a-1-p/per_read_histogram.txtga   
           INFO     Found ShapeMapper profile for 038-HIV-UUCG-ES-80c-a-2-p at  
                    examples/all_mutcounts/mut_count/mut_count___cfg-37e2db4/art
                    ifacts/038-HIV-UUCG-ES-80c-a-2-p/038-HIV-UUCG-ES-80c-a-2-p_0
                    38-HIV-UUCG-ES-80c-a-2-p_profile.txt                        
           INFO     Inserted probe_fmod_run for sample ID 913 (Run ID: 885)     
           INFO     Inserted probe_fmod_run 885 for sample                      
                    038-HIV-UUCG-ES-80c-a-2-p                                   
           INFO     Bulk inserted 76 fmod_vals records.                         
           INFO     Inserted 76 probe_fmod_values records for                   
                    038-HIV-UUCG-ES-80c-a-2-p (modrate).                        
           INFO     Bulk inserted 76 fmod_vals records.                         
           INFO     Inserted 76 probe_fmod_values records for                   
                    038-HIV-UUCG-ES-80c-a-2-p (GAmodrate).                      
           INFO     Wrote per-read histogram for 038-HIV-UUCG-ES-80c-a-2-p      
                    (Modified) to                                               
                    examples/all_mutcounts/mut_count/mut_count___cfg-37e2db4/art
                    ifacts/038-HIV-UUCG-ES-80c-a-2-p/per_read_histogram.txt     
           INFO     Wrote per-read histogram for 038-HIV-UUCG-ES-80c-a-2-p (GA) 
                    to                                                          
                    examples/all_mutcounts/mut_count/mut_count___cfg-37e2db4/art
                    ifacts/038-HIV-UUCG-ES-80c-a-2-p/per_read_histogram.txtga   
           INFO     Found ShapeMapper profile for 039-HIV-UUCG-ES-80c-a-3-p at  
                    examples/all_mutcounts/mut_count/mut_count___cfg-37e2db4/art
                    ifacts/039-HIV-UUCG-ES-80c-a-3-p/039-HIV-UUCG-ES-80c-a-3-p_0
                    39-HIV-UUCG-ES-80c-a-3-p_profile.txt                        
           INFO     Inserted probe_fmod_run for sample ID 914 (Run ID: 886)     
           INFO     Inserted probe_fmod_run 886 for sample                      
                    039-HIV-UUCG-ES-80c-a-3-p                                   
           INFO     Bulk inserted 76 fmod_vals records.                         
           INFO     Inserted 76 probe_fmod_values records for                   
                    039-HIV-UUCG-ES-80c-a-3-p (modrate).                        
           INFO     Bulk inserted 76 fmod_vals records.                         
           INFO     Inserted 76 probe_fmod_values records for                   
                    039-HIV-UUCG-ES-80c-a-3-p (GAmodrate).                      
           INFO     Wrote per-read histogram for 039-HIV-UUCG-ES-80c-a-3-p      
                    (Modified) to                                               
                    examples/all_mutcounts/mut_count/mut_count___cfg-37e2db4/art
                    ifacts/039-HIV-UUCG-ES-80c-a-3-p/per_read_histogram.txt     
           INFO     Wrote per-read histogram for 039-HIV-UUCG-ES-80c-a-3-p (GA) 
                    to                                                          
                    examples/all_mutcounts/mut_count/mut_count___cfg-37e2db4/art
                    ifacts/039-HIV-UUCG-ES-80c-a-3-p/per_read_histogram.txtga   
           INFO     Found ShapeMapper profile for 040-HIV-UUCG-ES-80c-a-4-p at  
                    examples/all_mutcounts/mut_count/mut_count___cfg-37e2db4/art
                    ifacts/040-HIV-UUCG-ES-80c-a-4-p/040-HIV-UUCG-ES-80c-a-4-p_0
                    40-HIV-UUCG-ES-80c-a-4-p_profile.txt                        
           INFO     Inserted probe_fmod_run for sample ID 915 (Run ID: 887)     
           INFO     Inserted probe_fmod_run 887 for sample                      
                    040-HIV-UUCG-ES-80c-a-4-p                                   
           INFO     Bulk inserted 76 fmod_vals records.                         
           INFO     Inserted 76 probe_fmod_values records for                   
                    040-HIV-UUCG-ES-80c-a-4-p (modrate).                        
           INFO     Bulk inserted 76 fmod_vals records.                         
           INFO     Inserted 76 probe_fmod_values records for                   
                    040-HIV-UUCG-ES-80c-a-4-p (GAmodrate).                      
           INFO     Wrote per-read histogram for 040-HIV-UUCG-ES-80c-a-4-p      
                    (Modified) to                                               
                    examples/all_mutcounts/mut_count/mut_count___cfg-37e2db4/art
                    ifacts/040-HIV-UUCG-ES-80c-a-4-p/per_read_histogram.txt     
           INFO     Wrote per-read histogram for 040-HIV-UUCG-ES-80c-a-4-p (GA) 
                    to                                                          
                    examples/all_mutcounts/mut_count/mut_count___cfg-37e2db4/art
                    ifacts/040-HIV-UUCG-ES-80c-a-4-p/per_read_histogram.txtga   
           INFO     Found ShapeMapper profile for 041-HIV-UUCG-ES-80c-a-5-p at  
                    examples/all_mutcounts/mut_count/mut_count___cfg-37e2db4/art
                    ifacts/041-HIV-UUCG-ES-80c-a-5-p/041-HIV-UUCG-ES-80c-a-5-p_0
                    41-HIV-UUCG-ES-80c-a-5-p_profile.txt                        
           INFO     Inserted probe_fmod_run for sample ID 916 (Run ID: 888)     
           INFO     Inserted probe_fmod_run 888 for sample                      
                    041-HIV-UUCG-ES-80c-a-5-p                                   
           INFO     Bulk inserted 76 fmod_vals records.                         
           INFO     Inserted 76 probe_fmod_values records for                   
                    041-HIV-UUCG-ES-80c-a-5-p (modrate).                        
           INFO     Bulk inserted 76 fmod_vals records.                         
           INFO     Inserted 76 probe_fmod_values records for                   
                    041-HIV-UUCG-ES-80c-a-5-p (GAmodrate).                      
           INFO     Wrote per-read histogram for 041-HIV-UUCG-ES-80c-a-5-p      
                    (Modified) to                                               
                    examples/all_mutcounts/mut_count/mut_count___cfg-37e2db4/art
                    ifacts/041-HIV-UUCG-ES-80c-a-5-p/per_read_histogram.txt     
           INFO     Wrote per-read histogram for 041-HIV-UUCG-ES-80c-a-5-p (GA) 
                    to                                                          
                    examples/all_mutcounts/mut_count/mut_count___cfg-37e2db4/art
                    ifacts/041-HIV-UUCG-ES-80c-a-5-p/per_read_histogram.txtga   
           INFO     Found ShapeMapper profile for 042-HIV-UUCG-ES-80c-a-6-p at  
                    examples/all_mutcounts/mut_count/mut_count___cfg-37e2db4/art
                    ifacts/042-HIV-UUCG-ES-80c-a-6-p/042-HIV-UUCG-ES-80c-a-6-p_0
                    42-HIV-UUCG-ES-80c-a-6-p_profile.txt                        
           INFO     Inserted probe_fmod_run for sample ID 917 (Run ID: 889)     
           INFO     Inserted probe_fmod_run 889 for sample                      
                    042-HIV-UUCG-ES-80c-a-6-p                                   
           INFO     Bulk inserted 76 fmod_vals records.                         
           INFO     Inserted 76 probe_fmod_values records for                   
                    042-HIV-UUCG-ES-80c-a-6-p (modrate).                        
           INFO     Bulk inserted 76 fmod_vals records.                         
           INFO     Inserted 76 probe_fmod_values records for                   
                    042-HIV-UUCG-ES-80c-a-6-p (GAmodrate).                      
           INFO     Wrote per-read histogram for 042-HIV-UUCG-ES-80c-a-6-p      
                    (Modified) to                                               
                    examples/all_mutcounts/mut_count/mut_count___cfg-37e2db4/art
                    ifacts/042-HIV-UUCG-ES-80c-a-6-p/per_read_histogram.txt     
           INFO     Wrote per-read histogram for 042-HIV-UUCG-ES-80c-a-6-p (GA) 
                    to                                                          
                    examples/all_mutcounts/mut_count/mut_count___cfg-37e2db4/art
                    ifacts/042-HIV-UUCG-ES-80c-a-6-p/per_read_histogram.txtga   
           INFO     Found ShapeMapper profile for 071-HIV-UUCG-ES-80c-a-6-m at  
                    examples/all_mutcounts/mut_count/mut_count___cfg-37e2db4/art
                    ifacts/071-HIV-UUCG-ES-80c-a-6-m/071-HIV-UUCG-ES-80c-a-6-m_0
                    71-HIV-UUCG-ES-80c-a-6-m_profile.txt                        
           INFO     Inserted probe_fmod_run for sample ID 1042 (Run ID: 890)    
           INFO     Inserted probe_fmod_run 890 for sample                      
                    071-HIV-UUCG-ES-80c-a-6-m                                   
           INFO     Bulk inserted 76 fmod_vals records.                         
           INFO     Inserted 76 probe_fmod_values records for                   
                    071-HIV-UUCG-ES-80c-a-6-m (modrate).                        
           INFO     Bulk inserted 76 fmod_vals records.                         
           INFO     Inserted 76 probe_fmod_values records for                   
                    071-HIV-UUCG-ES-80c-a-6-m (GAmodrate).                      
           INFO     Wrote per-read histogram for 071-HIV-UUCG-ES-80c-a-6-m      
                    (Modified) to                                               
                    examples/all_mutcounts/mut_count/mut_count___cfg-37e2db4/art
                    ifacts/071-HIV-UUCG-ES-80c-a-6-m/per_read_histogram.txt     
           INFO     Wrote per-read histogram for 071-HIV-UUCG-ES-80c-a-6-m (GA) 
                    to                                                          
                    examples/all_mutcounts/mut_count/mut_count___cfg-37e2db4/art
                    ifacts/071-HIV-UUCG-ES-80c-a-6-m/per_read_histogram.txtga   
           INFO     mut_count completed. Profiles found for 7/7 samples;        
                    ingested 7 run(s).                                          
           INFO     Finished task ID 123 with state 'completed'                 
           INFO     Task 'mut_count' (ID: 123) completed successfully.          
           INFO     Updated 'latest' symlink for task 'mut_count' to point to   
                    /gpfs/projects/b1044/Computational_Output/EKC/EKC.01_SHAPE_s
                    tandardization/EKC.01.065.refactoring_data_analysis/nerd/exa
                    mples/all_mutcounts/mut_count/mut_count___cfg-37e2db4       
