[17:35:18] INFO     Executing 'run' command for step: 'mut_count'               
[17:35:18] INFO     Database schema initialized successfully.                   
           INFO     Created run directory:                                      
                    examples/all_mutcounts/mut_count/mut_count___cfg-2ea3b8a    
           INFO     Executing task 'mut_count' in run directory:                
                    examples/all_mutcounts/mut_count/mut_count___cfg-2ea3b8a    
           INFO     Resolved reaction_group 70_2_11 to 7 sample(s).             
           INFO     Began task 'mut_count' (ID: 95) for rg:110                  
                    (cfg=2ea3b8a1cba78d49485717f26a33d1928ba4ff14173b917c03b8cd8
                    9484a894d)                                                  
           INFO     Starting command (backend=local) in                         
                    examples/all_mutcounts/mut_count/mut_count___cfg-2ea3b8a    
           INFO     Executing command locally. Log file:                        
                    examples/all_mutcounts/mut_count/mut_count___cfg-2ea3b8a/com
                    mand.log                                                    
[17:39:25] INFO     Command finished with exit code: 0                          
           INFO     Logged attempt #1 for task ID 95 (Attempt ID: 83)           
           INFO     Command completed successfully. Consuming outputs.          
           INFO     Found ShapeMapper profile for 067-HIV-A35G-70c-b-1-p at     
                    examples/all_mutcounts/mut_count/mut_count___cfg-2ea3b8a/art
                    ifacts/067-HIV-A35G-70c-b-1-p/067-HIV-A35G-70c-b-1-p_067-HIV
                    -A35G-70c-b-1-p_profile.txt                                 
           INFO     Inserted probe_fmod_run for sample ID 942 (Run ID: 657)     
           INFO     Inserted probe_fmod_run 657 for sample                      
                    067-HIV-A35G-70c-b-1-p                                      
           INFO     Bulk inserted 74 fmod_vals records.                         
           INFO     Inserted 74 probe_fmod_values records for                   
                    067-HIV-A35G-70c-b-1-p (modrate).                           
           INFO     Bulk inserted 74 fmod_vals records.                         
           INFO     Inserted 74 probe_fmod_values records for                   
                    067-HIV-A35G-70c-b-1-p (GAmodrate).                         
           INFO     Wrote per-read histogram for 067-HIV-A35G-70c-b-1-p         
                    (Modified) to                                               
                    examples/all_mutcounts/mut_count/mut_count___cfg-2ea3b8a/art
                    ifacts/067-HIV-A35G-70c-b-1-p/per_read_histogram.txt        
           INFO     Wrote per-read histogram for 067-HIV-A35G-70c-b-1-p (GA) to 
                    examples/all_mutcounts/mut_count/mut_count___cfg-2ea3b8a/art
                    ifacts/067-HIV-A35G-70c-b-1-p/per_read_histogram.txtga      
           INFO     Found ShapeMapper profile for 068-HIV-A35G-70c-b-2-p at     
                    examples/all_mutcounts/mut_count/mut_count___cfg-2ea3b8a/art
                    ifacts/068-HIV-A35G-70c-b-2-p/068-HIV-A35G-70c-b-2-p_068-HIV
                    -A35G-70c-b-2-p_profile.txt                                 
           INFO     Inserted probe_fmod_run for sample ID 943 (Run ID: 658)     
           INFO     Inserted probe_fmod_run 658 for sample                      
                    068-HIV-A35G-70c-b-2-p                                      
           INFO     Bulk inserted 74 fmod_vals records.                         
           INFO     Inserted 74 probe_fmod_values records for                   
                    068-HIV-A35G-70c-b-2-p (modrate).                           
           INFO     Bulk inserted 74 fmod_vals records.                         
           INFO     Inserted 74 probe_fmod_values records for                   
                    068-HIV-A35G-70c-b-2-p (GAmodrate).                         
           INFO     Wrote per-read histogram for 068-HIV-A35G-70c-b-2-p         
                    (Modified) to                                               
                    examples/all_mutcounts/mut_count/mut_count___cfg-2ea3b8a/art
                    ifacts/068-HIV-A35G-70c-b-2-p/per_read_histogram.txt        
           INFO     Wrote per-read histogram for 068-HIV-A35G-70c-b-2-p (GA) to 
                    examples/all_mutcounts/mut_count/mut_count___cfg-2ea3b8a/art
                    ifacts/068-HIV-A35G-70c-b-2-p/per_read_histogram.txtga      
           INFO     Found ShapeMapper profile for 069-HIV-A35G-70c-b-3-p at     
                    examples/all_mutcounts/mut_count/mut_count___cfg-2ea3b8a/art
                    ifacts/069-HIV-A35G-70c-b-3-p/069-HIV-A35G-70c-b-3-p_069-HIV
                    -A35G-70c-b-3-p_profile.txt                                 
           INFO     Inserted probe_fmod_run for sample ID 944 (Run ID: 659)     
           INFO     Inserted probe_fmod_run 659 for sample                      
                    069-HIV-A35G-70c-b-3-p                                      
           INFO     Bulk inserted 74 fmod_vals records.                         
           INFO     Inserted 74 probe_fmod_values records for                   
                    069-HIV-A35G-70c-b-3-p (modrate).                           
           INFO     Bulk inserted 74 fmod_vals records.                         
           INFO     Inserted 74 probe_fmod_values records for                   
                    069-HIV-A35G-70c-b-3-p (GAmodrate).                         
           INFO     Wrote per-read histogram for 069-HIV-A35G-70c-b-3-p         
                    (Modified) to                                               
                    examples/all_mutcounts/mut_count/mut_count___cfg-2ea3b8a/art
                    ifacts/069-HIV-A35G-70c-b-3-p/per_read_histogram.txt        
           INFO     Wrote per-read histogram for 069-HIV-A35G-70c-b-3-p (GA) to 
                    examples/all_mutcounts/mut_count/mut_count___cfg-2ea3b8a/art
                    ifacts/069-HIV-A35G-70c-b-3-p/per_read_histogram.txtga      
           INFO     Found ShapeMapper profile for 070-HIV-A35G-70c-b-4-p at     
                    examples/all_mutcounts/mut_count/mut_count___cfg-2ea3b8a/art
                    ifacts/070-HIV-A35G-70c-b-4-p/070-HIV-A35G-70c-b-4-p_070-HIV
                    -A35G-70c-b-4-p_profile.txt                                 
           INFO     Inserted probe_fmod_run for sample ID 945 (Run ID: 660)     
           INFO     Inserted probe_fmod_run 660 for sample                      
                    070-HIV-A35G-70c-b-4-p                                      
           INFO     Bulk inserted 74 fmod_vals records.                         
           INFO     Inserted 74 probe_fmod_values records for                   
                    070-HIV-A35G-70c-b-4-p (modrate).                           
           INFO     Bulk inserted 74 fmod_vals records.                         
           INFO     Inserted 74 probe_fmod_values records for                   
                    070-HIV-A35G-70c-b-4-p (GAmodrate).                         
           INFO     Wrote per-read histogram for 070-HIV-A35G-70c-b-4-p         
                    (Modified) to                                               
                    examples/all_mutcounts/mut_count/mut_count___cfg-2ea3b8a/art
                    ifacts/070-HIV-A35G-70c-b-4-p/per_read_histogram.txt        
           INFO     Wrote per-read histogram for 070-HIV-A35G-70c-b-4-p (GA) to 
                    examples/all_mutcounts/mut_count/mut_count___cfg-2ea3b8a/art
                    ifacts/070-HIV-A35G-70c-b-4-p/per_read_histogram.txtga      
           INFO     Found ShapeMapper profile for 071-HIV-A35G-70c-b-5-p at     
                    examples/all_mutcounts/mut_count/mut_count___cfg-2ea3b8a/art
                    ifacts/071-HIV-A35G-70c-b-5-p/071-HIV-A35G-70c-b-5-p_071-HIV
                    -A35G-70c-b-5-p_profile.txt                                 
           INFO     Inserted probe_fmod_run for sample ID 946 (Run ID: 661)     
           INFO     Inserted probe_fmod_run 661 for sample                      
                    071-HIV-A35G-70c-b-5-p                                      
           INFO     Bulk inserted 74 fmod_vals records.                         
           INFO     Inserted 74 probe_fmod_values records for                   
                    071-HIV-A35G-70c-b-5-p (modrate).                           
           INFO     Bulk inserted 74 fmod_vals records.                         
           INFO     Inserted 74 probe_fmod_values records for                   
                    071-HIV-A35G-70c-b-5-p (GAmodrate).                         
           INFO     Wrote per-read histogram for 071-HIV-A35G-70c-b-5-p         
                    (Modified) to                                               
                    examples/all_mutcounts/mut_count/mut_count___cfg-2ea3b8a/art
                    ifacts/071-HIV-A35G-70c-b-5-p/per_read_histogram.txt        
           INFO     Wrote per-read histogram for 071-HIV-A35G-70c-b-5-p (GA) to 
                    examples/all_mutcounts/mut_count/mut_count___cfg-2ea3b8a/art
                    ifacts/071-HIV-A35G-70c-b-5-p/per_read_histogram.txtga      
           INFO     Found ShapeMapper profile for 072-HIV-A35G-70c-b-6-p at     
                    examples/all_mutcounts/mut_count/mut_count___cfg-2ea3b8a/art
                    ifacts/072-HIV-A35G-70c-b-6-p/072-HIV-A35G-70c-b-6-p_072-HIV
                    -A35G-70c-b-6-p_profile.txt                                 
           INFO     Inserted probe_fmod_run for sample ID 947 (Run ID: 662)     
           INFO     Inserted probe_fmod_run 662 for sample                      
                    072-HIV-A35G-70c-b-6-p                                      
           INFO     Bulk inserted 74 fmod_vals records.                         
           INFO     Inserted 74 probe_fmod_values records for                   
                    072-HIV-A35G-70c-b-6-p (modrate).                           
           INFO     Bulk inserted 74 fmod_vals records.                         
           INFO     Inserted 74 probe_fmod_values records for                   
                    072-HIV-A35G-70c-b-6-p (GAmodrate).                         
           INFO     Wrote per-read histogram for 072-HIV-A35G-70c-b-6-p         
                    (Modified) to                                               
                    examples/all_mutcounts/mut_count/mut_count___cfg-2ea3b8a/art
                    ifacts/072-HIV-A35G-70c-b-6-p/per_read_histogram.txt        
           INFO     Wrote per-read histogram for 072-HIV-A35G-70c-b-6-p (GA) to 
                    examples/all_mutcounts/mut_count/mut_count___cfg-2ea3b8a/art
                    ifacts/072-HIV-A35G-70c-b-6-p/per_read_histogram.txtga      
           INFO     Found ShapeMapper profile for 076-HIV-A35G-70c-b-6-m at     
                    examples/all_mutcounts/mut_count/mut_count___cfg-2ea3b8a/art
                    ifacts/076-HIV-A35G-70c-b-6-m/076-HIV-A35G-70c-b-6-m_076-HIV
                    -A35G-70c-b-6-m_profile.txt                                 
           INFO     Inserted probe_fmod_run for sample ID 1047 (Run ID: 663)    
           INFO     Inserted probe_fmod_run 663 for sample                      
                    076-HIV-A35G-70c-b-6-m                                      
           INFO     Bulk inserted 74 fmod_vals records.                         
           INFO     Inserted 74 probe_fmod_values records for                   
                    076-HIV-A35G-70c-b-6-m (modrate).                           
           INFO     Bulk inserted 74 fmod_vals records.                         
           INFO     Inserted 74 probe_fmod_values records for                   
                    076-HIV-A35G-70c-b-6-m (GAmodrate).                         
           INFO     Wrote per-read histogram for 076-HIV-A35G-70c-b-6-m         
                    (Modified) to                                               
                    examples/all_mutcounts/mut_count/mut_count___cfg-2ea3b8a/art
                    ifacts/076-HIV-A35G-70c-b-6-m/per_read_histogram.txt        
           INFO     Wrote per-read histogram for 076-HIV-A35G-70c-b-6-m (GA) to 
                    examples/all_mutcounts/mut_count/mut_count___cfg-2ea3b8a/art
                    ifacts/076-HIV-A35G-70c-b-6-m/per_read_histogram.txtga      
           INFO     mut_count completed. Profiles found for 7/7 samples;        
                    ingested 7 run(s).                                          
           INFO     Finished task ID 95 with state 'completed'                  
           INFO     Task 'mut_count' (ID: 95) completed successfully.           
           INFO     Updated 'latest' symlink for task 'mut_count' to point to   
                    /gpfs/projects/b1044/Computational_Output/EKC/EKC.01_SHAPE_s
                    tandardization/EKC.01.065.refactoring_data_analysis/nerd/exa
                    mples/all_mutcounts/mut_count/mut_count___cfg-2ea3b8a       
