[17:33:02] INFO     Executing 'run' command for step: 'mut_count'               
[17:33:02] INFO     Database schema initialized successfully.                   
           INFO     Created run directory:                                      
                    examples/all_mutcounts/mut_count/mut_count___cfg-2330671    
           INFO     Executing task 'mut_count' in run directory:                
                    examples/all_mutcounts/mut_count/mut_count___cfg-2330671    
           INFO     Resolved reaction_group 70_1_15 to 7 sample(s).             
           INFO     Began task 'mut_count' (ID: 92) for rg:85                   
                    (cfg=2330671c3c6a45614d9e02ef066a367f7a28bef607eb95ad945eea1
                    1d61fe99e)                                                  
           INFO     Starting command (backend=local) in                         
                    examples/all_mutcounts/mut_count/mut_count___cfg-2330671    
           INFO     Executing command locally. Log file:                        
                    examples/all_mutcounts/mut_count/mut_count___cfg-2330671/com
                    mand.log                                                    
[17:38:03] INFO     Command finished with exit code: 0                          
           INFO     Logged attempt #1 for task ID 92 (Attempt ID: 81)           
           INFO     Command completed successfully. Consuming outputs.          
           INFO     Found ShapeMapper profile for 013-HIV-WT-70c-a-1-p at       
                    examples/all_mutcounts/mut_count/mut_count___cfg-2330671/art
                    ifacts/013-HIV-WT-70c-a-1-p/013-HIV-WT-70c-a-1-p_013-HIV-WT-
                    70c-a-1-p_profile.txt                                       
           INFO     Inserted probe_fmod_run for sample ID 792 (Run ID: 643)     
           INFO     Inserted probe_fmod_run 643 for sample 013-HIV-WT-70c-a-1-p 
           INFO     Bulk inserted 74 fmod_vals records.                         
           INFO     Inserted 74 probe_fmod_values records for                   
                    013-HIV-WT-70c-a-1-p (modrate).                             
           INFO     Bulk inserted 74 fmod_vals records.                         
           INFO     Inserted 74 probe_fmod_values records for                   
                    013-HIV-WT-70c-a-1-p (GAmodrate).                           
           INFO     Wrote per-read histogram for 013-HIV-WT-70c-a-1-p (Modified)
                    to                                                          
                    examples/all_mutcounts/mut_count/mut_count___cfg-2330671/art
                    ifacts/013-HIV-WT-70c-a-1-p/per_read_histogram.txt          
           INFO     Wrote per-read histogram for 013-HIV-WT-70c-a-1-p (GA) to   
                    examples/all_mutcounts/mut_count/mut_count___cfg-2330671/art
                    ifacts/013-HIV-WT-70c-a-1-p/per_read_histogram.txtga        
           INFO     Found ShapeMapper profile for 014-HIV-WT-70c-a-2-p at       
                    examples/all_mutcounts/mut_count/mut_count___cfg-2330671/art
                    ifacts/014-HIV-WT-70c-a-2-p/014-HIV-WT-70c-a-2-p_014-HIV-WT-
                    70c-a-2-p_profile.txt                                       
           INFO     Inserted probe_fmod_run for sample ID 793 (Run ID: 644)     
           INFO     Inserted probe_fmod_run 644 for sample 014-HIV-WT-70c-a-2-p 
           INFO     Bulk inserted 74 fmod_vals records.                         
           INFO     Inserted 74 probe_fmod_values records for                   
                    014-HIV-WT-70c-a-2-p (modrate).                             
           INFO     Bulk inserted 74 fmod_vals records.                         
           INFO     Inserted 74 probe_fmod_values records for                   
                    014-HIV-WT-70c-a-2-p (GAmodrate).                           
           INFO     Wrote per-read histogram for 014-HIV-WT-70c-a-2-p (Modified)
                    to                                                          
                    examples/all_mutcounts/mut_count/mut_count___cfg-2330671/art
                    ifacts/014-HIV-WT-70c-a-2-p/per_read_histogram.txt          
           INFO     Wrote per-read histogram for 014-HIV-WT-70c-a-2-p (GA) to   
                    examples/all_mutcounts/mut_count/mut_count___cfg-2330671/art
                    ifacts/014-HIV-WT-70c-a-2-p/per_read_histogram.txtga        
           INFO     Found ShapeMapper profile for 015-HIV-WT-70c-a-3-p at       
                    examples/all_mutcounts/mut_count/mut_count___cfg-2330671/art
                    ifacts/015-HIV-WT-70c-a-3-p/015-HIV-WT-70c-a-3-p_015-HIV-WT-
                    70c-a-3-p_profile.txt                                       
           INFO     Inserted probe_fmod_run for sample ID 794 (Run ID: 645)     
           INFO     Inserted probe_fmod_run 645 for sample 015-HIV-WT-70c-a-3-p 
           INFO     Bulk inserted 74 fmod_vals records.                         
           INFO     Inserted 74 probe_fmod_values records for                   
                    015-HIV-WT-70c-a-3-p (modrate).                             
           INFO     Bulk inserted 74 fmod_vals records.                         
           INFO     Inserted 74 probe_fmod_values records for                   
                    015-HIV-WT-70c-a-3-p (GAmodrate).                           
           INFO     Wrote per-read histogram for 015-HIV-WT-70c-a-3-p (Modified)
                    to                                                          
                    examples/all_mutcounts/mut_count/mut_count___cfg-2330671/art
                    ifacts/015-HIV-WT-70c-a-3-p/per_read_histogram.txt          
           INFO     Wrote per-read histogram for 015-HIV-WT-70c-a-3-p (GA) to   
                    examples/all_mutcounts/mut_count/mut_count___cfg-2330671/art
                    ifacts/015-HIV-WT-70c-a-3-p/per_read_histogram.txtga        
           INFO     Found ShapeMapper profile for 016-HIV-WT-70c-a-4-p at       
                    examples/all_mutcounts/mut_count/mut_count___cfg-2330671/art
                    ifacts/016-HIV-WT-70c-a-4-p/016-HIV-WT-70c-a-4-p_016-HIV-WT-
                    70c-a-4-p_profile.txt                                       
           INFO     Inserted probe_fmod_run for sample ID 795 (Run ID: 646)     
           INFO     Inserted probe_fmod_run 646 for sample 016-HIV-WT-70c-a-4-p 
           INFO     Bulk inserted 74 fmod_vals records.                         
           INFO     Inserted 74 probe_fmod_values records for                   
                    016-HIV-WT-70c-a-4-p (modrate).                             
           INFO     Bulk inserted 74 fmod_vals records.                         
           INFO     Inserted 74 probe_fmod_values records for                   
                    016-HIV-WT-70c-a-4-p (GAmodrate).                           
           INFO     Wrote per-read histogram for 016-HIV-WT-70c-a-4-p (Modified)
                    to                                                          
                    examples/all_mutcounts/mut_count/mut_count___cfg-2330671/art
                    ifacts/016-HIV-WT-70c-a-4-p/per_read_histogram.txt          
           INFO     Wrote per-read histogram for 016-HIV-WT-70c-a-4-p (GA) to   
                    examples/all_mutcounts/mut_count/mut_count___cfg-2330671/art
                    ifacts/016-HIV-WT-70c-a-4-p/per_read_histogram.txtga        
           INFO     Found ShapeMapper profile for 017-HIV-WT-70c-a-5-p at       
                    examples/all_mutcounts/mut_count/mut_count___cfg-2330671/art
                    ifacts/017-HIV-WT-70c-a-5-p/017-HIV-WT-70c-a-5-p_017-HIV-WT-
                    70c-a-5-p_profile.txt                                       
           INFO     Inserted probe_fmod_run for sample ID 796 (Run ID: 647)     
           INFO     Inserted probe_fmod_run 647 for sample 017-HIV-WT-70c-a-5-p 
           INFO     Bulk inserted 74 fmod_vals records.                         
           INFO     Inserted 74 probe_fmod_values records for                   
                    017-HIV-WT-70c-a-5-p (modrate).                             
           INFO     Bulk inserted 74 fmod_vals records.                         
           INFO     Inserted 74 probe_fmod_values records for                   
                    017-HIV-WT-70c-a-5-p (GAmodrate).                           
           INFO     Wrote per-read histogram for 017-HIV-WT-70c-a-5-p (Modified)
                    to                                                          
                    examples/all_mutcounts/mut_count/mut_count___cfg-2330671/art
                    ifacts/017-HIV-WT-70c-a-5-p/per_read_histogram.txt          
           INFO     Wrote per-read histogram for 017-HIV-WT-70c-a-5-p (GA) to   
                    examples/all_mutcounts/mut_count/mut_count___cfg-2330671/art
                    ifacts/017-HIV-WT-70c-a-5-p/per_read_histogram.txtga        
           INFO     Found ShapeMapper profile for 018-HIV-WT-70c-a-6-p at       
                    examples/all_mutcounts/mut_count/mut_count___cfg-2330671/art
                    ifacts/018-HIV-WT-70c-a-6-p/018-HIV-WT-70c-a-6-p_018-HIV-WT-
                    70c-a-6-p_profile.txt                                       
           INFO     Inserted probe_fmod_run for sample ID 797 (Run ID: 648)     
           INFO     Inserted probe_fmod_run 648 for sample 018-HIV-WT-70c-a-6-p 
           INFO     Bulk inserted 74 fmod_vals records.                         
           INFO     Inserted 74 probe_fmod_values records for                   
                    018-HIV-WT-70c-a-6-p (modrate).                             
           INFO     Bulk inserted 74 fmod_vals records.                         
           INFO     Inserted 74 probe_fmod_values records for                   
                    018-HIV-WT-70c-a-6-p (GAmodrate).                           
           INFO     Wrote per-read histogram for 018-HIV-WT-70c-a-6-p (Modified)
                    to                                                          
                    examples/all_mutcounts/mut_count/mut_count___cfg-2330671/art
                    ifacts/018-HIV-WT-70c-a-6-p/per_read_histogram.txt          
           INFO     Wrote per-read histogram for 018-HIV-WT-70c-a-6-p (GA) to   
                    examples/all_mutcounts/mut_count/mut_count___cfg-2330671/art
                    ifacts/018-HIV-WT-70c-a-6-p/per_read_histogram.txtga        
           INFO     Found ShapeMapper profile for 051-HIV-WT-70c-a-6-m at       
                    examples/all_mutcounts/mut_count/mut_count___cfg-2330671/art
                    ifacts/051-HIV-WT-70c-a-6-m/051-HIV-WT-70c-a-6-m_051-HIV-WT-
                    70c-a-6-m_profile.txt                                       
           INFO     Inserted probe_fmod_run for sample ID 1022 (Run ID: 649)    
           INFO     Inserted probe_fmod_run 649 for sample 051-HIV-WT-70c-a-6-m 
           INFO     Bulk inserted 74 fmod_vals records.                         
           INFO     Inserted 74 probe_fmod_values records for                   
                    051-HIV-WT-70c-a-6-m (modrate).                             
           INFO     Bulk inserted 74 fmod_vals records.                         
           INFO     Inserted 74 probe_fmod_values records for                   
                    051-HIV-WT-70c-a-6-m (GAmodrate).                           
           INFO     Wrote per-read histogram for 051-HIV-WT-70c-a-6-m (Modified)
                    to                                                          
                    examples/all_mutcounts/mut_count/mut_count___cfg-2330671/art
                    ifacts/051-HIV-WT-70c-a-6-m/per_read_histogram.txt          
           INFO     Wrote per-read histogram for 051-HIV-WT-70c-a-6-m (GA) to   
                    examples/all_mutcounts/mut_count/mut_count___cfg-2330671/art
                    ifacts/051-HIV-WT-70c-a-6-m/per_read_histogram.txtga        
           INFO     mut_count completed. Profiles found for 7/7 samples;        
                    ingested 7 run(s).                                          
           INFO     Finished task ID 92 with state 'completed'                  
           INFO     Task 'mut_count' (ID: 92) completed successfully.           
           INFO     Updated 'latest' symlink for task 'mut_count' to point to   
                    /gpfs/projects/b1044/Computational_Output/EKC/EKC.01_SHAPE_s
                    tandardization/EKC.01.065.refactoring_data_analysis/nerd/exa
                    mples/all_mutcounts/mut_count/mut_count___cfg-2330671       
