[15:51:12] INFO     Executing 'run' command for step: 'mut_count'               
[15:51:12] INFO     Database schema initialized successfully.                   
           INFO     Created run directory:                                      
                    examples/all_mutcounts/mut_count/mut_count___cfg-760bd06    
           INFO     Executing task 'mut_count' in run directory:                
                    examples/all_mutcounts/mut_count/mut_count___cfg-760bd06    
           INFO     Resolved reaction_group 4 to 7 sample(s).                   
           INFO     Began task 'mut_count' (ID: 61) for rg:126                  
                    (cfg=760bd0670888b658966d3ccaedfe88165435c62a96be9aada8f98c2
                    f45b677c7)                                                  
           INFO     Starting command (backend=local) in                         
                    examples/all_mutcounts/mut_count/mut_count___cfg-760bd06    
           INFO     Executing command locally. Log file:                        
                    examples/all_mutcounts/mut_count/mut_count___cfg-760bd06/com
                    mand.log                                                    
[15:59:02] INFO     Command finished with exit code: 0                          
           INFO     Logged attempt #1 for task ID 61 (Attempt ID: 47)           
           INFO     Command completed successfully. Consuming outputs.          
           INFO     Found ShapeMapper profile for                               
                    022_P4P6_WT_bc_5mMMgMRTpH83_tp1_p at                        
                    examples/all_mutcounts/mut_count/mut_count___cfg-760bd06/art
                    ifacts/022_P4P6_WT_bc_5mMMgMRTpH83_tp1_p/022_P4P6_WT_bc_5mMM
                    gMRTpH83_tp1_p_022_P4P6_WT_bc_5mMMgMRTpH83_tp1_p_profile.txt
           INFO     Inserted probe_fmod_run for sample ID 1081 (Run ID: 345)    
           INFO     Inserted probe_fmod_run 345 for sample                      
                    022_P4P6_WT_bc_5mMMgMRTpH83_tp1_p                           
           INFO     Bulk inserted 241 fmod_vals records.                        
           INFO     Inserted 241 probe_fmod_values records for                  
                    022_P4P6_WT_bc_5mMMgMRTpH83_tp1_p (modrate).                
           INFO     Bulk inserted 241 fmod_vals records.                        
           INFO     Inserted 241 probe_fmod_values records for                  
                    022_P4P6_WT_bc_5mMMgMRTpH83_tp1_p (GAmodrate).              
           INFO     Wrote per-read histogram for                                
                    022_P4P6_WT_bc_5mMMgMRTpH83_tp1_p (Modified) to             
                    examples/all_mutcounts/mut_count/mut_count___cfg-760bd06/art
                    ifacts/022_P4P6_WT_bc_5mMMgMRTpH83_tp1_p/per_read_histogram.
                    txt                                                         
           INFO     Wrote per-read histogram for                                
                    022_P4P6_WT_bc_5mMMgMRTpH83_tp1_p (GA) to                   
                    examples/all_mutcounts/mut_count/mut_count___cfg-760bd06/art
                    ifacts/022_P4P6_WT_bc_5mMMgMRTpH83_tp1_p/per_read_histogram.
                    txtga                                                       
           INFO     Found ShapeMapper profile for                               
                    023_P4P6_WT_bc_5mMMgMRTpH83_tp2_p at                        
                    examples/all_mutcounts/mut_count/mut_count___cfg-760bd06/art
                    ifacts/023_P4P6_WT_bc_5mMMgMRTpH83_tp2_p/023_P4P6_WT_bc_5mMM
                    gMRTpH83_tp2_p_023_P4P6_WT_bc_5mMMgMRTpH83_tp2_p_profile.txt
           INFO     Inserted probe_fmod_run for sample ID 1082 (Run ID: 346)    
           INFO     Inserted probe_fmod_run 346 for sample                      
                    023_P4P6_WT_bc_5mMMgMRTpH83_tp2_p                           
           INFO     Bulk inserted 241 fmod_vals records.                        
           INFO     Inserted 241 probe_fmod_values records for                  
                    023_P4P6_WT_bc_5mMMgMRTpH83_tp2_p (modrate).                
           INFO     Bulk inserted 241 fmod_vals records.                        
           INFO     Inserted 241 probe_fmod_values records for                  
                    023_P4P6_WT_bc_5mMMgMRTpH83_tp2_p (GAmodrate).              
           INFO     Wrote per-read histogram for                                
                    023_P4P6_WT_bc_5mMMgMRTpH83_tp2_p (Modified) to             
                    examples/all_mutcounts/mut_count/mut_count___cfg-760bd06/art
                    ifacts/023_P4P6_WT_bc_5mMMgMRTpH83_tp2_p/per_read_histogram.
                    txt                                                         
           INFO     Wrote per-read histogram for                                
                    023_P4P6_WT_bc_5mMMgMRTpH83_tp2_p (GA) to                   
                    examples/all_mutcounts/mut_count/mut_count___cfg-760bd06/art
                    ifacts/023_P4P6_WT_bc_5mMMgMRTpH83_tp2_p/per_read_histogram.
                    txtga                                                       
           INFO     Found ShapeMapper profile for                               
                    024_P4P6_WT_bc_5mMMgMRTpH83_tp3_p at                        
                    examples/all_mutcounts/mut_count/mut_count___cfg-760bd06/art
                    ifacts/024_P4P6_WT_bc_5mMMgMRTpH83_tp3_p/024_P4P6_WT_bc_5mMM
                    gMRTpH83_tp3_p_024_P4P6_WT_bc_5mMMgMRTpH83_tp3_p_profile.txt
           INFO     Inserted probe_fmod_run for sample ID 1083 (Run ID: 347)    
           INFO     Inserted probe_fmod_run 347 for sample                      
                    024_P4P6_WT_bc_5mMMgMRTpH83_tp3_p                           
           INFO     Bulk inserted 241 fmod_vals records.                        
           INFO     Inserted 241 probe_fmod_values records for                  
                    024_P4P6_WT_bc_5mMMgMRTpH83_tp3_p (modrate).                
           INFO     Bulk inserted 241 fmod_vals records.                        
           INFO     Inserted 241 probe_fmod_values records for                  
                    024_P4P6_WT_bc_5mMMgMRTpH83_tp3_p (GAmodrate).              
           INFO     Wrote per-read histogram for                                
                    024_P4P6_WT_bc_5mMMgMRTpH83_tp3_p (Modified) to             
                    examples/all_mutcounts/mut_count/mut_count___cfg-760bd06/art
                    ifacts/024_P4P6_WT_bc_5mMMgMRTpH83_tp3_p/per_read_histogram.
                    txt                                                         
           INFO     Wrote per-read histogram for                                
                    024_P4P6_WT_bc_5mMMgMRTpH83_tp3_p (GA) to                   
                    examples/all_mutcounts/mut_count/mut_count___cfg-760bd06/art
                    ifacts/024_P4P6_WT_bc_5mMMgMRTpH83_tp3_p/per_read_histogram.
                    txtga                                                       
[15:59:03] INFO     Found ShapeMapper profile for                               
                    025_P4P6_WT_bc_5mMMgMRTpH83_tp4_p at                        
                    examples/all_mutcounts/mut_count/mut_count___cfg-760bd06/art
                    ifacts/025_P4P6_WT_bc_5mMMgMRTpH83_tp4_p/025_P4P6_WT_bc_5mMM
                    gMRTpH83_tp4_p_025_P4P6_WT_bc_5mMMgMRTpH83_tp4_p_profile.txt
           INFO     Inserted probe_fmod_run for sample ID 1084 (Run ID: 348)    
           INFO     Inserted probe_fmod_run 348 for sample                      
                    025_P4P6_WT_bc_5mMMgMRTpH83_tp4_p                           
           INFO     Bulk inserted 241 fmod_vals records.                        
           INFO     Inserted 241 probe_fmod_values records for                  
                    025_P4P6_WT_bc_5mMMgMRTpH83_tp4_p (modrate).                
           INFO     Bulk inserted 241 fmod_vals records.                        
           INFO     Inserted 241 probe_fmod_values records for                  
                    025_P4P6_WT_bc_5mMMgMRTpH83_tp4_p (GAmodrate).              
           INFO     Wrote per-read histogram for                                
                    025_P4P6_WT_bc_5mMMgMRTpH83_tp4_p (Modified) to             
                    examples/all_mutcounts/mut_count/mut_count___cfg-760bd06/art
                    ifacts/025_P4P6_WT_bc_5mMMgMRTpH83_tp4_p/per_read_histogram.
                    txt                                                         
           INFO     Wrote per-read histogram for                                
                    025_P4P6_WT_bc_5mMMgMRTpH83_tp4_p (GA) to                   
                    examples/all_mutcounts/mut_count/mut_count___cfg-760bd06/art
                    ifacts/025_P4P6_WT_bc_5mMMgMRTpH83_tp4_p/per_read_histogram.
                    txtga                                                       
           INFO     Found ShapeMapper profile for                               
                    026_P4P6_WT_bc_5mMMgMRTpH83_tp5_p at                        
                    examples/all_mutcounts/mut_count/mut_count___cfg-760bd06/art
                    ifacts/026_P4P6_WT_bc_5mMMgMRTpH83_tp5_p/026_P4P6_WT_bc_5mMM
                    gMRTpH83_tp5_p_026_P4P6_WT_bc_5mMMgMRTpH83_tp5_p_profile.txt
           INFO     Inserted probe_fmod_run for sample ID 1085 (Run ID: 349)    
           INFO     Inserted probe_fmod_run 349 for sample                      
                    026_P4P6_WT_bc_5mMMgMRTpH83_tp5_p                           
           INFO     Bulk inserted 241 fmod_vals records.                        
           INFO     Inserted 241 probe_fmod_values records for                  
                    026_P4P6_WT_bc_5mMMgMRTpH83_tp5_p (modrate).                
           INFO     Bulk inserted 241 fmod_vals records.                        
           INFO     Inserted 241 probe_fmod_values records for                  
                    026_P4P6_WT_bc_5mMMgMRTpH83_tp5_p (GAmodrate).              
           INFO     Wrote per-read histogram for                                
                    026_P4P6_WT_bc_5mMMgMRTpH83_tp5_p (Modified) to             
                    examples/all_mutcounts/mut_count/mut_count___cfg-760bd06/art
                    ifacts/026_P4P6_WT_bc_5mMMgMRTpH83_tp5_p/per_read_histogram.
                    txt                                                         
           INFO     Wrote per-read histogram for                                
                    026_P4P6_WT_bc_5mMMgMRTpH83_tp5_p (GA) to                   
                    examples/all_mutcounts/mut_count/mut_count___cfg-760bd06/art
                    ifacts/026_P4P6_WT_bc_5mMMgMRTpH83_tp5_p/per_read_histogram.
                    txtga                                                       
           INFO     Found ShapeMapper profile for                               
                    027_P4P6_WT_bc_5mMMgMRTpH83_tp6_p at                        
                    examples/all_mutcounts/mut_count/mut_count___cfg-760bd06/art
                    ifacts/027_P4P6_WT_bc_5mMMgMRTpH83_tp6_p/027_P4P6_WT_bc_5mMM
                    gMRTpH83_tp6_p_027_P4P6_WT_bc_5mMMgMRTpH83_tp6_p_profile.txt
           INFO     Inserted probe_fmod_run for sample ID 1086 (Run ID: 350)    
           INFO     Inserted probe_fmod_run 350 for sample                      
                    027_P4P6_WT_bc_5mMMgMRTpH83_tp6_p                           
           INFO     Bulk inserted 241 fmod_vals records.                        
           INFO     Inserted 241 probe_fmod_values records for                  
                    027_P4P6_WT_bc_5mMMgMRTpH83_tp6_p (modrate).                
           INFO     Bulk inserted 241 fmod_vals records.                        
           INFO     Inserted 241 probe_fmod_values records for                  
                    027_P4P6_WT_bc_5mMMgMRTpH83_tp6_p (GAmodrate).              
           INFO     Wrote per-read histogram for                                
                    027_P4P6_WT_bc_5mMMgMRTpH83_tp6_p (Modified) to             
                    examples/all_mutcounts/mut_count/mut_count___cfg-760bd06/art
                    ifacts/027_P4P6_WT_bc_5mMMgMRTpH83_tp6_p/per_read_histogram.
                    txt                                                         
           INFO     Wrote per-read histogram for                                
                    027_P4P6_WT_bc_5mMMgMRTpH83_tp6_p (GA) to                   
                    examples/all_mutcounts/mut_count/mut_count___cfg-760bd06/art
                    ifacts/027_P4P6_WT_bc_5mMMgMRTpH83_tp6_p/per_read_histogram.
                    txtga                                                       
           INFO     Found ShapeMapper profile for                               
                    028_P4P6_WT_bc_5mMMgMRTpH83_tp6_m at                        
                    examples/all_mutcounts/mut_count/mut_count___cfg-760bd06/art
                    ifacts/028_P4P6_WT_bc_5mMMgMRTpH83_tp6_m/028_P4P6_WT_bc_5mMM
                    gMRTpH83_tp6_m_028_P4P6_WT_bc_5mMMgMRTpH83_tp6_m_profile.txt
           INFO     Inserted probe_fmod_run for sample ID 1087 (Run ID: 351)    
           INFO     Inserted probe_fmod_run 351 for sample                      
                    028_P4P6_WT_bc_5mMMgMRTpH83_tp6_m                           
           INFO     Bulk inserted 241 fmod_vals records.                        
           INFO     Inserted 241 probe_fmod_values records for                  
                    028_P4P6_WT_bc_5mMMgMRTpH83_tp6_m (modrate).                
           INFO     Bulk inserted 241 fmod_vals records.                        
           INFO     Inserted 241 probe_fmod_values records for                  
                    028_P4P6_WT_bc_5mMMgMRTpH83_tp6_m (GAmodrate).              
           INFO     Wrote per-read histogram for                                
                    028_P4P6_WT_bc_5mMMgMRTpH83_tp6_m (Modified) to             
                    examples/all_mutcounts/mut_count/mut_count___cfg-760bd06/art
                    ifacts/028_P4P6_WT_bc_5mMMgMRTpH83_tp6_m/per_read_histogram.
                    txt                                                         
           INFO     Wrote per-read histogram for                                
                    028_P4P6_WT_bc_5mMMgMRTpH83_tp6_m (GA) to                   
                    examples/all_mutcounts/mut_count/mut_count___cfg-760bd06/art
                    ifacts/028_P4P6_WT_bc_5mMMgMRTpH83_tp6_m/per_read_histogram.
                    txtga                                                       
           INFO     mut_count completed. Profiles found for 7/7 samples;        
                    ingested 7 run(s).                                          
           INFO     Finished task ID 61 with state 'completed'                  
           INFO     Task 'mut_count' (ID: 61) completed successfully.           
           INFO     Updated 'latest' symlink for task 'mut_count' to point to   
                    /gpfs/projects/b1044/Computational_Output/EKC/EKC.01_SHAPE_s
                    tandardization/EKC.01.065.refactoring_data_analysis/nerd/exa
                    mples/all_mutcounts/mut_count/mut_count___cfg-760bd06       
