[17:38:05] INFO     Executing 'run' command for step: 'mut_count'               
[17:38:05] INFO     Database schema initialized successfully.                   
           INFO     Created run directory:                                      
                    examples/all_mutcounts/mut_count/mut_count___cfg-51dffd6    
           INFO     Executing task 'mut_count' in run directory:                
                    examples/all_mutcounts/mut_count/mut_count___cfg-51dffd6    
           INFO     Resolved reaction_group 70_2_15 to 7 sample(s).             
           INFO     Began task 'mut_count' (ID: 99) for rg:86                   
                    (cfg=51dffd6132446ceab8331875fd570a38bf2546745593ba89a1fead3
                    ee699a9aa)                                                  
           INFO     Starting command (backend=local) in                         
                    examples/all_mutcounts/mut_count/mut_count___cfg-51dffd6    
           INFO     Executing command locally. Log file:                        
                    examples/all_mutcounts/mut_count/mut_count___cfg-51dffd6/com
                    mand.log                                                    
[17:43:36] INFO     Command finished with exit code: 0                          
           INFO     Logged attempt #1 for task ID 99 (Attempt ID: 88)           
           INFO     Command completed successfully. Consuming outputs.          
           INFO     Found ShapeMapper profile for 019-HIV-WT-70c-b-1-p at       
                    examples/all_mutcounts/mut_count/mut_count___cfg-51dffd6/art
                    ifacts/019-HIV-WT-70c-b-1-p/019-HIV-WT-70c-b-1-p_019-HIV-WT-
                    70c-b-1-p_profile.txt                                       
           INFO     Inserted probe_fmod_run for sample ID 798 (Run ID: 692)     
           INFO     Inserted probe_fmod_run 692 for sample 019-HIV-WT-70c-b-1-p 
           INFO     Bulk inserted 74 fmod_vals records.                         
           INFO     Inserted 74 probe_fmod_values records for                   
                    019-HIV-WT-70c-b-1-p (modrate).                             
           INFO     Bulk inserted 74 fmod_vals records.                         
           INFO     Inserted 74 probe_fmod_values records for                   
                    019-HIV-WT-70c-b-1-p (GAmodrate).                           
           INFO     Wrote per-read histogram for 019-HIV-WT-70c-b-1-p (Modified)
                    to                                                          
                    examples/all_mutcounts/mut_count/mut_count___cfg-51dffd6/art
                    ifacts/019-HIV-WT-70c-b-1-p/per_read_histogram.txt          
           INFO     Wrote per-read histogram for 019-HIV-WT-70c-b-1-p (GA) to   
                    examples/all_mutcounts/mut_count/mut_count___cfg-51dffd6/art
                    ifacts/019-HIV-WT-70c-b-1-p/per_read_histogram.txtga        
           INFO     Found ShapeMapper profile for 020-HIV-WT-70c-b-2-p at       
                    examples/all_mutcounts/mut_count/mut_count___cfg-51dffd6/art
                    ifacts/020-HIV-WT-70c-b-2-p/020-HIV-WT-70c-b-2-p_020-HIV-WT-
                    70c-b-2-p_profile.txt                                       
           INFO     Inserted probe_fmod_run for sample ID 799 (Run ID: 693)     
           INFO     Inserted probe_fmod_run 693 for sample 020-HIV-WT-70c-b-2-p 
           INFO     Bulk inserted 74 fmod_vals records.                         
           INFO     Inserted 74 probe_fmod_values records for                   
                    020-HIV-WT-70c-b-2-p (modrate).                             
           INFO     Bulk inserted 74 fmod_vals records.                         
           INFO     Inserted 74 probe_fmod_values records for                   
                    020-HIV-WT-70c-b-2-p (GAmodrate).                           
           INFO     Wrote per-read histogram for 020-HIV-WT-70c-b-2-p (Modified)
                    to                                                          
                    examples/all_mutcounts/mut_count/mut_count___cfg-51dffd6/art
                    ifacts/020-HIV-WT-70c-b-2-p/per_read_histogram.txt          
           INFO     Wrote per-read histogram for 020-HIV-WT-70c-b-2-p (GA) to   
                    examples/all_mutcounts/mut_count/mut_count___cfg-51dffd6/art
                    ifacts/020-HIV-WT-70c-b-2-p/per_read_histogram.txtga        
           INFO     Found ShapeMapper profile for 021-HIV-WT-70c-b-3-p at       
                    examples/all_mutcounts/mut_count/mut_count___cfg-51dffd6/art
                    ifacts/021-HIV-WT-70c-b-3-p/021-HIV-WT-70c-b-3-p_021-HIV-WT-
                    70c-b-3-p_profile.txt                                       
           INFO     Inserted probe_fmod_run for sample ID 800 (Run ID: 694)     
           INFO     Inserted probe_fmod_run 694 for sample 021-HIV-WT-70c-b-3-p 
           INFO     Bulk inserted 74 fmod_vals records.                         
           INFO     Inserted 74 probe_fmod_values records for                   
                    021-HIV-WT-70c-b-3-p (modrate).                             
           INFO     Bulk inserted 74 fmod_vals records.                         
           INFO     Inserted 74 probe_fmod_values records for                   
                    021-HIV-WT-70c-b-3-p (GAmodrate).                           
           INFO     Wrote per-read histogram for 021-HIV-WT-70c-b-3-p (Modified)
                    to                                                          
                    examples/all_mutcounts/mut_count/mut_count___cfg-51dffd6/art
                    ifacts/021-HIV-WT-70c-b-3-p/per_read_histogram.txt          
           INFO     Wrote per-read histogram for 021-HIV-WT-70c-b-3-p (GA) to   
                    examples/all_mutcounts/mut_count/mut_count___cfg-51dffd6/art
                    ifacts/021-HIV-WT-70c-b-3-p/per_read_histogram.txtga        
           INFO     Found ShapeMapper profile for 022-HIV-WT-70c-b-4-p at       
                    examples/all_mutcounts/mut_count/mut_count___cfg-51dffd6/art
                    ifacts/022-HIV-WT-70c-b-4-p/022-HIV-WT-70c-b-4-p_022-HIV-WT-
                    70c-b-4-p_profile.txt                                       
           INFO     Inserted probe_fmod_run for sample ID 801 (Run ID: 695)     
           INFO     Inserted probe_fmod_run 695 for sample 022-HIV-WT-70c-b-4-p 
[17:43:37] INFO     Bulk inserted 74 fmod_vals records.                         
           INFO     Inserted 74 probe_fmod_values records for                   
                    022-HIV-WT-70c-b-4-p (modrate).                             
           INFO     Bulk inserted 74 fmod_vals records.                         
           INFO     Inserted 74 probe_fmod_values records for                   
                    022-HIV-WT-70c-b-4-p (GAmodrate).                           
           INFO     Wrote per-read histogram for 022-HIV-WT-70c-b-4-p (Modified)
                    to                                                          
                    examples/all_mutcounts/mut_count/mut_count___cfg-51dffd6/art
                    ifacts/022-HIV-WT-70c-b-4-p/per_read_histogram.txt          
           INFO     Wrote per-read histogram for 022-HIV-WT-70c-b-4-p (GA) to   
                    examples/all_mutcounts/mut_count/mut_count___cfg-51dffd6/art
                    ifacts/022-HIV-WT-70c-b-4-p/per_read_histogram.txtga        
           INFO     Found ShapeMapper profile for 023-HIV-WT-70c-b-5-p at       
                    examples/all_mutcounts/mut_count/mut_count___cfg-51dffd6/art
                    ifacts/023-HIV-WT-70c-b-5-p/023-HIV-WT-70c-b-5-p_023-HIV-WT-
                    70c-b-5-p_profile.txt                                       
           INFO     Inserted probe_fmod_run for sample ID 802 (Run ID: 696)     
           INFO     Inserted probe_fmod_run 696 for sample 023-HIV-WT-70c-b-5-p 
           INFO     Bulk inserted 74 fmod_vals records.                         
           INFO     Inserted 74 probe_fmod_values records for                   
                    023-HIV-WT-70c-b-5-p (modrate).                             
           INFO     Bulk inserted 74 fmod_vals records.                         
           INFO     Inserted 74 probe_fmod_values records for                   
                    023-HIV-WT-70c-b-5-p (GAmodrate).                           
           INFO     Wrote per-read histogram for 023-HIV-WT-70c-b-5-p (Modified)
                    to                                                          
                    examples/all_mutcounts/mut_count/mut_count___cfg-51dffd6/art
                    ifacts/023-HIV-WT-70c-b-5-p/per_read_histogram.txt          
           INFO     Wrote per-read histogram for 023-HIV-WT-70c-b-5-p (GA) to   
                    examples/all_mutcounts/mut_count/mut_count___cfg-51dffd6/art
                    ifacts/023-HIV-WT-70c-b-5-p/per_read_histogram.txtga        
           INFO     Found ShapeMapper profile for 024-HIV-WT-70c-b-6-p at       
                    examples/all_mutcounts/mut_count/mut_count___cfg-51dffd6/art
                    ifacts/024-HIV-WT-70c-b-6-p/024-HIV-WT-70c-b-6-p_024-HIV-WT-
                    70c-b-6-p_profile.txt                                       
           INFO     Inserted probe_fmod_run for sample ID 803 (Run ID: 697)     
           INFO     Inserted probe_fmod_run 697 for sample 024-HIV-WT-70c-b-6-p 
           INFO     Bulk inserted 74 fmod_vals records.                         
           INFO     Inserted 74 probe_fmod_values records for                   
                    024-HIV-WT-70c-b-6-p (modrate).                             
           INFO     Bulk inserted 74 fmod_vals records.                         
           INFO     Inserted 74 probe_fmod_values records for                   
                    024-HIV-WT-70c-b-6-p (GAmodrate).                           
           INFO     Wrote per-read histogram for 024-HIV-WT-70c-b-6-p (Modified)
                    to                                                          
                    examples/all_mutcounts/mut_count/mut_count___cfg-51dffd6/art
                    ifacts/024-HIV-WT-70c-b-6-p/per_read_histogram.txt          
           INFO     Wrote per-read histogram for 024-HIV-WT-70c-b-6-p (GA) to   
                    examples/all_mutcounts/mut_count/mut_count___cfg-51dffd6/art
                    ifacts/024-HIV-WT-70c-b-6-p/per_read_histogram.txtga        
           INFO     Found ShapeMapper profile for 052-HIV-WT-70c-b-6-m at       
                    examples/all_mutcounts/mut_count/mut_count___cfg-51dffd6/art
                    ifacts/052-HIV-WT-70c-b-6-m/052-HIV-WT-70c-b-6-m_052-HIV-WT-
                    70c-b-6-m_profile.txt                                       
           INFO     Inserted probe_fmod_run for sample ID 1023 (Run ID: 698)    
           INFO     Inserted probe_fmod_run 698 for sample 052-HIV-WT-70c-b-6-m 
           INFO     Bulk inserted 74 fmod_vals records.                         
           INFO     Inserted 74 probe_fmod_values records for                   
                    052-HIV-WT-70c-b-6-m (modrate).                             
           INFO     Bulk inserted 74 fmod_vals records.                         
           INFO     Inserted 74 probe_fmod_values records for                   
                    052-HIV-WT-70c-b-6-m (GAmodrate).                           
           INFO     Wrote per-read histogram for 052-HIV-WT-70c-b-6-m (Modified)
                    to                                                          
                    examples/all_mutcounts/mut_count/mut_count___cfg-51dffd6/art
                    ifacts/052-HIV-WT-70c-b-6-m/per_read_histogram.txt          
           INFO     Wrote per-read histogram for 052-HIV-WT-70c-b-6-m (GA) to   
                    examples/all_mutcounts/mut_count/mut_count___cfg-51dffd6/art
                    ifacts/052-HIV-WT-70c-b-6-m/per_read_histogram.txtga        
           INFO     mut_count completed. Profiles found for 7/7 samples;        
                    ingested 7 run(s).                                          
           INFO     Finished task ID 99 with state 'completed'                  
           INFO     Task 'mut_count' (ID: 99) completed successfully.           
           INFO     Updated 'latest' symlink for task 'mut_count' to point to   
                    /gpfs/projects/b1044/Computational_Output/EKC/EKC.01_SHAPE_s
                    tandardization/EKC.01.065.refactoring_data_analysis/nerd/exa
                    mples/all_mutcounts/mut_count/mut_count___cfg-51dffd6       
