[14:24:07] INFO     Executing 'run' command for step: 'mut_count'               
[14:24:07] INFO     Database schema initialized successfully.                   
           INFO     Created run directory:                                      
                    examples/all_mutcounts/mut_count/mut_count___cfg-f29c3bd    
           INFO     Executing task 'mut_count' in run directory:                
                    examples/all_mutcounts/mut_count/mut_count___cfg-f29c3bd    
           INFO     Resolved reaction_group 25_3 to 6 sample(s).                
           INFO     Began task 'mut_count' (ID: 41) for rg:32                   
                    (cfg=f29c3bd4aa494bf9515ef9587c6fbc503ea0e86fbc467c1d81a3757
                    94b64db8d)                                                  
           INFO     Starting command (backend=local) in                         
                    examples/all_mutcounts/mut_count/mut_count___cfg-f29c3bd    
           INFO     Executing command locally. Log file:                        
                    examples/all_mutcounts/mut_count/mut_count___cfg-f29c3bd/com
                    mand.log                                                    
[14:28:11] INFO     Command finished with exit code: 0                          
           INFO     Logged attempt #1 for task ID 41 (Attempt ID: 24)           
           INFO     Command completed successfully. Consuming outputs.          
           INFO     Found ShapeMapper profile for 049-EKC-WT-25c-b-1-p at       
                    examples/all_mutcounts/mut_count/mut_count___cfg-f29c3bd/art
                    ifacts/049-EKC-WT-25c-b-1-p/049-EKC-WT-25c-b-1-p_049-EKC-WT-
                    25c-b-1-p_profile.txt                                       
           INFO     Inserted probe_fmod_run for sample ID 354 (Run ID: 155)     
           INFO     Inserted probe_fmod_run 155 for sample 049-EKC-WT-25c-b-1-p 
           INFO     Bulk inserted 80 fmod_vals records.                         
           INFO     Inserted 80 probe_fmod_values records for                   
                    049-EKC-WT-25c-b-1-p (modrate).                             
           INFO     Bulk inserted 80 fmod_vals records.                         
           INFO     Inserted 80 probe_fmod_values records for                   
                    049-EKC-WT-25c-b-1-p (GAmodrate).                           
           INFO     Wrote per-read histogram for 049-EKC-WT-25c-b-1-p (Modified)
                    to                                                          
                    examples/all_mutcounts/mut_count/mut_count___cfg-f29c3bd/art
                    ifacts/049-EKC-WT-25c-b-1-p/per_read_histogram.txt          
           INFO     Wrote per-read histogram for 049-EKC-WT-25c-b-1-p (GA) to   
                    examples/all_mutcounts/mut_count/mut_count___cfg-f29c3bd/art
                    ifacts/049-EKC-WT-25c-b-1-p/per_read_histogram.txtga        
           INFO     Found ShapeMapper profile for 050-EKC-WT-25c-b-2-p at       
                    examples/all_mutcounts/mut_count/mut_count___cfg-f29c3bd/art
                    ifacts/050-EKC-WT-25c-b-2-p/050-EKC-WT-25c-b-2-p_050-EKC-WT-
                    25c-b-2-p_profile.txt                                       
           INFO     Inserted probe_fmod_run for sample ID 355 (Run ID: 156)     
           INFO     Inserted probe_fmod_run 156 for sample 050-EKC-WT-25c-b-2-p 
           INFO     Bulk inserted 80 fmod_vals records.                         
           INFO     Inserted 80 probe_fmod_values records for                   
                    050-EKC-WT-25c-b-2-p (modrate).                             
           INFO     Bulk inserted 80 fmod_vals records.                         
           INFO     Inserted 80 probe_fmod_values records for                   
                    050-EKC-WT-25c-b-2-p (GAmodrate).                           
           INFO     Wrote per-read histogram for 050-EKC-WT-25c-b-2-p (Modified)
                    to                                                          
                    examples/all_mutcounts/mut_count/mut_count___cfg-f29c3bd/art
                    ifacts/050-EKC-WT-25c-b-2-p/per_read_histogram.txt          
           INFO     Wrote per-read histogram for 050-EKC-WT-25c-b-2-p (GA) to   
                    examples/all_mutcounts/mut_count/mut_count___cfg-f29c3bd/art
                    ifacts/050-EKC-WT-25c-b-2-p/per_read_histogram.txtga        
           INFO     Found ShapeMapper profile for 051-EKC-WT-25c-b-3-p at       
                    examples/all_mutcounts/mut_count/mut_count___cfg-f29c3bd/art
                    ifacts/051-EKC-WT-25c-b-3-p/051-EKC-WT-25c-b-3-p_051-EKC-WT-
                    25c-b-3-p_profile.txt                                       
           INFO     Inserted probe_fmod_run for sample ID 356 (Run ID: 157)     
           INFO     Inserted probe_fmod_run 157 for sample 051-EKC-WT-25c-b-3-p 
           INFO     Bulk inserted 80 fmod_vals records.                         
           INFO     Inserted 80 probe_fmod_values records for                   
                    051-EKC-WT-25c-b-3-p (modrate).                             
           INFO     Bulk inserted 80 fmod_vals records.                         
           INFO     Inserted 80 probe_fmod_values records for                   
                    051-EKC-WT-25c-b-3-p (GAmodrate).                           
           INFO     Wrote per-read histogram for 051-EKC-WT-25c-b-3-p (Modified)
                    to                                                          
                    examples/all_mutcounts/mut_count/mut_count___cfg-f29c3bd/art
                    ifacts/051-EKC-WT-25c-b-3-p/per_read_histogram.txt          
           INFO     Wrote per-read histogram for 051-EKC-WT-25c-b-3-p (GA) to   
                    examples/all_mutcounts/mut_count/mut_count___cfg-f29c3bd/art
                    ifacts/051-EKC-WT-25c-b-3-p/per_read_histogram.txtga        
           INFO     Found ShapeMapper profile for 052-EKC-WT-25c-b-4-p at       
                    examples/all_mutcounts/mut_count/mut_count___cfg-f29c3bd/art
                    ifacts/052-EKC-WT-25c-b-4-p/052-EKC-WT-25c-b-4-p_052-EKC-WT-
                    25c-b-4-p_profile.txt                                       
           INFO     Inserted probe_fmod_run for sample ID 357 (Run ID: 158)     
           INFO     Inserted probe_fmod_run 158 for sample 052-EKC-WT-25c-b-4-p 
           INFO     Bulk inserted 80 fmod_vals records.                         
           INFO     Inserted 80 probe_fmod_values records for                   
                    052-EKC-WT-25c-b-4-p (modrate).                             
           INFO     Bulk inserted 80 fmod_vals records.                         
           INFO     Inserted 80 probe_fmod_values records for                   
                    052-EKC-WT-25c-b-4-p (GAmodrate).                           
           INFO     Wrote per-read histogram for 052-EKC-WT-25c-b-4-p (Modified)
                    to                                                          
                    examples/all_mutcounts/mut_count/mut_count___cfg-f29c3bd/art
                    ifacts/052-EKC-WT-25c-b-4-p/per_read_histogram.txt          
           INFO     Wrote per-read histogram for 052-EKC-WT-25c-b-4-p (GA) to   
                    examples/all_mutcounts/mut_count/mut_count___cfg-f29c3bd/art
                    ifacts/052-EKC-WT-25c-b-4-p/per_read_histogram.txtga        
           INFO     Found ShapeMapper profile for 053-EKC-WT-25c-b-5-p at       
                    examples/all_mutcounts/mut_count/mut_count___cfg-f29c3bd/art
                    ifacts/053-EKC-WT-25c-b-5-p/053-EKC-WT-25c-b-5-p_053-EKC-WT-
                    25c-b-5-p_profile.txt                                       
           INFO     Inserted probe_fmod_run for sample ID 358 (Run ID: 159)     
           INFO     Inserted probe_fmod_run 159 for sample 053-EKC-WT-25c-b-5-p 
           INFO     Bulk inserted 80 fmod_vals records.                         
           INFO     Inserted 80 probe_fmod_values records for                   
                    053-EKC-WT-25c-b-5-p (modrate).                             
           INFO     Bulk inserted 80 fmod_vals records.                         
           INFO     Inserted 80 probe_fmod_values records for                   
                    053-EKC-WT-25c-b-5-p (GAmodrate).                           
           INFO     Wrote per-read histogram for 053-EKC-WT-25c-b-5-p (Modified)
                    to                                                          
                    examples/all_mutcounts/mut_count/mut_count___cfg-f29c3bd/art
                    ifacts/053-EKC-WT-25c-b-5-p/per_read_histogram.txt          
           INFO     Wrote per-read histogram for 053-EKC-WT-25c-b-5-p (GA) to   
                    examples/all_mutcounts/mut_count/mut_count___cfg-f29c3bd/art
                    ifacts/053-EKC-WT-25c-b-5-p/per_read_histogram.txtga        
           INFO     Found ShapeMapper profile for 054-EKC-WT-25c-b-6-p at       
                    examples/all_mutcounts/mut_count/mut_count___cfg-f29c3bd/art
                    ifacts/054-EKC-WT-25c-b-6-p/054-EKC-WT-25c-b-6-p_054-EKC-WT-
                    25c-b-6-p_profile.txt                                       
           INFO     Inserted probe_fmod_run for sample ID 359 (Run ID: 160)     
           INFO     Inserted probe_fmod_run 160 for sample 054-EKC-WT-25c-b-6-p 
           INFO     Bulk inserted 80 fmod_vals records.                         
           INFO     Inserted 80 probe_fmod_values records for                   
                    054-EKC-WT-25c-b-6-p (modrate).                             
           INFO     Bulk inserted 80 fmod_vals records.                         
           INFO     Inserted 80 probe_fmod_values records for                   
                    054-EKC-WT-25c-b-6-p (GAmodrate).                           
           INFO     Wrote per-read histogram for 054-EKC-WT-25c-b-6-p (Modified)
                    to                                                          
                    examples/all_mutcounts/mut_count/mut_count___cfg-f29c3bd/art
                    ifacts/054-EKC-WT-25c-b-6-p/per_read_histogram.txt          
           INFO     Wrote per-read histogram for 054-EKC-WT-25c-b-6-p (GA) to   
                    examples/all_mutcounts/mut_count/mut_count___cfg-f29c3bd/art
                    ifacts/054-EKC-WT-25c-b-6-p/per_read_histogram.txtga        
           INFO     mut_count completed. Profiles found for 6/6 samples;        
                    ingested 6 run(s).                                          
           INFO     Finished task ID 41 with state 'completed'                  
           INFO     Task 'mut_count' (ID: 41) completed successfully.           
           INFO     Updated 'latest' symlink for task 'mut_count' to point to   
                    /gpfs/projects/b1044/Computational_Output/EKC/EKC.01_SHAPE_s
                    tandardization/EKC.01.065.refactoring_data_analysis/nerd/exa
                    mples/all_mutcounts/mut_count/mut_count___cfg-f29c3bd       
