[15:08:14] INFO     Executing 'run' command for step: 'mut_count'               
[15:08:14] INFO     Database schema initialized successfully.                   
           INFO     Created run directory:                                      
                    examples/all_mutcounts/mut_count/mut_count___cfg-57ba446    
           INFO     Executing task 'mut_count' in run directory:                
                    examples/all_mutcounts/mut_count/mut_count___cfg-57ba446    
           INFO     Resolved reaction_group 30_2_A8C to 7 sample(s).            
           INFO     Began task 'mut_count' (ID: 49) for rg:38                   
                    (cfg=57ba44601b6aaf05e493979bc2f7115ab4c04d9f0a8ccc5c5378239
                    f5dbf3c07)                                                  
           INFO     Starting command (backend=local) in                         
                    examples/all_mutcounts/mut_count/mut_count___cfg-57ba446    
           INFO     Executing command locally. Log file:                        
                    examples/all_mutcounts/mut_count/mut_count___cfg-57ba446/com
                    mand.log                                                    
[15:12:13] INFO     Command finished with exit code: 0                          
           INFO     Logged attempt #1 for task ID 49 (Attempt ID: 31)           
           INFO     Command completed successfully. Consuming outputs.          
           INFO     Found ShapeMapper profile for 061-EKC-A8C-30c-b-1-p at      
                    examples/all_mutcounts/mut_count/mut_count___cfg-57ba446/art
                    ifacts/061-EKC-A8C-30c-b-1-p/061-EKC-A8C-30c-b-1-p_061-EKC-A
                    8C-30c-b-1-p_profile.txt                                    
           INFO     Inserted probe_fmod_run for sample ID 456 (Run ID: 229)     
           INFO     Inserted probe_fmod_run 229 for sample 061-EKC-A8C-30c-b-1-p
           INFO     Bulk inserted 80 fmod_vals records.                         
           INFO     Inserted 80 probe_fmod_values records for                   
                    061-EKC-A8C-30c-b-1-p (modrate).                            
           INFO     Bulk inserted 80 fmod_vals records.                         
           INFO     Inserted 80 probe_fmod_values records for                   
                    061-EKC-A8C-30c-b-1-p (GAmodrate).                          
           INFO     Wrote per-read histogram for 061-EKC-A8C-30c-b-1-p          
                    (Modified) to                                               
                    examples/all_mutcounts/mut_count/mut_count___cfg-57ba446/art
                    ifacts/061-EKC-A8C-30c-b-1-p/per_read_histogram.txt         
           INFO     Wrote per-read histogram for 061-EKC-A8C-30c-b-1-p (GA) to  
                    examples/all_mutcounts/mut_count/mut_count___cfg-57ba446/art
                    ifacts/061-EKC-A8C-30c-b-1-p/per_read_histogram.txtga       
[15:12:14] INFO     Found ShapeMapper profile for 062-EKC-A8C-30c-b-2-p at      
                    examples/all_mutcounts/mut_count/mut_count___cfg-57ba446/art
                    ifacts/062-EKC-A8C-30c-b-2-p/062-EKC-A8C-30c-b-2-p_062-EKC-A
                    8C-30c-b-2-p_profile.txt                                    
           INFO     Inserted probe_fmod_run for sample ID 457 (Run ID: 230)     
           INFO     Inserted probe_fmod_run 230 for sample 062-EKC-A8C-30c-b-2-p
           INFO     Bulk inserted 80 fmod_vals records.                         
           INFO     Inserted 80 probe_fmod_values records for                   
                    062-EKC-A8C-30c-b-2-p (modrate).                            
           INFO     Bulk inserted 80 fmod_vals records.                         
           INFO     Inserted 80 probe_fmod_values records for                   
                    062-EKC-A8C-30c-b-2-p (GAmodrate).                          
           INFO     Wrote per-read histogram for 062-EKC-A8C-30c-b-2-p          
                    (Modified) to                                               
                    examples/all_mutcounts/mut_count/mut_count___cfg-57ba446/art
                    ifacts/062-EKC-A8C-30c-b-2-p/per_read_histogram.txt         
           INFO     Wrote per-read histogram for 062-EKC-A8C-30c-b-2-p (GA) to  
                    examples/all_mutcounts/mut_count/mut_count___cfg-57ba446/art
                    ifacts/062-EKC-A8C-30c-b-2-p/per_read_histogram.txtga       
           INFO     Found ShapeMapper profile for 063-EKC-A8C-30c-b-3-p at      
                    examples/all_mutcounts/mut_count/mut_count___cfg-57ba446/art
                    ifacts/063-EKC-A8C-30c-b-3-p/063-EKC-A8C-30c-b-3-p_063-EKC-A
                    8C-30c-b-3-p_profile.txt                                    
           INFO     Inserted probe_fmod_run for sample ID 458 (Run ID: 231)     
           INFO     Inserted probe_fmod_run 231 for sample 063-EKC-A8C-30c-b-3-p
           INFO     Bulk inserted 80 fmod_vals records.                         
           INFO     Inserted 80 probe_fmod_values records for                   
                    063-EKC-A8C-30c-b-3-p (modrate).                            
           INFO     Bulk inserted 80 fmod_vals records.                         
           INFO     Inserted 80 probe_fmod_values records for                   
                    063-EKC-A8C-30c-b-3-p (GAmodrate).                          
           INFO     Wrote per-read histogram for 063-EKC-A8C-30c-b-3-p          
                    (Modified) to                                               
                    examples/all_mutcounts/mut_count/mut_count___cfg-57ba446/art
                    ifacts/063-EKC-A8C-30c-b-3-p/per_read_histogram.txt         
           INFO     Wrote per-read histogram for 063-EKC-A8C-30c-b-3-p (GA) to  
                    examples/all_mutcounts/mut_count/mut_count___cfg-57ba446/art
                    ifacts/063-EKC-A8C-30c-b-3-p/per_read_histogram.txtga       
           INFO     Found ShapeMapper profile for 064-EKC-A8C-30c-b-4-p at      
                    examples/all_mutcounts/mut_count/mut_count___cfg-57ba446/art
                    ifacts/064-EKC-A8C-30c-b-4-p/064-EKC-A8C-30c-b-4-p_064-EKC-A
                    8C-30c-b-4-p_profile.txt                                    
           INFO     Inserted probe_fmod_run for sample ID 459 (Run ID: 232)     
           INFO     Inserted probe_fmod_run 232 for sample 064-EKC-A8C-30c-b-4-p
           INFO     Bulk inserted 80 fmod_vals records.                         
           INFO     Inserted 80 probe_fmod_values records for                   
                    064-EKC-A8C-30c-b-4-p (modrate).                            
           INFO     Bulk inserted 80 fmod_vals records.                         
           INFO     Inserted 80 probe_fmod_values records for                   
                    064-EKC-A8C-30c-b-4-p (GAmodrate).                          
           INFO     Wrote per-read histogram for 064-EKC-A8C-30c-b-4-p          
                    (Modified) to                                               
                    examples/all_mutcounts/mut_count/mut_count___cfg-57ba446/art
                    ifacts/064-EKC-A8C-30c-b-4-p/per_read_histogram.txt         
           INFO     Wrote per-read histogram for 064-EKC-A8C-30c-b-4-p (GA) to  
                    examples/all_mutcounts/mut_count/mut_count___cfg-57ba446/art
                    ifacts/064-EKC-A8C-30c-b-4-p/per_read_histogram.txtga       
           INFO     Found ShapeMapper profile for 065-EKC-A8C-30c-b-5-p at      
                    examples/all_mutcounts/mut_count/mut_count___cfg-57ba446/art
                    ifacts/065-EKC-A8C-30c-b-5-p/065-EKC-A8C-30c-b-5-p_065-EKC-A
                    8C-30c-b-5-p_profile.txt                                    
           INFO     Inserted probe_fmod_run for sample ID 460 (Run ID: 233)     
           INFO     Inserted probe_fmod_run 233 for sample 065-EKC-A8C-30c-b-5-p
           INFO     Bulk inserted 80 fmod_vals records.                         
           INFO     Inserted 80 probe_fmod_values records for                   
                    065-EKC-A8C-30c-b-5-p (modrate).                            
           INFO     Bulk inserted 80 fmod_vals records.                         
           INFO     Inserted 80 probe_fmod_values records for                   
                    065-EKC-A8C-30c-b-5-p (GAmodrate).                          
           INFO     Wrote per-read histogram for 065-EKC-A8C-30c-b-5-p          
                    (Modified) to                                               
                    examples/all_mutcounts/mut_count/mut_count___cfg-57ba446/art
                    ifacts/065-EKC-A8C-30c-b-5-p/per_read_histogram.txt         
           INFO     Wrote per-read histogram for 065-EKC-A8C-30c-b-5-p (GA) to  
                    examples/all_mutcounts/mut_count/mut_count___cfg-57ba446/art
                    ifacts/065-EKC-A8C-30c-b-5-p/per_read_histogram.txtga       
           INFO     Found ShapeMapper profile for 066-EKC-A8C-30c-b-6-p at      
                    examples/all_mutcounts/mut_count/mut_count___cfg-57ba446/art
                    ifacts/066-EKC-A8C-30c-b-6-p/066-EKC-A8C-30c-b-6-p_066-EKC-A
                    8C-30c-b-6-p_profile.txt                                    
           INFO     Inserted probe_fmod_run for sample ID 461 (Run ID: 234)     
           INFO     Inserted probe_fmod_run 234 for sample 066-EKC-A8C-30c-b-6-p
           INFO     Bulk inserted 80 fmod_vals records.                         
           INFO     Inserted 80 probe_fmod_values records for                   
                    066-EKC-A8C-30c-b-6-p (modrate).                            
           INFO     Bulk inserted 80 fmod_vals records.                         
           INFO     Inserted 80 probe_fmod_values records for                   
                    066-EKC-A8C-30c-b-6-p (GAmodrate).                          
           INFO     Wrote per-read histogram for 066-EKC-A8C-30c-b-6-p          
                    (Modified) to                                               
                    examples/all_mutcounts/mut_count/mut_count___cfg-57ba446/art
                    ifacts/066-EKC-A8C-30c-b-6-p/per_read_histogram.txt         
           INFO     Wrote per-read histogram for 066-EKC-A8C-30c-b-6-p (GA) to  
                    examples/all_mutcounts/mut_count/mut_count___cfg-57ba446/art
                    ifacts/066-EKC-A8C-30c-b-6-p/per_read_histogram.txtga       
           INFO     Found ShapeMapper profile for 091-EKC-A8C-30c-b-6-m at      
                    examples/all_mutcounts/mut_count/mut_count___cfg-57ba446/art
                    ifacts/091-EKC-A8C-30c-b-6-m/091-EKC-A8C-30c-b-6-m_091-EKC-A
                    8C-30c-b-6-m_profile.txt                                    
           INFO     Inserted probe_fmod_run for sample ID 486 (Run ID: 235)     
           INFO     Inserted probe_fmod_run 235 for sample 091-EKC-A8C-30c-b-6-m
           INFO     Bulk inserted 80 fmod_vals records.                         
           INFO     Inserted 80 probe_fmod_values records for                   
                    091-EKC-A8C-30c-b-6-m (modrate).                            
           INFO     Bulk inserted 80 fmod_vals records.                         
           INFO     Inserted 80 probe_fmod_values records for                   
                    091-EKC-A8C-30c-b-6-m (GAmodrate).                          
           INFO     Wrote per-read histogram for 091-EKC-A8C-30c-b-6-m          
                    (Modified) to                                               
                    examples/all_mutcounts/mut_count/mut_count___cfg-57ba446/art
                    ifacts/091-EKC-A8C-30c-b-6-m/per_read_histogram.txt         
           INFO     Wrote per-read histogram for 091-EKC-A8C-30c-b-6-m (GA) to  
                    examples/all_mutcounts/mut_count/mut_count___cfg-57ba446/art
                    ifacts/091-EKC-A8C-30c-b-6-m/per_read_histogram.txtga       
           INFO     mut_count completed. Profiles found for 7/7 samples;        
                    ingested 7 run(s).                                          
           INFO     Finished task ID 49 with state 'completed'                  
           INFO     Task 'mut_count' (ID: 49) completed successfully.           
           INFO     Updated 'latest' symlink for task 'mut_count' to point to   
                    /gpfs/projects/b1044/Computational_Output/EKC/EKC.01_SHAPE_s
                    tandardization/EKC.01.065.refactoring_data_analysis/nerd/exa
                    mples/all_mutcounts/mut_count/mut_count___cfg-57ba446       
