[14:15:06] INFO     Executing 'run' command for step: 'mut_count'               
[14:15:06] INFO     Database schema initialized successfully.                   
           INFO     Created run directory:                                      
                    examples/all_mutcounts/mut_count/mut_count___cfg-5bde458    
           INFO     Executing task 'mut_count' in run directory:                
                    examples/all_mutcounts/mut_count/mut_count___cfg-5bde458    
           INFO     Resolved reaction_group 25_2_12 to 7 sample(s).             
           INFO     Began task 'mut_count' (ID: 35) for rg:116                  
                    (cfg=5bde4580294e50ee5fe0cfcba02112127bbbca4615b4a39f9dc6269
                    aa5caf9c2)                                                  
           INFO     Starting command (backend=local) in                         
                    examples/all_mutcounts/mut_count/mut_count___cfg-5bde458    
           INFO     Executing command locally. Log file:                        
                    examples/all_mutcounts/mut_count/mut_count___cfg-5bde458/com
                    mand.log                                                    
[14:19:18] INFO     Command finished with exit code: 0                          
           INFO     Logged attempt #1 for task ID 35 (Attempt ID: 19)           
           INFO     Command completed successfully. Consuming outputs.          
           INFO     Found ShapeMapper profile for 007-HIV-C30U-25c-b-1-p at     
                    examples/all_mutcounts/mut_count/mut_count___cfg-5bde458/art
                    ifacts/007-HIV-C30U-25c-b-1-p/007-HIV-C30U-25c-b-1-p_007-HIV
                    -C30U-25c-b-1-p_profile.txt                                 
           INFO     Inserted probe_fmod_run for sample ID 978 (Run ID: 121)     
           INFO     Inserted probe_fmod_run 121 for sample                      
                    007-HIV-C30U-25c-b-1-p                                      
           INFO     Bulk inserted 74 fmod_vals records.                         
           INFO     Inserted 74 probe_fmod_values records for                   
                    007-HIV-C30U-25c-b-1-p (modrate).                           
           INFO     Bulk inserted 74 fmod_vals records.                         
           INFO     Inserted 74 probe_fmod_values records for                   
                    007-HIV-C30U-25c-b-1-p (GAmodrate).                         
           INFO     Wrote per-read histogram for 007-HIV-C30U-25c-b-1-p         
                    (Modified) to                                               
                    examples/all_mutcounts/mut_count/mut_count___cfg-5bde458/art
                    ifacts/007-HIV-C30U-25c-b-1-p/per_read_histogram.txt        
           INFO     Wrote per-read histogram for 007-HIV-C30U-25c-b-1-p (GA) to 
                    examples/all_mutcounts/mut_count/mut_count___cfg-5bde458/art
                    ifacts/007-HIV-C30U-25c-b-1-p/per_read_histogram.txtga      
           INFO     Found ShapeMapper profile for 008-HIV-C30U-25c-b-2-p at     
                    examples/all_mutcounts/mut_count/mut_count___cfg-5bde458/art
                    ifacts/008-HIV-C30U-25c-b-2-p/008-HIV-C30U-25c-b-2-p_008-HIV
                    -C30U-25c-b-2-p_profile.txt                                 
           INFO     Inserted probe_fmod_run for sample ID 979 (Run ID: 122)     
           INFO     Inserted probe_fmod_run 122 for sample                      
                    008-HIV-C30U-25c-b-2-p                                      
           INFO     Bulk inserted 74 fmod_vals records.                         
           INFO     Inserted 74 probe_fmod_values records for                   
                    008-HIV-C30U-25c-b-2-p (modrate).                           
           INFO     Bulk inserted 74 fmod_vals records.                         
           INFO     Inserted 74 probe_fmod_values records for                   
                    008-HIV-C30U-25c-b-2-p (GAmodrate).                         
           INFO     Wrote per-read histogram for 008-HIV-C30U-25c-b-2-p         
                    (Modified) to                                               
                    examples/all_mutcounts/mut_count/mut_count___cfg-5bde458/art
                    ifacts/008-HIV-C30U-25c-b-2-p/per_read_histogram.txt        
           INFO     Wrote per-read histogram for 008-HIV-C30U-25c-b-2-p (GA) to 
                    examples/all_mutcounts/mut_count/mut_count___cfg-5bde458/art
                    ifacts/008-HIV-C30U-25c-b-2-p/per_read_histogram.txtga      
           INFO     Found ShapeMapper profile for 009-HIV-C30U-25c-b-3-p at     
                    examples/all_mutcounts/mut_count/mut_count___cfg-5bde458/art
                    ifacts/009-HIV-C30U-25c-b-3-p/009-HIV-C30U-25c-b-3-p_009-HIV
                    -C30U-25c-b-3-p_profile.txt                                 
           INFO     Inserted probe_fmod_run for sample ID 980 (Run ID: 123)     
           INFO     Inserted probe_fmod_run 123 for sample                      
                    009-HIV-C30U-25c-b-3-p                                      
           INFO     Bulk inserted 74 fmod_vals records.                         
           INFO     Inserted 74 probe_fmod_values records for                   
                    009-HIV-C30U-25c-b-3-p (modrate).                           
           INFO     Bulk inserted 74 fmod_vals records.                         
           INFO     Inserted 74 probe_fmod_values records for                   
                    009-HIV-C30U-25c-b-3-p (GAmodrate).                         
           INFO     Wrote per-read histogram for 009-HIV-C30U-25c-b-3-p         
                    (Modified) to                                               
                    examples/all_mutcounts/mut_count/mut_count___cfg-5bde458/art
                    ifacts/009-HIV-C30U-25c-b-3-p/per_read_histogram.txt        
           INFO     Wrote per-read histogram for 009-HIV-C30U-25c-b-3-p (GA) to 
                    examples/all_mutcounts/mut_count/mut_count___cfg-5bde458/art
                    ifacts/009-HIV-C30U-25c-b-3-p/per_read_histogram.txtga      
           INFO     Found ShapeMapper profile for 010-HIV-C30U-25c-b-4-p at     
                    examples/all_mutcounts/mut_count/mut_count___cfg-5bde458/art
                    ifacts/010-HIV-C30U-25c-b-4-p/010-HIV-C30U-25c-b-4-p_010-HIV
                    -C30U-25c-b-4-p_profile.txt                                 
           INFO     Inserted probe_fmod_run for sample ID 981 (Run ID: 124)     
           INFO     Inserted probe_fmod_run 124 for sample                      
                    010-HIV-C30U-25c-b-4-p                                      
           INFO     Bulk inserted 74 fmod_vals records.                         
           INFO     Inserted 74 probe_fmod_values records for                   
                    010-HIV-C30U-25c-b-4-p (modrate).                           
           INFO     Bulk inserted 74 fmod_vals records.                         
           INFO     Inserted 74 probe_fmod_values records for                   
                    010-HIV-C30U-25c-b-4-p (GAmodrate).                         
           INFO     Wrote per-read histogram for 010-HIV-C30U-25c-b-4-p         
                    (Modified) to                                               
                    examples/all_mutcounts/mut_count/mut_count___cfg-5bde458/art
                    ifacts/010-HIV-C30U-25c-b-4-p/per_read_histogram.txt        
           INFO     Wrote per-read histogram for 010-HIV-C30U-25c-b-4-p (GA) to 
                    examples/all_mutcounts/mut_count/mut_count___cfg-5bde458/art
                    ifacts/010-HIV-C30U-25c-b-4-p/per_read_histogram.txtga      
           INFO     Found ShapeMapper profile for 011-HIV-C30U-25c-b-5-p at     
                    examples/all_mutcounts/mut_count/mut_count___cfg-5bde458/art
                    ifacts/011-HIV-C30U-25c-b-5-p/011-HIV-C30U-25c-b-5-p_011-HIV
                    -C30U-25c-b-5-p_profile.txt                                 
           INFO     Inserted probe_fmod_run for sample ID 982 (Run ID: 125)     
           INFO     Inserted probe_fmod_run 125 for sample                      
                    011-HIV-C30U-25c-b-5-p                                      
           INFO     Bulk inserted 74 fmod_vals records.                         
           INFO     Inserted 74 probe_fmod_values records for                   
                    011-HIV-C30U-25c-b-5-p (modrate).                           
           INFO     Bulk inserted 74 fmod_vals records.                         
           INFO     Inserted 74 probe_fmod_values records for                   
                    011-HIV-C30U-25c-b-5-p (GAmodrate).                         
           INFO     Wrote per-read histogram for 011-HIV-C30U-25c-b-5-p         
                    (Modified) to                                               
                    examples/all_mutcounts/mut_count/mut_count___cfg-5bde458/art
                    ifacts/011-HIV-C30U-25c-b-5-p/per_read_histogram.txt        
           INFO     Wrote per-read histogram for 011-HIV-C30U-25c-b-5-p (GA) to 
                    examples/all_mutcounts/mut_count/mut_count___cfg-5bde458/art
                    ifacts/011-HIV-C30U-25c-b-5-p/per_read_histogram.txtga      
           INFO     Found ShapeMapper profile for 012-HIV-C30U-25c-b-6-p at     
                    examples/all_mutcounts/mut_count/mut_count___cfg-5bde458/art
                    ifacts/012-HIV-C30U-25c-b-6-p/012-HIV-C30U-25c-b-6-p_012-HIV
                    -C30U-25c-b-6-p_profile.txt                                 
           INFO     Inserted probe_fmod_run for sample ID 983 (Run ID: 126)     
           INFO     Inserted probe_fmod_run 126 for sample                      
                    012-HIV-C30U-25c-b-6-p                                      
           INFO     Bulk inserted 74 fmod_vals records.                         
           INFO     Inserted 74 probe_fmod_values records for                   
                    012-HIV-C30U-25c-b-6-p (modrate).                           
           INFO     Bulk inserted 74 fmod_vals records.                         
           INFO     Inserted 74 probe_fmod_values records for                   
                    012-HIV-C30U-25c-b-6-p (GAmodrate).                         
           INFO     Wrote per-read histogram for 012-HIV-C30U-25c-b-6-p         
                    (Modified) to                                               
                    examples/all_mutcounts/mut_count/mut_count___cfg-5bde458/art
                    ifacts/012-HIV-C30U-25c-b-6-p/per_read_histogram.txt        
           INFO     Wrote per-read histogram for 012-HIV-C30U-25c-b-6-p (GA) to 
                    examples/all_mutcounts/mut_count/mut_count___cfg-5bde458/art
                    ifacts/012-HIV-C30U-25c-b-6-p/per_read_histogram.txtga      
           INFO     Found ShapeMapper profile for 082-HIV-C30U-25c-b-6-m at     
                    examples/all_mutcounts/mut_count/mut_count___cfg-5bde458/art
                    ifacts/082-HIV-C30U-25c-b-6-m/082-HIV-C30U-25c-b-6-m_082-HIV
                    -C30U-25c-b-6-m_profile.txt                                 
           INFO     Inserted probe_fmod_run for sample ID 1053 (Run ID: 127)    
           INFO     Inserted probe_fmod_run 127 for sample                      
                    082-HIV-C30U-25c-b-6-m                                      
           INFO     Bulk inserted 74 fmod_vals records.                         
           INFO     Inserted 74 probe_fmod_values records for                   
                    082-HIV-C30U-25c-b-6-m (modrate).                           
           INFO     Bulk inserted 74 fmod_vals records.                         
           INFO     Inserted 74 probe_fmod_values records for                   
                    082-HIV-C30U-25c-b-6-m (GAmodrate).                         
           INFO     Wrote per-read histogram for 082-HIV-C30U-25c-b-6-m         
                    (Modified) to                                               
                    examples/all_mutcounts/mut_count/mut_count___cfg-5bde458/art
                    ifacts/082-HIV-C30U-25c-b-6-m/per_read_histogram.txt        
           INFO     Wrote per-read histogram for 082-HIV-C30U-25c-b-6-m (GA) to 
                    examples/all_mutcounts/mut_count/mut_count___cfg-5bde458/art
                    ifacts/082-HIV-C30U-25c-b-6-m/per_read_histogram.txtga      
           INFO     mut_count completed. Profiles found for 7/7 samples;        
                    ingested 7 run(s).                                          
           INFO     Finished task ID 35 with state 'completed'                  
           INFO     Task 'mut_count' (ID: 35) completed successfully.           
           INFO     Updated 'latest' symlink for task 'mut_count' to point to   
                    /gpfs/projects/b1044/Computational_Output/EKC/EKC.01_SHAPE_s
                    tandardization/EKC.01.065.refactoring_data_analysis/nerd/exa
                    mples/all_mutcounts/mut_count/mut_count___cfg-5bde458       
