[13:55:16] INFO     Executing 'run' command for step: 'mut_count'               
[13:55:16] INFO     Database schema initialized successfully.                   
           INFO     Created run directory:                                      
                    examples/all_mutcounts/mut_count/mut_count___cfg-52cc598    
           INFO     Executing task 'mut_count' in run directory:                
                    examples/all_mutcounts/mut_count/mut_count___cfg-52cc598    
           INFO     Resolved reaction_group 10_2 to 7 sample(s).                
           INFO     Began task 'mut_count' (ID: 18) for rg:52                   
                    (cfg=52cc5985f3252739f0eeb1cb5873a21f274dac4aee24a985aefc494
                    bc9c7ceaf)                                                  
           INFO     Starting command (backend=local) in                         
                    examples/all_mutcounts/mut_count/mut_count___cfg-52cc598    
           INFO     Executing command locally. Log file:                        
                    examples/all_mutcounts/mut_count/mut_count___cfg-52cc598/com
                    mand.log                                                    
[14:09:50] INFO     Command finished with exit code: 0                          
           INFO     Logged attempt #1 for task ID 18 (Attempt ID: 10)           
           INFO     Command completed successfully. Consuming outputs.          
           INFO     Found ShapeMapper profile for 055-fourU-WT-10c-b-1-p at     
                    examples/all_mutcounts/mut_count/mut_count___cfg-52cc598/art
                    ifacts/055-fourU-WT-10c-b-1-p/055-fourU-WT-10c-b-1-p_055-fou
                    rU-WT-10c-b-1-p_profile.txt                                 
           INFO     Inserted probe_fmod_run for sample ID 546 (Run ID: 58)      
           INFO     Inserted probe_fmod_run 58 for sample 055-fourU-WT-10c-b-1-p
           INFO     Bulk inserted 80 fmod_vals records.                         
           INFO     Inserted 80 probe_fmod_values records for                   
                    055-fourU-WT-10c-b-1-p (modrate).                           
           INFO     Bulk inserted 80 fmod_vals records.                         
           INFO     Inserted 80 probe_fmod_values records for                   
                    055-fourU-WT-10c-b-1-p (GAmodrate).                         
           INFO     Wrote per-read histogram for 055-fourU-WT-10c-b-1-p         
                    (Modified) to                                               
                    examples/all_mutcounts/mut_count/mut_count___cfg-52cc598/art
                    ifacts/055-fourU-WT-10c-b-1-p/per_read_histogram.txt        
           INFO     Wrote per-read histogram for 055-fourU-WT-10c-b-1-p (GA) to 
                    examples/all_mutcounts/mut_count/mut_count___cfg-52cc598/art
                    ifacts/055-fourU-WT-10c-b-1-p/per_read_histogram.txtga      
           INFO     Found ShapeMapper profile for 056-fourU-WT-10c-b-2-p at     
                    examples/all_mutcounts/mut_count/mut_count___cfg-52cc598/art
                    ifacts/056-fourU-WT-10c-b-2-p/056-fourU-WT-10c-b-2-p_056-fou
                    rU-WT-10c-b-2-p_profile.txt                                 
           INFO     Inserted probe_fmod_run for sample ID 547 (Run ID: 59)      
           INFO     Inserted probe_fmod_run 59 for sample 056-fourU-WT-10c-b-2-p
           INFO     Bulk inserted 80 fmod_vals records.                         
           INFO     Inserted 80 probe_fmod_values records for                   
                    056-fourU-WT-10c-b-2-p (modrate).                           
           INFO     Bulk inserted 80 fmod_vals records.                         
           INFO     Inserted 80 probe_fmod_values records for                   
                    056-fourU-WT-10c-b-2-p (GAmodrate).                         
           INFO     Wrote per-read histogram for 056-fourU-WT-10c-b-2-p         
                    (Modified) to                                               
                    examples/all_mutcounts/mut_count/mut_count___cfg-52cc598/art
                    ifacts/056-fourU-WT-10c-b-2-p/per_read_histogram.txt        
           INFO     Wrote per-read histogram for 056-fourU-WT-10c-b-2-p (GA) to 
                    examples/all_mutcounts/mut_count/mut_count___cfg-52cc598/art
                    ifacts/056-fourU-WT-10c-b-2-p/per_read_histogram.txtga      
           INFO     Found ShapeMapper profile for 057-fourU-WT-10c-b-3-p at     
                    examples/all_mutcounts/mut_count/mut_count___cfg-52cc598/art
                    ifacts/057-fourU-WT-10c-b-3-p/057-fourU-WT-10c-b-3-p_057-fou
                    rU-WT-10c-b-3-p_profile.txt                                 
           INFO     Inserted probe_fmod_run for sample ID 548 (Run ID: 60)      
           INFO     Inserted probe_fmod_run 60 for sample 057-fourU-WT-10c-b-3-p
           INFO     Bulk inserted 80 fmod_vals records.                         
           INFO     Inserted 80 probe_fmod_values records for                   
                    057-fourU-WT-10c-b-3-p (modrate).                           
           INFO     Bulk inserted 80 fmod_vals records.                         
           INFO     Inserted 80 probe_fmod_values records for                   
                    057-fourU-WT-10c-b-3-p (GAmodrate).                         
           INFO     Wrote per-read histogram for 057-fourU-WT-10c-b-3-p         
                    (Modified) to                                               
                    examples/all_mutcounts/mut_count/mut_count___cfg-52cc598/art
                    ifacts/057-fourU-WT-10c-b-3-p/per_read_histogram.txt        
           INFO     Wrote per-read histogram for 057-fourU-WT-10c-b-3-p (GA) to 
                    examples/all_mutcounts/mut_count/mut_count___cfg-52cc598/art
                    ifacts/057-fourU-WT-10c-b-3-p/per_read_histogram.txtga      
           INFO     Found ShapeMapper profile for 058-fourU-WT-10c-b-4-p at     
                    examples/all_mutcounts/mut_count/mut_count___cfg-52cc598/art
                    ifacts/058-fourU-WT-10c-b-4-p/058-fourU-WT-10c-b-4-p_058-fou
                    rU-WT-10c-b-4-p_profile.txt                                 
           INFO     Inserted probe_fmod_run for sample ID 549 (Run ID: 61)      
           INFO     Inserted probe_fmod_run 61 for sample 058-fourU-WT-10c-b-4-p
           INFO     Bulk inserted 80 fmod_vals records.                         
           INFO     Inserted 80 probe_fmod_values records for                   
                    058-fourU-WT-10c-b-4-p (modrate).                           
           INFO     Bulk inserted 80 fmod_vals records.                         
           INFO     Inserted 80 probe_fmod_values records for                   
                    058-fourU-WT-10c-b-4-p (GAmodrate).                         
           INFO     Wrote per-read histogram for 058-fourU-WT-10c-b-4-p         
                    (Modified) to                                               
                    examples/all_mutcounts/mut_count/mut_count___cfg-52cc598/art
                    ifacts/058-fourU-WT-10c-b-4-p/per_read_histogram.txt        
           INFO     Wrote per-read histogram for 058-fourU-WT-10c-b-4-p (GA) to 
                    examples/all_mutcounts/mut_count/mut_count___cfg-52cc598/art
                    ifacts/058-fourU-WT-10c-b-4-p/per_read_histogram.txtga      
           INFO     Found ShapeMapper profile for 059-fourU-WT-10c-b-5-p at     
                    examples/all_mutcounts/mut_count/mut_count___cfg-52cc598/art
                    ifacts/059-fourU-WT-10c-b-5-p/059-fourU-WT-10c-b-5-p_059-fou
                    rU-WT-10c-b-5-p_profile.txt                                 
           INFO     Inserted probe_fmod_run for sample ID 550 (Run ID: 62)      
           INFO     Inserted probe_fmod_run 62 for sample 059-fourU-WT-10c-b-5-p
           INFO     Bulk inserted 80 fmod_vals records.                         
           INFO     Inserted 80 probe_fmod_values records for                   
                    059-fourU-WT-10c-b-5-p (modrate).                           
           INFO     Bulk inserted 80 fmod_vals records.                         
           INFO     Inserted 80 probe_fmod_values records for                   
                    059-fourU-WT-10c-b-5-p (GAmodrate).                         
           INFO     Wrote per-read histogram for 059-fourU-WT-10c-b-5-p         
                    (Modified) to                                               
                    examples/all_mutcounts/mut_count/mut_count___cfg-52cc598/art
                    ifacts/059-fourU-WT-10c-b-5-p/per_read_histogram.txt        
           INFO     Wrote per-read histogram for 059-fourU-WT-10c-b-5-p (GA) to 
                    examples/all_mutcounts/mut_count/mut_count___cfg-52cc598/art
                    ifacts/059-fourU-WT-10c-b-5-p/per_read_histogram.txtga      
           INFO     Found ShapeMapper profile for 059_fourU_WT10c_b_6_m at      
                    examples/all_mutcounts/mut_count/mut_count___cfg-52cc598/art
                    ifacts/059_fourU_WT10c_b_6_m/059_fourU_WT10c_b_6_m_059_fourU
                    _WT10c_b_6_m_profile.txt                                    
           INFO     Inserted probe_fmod_run for sample ID 742 (Run ID: 63)      
           INFO     Inserted probe_fmod_run 63 for sample 059_fourU_WT10c_b_6_m 
           INFO     Bulk inserted 80 fmod_vals records.                         
           INFO     Inserted 80 probe_fmod_values records for                   
                    059_fourU_WT10c_b_6_m (modrate).                            
           INFO     Bulk inserted 80 fmod_vals records.                         
           INFO     Inserted 80 probe_fmod_values records for                   
                    059_fourU_WT10c_b_6_m (GAmodrate).                          
           INFO     Wrote per-read histogram for 059_fourU_WT10c_b_6_m          
                    (Modified) to                                               
                    examples/all_mutcounts/mut_count/mut_count___cfg-52cc598/art
                    ifacts/059_fourU_WT10c_b_6_m/per_read_histogram.txt         
           INFO     Wrote per-read histogram for 059_fourU_WT10c_b_6_m (GA) to  
                    examples/all_mutcounts/mut_count/mut_count___cfg-52cc598/art
                    ifacts/059_fourU_WT10c_b_6_m/per_read_histogram.txtga       
           INFO     Found ShapeMapper profile for 060-fourU-WT-10c-b-6-p at     
                    examples/all_mutcounts/mut_count/mut_count___cfg-52cc598/art
                    ifacts/060-fourU-WT-10c-b-6-p/060-fourU-WT-10c-b-6-p_060-fou
                    rU-WT-10c-b-6-p_profile.txt                                 
           INFO     Inserted probe_fmod_run for sample ID 551 (Run ID: 64)      
           INFO     Inserted probe_fmod_run 64 for sample 060-fourU-WT-10c-b-6-p
           INFO     Bulk inserted 80 fmod_vals records.                         
           INFO     Inserted 80 probe_fmod_values records for                   
                    060-fourU-WT-10c-b-6-p (modrate).                           
           INFO     Bulk inserted 80 fmod_vals records.                         
           INFO     Inserted 80 probe_fmod_values records for                   
                    060-fourU-WT-10c-b-6-p (GAmodrate).                         
           INFO     Wrote per-read histogram for 060-fourU-WT-10c-b-6-p         
                    (Modified) to                                               
                    examples/all_mutcounts/mut_count/mut_count___cfg-52cc598/art
                    ifacts/060-fourU-WT-10c-b-6-p/per_read_histogram.txt        
           INFO     Wrote per-read histogram for 060-fourU-WT-10c-b-6-p (GA) to 
                    examples/all_mutcounts/mut_count/mut_count___cfg-52cc598/art
                    ifacts/060-fourU-WT-10c-b-6-p/per_read_histogram.txtga      
           INFO     mut_count completed. Profiles found for 7/7 samples;        
                    ingested 7 run(s).                                          
           INFO     Finished task ID 18 with state 'completed'                  
           INFO     Task 'mut_count' (ID: 18) completed successfully.           
           INFO     Updated 'latest' symlink for task 'mut_count' to point to   
                    /gpfs/projects/b1044/Computational_Output/EKC/EKC.01_SHAPE_s
                    tandardization/EKC.01.065.refactoring_data_analysis/nerd/exa
                    mples/all_mutcounts/mut_count/mut_count___cfg-52cc598       
