[16:19:45] INFO     Executing 'run' command for step: 'mut_count'               
[16:19:45] INFO     Database schema initialized successfully.                   
           INFO     Created run directory:                                      
                    examples/all_mutcounts/mut_count/mut_count___cfg-e0ea8d2    
           INFO     Executing task 'mut_count' in run directory:                
                    examples/all_mutcounts/mut_count/mut_count___cfg-e0ea8d2    
           INFO     Resolved reaction_group 48_1_A8C to 7 sample(s).            
           INFO     Began task 'mut_count' (ID: 72) for rg:72                   
                    (cfg=e0ea8d2d923dd936268d1e3568e0712a86174c859a26a3424a3c9ec
                    ba7355e59)                                                  
           INFO     Starting command (backend=local) in                         
                    examples/all_mutcounts/mut_count/mut_count___cfg-e0ea8d2    
           INFO     Executing command locally. Log file:                        
                    examples/all_mutcounts/mut_count/mut_count___cfg-e0ea8d2/com
                    mand.log                                                    
[17:50:46] INFO     Command finished with exit code: 0                          
           INFO     Logged attempt #1 for task ID 72 (Attempt ID: 97)           
           INFO     Command completed successfully. Consuming outputs.          
           INFO     Found ShapeMapper profile for 079_fourU_A8C_48c_a_1_p at    
                    examples/all_mutcounts/mut_count/mut_count___cfg-e0ea8d2/art
                    ifacts/079_fourU_A8C_48c_a_1_p/079_fourU_A8C_48c_a_1_p_079_f
                    ourU_A8C_48c_a_1_p_profile.txt                              
           INFO     Inserted probe_fmod_run for sample ID 666 (Run ID: 755)     
           INFO     Inserted probe_fmod_run 755 for sample                      
                    079_fourU_A8C_48c_a_1_p                                     
           INFO     Bulk inserted 80 fmod_vals records.                         
           INFO     Inserted 80 probe_fmod_values records for                   
                    079_fourU_A8C_48c_a_1_p (modrate).                          
           INFO     Bulk inserted 80 fmod_vals records.                         
           INFO     Inserted 80 probe_fmod_values records for                   
                    079_fourU_A8C_48c_a_1_p (GAmodrate).                        
           INFO     Wrote per-read histogram for 079_fourU_A8C_48c_a_1_p        
                    (Modified) to                                               
                    examples/all_mutcounts/mut_count/mut_count___cfg-e0ea8d2/art
                    ifacts/079_fourU_A8C_48c_a_1_p/per_read_histogram.txt       
           INFO     Wrote per-read histogram for 079_fourU_A8C_48c_a_1_p (GA) to
                    examples/all_mutcounts/mut_count/mut_count___cfg-e0ea8d2/art
                    ifacts/079_fourU_A8C_48c_a_1_p/per_read_histogram.txtga     
           INFO     Found ShapeMapper profile for 080_fourU_A8C_48c_a_2_p at    
                    examples/all_mutcounts/mut_count/mut_count___cfg-e0ea8d2/art
                    ifacts/080_fourU_A8C_48c_a_2_p/080_fourU_A8C_48c_a_2_p_080_f
                    ourU_A8C_48c_a_2_p_profile.txt                              
           INFO     Inserted probe_fmod_run for sample ID 667 (Run ID: 756)     
           INFO     Inserted probe_fmod_run 756 for sample                      
                    080_fourU_A8C_48c_a_2_p                                     
           INFO     Bulk inserted 80 fmod_vals records.                         
           INFO     Inserted 80 probe_fmod_values records for                   
                    080_fourU_A8C_48c_a_2_p (modrate).                          
           INFO     Bulk inserted 80 fmod_vals records.                         
           INFO     Inserted 80 probe_fmod_values records for                   
                    080_fourU_A8C_48c_a_2_p (GAmodrate).                        
           INFO     Wrote per-read histogram for 080_fourU_A8C_48c_a_2_p        
                    (Modified) to                                               
                    examples/all_mutcounts/mut_count/mut_count___cfg-e0ea8d2/art
                    ifacts/080_fourU_A8C_48c_a_2_p/per_read_histogram.txt       
           INFO     Wrote per-read histogram for 080_fourU_A8C_48c_a_2_p (GA) to
                    examples/all_mutcounts/mut_count/mut_count___cfg-e0ea8d2/art
                    ifacts/080_fourU_A8C_48c_a_2_p/per_read_histogram.txtga     
           INFO     Found ShapeMapper profile for 081_fourU_A8C_48c_a_3_p at    
                    examples/all_mutcounts/mut_count/mut_count___cfg-e0ea8d2/art
                    ifacts/081_fourU_A8C_48c_a_3_p/081_fourU_A8C_48c_a_3_p_081_f
                    ourU_A8C_48c_a_3_p_profile.txt                              
           INFO     Inserted probe_fmod_run for sample ID 668 (Run ID: 757)     
           INFO     Inserted probe_fmod_run 757 for sample                      
                    081_fourU_A8C_48c_a_3_p                                     
           INFO     Bulk inserted 80 fmod_vals records.                         
           INFO     Inserted 80 probe_fmod_values records for                   
                    081_fourU_A8C_48c_a_3_p (modrate).                          
           INFO     Bulk inserted 80 fmod_vals records.                         
           INFO     Inserted 80 probe_fmod_values records for                   
                    081_fourU_A8C_48c_a_3_p (GAmodrate).                        
           INFO     Wrote per-read histogram for 081_fourU_A8C_48c_a_3_p        
                    (Modified) to                                               
                    examples/all_mutcounts/mut_count/mut_count___cfg-e0ea8d2/art
                    ifacts/081_fourU_A8C_48c_a_3_p/per_read_histogram.txt       
           INFO     Wrote per-read histogram for 081_fourU_A8C_48c_a_3_p (GA) to
                    examples/all_mutcounts/mut_count/mut_count___cfg-e0ea8d2/art
                    ifacts/081_fourU_A8C_48c_a_3_p/per_read_histogram.txtga     
           INFO     Found ShapeMapper profile for 082_fourU_A8C_48c_a_4_p at    
                    examples/all_mutcounts/mut_count/mut_count___cfg-e0ea8d2/art
                    ifacts/082_fourU_A8C_48c_a_4_p/082_fourU_A8C_48c_a_4_p_082_f
                    ourU_A8C_48c_a_4_p_profile.txt                              
           INFO     Inserted probe_fmod_run for sample ID 669 (Run ID: 758)     
           INFO     Inserted probe_fmod_run 758 for sample                      
                    082_fourU_A8C_48c_a_4_p                                     
           INFO     Bulk inserted 80 fmod_vals records.                         
           INFO     Inserted 80 probe_fmod_values records for                   
                    082_fourU_A8C_48c_a_4_p (modrate).                          
           INFO     Bulk inserted 80 fmod_vals records.                         
           INFO     Inserted 80 probe_fmod_values records for                   
                    082_fourU_A8C_48c_a_4_p (GAmodrate).                        
           INFO     Wrote per-read histogram for 082_fourU_A8C_48c_a_4_p        
                    (Modified) to                                               
                    examples/all_mutcounts/mut_count/mut_count___cfg-e0ea8d2/art
                    ifacts/082_fourU_A8C_48c_a_4_p/per_read_histogram.txt       
           INFO     Wrote per-read histogram for 082_fourU_A8C_48c_a_4_p (GA) to
                    examples/all_mutcounts/mut_count/mut_count___cfg-e0ea8d2/art
                    ifacts/082_fourU_A8C_48c_a_4_p/per_read_histogram.txtga     
           INFO     Found ShapeMapper profile for 083_fourU_A8C_48c_a_5_p at    
                    examples/all_mutcounts/mut_count/mut_count___cfg-e0ea8d2/art
                    ifacts/083_fourU_A8C_48c_a_5_p/083_fourU_A8C_48c_a_5_p_083_f
                    ourU_A8C_48c_a_5_p_profile.txt                              
           INFO     Inserted probe_fmod_run for sample ID 670 (Run ID: 759)     
           INFO     Inserted probe_fmod_run 759 for sample                      
                    083_fourU_A8C_48c_a_5_p                                     
           INFO     Bulk inserted 80 fmod_vals records.                         
           INFO     Inserted 80 probe_fmod_values records for                   
                    083_fourU_A8C_48c_a_5_p (modrate).                          
           INFO     Bulk inserted 80 fmod_vals records.                         
           INFO     Inserted 80 probe_fmod_values records for                   
                    083_fourU_A8C_48c_a_5_p (GAmodrate).                        
           INFO     Wrote per-read histogram for 083_fourU_A8C_48c_a_5_p        
                    (Modified) to                                               
                    examples/all_mutcounts/mut_count/mut_count___cfg-e0ea8d2/art
                    ifacts/083_fourU_A8C_48c_a_5_p/per_read_histogram.txt       
           INFO     Wrote per-read histogram for 083_fourU_A8C_48c_a_5_p (GA) to
                    examples/all_mutcounts/mut_count/mut_count___cfg-e0ea8d2/art
                    ifacts/083_fourU_A8C_48c_a_5_p/per_read_histogram.txtga     
           INFO     Found ShapeMapper profile for 084_fourU_A8C_48c_a_6_p at    
                    examples/all_mutcounts/mut_count/mut_count___cfg-e0ea8d2/art
                    ifacts/084_fourU_A8C_48c_a_6_p/084_fourU_A8C_48c_a_6_p_084_f
                    ourU_A8C_48c_a_6_p_profile.txt                              
           INFO     Inserted probe_fmod_run for sample ID 671 (Run ID: 760)     
           INFO     Inserted probe_fmod_run 760 for sample                      
                    084_fourU_A8C_48c_a_6_p                                     
           INFO     Bulk inserted 80 fmod_vals records.                         
           INFO     Inserted 80 probe_fmod_values records for                   
                    084_fourU_A8C_48c_a_6_p (modrate).                          
           INFO     Bulk inserted 80 fmod_vals records.                         
           INFO     Inserted 80 probe_fmod_values records for                   
                    084_fourU_A8C_48c_a_6_p (GAmodrate).                        
           INFO     Wrote per-read histogram for 084_fourU_A8C_48c_a_6_p        
                    (Modified) to                                               
                    examples/all_mutcounts/mut_count/mut_count___cfg-e0ea8d2/art
                    ifacts/084_fourU_A8C_48c_a_6_p/per_read_histogram.txt       
           INFO     Wrote per-read histogram for 084_fourU_A8C_48c_a_6_p (GA) to
                    examples/all_mutcounts/mut_count/mut_count___cfg-e0ea8d2/art
                    ifacts/084_fourU_A8C_48c_a_6_p/per_read_histogram.txtga     
           INFO     Found ShapeMapper profile for 087_fourU_A8C48c_a_6_m at     
                    examples/all_mutcounts/mut_count/mut_count___cfg-e0ea8d2/art
                    ifacts/087_fourU_A8C48c_a_6_m/087_fourU_A8C48c_a_6_m_087_fou
                    rU_A8C48c_a_6_m_profile.txt                                 
           INFO     Inserted probe_fmod_run for sample ID 770 (Run ID: 761)     
           INFO     Inserted probe_fmod_run 761 for sample                      
                    087_fourU_A8C48c_a_6_m                                      
           INFO     Bulk inserted 80 fmod_vals records.                         
           INFO     Inserted 80 probe_fmod_values records for                   
                    087_fourU_A8C48c_a_6_m (modrate).                           
           INFO     Bulk inserted 80 fmod_vals records.                         
           INFO     Inserted 80 probe_fmod_values records for                   
                    087_fourU_A8C48c_a_6_m (GAmodrate).                         
           INFO     Wrote per-read histogram for 087_fourU_A8C48c_a_6_m         
                    (Modified) to                                               
                    examples/all_mutcounts/mut_count/mut_count___cfg-e0ea8d2/art
                    ifacts/087_fourU_A8C48c_a_6_m/per_read_histogram.txt        
           INFO     Wrote per-read histogram for 087_fourU_A8C48c_a_6_m (GA) to 
                    examples/all_mutcounts/mut_count/mut_count___cfg-e0ea8d2/art
                    ifacts/087_fourU_A8C48c_a_6_m/per_read_histogram.txtga      
           INFO     mut_count completed. Profiles found for 7/7 samples;        
                    ingested 7 run(s).                                          
           INFO     Finished task ID 72 with state 'completed'                  
           INFO     Task 'mut_count' (ID: 72) completed successfully.           
           INFO     Updated 'latest' symlink for task 'mut_count' to point to   
                    /gpfs/projects/b1044/Computational_Output/EKC/EKC.01_SHAPE_s
                    tandardization/EKC.01.065.refactoring_data_analysis/nerd/exa
                    mples/all_mutcounts/mut_count/mut_count___cfg-e0ea8d2       
