[17:32:06] INFO     Executing 'run' command for step: 'mut_count'               
[17:32:06] INFO     Database schema initialized successfully.                   
           INFO     Created run directory:                                      
                    examples/all_mutcounts/mut_count/mut_count___cfg-f0b4d99    
           INFO     Executing task 'mut_count' in run directory:                
                    examples/all_mutcounts/mut_count/mut_count___cfg-f0b4d99    
           INFO     Resolved reaction_group 70_1_14 to 7 sample(s).             
           INFO     Began task 'mut_count' (ID: 91) for rg:93                   
                    (cfg=f0b4d9905c30495ff9330636f864c4a9b775cf51767d55763b5322f
                    0958829e5)                                                  
           INFO     Starting command (backend=local) in                         
                    examples/all_mutcounts/mut_count/mut_count___cfg-f0b4d99    
           INFO     Executing command locally. Log file:                        
                    examples/all_mutcounts/mut_count/mut_count___cfg-f0b4d99/com
                    mand.log                                                    
[17:36:19] INFO     Command finished with exit code: 0                          
           INFO     Logged attempt #1 for task ID 91 (Attempt ID: 77)           
           INFO     Command completed successfully. Consuming outputs.          
           INFO     Found ShapeMapper profile for 061-HIV-UUCG-GS-70c-a-1-p at  
                    examples/all_mutcounts/mut_count/mut_count___cfg-f0b4d99/art
                    ifacts/061-HIV-UUCG-GS-70c-a-1-p/061-HIV-UUCG-GS-70c-a-1-p_0
                    61-HIV-UUCG-GS-70c-a-1-p_profile.txt                        
           INFO     Inserted probe_fmod_run for sample ID 840 (Run ID: 615)     
           INFO     Inserted probe_fmod_run 615 for sample                      
                    061-HIV-UUCG-GS-70c-a-1-p                                   
           INFO     Bulk inserted 72 fmod_vals records.                         
           INFO     Inserted 72 probe_fmod_values records for                   
                    061-HIV-UUCG-GS-70c-a-1-p (modrate).                        
           INFO     Bulk inserted 72 fmod_vals records.                         
           INFO     Inserted 72 probe_fmod_values records for                   
                    061-HIV-UUCG-GS-70c-a-1-p (GAmodrate).                      
           INFO     Wrote per-read histogram for 061-HIV-UUCG-GS-70c-a-1-p      
                    (Modified) to                                               
                    examples/all_mutcounts/mut_count/mut_count___cfg-f0b4d99/art
                    ifacts/061-HIV-UUCG-GS-70c-a-1-p/per_read_histogram.txt     
           INFO     Wrote per-read histogram for 061-HIV-UUCG-GS-70c-a-1-p (GA) 
                    to                                                          
                    examples/all_mutcounts/mut_count/mut_count___cfg-f0b4d99/art
                    ifacts/061-HIV-UUCG-GS-70c-a-1-p/per_read_histogram.txtga   
           INFO     Found ShapeMapper profile for 062-HIV-UUCG-GS-70c-a-2-p at  
                    examples/all_mutcounts/mut_count/mut_count___cfg-f0b4d99/art
                    ifacts/062-HIV-UUCG-GS-70c-a-2-p/062-HIV-UUCG-GS-70c-a-2-p_0
                    62-HIV-UUCG-GS-70c-a-2-p_profile.txt                        
           INFO     Inserted probe_fmod_run for sample ID 841 (Run ID: 616)     
           INFO     Inserted probe_fmod_run 616 for sample                      
                    062-HIV-UUCG-GS-70c-a-2-p                                   
           INFO     Bulk inserted 72 fmod_vals records.                         
           INFO     Inserted 72 probe_fmod_values records for                   
                    062-HIV-UUCG-GS-70c-a-2-p (modrate).                        
           INFO     Bulk inserted 72 fmod_vals records.                         
           INFO     Inserted 72 probe_fmod_values records for                   
                    062-HIV-UUCG-GS-70c-a-2-p (GAmodrate).                      
           INFO     Wrote per-read histogram for 062-HIV-UUCG-GS-70c-a-2-p      
                    (Modified) to                                               
                    examples/all_mutcounts/mut_count/mut_count___cfg-f0b4d99/art
                    ifacts/062-HIV-UUCG-GS-70c-a-2-p/per_read_histogram.txt     
           INFO     Wrote per-read histogram for 062-HIV-UUCG-GS-70c-a-2-p (GA) 
                    to                                                          
                    examples/all_mutcounts/mut_count/mut_count___cfg-f0b4d99/art
                    ifacts/062-HIV-UUCG-GS-70c-a-2-p/per_read_histogram.txtga   
           INFO     Found ShapeMapper profile for 063-HIV-UUCG-GS-70c-a-3-p at  
                    examples/all_mutcounts/mut_count/mut_count___cfg-f0b4d99/art
                    ifacts/063-HIV-UUCG-GS-70c-a-3-p/063-HIV-UUCG-GS-70c-a-3-p_0
                    63-HIV-UUCG-GS-70c-a-3-p_profile.txt                        
           INFO     Inserted probe_fmod_run for sample ID 842 (Run ID: 617)     
           INFO     Inserted probe_fmod_run 617 for sample                      
                    063-HIV-UUCG-GS-70c-a-3-p                                   
           INFO     Bulk inserted 72 fmod_vals records.                         
           INFO     Inserted 72 probe_fmod_values records for                   
                    063-HIV-UUCG-GS-70c-a-3-p (modrate).                        
           INFO     Bulk inserted 72 fmod_vals records.                         
           INFO     Inserted 72 probe_fmod_values records for                   
                    063-HIV-UUCG-GS-70c-a-3-p (GAmodrate).                      
           INFO     Wrote per-read histogram for 063-HIV-UUCG-GS-70c-a-3-p      
                    (Modified) to                                               
                    examples/all_mutcounts/mut_count/mut_count___cfg-f0b4d99/art
                    ifacts/063-HIV-UUCG-GS-70c-a-3-p/per_read_histogram.txt     
           INFO     Wrote per-read histogram for 063-HIV-UUCG-GS-70c-a-3-p (GA) 
                    to                                                          
                    examples/all_mutcounts/mut_count/mut_count___cfg-f0b4d99/art
                    ifacts/063-HIV-UUCG-GS-70c-a-3-p/per_read_histogram.txtga   
           INFO     Found ShapeMapper profile for 064-HIV-UUCG-GS-70c-a-4-p at  
                    examples/all_mutcounts/mut_count/mut_count___cfg-f0b4d99/art
                    ifacts/064-HIV-UUCG-GS-70c-a-4-p/064-HIV-UUCG-GS-70c-a-4-p_0
                    64-HIV-UUCG-GS-70c-a-4-p_profile.txt                        
           INFO     Inserted probe_fmod_run for sample ID 843 (Run ID: 618)     
           INFO     Inserted probe_fmod_run 618 for sample                      
                    064-HIV-UUCG-GS-70c-a-4-p                                   
           INFO     Bulk inserted 72 fmod_vals records.                         
           INFO     Inserted 72 probe_fmod_values records for                   
                    064-HIV-UUCG-GS-70c-a-4-p (modrate).                        
           INFO     Bulk inserted 72 fmod_vals records.                         
           INFO     Inserted 72 probe_fmod_values records for                   
                    064-HIV-UUCG-GS-70c-a-4-p (GAmodrate).                      
           INFO     Wrote per-read histogram for 064-HIV-UUCG-GS-70c-a-4-p      
                    (Modified) to                                               
                    examples/all_mutcounts/mut_count/mut_count___cfg-f0b4d99/art
                    ifacts/064-HIV-UUCG-GS-70c-a-4-p/per_read_histogram.txt     
           INFO     Wrote per-read histogram for 064-HIV-UUCG-GS-70c-a-4-p (GA) 
                    to                                                          
                    examples/all_mutcounts/mut_count/mut_count___cfg-f0b4d99/art
                    ifacts/064-HIV-UUCG-GS-70c-a-4-p/per_read_histogram.txtga   
           INFO     Found ShapeMapper profile for 065-HIV-UUCG-GS-70c-a-5-p at  
                    examples/all_mutcounts/mut_count/mut_count___cfg-f0b4d99/art
                    ifacts/065-HIV-UUCG-GS-70c-a-5-p/065-HIV-UUCG-GS-70c-a-5-p_0
                    65-HIV-UUCG-GS-70c-a-5-p_profile.txt                        
           INFO     Inserted probe_fmod_run for sample ID 844 (Run ID: 619)     
           INFO     Inserted probe_fmod_run 619 for sample                      
                    065-HIV-UUCG-GS-70c-a-5-p                                   
           INFO     Bulk inserted 72 fmod_vals records.                         
           INFO     Inserted 72 probe_fmod_values records for                   
                    065-HIV-UUCG-GS-70c-a-5-p (modrate).                        
           INFO     Bulk inserted 72 fmod_vals records.                         
           INFO     Inserted 72 probe_fmod_values records for                   
                    065-HIV-UUCG-GS-70c-a-5-p (GAmodrate).                      
           INFO     Wrote per-read histogram for 065-HIV-UUCG-GS-70c-a-5-p      
                    (Modified) to                                               
                    examples/all_mutcounts/mut_count/mut_count___cfg-f0b4d99/art
                    ifacts/065-HIV-UUCG-GS-70c-a-5-p/per_read_histogram.txt     
           INFO     Wrote per-read histogram for 065-HIV-UUCG-GS-70c-a-5-p (GA) 
                    to                                                          
                    examples/all_mutcounts/mut_count/mut_count___cfg-f0b4d99/art
                    ifacts/065-HIV-UUCG-GS-70c-a-5-p/per_read_histogram.txtga   
           INFO     Found ShapeMapper profile for 059-HIV-UUCG-GS-70c-a-6-m at  
                    examples/all_mutcounts/mut_count/mut_count___cfg-f0b4d99/art
                    ifacts/059-HIV-UUCG-GS-70c-a-6-m/059-HIV-UUCG-GS-70c-a-6-m_0
                    59-HIV-UUCG-GS-70c-a-6-m_profile.txt                        
           INFO     Inserted probe_fmod_run for sample ID 1030 (Run ID: 620)    
           INFO     Inserted probe_fmod_run 620 for sample                      
                    059-HIV-UUCG-GS-70c-a-6-m                                   
           INFO     Bulk inserted 72 fmod_vals records.                         
           INFO     Inserted 72 probe_fmod_values records for                   
                    059-HIV-UUCG-GS-70c-a-6-m (modrate).                        
           INFO     Bulk inserted 72 fmod_vals records.                         
           INFO     Inserted 72 probe_fmod_values records for                   
                    059-HIV-UUCG-GS-70c-a-6-m (GAmodrate).                      
           INFO     Wrote per-read histogram for 059-HIV-UUCG-GS-70c-a-6-m      
                    (Modified) to                                               
                    examples/all_mutcounts/mut_count/mut_count___cfg-f0b4d99/art
                    ifacts/059-HIV-UUCG-GS-70c-a-6-m/per_read_histogram.txt     
           INFO     Wrote per-read histogram for 059-HIV-UUCG-GS-70c-a-6-m (GA) 
                    to                                                          
                    examples/all_mutcounts/mut_count/mut_count___cfg-f0b4d99/art
                    ifacts/059-HIV-UUCG-GS-70c-a-6-m/per_read_histogram.txtga   
           INFO     Found ShapeMapper profile for 066-HIV-UUCG-GS-70c-a-6-p at  
                    examples/all_mutcounts/mut_count/mut_count___cfg-f0b4d99/art
                    ifacts/066-HIV-UUCG-GS-70c-a-6-p/066-HIV-UUCG-GS-70c-a-6-p_0
                    66-HIV-UUCG-GS-70c-a-6-p_profile.txt                        
           INFO     Inserted probe_fmod_run for sample ID 845 (Run ID: 621)     
           INFO     Inserted probe_fmod_run 621 for sample                      
                    066-HIV-UUCG-GS-70c-a-6-p                                   
           INFO     Bulk inserted 72 fmod_vals records.                         
           INFO     Inserted 72 probe_fmod_values records for                   
                    066-HIV-UUCG-GS-70c-a-6-p (modrate).                        
           INFO     Bulk inserted 72 fmod_vals records.                         
           INFO     Inserted 72 probe_fmod_values records for                   
                    066-HIV-UUCG-GS-70c-a-6-p (GAmodrate).                      
           INFO     Wrote per-read histogram for 066-HIV-UUCG-GS-70c-a-6-p      
                    (Modified) to                                               
                    examples/all_mutcounts/mut_count/mut_count___cfg-f0b4d99/art
                    ifacts/066-HIV-UUCG-GS-70c-a-6-p/per_read_histogram.txt     
           INFO     Wrote per-read histogram for 066-HIV-UUCG-GS-70c-a-6-p (GA) 
                    to                                                          
                    examples/all_mutcounts/mut_count/mut_count___cfg-f0b4d99/art
                    ifacts/066-HIV-UUCG-GS-70c-a-6-p/per_read_histogram.txtga   
           INFO     mut_count completed. Profiles found for 7/7 samples;        
                    ingested 7 run(s).                                          
           INFO     Finished task ID 91 with state 'completed'                  
           INFO     Task 'mut_count' (ID: 91) completed successfully.           
           INFO     Updated 'latest' symlink for task 'mut_count' to point to   
                    /gpfs/projects/b1044/Computational_Output/EKC/EKC.01_SHAPE_s
                    tandardization/EKC.01.065.refactoring_data_analysis/nerd/exa
                    mples/all_mutcounts/mut_count/mut_count___cfg-f0b4d99       
