[16:50:31] INFO     Executing 'run' command for step: 'mut_count'               
[16:50:31] INFO     Database schema initialized successfully.                   
           INFO     Created run directory:                                      
                    examples/all_mutcounts/mut_count/mut_count___cfg-a50e1d5    
           INFO     Executing task 'mut_count' in run directory:                
                    examples/all_mutcounts/mut_count/mut_count___cfg-a50e1d5    
           INFO     Resolved reaction_group 52_1_A8C to 7 sample(s).            
           INFO     Began task 'mut_count' (ID: 76) for rg:41                   
                    (cfg=a50e1d5848d13b9f329fa89236beb692137efc08f68d87c1107df14
                    d70c180e2)                                                  
           INFO     Starting command (backend=local) in                         
                    examples/all_mutcounts/mut_count/mut_count___cfg-a50e1d5    
           INFO     Executing command locally. Log file:                        
                    examples/all_mutcounts/mut_count/mut_count___cfg-a50e1d5/com
                    mand.log                                                    
[16:54:31] INFO     Command finished with exit code: 0                          
           INFO     Logged attempt #1 for task ID 76 (Attempt ID: 58)           
           INFO     Command completed successfully. Consuming outputs.          
           INFO     Found ShapeMapper profile for 079-EKC-A8C-50c-a-1-p at      
                    examples/all_mutcounts/mut_count/mut_count___cfg-a50e1d5/art
                    ifacts/079-EKC-A8C-50c-a-1-p/079-EKC-A8C-50c-a-1-p_079-EKC-A
                    8C-50c-a-1-p_profile.txt                                    
           INFO     Inserted probe_fmod_run for sample ID 474 (Run ID: 484)     
           INFO     Inserted probe_fmod_run 484 for sample 079-EKC-A8C-50c-a-1-p
           INFO     Bulk inserted 80 fmod_vals records.                         
           INFO     Inserted 80 probe_fmod_values records for                   
                    079-EKC-A8C-50c-a-1-p (modrate).                            
           INFO     Bulk inserted 80 fmod_vals records.                         
           INFO     Inserted 80 probe_fmod_values records for                   
                    079-EKC-A8C-50c-a-1-p (GAmodrate).                          
           INFO     Wrote per-read histogram for 079-EKC-A8C-50c-a-1-p          
                    (Modified) to                                               
                    examples/all_mutcounts/mut_count/mut_count___cfg-a50e1d5/art
                    ifacts/079-EKC-A8C-50c-a-1-p/per_read_histogram.txt         
           INFO     Wrote per-read histogram for 079-EKC-A8C-50c-a-1-p (GA) to  
                    examples/all_mutcounts/mut_count/mut_count___cfg-a50e1d5/art
                    ifacts/079-EKC-A8C-50c-a-1-p/per_read_histogram.txtga       
           INFO     Found ShapeMapper profile for 080-EKC-A8C-50c-a-2-p at      
                    examples/all_mutcounts/mut_count/mut_count___cfg-a50e1d5/art
                    ifacts/080-EKC-A8C-50c-a-2-p/080-EKC-A8C-50c-a-2-p_080-EKC-A
                    8C-50c-a-2-p_profile.txt                                    
           INFO     Inserted probe_fmod_run for sample ID 475 (Run ID: 485)     
           INFO     Inserted probe_fmod_run 485 for sample 080-EKC-A8C-50c-a-2-p
           INFO     Bulk inserted 80 fmod_vals records.                         
           INFO     Inserted 80 probe_fmod_values records for                   
                    080-EKC-A8C-50c-a-2-p (modrate).                            
           INFO     Bulk inserted 80 fmod_vals records.                         
           INFO     Inserted 80 probe_fmod_values records for                   
                    080-EKC-A8C-50c-a-2-p (GAmodrate).                          
           INFO     Wrote per-read histogram for 080-EKC-A8C-50c-a-2-p          
                    (Modified) to                                               
                    examples/all_mutcounts/mut_count/mut_count___cfg-a50e1d5/art
                    ifacts/080-EKC-A8C-50c-a-2-p/per_read_histogram.txt         
           INFO     Wrote per-read histogram for 080-EKC-A8C-50c-a-2-p (GA) to  
                    examples/all_mutcounts/mut_count/mut_count___cfg-a50e1d5/art
                    ifacts/080-EKC-A8C-50c-a-2-p/per_read_histogram.txtga       
           INFO     Found ShapeMapper profile for 081-EKC-A8C-50c-a-3-p at      
                    examples/all_mutcounts/mut_count/mut_count___cfg-a50e1d5/art
                    ifacts/081-EKC-A8C-50c-a-3-p/081-EKC-A8C-50c-a-3-p_081-EKC-A
                    8C-50c-a-3-p_profile.txt                                    
           INFO     Inserted probe_fmod_run for sample ID 476 (Run ID: 486)     
           INFO     Inserted probe_fmod_run 486 for sample 081-EKC-A8C-50c-a-3-p
           INFO     Bulk inserted 80 fmod_vals records.                         
           INFO     Inserted 80 probe_fmod_values records for                   
                    081-EKC-A8C-50c-a-3-p (modrate).                            
           INFO     Bulk inserted 80 fmod_vals records.                         
           INFO     Inserted 80 probe_fmod_values records for                   
                    081-EKC-A8C-50c-a-3-p (GAmodrate).                          
           INFO     Wrote per-read histogram for 081-EKC-A8C-50c-a-3-p          
                    (Modified) to                                               
                    examples/all_mutcounts/mut_count/mut_count___cfg-a50e1d5/art
                    ifacts/081-EKC-A8C-50c-a-3-p/per_read_histogram.txt         
           INFO     Wrote per-read histogram for 081-EKC-A8C-50c-a-3-p (GA) to  
                    examples/all_mutcounts/mut_count/mut_count___cfg-a50e1d5/art
                    ifacts/081-EKC-A8C-50c-a-3-p/per_read_histogram.txtga       
           INFO     Found ShapeMapper profile for 082-EKC-A8C-50c-a-4-p at      
                    examples/all_mutcounts/mut_count/mut_count___cfg-a50e1d5/art
                    ifacts/082-EKC-A8C-50c-a-4-p/082-EKC-A8C-50c-a-4-p_082-EKC-A
                    8C-50c-a-4-p_profile.txt                                    
           INFO     Inserted probe_fmod_run for sample ID 477 (Run ID: 487)     
           INFO     Inserted probe_fmod_run 487 for sample 082-EKC-A8C-50c-a-4-p
           INFO     Bulk inserted 80 fmod_vals records.                         
           INFO     Inserted 80 probe_fmod_values records for                   
                    082-EKC-A8C-50c-a-4-p (modrate).                            
           INFO     Bulk inserted 80 fmod_vals records.                         
           INFO     Inserted 80 probe_fmod_values records for                   
                    082-EKC-A8C-50c-a-4-p (GAmodrate).                          
           INFO     Wrote per-read histogram for 082-EKC-A8C-50c-a-4-p          
                    (Modified) to                                               
                    examples/all_mutcounts/mut_count/mut_count___cfg-a50e1d5/art
                    ifacts/082-EKC-A8C-50c-a-4-p/per_read_histogram.txt         
           INFO     Wrote per-read histogram for 082-EKC-A8C-50c-a-4-p (GA) to  
                    examples/all_mutcounts/mut_count/mut_count___cfg-a50e1d5/art
                    ifacts/082-EKC-A8C-50c-a-4-p/per_read_histogram.txtga       
           INFO     Found ShapeMapper profile for 083-EKC-A8C-50c-a-5-p at      
                    examples/all_mutcounts/mut_count/mut_count___cfg-a50e1d5/art
                    ifacts/083-EKC-A8C-50c-a-5-p/083-EKC-A8C-50c-a-5-p_083-EKC-A
                    8C-50c-a-5-p_profile.txt                                    
           INFO     Inserted probe_fmod_run for sample ID 478 (Run ID: 488)     
           INFO     Inserted probe_fmod_run 488 for sample 083-EKC-A8C-50c-a-5-p
           INFO     Bulk inserted 80 fmod_vals records.                         
           INFO     Inserted 80 probe_fmod_values records for                   
                    083-EKC-A8C-50c-a-5-p (modrate).                            
           INFO     Bulk inserted 80 fmod_vals records.                         
           INFO     Inserted 80 probe_fmod_values records for                   
                    083-EKC-A8C-50c-a-5-p (GAmodrate).                          
           INFO     Wrote per-read histogram for 083-EKC-A8C-50c-a-5-p          
                    (Modified) to                                               
                    examples/all_mutcounts/mut_count/mut_count___cfg-a50e1d5/art
                    ifacts/083-EKC-A8C-50c-a-5-p/per_read_histogram.txt         
           INFO     Wrote per-read histogram for 083-EKC-A8C-50c-a-5-p (GA) to  
                    examples/all_mutcounts/mut_count/mut_count___cfg-a50e1d5/art
                    ifacts/083-EKC-A8C-50c-a-5-p/per_read_histogram.txtga       
           INFO     Found ShapeMapper profile for 084-EKC-A8C-50c-a-6-p at      
                    examples/all_mutcounts/mut_count/mut_count___cfg-a50e1d5/art
                    ifacts/084-EKC-A8C-50c-a-6-p/084-EKC-A8C-50c-a-6-p_084-EKC-A
                    8C-50c-a-6-p_profile.txt                                    
           INFO     Inserted probe_fmod_run for sample ID 479 (Run ID: 489)     
           INFO     Inserted probe_fmod_run 489 for sample 084-EKC-A8C-50c-a-6-p
           INFO     Bulk inserted 80 fmod_vals records.                         
           INFO     Inserted 80 probe_fmod_values records for                   
                    084-EKC-A8C-50c-a-6-p (modrate).                            
           INFO     Bulk inserted 80 fmod_vals records.                         
           INFO     Inserted 80 probe_fmod_values records for                   
                    084-EKC-A8C-50c-a-6-p (GAmodrate).                          
           INFO     Wrote per-read histogram for 084-EKC-A8C-50c-a-6-p          
                    (Modified) to                                               
                    examples/all_mutcounts/mut_count/mut_count___cfg-a50e1d5/art
                    ifacts/084-EKC-A8C-50c-a-6-p/per_read_histogram.txt         
           INFO     Wrote per-read histogram for 084-EKC-A8C-50c-a-6-p (GA) to  
                    examples/all_mutcounts/mut_count/mut_count___cfg-a50e1d5/art
                    ifacts/084-EKC-A8C-50c-a-6-p/per_read_histogram.txtga       
           INFO     Found ShapeMapper profile for 094-EKC-A8C-50c-a-6-m at      
                    examples/all_mutcounts/mut_count/mut_count___cfg-a50e1d5/art
                    ifacts/094-EKC-A8C-50c-a-6-m/094-EKC-A8C-50c-a-6-m_094-EKC-A
                    8C-50c-a-6-m_profile.txt                                    
[16:54:32] INFO     Inserted probe_fmod_run for sample ID 489 (Run ID: 490)     
           INFO     Inserted probe_fmod_run 490 for sample 094-EKC-A8C-50c-a-6-m
           INFO     Bulk inserted 80 fmod_vals records.                         
           INFO     Inserted 80 probe_fmod_values records for                   
                    094-EKC-A8C-50c-a-6-m (modrate).                            
           INFO     Bulk inserted 80 fmod_vals records.                         
           INFO     Inserted 80 probe_fmod_values records for                   
                    094-EKC-A8C-50c-a-6-m (GAmodrate).                          
           INFO     Wrote per-read histogram for 094-EKC-A8C-50c-a-6-m          
                    (Modified) to                                               
                    examples/all_mutcounts/mut_count/mut_count___cfg-a50e1d5/art
                    ifacts/094-EKC-A8C-50c-a-6-m/per_read_histogram.txt         
           INFO     Wrote per-read histogram for 094-EKC-A8C-50c-a-6-m (GA) to  
                    examples/all_mutcounts/mut_count/mut_count___cfg-a50e1d5/art
                    ifacts/094-EKC-A8C-50c-a-6-m/per_read_histogram.txtga       
           INFO     mut_count completed. Profiles found for 7/7 samples;        
                    ingested 7 run(s).                                          
           INFO     Finished task ID 76 with state 'completed'                  
           INFO     Task 'mut_count' (ID: 76) completed successfully.           
           INFO     Updated 'latest' symlink for task 'mut_count' to point to   
                    /gpfs/projects/b1044/Computational_Output/EKC/EKC.01_SHAPE_s
                    tandardization/EKC.01.065.refactoring_data_analysis/nerd/exa
                    mples/all_mutcounts/mut_count/mut_count___cfg-a50e1d5       
