[13:55:16] INFO     Executing 'run' command for step: 'mut_count'               
[13:55:16] INFO     Database schema initialized successfully.                   
           INFO     Created run directory:                                      
                    examples/all_mutcounts/mut_count/mut_count___cfg-5ab6a75    
           INFO     Executing task 'mut_count' in run directory:                
                    examples/all_mutcounts/mut_count/mut_count___cfg-5ab6a75    
           INFO     Resolved reaction_group 14 to 7 sample(s).                  
           INFO     Began task 'mut_count' (ID: 10) for rg:130                  
                    (cfg=5ab6a757c69e782c358bf61971fcd195c94deaf8fec3113624baae8
                    5ad23bc95)                                                  
           INFO     Starting command (backend=local) in                         
                    examples/all_mutcounts/mut_count/mut_count___cfg-5ab6a75    
           INFO     Executing command locally. Log file:                        
                    examples/all_mutcounts/mut_count/mut_count___cfg-5ab6a75/com
                    mand.log                                                    
[13:59:53] INFO     Command finished with exit code: 0                          
           INFO     Logged attempt #1 for task ID 10 (Attempt ID: 7)            
           INFO     Command completed successfully. Consuming outputs.          
           INFO     Found ShapeMapper profile for                               
                    044_P4P6_WT_nobc_5mMMgMRTpH9_tp1_p at                       
                    examples/all_mutcounts/mut_count/mut_count___cfg-5ab6a75/art
                    ifacts/044_P4P6_WT_nobc_5mMMgMRTpH9_tp1_p/044_P4P6_WT_nobc_5
                    mMMgMRTpH9_tp1_p_044_P4P6_WT_nobc_5mMMgMRTpH9_tp1_p_profile.
                    txt                                                         
           INFO     Inserted probe_fmod_run for sample ID 1103 (Run ID: 37)     
           INFO     Inserted probe_fmod_run 37 for sample                       
                    044_P4P6_WT_nobc_5mMMgMRTpH9_tp1_p                          
           INFO     Bulk inserted 212 fmod_vals records.                        
           INFO     Inserted 212 probe_fmod_values records for                  
                    044_P4P6_WT_nobc_5mMMgMRTpH9_tp1_p (modrate).               
           INFO     Bulk inserted 212 fmod_vals records.                        
           INFO     Inserted 212 probe_fmod_values records for                  
                    044_P4P6_WT_nobc_5mMMgMRTpH9_tp1_p (GAmodrate).             
           INFO     Wrote per-read histogram for                                
                    044_P4P6_WT_nobc_5mMMgMRTpH9_tp1_p (Modified) to            
                    examples/all_mutcounts/mut_count/mut_count___cfg-5ab6a75/art
                    ifacts/044_P4P6_WT_nobc_5mMMgMRTpH9_tp1_p/per_read_histogram
                    .txt                                                        
           INFO     Wrote per-read histogram for                                
                    044_P4P6_WT_nobc_5mMMgMRTpH9_tp1_p (GA) to                  
                    examples/all_mutcounts/mut_count/mut_count___cfg-5ab6a75/art
                    ifacts/044_P4P6_WT_nobc_5mMMgMRTpH9_tp1_p/per_read_histogram
                    .txtga                                                      
           INFO     Found ShapeMapper profile for                               
                    045_P4P6_WT_nobc_5mMMgMRTpH9_tp2_p at                       
                    examples/all_mutcounts/mut_count/mut_count___cfg-5ab6a75/art
                    ifacts/045_P4P6_WT_nobc_5mMMgMRTpH9_tp2_p/045_P4P6_WT_nobc_5
                    mMMgMRTpH9_tp2_p_045_P4P6_WT_nobc_5mMMgMRTpH9_tp2_p_profile.
                    txt                                                         
           INFO     Inserted probe_fmod_run for sample ID 1104 (Run ID: 38)     
           INFO     Inserted probe_fmod_run 38 for sample                       
                    045_P4P6_WT_nobc_5mMMgMRTpH9_tp2_p                          
           INFO     Bulk inserted 212 fmod_vals records.                        
           INFO     Inserted 212 probe_fmod_values records for                  
                    045_P4P6_WT_nobc_5mMMgMRTpH9_tp2_p (modrate).               
           INFO     Bulk inserted 212 fmod_vals records.                        
           INFO     Inserted 212 probe_fmod_values records for                  
                    045_P4P6_WT_nobc_5mMMgMRTpH9_tp2_p (GAmodrate).             
           INFO     Wrote per-read histogram for                                
                    045_P4P6_WT_nobc_5mMMgMRTpH9_tp2_p (Modified) to            
                    examples/all_mutcounts/mut_count/mut_count___cfg-5ab6a75/art
                    ifacts/045_P4P6_WT_nobc_5mMMgMRTpH9_tp2_p/per_read_histogram
                    .txt                                                        
           INFO     Wrote per-read histogram for                                
                    045_P4P6_WT_nobc_5mMMgMRTpH9_tp2_p (GA) to                  
                    examples/all_mutcounts/mut_count/mut_count___cfg-5ab6a75/art
                    ifacts/045_P4P6_WT_nobc_5mMMgMRTpH9_tp2_p/per_read_histogram
                    .txtga                                                      
           INFO     Found ShapeMapper profile for                               
                    046_P4P6_WT_nobc_5mMMgMRTpH9_tp3_p at                       
                    examples/all_mutcounts/mut_count/mut_count___cfg-5ab6a75/art
                    ifacts/046_P4P6_WT_nobc_5mMMgMRTpH9_tp3_p/046_P4P6_WT_nobc_5
                    mMMgMRTpH9_tp3_p_046_P4P6_WT_nobc_5mMMgMRTpH9_tp3_p_profile.
                    txt                                                         
           INFO     Inserted probe_fmod_run for sample ID 1105 (Run ID: 39)     
           INFO     Inserted probe_fmod_run 39 for sample                       
                    046_P4P6_WT_nobc_5mMMgMRTpH9_tp3_p                          
           INFO     Bulk inserted 212 fmod_vals records.                        
           INFO     Inserted 212 probe_fmod_values records for                  
                    046_P4P6_WT_nobc_5mMMgMRTpH9_tp3_p (modrate).               
           INFO     Bulk inserted 212 fmod_vals records.                        
           INFO     Inserted 212 probe_fmod_values records for                  
                    046_P4P6_WT_nobc_5mMMgMRTpH9_tp3_p (GAmodrate).             
           INFO     Wrote per-read histogram for                                
                    046_P4P6_WT_nobc_5mMMgMRTpH9_tp3_p (Modified) to            
                    examples/all_mutcounts/mut_count/mut_count___cfg-5ab6a75/art
                    ifacts/046_P4P6_WT_nobc_5mMMgMRTpH9_tp3_p/per_read_histogram
                    .txt                                                        
           INFO     Wrote per-read histogram for                                
                    046_P4P6_WT_nobc_5mMMgMRTpH9_tp3_p (GA) to                  
                    examples/all_mutcounts/mut_count/mut_count___cfg-5ab6a75/art
                    ifacts/046_P4P6_WT_nobc_5mMMgMRTpH9_tp3_p/per_read_histogram
                    .txtga                                                      
           INFO     Found ShapeMapper profile for                               
                    047_P4P6_WT_nobc_5mMMgMRTpH9_tp4_p at                       
                    examples/all_mutcounts/mut_count/mut_count___cfg-5ab6a75/art
                    ifacts/047_P4P6_WT_nobc_5mMMgMRTpH9_tp4_p/047_P4P6_WT_nobc_5
                    mMMgMRTpH9_tp4_p_047_P4P6_WT_nobc_5mMMgMRTpH9_tp4_p_profile.
                    txt                                                         
           INFO     Inserted probe_fmod_run for sample ID 1106 (Run ID: 40)     
           INFO     Inserted probe_fmod_run 40 for sample                       
                    047_P4P6_WT_nobc_5mMMgMRTpH9_tp4_p                          
           INFO     Bulk inserted 212 fmod_vals records.                        
           INFO     Inserted 212 probe_fmod_values records for                  
                    047_P4P6_WT_nobc_5mMMgMRTpH9_tp4_p (modrate).               
           INFO     Bulk inserted 212 fmod_vals records.                        
           INFO     Inserted 212 probe_fmod_values records for                  
                    047_P4P6_WT_nobc_5mMMgMRTpH9_tp4_p (GAmodrate).             
           INFO     Wrote per-read histogram for                                
                    047_P4P6_WT_nobc_5mMMgMRTpH9_tp4_p (Modified) to            
                    examples/all_mutcounts/mut_count/mut_count___cfg-5ab6a75/art
                    ifacts/047_P4P6_WT_nobc_5mMMgMRTpH9_tp4_p/per_read_histogram
                    .txt                                                        
           INFO     Wrote per-read histogram for                                
                    047_P4P6_WT_nobc_5mMMgMRTpH9_tp4_p (GA) to                  
                    examples/all_mutcounts/mut_count/mut_count___cfg-5ab6a75/art
                    ifacts/047_P4P6_WT_nobc_5mMMgMRTpH9_tp4_p/per_read_histogram
                    .txtga                                                      
           INFO     Found ShapeMapper profile for                               
                    048_P4P6_WT_nobc_5mMMgMRTpH9_tp5_p at                       
                    examples/all_mutcounts/mut_count/mut_count___cfg-5ab6a75/art
                    ifacts/048_P4P6_WT_nobc_5mMMgMRTpH9_tp5_p/048_P4P6_WT_nobc_5
                    mMMgMRTpH9_tp5_p_048_P4P6_WT_nobc_5mMMgMRTpH9_tp5_p_profile.
                    txt                                                         
           INFO     Inserted probe_fmod_run for sample ID 1107 (Run ID: 41)     
           INFO     Inserted probe_fmod_run 41 for sample                       
                    048_P4P6_WT_nobc_5mMMgMRTpH9_tp5_p                          
           INFO     Bulk inserted 212 fmod_vals records.                        
           INFO     Inserted 212 probe_fmod_values records for                  
                    048_P4P6_WT_nobc_5mMMgMRTpH9_tp5_p (modrate).               
           INFO     Bulk inserted 212 fmod_vals records.                        
           INFO     Inserted 212 probe_fmod_values records for                  
                    048_P4P6_WT_nobc_5mMMgMRTpH9_tp5_p (GAmodrate).             
           INFO     Wrote per-read histogram for                                
                    048_P4P6_WT_nobc_5mMMgMRTpH9_tp5_p (Modified) to            
                    examples/all_mutcounts/mut_count/mut_count___cfg-5ab6a75/art
                    ifacts/048_P4P6_WT_nobc_5mMMgMRTpH9_tp5_p/per_read_histogram
                    .txt                                                        
           INFO     Wrote per-read histogram for                                
                    048_P4P6_WT_nobc_5mMMgMRTpH9_tp5_p (GA) to                  
                    examples/all_mutcounts/mut_count/mut_count___cfg-5ab6a75/art
                    ifacts/048_P4P6_WT_nobc_5mMMgMRTpH9_tp5_p/per_read_histogram
                    .txtga                                                      
           INFO     Found ShapeMapper profile for                               
                    049_P4P6_WT_nobc_5mMMgMRTpH9_tp6_p at                       
                    examples/all_mutcounts/mut_count/mut_count___cfg-5ab6a75/art
                    ifacts/049_P4P6_WT_nobc_5mMMgMRTpH9_tp6_p/049_P4P6_WT_nobc_5
                    mMMgMRTpH9_tp6_p_049_P4P6_WT_nobc_5mMMgMRTpH9_tp6_p_profile.
                    txt                                                         
           INFO     Inserted probe_fmod_run for sample ID 1108 (Run ID: 42)     
           INFO     Inserted probe_fmod_run 42 for sample                       
                    049_P4P6_WT_nobc_5mMMgMRTpH9_tp6_p                          
           INFO     Bulk inserted 212 fmod_vals records.                        
           INFO     Inserted 212 probe_fmod_values records for                  
                    049_P4P6_WT_nobc_5mMMgMRTpH9_tp6_p (modrate).               
           INFO     Bulk inserted 212 fmod_vals records.                        
           INFO     Inserted 212 probe_fmod_values records for                  
                    049_P4P6_WT_nobc_5mMMgMRTpH9_tp6_p (GAmodrate).             
           INFO     Wrote per-read histogram for                                
                    049_P4P6_WT_nobc_5mMMgMRTpH9_tp6_p (Modified) to            
                    examples/all_mutcounts/mut_count/mut_count___cfg-5ab6a75/art
                    ifacts/049_P4P6_WT_nobc_5mMMgMRTpH9_tp6_p/per_read_histogram
                    .txt                                                        
           INFO     Wrote per-read histogram for                                
                    049_P4P6_WT_nobc_5mMMgMRTpH9_tp6_p (GA) to                  
                    examples/all_mutcounts/mut_count/mut_count___cfg-5ab6a75/art
                    ifacts/049_P4P6_WT_nobc_5mMMgMRTpH9_tp6_p/per_read_histogram
                    .txtga                                                      
           INFO     Found ShapeMapper profile for                               
                    050_P4P6_WT_nobc_5mMMgMRTpH9_tp6_m at                       
                    examples/all_mutcounts/mut_count/mut_count___cfg-5ab6a75/art
                    ifacts/050_P4P6_WT_nobc_5mMMgMRTpH9_tp6_m/050_P4P6_WT_nobc_5
                    mMMgMRTpH9_tp6_m_050_P4P6_WT_nobc_5mMMgMRTpH9_tp6_m_profile.
                    txt                                                         
           INFO     Inserted probe_fmod_run for sample ID 1109 (Run ID: 43)     
           INFO     Inserted probe_fmod_run 43 for sample                       
                    050_P4P6_WT_nobc_5mMMgMRTpH9_tp6_m                          
           INFO     Bulk inserted 212 fmod_vals records.                        
           INFO     Inserted 212 probe_fmod_values records for                  
                    050_P4P6_WT_nobc_5mMMgMRTpH9_tp6_m (modrate).               
           INFO     Bulk inserted 212 fmod_vals records.                        
           INFO     Inserted 212 probe_fmod_values records for                  
                    050_P4P6_WT_nobc_5mMMgMRTpH9_tp6_m (GAmodrate).             
           INFO     Wrote per-read histogram for                                
                    050_P4P6_WT_nobc_5mMMgMRTpH9_tp6_m (Modified) to            
                    examples/all_mutcounts/mut_count/mut_count___cfg-5ab6a75/art
                    ifacts/050_P4P6_WT_nobc_5mMMgMRTpH9_tp6_m/per_read_histogram
                    .txt                                                        
           INFO     Wrote per-read histogram for                                
                    050_P4P6_WT_nobc_5mMMgMRTpH9_tp6_m (GA) to                  
                    examples/all_mutcounts/mut_count/mut_count___cfg-5ab6a75/art
                    ifacts/050_P4P6_WT_nobc_5mMMgMRTpH9_tp6_m/per_read_histogram
                    .txtga                                                      
           INFO     mut_count completed. Profiles found for 7/7 samples;        
                    ingested 7 run(s).                                          
           INFO     Finished task ID 10 with state 'completed'                  
           INFO     Task 'mut_count' (ID: 10) completed successfully.           
           INFO     Updated 'latest' symlink for task 'mut_count' to point to   
                    /gpfs/projects/b1044/Computational_Output/EKC/EKC.01_SHAPE_s
                    tandardization/EKC.01.065.refactoring_data_analysis/nerd/exa
                    mples/all_mutcounts/mut_count/mut_count___cfg-5ab6a75       
