[17:37:09] INFO     Executing 'run' command for step: 'mut_count'               
[17:37:09] INFO     Database schema initialized successfully.                   
           INFO     Created run directory:                                      
                    examples/all_mutcounts/mut_count/mut_count___cfg-72514f5    
           INFO     Executing task 'mut_count' in run directory:                
                    examples/all_mutcounts/mut_count/mut_count___cfg-72514f5    
           INFO     Resolved reaction_group 70_2_12 to 7 sample(s).             
           INFO     Began task 'mut_count' (ID: 98) for rg:118                  
                    (cfg=72514f52610fb83f4eaa2d35becf0f242278cae75fbe2dee31fab5f
                    bdb8ce18b)                                                  
           INFO     Starting command (backend=local) in                         
                    examples/all_mutcounts/mut_count/mut_count___cfg-72514f5    
           INFO     Executing command locally. Log file:                        
                    examples/all_mutcounts/mut_count/mut_count___cfg-72514f5/com
                    mand.log                                                    
[17:41:29] INFO     Command finished with exit code: 0                          
           INFO     Logged attempt #1 for task ID 98 (Attempt ID: 85)           
           INFO     Command completed successfully. Consuming outputs.          
           INFO     Found ShapeMapper profile for 019-HIV-C30U-70c-b-1-p at     
                    examples/all_mutcounts/mut_count/mut_count___cfg-72514f5/art
                    ifacts/019-HIV-C30U-70c-b-1-p/019-HIV-C30U-70c-b-1-p_019-HIV
                    -C30U-70c-b-1-p_profile.txt                                 
           INFO     Inserted probe_fmod_run for sample ID 990 (Run ID: 671)     
           INFO     Inserted probe_fmod_run 671 for sample                      
                    019-HIV-C30U-70c-b-1-p                                      
           INFO     Bulk inserted 74 fmod_vals records.                         
           INFO     Inserted 74 probe_fmod_values records for                   
                    019-HIV-C30U-70c-b-1-p (modrate).                           
           INFO     Bulk inserted 74 fmod_vals records.                         
           INFO     Inserted 74 probe_fmod_values records for                   
                    019-HIV-C30U-70c-b-1-p (GAmodrate).                         
           INFO     Wrote per-read histogram for 019-HIV-C30U-70c-b-1-p         
                    (Modified) to                                               
                    examples/all_mutcounts/mut_count/mut_count___cfg-72514f5/art
                    ifacts/019-HIV-C30U-70c-b-1-p/per_read_histogram.txt        
           INFO     Wrote per-read histogram for 019-HIV-C30U-70c-b-1-p (GA) to 
                    examples/all_mutcounts/mut_count/mut_count___cfg-72514f5/art
                    ifacts/019-HIV-C30U-70c-b-1-p/per_read_histogram.txtga      
           INFO     Found ShapeMapper profile for 020-HIV-C30U-70c-b-2-p at     
                    examples/all_mutcounts/mut_count/mut_count___cfg-72514f5/art
                    ifacts/020-HIV-C30U-70c-b-2-p/020-HIV-C30U-70c-b-2-p_020-HIV
                    -C30U-70c-b-2-p_profile.txt                                 
           INFO     Inserted probe_fmod_run for sample ID 991 (Run ID: 672)     
           INFO     Inserted probe_fmod_run 672 for sample                      
                    020-HIV-C30U-70c-b-2-p                                      
[17:41:30] INFO     Bulk inserted 74 fmod_vals records.                         
           INFO     Inserted 74 probe_fmod_values records for                   
                    020-HIV-C30U-70c-b-2-p (modrate).                           
           INFO     Bulk inserted 74 fmod_vals records.                         
           INFO     Inserted 74 probe_fmod_values records for                   
                    020-HIV-C30U-70c-b-2-p (GAmodrate).                         
           INFO     Wrote per-read histogram for 020-HIV-C30U-70c-b-2-p         
                    (Modified) to                                               
                    examples/all_mutcounts/mut_count/mut_count___cfg-72514f5/art
                    ifacts/020-HIV-C30U-70c-b-2-p/per_read_histogram.txt        
           INFO     Wrote per-read histogram for 020-HIV-C30U-70c-b-2-p (GA) to 
                    examples/all_mutcounts/mut_count/mut_count___cfg-72514f5/art
                    ifacts/020-HIV-C30U-70c-b-2-p/per_read_histogram.txtga      
           INFO     Found ShapeMapper profile for 021-HIV-C30U-70c-b-3-p at     
                    examples/all_mutcounts/mut_count/mut_count___cfg-72514f5/art
                    ifacts/021-HIV-C30U-70c-b-3-p/021-HIV-C30U-70c-b-3-p_021-HIV
                    -C30U-70c-b-3-p_profile.txt                                 
           INFO     Inserted probe_fmod_run for sample ID 992 (Run ID: 673)     
           INFO     Inserted probe_fmod_run 673 for sample                      
                    021-HIV-C30U-70c-b-3-p                                      
           INFO     Bulk inserted 74 fmod_vals records.                         
           INFO     Inserted 74 probe_fmod_values records for                   
                    021-HIV-C30U-70c-b-3-p (modrate).                           
           INFO     Bulk inserted 74 fmod_vals records.                         
           INFO     Inserted 74 probe_fmod_values records for                   
                    021-HIV-C30U-70c-b-3-p (GAmodrate).                         
           INFO     Wrote per-read histogram for 021-HIV-C30U-70c-b-3-p         
                    (Modified) to                                               
                    examples/all_mutcounts/mut_count/mut_count___cfg-72514f5/art
                    ifacts/021-HIV-C30U-70c-b-3-p/per_read_histogram.txt        
           INFO     Wrote per-read histogram for 021-HIV-C30U-70c-b-3-p (GA) to 
                    examples/all_mutcounts/mut_count/mut_count___cfg-72514f5/art
                    ifacts/021-HIV-C30U-70c-b-3-p/per_read_histogram.txtga      
           INFO     Found ShapeMapper profile for 022-HIV-C30U-70c-b-4-p at     
                    examples/all_mutcounts/mut_count/mut_count___cfg-72514f5/art
                    ifacts/022-HIV-C30U-70c-b-4-p/022-HIV-C30U-70c-b-4-p_022-HIV
                    -C30U-70c-b-4-p_profile.txt                                 
           INFO     Inserted probe_fmod_run for sample ID 993 (Run ID: 674)     
           INFO     Inserted probe_fmod_run 674 for sample                      
                    022-HIV-C30U-70c-b-4-p                                      
           INFO     Bulk inserted 74 fmod_vals records.                         
           INFO     Inserted 74 probe_fmod_values records for                   
                    022-HIV-C30U-70c-b-4-p (modrate).                           
           INFO     Bulk inserted 74 fmod_vals records.                         
           INFO     Inserted 74 probe_fmod_values records for                   
                    022-HIV-C30U-70c-b-4-p (GAmodrate).                         
           INFO     Wrote per-read histogram for 022-HIV-C30U-70c-b-4-p         
                    (Modified) to                                               
                    examples/all_mutcounts/mut_count/mut_count___cfg-72514f5/art
                    ifacts/022-HIV-C30U-70c-b-4-p/per_read_histogram.txt        
           INFO     Wrote per-read histogram for 022-HIV-C30U-70c-b-4-p (GA) to 
                    examples/all_mutcounts/mut_count/mut_count___cfg-72514f5/art
                    ifacts/022-HIV-C30U-70c-b-4-p/per_read_histogram.txtga      
           INFO     Found ShapeMapper profile for 023-HIV-C30U-70c-b-5-p at     
                    examples/all_mutcounts/mut_count/mut_count___cfg-72514f5/art
                    ifacts/023-HIV-C30U-70c-b-5-p/023-HIV-C30U-70c-b-5-p_023-HIV
                    -C30U-70c-b-5-p_profile.txt                                 
           INFO     Inserted probe_fmod_run for sample ID 994 (Run ID: 675)     
           INFO     Inserted probe_fmod_run 675 for sample                      
                    023-HIV-C30U-70c-b-5-p                                      
           INFO     Bulk inserted 74 fmod_vals records.                         
           INFO     Inserted 74 probe_fmod_values records for                   
                    023-HIV-C30U-70c-b-5-p (modrate).                           
           INFO     Bulk inserted 74 fmod_vals records.                         
           INFO     Inserted 74 probe_fmod_values records for                   
                    023-HIV-C30U-70c-b-5-p (GAmodrate).                         
           INFO     Wrote per-read histogram for 023-HIV-C30U-70c-b-5-p         
                    (Modified) to                                               
                    examples/all_mutcounts/mut_count/mut_count___cfg-72514f5/art
                    ifacts/023-HIV-C30U-70c-b-5-p/per_read_histogram.txt        
           INFO     Wrote per-read histogram for 023-HIV-C30U-70c-b-5-p (GA) to 
                    examples/all_mutcounts/mut_count/mut_count___cfg-72514f5/art
                    ifacts/023-HIV-C30U-70c-b-5-p/per_read_histogram.txtga      
           INFO     Found ShapeMapper profile for 024-HIV-C30U-70c-b-6-p at     
                    examples/all_mutcounts/mut_count/mut_count___cfg-72514f5/art
                    ifacts/024-HIV-C30U-70c-b-6-p/024-HIV-C30U-70c-b-6-p_024-HIV
                    -C30U-70c-b-6-p_profile.txt                                 
           INFO     Inserted probe_fmod_run for sample ID 995 (Run ID: 676)     
           INFO     Inserted probe_fmod_run 676 for sample                      
                    024-HIV-C30U-70c-b-6-p                                      
           INFO     Bulk inserted 74 fmod_vals records.                         
           INFO     Inserted 74 probe_fmod_values records for                   
                    024-HIV-C30U-70c-b-6-p (modrate).                           
           INFO     Bulk inserted 74 fmod_vals records.                         
           INFO     Inserted 74 probe_fmod_values records for                   
                    024-HIV-C30U-70c-b-6-p (GAmodrate).                         
           INFO     Wrote per-read histogram for 024-HIV-C30U-70c-b-6-p         
                    (Modified) to                                               
                    examples/all_mutcounts/mut_count/mut_count___cfg-72514f5/art
                    ifacts/024-HIV-C30U-70c-b-6-p/per_read_histogram.txt        
           INFO     Wrote per-read histogram for 024-HIV-C30U-70c-b-6-p (GA) to 
                    examples/all_mutcounts/mut_count/mut_count___cfg-72514f5/art
                    ifacts/024-HIV-C30U-70c-b-6-p/per_read_histogram.txtga      
           INFO     Found ShapeMapper profile for 084-HIV-C30U-70c-b-6-m at     
                    examples/all_mutcounts/mut_count/mut_count___cfg-72514f5/art
                    ifacts/084-HIV-C30U-70c-b-6-m/084-HIV-C30U-70c-b-6-m_084-HIV
                    -C30U-70c-b-6-m_profile.txt                                 
           INFO     Inserted probe_fmod_run for sample ID 1055 (Run ID: 677)    
           INFO     Inserted probe_fmod_run 677 for sample                      
                    084-HIV-C30U-70c-b-6-m                                      
           INFO     Bulk inserted 74 fmod_vals records.                         
           INFO     Inserted 74 probe_fmod_values records for                   
                    084-HIV-C30U-70c-b-6-m (modrate).                           
           INFO     Bulk inserted 74 fmod_vals records.                         
           INFO     Inserted 74 probe_fmod_values records for                   
                    084-HIV-C30U-70c-b-6-m (GAmodrate).                         
           INFO     Wrote per-read histogram for 084-HIV-C30U-70c-b-6-m         
                    (Modified) to                                               
                    examples/all_mutcounts/mut_count/mut_count___cfg-72514f5/art
                    ifacts/084-HIV-C30U-70c-b-6-m/per_read_histogram.txt        
           INFO     Wrote per-read histogram for 084-HIV-C30U-70c-b-6-m (GA) to 
                    examples/all_mutcounts/mut_count/mut_count___cfg-72514f5/art
                    ifacts/084-HIV-C30U-70c-b-6-m/per_read_histogram.txtga      
           INFO     mut_count completed. Profiles found for 7/7 samples;        
                    ingested 7 run(s).                                          
           INFO     Finished task ID 98 with state 'completed'                  
           INFO     Task 'mut_count' (ID: 98) completed successfully.           
           INFO     Updated 'latest' symlink for task 'mut_count' to point to   
                    /gpfs/projects/b1044/Computational_Output/EKC/EKC.01_SHAPE_s
                    tandardization/EKC.01.065.refactoring_data_analysis/nerd/exa
                    mples/all_mutcounts/mut_count/mut_count___cfg-72514f5       
