[17:05:53] INFO     Executing 'run' command for step: 'mut_count'               
[17:05:53] INFO     Database schema initialized successfully.                   
           INFO     Created run directory:                                      
                    examples/all_mutcounts/mut_count/mut_count___cfg-97863e4    
           INFO     Executing task 'mut_count' in run directory:                
                    examples/all_mutcounts/mut_count/mut_count___cfg-97863e4    
           INFO     Resolved reaction_group 6 to 4 sample(s).                   
           INFO     Began task 'mut_count' (ID: 79) for rg:128                  
                    (cfg=97863e4769d0618493155599d69b7760344854a669068422bce7579
                    5ee907a79)                                                  
           INFO     Starting command (backend=local) in                         
                    examples/all_mutcounts/mut_count/mut_count___cfg-97863e4    
           INFO     Executing command locally. Log file:                        
                    examples/all_mutcounts/mut_count/mut_count___cfg-97863e4/com
                    mand.log                                                    
[17:08:37] INFO     Command finished with exit code: 0                          
           INFO     Logged attempt #1 for task ID 79 (Attempt ID: 61)           
           INFO     Command completed successfully. Consuming outputs.          
           INFO     Found ShapeMapper profile for                               
                    033_P4P6_WT_nobc_0mMMgMRTpH83_conc0_rep2 at                 
                    examples/all_mutcounts/mut_count/mut_count___cfg-97863e4/art
                    ifacts/033_P4P6_WT_nobc_0mMMgMRTpH83_conc0_rep2/033_P4P6_WT_
                    nobc_0mMMgMRTpH83_conc0_rep2_033_P4P6_WT_nobc_0mMMgMRTpH83_c
                    onc0_rep2_profile.txt                                       
           INFO     Inserted probe_fmod_run for sample ID 1092 (Run ID: 505)    
           INFO     Inserted probe_fmod_run 505 for sample                      
                    033_P4P6_WT_nobc_0mMMgMRTpH83_conc0_rep2                    
           INFO     Bulk inserted 212 fmod_vals records.                        
           INFO     Inserted 212 probe_fmod_values records for                  
                    033_P4P6_WT_nobc_0mMMgMRTpH83_conc0_rep2 (modrate).         
           INFO     Bulk inserted 212 fmod_vals records.                        
           INFO     Inserted 212 probe_fmod_values records for                  
                    033_P4P6_WT_nobc_0mMMgMRTpH83_conc0_rep2 (GAmodrate).       
           INFO     Wrote per-read histogram for                                
                    033_P4P6_WT_nobc_0mMMgMRTpH83_conc0_rep2 (Modified) to      
                    examples/all_mutcounts/mut_count/mut_count___cfg-97863e4/art
                    ifacts/033_P4P6_WT_nobc_0mMMgMRTpH83_conc0_rep2/per_read_his
                    togram.txt                                                  
           INFO     Wrote per-read histogram for                                
                    033_P4P6_WT_nobc_0mMMgMRTpH83_conc0_rep2 (GA) to            
                    examples/all_mutcounts/mut_count/mut_count___cfg-97863e4/art
                    ifacts/033_P4P6_WT_nobc_0mMMgMRTpH83_conc0_rep2/per_read_his
                    togram.txtga                                                
           INFO     Found ShapeMapper profile for                               
                    034_P4P6_WT_nobc_0mMMgMRTpH83_conc0p75_rep2 at              
                    examples/all_mutcounts/mut_count/mut_count___cfg-97863e4/art
                    ifacts/034_P4P6_WT_nobc_0mMMgMRTpH83_conc0p75_rep2/034_P4P6_
                    WT_nobc_0mMMgMRTpH83_conc0p75_rep2_034_P4P6_WT_nobc_0mMMgMRT
                    pH83_conc0p75_rep2_profile.txt                              
           INFO     Inserted probe_fmod_run for sample ID 1093 (Run ID: 506)    
           INFO     Inserted probe_fmod_run 506 for sample                      
                    034_P4P6_WT_nobc_0mMMgMRTpH83_conc0p75_rep2                 
           INFO     Bulk inserted 212 fmod_vals records.                        
           INFO     Inserted 212 probe_fmod_values records for                  
                    034_P4P6_WT_nobc_0mMMgMRTpH83_conc0p75_rep2 (modrate).      
           INFO     Bulk inserted 212 fmod_vals records.                        
           INFO     Inserted 212 probe_fmod_values records for                  
                    034_P4P6_WT_nobc_0mMMgMRTpH83_conc0p75_rep2 (GAmodrate).    
           INFO     Wrote per-read histogram for                                
                    034_P4P6_WT_nobc_0mMMgMRTpH83_conc0p75_rep2 (Modified) to   
                    examples/all_mutcounts/mut_count/mut_count___cfg-97863e4/art
                    ifacts/034_P4P6_WT_nobc_0mMMgMRTpH83_conc0p75_rep2/per_read_
                    histogram.txt                                               
           INFO     Wrote per-read histogram for                                
                    034_P4P6_WT_nobc_0mMMgMRTpH83_conc0p75_rep2 (GA) to         
                    examples/all_mutcounts/mut_count/mut_count___cfg-97863e4/art
                    ifacts/034_P4P6_WT_nobc_0mMMgMRTpH83_conc0p75_rep2/per_read_
                    histogram.txtga                                             
           INFO     Found ShapeMapper profile for                               
                    035_P4P6_WT_nobc_0mMMgMRTpH83_conc1p5_rep2 at               
                    examples/all_mutcounts/mut_count/mut_count___cfg-97863e4/art
                    ifacts/035_P4P6_WT_nobc_0mMMgMRTpH83_conc1p5_rep2/035_P4P6_W
                    T_nobc_0mMMgMRTpH83_conc1p5_rep2_035_P4P6_WT_nobc_0mMMgMRTpH
                    83_conc1p5_rep2_profile.txt                                 
           INFO     Inserted probe_fmod_run for sample ID 1094 (Run ID: 507)    
           INFO     Inserted probe_fmod_run 507 for sample                      
                    035_P4P6_WT_nobc_0mMMgMRTpH83_conc1p5_rep2                  
           INFO     Bulk inserted 212 fmod_vals records.                        
           INFO     Inserted 212 probe_fmod_values records for                  
                    035_P4P6_WT_nobc_0mMMgMRTpH83_conc1p5_rep2 (modrate).       
           INFO     Bulk inserted 212 fmod_vals records.                        
           INFO     Inserted 212 probe_fmod_values records for                  
                    035_P4P6_WT_nobc_0mMMgMRTpH83_conc1p5_rep2 (GAmodrate).     
           INFO     Wrote per-read histogram for                                
                    035_P4P6_WT_nobc_0mMMgMRTpH83_conc1p5_rep2 (Modified) to    
                    examples/all_mutcounts/mut_count/mut_count___cfg-97863e4/art
                    ifacts/035_P4P6_WT_nobc_0mMMgMRTpH83_conc1p5_rep2/per_read_h
                    istogram.txt                                                
           INFO     Wrote per-read histogram for                                
                    035_P4P6_WT_nobc_0mMMgMRTpH83_conc1p5_rep2 (GA) to          
                    examples/all_mutcounts/mut_count/mut_count___cfg-97863e4/art
                    ifacts/035_P4P6_WT_nobc_0mMMgMRTpH83_conc1p5_rep2/per_read_h
                    istogram.txtga                                              
           INFO     Found ShapeMapper profile for                               
                    036_P4P6_WT_nobc_0mMMgMRTpH83_conc3_rep2 at                 
                    examples/all_mutcounts/mut_count/mut_count___cfg-97863e4/art
                    ifacts/036_P4P6_WT_nobc_0mMMgMRTpH83_conc3_rep2/036_P4P6_WT_
                    nobc_0mMMgMRTpH83_conc3_rep2_036_P4P6_WT_nobc_0mMMgMRTpH83_c
                    onc3_rep2_profile.txt                                       
           INFO     Inserted probe_fmod_run for sample ID 1095 (Run ID: 508)    
           INFO     Inserted probe_fmod_run 508 for sample                      
                    036_P4P6_WT_nobc_0mMMgMRTpH83_conc3_rep2                    
           INFO     Bulk inserted 212 fmod_vals records.                        
           INFO     Inserted 212 probe_fmod_values records for                  
                    036_P4P6_WT_nobc_0mMMgMRTpH83_conc3_rep2 (modrate).         
           INFO     Bulk inserted 212 fmod_vals records.                        
           INFO     Inserted 212 probe_fmod_values records for                  
                    036_P4P6_WT_nobc_0mMMgMRTpH83_conc3_rep2 (GAmodrate).       
           INFO     Wrote per-read histogram for                                
                    036_P4P6_WT_nobc_0mMMgMRTpH83_conc3_rep2 (Modified) to      
                    examples/all_mutcounts/mut_count/mut_count___cfg-97863e4/art
                    ifacts/036_P4P6_WT_nobc_0mMMgMRTpH83_conc3_rep2/per_read_his
                    togram.txt                                                  
           INFO     Wrote per-read histogram for                                
                    036_P4P6_WT_nobc_0mMMgMRTpH83_conc3_rep2 (GA) to            
                    examples/all_mutcounts/mut_count/mut_count___cfg-97863e4/art
                    ifacts/036_P4P6_WT_nobc_0mMMgMRTpH83_conc3_rep2/per_read_his
                    togram.txtga                                                
           INFO     mut_count completed. Profiles found for 4/4 samples;        
                    ingested 4 run(s).                                          
           INFO     Finished task ID 79 with state 'completed'                  
           INFO     Task 'mut_count' (ID: 79) completed successfully.           
           INFO     Updated 'latest' symlink for task 'mut_count' to point to   
                    /gpfs/projects/b1044/Computational_Output/EKC/EKC.01_SHAPE_s
                    tandardization/EKC.01.065.refactoring_data_analysis/nerd/exa
                    mples/all_mutcounts/mut_count/mut_count___cfg-97863e4       
