[17:00:48] INFO     Executing 'run' command for step: 'mut_count'               
[17:00:48] INFO     Database schema initialized successfully.                   
           INFO     Created run directory:                                      
                    examples/all_mutcounts/mut_count/mut_count___cfg-f9d4e7d    
           INFO     Executing task 'mut_count' in run directory:                
                    examples/all_mutcounts/mut_count/mut_count___cfg-f9d4e7d    
           INFO     Resolved reaction_group 52_2_A8C to 7 sample(s).            
           INFO     Began task 'mut_count' (ID: 78) for rg:42                   
                    (cfg=f9d4e7df879d3780aa7e13bd5d59cdee2e9b91285e45bc615db785e
                    6aee4068a)                                                  
           INFO     Starting command (backend=local) in                         
                    examples/all_mutcounts/mut_count/mut_count___cfg-f9d4e7d    
           INFO     Executing command locally. Log file:                        
                    examples/all_mutcounts/mut_count/mut_count___cfg-f9d4e7d/com
                    mand.log                                                    
[17:05:22] INFO     Command finished with exit code: 0                          
           INFO     Logged attempt #1 for task ID 78 (Attempt ID: 60)           
           INFO     Command completed successfully. Consuming outputs.          
           INFO     Found ShapeMapper profile for 085-EKC-A8C-50c-b-1-p at      
                    examples/all_mutcounts/mut_count/mut_count___cfg-f9d4e7d/art
                    ifacts/085-EKC-A8C-50c-b-1-p/085-EKC-A8C-50c-b-1-p_085-EKC-A
                    8C-50c-b-1-p_profile.txt                                    
           INFO     Inserted probe_fmod_run for sample ID 480 (Run ID: 498)     
           INFO     Inserted probe_fmod_run 498 for sample 085-EKC-A8C-50c-b-1-p
           INFO     Bulk inserted 80 fmod_vals records.                         
           INFO     Inserted 80 probe_fmod_values records for                   
                    085-EKC-A8C-50c-b-1-p (modrate).                            
           INFO     Bulk inserted 80 fmod_vals records.                         
           INFO     Inserted 80 probe_fmod_values records for                   
                    085-EKC-A8C-50c-b-1-p (GAmodrate).                          
           INFO     Wrote per-read histogram for 085-EKC-A8C-50c-b-1-p          
                    (Modified) to                                               
                    examples/all_mutcounts/mut_count/mut_count___cfg-f9d4e7d/art
                    ifacts/085-EKC-A8C-50c-b-1-p/per_read_histogram.txt         
           INFO     Wrote per-read histogram for 085-EKC-A8C-50c-b-1-p (GA) to  
                    examples/all_mutcounts/mut_count/mut_count___cfg-f9d4e7d/art
                    ifacts/085-EKC-A8C-50c-b-1-p/per_read_histogram.txtga       
           INFO     Found ShapeMapper profile for 086-EKC-A8C-50c-b-2-p at      
                    examples/all_mutcounts/mut_count/mut_count___cfg-f9d4e7d/art
                    ifacts/086-EKC-A8C-50c-b-2-p/086-EKC-A8C-50c-b-2-p_086-EKC-A
                    8C-50c-b-2-p_profile.txt                                    
           INFO     Inserted probe_fmod_run for sample ID 481 (Run ID: 499)     
           INFO     Inserted probe_fmod_run 499 for sample 086-EKC-A8C-50c-b-2-p
           INFO     Bulk inserted 80 fmod_vals records.                         
           INFO     Inserted 80 probe_fmod_values records for                   
                    086-EKC-A8C-50c-b-2-p (modrate).                            
           INFO     Bulk inserted 80 fmod_vals records.                         
           INFO     Inserted 80 probe_fmod_values records for                   
                    086-EKC-A8C-50c-b-2-p (GAmodrate).                          
           INFO     Wrote per-read histogram for 086-EKC-A8C-50c-b-2-p          
                    (Modified) to                                               
                    examples/all_mutcounts/mut_count/mut_count___cfg-f9d4e7d/art
                    ifacts/086-EKC-A8C-50c-b-2-p/per_read_histogram.txt         
           INFO     Wrote per-read histogram for 086-EKC-A8C-50c-b-2-p (GA) to  
                    examples/all_mutcounts/mut_count/mut_count___cfg-f9d4e7d/art
                    ifacts/086-EKC-A8C-50c-b-2-p/per_read_histogram.txtga       
           INFO     Found ShapeMapper profile for 087-EKC-A8C-50c-b-3-p at      
                    examples/all_mutcounts/mut_count/mut_count___cfg-f9d4e7d/art
                    ifacts/087-EKC-A8C-50c-b-3-p/087-EKC-A8C-50c-b-3-p_087-EKC-A
                    8C-50c-b-3-p_profile.txt                                    
           INFO     Inserted probe_fmod_run for sample ID 482 (Run ID: 500)     
           INFO     Inserted probe_fmod_run 500 for sample 087-EKC-A8C-50c-b-3-p
           INFO     Bulk inserted 80 fmod_vals records.                         
           INFO     Inserted 80 probe_fmod_values records for                   
                    087-EKC-A8C-50c-b-3-p (modrate).                            
           INFO     Bulk inserted 80 fmod_vals records.                         
           INFO     Inserted 80 probe_fmod_values records for                   
                    087-EKC-A8C-50c-b-3-p (GAmodrate).                          
           INFO     Wrote per-read histogram for 087-EKC-A8C-50c-b-3-p          
                    (Modified) to                                               
                    examples/all_mutcounts/mut_count/mut_count___cfg-f9d4e7d/art
                    ifacts/087-EKC-A8C-50c-b-3-p/per_read_histogram.txt         
           INFO     Wrote per-read histogram for 087-EKC-A8C-50c-b-3-p (GA) to  
                    examples/all_mutcounts/mut_count/mut_count___cfg-f9d4e7d/art
                    ifacts/087-EKC-A8C-50c-b-3-p/per_read_histogram.txtga       
           INFO     Found ShapeMapper profile for 088-EKC-A8C-50c-b-4-p at      
                    examples/all_mutcounts/mut_count/mut_count___cfg-f9d4e7d/art
                    ifacts/088-EKC-A8C-50c-b-4-p/088-EKC-A8C-50c-b-4-p_088-EKC-A
                    8C-50c-b-4-p_profile.txt                                    
           INFO     Inserted probe_fmod_run for sample ID 483 (Run ID: 501)     
           INFO     Inserted probe_fmod_run 501 for sample 088-EKC-A8C-50c-b-4-p
           INFO     Bulk inserted 80 fmod_vals records.                         
           INFO     Inserted 80 probe_fmod_values records for                   
                    088-EKC-A8C-50c-b-4-p (modrate).                            
           INFO     Bulk inserted 80 fmod_vals records.                         
           INFO     Inserted 80 probe_fmod_values records for                   
                    088-EKC-A8C-50c-b-4-p (GAmodrate).                          
           INFO     Wrote per-read histogram for 088-EKC-A8C-50c-b-4-p          
                    (Modified) to                                               
                    examples/all_mutcounts/mut_count/mut_count___cfg-f9d4e7d/art
                    ifacts/088-EKC-A8C-50c-b-4-p/per_read_histogram.txt         
           INFO     Wrote per-read histogram for 088-EKC-A8C-50c-b-4-p (GA) to  
                    examples/all_mutcounts/mut_count/mut_count___cfg-f9d4e7d/art
                    ifacts/088-EKC-A8C-50c-b-4-p/per_read_histogram.txtga       
           INFO     Found ShapeMapper profile for 089-EKC-A8C-50c-b-5-p at      
                    examples/all_mutcounts/mut_count/mut_count___cfg-f9d4e7d/art
                    ifacts/089-EKC-A8C-50c-b-5-p/089-EKC-A8C-50c-b-5-p_089-EKC-A
                    8C-50c-b-5-p_profile.txt                                    
           INFO     Inserted probe_fmod_run for sample ID 484 (Run ID: 502)     
           INFO     Inserted probe_fmod_run 502 for sample 089-EKC-A8C-50c-b-5-p
           INFO     Bulk inserted 80 fmod_vals records.                         
           INFO     Inserted 80 probe_fmod_values records for                   
                    089-EKC-A8C-50c-b-5-p (modrate).                            
           INFO     Bulk inserted 80 fmod_vals records.                         
           INFO     Inserted 80 probe_fmod_values records for                   
                    089-EKC-A8C-50c-b-5-p (GAmodrate).                          
           INFO     Wrote per-read histogram for 089-EKC-A8C-50c-b-5-p          
                    (Modified) to                                               
                    examples/all_mutcounts/mut_count/mut_count___cfg-f9d4e7d/art
                    ifacts/089-EKC-A8C-50c-b-5-p/per_read_histogram.txt         
           INFO     Wrote per-read histogram for 089-EKC-A8C-50c-b-5-p (GA) to  
                    examples/all_mutcounts/mut_count/mut_count___cfg-f9d4e7d/art
                    ifacts/089-EKC-A8C-50c-b-5-p/per_read_histogram.txtga       
           INFO     Found ShapeMapper profile for 090-EKC-A8C-50c-b-6-p at      
                    examples/all_mutcounts/mut_count/mut_count___cfg-f9d4e7d/art
                    ifacts/090-EKC-A8C-50c-b-6-p/090-EKC-A8C-50c-b-6-p_090-EKC-A
                    8C-50c-b-6-p_profile.txt                                    
           INFO     Inserted probe_fmod_run for sample ID 485 (Run ID: 503)     
           INFO     Inserted probe_fmod_run 503 for sample 090-EKC-A8C-50c-b-6-p
           INFO     Bulk inserted 80 fmod_vals records.                         
           INFO     Inserted 80 probe_fmod_values records for                   
                    090-EKC-A8C-50c-b-6-p (modrate).                            
           INFO     Bulk inserted 80 fmod_vals records.                         
           INFO     Inserted 80 probe_fmod_values records for                   
                    090-EKC-A8C-50c-b-6-p (GAmodrate).                          
           INFO     Wrote per-read histogram for 090-EKC-A8C-50c-b-6-p          
                    (Modified) to                                               
                    examples/all_mutcounts/mut_count/mut_count___cfg-f9d4e7d/art
                    ifacts/090-EKC-A8C-50c-b-6-p/per_read_histogram.txt         
           INFO     Wrote per-read histogram for 090-EKC-A8C-50c-b-6-p (GA) to  
                    examples/all_mutcounts/mut_count/mut_count___cfg-f9d4e7d/art
                    ifacts/090-EKC-A8C-50c-b-6-p/per_read_histogram.txtga       
           INFO     Found ShapeMapper profile for 095-EKC-A8C-50c-b-6-m at      
                    examples/all_mutcounts/mut_count/mut_count___cfg-f9d4e7d/art
                    ifacts/095-EKC-A8C-50c-b-6-m/095-EKC-A8C-50c-b-6-m_095-EKC-A
                    8C-50c-b-6-m_profile.txt                                    
           INFO     Inserted probe_fmod_run for sample ID 490 (Run ID: 504)     
           INFO     Inserted probe_fmod_run 504 for sample 095-EKC-A8C-50c-b-6-m
           INFO     Bulk inserted 80 fmod_vals records.                         
           INFO     Inserted 80 probe_fmod_values records for                   
                    095-EKC-A8C-50c-b-6-m (modrate).                            
           INFO     Bulk inserted 80 fmod_vals records.                         
           INFO     Inserted 80 probe_fmod_values records for                   
                    095-EKC-A8C-50c-b-6-m (GAmodrate).                          
           INFO     Wrote per-read histogram for 095-EKC-A8C-50c-b-6-m          
                    (Modified) to                                               
                    examples/all_mutcounts/mut_count/mut_count___cfg-f9d4e7d/art
                    ifacts/095-EKC-A8C-50c-b-6-m/per_read_histogram.txt         
           INFO     Wrote per-read histogram for 095-EKC-A8C-50c-b-6-m (GA) to  
                    examples/all_mutcounts/mut_count/mut_count___cfg-f9d4e7d/art
                    ifacts/095-EKC-A8C-50c-b-6-m/per_read_histogram.txtga       
           INFO     mut_count completed. Profiles found for 7/7 samples;        
                    ingested 7 run(s).                                          
           INFO     Finished task ID 78 with state 'completed'                  
           INFO     Task 'mut_count' (ID: 78) completed successfully.           
           INFO     Updated 'latest' symlink for task 'mut_count' to point to   
                    /gpfs/projects/b1044/Computational_Output/EKC/EKC.01_SHAPE_s
                    tandardization/EKC.01.065.refactoring_data_analysis/nerd/exa
                    mples/all_mutcounts/mut_count/mut_count___cfg-f9d4e7d       
