[14:10:46] INFO     Executing 'run' command for step: 'mut_count'               
[14:10:46] INFO     Database schema initialized successfully.                   
           INFO     Created run directory:                                      
                    examples/all_mutcounts/mut_count/mut_count___cfg-cf7fea6    
           INFO     Executing task 'mut_count' in run directory:                
                    examples/all_mutcounts/mut_count/mut_count___cfg-cf7fea6    
           INFO     Resolved reaction_group 25_1_15 to 7 sample(s).             
           INFO     Began task 'mut_count' (ID: 31) for rg:83                   
                    (cfg=cf7fea6f51eb20c4371d34b8fa1e4413937a3f0d72c960a99754e8d
                    c97970252)                                                  
           INFO     Starting command (backend=local) in                         
                    examples/all_mutcounts/mut_count/mut_count___cfg-cf7fea6    
           INFO     Executing command locally. Log file:                        
                    examples/all_mutcounts/mut_count/mut_count___cfg-cf7fea6/com
                    mand.log                                                    
[14:15:21] INFO     Command finished with exit code: 0                          
           INFO     Logged attempt #1 for task ID 31 (Attempt ID: 17)           
           INFO     Command completed successfully. Consuming outputs.          
           INFO     Found ShapeMapper profile for 001-HIV-WT-25c-a-1-p at       
                    examples/all_mutcounts/mut_count/mut_count___cfg-cf7fea6/art
                    ifacts/001-HIV-WT-25c-a-1-p/001-HIV-WT-25c-a-1-p_001-HIV-WT-
                    25c-a-1-p_profile.txt                                       
           INFO     Inserted probe_fmod_run for sample ID 780 (Run ID: 107)     
           INFO     Inserted probe_fmod_run 107 for sample 001-HIV-WT-25c-a-1-p 
           INFO     Bulk inserted 74 fmod_vals records.                         
           INFO     Inserted 74 probe_fmod_values records for                   
                    001-HIV-WT-25c-a-1-p (modrate).                             
           INFO     Bulk inserted 74 fmod_vals records.                         
           INFO     Inserted 74 probe_fmod_values records for                   
                    001-HIV-WT-25c-a-1-p (GAmodrate).                           
           INFO     Wrote per-read histogram for 001-HIV-WT-25c-a-1-p (Modified)
                    to                                                          
                    examples/all_mutcounts/mut_count/mut_count___cfg-cf7fea6/art
                    ifacts/001-HIV-WT-25c-a-1-p/per_read_histogram.txt          
           INFO     Wrote per-read histogram for 001-HIV-WT-25c-a-1-p (GA) to   
                    examples/all_mutcounts/mut_count/mut_count___cfg-cf7fea6/art
                    ifacts/001-HIV-WT-25c-a-1-p/per_read_histogram.txtga        
           INFO     Found ShapeMapper profile for 002-HIV-WT-25c-a-2-p at       
                    examples/all_mutcounts/mut_count/mut_count___cfg-cf7fea6/art
                    ifacts/002-HIV-WT-25c-a-2-p/002-HIV-WT-25c-a-2-p_002-HIV-WT-
                    25c-a-2-p_profile.txt                                       
           INFO     Inserted probe_fmod_run for sample ID 781 (Run ID: 108)     
           INFO     Inserted probe_fmod_run 108 for sample 002-HIV-WT-25c-a-2-p 
           INFO     Bulk inserted 74 fmod_vals records.                         
           INFO     Inserted 74 probe_fmod_values records for                   
                    002-HIV-WT-25c-a-2-p (modrate).                             
           INFO     Bulk inserted 74 fmod_vals records.                         
           INFO     Inserted 74 probe_fmod_values records for                   
                    002-HIV-WT-25c-a-2-p (GAmodrate).                           
           INFO     Wrote per-read histogram for 002-HIV-WT-25c-a-2-p (Modified)
                    to                                                          
                    examples/all_mutcounts/mut_count/mut_count___cfg-cf7fea6/art
                    ifacts/002-HIV-WT-25c-a-2-p/per_read_histogram.txt          
           INFO     Wrote per-read histogram for 002-HIV-WT-25c-a-2-p (GA) to   
                    examples/all_mutcounts/mut_count/mut_count___cfg-cf7fea6/art
                    ifacts/002-HIV-WT-25c-a-2-p/per_read_histogram.txtga        
           INFO     Found ShapeMapper profile for 003-HIV-WT-25c-a-3-p at       
                    examples/all_mutcounts/mut_count/mut_count___cfg-cf7fea6/art
                    ifacts/003-HIV-WT-25c-a-3-p/003-HIV-WT-25c-a-3-p_003-HIV-WT-
                    25c-a-3-p_profile.txt                                       
           INFO     Inserted probe_fmod_run for sample ID 782 (Run ID: 109)     
           INFO     Inserted probe_fmod_run 109 for sample 003-HIV-WT-25c-a-3-p 
           INFO     Bulk inserted 74 fmod_vals records.                         
           INFO     Inserted 74 probe_fmod_values records for                   
                    003-HIV-WT-25c-a-3-p (modrate).                             
           INFO     Bulk inserted 74 fmod_vals records.                         
           INFO     Inserted 74 probe_fmod_values records for                   
                    003-HIV-WT-25c-a-3-p (GAmodrate).                           
           INFO     Wrote per-read histogram for 003-HIV-WT-25c-a-3-p (Modified)
                    to                                                          
                    examples/all_mutcounts/mut_count/mut_count___cfg-cf7fea6/art
                    ifacts/003-HIV-WT-25c-a-3-p/per_read_histogram.txt          
           INFO     Wrote per-read histogram for 003-HIV-WT-25c-a-3-p (GA) to   
                    examples/all_mutcounts/mut_count/mut_count___cfg-cf7fea6/art
                    ifacts/003-HIV-WT-25c-a-3-p/per_read_histogram.txtga        
           INFO     Found ShapeMapper profile for 004-HIV-WT-25c-a-4-p at       
                    examples/all_mutcounts/mut_count/mut_count___cfg-cf7fea6/art
                    ifacts/004-HIV-WT-25c-a-4-p/004-HIV-WT-25c-a-4-p_004-HIV-WT-
                    25c-a-4-p_profile.txt                                       
           INFO     Inserted probe_fmod_run for sample ID 783 (Run ID: 110)     
           INFO     Inserted probe_fmod_run 110 for sample 004-HIV-WT-25c-a-4-p 
           INFO     Bulk inserted 74 fmod_vals records.                         
           INFO     Inserted 74 probe_fmod_values records for                   
                    004-HIV-WT-25c-a-4-p (modrate).                             
           INFO     Bulk inserted 74 fmod_vals records.                         
           INFO     Inserted 74 probe_fmod_values records for                   
                    004-HIV-WT-25c-a-4-p (GAmodrate).                           
           INFO     Wrote per-read histogram for 004-HIV-WT-25c-a-4-p (Modified)
                    to                                                          
                    examples/all_mutcounts/mut_count/mut_count___cfg-cf7fea6/art
                    ifacts/004-HIV-WT-25c-a-4-p/per_read_histogram.txt          
           INFO     Wrote per-read histogram for 004-HIV-WT-25c-a-4-p (GA) to   
                    examples/all_mutcounts/mut_count/mut_count___cfg-cf7fea6/art
                    ifacts/004-HIV-WT-25c-a-4-p/per_read_histogram.txtga        
           INFO     Found ShapeMapper profile for 005-HIV-WT-25c-a-5-p at       
                    examples/all_mutcounts/mut_count/mut_count___cfg-cf7fea6/art
                    ifacts/005-HIV-WT-25c-a-5-p/005-HIV-WT-25c-a-5-p_005-HIV-WT-
                    25c-a-5-p_profile.txt                                       
           INFO     Inserted probe_fmod_run for sample ID 784 (Run ID: 111)     
           INFO     Inserted probe_fmod_run 111 for sample 005-HIV-WT-25c-a-5-p 
           INFO     Bulk inserted 74 fmod_vals records.                         
           INFO     Inserted 74 probe_fmod_values records for                   
                    005-HIV-WT-25c-a-5-p (modrate).                             
           INFO     Bulk inserted 74 fmod_vals records.                         
           INFO     Inserted 74 probe_fmod_values records for                   
                    005-HIV-WT-25c-a-5-p (GAmodrate).                           
           INFO     Wrote per-read histogram for 005-HIV-WT-25c-a-5-p (Modified)
                    to                                                          
                    examples/all_mutcounts/mut_count/mut_count___cfg-cf7fea6/art
                    ifacts/005-HIV-WT-25c-a-5-p/per_read_histogram.txt          
           INFO     Wrote per-read histogram for 005-HIV-WT-25c-a-5-p (GA) to   
                    examples/all_mutcounts/mut_count/mut_count___cfg-cf7fea6/art
                    ifacts/005-HIV-WT-25c-a-5-p/per_read_histogram.txtga        
           INFO     Found ShapeMapper profile for 006-HIV-WT-25c-a-6-p at       
                    examples/all_mutcounts/mut_count/mut_count___cfg-cf7fea6/art
                    ifacts/006-HIV-WT-25c-a-6-p/006-HIV-WT-25c-a-6-p_006-HIV-WT-
                    25c-a-6-p_profile.txt                                       
           INFO     Inserted probe_fmod_run for sample ID 785 (Run ID: 112)     
           INFO     Inserted probe_fmod_run 112 for sample 006-HIV-WT-25c-a-6-p 
           INFO     Bulk inserted 74 fmod_vals records.                         
           INFO     Inserted 74 probe_fmod_values records for                   
                    006-HIV-WT-25c-a-6-p (modrate).                             
           INFO     Bulk inserted 74 fmod_vals records.                         
           INFO     Inserted 74 probe_fmod_values records for                   
                    006-HIV-WT-25c-a-6-p (GAmodrate).                           
           INFO     Wrote per-read histogram for 006-HIV-WT-25c-a-6-p (Modified)
                    to                                                          
                    examples/all_mutcounts/mut_count/mut_count___cfg-cf7fea6/art
                    ifacts/006-HIV-WT-25c-a-6-p/per_read_histogram.txt          
           INFO     Wrote per-read histogram for 006-HIV-WT-25c-a-6-p (GA) to   
                    examples/all_mutcounts/mut_count/mut_count___cfg-cf7fea6/art
                    ifacts/006-HIV-WT-25c-a-6-p/per_read_histogram.txtga        
[14:15:22] INFO     Found ShapeMapper profile for 049-HIV-WT-25c-a-6-m at       
                    examples/all_mutcounts/mut_count/mut_count___cfg-cf7fea6/art
                    ifacts/049-HIV-WT-25c-a-6-m/049-HIV-WT-25c-a-6-m_049-HIV-WT-
                    25c-a-6-m_profile.txt                                       
           INFO     Inserted probe_fmod_run for sample ID 1020 (Run ID: 113)    
           INFO     Inserted probe_fmod_run 113 for sample 049-HIV-WT-25c-a-6-m 
           INFO     Bulk inserted 74 fmod_vals records.                         
           INFO     Inserted 74 probe_fmod_values records for                   
                    049-HIV-WT-25c-a-6-m (modrate).                             
           INFO     Bulk inserted 74 fmod_vals records.                         
           INFO     Inserted 74 probe_fmod_values records for                   
                    049-HIV-WT-25c-a-6-m (GAmodrate).                           
           INFO     Wrote per-read histogram for 049-HIV-WT-25c-a-6-m (Modified)
                    to                                                          
                    examples/all_mutcounts/mut_count/mut_count___cfg-cf7fea6/art
                    ifacts/049-HIV-WT-25c-a-6-m/per_read_histogram.txt          
           INFO     Wrote per-read histogram for 049-HIV-WT-25c-a-6-m (GA) to   
                    examples/all_mutcounts/mut_count/mut_count___cfg-cf7fea6/art
                    ifacts/049-HIV-WT-25c-a-6-m/per_read_histogram.txtga        
           INFO     mut_count completed. Profiles found for 7/7 samples;        
                    ingested 7 run(s).                                          
           INFO     Finished task ID 31 with state 'completed'                  
           INFO     Task 'mut_count' (ID: 31) completed successfully.           
           INFO     Updated 'latest' symlink for task 'mut_count' to point to   
                    /gpfs/projects/b1044/Computational_Output/EKC/EKC.01_SHAPE_s
                    tandardization/EKC.01.065.refactoring_data_analysis/nerd/exa
                    mples/all_mutcounts/mut_count/mut_count___cfg-cf7fea6       
