[15:59:10] INFO     Executing 'run' command for step: 'mut_count'               
[15:59:10] INFO     Database schema initialized successfully.                   
           INFO     Created run directory:                                      
                    examples/all_mutcounts/mut_count/mut_count___cfg-ce27ace    
           INFO     Executing task 'mut_count' in run directory:                
                    examples/all_mutcounts/mut_count/mut_count___cfg-ce27ace    
           INFO     Resolved reaction_group 45_1_A8C to 25 sample(s).           
           INFO     Began task 'mut_count' (ID: 66) for rg:9                    
                    (cfg=ce27ace09b8d66db821f578a57d121443679828ba3fc1ee5280758d
                    15c045d0c)                                                  
           INFO     Starting command (backend=local) in                         
                    examples/all_mutcounts/mut_count/mut_count___cfg-ce27ace    
           INFO     Executing command locally. Log file:                        
                    examples/all_mutcounts/mut_count/mut_count___cfg-ce27ace/com
                    mand.log                                                    
[16:39:40] INFO     Command finished with exit code: 0                          
           INFO     Logged attempt #1 for task ID 66 (Attempt ID: 54)           
           INFO     Command completed successfully. Consuming outputs.          
           INFO     Found ShapeMapper profile for                               
                    019-EKC-fourUnew-A8C-45C-dms-MaP-1 at                       
                    examples/all_mutcounts/mut_count/mut_count___cfg-ce27ace/art
                    ifacts/019-EKC-fourUnew-A8C-45C-dms-MaP-1/019-EKC-fourUnew-A
                    8C-45C-dms-MaP-1_019-EKC-fourUnew-A8C-45C-dms-MaP-1_profile.
                    txt                                                         
           INFO     Inserted probe_fmod_run for sample ID 156 (Run ID: 429)     
           INFO     Inserted probe_fmod_run 429 for sample                      
                    019-EKC-fourUnew-A8C-45C-dms-MaP-1                          
           INFO     Bulk inserted 80 fmod_vals records.                         
           INFO     Inserted 80 probe_fmod_values records for                   
                    019-EKC-fourUnew-A8C-45C-dms-MaP-1 (modrate).               
           INFO     Bulk inserted 80 fmod_vals records.                         
           INFO     Inserted 80 probe_fmod_values records for                   
                    019-EKC-fourUnew-A8C-45C-dms-MaP-1 (GAmodrate).             
           INFO     Wrote per-read histogram for                                
                    019-EKC-fourUnew-A8C-45C-dms-MaP-1 (Modified) to            
                    examples/all_mutcounts/mut_count/mut_count___cfg-ce27ace/art
                    ifacts/019-EKC-fourUnew-A8C-45C-dms-MaP-1/per_read_histogram
                    .txt                                                        
           INFO     Wrote per-read histogram for                                
                    019-EKC-fourUnew-A8C-45C-dms-MaP-1 (GA) to                  
                    examples/all_mutcounts/mut_count/mut_count___cfg-ce27ace/art
                    ifacts/019-EKC-fourUnew-A8C-45C-dms-MaP-1/per_read_histogram
                    .txtga                                                      
           INFO     Found ShapeMapper profile for                               
                    019-EKC-fourUnew-A8C-45C-dms-stop-1 at                      
                    examples/all_mutcounts/mut_count/mut_count___cfg-ce27ace/art
                    ifacts/019-EKC-fourUnew-A8C-45C-dms-stop-1/019-EKC-fourUnew-
                    A8C-45C-dms-stop-1_019-EKC-fourUnew-A8C-45C-dms-stop-1_profi
                    le.txt                                                      
           INFO     Inserted probe_fmod_run for sample ID 99 (Run ID: 430)      
           INFO     Inserted probe_fmod_run 430 for sample                      
                    019-EKC-fourUnew-A8C-45C-dms-stop-1                         
           INFO     Bulk inserted 80 fmod_vals records.                         
           INFO     Inserted 80 probe_fmod_values records for                   
                    019-EKC-fourUnew-A8C-45C-dms-stop-1 (modrate).              
           INFO     Bulk inserted 80 fmod_vals records.                         
           INFO     Inserted 80 probe_fmod_values records for                   
                    019-EKC-fourUnew-A8C-45C-dms-stop-1 (GAmodrate).            
           INFO     Wrote per-read histogram for                                
                    019-EKC-fourUnew-A8C-45C-dms-stop-1 (Modified) to           
                    examples/all_mutcounts/mut_count/mut_count___cfg-ce27ace/art
                    ifacts/019-EKC-fourUnew-A8C-45C-dms-stop-1/per_read_histogra
                    m.txt                                                       
           INFO     Wrote per-read histogram for                                
                    019-EKC-fourUnew-A8C-45C-dms-stop-1 (GA) to                 
                    examples/all_mutcounts/mut_count/mut_count___cfg-ce27ace/art
                    ifacts/019-EKC-fourUnew-A8C-45C-dms-stop-1/per_read_histogra
                    m.txtga                                                     
           INFO     Found ShapeMapper profile for                               
                    RRRY-019-EKC-fourUnew-A8C-45C-dms-MaP-1 at                  
                    examples/all_mutcounts/mut_count/mut_count___cfg-ce27ace/art
                    ifacts/RRRY-019-EKC-fourUnew-A8C-45C-dms-MaP-1/RRRY-019-EKC-
                    fourUnew-A8C-45C-dms-MaP-1_RRRY-019-EKC-fourUnew-A8C-45C-dms
                    -MaP-1_profile.txt                                          
           INFO     Inserted probe_fmod_run for sample ID 198 (Run ID: 431)     
           INFO     Inserted probe_fmod_run 431 for sample                      
                    RRRY-019-EKC-fourUnew-A8C-45C-dms-MaP-1                     
           INFO     Bulk inserted 80 fmod_vals records.                         
           INFO     Inserted 80 probe_fmod_values records for                   
                    RRRY-019-EKC-fourUnew-A8C-45C-dms-MaP-1 (modrate).          
           INFO     Bulk inserted 80 fmod_vals records.                         
           INFO     Inserted 80 probe_fmod_values records for                   
                    RRRY-019-EKC-fourUnew-A8C-45C-dms-MaP-1 (GAmodrate).        
           INFO     Wrote per-read histogram for                                
                    RRRY-019-EKC-fourUnew-A8C-45C-dms-MaP-1 (Modified) to       
                    examples/all_mutcounts/mut_count/mut_count___cfg-ce27ace/art
                    ifacts/RRRY-019-EKC-fourUnew-A8C-45C-dms-MaP-1/per_read_hist
                    ogram.txt                                                   
           INFO     Wrote per-read histogram for                                
                    RRRY-019-EKC-fourUnew-A8C-45C-dms-MaP-1 (GA) to             
                    examples/all_mutcounts/mut_count/mut_count___cfg-ce27ace/art
                    ifacts/RRRY-019-EKC-fourUnew-A8C-45C-dms-MaP-1/per_read_hist
                    ogram.txtga                                                 
           INFO     Found ShapeMapper profile for                               
                    YYYR-019-EKC-fourUnew-A8C-45C-dms-MaP-1 at                  
                    examples/all_mutcounts/mut_count/mut_count___cfg-ce27ace/art
                    ifacts/YYYR-019-EKC-fourUnew-A8C-45C-dms-MaP-1/YYYR-019-EKC-
                    fourUnew-A8C-45C-dms-MaP-1_YYYR-019-EKC-fourUnew-A8C-45C-dms
                    -MaP-1_profile.txt                                          
           INFO     Inserted probe_fmod_run for sample ID 199 (Run ID: 432)     
           INFO     Inserted probe_fmod_run 432 for sample                      
                    YYYR-019-EKC-fourUnew-A8C-45C-dms-MaP-1                     
           INFO     Bulk inserted 80 fmod_vals records.                         
           INFO     Inserted 80 probe_fmod_values records for                   
                    YYYR-019-EKC-fourUnew-A8C-45C-dms-MaP-1 (modrate).          
           INFO     Bulk inserted 80 fmod_vals records.                         
           INFO     Inserted 80 probe_fmod_values records for                   
                    YYYR-019-EKC-fourUnew-A8C-45C-dms-MaP-1 (GAmodrate).        
           INFO     Wrote per-read histogram for                                
                    YYYR-019-EKC-fourUnew-A8C-45C-dms-MaP-1 (Modified) to       
                    examples/all_mutcounts/mut_count/mut_count___cfg-ce27ace/art
                    ifacts/YYYR-019-EKC-fourUnew-A8C-45C-dms-MaP-1/per_read_hist
                    ogram.txt                                                   
           INFO     Wrote per-read histogram for                                
                    YYYR-019-EKC-fourUnew-A8C-45C-dms-MaP-1 (GA) to             
                    examples/all_mutcounts/mut_count/mut_count___cfg-ce27ace/art
                    ifacts/YYYR-019-EKC-fourUnew-A8C-45C-dms-MaP-1/per_read_hist
                    ogram.txtga                                                 
[16:39:41] INFO     Found ShapeMapper profile for                               
                    020-EKC-fourUnew-A8C-45C-dms-MaP-3 at                       
                    examples/all_mutcounts/mut_count/mut_count___cfg-ce27ace/art
                    ifacts/020-EKC-fourUnew-A8C-45C-dms-MaP-3/020-EKC-fourUnew-A
                    8C-45C-dms-MaP-3_020-EKC-fourUnew-A8C-45C-dms-MaP-3_profile.
                    txt                                                         
           INFO     Inserted probe_fmod_run for sample ID 157 (Run ID: 433)     
           INFO     Inserted probe_fmod_run 433 for sample                      
                    020-EKC-fourUnew-A8C-45C-dms-MaP-3                          
           INFO     Bulk inserted 80 fmod_vals records.                         
           INFO     Inserted 80 probe_fmod_values records for                   
                    020-EKC-fourUnew-A8C-45C-dms-MaP-3 (modrate).               
           INFO     Bulk inserted 80 fmod_vals records.                         
           INFO     Inserted 80 probe_fmod_values records for                   
                    020-EKC-fourUnew-A8C-45C-dms-MaP-3 (GAmodrate).             
           INFO     Wrote per-read histogram for                                
                    020-EKC-fourUnew-A8C-45C-dms-MaP-3 (Modified) to            
                    examples/all_mutcounts/mut_count/mut_count___cfg-ce27ace/art
                    ifacts/020-EKC-fourUnew-A8C-45C-dms-MaP-3/per_read_histogram
                    .txt                                                        
           INFO     Wrote per-read histogram for                                
                    020-EKC-fourUnew-A8C-45C-dms-MaP-3 (GA) to                  
                    examples/all_mutcounts/mut_count/mut_count___cfg-ce27ace/art
                    ifacts/020-EKC-fourUnew-A8C-45C-dms-MaP-3/per_read_histogram
                    .txtga                                                      
           INFO     Found ShapeMapper profile for                               
                    020-EKC-fourUnew-A8C-45C-dms-stop-3 at                      
                    examples/all_mutcounts/mut_count/mut_count___cfg-ce27ace/art
                    ifacts/020-EKC-fourUnew-A8C-45C-dms-stop-3/020-EKC-fourUnew-
                    A8C-45C-dms-stop-3_020-EKC-fourUnew-A8C-45C-dms-stop-3_profi
                    le.txt                                                      
           INFO     Inserted probe_fmod_run for sample ID 100 (Run ID: 434)     
           INFO     Inserted probe_fmod_run 434 for sample                      
                    020-EKC-fourUnew-A8C-45C-dms-stop-3                         
           INFO     Bulk inserted 80 fmod_vals records.                         
           INFO     Inserted 80 probe_fmod_values records for                   
                    020-EKC-fourUnew-A8C-45C-dms-stop-3 (modrate).              
           INFO     Bulk inserted 80 fmod_vals records.                         
           INFO     Inserted 80 probe_fmod_values records for                   
                    020-EKC-fourUnew-A8C-45C-dms-stop-3 (GAmodrate).            
           INFO     Wrote per-read histogram for                                
                    020-EKC-fourUnew-A8C-45C-dms-stop-3 (Modified) to           
                    examples/all_mutcounts/mut_count/mut_count___cfg-ce27ace/art
                    ifacts/020-EKC-fourUnew-A8C-45C-dms-stop-3/per_read_histogra
                    m.txt                                                       
           INFO     Wrote per-read histogram for                                
                    020-EKC-fourUnew-A8C-45C-dms-stop-3 (GA) to                 
                    examples/all_mutcounts/mut_count/mut_count___cfg-ce27ace/art
                    ifacts/020-EKC-fourUnew-A8C-45C-dms-stop-3/per_read_histogra
                    m.txtga                                                     
           INFO     Found ShapeMapper profile for                               
                    RRRY-020-EKC-fourUnew-A8C-45C-dms-MaP-3 at                  
                    examples/all_mutcounts/mut_count/mut_count___cfg-ce27ace/art
                    ifacts/RRRY-020-EKC-fourUnew-A8C-45C-dms-MaP-3/RRRY-020-EKC-
                    fourUnew-A8C-45C-dms-MaP-3_RRRY-020-EKC-fourUnew-A8C-45C-dms
                    -MaP-3_profile.txt                                          
           INFO     Inserted probe_fmod_run for sample ID 200 (Run ID: 435)     
           INFO     Inserted probe_fmod_run 435 for sample                      
                    RRRY-020-EKC-fourUnew-A8C-45C-dms-MaP-3                     
           INFO     Bulk inserted 80 fmod_vals records.                         
           INFO     Inserted 80 probe_fmod_values records for                   
                    RRRY-020-EKC-fourUnew-A8C-45C-dms-MaP-3 (modrate).          
           INFO     Bulk inserted 80 fmod_vals records.                         
           INFO     Inserted 80 probe_fmod_values records for                   
                    RRRY-020-EKC-fourUnew-A8C-45C-dms-MaP-3 (GAmodrate).        
           INFO     Wrote per-read histogram for                                
                    RRRY-020-EKC-fourUnew-A8C-45C-dms-MaP-3 (Modified) to       
                    examples/all_mutcounts/mut_count/mut_count___cfg-ce27ace/art
                    ifacts/RRRY-020-EKC-fourUnew-A8C-45C-dms-MaP-3/per_read_hist
                    ogram.txt                                                   
           INFO     Wrote per-read histogram for                                
                    RRRY-020-EKC-fourUnew-A8C-45C-dms-MaP-3 (GA) to             
                    examples/all_mutcounts/mut_count/mut_count___cfg-ce27ace/art
                    ifacts/RRRY-020-EKC-fourUnew-A8C-45C-dms-MaP-3/per_read_hist
                    ogram.txtga                                                 
           INFO     Found ShapeMapper profile for                               
                    YYYR-020-EKC-fourUnew-A8C-45C-dms-MaP-3 at                  
                    examples/all_mutcounts/mut_count/mut_count___cfg-ce27ace/art
                    ifacts/YYYR-020-EKC-fourUnew-A8C-45C-dms-MaP-3/YYYR-020-EKC-
                    fourUnew-A8C-45C-dms-MaP-3_YYYR-020-EKC-fourUnew-A8C-45C-dms
                    -MaP-3_profile.txt                                          
           INFO     Inserted probe_fmod_run for sample ID 201 (Run ID: 436)     
           INFO     Inserted probe_fmod_run 436 for sample                      
                    YYYR-020-EKC-fourUnew-A8C-45C-dms-MaP-3                     
           INFO     Bulk inserted 80 fmod_vals records.                         
           INFO     Inserted 80 probe_fmod_values records for                   
                    YYYR-020-EKC-fourUnew-A8C-45C-dms-MaP-3 (modrate).          
           INFO     Bulk inserted 80 fmod_vals records.                         
           INFO     Inserted 80 probe_fmod_values records for                   
                    YYYR-020-EKC-fourUnew-A8C-45C-dms-MaP-3 (GAmodrate).        
           INFO     Wrote per-read histogram for                                
                    YYYR-020-EKC-fourUnew-A8C-45C-dms-MaP-3 (Modified) to       
                    examples/all_mutcounts/mut_count/mut_count___cfg-ce27ace/art
                    ifacts/YYYR-020-EKC-fourUnew-A8C-45C-dms-MaP-3/per_read_hist
                    ogram.txt                                                   
           INFO     Wrote per-read histogram for                                
                    YYYR-020-EKC-fourUnew-A8C-45C-dms-MaP-3 (GA) to             
                    examples/all_mutcounts/mut_count/mut_count___cfg-ce27ace/art
                    ifacts/YYYR-020-EKC-fourUnew-A8C-45C-dms-MaP-3/per_read_hist
                    ogram.txtga                                                 
           INFO     Found ShapeMapper profile for                               
                    021-EKC-fourUnew-A8C-45C-dms-MaP-6 at                       
                    examples/all_mutcounts/mut_count/mut_count___cfg-ce27ace/art
                    ifacts/021-EKC-fourUnew-A8C-45C-dms-MaP-6/021-EKC-fourUnew-A
                    8C-45C-dms-MaP-6_021-EKC-fourUnew-A8C-45C-dms-MaP-6_profile.
                    txt                                                         
           INFO     Inserted probe_fmod_run for sample ID 158 (Run ID: 437)     
           INFO     Inserted probe_fmod_run 437 for sample                      
                    021-EKC-fourUnew-A8C-45C-dms-MaP-6                          
           INFO     Bulk inserted 80 fmod_vals records.                         
           INFO     Inserted 80 probe_fmod_values records for                   
                    021-EKC-fourUnew-A8C-45C-dms-MaP-6 (modrate).               
           INFO     Bulk inserted 80 fmod_vals records.                         
           INFO     Inserted 80 probe_fmod_values records for                   
                    021-EKC-fourUnew-A8C-45C-dms-MaP-6 (GAmodrate).             
           INFO     Wrote per-read histogram for                                
                    021-EKC-fourUnew-A8C-45C-dms-MaP-6 (Modified) to            
                    examples/all_mutcounts/mut_count/mut_count___cfg-ce27ace/art
                    ifacts/021-EKC-fourUnew-A8C-45C-dms-MaP-6/per_read_histogram
                    .txt                                                        
           INFO     Wrote per-read histogram for                                
                    021-EKC-fourUnew-A8C-45C-dms-MaP-6 (GA) to                  
                    examples/all_mutcounts/mut_count/mut_count___cfg-ce27ace/art
                    ifacts/021-EKC-fourUnew-A8C-45C-dms-MaP-6/per_read_histogram
                    .txtga                                                      
           INFO     Found ShapeMapper profile for                               
                    021-EKC-fourUnew-A8C-45C-dms-stop-6 at                      
                    examples/all_mutcounts/mut_count/mut_count___cfg-ce27ace/art
                    ifacts/021-EKC-fourUnew-A8C-45C-dms-stop-6/021-EKC-fourUnew-
                    A8C-45C-dms-stop-6_021-EKC-fourUnew-A8C-45C-dms-stop-6_profi
                    le.txt                                                      
           INFO     Inserted probe_fmod_run for sample ID 101 (Run ID: 438)     
           INFO     Inserted probe_fmod_run 438 for sample                      
                    021-EKC-fourUnew-A8C-45C-dms-stop-6                         
           INFO     Bulk inserted 80 fmod_vals records.                         
           INFO     Inserted 80 probe_fmod_values records for                   
                    021-EKC-fourUnew-A8C-45C-dms-stop-6 (modrate).              
           INFO     Bulk inserted 80 fmod_vals records.                         
           INFO     Inserted 80 probe_fmod_values records for                   
                    021-EKC-fourUnew-A8C-45C-dms-stop-6 (GAmodrate).            
           INFO     Wrote per-read histogram for                                
                    021-EKC-fourUnew-A8C-45C-dms-stop-6 (Modified) to           
                    examples/all_mutcounts/mut_count/mut_count___cfg-ce27ace/art
                    ifacts/021-EKC-fourUnew-A8C-45C-dms-stop-6/per_read_histogra
                    m.txt                                                       
           INFO     Wrote per-read histogram for                                
                    021-EKC-fourUnew-A8C-45C-dms-stop-6 (GA) to                 
                    examples/all_mutcounts/mut_count/mut_count___cfg-ce27ace/art
                    ifacts/021-EKC-fourUnew-A8C-45C-dms-stop-6/per_read_histogra
                    m.txtga                                                     
           INFO     Found ShapeMapper profile for                               
                    RRRY-021-EKC-fourUnew-A8C-45C-dms-MaP-6 at                  
                    examples/all_mutcounts/mut_count/mut_count___cfg-ce27ace/art
                    ifacts/RRRY-021-EKC-fourUnew-A8C-45C-dms-MaP-6/RRRY-021-EKC-
                    fourUnew-A8C-45C-dms-MaP-6_RRRY-021-EKC-fourUnew-A8C-45C-dms
                    -MaP-6_profile.txt                                          
           INFO     Inserted probe_fmod_run for sample ID 202 (Run ID: 439)     
           INFO     Inserted probe_fmod_run 439 for sample                      
                    RRRY-021-EKC-fourUnew-A8C-45C-dms-MaP-6                     
           INFO     Bulk inserted 80 fmod_vals records.                         
           INFO     Inserted 80 probe_fmod_values records for                   
                    RRRY-021-EKC-fourUnew-A8C-45C-dms-MaP-6 (modrate).          
           INFO     Bulk inserted 80 fmod_vals records.                         
           INFO     Inserted 80 probe_fmod_values records for                   
                    RRRY-021-EKC-fourUnew-A8C-45C-dms-MaP-6 (GAmodrate).        
           INFO     Wrote per-read histogram for                                
                    RRRY-021-EKC-fourUnew-A8C-45C-dms-MaP-6 (Modified) to       
                    examples/all_mutcounts/mut_count/mut_count___cfg-ce27ace/art
                    ifacts/RRRY-021-EKC-fourUnew-A8C-45C-dms-MaP-6/per_read_hist
                    ogram.txt                                                   
           INFO     Wrote per-read histogram for                                
                    RRRY-021-EKC-fourUnew-A8C-45C-dms-MaP-6 (GA) to             
                    examples/all_mutcounts/mut_count/mut_count___cfg-ce27ace/art
                    ifacts/RRRY-021-EKC-fourUnew-A8C-45C-dms-MaP-6/per_read_hist
                    ogram.txtga                                                 
           INFO     Found ShapeMapper profile for                               
                    YYYR-021-EKC-fourUnew-A8C-45C-dms-MaP-6 at                  
                    examples/all_mutcounts/mut_count/mut_count___cfg-ce27ace/art
                    ifacts/YYYR-021-EKC-fourUnew-A8C-45C-dms-MaP-6/YYYR-021-EKC-
                    fourUnew-A8C-45C-dms-MaP-6_YYYR-021-EKC-fourUnew-A8C-45C-dms
                    -MaP-6_profile.txt                                          
           INFO     Inserted probe_fmod_run for sample ID 203 (Run ID: 440)     
           INFO     Inserted probe_fmod_run 440 for sample                      
                    YYYR-021-EKC-fourUnew-A8C-45C-dms-MaP-6                     
           INFO     Bulk inserted 80 fmod_vals records.                         
           INFO     Inserted 80 probe_fmod_values records for                   
                    YYYR-021-EKC-fourUnew-A8C-45C-dms-MaP-6 (modrate).          
           INFO     Bulk inserted 80 fmod_vals records.                         
           INFO     Inserted 80 probe_fmod_values records for                   
                    YYYR-021-EKC-fourUnew-A8C-45C-dms-MaP-6 (GAmodrate).        
           INFO     Wrote per-read histogram for                                
                    YYYR-021-EKC-fourUnew-A8C-45C-dms-MaP-6 (Modified) to       
                    examples/all_mutcounts/mut_count/mut_count___cfg-ce27ace/art
                    ifacts/YYYR-021-EKC-fourUnew-A8C-45C-dms-MaP-6/per_read_hist
                    ogram.txt                                                   
           INFO     Wrote per-read histogram for                                
                    YYYR-021-EKC-fourUnew-A8C-45C-dms-MaP-6 (GA) to             
                    examples/all_mutcounts/mut_count/mut_count___cfg-ce27ace/art
                    ifacts/YYYR-021-EKC-fourUnew-A8C-45C-dms-MaP-6/per_read_hist
                    ogram.txtga                                                 
           INFO     Found ShapeMapper profile for                               
                    022-EKC-fourUnew-A8C-45C-dms-MaP-10 at                      
                    examples/all_mutcounts/mut_count/mut_count___cfg-ce27ace/art
                    ifacts/022-EKC-fourUnew-A8C-45C-dms-MaP-10/022-EKC-fourUnew-
                    A8C-45C-dms-MaP-10_022-EKC-fourUnew-A8C-45C-dms-MaP-10_profi
                    le.txt                                                      
           INFO     Inserted probe_fmod_run for sample ID 159 (Run ID: 441)     
           INFO     Inserted probe_fmod_run 441 for sample                      
                    022-EKC-fourUnew-A8C-45C-dms-MaP-10                         
           INFO     Bulk inserted 80 fmod_vals records.                         
           INFO     Inserted 80 probe_fmod_values records for                   
                    022-EKC-fourUnew-A8C-45C-dms-MaP-10 (modrate).              
           INFO     Bulk inserted 80 fmod_vals records.                         
           INFO     Inserted 80 probe_fmod_values records for                   
                    022-EKC-fourUnew-A8C-45C-dms-MaP-10 (GAmodrate).            
           INFO     Wrote per-read histogram for                                
                    022-EKC-fourUnew-A8C-45C-dms-MaP-10 (Modified) to           
                    examples/all_mutcounts/mut_count/mut_count___cfg-ce27ace/art
                    ifacts/022-EKC-fourUnew-A8C-45C-dms-MaP-10/per_read_histogra
                    m.txt                                                       
           INFO     Wrote per-read histogram for                                
                    022-EKC-fourUnew-A8C-45C-dms-MaP-10 (GA) to                 
                    examples/all_mutcounts/mut_count/mut_count___cfg-ce27ace/art
                    ifacts/022-EKC-fourUnew-A8C-45C-dms-MaP-10/per_read_histogra
                    m.txtga                                                     
           INFO     Found ShapeMapper profile for                               
                    022-EKC-fourUnew-A8C-45C-dms-stop-10 at                     
                    examples/all_mutcounts/mut_count/mut_count___cfg-ce27ace/art
                    ifacts/022-EKC-fourUnew-A8C-45C-dms-stop-10/022-EKC-fourUnew
                    -A8C-45C-dms-stop-10_022-EKC-fourUnew-A8C-45C-dms-stop-10_pr
                    ofile.txt                                                   
           INFO     Inserted probe_fmod_run for sample ID 102 (Run ID: 442)     
           INFO     Inserted probe_fmod_run 442 for sample                      
                    022-EKC-fourUnew-A8C-45C-dms-stop-10                        
           INFO     Bulk inserted 80 fmod_vals records.                         
           INFO     Inserted 80 probe_fmod_values records for                   
                    022-EKC-fourUnew-A8C-45C-dms-stop-10 (modrate).             
           INFO     Bulk inserted 80 fmod_vals records.                         
           INFO     Inserted 80 probe_fmod_values records for                   
                    022-EKC-fourUnew-A8C-45C-dms-stop-10 (GAmodrate).           
           INFO     Wrote per-read histogram for                                
                    022-EKC-fourUnew-A8C-45C-dms-stop-10 (Modified) to          
                    examples/all_mutcounts/mut_count/mut_count___cfg-ce27ace/art
                    ifacts/022-EKC-fourUnew-A8C-45C-dms-stop-10/per_read_histogr
                    am.txt                                                      
           INFO     Wrote per-read histogram for                                
                    022-EKC-fourUnew-A8C-45C-dms-stop-10 (GA) to                
                    examples/all_mutcounts/mut_count/mut_count___cfg-ce27ace/art
                    ifacts/022-EKC-fourUnew-A8C-45C-dms-stop-10/per_read_histogr
                    am.txtga                                                    
           INFO     Found ShapeMapper profile for                               
                    RRRY-022-EKC-fourUnew-A8C-45C-dms-MaP-10 at                 
                    examples/all_mutcounts/mut_count/mut_count___cfg-ce27ace/art
                    ifacts/RRRY-022-EKC-fourUnew-A8C-45C-dms-MaP-10/RRRY-022-EKC
                    -fourUnew-A8C-45C-dms-MaP-10_RRRY-022-EKC-fourUnew-A8C-45C-d
                    ms-MaP-10_profile.txt                                       
           INFO     Inserted probe_fmod_run for sample ID 204 (Run ID: 443)     
           INFO     Inserted probe_fmod_run 443 for sample                      
                    RRRY-022-EKC-fourUnew-A8C-45C-dms-MaP-10                    
           INFO     Bulk inserted 80 fmod_vals records.                         
           INFO     Inserted 80 probe_fmod_values records for                   
                    RRRY-022-EKC-fourUnew-A8C-45C-dms-MaP-10 (modrate).         
           INFO     Bulk inserted 80 fmod_vals records.                         
           INFO     Inserted 80 probe_fmod_values records for                   
                    RRRY-022-EKC-fourUnew-A8C-45C-dms-MaP-10 (GAmodrate).       
           INFO     Wrote per-read histogram for                                
                    RRRY-022-EKC-fourUnew-A8C-45C-dms-MaP-10 (Modified) to      
                    examples/all_mutcounts/mut_count/mut_count___cfg-ce27ace/art
                    ifacts/RRRY-022-EKC-fourUnew-A8C-45C-dms-MaP-10/per_read_his
                    togram.txt                                                  
           INFO     Wrote per-read histogram for                                
                    RRRY-022-EKC-fourUnew-A8C-45C-dms-MaP-10 (GA) to            
                    examples/all_mutcounts/mut_count/mut_count___cfg-ce27ace/art
                    ifacts/RRRY-022-EKC-fourUnew-A8C-45C-dms-MaP-10/per_read_his
                    togram.txtga                                                
           INFO     Found ShapeMapper profile for                               
                    YYYR-022-EKC-fourUnew-A8C-45C-dms-MaP-10 at                 
                    examples/all_mutcounts/mut_count/mut_count___cfg-ce27ace/art
                    ifacts/YYYR-022-EKC-fourUnew-A8C-45C-dms-MaP-10/YYYR-022-EKC
                    -fourUnew-A8C-45C-dms-MaP-10_YYYR-022-EKC-fourUnew-A8C-45C-d
                    ms-MaP-10_profile.txt                                       
           INFO     Inserted probe_fmod_run for sample ID 205 (Run ID: 444)     
           INFO     Inserted probe_fmod_run 444 for sample                      
                    YYYR-022-EKC-fourUnew-A8C-45C-dms-MaP-10                    
           INFO     Bulk inserted 80 fmod_vals records.                         
           INFO     Inserted 80 probe_fmod_values records for                   
                    YYYR-022-EKC-fourUnew-A8C-45C-dms-MaP-10 (modrate).         
           INFO     Bulk inserted 80 fmod_vals records.                         
           INFO     Inserted 80 probe_fmod_values records for                   
                    YYYR-022-EKC-fourUnew-A8C-45C-dms-MaP-10 (GAmodrate).       
           INFO     Wrote per-read histogram for                                
                    YYYR-022-EKC-fourUnew-A8C-45C-dms-MaP-10 (Modified) to      
                    examples/all_mutcounts/mut_count/mut_count___cfg-ce27ace/art
                    ifacts/YYYR-022-EKC-fourUnew-A8C-45C-dms-MaP-10/per_read_his
                    togram.txt                                                  
           INFO     Wrote per-read histogram for                                
                    YYYR-022-EKC-fourUnew-A8C-45C-dms-MaP-10 (GA) to            
                    examples/all_mutcounts/mut_count/mut_count___cfg-ce27ace/art
                    ifacts/YYYR-022-EKC-fourUnew-A8C-45C-dms-MaP-10/per_read_his
                    togram.txtga                                                
           INFO     Found ShapeMapper profile for                               
                    023-EKC-fourUnew-A8C-45C-dms-MaP-16 at                      
                    examples/all_mutcounts/mut_count/mut_count___cfg-ce27ace/art
                    ifacts/023-EKC-fourUnew-A8C-45C-dms-MaP-16/023-EKC-fourUnew-
                    A8C-45C-dms-MaP-16_023-EKC-fourUnew-A8C-45C-dms-MaP-16_profi
                    le.txt                                                      
           INFO     Inserted probe_fmod_run for sample ID 160 (Run ID: 445)     
           INFO     Inserted probe_fmod_run 445 for sample                      
                    023-EKC-fourUnew-A8C-45C-dms-MaP-16                         
           INFO     Bulk inserted 80 fmod_vals records.                         
           INFO     Inserted 80 probe_fmod_values records for                   
                    023-EKC-fourUnew-A8C-45C-dms-MaP-16 (modrate).              
           INFO     Bulk inserted 80 fmod_vals records.                         
           INFO     Inserted 80 probe_fmod_values records for                   
                    023-EKC-fourUnew-A8C-45C-dms-MaP-16 (GAmodrate).            
           INFO     Wrote per-read histogram for                                
                    023-EKC-fourUnew-A8C-45C-dms-MaP-16 (Modified) to           
                    examples/all_mutcounts/mut_count/mut_count___cfg-ce27ace/art
                    ifacts/023-EKC-fourUnew-A8C-45C-dms-MaP-16/per_read_histogra
                    m.txt                                                       
           INFO     Wrote per-read histogram for                                
                    023-EKC-fourUnew-A8C-45C-dms-MaP-16 (GA) to                 
                    examples/all_mutcounts/mut_count/mut_count___cfg-ce27ace/art
                    ifacts/023-EKC-fourUnew-A8C-45C-dms-MaP-16/per_read_histogra
                    m.txtga                                                     
           INFO     Found ShapeMapper profile for                               
                    023-EKC-fourUnew-A8C-45C-dms-stop-16 at                     
                    examples/all_mutcounts/mut_count/mut_count___cfg-ce27ace/art
                    ifacts/023-EKC-fourUnew-A8C-45C-dms-stop-16/023-EKC-fourUnew
                    -A8C-45C-dms-stop-16_023-EKC-fourUnew-A8C-45C-dms-stop-16_pr
                    ofile.txt                                                   
           INFO     Inserted probe_fmod_run for sample ID 103 (Run ID: 446)     
           INFO     Inserted probe_fmod_run 446 for sample                      
                    023-EKC-fourUnew-A8C-45C-dms-stop-16                        
           INFO     Bulk inserted 80 fmod_vals records.                         
           INFO     Inserted 80 probe_fmod_values records for                   
                    023-EKC-fourUnew-A8C-45C-dms-stop-16 (modrate).             
           INFO     Bulk inserted 80 fmod_vals records.                         
           INFO     Inserted 80 probe_fmod_values records for                   
                    023-EKC-fourUnew-A8C-45C-dms-stop-16 (GAmodrate).           
           INFO     Wrote per-read histogram for                                
                    023-EKC-fourUnew-A8C-45C-dms-stop-16 (Modified) to          
                    examples/all_mutcounts/mut_count/mut_count___cfg-ce27ace/art
                    ifacts/023-EKC-fourUnew-A8C-45C-dms-stop-16/per_read_histogr
                    am.txt                                                      
           INFO     Wrote per-read histogram for                                
                    023-EKC-fourUnew-A8C-45C-dms-stop-16 (GA) to                
                    examples/all_mutcounts/mut_count/mut_count___cfg-ce27ace/art
                    ifacts/023-EKC-fourUnew-A8C-45C-dms-stop-16/per_read_histogr
                    am.txtga                                                    
           INFO     Found ShapeMapper profile for                               
                    RRRY-023-EKC-fourUnew-A8C-45C-dms-MaP-16 at                 
                    examples/all_mutcounts/mut_count/mut_count___cfg-ce27ace/art
                    ifacts/RRRY-023-EKC-fourUnew-A8C-45C-dms-MaP-16/RRRY-023-EKC
                    -fourUnew-A8C-45C-dms-MaP-16_RRRY-023-EKC-fourUnew-A8C-45C-d
                    ms-MaP-16_profile.txt                                       
           INFO     Inserted probe_fmod_run for sample ID 206 (Run ID: 447)     
           INFO     Inserted probe_fmod_run 447 for sample                      
                    RRRY-023-EKC-fourUnew-A8C-45C-dms-MaP-16                    
           INFO     Bulk inserted 80 fmod_vals records.                         
           INFO     Inserted 80 probe_fmod_values records for                   
                    RRRY-023-EKC-fourUnew-A8C-45C-dms-MaP-16 (modrate).         
           INFO     Bulk inserted 80 fmod_vals records.                         
           INFO     Inserted 80 probe_fmod_values records for                   
                    RRRY-023-EKC-fourUnew-A8C-45C-dms-MaP-16 (GAmodrate).       
           INFO     Wrote per-read histogram for                                
                    RRRY-023-EKC-fourUnew-A8C-45C-dms-MaP-16 (Modified) to      
                    examples/all_mutcounts/mut_count/mut_count___cfg-ce27ace/art
                    ifacts/RRRY-023-EKC-fourUnew-A8C-45C-dms-MaP-16/per_read_his
                    togram.txt                                                  
           INFO     Wrote per-read histogram for                                
                    RRRY-023-EKC-fourUnew-A8C-45C-dms-MaP-16 (GA) to            
                    examples/all_mutcounts/mut_count/mut_count___cfg-ce27ace/art
                    ifacts/RRRY-023-EKC-fourUnew-A8C-45C-dms-MaP-16/per_read_his
                    togram.txtga                                                
           INFO     Found ShapeMapper profile for                               
                    YYYR-023-EKC-fourUnew-A8C-45C-dms-MaP-16 at                 
                    examples/all_mutcounts/mut_count/mut_count___cfg-ce27ace/art
                    ifacts/YYYR-023-EKC-fourUnew-A8C-45C-dms-MaP-16/YYYR-023-EKC
                    -fourUnew-A8C-45C-dms-MaP-16_YYYR-023-EKC-fourUnew-A8C-45C-d
                    ms-MaP-16_profile.txt                                       
           INFO     Inserted probe_fmod_run for sample ID 207 (Run ID: 448)     
           INFO     Inserted probe_fmod_run 448 for sample                      
                    YYYR-023-EKC-fourUnew-A8C-45C-dms-MaP-16                    
           INFO     Bulk inserted 80 fmod_vals records.                         
           INFO     Inserted 80 probe_fmod_values records for                   
                    YYYR-023-EKC-fourUnew-A8C-45C-dms-MaP-16 (modrate).         
           INFO     Bulk inserted 80 fmod_vals records.                         
           INFO     Inserted 80 probe_fmod_values records for                   
                    YYYR-023-EKC-fourUnew-A8C-45C-dms-MaP-16 (GAmodrate).       
           INFO     Wrote per-read histogram for                                
                    YYYR-023-EKC-fourUnew-A8C-45C-dms-MaP-16 (Modified) to      
                    examples/all_mutcounts/mut_count/mut_count___cfg-ce27ace/art
                    ifacts/YYYR-023-EKC-fourUnew-A8C-45C-dms-MaP-16/per_read_his
                    togram.txt                                                  
           INFO     Wrote per-read histogram for                                
                    YYYR-023-EKC-fourUnew-A8C-45C-dms-MaP-16 (GA) to            
                    examples/all_mutcounts/mut_count/mut_count___cfg-ce27ace/art
                    ifacts/YYYR-023-EKC-fourUnew-A8C-45C-dms-MaP-16/per_read_his
                    togram.txtga                                                
           INFO     Found ShapeMapper profile for                               
                    024-EKC-fourUnew-A8C-45C-dms-MaP-25 at                      
                    examples/all_mutcounts/mut_count/mut_count___cfg-ce27ace/art
                    ifacts/024-EKC-fourUnew-A8C-45C-dms-MaP-25/024-EKC-fourUnew-
                    A8C-45C-dms-MaP-25_024-EKC-fourUnew-A8C-45C-dms-MaP-25_profi
                    le.txt                                                      
           INFO     Inserted probe_fmod_run for sample ID 161 (Run ID: 449)     
           INFO     Inserted probe_fmod_run 449 for sample                      
                    024-EKC-fourUnew-A8C-45C-dms-MaP-25                         
           INFO     Bulk inserted 80 fmod_vals records.                         
           INFO     Inserted 80 probe_fmod_values records for                   
                    024-EKC-fourUnew-A8C-45C-dms-MaP-25 (modrate).              
           INFO     Bulk inserted 80 fmod_vals records.                         
           INFO     Inserted 80 probe_fmod_values records for                   
                    024-EKC-fourUnew-A8C-45C-dms-MaP-25 (GAmodrate).            
           INFO     Wrote per-read histogram for                                
                    024-EKC-fourUnew-A8C-45C-dms-MaP-25 (Modified) to           
                    examples/all_mutcounts/mut_count/mut_count___cfg-ce27ace/art
                    ifacts/024-EKC-fourUnew-A8C-45C-dms-MaP-25/per_read_histogra
                    m.txt                                                       
           INFO     Wrote per-read histogram for                                
                    024-EKC-fourUnew-A8C-45C-dms-MaP-25 (GA) to                 
                    examples/all_mutcounts/mut_count/mut_count___cfg-ce27ace/art
                    ifacts/024-EKC-fourUnew-A8C-45C-dms-MaP-25/per_read_histogra
                    m.txtga                                                     
           INFO     Found ShapeMapper profile for                               
                    024-EKC-fourUnew-A8C-45C-dms-stop-25 at                     
                    examples/all_mutcounts/mut_count/mut_count___cfg-ce27ace/art
                    ifacts/024-EKC-fourUnew-A8C-45C-dms-stop-25/024-EKC-fourUnew
                    -A8C-45C-dms-stop-25_024-EKC-fourUnew-A8C-45C-dms-stop-25_pr
                    ofile.txt                                                   
           INFO     Inserted probe_fmod_run for sample ID 104 (Run ID: 450)     
           INFO     Inserted probe_fmod_run 450 for sample                      
                    024-EKC-fourUnew-A8C-45C-dms-stop-25                        
           INFO     Bulk inserted 80 fmod_vals records.                         
           INFO     Inserted 80 probe_fmod_values records for                   
                    024-EKC-fourUnew-A8C-45C-dms-stop-25 (modrate).             
           INFO     Bulk inserted 80 fmod_vals records.                         
           INFO     Inserted 80 probe_fmod_values records for                   
                    024-EKC-fourUnew-A8C-45C-dms-stop-25 (GAmodrate).           
           INFO     Wrote per-read histogram for                                
                    024-EKC-fourUnew-A8C-45C-dms-stop-25 (Modified) to          
                    examples/all_mutcounts/mut_count/mut_count___cfg-ce27ace/art
                    ifacts/024-EKC-fourUnew-A8C-45C-dms-stop-25/per_read_histogr
                    am.txt                                                      
           INFO     Wrote per-read histogram for                                
                    024-EKC-fourUnew-A8C-45C-dms-stop-25 (GA) to                
                    examples/all_mutcounts/mut_count/mut_count___cfg-ce27ace/art
                    ifacts/024-EKC-fourUnew-A8C-45C-dms-stop-25/per_read_histogr
                    am.txtga                                                    
           INFO     Found ShapeMapper profile for                               
                    RRRY-024-EKC-fourUnew-A8C-45C-dms-MaP-25 at                 
                    examples/all_mutcounts/mut_count/mut_count___cfg-ce27ace/art
                    ifacts/RRRY-024-EKC-fourUnew-A8C-45C-dms-MaP-25/RRRY-024-EKC
                    -fourUnew-A8C-45C-dms-MaP-25_RRRY-024-EKC-fourUnew-A8C-45C-d
                    ms-MaP-25_profile.txt                                       
           INFO     Inserted probe_fmod_run for sample ID 208 (Run ID: 451)     
           INFO     Inserted probe_fmod_run 451 for sample                      
                    RRRY-024-EKC-fourUnew-A8C-45C-dms-MaP-25                    
           INFO     Bulk inserted 80 fmod_vals records.                         
           INFO     Inserted 80 probe_fmod_values records for                   
                    RRRY-024-EKC-fourUnew-A8C-45C-dms-MaP-25 (modrate).         
           INFO     Bulk inserted 80 fmod_vals records.                         
           INFO     Inserted 80 probe_fmod_values records for                   
                    RRRY-024-EKC-fourUnew-A8C-45C-dms-MaP-25 (GAmodrate).       
           INFO     Wrote per-read histogram for                                
                    RRRY-024-EKC-fourUnew-A8C-45C-dms-MaP-25 (Modified) to      
                    examples/all_mutcounts/mut_count/mut_count___cfg-ce27ace/art
                    ifacts/RRRY-024-EKC-fourUnew-A8C-45C-dms-MaP-25/per_read_his
                    togram.txt                                                  
           INFO     Wrote per-read histogram for                                
                    RRRY-024-EKC-fourUnew-A8C-45C-dms-MaP-25 (GA) to            
                    examples/all_mutcounts/mut_count/mut_count___cfg-ce27ace/art
                    ifacts/RRRY-024-EKC-fourUnew-A8C-45C-dms-MaP-25/per_read_his
                    togram.txtga                                                
           INFO     Found ShapeMapper profile for                               
                    YYYR-024-EKC-fourUnew-A8C-45C-dms-MaP-25 at                 
                    examples/all_mutcounts/mut_count/mut_count___cfg-ce27ace/art
                    ifacts/YYYR-024-EKC-fourUnew-A8C-45C-dms-MaP-25/YYYR-024-EKC
                    -fourUnew-A8C-45C-dms-MaP-25_YYYR-024-EKC-fourUnew-A8C-45C-d
                    ms-MaP-25_profile.txt                                       
           INFO     Inserted probe_fmod_run for sample ID 209 (Run ID: 452)     
           INFO     Inserted probe_fmod_run 452 for sample                      
                    YYYR-024-EKC-fourUnew-A8C-45C-dms-MaP-25                    
[16:39:42] INFO     Bulk inserted 80 fmod_vals records.                         
           INFO     Inserted 80 probe_fmod_values records for                   
                    YYYR-024-EKC-fourUnew-A8C-45C-dms-MaP-25 (modrate).         
           INFO     Bulk inserted 80 fmod_vals records.                         
           INFO     Inserted 80 probe_fmod_values records for                   
                    YYYR-024-EKC-fourUnew-A8C-45C-dms-MaP-25 (GAmodrate).       
           INFO     Wrote per-read histogram for                                
                    YYYR-024-EKC-fourUnew-A8C-45C-dms-MaP-25 (Modified) to      
                    examples/all_mutcounts/mut_count/mut_count___cfg-ce27ace/art
                    ifacts/YYYR-024-EKC-fourUnew-A8C-45C-dms-MaP-25/per_read_his
                    togram.txt                                                  
           INFO     Wrote per-read histogram for                                
                    YYYR-024-EKC-fourUnew-A8C-45C-dms-MaP-25 (GA) to            
                    examples/all_mutcounts/mut_count/mut_count___cfg-ce27ace/art
                    ifacts/YYYR-024-EKC-fourUnew-A8C-45C-dms-MaP-25/per_read_his
                    togram.txtga                                                
           INFO     Found ShapeMapper profile for                               
                    003-EKC-fourUnew-A8C-45C-dms-stop-30 at                     
                    examples/all_mutcounts/mut_count/mut_count___cfg-ce27ace/art
                    ifacts/003-EKC-fourUnew-A8C-45C-dms-stop-30/003-EKC-fourUnew
                    -A8C-45C-dms-stop-30_003-EKC-fourUnew-A8C-45C-dms-stop-30_pr
                    ofile.txt                                                   
           INFO     Inserted probe_fmod_run for sample ID 137 (Run ID: 453)     
           INFO     Inserted probe_fmod_run 453 for sample                      
                    003-EKC-fourUnew-A8C-45C-dms-stop-30                        
           INFO     Bulk inserted 80 fmod_vals records.                         
           INFO     Inserted 80 probe_fmod_values records for                   
                    003-EKC-fourUnew-A8C-45C-dms-stop-30 (modrate).             
           INFO     Bulk inserted 80 fmod_vals records.                         
           INFO     Inserted 80 probe_fmod_values records for                   
                    003-EKC-fourUnew-A8C-45C-dms-stop-30 (GAmodrate).           
           INFO     Wrote per-read histogram for                                
                    003-EKC-fourUnew-A8C-45C-dms-stop-30 (Modified) to          
                    examples/all_mutcounts/mut_count/mut_count___cfg-ce27ace/art
                    ifacts/003-EKC-fourUnew-A8C-45C-dms-stop-30/per_read_histogr
                    am.txt                                                      
           INFO     Wrote per-read histogram for                                
                    003-EKC-fourUnew-A8C-45C-dms-stop-30 (GA) to                
                    examples/all_mutcounts/mut_count/mut_count___cfg-ce27ace/art
                    ifacts/003-EKC-fourUnew-A8C-45C-dms-stop-30/per_read_histogr
                    am.txtga                                                    
           INFO     mut_count completed. Profiles found for 25/25 samples;      
                    ingested 25 run(s).                                         
           INFO     Finished task ID 66 with state 'completed'                  
           INFO     Task 'mut_count' (ID: 66) completed successfully.           
           INFO     Updated 'latest' symlink for task 'mut_count' to point to   
                    /gpfs/projects/b1044/Computational_Output/EKC/EKC.01_SHAPE_s
                    tandardization/EKC.01.065.refactoring_data_analysis/nerd/exa
                    mples/all_mutcounts/mut_count/mut_count___cfg-ce27ace       
