[14:11:14] INFO     Executing 'run' command for step: 'mut_count'               
[14:11:14] INFO     Database schema initialized successfully.                   
           INFO     Created run directory:                                      
                    examples/all_mutcounts/mut_count/mut_count___cfg-f5570d4    
           INFO     Executing task 'mut_count' in run directory:                
                    examples/all_mutcounts/mut_count/mut_count___cfg-f5570d4    
           INFO     Resolved reaction_group 25_1_A8C to 24 sample(s).           
           INFO     Began task 'mut_count' (ID: 33) for rg:7                    
                    (cfg=f5570d4a9b1da86c6cac449814e3f1d8c734409c0d9c9afb7afde49
                    9f8b02259)                                                  
           INFO     Starting command (backend=local) in                         
                    examples/all_mutcounts/mut_count/mut_count___cfg-f5570d4    
           INFO     Executing command locally. Log file:                        
                    examples/all_mutcounts/mut_count/mut_count___cfg-f5570d4/com
                    mand.log                                                    
[14:46:40] INFO     Command finished with exit code: 0                          
           INFO     Logged attempt #1 for task ID 33 (Attempt ID: 26)           
           INFO     Command completed successfully. Consuming outputs.          
           INFO     Found ShapeMapper profile for                               
                    007-EKC-fourUnew-A8C-25C-dms-MaP-6 at                       
                    examples/all_mutcounts/mut_count/mut_count___cfg-f5570d4/art
                    ifacts/007-EKC-fourUnew-A8C-25C-dms-MaP-6/007-EKC-fourUnew-A
                    8C-25C-dms-MaP-6_007-EKC-fourUnew-A8C-25C-dms-MaP-6_profile.
                    txt                                                         
           INFO     Inserted probe_fmod_run for sample ID 144 (Run ID: 179)     
           INFO     Inserted probe_fmod_run 179 for sample                      
                    007-EKC-fourUnew-A8C-25C-dms-MaP-6                          
           INFO     Bulk inserted 80 fmod_vals records.                         
           INFO     Inserted 80 probe_fmod_values records for                   
                    007-EKC-fourUnew-A8C-25C-dms-MaP-6 (modrate).               
           INFO     Bulk inserted 80 fmod_vals records.                         
           INFO     Inserted 80 probe_fmod_values records for                   
                    007-EKC-fourUnew-A8C-25C-dms-MaP-6 (GAmodrate).             
           INFO     Wrote per-read histogram for                                
                    007-EKC-fourUnew-A8C-25C-dms-MaP-6 (Modified) to            
                    examples/all_mutcounts/mut_count/mut_count___cfg-f5570d4/art
                    ifacts/007-EKC-fourUnew-A8C-25C-dms-MaP-6/per_read_histogram
                    .txt                                                        
           INFO     Wrote per-read histogram for                                
                    007-EKC-fourUnew-A8C-25C-dms-MaP-6 (GA) to                  
                    examples/all_mutcounts/mut_count/mut_count___cfg-f5570d4/art
                    ifacts/007-EKC-fourUnew-A8C-25C-dms-MaP-6/per_read_histogram
                    .txtga                                                      
           INFO     Found ShapeMapper profile for                               
                    007-EKC-fourUnew-A8C-25C-dms-stop-6 at                      
                    examples/all_mutcounts/mut_count/mut_count___cfg-f5570d4/art
                    ifacts/007-EKC-fourUnew-A8C-25C-dms-stop-6/007-EKC-fourUnew-
                    A8C-25C-dms-stop-6_007-EKC-fourUnew-A8C-25C-dms-stop-6_profi
                    le.txt                                                      
           INFO     Inserted probe_fmod_run for sample ID 87 (Run ID: 180)      
           INFO     Inserted probe_fmod_run 180 for sample                      
                    007-EKC-fourUnew-A8C-25C-dms-stop-6                         
           INFO     Bulk inserted 80 fmod_vals records.                         
           INFO     Inserted 80 probe_fmod_values records for                   
                    007-EKC-fourUnew-A8C-25C-dms-stop-6 (modrate).              
           INFO     Bulk inserted 80 fmod_vals records.                         
           INFO     Inserted 80 probe_fmod_values records for                   
                    007-EKC-fourUnew-A8C-25C-dms-stop-6 (GAmodrate).            
           INFO     Wrote per-read histogram for                                
                    007-EKC-fourUnew-A8C-25C-dms-stop-6 (Modified) to           
                    examples/all_mutcounts/mut_count/mut_count___cfg-f5570d4/art
                    ifacts/007-EKC-fourUnew-A8C-25C-dms-stop-6/per_read_histogra
                    m.txt                                                       
           INFO     Wrote per-read histogram for                                
                    007-EKC-fourUnew-A8C-25C-dms-stop-6 (GA) to                 
                    examples/all_mutcounts/mut_count/mut_count___cfg-f5570d4/art
                    ifacts/007-EKC-fourUnew-A8C-25C-dms-stop-6/per_read_histogra
                    m.txtga                                                     
           INFO     Found ShapeMapper profile for                               
                    RRRY-007-EKC-fourUnew-A8C-25C-dms-MaP-6 at                  
                    examples/all_mutcounts/mut_count/mut_count___cfg-f5570d4/art
                    ifacts/RRRY-007-EKC-fourUnew-A8C-25C-dms-MaP-6/RRRY-007-EKC-
                    fourUnew-A8C-25C-dms-MaP-6_RRRY-007-EKC-fourUnew-A8C-25C-dms
                    -MaP-6_profile.txt                                          
           INFO     Inserted probe_fmod_run for sample ID 174 (Run ID: 181)     
           INFO     Inserted probe_fmod_run 181 for sample                      
                    RRRY-007-EKC-fourUnew-A8C-25C-dms-MaP-6                     
           INFO     Bulk inserted 80 fmod_vals records.                         
           INFO     Inserted 80 probe_fmod_values records for                   
                    RRRY-007-EKC-fourUnew-A8C-25C-dms-MaP-6 (modrate).          
           INFO     Bulk inserted 80 fmod_vals records.                         
           INFO     Inserted 80 probe_fmod_values records for                   
                    RRRY-007-EKC-fourUnew-A8C-25C-dms-MaP-6 (GAmodrate).        
           INFO     Wrote per-read histogram for                                
                    RRRY-007-EKC-fourUnew-A8C-25C-dms-MaP-6 (Modified) to       
                    examples/all_mutcounts/mut_count/mut_count___cfg-f5570d4/art
                    ifacts/RRRY-007-EKC-fourUnew-A8C-25C-dms-MaP-6/per_read_hist
                    ogram.txt                                                   
           INFO     Wrote per-read histogram for                                
                    RRRY-007-EKC-fourUnew-A8C-25C-dms-MaP-6 (GA) to             
                    examples/all_mutcounts/mut_count/mut_count___cfg-f5570d4/art
                    ifacts/RRRY-007-EKC-fourUnew-A8C-25C-dms-MaP-6/per_read_hist
                    ogram.txtga                                                 
           INFO     Found ShapeMapper profile for                               
                    YYYR-007-EKC-fourUnew-A8C-25C-dms-MaP-6 at                  
                    examples/all_mutcounts/mut_count/mut_count___cfg-f5570d4/art
                    ifacts/YYYR-007-EKC-fourUnew-A8C-25C-dms-MaP-6/YYYR-007-EKC-
                    fourUnew-A8C-25C-dms-MaP-6_YYYR-007-EKC-fourUnew-A8C-25C-dms
                    -MaP-6_profile.txt                                          
           INFO     Inserted probe_fmod_run for sample ID 175 (Run ID: 182)     
           INFO     Inserted probe_fmod_run 182 for sample                      
                    YYYR-007-EKC-fourUnew-A8C-25C-dms-MaP-6                     
           INFO     Bulk inserted 80 fmod_vals records.                         
           INFO     Inserted 80 probe_fmod_values records for                   
                    YYYR-007-EKC-fourUnew-A8C-25C-dms-MaP-6 (modrate).          
           INFO     Bulk inserted 80 fmod_vals records.                         
           INFO     Inserted 80 probe_fmod_values records for                   
                    YYYR-007-EKC-fourUnew-A8C-25C-dms-MaP-6 (GAmodrate).        
           INFO     Wrote per-read histogram for                                
                    YYYR-007-EKC-fourUnew-A8C-25C-dms-MaP-6 (Modified) to       
                    examples/all_mutcounts/mut_count/mut_count___cfg-f5570d4/art
                    ifacts/YYYR-007-EKC-fourUnew-A8C-25C-dms-MaP-6/per_read_hist
                    ogram.txt                                                   
           INFO     Wrote per-read histogram for                                
                    YYYR-007-EKC-fourUnew-A8C-25C-dms-MaP-6 (GA) to             
                    examples/all_mutcounts/mut_count/mut_count___cfg-f5570d4/art
                    ifacts/YYYR-007-EKC-fourUnew-A8C-25C-dms-MaP-6/per_read_hist
                    ogram.txtga                                                 
           INFO     Found ShapeMapper profile for                               
                    008-EKC-fourUnew-A8C-25C-dms-MaP-25 at                      
                    examples/all_mutcounts/mut_count/mut_count___cfg-f5570d4/art
                    ifacts/008-EKC-fourUnew-A8C-25C-dms-MaP-25/008-EKC-fourUnew-
                    A8C-25C-dms-MaP-25_008-EKC-fourUnew-A8C-25C-dms-MaP-25_profi
                    le.txt                                                      
           INFO     Inserted probe_fmod_run for sample ID 145 (Run ID: 183)     
           INFO     Inserted probe_fmod_run 183 for sample                      
                    008-EKC-fourUnew-A8C-25C-dms-MaP-25                         
           INFO     Bulk inserted 80 fmod_vals records.                         
           INFO     Inserted 80 probe_fmod_values records for                   
                    008-EKC-fourUnew-A8C-25C-dms-MaP-25 (modrate).              
           INFO     Bulk inserted 80 fmod_vals records.                         
           INFO     Inserted 80 probe_fmod_values records for                   
                    008-EKC-fourUnew-A8C-25C-dms-MaP-25 (GAmodrate).            
           INFO     Wrote per-read histogram for                                
                    008-EKC-fourUnew-A8C-25C-dms-MaP-25 (Modified) to           
                    examples/all_mutcounts/mut_count/mut_count___cfg-f5570d4/art
                    ifacts/008-EKC-fourUnew-A8C-25C-dms-MaP-25/per_read_histogra
                    m.txt                                                       
           INFO     Wrote per-read histogram for                                
                    008-EKC-fourUnew-A8C-25C-dms-MaP-25 (GA) to                 
                    examples/all_mutcounts/mut_count/mut_count___cfg-f5570d4/art
                    ifacts/008-EKC-fourUnew-A8C-25C-dms-MaP-25/per_read_histogra
                    m.txtga                                                     
           INFO     Found ShapeMapper profile for                               
                    008-EKC-fourUnew-A8C-25C-dms-stop-25 at                     
                    examples/all_mutcounts/mut_count/mut_count___cfg-f5570d4/art
                    ifacts/008-EKC-fourUnew-A8C-25C-dms-stop-25/008-EKC-fourUnew
                    -A8C-25C-dms-stop-25_008-EKC-fourUnew-A8C-25C-dms-stop-25_pr
                    ofile.txt                                                   
           INFO     Inserted probe_fmod_run for sample ID 88 (Run ID: 184)      
           INFO     Inserted probe_fmod_run 184 for sample                      
                    008-EKC-fourUnew-A8C-25C-dms-stop-25                        
           INFO     Bulk inserted 80 fmod_vals records.                         
           INFO     Inserted 80 probe_fmod_values records for                   
                    008-EKC-fourUnew-A8C-25C-dms-stop-25 (modrate).             
           INFO     Bulk inserted 80 fmod_vals records.                         
           INFO     Inserted 80 probe_fmod_values records for                   
                    008-EKC-fourUnew-A8C-25C-dms-stop-25 (GAmodrate).           
           INFO     Wrote per-read histogram for                                
                    008-EKC-fourUnew-A8C-25C-dms-stop-25 (Modified) to          
                    examples/all_mutcounts/mut_count/mut_count___cfg-f5570d4/art
                    ifacts/008-EKC-fourUnew-A8C-25C-dms-stop-25/per_read_histogr
                    am.txt                                                      
           INFO     Wrote per-read histogram for                                
                    008-EKC-fourUnew-A8C-25C-dms-stop-25 (GA) to                
                    examples/all_mutcounts/mut_count/mut_count___cfg-f5570d4/art
                    ifacts/008-EKC-fourUnew-A8C-25C-dms-stop-25/per_read_histogr
                    am.txtga                                                    
           INFO     Found ShapeMapper profile for                               
                    RRRY-008-EKC-fourUnew-A8C-25C-dms-MaP-25 at                 
                    examples/all_mutcounts/mut_count/mut_count___cfg-f5570d4/art
                    ifacts/RRRY-008-EKC-fourUnew-A8C-25C-dms-MaP-25/RRRY-008-EKC
                    -fourUnew-A8C-25C-dms-MaP-25_RRRY-008-EKC-fourUnew-A8C-25C-d
                    ms-MaP-25_profile.txt                                       
           INFO     Inserted probe_fmod_run for sample ID 176 (Run ID: 185)     
           INFO     Inserted probe_fmod_run 185 for sample                      
                    RRRY-008-EKC-fourUnew-A8C-25C-dms-MaP-25                    
           INFO     Bulk inserted 80 fmod_vals records.                         
           INFO     Inserted 80 probe_fmod_values records for                   
                    RRRY-008-EKC-fourUnew-A8C-25C-dms-MaP-25 (modrate).         
           INFO     Bulk inserted 80 fmod_vals records.                         
           INFO     Inserted 80 probe_fmod_values records for                   
                    RRRY-008-EKC-fourUnew-A8C-25C-dms-MaP-25 (GAmodrate).       
           INFO     Wrote per-read histogram for                                
                    RRRY-008-EKC-fourUnew-A8C-25C-dms-MaP-25 (Modified) to      
                    examples/all_mutcounts/mut_count/mut_count___cfg-f5570d4/art
                    ifacts/RRRY-008-EKC-fourUnew-A8C-25C-dms-MaP-25/per_read_his
                    togram.txt                                                  
           INFO     Wrote per-read histogram for                                
                    RRRY-008-EKC-fourUnew-A8C-25C-dms-MaP-25 (GA) to            
                    examples/all_mutcounts/mut_count/mut_count___cfg-f5570d4/art
                    ifacts/RRRY-008-EKC-fourUnew-A8C-25C-dms-MaP-25/per_read_his
                    togram.txtga                                                
           INFO     Found ShapeMapper profile for                               
                    YYYR-008-EKC-fourUnew-A8C-25C-dms-MaP-25 at                 
                    examples/all_mutcounts/mut_count/mut_count___cfg-f5570d4/art
                    ifacts/YYYR-008-EKC-fourUnew-A8C-25C-dms-MaP-25/YYYR-008-EKC
                    -fourUnew-A8C-25C-dms-MaP-25_YYYR-008-EKC-fourUnew-A8C-25C-d
                    ms-MaP-25_profile.txt                                       
           INFO     Inserted probe_fmod_run for sample ID 177 (Run ID: 186)     
           INFO     Inserted probe_fmod_run 186 for sample                      
                    YYYR-008-EKC-fourUnew-A8C-25C-dms-MaP-25                    
           INFO     Bulk inserted 80 fmod_vals records.                         
           INFO     Inserted 80 probe_fmod_values records for                   
                    YYYR-008-EKC-fourUnew-A8C-25C-dms-MaP-25 (modrate).         
           INFO     Bulk inserted 80 fmod_vals records.                         
           INFO     Inserted 80 probe_fmod_values records for                   
                    YYYR-008-EKC-fourUnew-A8C-25C-dms-MaP-25 (GAmodrate).       
           INFO     Wrote per-read histogram for                                
                    YYYR-008-EKC-fourUnew-A8C-25C-dms-MaP-25 (Modified) to      
                    examples/all_mutcounts/mut_count/mut_count___cfg-f5570d4/art
                    ifacts/YYYR-008-EKC-fourUnew-A8C-25C-dms-MaP-25/per_read_his
                    togram.txt                                                  
           INFO     Wrote per-read histogram for                                
                    YYYR-008-EKC-fourUnew-A8C-25C-dms-MaP-25 (GA) to            
                    examples/all_mutcounts/mut_count/mut_count___cfg-f5570d4/art
                    ifacts/YYYR-008-EKC-fourUnew-A8C-25C-dms-MaP-25/per_read_his
                    togram.txtga                                                
           INFO     Found ShapeMapper profile for                               
                    009-EKC-fourUnew-A8C-25C-dms-MaP-60 at                      
                    examples/all_mutcounts/mut_count/mut_count___cfg-f5570d4/art
                    ifacts/009-EKC-fourUnew-A8C-25C-dms-MaP-60/009-EKC-fourUnew-
                    A8C-25C-dms-MaP-60_009-EKC-fourUnew-A8C-25C-dms-MaP-60_profi
                    le.txt                                                      
           INFO     Inserted probe_fmod_run for sample ID 146 (Run ID: 187)     
           INFO     Inserted probe_fmod_run 187 for sample                      
                    009-EKC-fourUnew-A8C-25C-dms-MaP-60                         
           INFO     Bulk inserted 80 fmod_vals records.                         
           INFO     Inserted 80 probe_fmod_values records for                   
                    009-EKC-fourUnew-A8C-25C-dms-MaP-60 (modrate).              
           INFO     Bulk inserted 80 fmod_vals records.                         
           INFO     Inserted 80 probe_fmod_values records for                   
                    009-EKC-fourUnew-A8C-25C-dms-MaP-60 (GAmodrate).            
           INFO     Wrote per-read histogram for                                
                    009-EKC-fourUnew-A8C-25C-dms-MaP-60 (Modified) to           
                    examples/all_mutcounts/mut_count/mut_count___cfg-f5570d4/art
                    ifacts/009-EKC-fourUnew-A8C-25C-dms-MaP-60/per_read_histogra
                    m.txt                                                       
           INFO     Wrote per-read histogram for                                
                    009-EKC-fourUnew-A8C-25C-dms-MaP-60 (GA) to                 
                    examples/all_mutcounts/mut_count/mut_count___cfg-f5570d4/art
                    ifacts/009-EKC-fourUnew-A8C-25C-dms-MaP-60/per_read_histogra
                    m.txtga                                                     
           INFO     Found ShapeMapper profile for                               
                    009-EKC-fourUnew-A8C-25C-dms-stop-60 at                     
                    examples/all_mutcounts/mut_count/mut_count___cfg-f5570d4/art
                    ifacts/009-EKC-fourUnew-A8C-25C-dms-stop-60/009-EKC-fourUnew
                    -A8C-25C-dms-stop-60_009-EKC-fourUnew-A8C-25C-dms-stop-60_pr
                    ofile.txt                                                   
           INFO     Inserted probe_fmod_run for sample ID 89 (Run ID: 188)      
           INFO     Inserted probe_fmod_run 188 for sample                      
                    009-EKC-fourUnew-A8C-25C-dms-stop-60                        
           INFO     Bulk inserted 80 fmod_vals records.                         
           INFO     Inserted 80 probe_fmod_values records for                   
                    009-EKC-fourUnew-A8C-25C-dms-stop-60 (modrate).             
           INFO     Bulk inserted 80 fmod_vals records.                         
           INFO     Inserted 80 probe_fmod_values records for                   
                    009-EKC-fourUnew-A8C-25C-dms-stop-60 (GAmodrate).           
           INFO     Wrote per-read histogram for                                
                    009-EKC-fourUnew-A8C-25C-dms-stop-60 (Modified) to          
                    examples/all_mutcounts/mut_count/mut_count___cfg-f5570d4/art
                    ifacts/009-EKC-fourUnew-A8C-25C-dms-stop-60/per_read_histogr
                    am.txt                                                      
           INFO     Wrote per-read histogram for                                
                    009-EKC-fourUnew-A8C-25C-dms-stop-60 (GA) to                
                    examples/all_mutcounts/mut_count/mut_count___cfg-f5570d4/art
                    ifacts/009-EKC-fourUnew-A8C-25C-dms-stop-60/per_read_histogr
                    am.txtga                                                    
           INFO     Found ShapeMapper profile for                               
                    RRRY-009-EKC-fourUnew-A8C-25C-dms-MaP-60 at                 
                    examples/all_mutcounts/mut_count/mut_count___cfg-f5570d4/art
                    ifacts/RRRY-009-EKC-fourUnew-A8C-25C-dms-MaP-60/RRRY-009-EKC
                    -fourUnew-A8C-25C-dms-MaP-60_RRRY-009-EKC-fourUnew-A8C-25C-d
                    ms-MaP-60_profile.txt                                       
           INFO     Inserted probe_fmod_run for sample ID 178 (Run ID: 189)     
           INFO     Inserted probe_fmod_run 189 for sample                      
                    RRRY-009-EKC-fourUnew-A8C-25C-dms-MaP-60                    
[14:46:41] INFO     Bulk inserted 80 fmod_vals records.                         
           INFO     Inserted 80 probe_fmod_values records for                   
                    RRRY-009-EKC-fourUnew-A8C-25C-dms-MaP-60 (modrate).         
           INFO     Bulk inserted 80 fmod_vals records.                         
           INFO     Inserted 80 probe_fmod_values records for                   
                    RRRY-009-EKC-fourUnew-A8C-25C-dms-MaP-60 (GAmodrate).       
           INFO     Wrote per-read histogram for                                
                    RRRY-009-EKC-fourUnew-A8C-25C-dms-MaP-60 (Modified) to      
                    examples/all_mutcounts/mut_count/mut_count___cfg-f5570d4/art
                    ifacts/RRRY-009-EKC-fourUnew-A8C-25C-dms-MaP-60/per_read_his
                    togram.txt                                                  
           INFO     Wrote per-read histogram for                                
                    RRRY-009-EKC-fourUnew-A8C-25C-dms-MaP-60 (GA) to            
                    examples/all_mutcounts/mut_count/mut_count___cfg-f5570d4/art
                    ifacts/RRRY-009-EKC-fourUnew-A8C-25C-dms-MaP-60/per_read_his
                    togram.txtga                                                
           INFO     Found ShapeMapper profile for                               
                    YYYR-009-EKC-fourUnew-A8C-25C-dms-MaP-60 at                 
                    examples/all_mutcounts/mut_count/mut_count___cfg-f5570d4/art
                    ifacts/YYYR-009-EKC-fourUnew-A8C-25C-dms-MaP-60/YYYR-009-EKC
                    -fourUnew-A8C-25C-dms-MaP-60_YYYR-009-EKC-fourUnew-A8C-25C-d
                    ms-MaP-60_profile.txt                                       
           INFO     Inserted probe_fmod_run for sample ID 179 (Run ID: 190)     
           INFO     Inserted probe_fmod_run 190 for sample                      
                    YYYR-009-EKC-fourUnew-A8C-25C-dms-MaP-60                    
           INFO     Bulk inserted 80 fmod_vals records.                         
           INFO     Inserted 80 probe_fmod_values records for                   
                    YYYR-009-EKC-fourUnew-A8C-25C-dms-MaP-60 (modrate).         
           INFO     Bulk inserted 80 fmod_vals records.                         
           INFO     Inserted 80 probe_fmod_values records for                   
                    YYYR-009-EKC-fourUnew-A8C-25C-dms-MaP-60 (GAmodrate).       
           INFO     Wrote per-read histogram for                                
                    YYYR-009-EKC-fourUnew-A8C-25C-dms-MaP-60 (Modified) to      
                    examples/all_mutcounts/mut_count/mut_count___cfg-f5570d4/art
                    ifacts/YYYR-009-EKC-fourUnew-A8C-25C-dms-MaP-60/per_read_his
                    togram.txt                                                  
           INFO     Wrote per-read histogram for                                
                    YYYR-009-EKC-fourUnew-A8C-25C-dms-MaP-60 (GA) to            
                    examples/all_mutcounts/mut_count/mut_count___cfg-f5570d4/art
                    ifacts/YYYR-009-EKC-fourUnew-A8C-25C-dms-MaP-60/per_read_his
                    togram.txtga                                                
           INFO     Found ShapeMapper profile for                               
                    010-EKC-fourUnew-A8C-25C-dms-MaP-120 at                     
                    examples/all_mutcounts/mut_count/mut_count___cfg-f5570d4/art
                    ifacts/010-EKC-fourUnew-A8C-25C-dms-MaP-120/010-EKC-fourUnew
                    -A8C-25C-dms-MaP-120_010-EKC-fourUnew-A8C-25C-dms-MaP-120_pr
                    ofile.txt                                                   
           INFO     Inserted probe_fmod_run for sample ID 147 (Run ID: 191)     
           INFO     Inserted probe_fmod_run 191 for sample                      
                    010-EKC-fourUnew-A8C-25C-dms-MaP-120                        
           INFO     Bulk inserted 80 fmod_vals records.                         
           INFO     Inserted 80 probe_fmod_values records for                   
                    010-EKC-fourUnew-A8C-25C-dms-MaP-120 (modrate).             
           INFO     Bulk inserted 80 fmod_vals records.                         
           INFO     Inserted 80 probe_fmod_values records for                   
                    010-EKC-fourUnew-A8C-25C-dms-MaP-120 (GAmodrate).           
           INFO     Wrote per-read histogram for                                
                    010-EKC-fourUnew-A8C-25C-dms-MaP-120 (Modified) to          
                    examples/all_mutcounts/mut_count/mut_count___cfg-f5570d4/art
                    ifacts/010-EKC-fourUnew-A8C-25C-dms-MaP-120/per_read_histogr
                    am.txt                                                      
           INFO     Wrote per-read histogram for                                
                    010-EKC-fourUnew-A8C-25C-dms-MaP-120 (GA) to                
                    examples/all_mutcounts/mut_count/mut_count___cfg-f5570d4/art
                    ifacts/010-EKC-fourUnew-A8C-25C-dms-MaP-120/per_read_histogr
                    am.txtga                                                    
           INFO     Found ShapeMapper profile for                               
                    010-EKC-fourUnew-A8C-25C-dms-stop-120 at                    
                    examples/all_mutcounts/mut_count/mut_count___cfg-f5570d4/art
                    ifacts/010-EKC-fourUnew-A8C-25C-dms-stop-120/010-EKC-fourUne
                    w-A8C-25C-dms-stop-120_010-EKC-fourUnew-A8C-25C-dms-stop-120
                    _profile.txt                                                
           INFO     Inserted probe_fmod_run for sample ID 90 (Run ID: 192)      
           INFO     Inserted probe_fmod_run 192 for sample                      
                    010-EKC-fourUnew-A8C-25C-dms-stop-120                       
           INFO     Bulk inserted 80 fmod_vals records.                         
           INFO     Inserted 80 probe_fmod_values records for                   
                    010-EKC-fourUnew-A8C-25C-dms-stop-120 (modrate).            
           INFO     Bulk inserted 80 fmod_vals records.                         
           INFO     Inserted 80 probe_fmod_values records for                   
                    010-EKC-fourUnew-A8C-25C-dms-stop-120 (GAmodrate).          
           INFO     Wrote per-read histogram for                                
                    010-EKC-fourUnew-A8C-25C-dms-stop-120 (Modified) to         
                    examples/all_mutcounts/mut_count/mut_count___cfg-f5570d4/art
                    ifacts/010-EKC-fourUnew-A8C-25C-dms-stop-120/per_read_histog
                    ram.txt                                                     
           INFO     Wrote per-read histogram for                                
                    010-EKC-fourUnew-A8C-25C-dms-stop-120 (GA) to               
                    examples/all_mutcounts/mut_count/mut_count___cfg-f5570d4/art
                    ifacts/010-EKC-fourUnew-A8C-25C-dms-stop-120/per_read_histog
                    ram.txtga                                                   
           INFO     Found ShapeMapper profile for                               
                    RRRY-010-EKC-fourUnew-A8C-25C-dms-MaP-120 at                
                    examples/all_mutcounts/mut_count/mut_count___cfg-f5570d4/art
                    ifacts/RRRY-010-EKC-fourUnew-A8C-25C-dms-MaP-120/RRRY-010-EK
                    C-fourUnew-A8C-25C-dms-MaP-120_RRRY-010-EKC-fourUnew-A8C-25C
                    -dms-MaP-120_profile.txt                                    
           INFO     Inserted probe_fmod_run for sample ID 180 (Run ID: 193)     
           INFO     Inserted probe_fmod_run 193 for sample                      
                    RRRY-010-EKC-fourUnew-A8C-25C-dms-MaP-120                   
           INFO     Bulk inserted 80 fmod_vals records.                         
           INFO     Inserted 80 probe_fmod_values records for                   
                    RRRY-010-EKC-fourUnew-A8C-25C-dms-MaP-120 (modrate).        
           INFO     Bulk inserted 80 fmod_vals records.                         
           INFO     Inserted 80 probe_fmod_values records for                   
                    RRRY-010-EKC-fourUnew-A8C-25C-dms-MaP-120 (GAmodrate).      
           INFO     Wrote per-read histogram for                                
                    RRRY-010-EKC-fourUnew-A8C-25C-dms-MaP-120 (Modified) to     
                    examples/all_mutcounts/mut_count/mut_count___cfg-f5570d4/art
                    ifacts/RRRY-010-EKC-fourUnew-A8C-25C-dms-MaP-120/per_read_hi
                    stogram.txt                                                 
           INFO     Wrote per-read histogram for                                
                    RRRY-010-EKC-fourUnew-A8C-25C-dms-MaP-120 (GA) to           
                    examples/all_mutcounts/mut_count/mut_count___cfg-f5570d4/art
                    ifacts/RRRY-010-EKC-fourUnew-A8C-25C-dms-MaP-120/per_read_hi
                    stogram.txtga                                               
           INFO     Found ShapeMapper profile for                               
                    YYYR-010-EKC-fourUnew-A8C-25C-dms-MaP-120 at                
                    examples/all_mutcounts/mut_count/mut_count___cfg-f5570d4/art
                    ifacts/YYYR-010-EKC-fourUnew-A8C-25C-dms-MaP-120/YYYR-010-EK
                    C-fourUnew-A8C-25C-dms-MaP-120_YYYR-010-EKC-fourUnew-A8C-25C
                    -dms-MaP-120_profile.txt                                    
           INFO     Inserted probe_fmod_run for sample ID 181 (Run ID: 194)     
           INFO     Inserted probe_fmod_run 194 for sample                      
                    YYYR-010-EKC-fourUnew-A8C-25C-dms-MaP-120                   
           INFO     Bulk inserted 80 fmod_vals records.                         
           INFO     Inserted 80 probe_fmod_values records for                   
                    YYYR-010-EKC-fourUnew-A8C-25C-dms-MaP-120 (modrate).        
           INFO     Bulk inserted 80 fmod_vals records.                         
           INFO     Inserted 80 probe_fmod_values records for                   
                    YYYR-010-EKC-fourUnew-A8C-25C-dms-MaP-120 (GAmodrate).      
           INFO     Wrote per-read histogram for                                
                    YYYR-010-EKC-fourUnew-A8C-25C-dms-MaP-120 (Modified) to     
                    examples/all_mutcounts/mut_count/mut_count___cfg-f5570d4/art
                    ifacts/YYYR-010-EKC-fourUnew-A8C-25C-dms-MaP-120/per_read_hi
                    stogram.txt                                                 
           INFO     Wrote per-read histogram for                                
                    YYYR-010-EKC-fourUnew-A8C-25C-dms-MaP-120 (GA) to           
                    examples/all_mutcounts/mut_count/mut_count___cfg-f5570d4/art
                    ifacts/YYYR-010-EKC-fourUnew-A8C-25C-dms-MaP-120/per_read_hi
                    stogram.txtga                                               
           INFO     Found ShapeMapper profile for                               
                    011-EKC-fourUnew-A8C-25C-dms-MaP-180 at                     
                    examples/all_mutcounts/mut_count/mut_count___cfg-f5570d4/art
                    ifacts/011-EKC-fourUnew-A8C-25C-dms-MaP-180/011-EKC-fourUnew
                    -A8C-25C-dms-MaP-180_011-EKC-fourUnew-A8C-25C-dms-MaP-180_pr
                    ofile.txt                                                   
           INFO     Inserted probe_fmod_run for sample ID 148 (Run ID: 195)     
           INFO     Inserted probe_fmod_run 195 for sample                      
                    011-EKC-fourUnew-A8C-25C-dms-MaP-180                        
           INFO     Bulk inserted 80 fmod_vals records.                         
           INFO     Inserted 80 probe_fmod_values records for                   
                    011-EKC-fourUnew-A8C-25C-dms-MaP-180 (modrate).             
           INFO     Bulk inserted 80 fmod_vals records.                         
           INFO     Inserted 80 probe_fmod_values records for                   
                    011-EKC-fourUnew-A8C-25C-dms-MaP-180 (GAmodrate).           
           INFO     Wrote per-read histogram for                                
                    011-EKC-fourUnew-A8C-25C-dms-MaP-180 (Modified) to          
                    examples/all_mutcounts/mut_count/mut_count___cfg-f5570d4/art
                    ifacts/011-EKC-fourUnew-A8C-25C-dms-MaP-180/per_read_histogr
                    am.txt                                                      
           INFO     Wrote per-read histogram for                                
                    011-EKC-fourUnew-A8C-25C-dms-MaP-180 (GA) to                
                    examples/all_mutcounts/mut_count/mut_count___cfg-f5570d4/art
                    ifacts/011-EKC-fourUnew-A8C-25C-dms-MaP-180/per_read_histogr
                    am.txtga                                                    
           INFO     Found ShapeMapper profile for                               
                    011-EKC-fourUnew-A8C-25C-dms-stop-180 at                    
                    examples/all_mutcounts/mut_count/mut_count___cfg-f5570d4/art
                    ifacts/011-EKC-fourUnew-A8C-25C-dms-stop-180/011-EKC-fourUne
                    w-A8C-25C-dms-stop-180_011-EKC-fourUnew-A8C-25C-dms-stop-180
                    _profile.txt                                                
           INFO     Inserted probe_fmod_run for sample ID 91 (Run ID: 196)      
           INFO     Inserted probe_fmod_run 196 for sample                      
                    011-EKC-fourUnew-A8C-25C-dms-stop-180                       
           INFO     Bulk inserted 80 fmod_vals records.                         
           INFO     Inserted 80 probe_fmod_values records for                   
                    011-EKC-fourUnew-A8C-25C-dms-stop-180 (modrate).            
           INFO     Bulk inserted 80 fmod_vals records.                         
           INFO     Inserted 80 probe_fmod_values records for                   
                    011-EKC-fourUnew-A8C-25C-dms-stop-180 (GAmodrate).          
           INFO     Wrote per-read histogram for                                
                    011-EKC-fourUnew-A8C-25C-dms-stop-180 (Modified) to         
                    examples/all_mutcounts/mut_count/mut_count___cfg-f5570d4/art
                    ifacts/011-EKC-fourUnew-A8C-25C-dms-stop-180/per_read_histog
                    ram.txt                                                     
           INFO     Wrote per-read histogram for                                
                    011-EKC-fourUnew-A8C-25C-dms-stop-180 (GA) to               
                    examples/all_mutcounts/mut_count/mut_count___cfg-f5570d4/art
                    ifacts/011-EKC-fourUnew-A8C-25C-dms-stop-180/per_read_histog
                    ram.txtga                                                   
           INFO     Found ShapeMapper profile for                               
                    RRRY-011-EKC-fourUnew-A8C-25C-dms-MaP-180 at                
                    examples/all_mutcounts/mut_count/mut_count___cfg-f5570d4/art
                    ifacts/RRRY-011-EKC-fourUnew-A8C-25C-dms-MaP-180/RRRY-011-EK
                    C-fourUnew-A8C-25C-dms-MaP-180_RRRY-011-EKC-fourUnew-A8C-25C
                    -dms-MaP-180_profile.txt                                    
           INFO     Inserted probe_fmod_run for sample ID 182 (Run ID: 197)     
           INFO     Inserted probe_fmod_run 197 for sample                      
                    RRRY-011-EKC-fourUnew-A8C-25C-dms-MaP-180                   
           INFO     Bulk inserted 80 fmod_vals records.                         
           INFO     Inserted 80 probe_fmod_values records for                   
                    RRRY-011-EKC-fourUnew-A8C-25C-dms-MaP-180 (modrate).        
           INFO     Bulk inserted 80 fmod_vals records.                         
           INFO     Inserted 80 probe_fmod_values records for                   
                    RRRY-011-EKC-fourUnew-A8C-25C-dms-MaP-180 (GAmodrate).      
           INFO     Wrote per-read histogram for                                
                    RRRY-011-EKC-fourUnew-A8C-25C-dms-MaP-180 (Modified) to     
                    examples/all_mutcounts/mut_count/mut_count___cfg-f5570d4/art
                    ifacts/RRRY-011-EKC-fourUnew-A8C-25C-dms-MaP-180/per_read_hi
                    stogram.txt                                                 
           INFO     Wrote per-read histogram for                                
                    RRRY-011-EKC-fourUnew-A8C-25C-dms-MaP-180 (GA) to           
                    examples/all_mutcounts/mut_count/mut_count___cfg-f5570d4/art
                    ifacts/RRRY-011-EKC-fourUnew-A8C-25C-dms-MaP-180/per_read_hi
                    stogram.txtga                                               
           INFO     Found ShapeMapper profile for                               
                    YYYR-011-EKC-fourUnew-A8C-25C-dms-MaP-180 at                
                    examples/all_mutcounts/mut_count/mut_count___cfg-f5570d4/art
                    ifacts/YYYR-011-EKC-fourUnew-A8C-25C-dms-MaP-180/YYYR-011-EK
                    C-fourUnew-A8C-25C-dms-MaP-180_YYYR-011-EKC-fourUnew-A8C-25C
                    -dms-MaP-180_profile.txt                                    
           INFO     Inserted probe_fmod_run for sample ID 183 (Run ID: 198)     
           INFO     Inserted probe_fmod_run 198 for sample                      
                    YYYR-011-EKC-fourUnew-A8C-25C-dms-MaP-180                   
           INFO     Bulk inserted 80 fmod_vals records.                         
           INFO     Inserted 80 probe_fmod_values records for                   
                    YYYR-011-EKC-fourUnew-A8C-25C-dms-MaP-180 (modrate).        
           INFO     Bulk inserted 80 fmod_vals records.                         
           INFO     Inserted 80 probe_fmod_values records for                   
                    YYYR-011-EKC-fourUnew-A8C-25C-dms-MaP-180 (GAmodrate).      
           INFO     Wrote per-read histogram for                                
                    YYYR-011-EKC-fourUnew-A8C-25C-dms-MaP-180 (Modified) to     
                    examples/all_mutcounts/mut_count/mut_count___cfg-f5570d4/art
                    ifacts/YYYR-011-EKC-fourUnew-A8C-25C-dms-MaP-180/per_read_hi
                    stogram.txt                                                 
           INFO     Wrote per-read histogram for                                
                    YYYR-011-EKC-fourUnew-A8C-25C-dms-MaP-180 (GA) to           
                    examples/all_mutcounts/mut_count/mut_count___cfg-f5570d4/art
                    ifacts/YYYR-011-EKC-fourUnew-A8C-25C-dms-MaP-180/per_read_hi
                    stogram.txtga                                               
           INFO     Found ShapeMapper profile for                               
                    012-EKC-fourUnew-A8C-25C-dms-MaP-240 at                     
                    examples/all_mutcounts/mut_count/mut_count___cfg-f5570d4/art
                    ifacts/012-EKC-fourUnew-A8C-25C-dms-MaP-240/012-EKC-fourUnew
                    -A8C-25C-dms-MaP-240_012-EKC-fourUnew-A8C-25C-dms-MaP-240_pr
                    ofile.txt                                                   
           INFO     Inserted probe_fmod_run for sample ID 149 (Run ID: 199)     
           INFO     Inserted probe_fmod_run 199 for sample                      
                    012-EKC-fourUnew-A8C-25C-dms-MaP-240                        
           INFO     Bulk inserted 80 fmod_vals records.                         
           INFO     Inserted 80 probe_fmod_values records for                   
                    012-EKC-fourUnew-A8C-25C-dms-MaP-240 (modrate).             
           INFO     Bulk inserted 80 fmod_vals records.                         
           INFO     Inserted 80 probe_fmod_values records for                   
                    012-EKC-fourUnew-A8C-25C-dms-MaP-240 (GAmodrate).           
           INFO     Wrote per-read histogram for                                
                    012-EKC-fourUnew-A8C-25C-dms-MaP-240 (Modified) to          
                    examples/all_mutcounts/mut_count/mut_count___cfg-f5570d4/art
                    ifacts/012-EKC-fourUnew-A8C-25C-dms-MaP-240/per_read_histogr
                    am.txt                                                      
           INFO     Wrote per-read histogram for                                
                    012-EKC-fourUnew-A8C-25C-dms-MaP-240 (GA) to                
                    examples/all_mutcounts/mut_count/mut_count___cfg-f5570d4/art
                    ifacts/012-EKC-fourUnew-A8C-25C-dms-MaP-240/per_read_histogr
                    am.txtga                                                    
           INFO     Found ShapeMapper profile for                               
                    012-EKC-fourUnew-A8C-25C-dms-stop-240 at                    
                    examples/all_mutcounts/mut_count/mut_count___cfg-f5570d4/art
                    ifacts/012-EKC-fourUnew-A8C-25C-dms-stop-240/012-EKC-fourUne
                    w-A8C-25C-dms-stop-240_012-EKC-fourUnew-A8C-25C-dms-stop-240
                    _profile.txt                                                
           INFO     Inserted probe_fmod_run for sample ID 92 (Run ID: 200)      
           INFO     Inserted probe_fmod_run 200 for sample                      
                    012-EKC-fourUnew-A8C-25C-dms-stop-240                       
           INFO     Bulk inserted 80 fmod_vals records.                         
           INFO     Inserted 80 probe_fmod_values records for                   
                    012-EKC-fourUnew-A8C-25C-dms-stop-240 (modrate).            
           INFO     Bulk inserted 80 fmod_vals records.                         
           INFO     Inserted 80 probe_fmod_values records for                   
                    012-EKC-fourUnew-A8C-25C-dms-stop-240 (GAmodrate).          
           INFO     Wrote per-read histogram for                                
                    012-EKC-fourUnew-A8C-25C-dms-stop-240 (Modified) to         
                    examples/all_mutcounts/mut_count/mut_count___cfg-f5570d4/art
                    ifacts/012-EKC-fourUnew-A8C-25C-dms-stop-240/per_read_histog
                    ram.txt                                                     
           INFO     Wrote per-read histogram for                                
                    012-EKC-fourUnew-A8C-25C-dms-stop-240 (GA) to               
                    examples/all_mutcounts/mut_count/mut_count___cfg-f5570d4/art
                    ifacts/012-EKC-fourUnew-A8C-25C-dms-stop-240/per_read_histog
                    ram.txtga                                                   
           INFO     Found ShapeMapper profile for                               
                    RRRY-012-EKC-fourUnew-A8C-25C-dms-MaP-240 at                
                    examples/all_mutcounts/mut_count/mut_count___cfg-f5570d4/art
                    ifacts/RRRY-012-EKC-fourUnew-A8C-25C-dms-MaP-240/RRRY-012-EK
                    C-fourUnew-A8C-25C-dms-MaP-240_RRRY-012-EKC-fourUnew-A8C-25C
                    -dms-MaP-240_profile.txt                                    
           INFO     Inserted probe_fmod_run for sample ID 184 (Run ID: 201)     
           INFO     Inserted probe_fmod_run 201 for sample                      
                    RRRY-012-EKC-fourUnew-A8C-25C-dms-MaP-240                   
           INFO     Bulk inserted 80 fmod_vals records.                         
           INFO     Inserted 80 probe_fmod_values records for                   
                    RRRY-012-EKC-fourUnew-A8C-25C-dms-MaP-240 (modrate).        
           INFO     Bulk inserted 80 fmod_vals records.                         
           INFO     Inserted 80 probe_fmod_values records for                   
                    RRRY-012-EKC-fourUnew-A8C-25C-dms-MaP-240 (GAmodrate).      
           INFO     Wrote per-read histogram for                                
                    RRRY-012-EKC-fourUnew-A8C-25C-dms-MaP-240 (Modified) to     
                    examples/all_mutcounts/mut_count/mut_count___cfg-f5570d4/art
                    ifacts/RRRY-012-EKC-fourUnew-A8C-25C-dms-MaP-240/per_read_hi
                    stogram.txt                                                 
           INFO     Wrote per-read histogram for                                
                    RRRY-012-EKC-fourUnew-A8C-25C-dms-MaP-240 (GA) to           
                    examples/all_mutcounts/mut_count/mut_count___cfg-f5570d4/art
                    ifacts/RRRY-012-EKC-fourUnew-A8C-25C-dms-MaP-240/per_read_hi
                    stogram.txtga                                               
           INFO     Found ShapeMapper profile for                               
                    YYYR-012-EKC-fourUnew-A8C-25C-dms-MaP-240 at                
                    examples/all_mutcounts/mut_count/mut_count___cfg-f5570d4/art
                    ifacts/YYYR-012-EKC-fourUnew-A8C-25C-dms-MaP-240/YYYR-012-EK
                    C-fourUnew-A8C-25C-dms-MaP-240_YYYR-012-EKC-fourUnew-A8C-25C
                    -dms-MaP-240_profile.txt                                    
           INFO     Inserted probe_fmod_run for sample ID 185 (Run ID: 202)     
           INFO     Inserted probe_fmod_run 202 for sample                      
                    YYYR-012-EKC-fourUnew-A8C-25C-dms-MaP-240                   
           INFO     Bulk inserted 80 fmod_vals records.                         
           INFO     Inserted 80 probe_fmod_values records for                   
                    YYYR-012-EKC-fourUnew-A8C-25C-dms-MaP-240 (modrate).        
           INFO     Bulk inserted 80 fmod_vals records.                         
           INFO     Inserted 80 probe_fmod_values records for                   
                    YYYR-012-EKC-fourUnew-A8C-25C-dms-MaP-240 (GAmodrate).      
           INFO     Wrote per-read histogram for                                
                    YYYR-012-EKC-fourUnew-A8C-25C-dms-MaP-240 (Modified) to     
                    examples/all_mutcounts/mut_count/mut_count___cfg-f5570d4/art
                    ifacts/YYYR-012-EKC-fourUnew-A8C-25C-dms-MaP-240/per_read_hi
                    stogram.txt                                                 
           INFO     Wrote per-read histogram for                                
                    YYYR-012-EKC-fourUnew-A8C-25C-dms-MaP-240 (GA) to           
                    examples/all_mutcounts/mut_count/mut_count___cfg-f5570d4/art
                    ifacts/YYYR-012-EKC-fourUnew-A8C-25C-dms-MaP-240/per_read_hi
                    stogram.txtga                                               
           INFO     mut_count completed. Profiles found for 24/24 samples;      
                    ingested 24 run(s).                                         
           INFO     Finished task ID 33 with state 'completed'                  
           INFO     Task 'mut_count' (ID: 33) completed successfully.           
           INFO     Updated 'latest' symlink for task 'mut_count' to point to   
                    /gpfs/projects/b1044/Computational_Output/EKC/EKC.01_SHAPE_s
                    tandardization/EKC.01.065.refactoring_data_analysis/nerd/exa
                    mples/all_mutcounts/mut_count/mut_count___cfg-f5570d4       
