[17:56:29] INFO     Executing 'run' command for step: 'mut_count'               
[17:56:29] INFO     Database schema initialized successfully.                   
           INFO     Created run directory:                                      
                    examples/all_mutcounts/mut_count/mut_count___cfg-c0f6f8e    
           INFO     Executing task 'mut_count' in run directory:                
                    examples/all_mutcounts/mut_count/mut_count___cfg-c0f6f8e    
           INFO     Resolved reaction_group 80_2 to 7 sample(s).                
           INFO     Began task 'mut_count' (ID: 126) for rg:20                  
                    (cfg=c0f6f8e54fa8509482e120f14aab121a700981683622990de67ea85
                    2cc41c540)                                                  
           INFO     Starting command (backend=local) in                         
                    examples/all_mutcounts/mut_count/mut_count___cfg-c0f6f8e    
           INFO     Executing command locally. Log file:                        
                    examples/all_mutcounts/mut_count/mut_count___cfg-c0f6f8e/com
                    mand.log                                                    
[18:00:32] INFO     Command finished with exit code: 0                          
           INFO     Logged attempt #1 for task ID 126 (Attempt ID: 115)         
           INFO     Command completed successfully. Consuming outputs.          
           INFO     Found ShapeMapper profile for 025-EKC-WT-80c-b-1-p at       
                    examples/all_mutcounts/mut_count/mut_count___cfg-c0f6f8e/art
                    ifacts/025-EKC-WT-80c-b-1-p/025-EKC-WT-80c-b-1-p_025-EKC-WT-
                    80c-b-1-p_profile.txt                                       
           INFO     Inserted probe_fmod_run for sample ID 330 (Run ID: 898)     
           INFO     Inserted probe_fmod_run 898 for sample 025-EKC-WT-80c-b-1-p 
           INFO     Bulk inserted 80 fmod_vals records.                         
           INFO     Inserted 80 probe_fmod_values records for                   
                    025-EKC-WT-80c-b-1-p (modrate).                             
           INFO     Bulk inserted 80 fmod_vals records.                         
           INFO     Inserted 80 probe_fmod_values records for                   
                    025-EKC-WT-80c-b-1-p (GAmodrate).                           
           INFO     Wrote per-read histogram for 025-EKC-WT-80c-b-1-p (Modified)
                    to                                                          
                    examples/all_mutcounts/mut_count/mut_count___cfg-c0f6f8e/art
                    ifacts/025-EKC-WT-80c-b-1-p/per_read_histogram.txt          
           INFO     Wrote per-read histogram for 025-EKC-WT-80c-b-1-p (GA) to   
                    examples/all_mutcounts/mut_count/mut_count___cfg-c0f6f8e/art
                    ifacts/025-EKC-WT-80c-b-1-p/per_read_histogram.txtga        
           INFO     Found ShapeMapper profile for 026-EKC-WT-80c-b-2-p at       
                    examples/all_mutcounts/mut_count/mut_count___cfg-c0f6f8e/art
                    ifacts/026-EKC-WT-80c-b-2-p/026-EKC-WT-80c-b-2-p_026-EKC-WT-
                    80c-b-2-p_profile.txt                                       
           INFO     Inserted probe_fmod_run for sample ID 331 (Run ID: 899)     
           INFO     Inserted probe_fmod_run 899 for sample 026-EKC-WT-80c-b-2-p 
           INFO     Bulk inserted 80 fmod_vals records.                         
           INFO     Inserted 80 probe_fmod_values records for                   
                    026-EKC-WT-80c-b-2-p (modrate).                             
           INFO     Bulk inserted 80 fmod_vals records.                         
           INFO     Inserted 80 probe_fmod_values records for                   
                    026-EKC-WT-80c-b-2-p (GAmodrate).                           
           INFO     Wrote per-read histogram for 026-EKC-WT-80c-b-2-p (Modified)
                    to                                                          
                    examples/all_mutcounts/mut_count/mut_count___cfg-c0f6f8e/art
                    ifacts/026-EKC-WT-80c-b-2-p/per_read_histogram.txt          
           INFO     Wrote per-read histogram for 026-EKC-WT-80c-b-2-p (GA) to   
                    examples/all_mutcounts/mut_count/mut_count___cfg-c0f6f8e/art
                    ifacts/026-EKC-WT-80c-b-2-p/per_read_histogram.txtga        
           INFO     Found ShapeMapper profile for 027-EKC-WT-80c-b-3-p at       
                    examples/all_mutcounts/mut_count/mut_count___cfg-c0f6f8e/art
                    ifacts/027-EKC-WT-80c-b-3-p/027-EKC-WT-80c-b-3-p_027-EKC-WT-
                    80c-b-3-p_profile.txt                                       
           INFO     Inserted probe_fmod_run for sample ID 332 (Run ID: 900)     
           INFO     Inserted probe_fmod_run 900 for sample 027-EKC-WT-80c-b-3-p 
           INFO     Bulk inserted 80 fmod_vals records.                         
           INFO     Inserted 80 probe_fmod_values records for                   
                    027-EKC-WT-80c-b-3-p (modrate).                             
           INFO     Bulk inserted 80 fmod_vals records.                         
           INFO     Inserted 80 probe_fmod_values records for                   
                    027-EKC-WT-80c-b-3-p (GAmodrate).                           
           INFO     Wrote per-read histogram for 027-EKC-WT-80c-b-3-p (Modified)
                    to                                                          
                    examples/all_mutcounts/mut_count/mut_count___cfg-c0f6f8e/art
                    ifacts/027-EKC-WT-80c-b-3-p/per_read_histogram.txt          
           INFO     Wrote per-read histogram for 027-EKC-WT-80c-b-3-p (GA) to   
                    examples/all_mutcounts/mut_count/mut_count___cfg-c0f6f8e/art
                    ifacts/027-EKC-WT-80c-b-3-p/per_read_histogram.txtga        
           INFO     Found ShapeMapper profile for 028-EKC-WT-80c-b-4-p at       
                    examples/all_mutcounts/mut_count/mut_count___cfg-c0f6f8e/art
                    ifacts/028-EKC-WT-80c-b-4-p/028-EKC-WT-80c-b-4-p_028-EKC-WT-
                    80c-b-4-p_profile.txt                                       
           INFO     Inserted probe_fmod_run for sample ID 333 (Run ID: 901)     
           INFO     Inserted probe_fmod_run 901 for sample 028-EKC-WT-80c-b-4-p 
           INFO     Bulk inserted 80 fmod_vals records.                         
           INFO     Inserted 80 probe_fmod_values records for                   
                    028-EKC-WT-80c-b-4-p (modrate).                             
           INFO     Bulk inserted 80 fmod_vals records.                         
           INFO     Inserted 80 probe_fmod_values records for                   
                    028-EKC-WT-80c-b-4-p (GAmodrate).                           
           INFO     Wrote per-read histogram for 028-EKC-WT-80c-b-4-p (Modified)
                    to                                                          
                    examples/all_mutcounts/mut_count/mut_count___cfg-c0f6f8e/art
                    ifacts/028-EKC-WT-80c-b-4-p/per_read_histogram.txt          
           INFO     Wrote per-read histogram for 028-EKC-WT-80c-b-4-p (GA) to   
                    examples/all_mutcounts/mut_count/mut_count___cfg-c0f6f8e/art
                    ifacts/028-EKC-WT-80c-b-4-p/per_read_histogram.txtga        
           INFO     Found ShapeMapper profile for 029-EKC-WT-80c-b-5-p at       
                    examples/all_mutcounts/mut_count/mut_count___cfg-c0f6f8e/art
                    ifacts/029-EKC-WT-80c-b-5-p/029-EKC-WT-80c-b-5-p_029-EKC-WT-
                    80c-b-5-p_profile.txt                                       
           INFO     Inserted probe_fmod_run for sample ID 334 (Run ID: 902)     
           INFO     Inserted probe_fmod_run 902 for sample 029-EKC-WT-80c-b-5-p 
           INFO     Bulk inserted 80 fmod_vals records.                         
           INFO     Inserted 80 probe_fmod_values records for                   
                    029-EKC-WT-80c-b-5-p (modrate).                             
[18:00:33] INFO     Bulk inserted 80 fmod_vals records.                         
           INFO     Inserted 80 probe_fmod_values records for                   
                    029-EKC-WT-80c-b-5-p (GAmodrate).                           
           INFO     Wrote per-read histogram for 029-EKC-WT-80c-b-5-p (Modified)
                    to                                                          
                    examples/all_mutcounts/mut_count/mut_count___cfg-c0f6f8e/art
                    ifacts/029-EKC-WT-80c-b-5-p/per_read_histogram.txt          
           INFO     Wrote per-read histogram for 029-EKC-WT-80c-b-5-p (GA) to   
                    examples/all_mutcounts/mut_count/mut_count___cfg-c0f6f8e/art
                    ifacts/029-EKC-WT-80c-b-5-p/per_read_histogram.txtga        
           INFO     Found ShapeMapper profile for 030-EKC-WT-80c-b-6-p at       
                    examples/all_mutcounts/mut_count/mut_count___cfg-c0f6f8e/art
                    ifacts/030-EKC-WT-80c-b-6-p/030-EKC-WT-80c-b-6-p_030-EKC-WT-
                    80c-b-6-p_profile.txt                                       
           INFO     Inserted probe_fmod_run for sample ID 335 (Run ID: 903)     
           INFO     Inserted probe_fmod_run 903 for sample 030-EKC-WT-80c-b-6-p 
           INFO     Bulk inserted 80 fmod_vals records.                         
           INFO     Inserted 80 probe_fmod_values records for                   
                    030-EKC-WT-80c-b-6-p (modrate).                             
           INFO     Bulk inserted 80 fmod_vals records.                         
           INFO     Inserted 80 probe_fmod_values records for                   
                    030-EKC-WT-80c-b-6-p (GAmodrate).                           
           INFO     Wrote per-read histogram for 030-EKC-WT-80c-b-6-p (Modified)
                    to                                                          
                    examples/all_mutcounts/mut_count/mut_count___cfg-c0f6f8e/art
                    ifacts/030-EKC-WT-80c-b-6-p/per_read_histogram.txt          
           INFO     Wrote per-read histogram for 030-EKC-WT-80c-b-6-p (GA) to   
                    examples/all_mutcounts/mut_count/mut_count___cfg-c0f6f8e/art
                    ifacts/030-EKC-WT-80c-b-6-p/per_read_histogram.txtga        
           INFO     Found ShapeMapper profile for 042-EKC-WT-80c-b-6-m at       
                    examples/all_mutcounts/mut_count/mut_count___cfg-c0f6f8e/art
                    ifacts/042-EKC-WT-80c-b-6-m/042-EKC-WT-80c-b-6-m_042-EKC-WT-
                    80c-b-6-m_profile.txt                                       
           INFO     Inserted probe_fmod_run for sample ID 347 (Run ID: 904)     
           INFO     Inserted probe_fmod_run 904 for sample 042-EKC-WT-80c-b-6-m 
           INFO     Bulk inserted 80 fmod_vals records.                         
           INFO     Inserted 80 probe_fmod_values records for                   
                    042-EKC-WT-80c-b-6-m (modrate).                             
           INFO     Bulk inserted 80 fmod_vals records.                         
           INFO     Inserted 80 probe_fmod_values records for                   
                    042-EKC-WT-80c-b-6-m (GAmodrate).                           
           INFO     Wrote per-read histogram for 042-EKC-WT-80c-b-6-m (Modified)
                    to                                                          
                    examples/all_mutcounts/mut_count/mut_count___cfg-c0f6f8e/art
                    ifacts/042-EKC-WT-80c-b-6-m/per_read_histogram.txt          
           INFO     Wrote per-read histogram for 042-EKC-WT-80c-b-6-m (GA) to   
                    examples/all_mutcounts/mut_count/mut_count___cfg-c0f6f8e/art
                    ifacts/042-EKC-WT-80c-b-6-m/per_read_histogram.txtga        
           INFO     mut_count completed. Profiles found for 7/7 samples;        
                    ingested 7 run(s).                                          
           INFO     Finished task ID 126 with state 'completed'                 
           INFO     Task 'mut_count' (ID: 126) completed successfully.          
           INFO     Updated 'latest' symlink for task 'mut_count' to point to   
                    /gpfs/projects/b1044/Computational_Output/EKC/EKC.01_SHAPE_s
                    tandardization/EKC.01.065.refactoring_data_analysis/nerd/exa
                    mples/all_mutcounts/mut_count/mut_count___cfg-c0f6f8e       
