[17:08:55] INFO     Executing 'run' command for step: 'mut_count'               
[17:08:55] INFO     Database schema initialized successfully.                   
           INFO     Created run directory:                                      
                    examples/all_mutcounts/mut_count/mut_count___cfg-56aa33e    
           INFO     Executing task 'mut_count' in run directory:                
                    examples/all_mutcounts/mut_count/mut_count___cfg-56aa33e    
           INFO     Resolved reaction_group 60_1 to 7 sample(s).                
           INFO     Began task 'mut_count' (ID: 80) for rg:16                   
                    (cfg=56aa33e3c2cf03852e61d8c18e2b162e38f8e596126715f48d99bb7
                    3d48194f1)                                                  
           INFO     Starting command (backend=local) in                         
                    examples/all_mutcounts/mut_count/mut_count___cfg-56aa33e    
           INFO     Executing command locally. Log file:                        
                    examples/all_mutcounts/mut_count/mut_count___cfg-56aa33e/com
                    mand.log                                                    
[17:13:26] INFO     Command finished with exit code: 0                          
           INFO     Logged attempt #1 for task ID 80 (Attempt ID: 62)           
           INFO     Command completed successfully. Consuming outputs.          
           INFO     Found ShapeMapper profile for 001-EKC-WT-60c-a-1-p at       
                    examples/all_mutcounts/mut_count/mut_count___cfg-56aa33e/art
                    ifacts/001-EKC-WT-60c-a-1-p/001-EKC-WT-60c-a-1-p_001-EKC-WT-
                    60c-a-1-p_profile.txt                                       
           INFO     Inserted probe_fmod_run for sample ID 306 (Run ID: 509)     
           INFO     Inserted probe_fmod_run 509 for sample 001-EKC-WT-60c-a-1-p 
           INFO     Bulk inserted 80 fmod_vals records.                         
           INFO     Inserted 80 probe_fmod_values records for                   
                    001-EKC-WT-60c-a-1-p (modrate).                             
           INFO     Bulk inserted 80 fmod_vals records.                         
           INFO     Inserted 80 probe_fmod_values records for                   
                    001-EKC-WT-60c-a-1-p (GAmodrate).                           
           INFO     Wrote per-read histogram for 001-EKC-WT-60c-a-1-p (Modified)
                    to                                                          
                    examples/all_mutcounts/mut_count/mut_count___cfg-56aa33e/art
                    ifacts/001-EKC-WT-60c-a-1-p/per_read_histogram.txt          
           INFO     Wrote per-read histogram for 001-EKC-WT-60c-a-1-p (GA) to   
                    examples/all_mutcounts/mut_count/mut_count___cfg-56aa33e/art
                    ifacts/001-EKC-WT-60c-a-1-p/per_read_histogram.txtga        
           INFO     Found ShapeMapper profile for 002-EKC-WT-60c-a-2-p at       
                    examples/all_mutcounts/mut_count/mut_count___cfg-56aa33e/art
                    ifacts/002-EKC-WT-60c-a-2-p/002-EKC-WT-60c-a-2-p_002-EKC-WT-
                    60c-a-2-p_profile.txt                                       
           INFO     Inserted probe_fmod_run for sample ID 307 (Run ID: 510)     
           INFO     Inserted probe_fmod_run 510 for sample 002-EKC-WT-60c-a-2-p 
           INFO     Bulk inserted 80 fmod_vals records.                         
           INFO     Inserted 80 probe_fmod_values records for                   
                    002-EKC-WT-60c-a-2-p (modrate).                             
           INFO     Bulk inserted 80 fmod_vals records.                         
           INFO     Inserted 80 probe_fmod_values records for                   
                    002-EKC-WT-60c-a-2-p (GAmodrate).                           
           INFO     Wrote per-read histogram for 002-EKC-WT-60c-a-2-p (Modified)
                    to                                                          
                    examples/all_mutcounts/mut_count/mut_count___cfg-56aa33e/art
                    ifacts/002-EKC-WT-60c-a-2-p/per_read_histogram.txt          
           INFO     Wrote per-read histogram for 002-EKC-WT-60c-a-2-p (GA) to   
                    examples/all_mutcounts/mut_count/mut_count___cfg-56aa33e/art
                    ifacts/002-EKC-WT-60c-a-2-p/per_read_histogram.txtga        
           INFO     Found ShapeMapper profile for 003-EKC-WT-60c-a-3-p at       
                    examples/all_mutcounts/mut_count/mut_count___cfg-56aa33e/art
                    ifacts/003-EKC-WT-60c-a-3-p/003-EKC-WT-60c-a-3-p_003-EKC-WT-
                    60c-a-3-p_profile.txt                                       
           INFO     Inserted probe_fmod_run for sample ID 308 (Run ID: 511)     
           INFO     Inserted probe_fmod_run 511 for sample 003-EKC-WT-60c-a-3-p 
[17:13:27] INFO     Bulk inserted 80 fmod_vals records.                         
           INFO     Inserted 80 probe_fmod_values records for                   
                    003-EKC-WT-60c-a-3-p (modrate).                             
           INFO     Bulk inserted 80 fmod_vals records.                         
           INFO     Inserted 80 probe_fmod_values records for                   
                    003-EKC-WT-60c-a-3-p (GAmodrate).                           
           INFO     Wrote per-read histogram for 003-EKC-WT-60c-a-3-p (Modified)
                    to                                                          
                    examples/all_mutcounts/mut_count/mut_count___cfg-56aa33e/art
                    ifacts/003-EKC-WT-60c-a-3-p/per_read_histogram.txt          
           INFO     Wrote per-read histogram for 003-EKC-WT-60c-a-3-p (GA) to   
                    examples/all_mutcounts/mut_count/mut_count___cfg-56aa33e/art
                    ifacts/003-EKC-WT-60c-a-3-p/per_read_histogram.txtga        
           INFO     Found ShapeMapper profile for 004-EKC-WT-60c-a-4-p at       
                    examples/all_mutcounts/mut_count/mut_count___cfg-56aa33e/art
                    ifacts/004-EKC-WT-60c-a-4-p/004-EKC-WT-60c-a-4-p_004-EKC-WT-
                    60c-a-4-p_profile.txt                                       
           INFO     Inserted probe_fmod_run for sample ID 309 (Run ID: 512)     
           INFO     Inserted probe_fmod_run 512 for sample 004-EKC-WT-60c-a-4-p 
           INFO     Bulk inserted 80 fmod_vals records.                         
           INFO     Inserted 80 probe_fmod_values records for                   
                    004-EKC-WT-60c-a-4-p (modrate).                             
           INFO     Bulk inserted 80 fmod_vals records.                         
           INFO     Inserted 80 probe_fmod_values records for                   
                    004-EKC-WT-60c-a-4-p (GAmodrate).                           
           INFO     Wrote per-read histogram for 004-EKC-WT-60c-a-4-p (Modified)
                    to                                                          
                    examples/all_mutcounts/mut_count/mut_count___cfg-56aa33e/art
                    ifacts/004-EKC-WT-60c-a-4-p/per_read_histogram.txt          
           INFO     Wrote per-read histogram for 004-EKC-WT-60c-a-4-p (GA) to   
                    examples/all_mutcounts/mut_count/mut_count___cfg-56aa33e/art
                    ifacts/004-EKC-WT-60c-a-4-p/per_read_histogram.txtga        
           INFO     Found ShapeMapper profile for 005-EKC-WT-60c-a-5-p at       
                    examples/all_mutcounts/mut_count/mut_count___cfg-56aa33e/art
                    ifacts/005-EKC-WT-60c-a-5-p/005-EKC-WT-60c-a-5-p_005-EKC-WT-
                    60c-a-5-p_profile.txt                                       
           INFO     Inserted probe_fmod_run for sample ID 310 (Run ID: 513)     
           INFO     Inserted probe_fmod_run 513 for sample 005-EKC-WT-60c-a-5-p 
           INFO     Bulk inserted 80 fmod_vals records.                         
           INFO     Inserted 80 probe_fmod_values records for                   
                    005-EKC-WT-60c-a-5-p (modrate).                             
           INFO     Bulk inserted 80 fmod_vals records.                         
           INFO     Inserted 80 probe_fmod_values records for                   
                    005-EKC-WT-60c-a-5-p (GAmodrate).                           
           INFO     Wrote per-read histogram for 005-EKC-WT-60c-a-5-p (Modified)
                    to                                                          
                    examples/all_mutcounts/mut_count/mut_count___cfg-56aa33e/art
                    ifacts/005-EKC-WT-60c-a-5-p/per_read_histogram.txt          
           INFO     Wrote per-read histogram for 005-EKC-WT-60c-a-5-p (GA) to   
                    examples/all_mutcounts/mut_count/mut_count___cfg-56aa33e/art
                    ifacts/005-EKC-WT-60c-a-5-p/per_read_histogram.txtga        
           INFO     Found ShapeMapper profile for 006-EKC-WT-60c-a-6-p at       
                    examples/all_mutcounts/mut_count/mut_count___cfg-56aa33e/art
                    ifacts/006-EKC-WT-60c-a-6-p/006-EKC-WT-60c-a-6-p_006-EKC-WT-
                    60c-a-6-p_profile.txt                                       
           INFO     Inserted probe_fmod_run for sample ID 311 (Run ID: 514)     
           INFO     Inserted probe_fmod_run 514 for sample 006-EKC-WT-60c-a-6-p 
           INFO     Bulk inserted 80 fmod_vals records.                         
           INFO     Inserted 80 probe_fmod_values records for                   
                    006-EKC-WT-60c-a-6-p (modrate).                             
           INFO     Bulk inserted 80 fmod_vals records.                         
           INFO     Inserted 80 probe_fmod_values records for                   
                    006-EKC-WT-60c-a-6-p (GAmodrate).                           
           INFO     Wrote per-read histogram for 006-EKC-WT-60c-a-6-p (Modified)
                    to                                                          
                    examples/all_mutcounts/mut_count/mut_count___cfg-56aa33e/art
                    ifacts/006-EKC-WT-60c-a-6-p/per_read_histogram.txt          
           INFO     Wrote per-read histogram for 006-EKC-WT-60c-a-6-p (GA) to   
                    examples/all_mutcounts/mut_count/mut_count___cfg-56aa33e/art
                    ifacts/006-EKC-WT-60c-a-6-p/per_read_histogram.txtga        
           INFO     Found ShapeMapper profile for 036-EKC-WT-60c-a-6-m at       
                    examples/all_mutcounts/mut_count/mut_count___cfg-56aa33e/art
                    ifacts/036-EKC-WT-60c-a-6-m/036-EKC-WT-60c-a-6-m_036-EKC-WT-
                    60c-a-6-m_profile.txt                                       
           INFO     Inserted probe_fmod_run for sample ID 341 (Run ID: 515)     
           INFO     Inserted probe_fmod_run 515 for sample 036-EKC-WT-60c-a-6-m 
           INFO     Bulk inserted 80 fmod_vals records.                         
           INFO     Inserted 80 probe_fmod_values records for                   
                    036-EKC-WT-60c-a-6-m (modrate).                             
           INFO     Bulk inserted 80 fmod_vals records.                         
           INFO     Inserted 80 probe_fmod_values records for                   
                    036-EKC-WT-60c-a-6-m (GAmodrate).                           
           INFO     Wrote per-read histogram for 036-EKC-WT-60c-a-6-m (Modified)
                    to                                                          
                    examples/all_mutcounts/mut_count/mut_count___cfg-56aa33e/art
                    ifacts/036-EKC-WT-60c-a-6-m/per_read_histogram.txt          
           INFO     Wrote per-read histogram for 036-EKC-WT-60c-a-6-m (GA) to   
                    examples/all_mutcounts/mut_count/mut_count___cfg-56aa33e/art
                    ifacts/036-EKC-WT-60c-a-6-m/per_read_histogram.txtga        
           INFO     mut_count completed. Profiles found for 7/7 samples;        
                    ingested 7 run(s).                                          
           INFO     Finished task ID 80 with state 'completed'                  
           INFO     Task 'mut_count' (ID: 80) completed successfully.           
           INFO     Updated 'latest' symlink for task 'mut_count' to point to   
                    /gpfs/projects/b1044/Computational_Output/EKC/EKC.01_SHAPE_s
                    tandardization/EKC.01.065.refactoring_data_analysis/nerd/exa
                    mples/all_mutcounts/mut_count/mut_count___cfg-56aa33e       
