[14:24:07] INFO     Executing 'run' command for step: 'mut_count'               
[14:24:07] INFO     Database schema initialized successfully.                   
           INFO     Created run directory:                                      
                    examples/all_mutcounts/mut_count/mut_count___cfg-1fe1fe7    
           INFO     Executing task 'mut_count' in run directory:                
                    examples/all_mutcounts/mut_count/mut_count___cfg-1fe1fe7    
           INFO     Resolved reaction_group 25_3_A8C to 8 sample(s).            
           INFO     Began task 'mut_count' (ID: 40) for rg:67                   
                    (cfg=1fe1fe7aa0b2c387cea88715167023425f0e92a67ba6ebc7af6dc82
                    6c96c08b2)                                                  
           INFO     Starting command (backend=local) in                         
                    examples/all_mutcounts/mut_count/mut_count___cfg-1fe1fe7    
           INFO     Executing command locally. Log file:                        
                    examples/all_mutcounts/mut_count/mut_count___cfg-1fe1fe7/com
                    mand.log                                                    
[16:13:29] INFO     Command finished with exit code: 0                          
           INFO     Logged attempt #1 for task ID 40 (Attempt ID: 50)           
           INFO     Command completed successfully. Consuming outputs.          
           INFO     Found ShapeMapper profile for 049_fourU_A8C_25c_a_1_p at    
                    examples/all_mutcounts/mut_count/mut_count___cfg-1fe1fe7/art
                    ifacts/049_fourU_A8C_25c_a_1_p/049_fourU_A8C_25c_a_1_p_049_f
                    ourU_A8C_25c_a_1_p_profile.txt                              
           INFO     Inserted probe_fmod_run for sample ID 636 (Run ID: 379)     
           INFO     Inserted probe_fmod_run 379 for sample                      
                    049_fourU_A8C_25c_a_1_p                                     
           INFO     Bulk inserted 80 fmod_vals records.                         
           INFO     Inserted 80 probe_fmod_values records for                   
                    049_fourU_A8C_25c_a_1_p (modrate).                          
[16:13:30] INFO     Bulk inserted 80 fmod_vals records.                         
           INFO     Inserted 80 probe_fmod_values records for                   
                    049_fourU_A8C_25c_a_1_p (GAmodrate).                        
           INFO     Wrote per-read histogram for 049_fourU_A8C_25c_a_1_p        
                    (Modified) to                                               
                    examples/all_mutcounts/mut_count/mut_count___cfg-1fe1fe7/art
                    ifacts/049_fourU_A8C_25c_a_1_p/per_read_histogram.txt       
           INFO     Wrote per-read histogram for 049_fourU_A8C_25c_a_1_p (GA) to
                    examples/all_mutcounts/mut_count/mut_count___cfg-1fe1fe7/art
                    ifacts/049_fourU_A8C_25c_a_1_p/per_read_histogram.txtga     
           INFO     Found ShapeMapper profile for 050_fourU_A8C_25c_a_2_p at    
                    examples/all_mutcounts/mut_count/mut_count___cfg-1fe1fe7/art
                    ifacts/050_fourU_A8C_25c_a_2_p/050_fourU_A8C_25c_a_2_p_050_f
                    ourU_A8C_25c_a_2_p_profile.txt                              
           INFO     Inserted probe_fmod_run for sample ID 637 (Run ID: 381)     
           INFO     Inserted probe_fmod_run 381 for sample                      
                    050_fourU_A8C_25c_a_2_p                                     
           INFO     Bulk inserted 80 fmod_vals records.                         
           INFO     Inserted 80 probe_fmod_values records for                   
                    050_fourU_A8C_25c_a_2_p (modrate).                          
           INFO     Bulk inserted 80 fmod_vals records.                         
           INFO     Inserted 80 probe_fmod_values records for                   
                    050_fourU_A8C_25c_a_2_p (GAmodrate).                        
           INFO     Wrote per-read histogram for 050_fourU_A8C_25c_a_2_p        
                    (Modified) to                                               
                    examples/all_mutcounts/mut_count/mut_count___cfg-1fe1fe7/art
                    ifacts/050_fourU_A8C_25c_a_2_p/per_read_histogram.txt       
           INFO     Wrote per-read histogram for 050_fourU_A8C_25c_a_2_p (GA) to
                    examples/all_mutcounts/mut_count/mut_count___cfg-1fe1fe7/art
                    ifacts/050_fourU_A8C_25c_a_2_p/per_read_histogram.txtga     
           INFO     Found ShapeMapper profile for 073_fourU_A8C25c_a_2_p at     
                    examples/all_mutcounts/mut_count/mut_count___cfg-1fe1fe7/art
                    ifacts/073_fourU_A8C25c_a_2_p/073_fourU_A8C25c_a_2_p_073_fou
                    rU_A8C25c_a_2_p_profile.txt                                 
           INFO     Inserted probe_fmod_run for sample ID 756 (Run ID: 383)     
           INFO     Inserted probe_fmod_run 383 for sample                      
                    073_fourU_A8C25c_a_2_p                                      
           INFO     Bulk inserted 80 fmod_vals records.                         
           INFO     Inserted 80 probe_fmod_values records for                   
                    073_fourU_A8C25c_a_2_p (modrate).                           
           INFO     Bulk inserted 80 fmod_vals records.                         
           INFO     Inserted 80 probe_fmod_values records for                   
                    073_fourU_A8C25c_a_2_p (GAmodrate).                         
           INFO     Wrote per-read histogram for 073_fourU_A8C25c_a_2_p         
                    (Modified) to                                               
                    examples/all_mutcounts/mut_count/mut_count___cfg-1fe1fe7/art
                    ifacts/073_fourU_A8C25c_a_2_p/per_read_histogram.txt        
           INFO     Wrote per-read histogram for 073_fourU_A8C25c_a_2_p (GA) to 
                    examples/all_mutcounts/mut_count/mut_count___cfg-1fe1fe7/art
                    ifacts/073_fourU_A8C25c_a_2_p/per_read_histogram.txtga      
           INFO     Found ShapeMapper profile for 051_fourU_A8C_25c_a_3_p at    
                    examples/all_mutcounts/mut_count/mut_count___cfg-1fe1fe7/art
                    ifacts/051_fourU_A8C_25c_a_3_p/051_fourU_A8C_25c_a_3_p_051_f
                    ourU_A8C_25c_a_3_p_profile.txt                              
           INFO     Inserted probe_fmod_run for sample ID 638 (Run ID: 385)     
           INFO     Inserted probe_fmod_run 385 for sample                      
                    051_fourU_A8C_25c_a_3_p                                     
           INFO     Bulk inserted 80 fmod_vals records.                         
           INFO     Inserted 80 probe_fmod_values records for                   
                    051_fourU_A8C_25c_a_3_p (modrate).                          
           INFO     Bulk inserted 80 fmod_vals records.                         
           INFO     Inserted 80 probe_fmod_values records for                   
                    051_fourU_A8C_25c_a_3_p (GAmodrate).                        
           INFO     Wrote per-read histogram for 051_fourU_A8C_25c_a_3_p        
                    (Modified) to                                               
                    examples/all_mutcounts/mut_count/mut_count___cfg-1fe1fe7/art
                    ifacts/051_fourU_A8C_25c_a_3_p/per_read_histogram.txt       
           INFO     Wrote per-read histogram for 051_fourU_A8C_25c_a_3_p (GA) to
                    examples/all_mutcounts/mut_count/mut_count___cfg-1fe1fe7/art
                    ifacts/051_fourU_A8C_25c_a_3_p/per_read_histogram.txtga     
           INFO     Found ShapeMapper profile for 052_fourU_A8C_25c_a_4_p at    
                    examples/all_mutcounts/mut_count/mut_count___cfg-1fe1fe7/art
                    ifacts/052_fourU_A8C_25c_a_4_p/052_fourU_A8C_25c_a_4_p_052_f
                    ourU_A8C_25c_a_4_p_profile.txt                              
           INFO     Inserted probe_fmod_run for sample ID 639 (Run ID: 388)     
           INFO     Inserted probe_fmod_run 388 for sample                      
                    052_fourU_A8C_25c_a_4_p                                     
           INFO     Bulk inserted 80 fmod_vals records.                         
           INFO     Inserted 80 probe_fmod_values records for                   
                    052_fourU_A8C_25c_a_4_p (modrate).                          
           INFO     Bulk inserted 80 fmod_vals records.                         
           INFO     Inserted 80 probe_fmod_values records for                   
                    052_fourU_A8C_25c_a_4_p (GAmodrate).                        
           INFO     Wrote per-read histogram for 052_fourU_A8C_25c_a_4_p        
                    (Modified) to                                               
                    examples/all_mutcounts/mut_count/mut_count___cfg-1fe1fe7/art
                    ifacts/052_fourU_A8C_25c_a_4_p/per_read_histogram.txt       
           INFO     Wrote per-read histogram for 052_fourU_A8C_25c_a_4_p (GA) to
                    examples/all_mutcounts/mut_count/mut_count___cfg-1fe1fe7/art
                    ifacts/052_fourU_A8C_25c_a_4_p/per_read_histogram.txtga     
           INFO     Found ShapeMapper profile for 053_fourU_A8C_25c_a_5_p at    
                    examples/all_mutcounts/mut_count/mut_count___cfg-1fe1fe7/art
                    ifacts/053_fourU_A8C_25c_a_5_p/053_fourU_A8C_25c_a_5_p_053_f
                    ourU_A8C_25c_a_5_p_profile.txt                              
           INFO     Inserted probe_fmod_run for sample ID 640 (Run ID: 389)     
           INFO     Inserted probe_fmod_run 389 for sample                      
                    053_fourU_A8C_25c_a_5_p                                     
           INFO     Bulk inserted 80 fmod_vals records.                         
           INFO     Inserted 80 probe_fmod_values records for                   
                    053_fourU_A8C_25c_a_5_p (modrate).                          
           INFO     Bulk inserted 80 fmod_vals records.                         
           INFO     Inserted 80 probe_fmod_values records for                   
                    053_fourU_A8C_25c_a_5_p (GAmodrate).                        
           INFO     Wrote per-read histogram for 053_fourU_A8C_25c_a_5_p        
                    (Modified) to                                               
                    examples/all_mutcounts/mut_count/mut_count___cfg-1fe1fe7/art
                    ifacts/053_fourU_A8C_25c_a_5_p/per_read_histogram.txt       
           INFO     Wrote per-read histogram for 053_fourU_A8C_25c_a_5_p (GA) to
                    examples/all_mutcounts/mut_count/mut_count___cfg-1fe1fe7/art
                    ifacts/053_fourU_A8C_25c_a_5_p/per_read_histogram.txtga     
           INFO     Found ShapeMapper profile for 054_fourU_A8C_25c_a_6_p at    
                    examples/all_mutcounts/mut_count/mut_count___cfg-1fe1fe7/art
                    ifacts/054_fourU_A8C_25c_a_6_p/054_fourU_A8C_25c_a_6_p_054_f
                    ourU_A8C_25c_a_6_p_profile.txt                              
           INFO     Inserted probe_fmod_run for sample ID 641 (Run ID: 391)     
           INFO     Inserted probe_fmod_run 391 for sample                      
                    054_fourU_A8C_25c_a_6_p                                     
           INFO     Bulk inserted 80 fmod_vals records.                         
           INFO     Inserted 80 probe_fmod_values records for                   
                    054_fourU_A8C_25c_a_6_p (modrate).                          
           INFO     Bulk inserted 80 fmod_vals records.                         
           INFO     Inserted 80 probe_fmod_values records for                   
                    054_fourU_A8C_25c_a_6_p (GAmodrate).                        
           INFO     Wrote per-read histogram for 054_fourU_A8C_25c_a_6_p        
                    (Modified) to                                               
                    examples/all_mutcounts/mut_count/mut_count___cfg-1fe1fe7/art
                    ifacts/054_fourU_A8C_25c_a_6_p/per_read_histogram.txt       
           INFO     Wrote per-read histogram for 054_fourU_A8C_25c_a_6_p (GA) to
                    examples/all_mutcounts/mut_count/mut_count___cfg-1fe1fe7/art
                    ifacts/054_fourU_A8C_25c_a_6_p/per_read_histogram.txtga     
           INFO     Found ShapeMapper profile for 076_fourU_A8C25c_a_6_m at     
                    examples/all_mutcounts/mut_count/mut_count___cfg-1fe1fe7/art
                    ifacts/076_fourU_A8C25c_a_6_m/076_fourU_A8C25c_a_6_m_076_fou
                    rU_A8C25c_a_6_m_profile.txt                                 
           INFO     Inserted probe_fmod_run for sample ID 759 (Run ID: 393)     
           INFO     Inserted probe_fmod_run 393 for sample                      
                    076_fourU_A8C25c_a_6_m                                      
           INFO     Bulk inserted 80 fmod_vals records.                         
           INFO     Inserted 80 probe_fmod_values records for                   
                    076_fourU_A8C25c_a_6_m (modrate).                           
           INFO     Bulk inserted 80 fmod_vals records.                         
           INFO     Inserted 80 probe_fmod_values records for                   
                    076_fourU_A8C25c_a_6_m (GAmodrate).                         
           INFO     Wrote per-read histogram for 076_fourU_A8C25c_a_6_m         
                    (Modified) to                                               
                    examples/all_mutcounts/mut_count/mut_count___cfg-1fe1fe7/art
                    ifacts/076_fourU_A8C25c_a_6_m/per_read_histogram.txt        
           INFO     Wrote per-read histogram for 076_fourU_A8C25c_a_6_m (GA) to 
                    examples/all_mutcounts/mut_count/mut_count___cfg-1fe1fe7/art
                    ifacts/076_fourU_A8C25c_a_6_m/per_read_histogram.txtga      
           INFO     mut_count completed. Profiles found for 8/8 samples;        
                    ingested 8 run(s).                                          
           INFO     Finished task ID 40 with state 'completed'                  
           INFO     Task 'mut_count' (ID: 40) completed successfully.           
           INFO     Updated 'latest' symlink for task 'mut_count' to point to   
                    /gpfs/projects/b1044/Computational_Output/EKC/EKC.01_SHAPE_s
                    tandardization/EKC.01.065.refactoring_data_analysis/nerd/exa
                    mples/all_mutcounts/mut_count/mut_count___cfg-1fe1fe7       
