[14:14:44] INFO     Executing 'run' command for step: 'mut_count'               
[14:14:44] INFO     Database schema initialized successfully.                   
           INFO     Created run directory:                                      
                    examples/all_mutcounts/mut_count/mut_count___cfg-89915ae    
           INFO     Executing task 'mut_count' in run directory:                
                    examples/all_mutcounts/mut_count/mut_count___cfg-89915ae    
           INFO     Resolved reaction_group 25_2_11 to 7 sample(s).             
           INFO     Began task 'mut_count' (ID: 34) for rg:108                  
                    (cfg=89915aef4bdb35428ef8c79fa748ad4e1e2802040a5424df34d081d
                    99ed64273)                                                  
           INFO     Starting command (backend=local) in                         
                    examples/all_mutcounts/mut_count/mut_count___cfg-89915ae    
           INFO     Executing command locally. Log file:                        
                    examples/all_mutcounts/mut_count/mut_count___cfg-89915ae/com
                    mand.log                                                    
[14:18:48] INFO     Command finished with exit code: 0                          
           INFO     Logged attempt #1 for task ID 34 (Attempt ID: 18)           
           INFO     Command completed successfully. Consuming outputs.          
           INFO     Found ShapeMapper profile for 055-HIV-A35G-25c-b-1-p at     
                    examples/all_mutcounts/mut_count/mut_count___cfg-89915ae/art
                    ifacts/055-HIV-A35G-25c-b-1-p/055-HIV-A35G-25c-b-1-p_055-HIV
                    -A35G-25c-b-1-p_profile.txt                                 
           INFO     Inserted probe_fmod_run for sample ID 930 (Run ID: 114)     
           INFO     Inserted probe_fmod_run 114 for sample                      
                    055-HIV-A35G-25c-b-1-p                                      
           INFO     Bulk inserted 74 fmod_vals records.                         
           INFO     Inserted 74 probe_fmod_values records for                   
                    055-HIV-A35G-25c-b-1-p (modrate).                           
           INFO     Bulk inserted 74 fmod_vals records.                         
           INFO     Inserted 74 probe_fmod_values records for                   
                    055-HIV-A35G-25c-b-1-p (GAmodrate).                         
           INFO     Wrote per-read histogram for 055-HIV-A35G-25c-b-1-p         
                    (Modified) to                                               
                    examples/all_mutcounts/mut_count/mut_count___cfg-89915ae/art
                    ifacts/055-HIV-A35G-25c-b-1-p/per_read_histogram.txt        
           INFO     Wrote per-read histogram for 055-HIV-A35G-25c-b-1-p (GA) to 
                    examples/all_mutcounts/mut_count/mut_count___cfg-89915ae/art
                    ifacts/055-HIV-A35G-25c-b-1-p/per_read_histogram.txtga      
           INFO     Found ShapeMapper profile for 056-HIV-A35G-25c-b-2-p at     
                    examples/all_mutcounts/mut_count/mut_count___cfg-89915ae/art
                    ifacts/056-HIV-A35G-25c-b-2-p/056-HIV-A35G-25c-b-2-p_056-HIV
                    -A35G-25c-b-2-p_profile.txt                                 
           INFO     Inserted probe_fmod_run for sample ID 931 (Run ID: 115)     
           INFO     Inserted probe_fmod_run 115 for sample                      
                    056-HIV-A35G-25c-b-2-p                                      
           INFO     Bulk inserted 74 fmod_vals records.                         
           INFO     Inserted 74 probe_fmod_values records for                   
                    056-HIV-A35G-25c-b-2-p (modrate).                           
           INFO     Bulk inserted 74 fmod_vals records.                         
           INFO     Inserted 74 probe_fmod_values records for                   
                    056-HIV-A35G-25c-b-2-p (GAmodrate).                         
           INFO     Wrote per-read histogram for 056-HIV-A35G-25c-b-2-p         
                    (Modified) to                                               
                    examples/all_mutcounts/mut_count/mut_count___cfg-89915ae/art
                    ifacts/056-HIV-A35G-25c-b-2-p/per_read_histogram.txt        
           INFO     Wrote per-read histogram for 056-HIV-A35G-25c-b-2-p (GA) to 
                    examples/all_mutcounts/mut_count/mut_count___cfg-89915ae/art
                    ifacts/056-HIV-A35G-25c-b-2-p/per_read_histogram.txtga      
           INFO     Found ShapeMapper profile for 057-HIV-A35G-25c-b-3-p at     
                    examples/all_mutcounts/mut_count/mut_count___cfg-89915ae/art
                    ifacts/057-HIV-A35G-25c-b-3-p/057-HIV-A35G-25c-b-3-p_057-HIV
                    -A35G-25c-b-3-p_profile.txt                                 
           INFO     Inserted probe_fmod_run for sample ID 932 (Run ID: 116)     
           INFO     Inserted probe_fmod_run 116 for sample                      
                    057-HIV-A35G-25c-b-3-p                                      
           INFO     Bulk inserted 74 fmod_vals records.                         
           INFO     Inserted 74 probe_fmod_values records for                   
                    057-HIV-A35G-25c-b-3-p (modrate).                           
           INFO     Bulk inserted 74 fmod_vals records.                         
           INFO     Inserted 74 probe_fmod_values records for                   
                    057-HIV-A35G-25c-b-3-p (GAmodrate).                         
           INFO     Wrote per-read histogram for 057-HIV-A35G-25c-b-3-p         
                    (Modified) to                                               
                    examples/all_mutcounts/mut_count/mut_count___cfg-89915ae/art
                    ifacts/057-HIV-A35G-25c-b-3-p/per_read_histogram.txt        
           INFO     Wrote per-read histogram for 057-HIV-A35G-25c-b-3-p (GA) to 
                    examples/all_mutcounts/mut_count/mut_count___cfg-89915ae/art
                    ifacts/057-HIV-A35G-25c-b-3-p/per_read_histogram.txtga      
           INFO     Found ShapeMapper profile for 058-HIV-A35G-25c-b-4-p at     
                    examples/all_mutcounts/mut_count/mut_count___cfg-89915ae/art
                    ifacts/058-HIV-A35G-25c-b-4-p/058-HIV-A35G-25c-b-4-p_058-HIV
                    -A35G-25c-b-4-p_profile.txt                                 
           INFO     Inserted probe_fmod_run for sample ID 933 (Run ID: 117)     
           INFO     Inserted probe_fmod_run 117 for sample                      
                    058-HIV-A35G-25c-b-4-p                                      
           INFO     Bulk inserted 74 fmod_vals records.                         
           INFO     Inserted 74 probe_fmod_values records for                   
                    058-HIV-A35G-25c-b-4-p (modrate).                           
           INFO     Bulk inserted 74 fmod_vals records.                         
           INFO     Inserted 74 probe_fmod_values records for                   
                    058-HIV-A35G-25c-b-4-p (GAmodrate).                         
           INFO     Wrote per-read histogram for 058-HIV-A35G-25c-b-4-p         
                    (Modified) to                                               
                    examples/all_mutcounts/mut_count/mut_count___cfg-89915ae/art
                    ifacts/058-HIV-A35G-25c-b-4-p/per_read_histogram.txt        
           INFO     Wrote per-read histogram for 058-HIV-A35G-25c-b-4-p (GA) to 
                    examples/all_mutcounts/mut_count/mut_count___cfg-89915ae/art
                    ifacts/058-HIV-A35G-25c-b-4-p/per_read_histogram.txtga      
           INFO     Found ShapeMapper profile for 059-HIV-A35G-25c-b-5-p at     
                    examples/all_mutcounts/mut_count/mut_count___cfg-89915ae/art
                    ifacts/059-HIV-A35G-25c-b-5-p/059-HIV-A35G-25c-b-5-p_059-HIV
                    -A35G-25c-b-5-p_profile.txt                                 
           INFO     Inserted probe_fmod_run for sample ID 934 (Run ID: 118)     
           INFO     Inserted probe_fmod_run 118 for sample                      
                    059-HIV-A35G-25c-b-5-p                                      
           INFO     Bulk inserted 74 fmod_vals records.                         
           INFO     Inserted 74 probe_fmod_values records for                   
                    059-HIV-A35G-25c-b-5-p (modrate).                           
           INFO     Bulk inserted 74 fmod_vals records.                         
           INFO     Inserted 74 probe_fmod_values records for                   
                    059-HIV-A35G-25c-b-5-p (GAmodrate).                         
           INFO     Wrote per-read histogram for 059-HIV-A35G-25c-b-5-p         
                    (Modified) to                                               
                    examples/all_mutcounts/mut_count/mut_count___cfg-89915ae/art
                    ifacts/059-HIV-A35G-25c-b-5-p/per_read_histogram.txt        
           INFO     Wrote per-read histogram for 059-HIV-A35G-25c-b-5-p (GA) to 
                    examples/all_mutcounts/mut_count/mut_count___cfg-89915ae/art
                    ifacts/059-HIV-A35G-25c-b-5-p/per_read_histogram.txtga      
           INFO     Found ShapeMapper profile for 060-HIV-A35G-25c-b-6-p at     
                    examples/all_mutcounts/mut_count/mut_count___cfg-89915ae/art
                    ifacts/060-HIV-A35G-25c-b-6-p/060-HIV-A35G-25c-b-6-p_060-HIV
                    -A35G-25c-b-6-p_profile.txt                                 
           INFO     Inserted probe_fmod_run for sample ID 935 (Run ID: 119)     
           INFO     Inserted probe_fmod_run 119 for sample                      
                    060-HIV-A35G-25c-b-6-p                                      
           INFO     Bulk inserted 74 fmod_vals records.                         
           INFO     Inserted 74 probe_fmod_values records for                   
                    060-HIV-A35G-25c-b-6-p (modrate).                           
           INFO     Bulk inserted 74 fmod_vals records.                         
           INFO     Inserted 74 probe_fmod_values records for                   
                    060-HIV-A35G-25c-b-6-p (GAmodrate).                         
           INFO     Wrote per-read histogram for 060-HIV-A35G-25c-b-6-p         
                    (Modified) to                                               
                    examples/all_mutcounts/mut_count/mut_count___cfg-89915ae/art
                    ifacts/060-HIV-A35G-25c-b-6-p/per_read_histogram.txt        
           INFO     Wrote per-read histogram for 060-HIV-A35G-25c-b-6-p (GA) to 
                    examples/all_mutcounts/mut_count/mut_count___cfg-89915ae/art
                    ifacts/060-HIV-A35G-25c-b-6-p/per_read_histogram.txtga      
           INFO     Found ShapeMapper profile for 074-HIV-A35G-25c-b-6-m at     
                    examples/all_mutcounts/mut_count/mut_count___cfg-89915ae/art
                    ifacts/074-HIV-A35G-25c-b-6-m/074-HIV-A35G-25c-b-6-m_074-HIV
                    -A35G-25c-b-6-m_profile.txt                                 
           INFO     Inserted probe_fmod_run for sample ID 1045 (Run ID: 120)    
           INFO     Inserted probe_fmod_run 120 for sample                      
                    074-HIV-A35G-25c-b-6-m                                      
           INFO     Bulk inserted 74 fmod_vals records.                         
           INFO     Inserted 74 probe_fmod_values records for                   
                    074-HIV-A35G-25c-b-6-m (modrate).                           
           INFO     Bulk inserted 74 fmod_vals records.                         
           INFO     Inserted 74 probe_fmod_values records for                   
                    074-HIV-A35G-25c-b-6-m (GAmodrate).                         
           INFO     Wrote per-read histogram for 074-HIV-A35G-25c-b-6-m         
                    (Modified) to                                               
                    examples/all_mutcounts/mut_count/mut_count___cfg-89915ae/art
                    ifacts/074-HIV-A35G-25c-b-6-m/per_read_histogram.txt        
           INFO     Wrote per-read histogram for 074-HIV-A35G-25c-b-6-m (GA) to 
                    examples/all_mutcounts/mut_count/mut_count___cfg-89915ae/art
                    ifacts/074-HIV-A35G-25c-b-6-m/per_read_histogram.txtga      
           INFO     mut_count completed. Profiles found for 7/7 samples;        
                    ingested 7 run(s).                                          
           INFO     Finished task ID 34 with state 'completed'                  
           INFO     Task 'mut_count' (ID: 34) completed successfully.           
           INFO     Updated 'latest' symlink for task 'mut_count' to point to   
                    /gpfs/projects/b1044/Computational_Output/EKC/EKC.01_SHAPE_s
                    tandardization/EKC.01.065.refactoring_data_analysis/nerd/exa
                    mples/all_mutcounts/mut_count/mut_count___cfg-89915ae       
