[15:57:07] INFO     Executing 'run' command for step: 'mut_count'               
[15:57:07] INFO     Database schema initialized successfully.                   
           INFO     Created run directory:                                      
                    examples/all_mutcounts/mut_count/mut_count___cfg-3cc1695    
           INFO     Executing task 'mut_count' in run directory:                
                    examples/all_mutcounts/mut_count/mut_count___cfg-3cc1695    
           INFO     Resolved reaction_group 42_1_A8C to 7 sample(s).            
           INFO     Began task 'mut_count' (ID: 64) for rg:64                   
                    (cfg=3cc16958dc50dd22f99fc643aa96e15a618be5523d7f5800bbcc589
                    7ae4e2cc5)                                                  
           INFO     Starting command (backend=local) in                         
                    examples/all_mutcounts/mut_count/mut_count___cfg-3cc1695    
           INFO     Executing command locally. Log file:                        
                    examples/all_mutcounts/mut_count/mut_count___cfg-3cc1695/com
                    mand.log                                                    
[17:35:08] INFO     Command finished with exit code: 0                          
           INFO     Logged attempt #1 for task ID 64 (Attempt ID: 76)           
           INFO     Command completed successfully. Consuming outputs.          
           INFO     Found ShapeMapper profile for 031_fourU_A8C_42c_a_1_p at    
                    examples/all_mutcounts/mut_count/mut_count___cfg-3cc1695/art
                    ifacts/031_fourU_A8C_42c_a_1_p/031_fourU_A8C_42c_a_1_p_031_f
                    ourU_A8C_42c_a_1_p_profile.txt                              
           INFO     Inserted probe_fmod_run for sample ID 618 (Run ID: 608)     
           INFO     Inserted probe_fmod_run 608 for sample                      
                    031_fourU_A8C_42c_a_1_p                                     
           INFO     Bulk inserted 80 fmod_vals records.                         
           INFO     Inserted 80 probe_fmod_values records for                   
                    031_fourU_A8C_42c_a_1_p (modrate).                          
           INFO     Bulk inserted 80 fmod_vals records.                         
           INFO     Inserted 80 probe_fmod_values records for                   
                    031_fourU_A8C_42c_a_1_p (GAmodrate).                        
           INFO     Wrote per-read histogram for 031_fourU_A8C_42c_a_1_p        
                    (Modified) to                                               
                    examples/all_mutcounts/mut_count/mut_count___cfg-3cc1695/art
                    ifacts/031_fourU_A8C_42c_a_1_p/per_read_histogram.txt       
           INFO     Wrote per-read histogram for 031_fourU_A8C_42c_a_1_p (GA) to
                    examples/all_mutcounts/mut_count/mut_count___cfg-3cc1695/art
                    ifacts/031_fourU_A8C_42c_a_1_p/per_read_histogram.txtga     
           INFO     Found ShapeMapper profile for 032_fourU_A8C_42c_a_2_p at    
                    examples/all_mutcounts/mut_count/mut_count___cfg-3cc1695/art
                    ifacts/032_fourU_A8C_42c_a_2_p/032_fourU_A8C_42c_a_2_p_032_f
                    ourU_A8C_42c_a_2_p_profile.txt                              
           INFO     Inserted probe_fmod_run for sample ID 619 (Run ID: 609)     
           INFO     Inserted probe_fmod_run 609 for sample                      
                    032_fourU_A8C_42c_a_2_p                                     
           INFO     Bulk inserted 80 fmod_vals records.                         
           INFO     Inserted 80 probe_fmod_values records for                   
                    032_fourU_A8C_42c_a_2_p (modrate).                          
           INFO     Bulk inserted 80 fmod_vals records.                         
           INFO     Inserted 80 probe_fmod_values records for                   
                    032_fourU_A8C_42c_a_2_p (GAmodrate).                        
           INFO     Wrote per-read histogram for 032_fourU_A8C_42c_a_2_p        
                    (Modified) to                                               
                    examples/all_mutcounts/mut_count/mut_count___cfg-3cc1695/art
                    ifacts/032_fourU_A8C_42c_a_2_p/per_read_histogram.txt       
           INFO     Wrote per-read histogram for 032_fourU_A8C_42c_a_2_p (GA) to
                    examples/all_mutcounts/mut_count/mut_count___cfg-3cc1695/art
                    ifacts/032_fourU_A8C_42c_a_2_p/per_read_histogram.txtga     
           INFO     Found ShapeMapper profile for 033_fourU_A8C_42c_a_3_p at    
                    examples/all_mutcounts/mut_count/mut_count___cfg-3cc1695/art
                    ifacts/033_fourU_A8C_42c_a_3_p/033_fourU_A8C_42c_a_3_p_033_f
                    ourU_A8C_42c_a_3_p_profile.txt                              
           INFO     Inserted probe_fmod_run for sample ID 620 (Run ID: 610)     
           INFO     Inserted probe_fmod_run 610 for sample                      
                    033_fourU_A8C_42c_a_3_p                                     
           INFO     Bulk inserted 80 fmod_vals records.                         
           INFO     Inserted 80 probe_fmod_values records for                   
                    033_fourU_A8C_42c_a_3_p (modrate).                          
           INFO     Bulk inserted 80 fmod_vals records.                         
           INFO     Inserted 80 probe_fmod_values records for                   
                    033_fourU_A8C_42c_a_3_p (GAmodrate).                        
           INFO     Wrote per-read histogram for 033_fourU_A8C_42c_a_3_p        
                    (Modified) to                                               
                    examples/all_mutcounts/mut_count/mut_count___cfg-3cc1695/art
                    ifacts/033_fourU_A8C_42c_a_3_p/per_read_histogram.txt       
           INFO     Wrote per-read histogram for 033_fourU_A8C_42c_a_3_p (GA) to
                    examples/all_mutcounts/mut_count/mut_count___cfg-3cc1695/art
                    ifacts/033_fourU_A8C_42c_a_3_p/per_read_histogram.txtga     
           INFO     Found ShapeMapper profile for 034_fourU_A8C_42c_a_4_p at    
                    examples/all_mutcounts/mut_count/mut_count___cfg-3cc1695/art
                    ifacts/034_fourU_A8C_42c_a_4_p/034_fourU_A8C_42c_a_4_p_034_f
                    ourU_A8C_42c_a_4_p_profile.txt                              
[17:35:09] INFO     Inserted probe_fmod_run for sample ID 621 (Run ID: 611)     
           INFO     Inserted probe_fmod_run 611 for sample                      
                    034_fourU_A8C_42c_a_4_p                                     
           INFO     Bulk inserted 80 fmod_vals records.                         
           INFO     Inserted 80 probe_fmod_values records for                   
                    034_fourU_A8C_42c_a_4_p (modrate).                          
           INFO     Bulk inserted 80 fmod_vals records.                         
           INFO     Inserted 80 probe_fmod_values records for                   
                    034_fourU_A8C_42c_a_4_p (GAmodrate).                        
           INFO     Wrote per-read histogram for 034_fourU_A8C_42c_a_4_p        
                    (Modified) to                                               
                    examples/all_mutcounts/mut_count/mut_count___cfg-3cc1695/art
                    ifacts/034_fourU_A8C_42c_a_4_p/per_read_histogram.txt       
           INFO     Wrote per-read histogram for 034_fourU_A8C_42c_a_4_p (GA) to
                    examples/all_mutcounts/mut_count/mut_count___cfg-3cc1695/art
                    ifacts/034_fourU_A8C_42c_a_4_p/per_read_histogram.txtga     
           INFO     Found ShapeMapper profile for 035_fourU_A8C_42c_a_5_p at    
                    examples/all_mutcounts/mut_count/mut_count___cfg-3cc1695/art
                    ifacts/035_fourU_A8C_42c_a_5_p/035_fourU_A8C_42c_a_5_p_035_f
                    ourU_A8C_42c_a_5_p_profile.txt                              
           INFO     Inserted probe_fmod_run for sample ID 622 (Run ID: 612)     
           INFO     Inserted probe_fmod_run 612 for sample                      
                    035_fourU_A8C_42c_a_5_p                                     
           INFO     Bulk inserted 80 fmod_vals records.                         
           INFO     Inserted 80 probe_fmod_values records for                   
                    035_fourU_A8C_42c_a_5_p (modrate).                          
           INFO     Bulk inserted 80 fmod_vals records.                         
           INFO     Inserted 80 probe_fmod_values records for                   
                    035_fourU_A8C_42c_a_5_p (GAmodrate).                        
           INFO     Wrote per-read histogram for 035_fourU_A8C_42c_a_5_p        
                    (Modified) to                                               
                    examples/all_mutcounts/mut_count/mut_count___cfg-3cc1695/art
                    ifacts/035_fourU_A8C_42c_a_5_p/per_read_histogram.txt       
           INFO     Wrote per-read histogram for 035_fourU_A8C_42c_a_5_p (GA) to
                    examples/all_mutcounts/mut_count/mut_count___cfg-3cc1695/art
                    ifacts/035_fourU_A8C_42c_a_5_p/per_read_histogram.txtga     
           INFO     Found ShapeMapper profile for 036_fourU_A8C_42c_a_6_p at    
                    examples/all_mutcounts/mut_count/mut_count___cfg-3cc1695/art
                    ifacts/036_fourU_A8C_42c_a_6_p/036_fourU_A8C_42c_a_6_p_036_f
                    ourU_A8C_42c_a_6_p_profile.txt                              
           INFO     Inserted probe_fmod_run for sample ID 623 (Run ID: 613)     
           INFO     Inserted probe_fmod_run 613 for sample                      
                    036_fourU_A8C_42c_a_6_p                                     
           INFO     Bulk inserted 80 fmod_vals records.                         
           INFO     Inserted 80 probe_fmod_values records for                   
                    036_fourU_A8C_42c_a_6_p (modrate).                          
           INFO     Bulk inserted 80 fmod_vals records.                         
           INFO     Inserted 80 probe_fmod_values records for                   
                    036_fourU_A8C_42c_a_6_p (GAmodrate).                        
           INFO     Wrote per-read histogram for 036_fourU_A8C_42c_a_6_p        
                    (Modified) to                                               
                    examples/all_mutcounts/mut_count/mut_count___cfg-3cc1695/art
                    ifacts/036_fourU_A8C_42c_a_6_p/per_read_histogram.txt       
           INFO     Wrote per-read histogram for 036_fourU_A8C_42c_a_6_p (GA) to
                    examples/all_mutcounts/mut_count/mut_count___cfg-3cc1695/art
                    ifacts/036_fourU_A8C_42c_a_6_p/per_read_histogram.txtga     
           INFO     Found ShapeMapper profile for 063_fourU_A8C42c_a_6_m at     
                    examples/all_mutcounts/mut_count/mut_count___cfg-3cc1695/art
                    ifacts/063_fourU_A8C42c_a_6_m/063_fourU_A8C42c_a_6_m_063_fou
                    rU_A8C42c_a_6_m_profile.txt                                 
           INFO     Inserted probe_fmod_run for sample ID 746 (Run ID: 614)     
           INFO     Inserted probe_fmod_run 614 for sample                      
                    063_fourU_A8C42c_a_6_m                                      
           INFO     Bulk inserted 80 fmod_vals records.                         
           INFO     Inserted 80 probe_fmod_values records for                   
                    063_fourU_A8C42c_a_6_m (modrate).                           
           INFO     Bulk inserted 80 fmod_vals records.                         
           INFO     Inserted 80 probe_fmod_values records for                   
                    063_fourU_A8C42c_a_6_m (GAmodrate).                         
           INFO     Wrote per-read histogram for 063_fourU_A8C42c_a_6_m         
                    (Modified) to                                               
                    examples/all_mutcounts/mut_count/mut_count___cfg-3cc1695/art
                    ifacts/063_fourU_A8C42c_a_6_m/per_read_histogram.txt        
           INFO     Wrote per-read histogram for 063_fourU_A8C42c_a_6_m (GA) to 
                    examples/all_mutcounts/mut_count/mut_count___cfg-3cc1695/art
                    ifacts/063_fourU_A8C42c_a_6_m/per_read_histogram.txtga      
           INFO     mut_count completed. Profiles found for 7/7 samples;        
                    ingested 7 run(s).                                          
           INFO     Finished task ID 64 with state 'completed'                  
           INFO     Task 'mut_count' (ID: 64) completed successfully.           
           INFO     Updated 'latest' symlink for task 'mut_count' to point to   
                    /gpfs/projects/b1044/Computational_Output/EKC/EKC.01_SHAPE_s
                    tandardization/EKC.01.065.refactoring_data_analysis/nerd/exa
                    mples/all_mutcounts/mut_count/mut_count___cfg-3cc1695       
