[14:40:30] INFO     Executing 'run' command for step: 'mut_count'               
[14:40:30] INFO     Database schema initialized successfully.                   
           INFO     Created run directory:                                      
                    examples/all_mutcounts/mut_count/mut_count___cfg-3733403    
           INFO     Executing task 'mut_count' in run directory:                
                    examples/all_mutcounts/mut_count/mut_count___cfg-3733403    
           INFO     Resolved reaction_group 25_5 to 7 sample(s).                
           INFO     Began task 'mut_count' (ID: 44) for rg:80                   
                    (cfg=373340358fdf5b6b475986c72c06866592b5961d68a91333df3f6bb
                    41ad1fab0)                                                  
           INFO     Starting command (backend=local) in                         
                    examples/all_mutcounts/mut_count/mut_count___cfg-3733403    
           INFO     Executing command locally. Log file:                        
                    examples/all_mutcounts/mut_count/mut_count___cfg-3733403/com
                    mand.log                                                    
[16:08:36] INFO     Command finished with exit code: 0                          
           INFO     Logged attempt #1 for task ID 44 (Attempt ID: 48)           
           INFO     Command completed successfully. Consuming outputs.          
           INFO     Found ShapeMapper profile for 031_fourU_WT_25c_b_1_p at     
                    examples/all_mutcounts/mut_count/mut_count___cfg-3733403/art
                    ifacts/031_fourU_WT_25c_b_1_p/031_fourU_WT_25c_b_1_p_031_fou
                    rU_WT_25c_b_1_p_profile.txt                                 
[16:08:37] INFO     Inserted probe_fmod_run for sample ID 714 (Run ID: 352)     
           INFO     Inserted probe_fmod_run 352 for sample                      
                    031_fourU_WT_25c_b_1_p                                      
           INFO     Bulk inserted 80 fmod_vals records.                         
           INFO     Inserted 80 probe_fmod_values records for                   
                    031_fourU_WT_25c_b_1_p (modrate).                           
           INFO     Bulk inserted 80 fmod_vals records.                         
           INFO     Inserted 80 probe_fmod_values records for                   
                    031_fourU_WT_25c_b_1_p (GAmodrate).                         
           INFO     Wrote per-read histogram for 031_fourU_WT_25c_b_1_p         
                    (Modified) to                                               
                    examples/all_mutcounts/mut_count/mut_count___cfg-3733403/art
                    ifacts/031_fourU_WT_25c_b_1_p/per_read_histogram.txt        
           INFO     Wrote per-read histogram for 031_fourU_WT_25c_b_1_p (GA) to 
                    examples/all_mutcounts/mut_count/mut_count___cfg-3733403/art
                    ifacts/031_fourU_WT_25c_b_1_p/per_read_histogram.txtga      
           INFO     Found ShapeMapper profile for 032_fourU_WT_25c_b_2_p at     
                    examples/all_mutcounts/mut_count/mut_count___cfg-3733403/art
                    ifacts/032_fourU_WT_25c_b_2_p/032_fourU_WT_25c_b_2_p_032_fou
                    rU_WT_25c_b_2_p_profile.txt                                 
           INFO     Inserted probe_fmod_run for sample ID 715 (Run ID: 353)     
           INFO     Inserted probe_fmod_run 353 for sample                      
                    032_fourU_WT_25c_b_2_p                                      
           INFO     Bulk inserted 80 fmod_vals records.                         
           INFO     Inserted 80 probe_fmod_values records for                   
                    032_fourU_WT_25c_b_2_p (modrate).                           
           INFO     Bulk inserted 80 fmod_vals records.                         
           INFO     Inserted 80 probe_fmod_values records for                   
                    032_fourU_WT_25c_b_2_p (GAmodrate).                         
           INFO     Wrote per-read histogram for 032_fourU_WT_25c_b_2_p         
                    (Modified) to                                               
                    examples/all_mutcounts/mut_count/mut_count___cfg-3733403/art
                    ifacts/032_fourU_WT_25c_b_2_p/per_read_histogram.txt        
           INFO     Wrote per-read histogram for 032_fourU_WT_25c_b_2_p (GA) to 
                    examples/all_mutcounts/mut_count/mut_count___cfg-3733403/art
                    ifacts/032_fourU_WT_25c_b_2_p/per_read_histogram.txtga      
           INFO     Found ShapeMapper profile for 033_fourU_WT_25c_b_3_p at     
                    examples/all_mutcounts/mut_count/mut_count___cfg-3733403/art
                    ifacts/033_fourU_WT_25c_b_3_p/033_fourU_WT_25c_b_3_p_033_fou
                    rU_WT_25c_b_3_p_profile.txt                                 
           INFO     Inserted probe_fmod_run for sample ID 716 (Run ID: 354)     
           INFO     Inserted probe_fmod_run 354 for sample                      
                    033_fourU_WT_25c_b_3_p                                      
           INFO     Bulk inserted 80 fmod_vals records.                         
           INFO     Inserted 80 probe_fmod_values records for                   
                    033_fourU_WT_25c_b_3_p (modrate).                           
           INFO     Bulk inserted 80 fmod_vals records.                         
           INFO     Inserted 80 probe_fmod_values records for                   
                    033_fourU_WT_25c_b_3_p (GAmodrate).                         
           INFO     Wrote per-read histogram for 033_fourU_WT_25c_b_3_p         
                    (Modified) to                                               
                    examples/all_mutcounts/mut_count/mut_count___cfg-3733403/art
                    ifacts/033_fourU_WT_25c_b_3_p/per_read_histogram.txt        
           INFO     Wrote per-read histogram for 033_fourU_WT_25c_b_3_p (GA) to 
                    examples/all_mutcounts/mut_count/mut_count___cfg-3733403/art
                    ifacts/033_fourU_WT_25c_b_3_p/per_read_histogram.txtga      
           INFO     Found ShapeMapper profile for 034_fourU_WT_25c_b_4_p at     
                    examples/all_mutcounts/mut_count/mut_count___cfg-3733403/art
                    ifacts/034_fourU_WT_25c_b_4_p/034_fourU_WT_25c_b_4_p_034_fou
                    rU_WT_25c_b_4_p_profile.txt                                 
           INFO     Inserted probe_fmod_run for sample ID 717 (Run ID: 355)     
           INFO     Inserted probe_fmod_run 355 for sample                      
                    034_fourU_WT_25c_b_4_p                                      
           INFO     Bulk inserted 80 fmod_vals records.                         
           INFO     Inserted 80 probe_fmod_values records for                   
                    034_fourU_WT_25c_b_4_p (modrate).                           
           INFO     Bulk inserted 80 fmod_vals records.                         
           INFO     Inserted 80 probe_fmod_values records for                   
                    034_fourU_WT_25c_b_4_p (GAmodrate).                         
           INFO     Wrote per-read histogram for 034_fourU_WT_25c_b_4_p         
                    (Modified) to                                               
                    examples/all_mutcounts/mut_count/mut_count___cfg-3733403/art
                    ifacts/034_fourU_WT_25c_b_4_p/per_read_histogram.txt        
           INFO     Wrote per-read histogram for 034_fourU_WT_25c_b_4_p (GA) to 
                    examples/all_mutcounts/mut_count/mut_count___cfg-3733403/art
                    ifacts/034_fourU_WT_25c_b_4_p/per_read_histogram.txtga      
           INFO     Found ShapeMapper profile for 035_fourU_WT_25c_b_5_p at     
                    examples/all_mutcounts/mut_count/mut_count___cfg-3733403/art
                    ifacts/035_fourU_WT_25c_b_5_p/035_fourU_WT_25c_b_5_p_035_fou
                    rU_WT_25c_b_5_p_profile.txt                                 
           INFO     Inserted probe_fmod_run for sample ID 718 (Run ID: 356)     
           INFO     Inserted probe_fmod_run 356 for sample                      
                    035_fourU_WT_25c_b_5_p                                      
           INFO     Bulk inserted 80 fmod_vals records.                         
           INFO     Inserted 80 probe_fmod_values records for                   
                    035_fourU_WT_25c_b_5_p (modrate).                           
           INFO     Bulk inserted 80 fmod_vals records.                         
           INFO     Inserted 80 probe_fmod_values records for                   
                    035_fourU_WT_25c_b_5_p (GAmodrate).                         
           INFO     Wrote per-read histogram for 035_fourU_WT_25c_b_5_p         
                    (Modified) to                                               
                    examples/all_mutcounts/mut_count/mut_count___cfg-3733403/art
                    ifacts/035_fourU_WT_25c_b_5_p/per_read_histogram.txt        
           INFO     Wrote per-read histogram for 035_fourU_WT_25c_b_5_p (GA) to 
                    examples/all_mutcounts/mut_count/mut_count___cfg-3733403/art
                    ifacts/035_fourU_WT_25c_b_5_p/per_read_histogram.txtga      
           INFO     Found ShapeMapper profile for 036_fourU_WT_25c_b_6_p at     
                    examples/all_mutcounts/mut_count/mut_count___cfg-3733403/art
                    ifacts/036_fourU_WT_25c_b_6_p/036_fourU_WT_25c_b_6_p_036_fou
                    rU_WT_25c_b_6_p_profile.txt                                 
           INFO     Inserted probe_fmod_run for sample ID 719 (Run ID: 357)     
           INFO     Inserted probe_fmod_run 357 for sample                      
                    036_fourU_WT_25c_b_6_p                                      
           INFO     Bulk inserted 80 fmod_vals records.                         
           INFO     Inserted 80 probe_fmod_values records for                   
                    036_fourU_WT_25c_b_6_p (modrate).                           
           INFO     Bulk inserted 80 fmod_vals records.                         
           INFO     Inserted 80 probe_fmod_values records for                   
                    036_fourU_WT_25c_b_6_p (GAmodrate).                         
           INFO     Wrote per-read histogram for 036_fourU_WT_25c_b_6_p         
                    (Modified) to                                               
                    examples/all_mutcounts/mut_count/mut_count___cfg-3733403/art
                    ifacts/036_fourU_WT_25c_b_6_p/per_read_histogram.txt        
           INFO     Wrote per-read histogram for 036_fourU_WT_25c_b_6_p (GA) to 
                    examples/all_mutcounts/mut_count/mut_count___cfg-3733403/art
                    ifacts/036_fourU_WT_25c_b_6_p/per_read_histogram.txtga      
           INFO     Found ShapeMapper profile for 080_fourU_WT25c_b_6_m at      
                    examples/all_mutcounts/mut_count/mut_count___cfg-3733403/art
                    ifacts/080_fourU_WT25c_b_6_m/080_fourU_WT25c_b_6_m_080_fourU
                    _WT25c_b_6_m_profile.txt                                    
           INFO     Inserted probe_fmod_run for sample ID 763 (Run ID: 358)     
           INFO     Inserted probe_fmod_run 358 for sample 080_fourU_WT25c_b_6_m
           INFO     Bulk inserted 80 fmod_vals records.                         
           INFO     Inserted 80 probe_fmod_values records for                   
                    080_fourU_WT25c_b_6_m (modrate).                            
           INFO     Bulk inserted 80 fmod_vals records.                         
           INFO     Inserted 80 probe_fmod_values records for                   
                    080_fourU_WT25c_b_6_m (GAmodrate).                          
           INFO     Wrote per-read histogram for 080_fourU_WT25c_b_6_m          
                    (Modified) to                                               
                    examples/all_mutcounts/mut_count/mut_count___cfg-3733403/art
                    ifacts/080_fourU_WT25c_b_6_m/per_read_histogram.txt         
           INFO     Wrote per-read histogram for 080_fourU_WT25c_b_6_m (GA) to  
                    examples/all_mutcounts/mut_count/mut_count___cfg-3733403/art
                    ifacts/080_fourU_WT25c_b_6_m/per_read_histogram.txtga       
           INFO     mut_count completed. Profiles found for 7/7 samples;        
                    ingested 7 run(s).                                          
           INFO     Finished task ID 44 with state 'completed'                  
           INFO     Task 'mut_count' (ID: 44) completed successfully.           
           INFO     Updated 'latest' symlink for task 'mut_count' to point to   
                    /gpfs/projects/b1044/Computational_Output/EKC/EKC.01_SHAPE_s
                    tandardization/EKC.01.065.refactoring_data_analysis/nerd/exa
                    mples/all_mutcounts/mut_count/mut_count___cfg-3733403       
