[15:45:16] INFO     Executing 'run' command for step: 'mut_count'               
[15:45:16] INFO     Database schema initialized successfully.                   
           INFO     Created run directory:                                      
                    examples/all_mutcounts/mut_count/mut_count___cfg-dc0ea4b    
           INFO     Executing task 'mut_count' in run directory:                
                    examples/all_mutcounts/mut_count/mut_count___cfg-dc0ea4b    
           INFO     Resolved reaction_group 37_3b to 7 sample(s).               
           INFO     Began task 'mut_count' (ID: 58) for rg:22                   
                    (cfg=dc0ea4baa08cfc2dd4d00729359ea1e18bef6c776c3f18bac6158f9
                    f7fcddffe)                                                  
           INFO     Starting command (backend=local) in                         
                    examples/all_mutcounts/mut_count/mut_count___cfg-dc0ea4b    
           INFO     Executing command locally. Log file:                        
                    examples/all_mutcounts/mut_count/mut_count___cfg-dc0ea4b/com
                    mand.log                                                    
[15:49:55] INFO     Command finished with exit code: 0                          
           INFO     Logged attempt #1 for task ID 58 (Attempt ID: 41)           
           INFO     Command completed successfully. Consuming outputs.          
           INFO     Found ShapeMapper profile for 067-EKC-WT-37c-b-1-p at       
                    examples/all_mutcounts/mut_count/mut_count___cfg-dc0ea4b/art
                    ifacts/067-EKC-WT-37c-b-1-p/067-EKC-WT-37c-b-1-p_067-EKC-WT-
                    37c-b-1-p_profile.txt                                       
           INFO     Inserted probe_fmod_run for sample ID 372 (Run ID: 300)     
           INFO     Inserted probe_fmod_run 300 for sample 067-EKC-WT-37c-b-1-p 
           INFO     Bulk inserted 80 fmod_vals records.                         
           INFO     Inserted 80 probe_fmod_values records for                   
                    067-EKC-WT-37c-b-1-p (modrate).                             
           INFO     Bulk inserted 80 fmod_vals records.                         
           INFO     Inserted 80 probe_fmod_values records for                   
                    067-EKC-WT-37c-b-1-p (GAmodrate).                           
           INFO     Wrote per-read histogram for 067-EKC-WT-37c-b-1-p (Modified)
                    to                                                          
                    examples/all_mutcounts/mut_count/mut_count___cfg-dc0ea4b/art
                    ifacts/067-EKC-WT-37c-b-1-p/per_read_histogram.txt          
           INFO     Wrote per-read histogram for 067-EKC-WT-37c-b-1-p (GA) to   
                    examples/all_mutcounts/mut_count/mut_count___cfg-dc0ea4b/art
                    ifacts/067-EKC-WT-37c-b-1-p/per_read_histogram.txtga        
           INFO     Found ShapeMapper profile for 068-EKC-WT-37c-b-2-p at       
                    examples/all_mutcounts/mut_count/mut_count___cfg-dc0ea4b/art
                    ifacts/068-EKC-WT-37c-b-2-p/068-EKC-WT-37c-b-2-p_068-EKC-WT-
                    37c-b-2-p_profile.txt                                       
           INFO     Inserted probe_fmod_run for sample ID 373 (Run ID: 301)     
           INFO     Inserted probe_fmod_run 301 for sample 068-EKC-WT-37c-b-2-p 
           INFO     Bulk inserted 80 fmod_vals records.                         
           INFO     Inserted 80 probe_fmod_values records for                   
                    068-EKC-WT-37c-b-2-p (modrate).                             
           INFO     Bulk inserted 80 fmod_vals records.                         
           INFO     Inserted 80 probe_fmod_values records for                   
                    068-EKC-WT-37c-b-2-p (GAmodrate).                           
           INFO     Wrote per-read histogram for 068-EKC-WT-37c-b-2-p (Modified)
                    to                                                          
                    examples/all_mutcounts/mut_count/mut_count___cfg-dc0ea4b/art
                    ifacts/068-EKC-WT-37c-b-2-p/per_read_histogram.txt          
           INFO     Wrote per-read histogram for 068-EKC-WT-37c-b-2-p (GA) to   
                    examples/all_mutcounts/mut_count/mut_count___cfg-dc0ea4b/art
                    ifacts/068-EKC-WT-37c-b-2-p/per_read_histogram.txtga        
           INFO     Found ShapeMapper profile for 069-EKC-WT-37c-b-3-p at       
                    examples/all_mutcounts/mut_count/mut_count___cfg-dc0ea4b/art
                    ifacts/069-EKC-WT-37c-b-3-p/069-EKC-WT-37c-b-3-p_069-EKC-WT-
                    37c-b-3-p_profile.txt                                       
           INFO     Inserted probe_fmod_run for sample ID 374 (Run ID: 302)     
           INFO     Inserted probe_fmod_run 302 for sample 069-EKC-WT-37c-b-3-p 
           INFO     Bulk inserted 80 fmod_vals records.                         
           INFO     Inserted 80 probe_fmod_values records for                   
                    069-EKC-WT-37c-b-3-p (modrate).                             
           INFO     Bulk inserted 80 fmod_vals records.                         
           INFO     Inserted 80 probe_fmod_values records for                   
                    069-EKC-WT-37c-b-3-p (GAmodrate).                           
           INFO     Wrote per-read histogram for 069-EKC-WT-37c-b-3-p (Modified)
                    to                                                          
                    examples/all_mutcounts/mut_count/mut_count___cfg-dc0ea4b/art
                    ifacts/069-EKC-WT-37c-b-3-p/per_read_histogram.txt          
           INFO     Wrote per-read histogram for 069-EKC-WT-37c-b-3-p (GA) to   
                    examples/all_mutcounts/mut_count/mut_count___cfg-dc0ea4b/art
                    ifacts/069-EKC-WT-37c-b-3-p/per_read_histogram.txtga        
           INFO     Found ShapeMapper profile for 070-EKC-WT-37c-b-4-p at       
                    examples/all_mutcounts/mut_count/mut_count___cfg-dc0ea4b/art
                    ifacts/070-EKC-WT-37c-b-4-p/070-EKC-WT-37c-b-4-p_070-EKC-WT-
                    37c-b-4-p_profile.txt                                       
           INFO     Inserted probe_fmod_run for sample ID 375 (Run ID: 303)     
           INFO     Inserted probe_fmod_run 303 for sample 070-EKC-WT-37c-b-4-p 
           INFO     Bulk inserted 80 fmod_vals records.                         
           INFO     Inserted 80 probe_fmod_values records for                   
                    070-EKC-WT-37c-b-4-p (modrate).                             
           INFO     Bulk inserted 80 fmod_vals records.                         
           INFO     Inserted 80 probe_fmod_values records for                   
                    070-EKC-WT-37c-b-4-p (GAmodrate).                           
           INFO     Wrote per-read histogram for 070-EKC-WT-37c-b-4-p (Modified)
                    to                                                          
                    examples/all_mutcounts/mut_count/mut_count___cfg-dc0ea4b/art
                    ifacts/070-EKC-WT-37c-b-4-p/per_read_histogram.txt          
           INFO     Wrote per-read histogram for 070-EKC-WT-37c-b-4-p (GA) to   
                    examples/all_mutcounts/mut_count/mut_count___cfg-dc0ea4b/art
                    ifacts/070-EKC-WT-37c-b-4-p/per_read_histogram.txtga        
           INFO     Found ShapeMapper profile for 071-EKC-WT-37c-b-5-p at       
                    examples/all_mutcounts/mut_count/mut_count___cfg-dc0ea4b/art
                    ifacts/071-EKC-WT-37c-b-5-p/071-EKC-WT-37c-b-5-p_071-EKC-WT-
                    37c-b-5-p_profile.txt                                       
           INFO     Inserted probe_fmod_run for sample ID 376 (Run ID: 304)     
           INFO     Inserted probe_fmod_run 304 for sample 071-EKC-WT-37c-b-5-p 
           INFO     Bulk inserted 80 fmod_vals records.                         
           INFO     Inserted 80 probe_fmod_values records for                   
                    071-EKC-WT-37c-b-5-p (modrate).                             
           INFO     Bulk inserted 80 fmod_vals records.                         
           INFO     Inserted 80 probe_fmod_values records for                   
                    071-EKC-WT-37c-b-5-p (GAmodrate).                           
           INFO     Wrote per-read histogram for 071-EKC-WT-37c-b-5-p (Modified)
                    to                                                          
                    examples/all_mutcounts/mut_count/mut_count___cfg-dc0ea4b/art
                    ifacts/071-EKC-WT-37c-b-5-p/per_read_histogram.txt          
           INFO     Wrote per-read histogram for 071-EKC-WT-37c-b-5-p (GA) to   
                    examples/all_mutcounts/mut_count/mut_count___cfg-dc0ea4b/art
                    ifacts/071-EKC-WT-37c-b-5-p/per_read_histogram.txtga        
           INFO     Found ShapeMapper profile for 032-EKC-WT-37c-b-6-m at       
                    examples/all_mutcounts/mut_count/mut_count___cfg-dc0ea4b/art
                    ifacts/032-EKC-WT-37c-b-6-m/032-EKC-WT-37c-b-6-m_032-EKC-WT-
                    37c-b-6-m_profile.txt                                       
           INFO     Inserted probe_fmod_run for sample ID 337 (Run ID: 305)     
           INFO     Inserted probe_fmod_run 305 for sample 032-EKC-WT-37c-b-6-m 
           INFO     Bulk inserted 80 fmod_vals records.                         
           INFO     Inserted 80 probe_fmod_values records for                   
                    032-EKC-WT-37c-b-6-m (modrate).                             
           INFO     Bulk inserted 80 fmod_vals records.                         
           INFO     Inserted 80 probe_fmod_values records for                   
                    032-EKC-WT-37c-b-6-m (GAmodrate).                           
           INFO     Wrote per-read histogram for 032-EKC-WT-37c-b-6-m (Modified)
                    to                                                          
                    examples/all_mutcounts/mut_count/mut_count___cfg-dc0ea4b/art
                    ifacts/032-EKC-WT-37c-b-6-m/per_read_histogram.txt          
           INFO     Wrote per-read histogram for 032-EKC-WT-37c-b-6-m (GA) to   
                    examples/all_mutcounts/mut_count/mut_count___cfg-dc0ea4b/art
                    ifacts/032-EKC-WT-37c-b-6-m/per_read_histogram.txtga        
           INFO     Found ShapeMapper profile for 072-EKC-WT-37c-b-6-p at       
                    examples/all_mutcounts/mut_count/mut_count___cfg-dc0ea4b/art
                    ifacts/072-EKC-WT-37c-b-6-p/072-EKC-WT-37c-b-6-p_072-EKC-WT-
                    37c-b-6-p_profile.txt                                       
           INFO     Inserted probe_fmod_run for sample ID 377 (Run ID: 306)     
           INFO     Inserted probe_fmod_run 306 for sample 072-EKC-WT-37c-b-6-p 
           INFO     Bulk inserted 80 fmod_vals records.                         
           INFO     Inserted 80 probe_fmod_values records for                   
                    072-EKC-WT-37c-b-6-p (modrate).                             
           INFO     Bulk inserted 80 fmod_vals records.                         
           INFO     Inserted 80 probe_fmod_values records for                   
                    072-EKC-WT-37c-b-6-p (GAmodrate).                           
           INFO     Wrote per-read histogram for 072-EKC-WT-37c-b-6-p (Modified)
                    to                                                          
                    examples/all_mutcounts/mut_count/mut_count___cfg-dc0ea4b/art
                    ifacts/072-EKC-WT-37c-b-6-p/per_read_histogram.txt          
           INFO     Wrote per-read histogram for 072-EKC-WT-37c-b-6-p (GA) to   
                    examples/all_mutcounts/mut_count/mut_count___cfg-dc0ea4b/art
                    ifacts/072-EKC-WT-37c-b-6-p/per_read_histogram.txtga        
           INFO     mut_count completed. Profiles found for 7/7 samples;        
                    ingested 7 run(s).                                          
           INFO     Finished task ID 58 with state 'completed'                  
           INFO     Task 'mut_count' (ID: 58) completed successfully.           
           INFO     Updated 'latest' symlink for task 'mut_count' to point to   
                    /gpfs/projects/b1044/Computational_Output/EKC/EKC.01_SHAPE_s
                    tandardization/EKC.01.065.refactoring_data_analysis/nerd/exa
                    mples/all_mutcounts/mut_count/mut_count___cfg-dc0ea4b       
