[17:57:28] INFO     Executing 'run' command for step: 'mut_count'               
[17:57:28] INFO     Database schema initialized successfully.                   
           INFO     Created run directory:                                      
                    examples/all_mutcounts/mut_count/mut_count___cfg-339abb3    
           INFO     Executing task 'mut_count' in run directory:                
                    examples/all_mutcounts/mut_count/mut_count___cfg-339abb3    
           INFO     Resolved reaction_group 80_2_12 to 7 sample(s).             
           INFO     Began task 'mut_count' (ID: 128) for rg:122                 
                    (cfg=339abb31e2c19581e2dfc6a263073586f17f55bc275939c1f84f401
                    0fa598d9a)                                                  
           INFO     Starting command (backend=local) in                         
                    examples/all_mutcounts/mut_count/mut_count___cfg-339abb3    
           INFO     Executing command locally. Log file:                        
                    examples/all_mutcounts/mut_count/mut_count___cfg-339abb3/com
                    mand.log                                                    
[18:01:40] INFO     Command finished with exit code: 0                          
           INFO     Logged attempt #1 for task ID 128 (Attempt ID: 117)         
           INFO     Command completed successfully. Consuming outputs.          
           INFO     Found ShapeMapper profile for 043-HIV-C30U-80c-b-1-p at     
                    examples/all_mutcounts/mut_count/mut_count___cfg-339abb3/art
                    ifacts/043-HIV-C30U-80c-b-1-p/043-HIV-C30U-80c-b-1-p_043-HIV
                    -C30U-80c-b-1-p_profile.txt                                 
           INFO     Inserted probe_fmod_run for sample ID 1014 (Run ID: 912)    
           INFO     Inserted probe_fmod_run 912 for sample                      
                    043-HIV-C30U-80c-b-1-p                                      
           INFO     Bulk inserted 74 fmod_vals records.                         
           INFO     Inserted 74 probe_fmod_values records for                   
                    043-HIV-C30U-80c-b-1-p (modrate).                           
           INFO     Bulk inserted 74 fmod_vals records.                         
           INFO     Inserted 74 probe_fmod_values records for                   
                    043-HIV-C30U-80c-b-1-p (GAmodrate).                         
           INFO     Wrote per-read histogram for 043-HIV-C30U-80c-b-1-p         
                    (Modified) to                                               
                    examples/all_mutcounts/mut_count/mut_count___cfg-339abb3/art
                    ifacts/043-HIV-C30U-80c-b-1-p/per_read_histogram.txt        
           INFO     Wrote per-read histogram for 043-HIV-C30U-80c-b-1-p (GA) to 
                    examples/all_mutcounts/mut_count/mut_count___cfg-339abb3/art
                    ifacts/043-HIV-C30U-80c-b-1-p/per_read_histogram.txtga      
           INFO     Found ShapeMapper profile for 044-HIV-C30U-80c-b-2-p at     
                    examples/all_mutcounts/mut_count/mut_count___cfg-339abb3/art
                    ifacts/044-HIV-C30U-80c-b-2-p/044-HIV-C30U-80c-b-2-p_044-HIV
                    -C30U-80c-b-2-p_profile.txt                                 
           INFO     Inserted probe_fmod_run for sample ID 1015 (Run ID: 913)    
           INFO     Inserted probe_fmod_run 913 for sample                      
                    044-HIV-C30U-80c-b-2-p                                      
           INFO     Bulk inserted 74 fmod_vals records.                         
           INFO     Inserted 74 probe_fmod_values records for                   
                    044-HIV-C30U-80c-b-2-p (modrate).                           
           INFO     Bulk inserted 74 fmod_vals records.                         
           INFO     Inserted 74 probe_fmod_values records for                   
                    044-HIV-C30U-80c-b-2-p (GAmodrate).                         
           INFO     Wrote per-read histogram for 044-HIV-C30U-80c-b-2-p         
                    (Modified) to                                               
                    examples/all_mutcounts/mut_count/mut_count___cfg-339abb3/art
                    ifacts/044-HIV-C30U-80c-b-2-p/per_read_histogram.txt        
           INFO     Wrote per-read histogram for 044-HIV-C30U-80c-b-2-p (GA) to 
                    examples/all_mutcounts/mut_count/mut_count___cfg-339abb3/art
                    ifacts/044-HIV-C30U-80c-b-2-p/per_read_histogram.txtga      
           INFO     Found ShapeMapper profile for 045-HIV-C30U-80c-b-3-p at     
                    examples/all_mutcounts/mut_count/mut_count___cfg-339abb3/art
                    ifacts/045-HIV-C30U-80c-b-3-p/045-HIV-C30U-80c-b-3-p_045-HIV
                    -C30U-80c-b-3-p_profile.txt                                 
           INFO     Inserted probe_fmod_run for sample ID 1016 (Run ID: 914)    
           INFO     Inserted probe_fmod_run 914 for sample                      
                    045-HIV-C30U-80c-b-3-p                                      
           INFO     Bulk inserted 74 fmod_vals records.                         
           INFO     Inserted 74 probe_fmod_values records for                   
                    045-HIV-C30U-80c-b-3-p (modrate).                           
           INFO     Bulk inserted 74 fmod_vals records.                         
           INFO     Inserted 74 probe_fmod_values records for                   
                    045-HIV-C30U-80c-b-3-p (GAmodrate).                         
           INFO     Wrote per-read histogram for 045-HIV-C30U-80c-b-3-p         
                    (Modified) to                                               
                    examples/all_mutcounts/mut_count/mut_count___cfg-339abb3/art
                    ifacts/045-HIV-C30U-80c-b-3-p/per_read_histogram.txt        
           INFO     Wrote per-read histogram for 045-HIV-C30U-80c-b-3-p (GA) to 
                    examples/all_mutcounts/mut_count/mut_count___cfg-339abb3/art
                    ifacts/045-HIV-C30U-80c-b-3-p/per_read_histogram.txtga      
           INFO     Found ShapeMapper profile for 046-HIV-C30U-80c-b-4-p at     
                    examples/all_mutcounts/mut_count/mut_count___cfg-339abb3/art
                    ifacts/046-HIV-C30U-80c-b-4-p/046-HIV-C30U-80c-b-4-p_046-HIV
                    -C30U-80c-b-4-p_profile.txt                                 
           INFO     Inserted probe_fmod_run for sample ID 1017 (Run ID: 915)    
           INFO     Inserted probe_fmod_run 915 for sample                      
                    046-HIV-C30U-80c-b-4-p                                      
           INFO     Bulk inserted 74 fmod_vals records.                         
           INFO     Inserted 74 probe_fmod_values records for                   
                    046-HIV-C30U-80c-b-4-p (modrate).                           
           INFO     Bulk inserted 74 fmod_vals records.                         
           INFO     Inserted 74 probe_fmod_values records for                   
                    046-HIV-C30U-80c-b-4-p (GAmodrate).                         
           INFO     Wrote per-read histogram for 046-HIV-C30U-80c-b-4-p         
                    (Modified) to                                               
                    examples/all_mutcounts/mut_count/mut_count___cfg-339abb3/art
                    ifacts/046-HIV-C30U-80c-b-4-p/per_read_histogram.txt        
           INFO     Wrote per-read histogram for 046-HIV-C30U-80c-b-4-p (GA) to 
                    examples/all_mutcounts/mut_count/mut_count___cfg-339abb3/art
                    ifacts/046-HIV-C30U-80c-b-4-p/per_read_histogram.txtga      
           INFO     Found ShapeMapper profile for 047-HIV-C30U-80c-b-5-p at     
                    examples/all_mutcounts/mut_count/mut_count___cfg-339abb3/art
                    ifacts/047-HIV-C30U-80c-b-5-p/047-HIV-C30U-80c-b-5-p_047-HIV
                    -C30U-80c-b-5-p_profile.txt                                 
           INFO     Inserted probe_fmod_run for sample ID 1018 (Run ID: 916)    
           INFO     Inserted probe_fmod_run 916 for sample                      
                    047-HIV-C30U-80c-b-5-p                                      
           INFO     Bulk inserted 74 fmod_vals records.                         
           INFO     Inserted 74 probe_fmod_values records for                   
                    047-HIV-C30U-80c-b-5-p (modrate).                           
           INFO     Bulk inserted 74 fmod_vals records.                         
           INFO     Inserted 74 probe_fmod_values records for                   
                    047-HIV-C30U-80c-b-5-p (GAmodrate).                         
           INFO     Wrote per-read histogram for 047-HIV-C30U-80c-b-5-p         
                    (Modified) to                                               
                    examples/all_mutcounts/mut_count/mut_count___cfg-339abb3/art
                    ifacts/047-HIV-C30U-80c-b-5-p/per_read_histogram.txt        
           INFO     Wrote per-read histogram for 047-HIV-C30U-80c-b-5-p (GA) to 
                    examples/all_mutcounts/mut_count/mut_count___cfg-339abb3/art
                    ifacts/047-HIV-C30U-80c-b-5-p/per_read_histogram.txtga      
           INFO     Found ShapeMapper profile for 048-HIV-C30U-80c-b-6-p at     
                    examples/all_mutcounts/mut_count/mut_count___cfg-339abb3/art
                    ifacts/048-HIV-C30U-80c-b-6-p/048-HIV-C30U-80c-b-6-p_048-HIV
                    -C30U-80c-b-6-p_profile.txt                                 
           INFO     Inserted probe_fmod_run for sample ID 1019 (Run ID: 917)    
           INFO     Inserted probe_fmod_run 917 for sample                      
                    048-HIV-C30U-80c-b-6-p                                      
           INFO     Bulk inserted 74 fmod_vals records.                         
           INFO     Inserted 74 probe_fmod_values records for                   
                    048-HIV-C30U-80c-b-6-p (modrate).                           
           INFO     Bulk inserted 74 fmod_vals records.                         
           INFO     Inserted 74 probe_fmod_values records for                   
                    048-HIV-C30U-80c-b-6-p (GAmodrate).                         
           INFO     Wrote per-read histogram for 048-HIV-C30U-80c-b-6-p         
                    (Modified) to                                               
                    examples/all_mutcounts/mut_count/mut_count___cfg-339abb3/art
                    ifacts/048-HIV-C30U-80c-b-6-p/per_read_histogram.txt        
           INFO     Wrote per-read histogram for 048-HIV-C30U-80c-b-6-p (GA) to 
                    examples/all_mutcounts/mut_count/mut_count___cfg-339abb3/art
                    ifacts/048-HIV-C30U-80c-b-6-p/per_read_histogram.txtga      
           INFO     Found ShapeMapper profile for 088-HIV-C30U-80c-b-6-m at     
                    examples/all_mutcounts/mut_count/mut_count___cfg-339abb3/art
                    ifacts/088-HIV-C30U-80c-b-6-m/088-HIV-C30U-80c-b-6-m_088-HIV
                    -C30U-80c-b-6-m_profile.txt                                 
           INFO     Inserted probe_fmod_run for sample ID 1059 (Run ID: 918)    
           INFO     Inserted probe_fmod_run 918 for sample                      
                    088-HIV-C30U-80c-b-6-m                                      
           INFO     Bulk inserted 74 fmod_vals records.                         
           INFO     Inserted 74 probe_fmod_values records for                   
                    088-HIV-C30U-80c-b-6-m (modrate).                           
           INFO     Bulk inserted 74 fmod_vals records.                         
           INFO     Inserted 74 probe_fmod_values records for                   
                    088-HIV-C30U-80c-b-6-m (GAmodrate).                         
           INFO     Wrote per-read histogram for 088-HIV-C30U-80c-b-6-m         
                    (Modified) to                                               
                    examples/all_mutcounts/mut_count/mut_count___cfg-339abb3/art
                    ifacts/088-HIV-C30U-80c-b-6-m/per_read_histogram.txt        
           INFO     Wrote per-read histogram for 088-HIV-C30U-80c-b-6-m (GA) to 
                    examples/all_mutcounts/mut_count/mut_count___cfg-339abb3/art
                    ifacts/088-HIV-C30U-80c-b-6-m/per_read_histogram.txtga      
           INFO     mut_count completed. Profiles found for 7/7 samples;        
                    ingested 7 run(s).                                          
           INFO     Finished task ID 128 with state 'completed'                 
           INFO     Task 'mut_count' (ID: 128) completed successfully.          
           INFO     Updated 'latest' symlink for task 'mut_count' to point to   
                    /gpfs/projects/b1044/Computational_Output/EKC/EKC.01_SHAPE_s
                    tandardization/EKC.01.065.refactoring_data_analysis/nerd/exa
                    mples/all_mutcounts/mut_count/mut_count___cfg-339abb3       
