[14:15:28] INFO     Executing 'run' command for step: 'mut_count'               
[14:15:28] INFO     Database schema initialized successfully.                   
           INFO     Created run directory:                                      
                    examples/all_mutcounts/mut_count/mut_count___cfg-851012e    
           INFO     Executing task 'mut_count' in run directory:                
                    examples/all_mutcounts/mut_count/mut_count___cfg-851012e    
           INFO     Resolved reaction_group 25_2_13 to 7 sample(s).             
           INFO     Began task 'mut_count' (ID: 36) for rg:100                  
                    (cfg=851012e38bba4a87f606268192fdfd5585c14a778fa15ce30494066
                    914d7f349)                                                  
           INFO     Starting command (backend=local) in                         
                    examples/all_mutcounts/mut_count/mut_count___cfg-851012e    
           INFO     Executing command locally. Log file:                        
                    examples/all_mutcounts/mut_count/mut_count___cfg-851012e/com
                    mand.log                                                    
[14:19:46] INFO     Command finished with exit code: 0                          
           INFO     Logged attempt #1 for task ID 36 (Attempt ID: 20)           
           INFO     Command completed successfully. Consuming outputs.          
           INFO     Found ShapeMapper profile for 007-HIV-UUCG-ES-25c-b-1-p at  
                    examples/all_mutcounts/mut_count/mut_count___cfg-851012e/art
                    ifacts/007-HIV-UUCG-ES-25c-b-1-p/007-HIV-UUCG-ES-25c-b-1-p_0
                    07-HIV-UUCG-ES-25c-b-1-p_profile.txt                        
           INFO     Inserted probe_fmod_run for sample ID 882 (Run ID: 128)     
           INFO     Inserted probe_fmod_run 128 for sample                      
                    007-HIV-UUCG-ES-25c-b-1-p                                   
           INFO     Bulk inserted 76 fmod_vals records.                         
           INFO     Inserted 76 probe_fmod_values records for                   
                    007-HIV-UUCG-ES-25c-b-1-p (modrate).                        
           INFO     Bulk inserted 76 fmod_vals records.                         
           INFO     Inserted 76 probe_fmod_values records for                   
                    007-HIV-UUCG-ES-25c-b-1-p (GAmodrate).                      
           INFO     Wrote per-read histogram for 007-HIV-UUCG-ES-25c-b-1-p      
                    (Modified) to                                               
                    examples/all_mutcounts/mut_count/mut_count___cfg-851012e/art
                    ifacts/007-HIV-UUCG-ES-25c-b-1-p/per_read_histogram.txt     
           INFO     Wrote per-read histogram for 007-HIV-UUCG-ES-25c-b-1-p (GA) 
                    to                                                          
                    examples/all_mutcounts/mut_count/mut_count___cfg-851012e/art
                    ifacts/007-HIV-UUCG-ES-25c-b-1-p/per_read_histogram.txtga   
           INFO     Found ShapeMapper profile for 008-HIV-UUCG-ES-25c-b-2-p at  
                    examples/all_mutcounts/mut_count/mut_count___cfg-851012e/art
                    ifacts/008-HIV-UUCG-ES-25c-b-2-p/008-HIV-UUCG-ES-25c-b-2-p_0
                    08-HIV-UUCG-ES-25c-b-2-p_profile.txt                        
           INFO     Inserted probe_fmod_run for sample ID 883 (Run ID: 129)     
           INFO     Inserted probe_fmod_run 129 for sample                      
                    008-HIV-UUCG-ES-25c-b-2-p                                   
           INFO     Bulk inserted 76 fmod_vals records.                         
           INFO     Inserted 76 probe_fmod_values records for                   
                    008-HIV-UUCG-ES-25c-b-2-p (modrate).                        
           INFO     Bulk inserted 76 fmod_vals records.                         
           INFO     Inserted 76 probe_fmod_values records for                   
                    008-HIV-UUCG-ES-25c-b-2-p (GAmodrate).                      
           INFO     Wrote per-read histogram for 008-HIV-UUCG-ES-25c-b-2-p      
                    (Modified) to                                               
                    examples/all_mutcounts/mut_count/mut_count___cfg-851012e/art
                    ifacts/008-HIV-UUCG-ES-25c-b-2-p/per_read_histogram.txt     
           INFO     Wrote per-read histogram for 008-HIV-UUCG-ES-25c-b-2-p (GA) 
                    to                                                          
                    examples/all_mutcounts/mut_count/mut_count___cfg-851012e/art
                    ifacts/008-HIV-UUCG-ES-25c-b-2-p/per_read_histogram.txtga   
           INFO     Found ShapeMapper profile for 009-HIV-UUCG-ES-25c-b-3-p at  
                    examples/all_mutcounts/mut_count/mut_count___cfg-851012e/art
                    ifacts/009-HIV-UUCG-ES-25c-b-3-p/009-HIV-UUCG-ES-25c-b-3-p_0
                    09-HIV-UUCG-ES-25c-b-3-p_profile.txt                        
           INFO     Inserted probe_fmod_run for sample ID 884 (Run ID: 130)     
           INFO     Inserted probe_fmod_run 130 for sample                      
                    009-HIV-UUCG-ES-25c-b-3-p                                   
           INFO     Bulk inserted 76 fmod_vals records.                         
           INFO     Inserted 76 probe_fmod_values records for                   
                    009-HIV-UUCG-ES-25c-b-3-p (modrate).                        
           INFO     Bulk inserted 76 fmod_vals records.                         
           INFO     Inserted 76 probe_fmod_values records for                   
                    009-HIV-UUCG-ES-25c-b-3-p (GAmodrate).                      
           INFO     Wrote per-read histogram for 009-HIV-UUCG-ES-25c-b-3-p      
                    (Modified) to                                               
                    examples/all_mutcounts/mut_count/mut_count___cfg-851012e/art
                    ifacts/009-HIV-UUCG-ES-25c-b-3-p/per_read_histogram.txt     
           INFO     Wrote per-read histogram for 009-HIV-UUCG-ES-25c-b-3-p (GA) 
                    to                                                          
                    examples/all_mutcounts/mut_count/mut_count___cfg-851012e/art
                    ifacts/009-HIV-UUCG-ES-25c-b-3-p/per_read_histogram.txtga   
           INFO     Found ShapeMapper profile for 010-HIV-UUCG-ES-25c-b-4-p at  
                    examples/all_mutcounts/mut_count/mut_count___cfg-851012e/art
                    ifacts/010-HIV-UUCG-ES-25c-b-4-p/010-HIV-UUCG-ES-25c-b-4-p_0
                    10-HIV-UUCG-ES-25c-b-4-p_profile.txt                        
           INFO     Inserted probe_fmod_run for sample ID 885 (Run ID: 131)     
           INFO     Inserted probe_fmod_run 131 for sample                      
                    010-HIV-UUCG-ES-25c-b-4-p                                   
           INFO     Bulk inserted 76 fmod_vals records.                         
           INFO     Inserted 76 probe_fmod_values records for                   
                    010-HIV-UUCG-ES-25c-b-4-p (modrate).                        
           INFO     Bulk inserted 76 fmod_vals records.                         
           INFO     Inserted 76 probe_fmod_values records for                   
                    010-HIV-UUCG-ES-25c-b-4-p (GAmodrate).                      
           INFO     Wrote per-read histogram for 010-HIV-UUCG-ES-25c-b-4-p      
                    (Modified) to                                               
                    examples/all_mutcounts/mut_count/mut_count___cfg-851012e/art
                    ifacts/010-HIV-UUCG-ES-25c-b-4-p/per_read_histogram.txt     
           INFO     Wrote per-read histogram for 010-HIV-UUCG-ES-25c-b-4-p (GA) 
                    to                                                          
                    examples/all_mutcounts/mut_count/mut_count___cfg-851012e/art
                    ifacts/010-HIV-UUCG-ES-25c-b-4-p/per_read_histogram.txtga   
           INFO     Found ShapeMapper profile for 011-HIV-UUCG-ES-25c-b-5-p at  
                    examples/all_mutcounts/mut_count/mut_count___cfg-851012e/art
                    ifacts/011-HIV-UUCG-ES-25c-b-5-p/011-HIV-UUCG-ES-25c-b-5-p_0
                    11-HIV-UUCG-ES-25c-b-5-p_profile.txt                        
           INFO     Inserted probe_fmod_run for sample ID 886 (Run ID: 132)     
           INFO     Inserted probe_fmod_run 132 for sample                      
                    011-HIV-UUCG-ES-25c-b-5-p                                   
           INFO     Bulk inserted 76 fmod_vals records.                         
           INFO     Inserted 76 probe_fmod_values records for                   
                    011-HIV-UUCG-ES-25c-b-5-p (modrate).                        
           INFO     Bulk inserted 76 fmod_vals records.                         
           INFO     Inserted 76 probe_fmod_values records for                   
                    011-HIV-UUCG-ES-25c-b-5-p (GAmodrate).                      
           INFO     Wrote per-read histogram for 011-HIV-UUCG-ES-25c-b-5-p      
                    (Modified) to                                               
                    examples/all_mutcounts/mut_count/mut_count___cfg-851012e/art
                    ifacts/011-HIV-UUCG-ES-25c-b-5-p/per_read_histogram.txt     
           INFO     Wrote per-read histogram for 011-HIV-UUCG-ES-25c-b-5-p (GA) 
                    to                                                          
                    examples/all_mutcounts/mut_count/mut_count___cfg-851012e/art
                    ifacts/011-HIV-UUCG-ES-25c-b-5-p/per_read_histogram.txtga   
           INFO     Found ShapeMapper profile for 012-HIV-UUCG-ES-25c-b-6-p at  
                    examples/all_mutcounts/mut_count/mut_count___cfg-851012e/art
                    ifacts/012-HIV-UUCG-ES-25c-b-6-p/012-HIV-UUCG-ES-25c-b-6-p_0
                    12-HIV-UUCG-ES-25c-b-6-p_profile.txt                        
           INFO     Inserted probe_fmod_run for sample ID 887 (Run ID: 133)     
           INFO     Inserted probe_fmod_run 133 for sample                      
                    012-HIV-UUCG-ES-25c-b-6-p                                   
           INFO     Bulk inserted 76 fmod_vals records.                         
           INFO     Inserted 76 probe_fmod_values records for                   
                    012-HIV-UUCG-ES-25c-b-6-p (modrate).                        
           INFO     Bulk inserted 76 fmod_vals records.                         
           INFO     Inserted 76 probe_fmod_values records for                   
                    012-HIV-UUCG-ES-25c-b-6-p (GAmodrate).                      
           INFO     Wrote per-read histogram for 012-HIV-UUCG-ES-25c-b-6-p      
                    (Modified) to                                               
                    examples/all_mutcounts/mut_count/mut_count___cfg-851012e/art
                    ifacts/012-HIV-UUCG-ES-25c-b-6-p/per_read_histogram.txt     
           INFO     Wrote per-read histogram for 012-HIV-UUCG-ES-25c-b-6-p (GA) 
                    to                                                          
                    examples/all_mutcounts/mut_count/mut_count___cfg-851012e/art
                    ifacts/012-HIV-UUCG-ES-25c-b-6-p/per_read_histogram.txtga   
           INFO     Found ShapeMapper profile for 066-HIV-UUCG-ES-25c-b-6-m at  
                    examples/all_mutcounts/mut_count/mut_count___cfg-851012e/art
                    ifacts/066-HIV-UUCG-ES-25c-b-6-m/066-HIV-UUCG-ES-25c-b-6-m_0
                    66-HIV-UUCG-ES-25c-b-6-m_profile.txt                        
           INFO     Inserted probe_fmod_run for sample ID 1037 (Run ID: 134)    
           INFO     Inserted probe_fmod_run 134 for sample                      
                    066-HIV-UUCG-ES-25c-b-6-m                                   
           INFO     Bulk inserted 76 fmod_vals records.                         
           INFO     Inserted 76 probe_fmod_values records for                   
                    066-HIV-UUCG-ES-25c-b-6-m (modrate).                        
           INFO     Bulk inserted 76 fmod_vals records.                         
           INFO     Inserted 76 probe_fmod_values records for                   
                    066-HIV-UUCG-ES-25c-b-6-m (GAmodrate).                      
           INFO     Wrote per-read histogram for 066-HIV-UUCG-ES-25c-b-6-m      
                    (Modified) to                                               
                    examples/all_mutcounts/mut_count/mut_count___cfg-851012e/art
                    ifacts/066-HIV-UUCG-ES-25c-b-6-m/per_read_histogram.txt     
           INFO     Wrote per-read histogram for 066-HIV-UUCG-ES-25c-b-6-m (GA) 
                    to                                                          
                    examples/all_mutcounts/mut_count/mut_count___cfg-851012e/art
                    ifacts/066-HIV-UUCG-ES-25c-b-6-m/per_read_histogram.txtga   
           INFO     mut_count completed. Profiles found for 7/7 samples;        
                    ingested 7 run(s).                                          
           INFO     Finished task ID 36 with state 'completed'                  
           INFO     Task 'mut_count' (ID: 36) completed successfully.           
           INFO     Updated 'latest' symlink for task 'mut_count' to point to   
                    /gpfs/projects/b1044/Computational_Output/EKC/EKC.01_SHAPE_s
                    tandardization/EKC.01.065.refactoring_data_analysis/nerd/exa
                    mples/all_mutcounts/mut_count/mut_count___cfg-851012e       
