[17:40:10] INFO     Executing 'run' command for step: 'mut_count'               
[17:40:10] INFO     Database schema initialized successfully.                   
           INFO     Created run directory:                                      
                    examples/all_mutcounts/mut_count/mut_count___cfg-f2dd994    
           INFO     Executing task 'mut_count' in run directory:                
                    examples/all_mutcounts/mut_count/mut_count___cfg-f2dd994    
           INFO     Resolved reaction_group 70_4 to 7 sample(s).                
           INFO     Began task 'mut_count' (ID: 102) for rg:46                  
                    (cfg=f2dd994d2889c4e177dbbbf4f18f40166901e95a6c2fe902a32c206
                    48238fd7b)                                                  
           INFO     Starting command (backend=local) in                         
                    examples/all_mutcounts/mut_count/mut_count___cfg-f2dd994    
           INFO     Executing command locally. Log file:                        
                    examples/all_mutcounts/mut_count/mut_count___cfg-f2dd994/com
                    mand.log                                                    
[17:53:50] INFO     Command finished with exit code: 0                          
           INFO     Logged attempt #1 for task ID 102 (Attempt ID: 104)         
           INFO     Command completed successfully. Consuming outputs.          
           INFO     Found ShapeMapper profile for 019-fourU-WT-70c-b-1-p at     
                    examples/all_mutcounts/mut_count/mut_count___cfg-f2dd994/art
                    ifacts/019-fourU-WT-70c-b-1-p/019-fourU-WT-70c-b-1-p_019-fou
                    rU-WT-70c-b-1-p_profile.txt                                 
           INFO     Inserted probe_fmod_run for sample ID 510 (Run ID: 821)     
           INFO     Inserted probe_fmod_run 821 for sample                      
                    019-fourU-WT-70c-b-1-p                                      
           INFO     Bulk inserted 80 fmod_vals records.                         
           INFO     Inserted 80 probe_fmod_values records for                   
                    019-fourU-WT-70c-b-1-p (modrate).                           
           INFO     Bulk inserted 80 fmod_vals records.                         
           INFO     Inserted 80 probe_fmod_values records for                   
                    019-fourU-WT-70c-b-1-p (GAmodrate).                         
           INFO     Wrote per-read histogram for 019-fourU-WT-70c-b-1-p         
                    (Modified) to                                               
                    examples/all_mutcounts/mut_count/mut_count___cfg-f2dd994/art
                    ifacts/019-fourU-WT-70c-b-1-p/per_read_histogram.txt        
           INFO     Wrote per-read histogram for 019-fourU-WT-70c-b-1-p (GA) to 
                    examples/all_mutcounts/mut_count/mut_count___cfg-f2dd994/art
                    ifacts/019-fourU-WT-70c-b-1-p/per_read_histogram.txtga      
           INFO     Found ShapeMapper profile for 020-fourU-WT-70c-b-2-p at     
                    examples/all_mutcounts/mut_count/mut_count___cfg-f2dd994/art
                    ifacts/020-fourU-WT-70c-b-2-p/020-fourU-WT-70c-b-2-p_020-fou
                    rU-WT-70c-b-2-p_profile.txt                                 
           INFO     Inserted probe_fmod_run for sample ID 511 (Run ID: 822)     
           INFO     Inserted probe_fmod_run 822 for sample                      
                    020-fourU-WT-70c-b-2-p                                      
           INFO     Bulk inserted 80 fmod_vals records.                         
           INFO     Inserted 80 probe_fmod_values records for                   
                    020-fourU-WT-70c-b-2-p (modrate).                           
           INFO     Bulk inserted 80 fmod_vals records.                         
           INFO     Inserted 80 probe_fmod_values records for                   
                    020-fourU-WT-70c-b-2-p (GAmodrate).                         
           INFO     Wrote per-read histogram for 020-fourU-WT-70c-b-2-p         
                    (Modified) to                                               
                    examples/all_mutcounts/mut_count/mut_count___cfg-f2dd994/art
                    ifacts/020-fourU-WT-70c-b-2-p/per_read_histogram.txt        
           INFO     Wrote per-read histogram for 020-fourU-WT-70c-b-2-p (GA) to 
                    examples/all_mutcounts/mut_count/mut_count___cfg-f2dd994/art
                    ifacts/020-fourU-WT-70c-b-2-p/per_read_histogram.txtga      
           INFO     Found ShapeMapper profile for 021-fourU-WT-70c-b-3-p at     
                    examples/all_mutcounts/mut_count/mut_count___cfg-f2dd994/art
                    ifacts/021-fourU-WT-70c-b-3-p/021-fourU-WT-70c-b-3-p_021-fou
                    rU-WT-70c-b-3-p_profile.txt                                 
           INFO     Inserted probe_fmod_run for sample ID 512 (Run ID: 823)     
           INFO     Inserted probe_fmod_run 823 for sample                      
                    021-fourU-WT-70c-b-3-p                                      
           INFO     Bulk inserted 80 fmod_vals records.                         
           INFO     Inserted 80 probe_fmod_values records for                   
                    021-fourU-WT-70c-b-3-p (modrate).                           
           INFO     Bulk inserted 80 fmod_vals records.                         
           INFO     Inserted 80 probe_fmod_values records for                   
                    021-fourU-WT-70c-b-3-p (GAmodrate).                         
           INFO     Wrote per-read histogram for 021-fourU-WT-70c-b-3-p         
                    (Modified) to                                               
                    examples/all_mutcounts/mut_count/mut_count___cfg-f2dd994/art
                    ifacts/021-fourU-WT-70c-b-3-p/per_read_histogram.txt        
           INFO     Wrote per-read histogram for 021-fourU-WT-70c-b-3-p (GA) to 
                    examples/all_mutcounts/mut_count/mut_count___cfg-f2dd994/art
                    ifacts/021-fourU-WT-70c-b-3-p/per_read_histogram.txtga      
           INFO     Found ShapeMapper profile for 022-fourU-WT-70c-b-4-p at     
                    examples/all_mutcounts/mut_count/mut_count___cfg-f2dd994/art
                    ifacts/022-fourU-WT-70c-b-4-p/022-fourU-WT-70c-b-4-p_022-fou
                    rU-WT-70c-b-4-p_profile.txt                                 
           INFO     Inserted probe_fmod_run for sample ID 513 (Run ID: 824)     
           INFO     Inserted probe_fmod_run 824 for sample                      
                    022-fourU-WT-70c-b-4-p                                      
           INFO     Bulk inserted 80 fmod_vals records.                         
           INFO     Inserted 80 probe_fmod_values records for                   
                    022-fourU-WT-70c-b-4-p (modrate).                           
           INFO     Bulk inserted 80 fmod_vals records.                         
           INFO     Inserted 80 probe_fmod_values records for                   
                    022-fourU-WT-70c-b-4-p (GAmodrate).                         
           INFO     Wrote per-read histogram for 022-fourU-WT-70c-b-4-p         
                    (Modified) to                                               
                    examples/all_mutcounts/mut_count/mut_count___cfg-f2dd994/art
                    ifacts/022-fourU-WT-70c-b-4-p/per_read_histogram.txt        
           INFO     Wrote per-read histogram for 022-fourU-WT-70c-b-4-p (GA) to 
                    examples/all_mutcounts/mut_count/mut_count___cfg-f2dd994/art
                    ifacts/022-fourU-WT-70c-b-4-p/per_read_histogram.txtga      
           INFO     Found ShapeMapper profile for 023-fourU-WT-70c-b-5-p at     
                    examples/all_mutcounts/mut_count/mut_count___cfg-f2dd994/art
                    ifacts/023-fourU-WT-70c-b-5-p/023-fourU-WT-70c-b-5-p_023-fou
                    rU-WT-70c-b-5-p_profile.txt                                 
           INFO     Inserted probe_fmod_run for sample ID 514 (Run ID: 825)     
           INFO     Inserted probe_fmod_run 825 for sample                      
                    023-fourU-WT-70c-b-5-p                                      
           INFO     Bulk inserted 80 fmod_vals records.                         
           INFO     Inserted 80 probe_fmod_values records for                   
                    023-fourU-WT-70c-b-5-p (modrate).                           
           INFO     Bulk inserted 80 fmod_vals records.                         
           INFO     Inserted 80 probe_fmod_values records for                   
                    023-fourU-WT-70c-b-5-p (GAmodrate).                         
           INFO     Wrote per-read histogram for 023-fourU-WT-70c-b-5-p         
                    (Modified) to                                               
                    examples/all_mutcounts/mut_count/mut_count___cfg-f2dd994/art
                    ifacts/023-fourU-WT-70c-b-5-p/per_read_histogram.txt        
           INFO     Wrote per-read histogram for 023-fourU-WT-70c-b-5-p (GA) to 
                    examples/all_mutcounts/mut_count/mut_count___cfg-f2dd994/art
                    ifacts/023-fourU-WT-70c-b-5-p/per_read_histogram.txtga      
           INFO     Found ShapeMapper profile for 024-fourU-WT-70c-b-6-p at     
                    examples/all_mutcounts/mut_count/mut_count___cfg-f2dd994/art
                    ifacts/024-fourU-WT-70c-b-6-p/024-fourU-WT-70c-b-6-p_024-fou
                    rU-WT-70c-b-6-p_profile.txt                                 
           INFO     Inserted probe_fmod_run for sample ID 515 (Run ID: 826)     
           INFO     Inserted probe_fmod_run 826 for sample                      
                    024-fourU-WT-70c-b-6-p                                      
           INFO     Bulk inserted 80 fmod_vals records.                         
           INFO     Inserted 80 probe_fmod_values records for                   
                    024-fourU-WT-70c-b-6-p (modrate).                           
           INFO     Bulk inserted 80 fmod_vals records.                         
           INFO     Inserted 80 probe_fmod_values records for                   
                    024-fourU-WT-70c-b-6-p (GAmodrate).                         
           INFO     Wrote per-read histogram for 024-fourU-WT-70c-b-6-p         
                    (Modified) to                                               
                    examples/all_mutcounts/mut_count/mut_count___cfg-f2dd994/art
                    ifacts/024-fourU-WT-70c-b-6-p/per_read_histogram.txt        
           INFO     Wrote per-read histogram for 024-fourU-WT-70c-b-6-p (GA) to 
                    examples/all_mutcounts/mut_count/mut_count___cfg-f2dd994/art
                    ifacts/024-fourU-WT-70c-b-6-p/per_read_histogram.txtga      
           INFO     Found ShapeMapper profile for 072_fourU_WT70c_b_6_m at      
                    examples/all_mutcounts/mut_count/mut_count___cfg-f2dd994/art
                    ifacts/072_fourU_WT70c_b_6_m/072_fourU_WT70c_b_6_m_072_fourU
                    _WT70c_b_6_m_profile.txt                                    
           INFO     Inserted probe_fmod_run for sample ID 755 (Run ID: 827)     
           INFO     Inserted probe_fmod_run 827 for sample 072_fourU_WT70c_b_6_m
           INFO     Bulk inserted 80 fmod_vals records.                         
           INFO     Inserted 80 probe_fmod_values records for                   
                    072_fourU_WT70c_b_6_m (modrate).                            
           INFO     Bulk inserted 80 fmod_vals records.                         
           INFO     Inserted 80 probe_fmod_values records for                   
                    072_fourU_WT70c_b_6_m (GAmodrate).                          
           INFO     Wrote per-read histogram for 072_fourU_WT70c_b_6_m          
                    (Modified) to                                               
                    examples/all_mutcounts/mut_count/mut_count___cfg-f2dd994/art
                    ifacts/072_fourU_WT70c_b_6_m/per_read_histogram.txt         
           INFO     Wrote per-read histogram for 072_fourU_WT70c_b_6_m (GA) to  
                    examples/all_mutcounts/mut_count/mut_count___cfg-f2dd994/art
                    ifacts/072_fourU_WT70c_b_6_m/per_read_histogram.txtga       
           INFO     mut_count completed. Profiles found for 7/7 samples;        
                    ingested 7 run(s).                                          
           INFO     Finished task ID 102 with state 'completed'                 
           INFO     Task 'mut_count' (ID: 102) completed successfully.          
           INFO     Updated 'latest' symlink for task 'mut_count' to point to   
                    /gpfs/projects/b1044/Computational_Output/EKC/EKC.01_SHAPE_s
                    tandardization/EKC.01.065.refactoring_data_analysis/nerd/exa
                    mples/all_mutcounts/mut_count/mut_count___cfg-f2dd994       
