[16:45:23] INFO     Executing 'run' command for step: 'mut_count'               
[16:45:23] INFO     Database schema initialized successfully.                   
           INFO     Created run directory:                                      
                    examples/all_mutcounts/mut_count/mut_count___cfg-7d8d8d4    
           INFO     Executing task 'mut_count' in run directory:                
                    examples/all_mutcounts/mut_count/mut_count___cfg-7d8d8d4    
           INFO     Resolved reaction_group 52_1 to 8 sample(s).                
           INFO     Began task 'mut_count' (ID: 75) for rg:24                   
                    (cfg=7d8d8d4cf48140155bbc1307d46cb36c74afd6999510874c46327fc
                    c95041e51)                                                  
           INFO     Starting command (backend=local) in                         
                    examples/all_mutcounts/mut_count/mut_count___cfg-7d8d8d4    
           INFO     Executing command locally. Log file:                        
                    examples/all_mutcounts/mut_count/mut_count___cfg-7d8d8d4/com
                    mand.log                                                    
[16:50:10] INFO     Command finished with exit code: 0                          
           INFO     Logged attempt #1 for task ID 75 (Attempt ID: 57)           
           INFO     Command completed successfully. Consuming outputs.          
           INFO     Found ShapeMapper profile for 079-EKC-WT-50c-a-1-p at       
                    examples/all_mutcounts/mut_count/mut_count___cfg-7d8d8d4/art
                    ifacts/079-EKC-WT-50c-a-1-p/079-EKC-WT-50c-a-1-p_079-EKC-WT-
                    50c-a-1-p_profile.txt                                       
           INFO     Inserted probe_fmod_run for sample ID 384 (Run ID: 476)     
           INFO     Inserted probe_fmod_run 476 for sample 079-EKC-WT-50c-a-1-p 
           INFO     Bulk inserted 80 fmod_vals records.                         
           INFO     Inserted 80 probe_fmod_values records for                   
                    079-EKC-WT-50c-a-1-p (modrate).                             
           INFO     Bulk inserted 80 fmod_vals records.                         
           INFO     Inserted 80 probe_fmod_values records for                   
                    079-EKC-WT-50c-a-1-p (GAmodrate).                           
           INFO     Wrote per-read histogram for 079-EKC-WT-50c-a-1-p (Modified)
                    to                                                          
                    examples/all_mutcounts/mut_count/mut_count___cfg-7d8d8d4/art
                    ifacts/079-EKC-WT-50c-a-1-p/per_read_histogram.txt          
           INFO     Wrote per-read histogram for 079-EKC-WT-50c-a-1-p (GA) to   
                    examples/all_mutcounts/mut_count/mut_count___cfg-7d8d8d4/art
                    ifacts/079-EKC-WT-50c-a-1-p/per_read_histogram.txtga        
           INFO     Found ShapeMapper profile for 037-EKC-WT-52c-a-6-m at       
                    examples/all_mutcounts/mut_count/mut_count___cfg-7d8d8d4/art
                    ifacts/037-EKC-WT-52c-a-6-m/037-EKC-WT-52c-a-6-m_037-EKC-WT-
                    52c-a-6-m_profile.txt                                       
           INFO     Inserted probe_fmod_run for sample ID 342 (Run ID: 477)     
           INFO     Inserted probe_fmod_run 477 for sample 037-EKC-WT-52c-a-6-m 
           INFO     Bulk inserted 80 fmod_vals records.                         
           INFO     Inserted 80 probe_fmod_values records for                   
                    037-EKC-WT-52c-a-6-m (modrate).                             
           INFO     Bulk inserted 80 fmod_vals records.                         
           INFO     Inserted 80 probe_fmod_values records for                   
                    037-EKC-WT-52c-a-6-m (GAmodrate).                           
           INFO     Wrote per-read histogram for 037-EKC-WT-52c-a-6-m (Modified)
                    to                                                          
                    examples/all_mutcounts/mut_count/mut_count___cfg-7d8d8d4/art
                    ifacts/037-EKC-WT-52c-a-6-m/per_read_histogram.txt          
           INFO     Wrote per-read histogram for 037-EKC-WT-52c-a-6-m (GA) to   
                    examples/all_mutcounts/mut_count/mut_count___cfg-7d8d8d4/art
                    ifacts/037-EKC-WT-52c-a-6-m/per_read_histogram.txtga        
           INFO     Found ShapeMapper profile for 080-EKC-WT-50c-a-2-p at       
                    examples/all_mutcounts/mut_count/mut_count___cfg-7d8d8d4/art
                    ifacts/080-EKC-WT-50c-a-2-p/080-EKC-WT-50c-a-2-p_080-EKC-WT-
                    50c-a-2-p_profile.txt                                       
           INFO     Inserted probe_fmod_run for sample ID 385 (Run ID: 478)     
           INFO     Inserted probe_fmod_run 478 for sample 080-EKC-WT-50c-a-2-p 
           INFO     Bulk inserted 80 fmod_vals records.                         
           INFO     Inserted 80 probe_fmod_values records for                   
                    080-EKC-WT-50c-a-2-p (modrate).                             
           INFO     Bulk inserted 80 fmod_vals records.                         
           INFO     Inserted 80 probe_fmod_values records for                   
                    080-EKC-WT-50c-a-2-p (GAmodrate).                           
           INFO     Wrote per-read histogram for 080-EKC-WT-50c-a-2-p (Modified)
                    to                                                          
                    examples/all_mutcounts/mut_count/mut_count___cfg-7d8d8d4/art
                    ifacts/080-EKC-WT-50c-a-2-p/per_read_histogram.txt          
           INFO     Wrote per-read histogram for 080-EKC-WT-50c-a-2-p (GA) to   
                    examples/all_mutcounts/mut_count/mut_count___cfg-7d8d8d4/art
                    ifacts/080-EKC-WT-50c-a-2-p/per_read_histogram.txtga        
           INFO     Found ShapeMapper profile for 081-EKC-WT-50c-a-3-p at       
                    examples/all_mutcounts/mut_count/mut_count___cfg-7d8d8d4/art
                    ifacts/081-EKC-WT-50c-a-3-p/081-EKC-WT-50c-a-3-p_081-EKC-WT-
                    50c-a-3-p_profile.txt                                       
           INFO     Inserted probe_fmod_run for sample ID 386 (Run ID: 479)     
           INFO     Inserted probe_fmod_run 479 for sample 081-EKC-WT-50c-a-3-p 
           INFO     Bulk inserted 80 fmod_vals records.                         
           INFO     Inserted 80 probe_fmod_values records for                   
                    081-EKC-WT-50c-a-3-p (modrate).                             
           INFO     Bulk inserted 80 fmod_vals records.                         
           INFO     Inserted 80 probe_fmod_values records for                   
                    081-EKC-WT-50c-a-3-p (GAmodrate).                           
           INFO     Wrote per-read histogram for 081-EKC-WT-50c-a-3-p (Modified)
                    to                                                          
                    examples/all_mutcounts/mut_count/mut_count___cfg-7d8d8d4/art
                    ifacts/081-EKC-WT-50c-a-3-p/per_read_histogram.txt          
           INFO     Wrote per-read histogram for 081-EKC-WT-50c-a-3-p (GA) to   
                    examples/all_mutcounts/mut_count/mut_count___cfg-7d8d8d4/art
                    ifacts/081-EKC-WT-50c-a-3-p/per_read_histogram.txtga        
           INFO     Found ShapeMapper profile for 082-EKC-WT-50c-a-4-p at       
                    examples/all_mutcounts/mut_count/mut_count___cfg-7d8d8d4/art
                    ifacts/082-EKC-WT-50c-a-4-p/082-EKC-WT-50c-a-4-p_082-EKC-WT-
                    50c-a-4-p_profile.txt                                       
           INFO     Inserted probe_fmod_run for sample ID 387 (Run ID: 480)     
           INFO     Inserted probe_fmod_run 480 for sample 082-EKC-WT-50c-a-4-p 
           INFO     Bulk inserted 80 fmod_vals records.                         
           INFO     Inserted 80 probe_fmod_values records for                   
                    082-EKC-WT-50c-a-4-p (modrate).                             
           INFO     Bulk inserted 80 fmod_vals records.                         
           INFO     Inserted 80 probe_fmod_values records for                   
                    082-EKC-WT-50c-a-4-p (GAmodrate).                           
           INFO     Wrote per-read histogram for 082-EKC-WT-50c-a-4-p (Modified)
                    to                                                          
                    examples/all_mutcounts/mut_count/mut_count___cfg-7d8d8d4/art
                    ifacts/082-EKC-WT-50c-a-4-p/per_read_histogram.txt          
           INFO     Wrote per-read histogram for 082-EKC-WT-50c-a-4-p (GA) to   
                    examples/all_mutcounts/mut_count/mut_count___cfg-7d8d8d4/art
                    ifacts/082-EKC-WT-50c-a-4-p/per_read_histogram.txtga        
           INFO     Found ShapeMapper profile for 083-EKC-WT-50c-a-5-p at       
                    examples/all_mutcounts/mut_count/mut_count___cfg-7d8d8d4/art
                    ifacts/083-EKC-WT-50c-a-5-p/083-EKC-WT-50c-a-5-p_083-EKC-WT-
                    50c-a-5-p_profile.txt                                       
           INFO     Inserted probe_fmod_run for sample ID 388 (Run ID: 481)     
           INFO     Inserted probe_fmod_run 481 for sample 083-EKC-WT-50c-a-5-p 
           INFO     Bulk inserted 80 fmod_vals records.                         
           INFO     Inserted 80 probe_fmod_values records for                   
                    083-EKC-WT-50c-a-5-p (modrate).                             
           INFO     Bulk inserted 80 fmod_vals records.                         
           INFO     Inserted 80 probe_fmod_values records for                   
                    083-EKC-WT-50c-a-5-p (GAmodrate).                           
           INFO     Wrote per-read histogram for 083-EKC-WT-50c-a-5-p (Modified)
                    to                                                          
                    examples/all_mutcounts/mut_count/mut_count___cfg-7d8d8d4/art
                    ifacts/083-EKC-WT-50c-a-5-p/per_read_histogram.txt          
           INFO     Wrote per-read histogram for 083-EKC-WT-50c-a-5-p (GA) to   
                    examples/all_mutcounts/mut_count/mut_count___cfg-7d8d8d4/art
                    ifacts/083-EKC-WT-50c-a-5-p/per_read_histogram.txtga        
           INFO     Found ShapeMapper profile for 034-EKC-WT-52c-a-6-m at       
                    examples/all_mutcounts/mut_count/mut_count___cfg-7d8d8d4/art
                    ifacts/034-EKC-WT-52c-a-6-m/034-EKC-WT-52c-a-6-m_034-EKC-WT-
                    52c-a-6-m_profile.txt                                       
           INFO     Inserted probe_fmod_run for sample ID 339 (Run ID: 482)     
           INFO     Inserted probe_fmod_run 482 for sample 034-EKC-WT-52c-a-6-m 
           INFO     Bulk inserted 80 fmod_vals records.                         
           INFO     Inserted 80 probe_fmod_values records for                   
                    034-EKC-WT-52c-a-6-m (modrate).                             
           INFO     Bulk inserted 80 fmod_vals records.                         
           INFO     Inserted 80 probe_fmod_values records for                   
                    034-EKC-WT-52c-a-6-m (GAmodrate).                           
           INFO     Wrote per-read histogram for 034-EKC-WT-52c-a-6-m (Modified)
                    to                                                          
                    examples/all_mutcounts/mut_count/mut_count___cfg-7d8d8d4/art
                    ifacts/034-EKC-WT-52c-a-6-m/per_read_histogram.txt          
           INFO     Wrote per-read histogram for 034-EKC-WT-52c-a-6-m (GA) to   
                    examples/all_mutcounts/mut_count/mut_count___cfg-7d8d8d4/art
                    ifacts/034-EKC-WT-52c-a-6-m/per_read_histogram.txtga        
           INFO     Found ShapeMapper profile for 084-EKC-WT-50c-a-6-p at       
                    examples/all_mutcounts/mut_count/mut_count___cfg-7d8d8d4/art
                    ifacts/084-EKC-WT-50c-a-6-p/084-EKC-WT-50c-a-6-p_084-EKC-WT-
                    50c-a-6-p_profile.txt                                       
           INFO     Inserted probe_fmod_run for sample ID 389 (Run ID: 483)     
           INFO     Inserted probe_fmod_run 483 for sample 084-EKC-WT-50c-a-6-p 
           INFO     Bulk inserted 80 fmod_vals records.                         
           INFO     Inserted 80 probe_fmod_values records for                   
                    084-EKC-WT-50c-a-6-p (modrate).                             
           INFO     Bulk inserted 80 fmod_vals records.                         
           INFO     Inserted 80 probe_fmod_values records for                   
                    084-EKC-WT-50c-a-6-p (GAmodrate).                           
           INFO     Wrote per-read histogram for 084-EKC-WT-50c-a-6-p (Modified)
                    to                                                          
                    examples/all_mutcounts/mut_count/mut_count___cfg-7d8d8d4/art
                    ifacts/084-EKC-WT-50c-a-6-p/per_read_histogram.txt          
           INFO     Wrote per-read histogram for 084-EKC-WT-50c-a-6-p (GA) to   
                    examples/all_mutcounts/mut_count/mut_count___cfg-7d8d8d4/art
                    ifacts/084-EKC-WT-50c-a-6-p/per_read_histogram.txtga        
           INFO     mut_count completed. Profiles found for 8/8 samples;        
                    ingested 8 run(s).                                          
           INFO     Finished task ID 75 with state 'completed'                  
           INFO     Task 'mut_count' (ID: 75) completed successfully.           
           INFO     Updated 'latest' symlink for task 'mut_count' to point to   
                    /gpfs/projects/b1044/Computational_Output/EKC/EKC.01_SHAPE_s
                    tandardization/EKC.01.065.refactoring_data_analysis/nerd/exa
                    mples/all_mutcounts/mut_count/mut_count___cfg-7d8d8d4       
