[17:46:15] INFO     Executing 'run' command for step: 'mut_count'               
[17:46:15] INFO     Database schema initialized successfully.                   
[17:46:16] INFO     Created run directory:                                      
                    examples/all_mutcounts/mut_count/mut_count___cfg-a707980    
           INFO     Executing task 'mut_count' in run directory:                
                    examples/all_mutcounts/mut_count/mut_count___cfg-a707980    
           INFO     Resolved reaction_group 75_1_A8C to 7 sample(s).            
           INFO     Began task 'mut_count' (ID: 109) for rg:28                  
                    (cfg=a70798022b510ba036031ea7769997a9178caac2885833ba1d3874f
                    157fd891f)                                                  
           INFO     Starting command (backend=local) in                         
                    examples/all_mutcounts/mut_count/mut_count___cfg-a707980    
           INFO     Executing command locally. Log file:                        
                    examples/all_mutcounts/mut_count/mut_count___cfg-a707980/com
                    mand.log                                                    
[17:50:11] INFO     Command finished with exit code: 0                          
           INFO     Logged attempt #1 for task ID 109 (Attempt ID: 95)          
           INFO     Command completed successfully. Consuming outputs.          
           INFO     Found ShapeMapper profile for 025-EKC-A8C-75c-a-1-p at      
                    examples/all_mutcounts/mut_count/mut_count___cfg-a707980/art
                    ifacts/025-EKC-A8C-75c-a-1-p/025-EKC-A8C-75c-a-1-p_025-EKC-A
                    8C-75c-a-1-p_profile.txt                                    
           INFO     Inserted probe_fmod_run for sample ID 420 (Run ID: 741)     
           INFO     Inserted probe_fmod_run 741 for sample 025-EKC-A8C-75c-a-1-p
           INFO     Bulk inserted 80 fmod_vals records.                         
           INFO     Inserted 80 probe_fmod_values records for                   
                    025-EKC-A8C-75c-a-1-p (modrate).                            
           INFO     Bulk inserted 80 fmod_vals records.                         
           INFO     Inserted 80 probe_fmod_values records for                   
                    025-EKC-A8C-75c-a-1-p (GAmodrate).                          
           INFO     Wrote per-read histogram for 025-EKC-A8C-75c-a-1-p          
                    (Modified) to                                               
                    examples/all_mutcounts/mut_count/mut_count___cfg-a707980/art
                    ifacts/025-EKC-A8C-75c-a-1-p/per_read_histogram.txt         
           INFO     Wrote per-read histogram for 025-EKC-A8C-75c-a-1-p (GA) to  
                    examples/all_mutcounts/mut_count/mut_count___cfg-a707980/art
                    ifacts/025-EKC-A8C-75c-a-1-p/per_read_histogram.txtga       
           INFO     Found ShapeMapper profile for 026-EKC-A8C-75c-a-2-p at      
                    examples/all_mutcounts/mut_count/mut_count___cfg-a707980/art
                    ifacts/026-EKC-A8C-75c-a-2-p/026-EKC-A8C-75c-a-2-p_026-EKC-A
                    8C-75c-a-2-p_profile.txt                                    
           INFO     Inserted probe_fmod_run for sample ID 421 (Run ID: 742)     
           INFO     Inserted probe_fmod_run 742 for sample 026-EKC-A8C-75c-a-2-p
           INFO     Bulk inserted 80 fmod_vals records.                         
           INFO     Inserted 80 probe_fmod_values records for                   
                    026-EKC-A8C-75c-a-2-p (modrate).                            
           INFO     Bulk inserted 80 fmod_vals records.                         
           INFO     Inserted 80 probe_fmod_values records for                   
                    026-EKC-A8C-75c-a-2-p (GAmodrate).                          
           INFO     Wrote per-read histogram for 026-EKC-A8C-75c-a-2-p          
                    (Modified) to                                               
                    examples/all_mutcounts/mut_count/mut_count___cfg-a707980/art
                    ifacts/026-EKC-A8C-75c-a-2-p/per_read_histogram.txt         
           INFO     Wrote per-read histogram for 026-EKC-A8C-75c-a-2-p (GA) to  
                    examples/all_mutcounts/mut_count/mut_count___cfg-a707980/art
                    ifacts/026-EKC-A8C-75c-a-2-p/per_read_histogram.txtga       
           INFO     Found ShapeMapper profile for 027-EKC-A8C-75c-a-3-p at      
                    examples/all_mutcounts/mut_count/mut_count___cfg-a707980/art
                    ifacts/027-EKC-A8C-75c-a-3-p/027-EKC-A8C-75c-a-3-p_027-EKC-A
                    8C-75c-a-3-p_profile.txt                                    
           INFO     Inserted probe_fmod_run for sample ID 422 (Run ID: 743)     
           INFO     Inserted probe_fmod_run 743 for sample 027-EKC-A8C-75c-a-3-p
           INFO     Bulk inserted 80 fmod_vals records.                         
           INFO     Inserted 80 probe_fmod_values records for                   
                    027-EKC-A8C-75c-a-3-p (modrate).                            
           INFO     Bulk inserted 80 fmod_vals records.                         
           INFO     Inserted 80 probe_fmod_values records for                   
                    027-EKC-A8C-75c-a-3-p (GAmodrate).                          
           INFO     Wrote per-read histogram for 027-EKC-A8C-75c-a-3-p          
                    (Modified) to                                               
                    examples/all_mutcounts/mut_count/mut_count___cfg-a707980/art
                    ifacts/027-EKC-A8C-75c-a-3-p/per_read_histogram.txt         
           INFO     Wrote per-read histogram for 027-EKC-A8C-75c-a-3-p (GA) to  
                    examples/all_mutcounts/mut_count/mut_count___cfg-a707980/art
                    ifacts/027-EKC-A8C-75c-a-3-p/per_read_histogram.txtga       
           INFO     Found ShapeMapper profile for 028-EKC-A8C-75c-a-4-p at      
                    examples/all_mutcounts/mut_count/mut_count___cfg-a707980/art
                    ifacts/028-EKC-A8C-75c-a-4-p/028-EKC-A8C-75c-a-4-p_028-EKC-A
                    8C-75c-a-4-p_profile.txt                                    
           INFO     Inserted probe_fmod_run for sample ID 423 (Run ID: 744)     
           INFO     Inserted probe_fmod_run 744 for sample 028-EKC-A8C-75c-a-4-p
           INFO     Bulk inserted 80 fmod_vals records.                         
           INFO     Inserted 80 probe_fmod_values records for                   
                    028-EKC-A8C-75c-a-4-p (modrate).                            
           INFO     Bulk inserted 80 fmod_vals records.                         
           INFO     Inserted 80 probe_fmod_values records for                   
                    028-EKC-A8C-75c-a-4-p (GAmodrate).                          
           INFO     Wrote per-read histogram for 028-EKC-A8C-75c-a-4-p          
                    (Modified) to                                               
                    examples/all_mutcounts/mut_count/mut_count___cfg-a707980/art
                    ifacts/028-EKC-A8C-75c-a-4-p/per_read_histogram.txt         
           INFO     Wrote per-read histogram for 028-EKC-A8C-75c-a-4-p (GA) to  
                    examples/all_mutcounts/mut_count/mut_count___cfg-a707980/art
                    ifacts/028-EKC-A8C-75c-a-4-p/per_read_histogram.txtga       
           INFO     Found ShapeMapper profile for 029-EKC-A8C-75c-a-5-p at      
                    examples/all_mutcounts/mut_count/mut_count___cfg-a707980/art
                    ifacts/029-EKC-A8C-75c-a-5-p/029-EKC-A8C-75c-a-5-p_029-EKC-A
                    8C-75c-a-5-p_profile.txt                                    
           INFO     Inserted probe_fmod_run for sample ID 424 (Run ID: 745)     
           INFO     Inserted probe_fmod_run 745 for sample 029-EKC-A8C-75c-a-5-p
           INFO     Bulk inserted 80 fmod_vals records.                         
           INFO     Inserted 80 probe_fmod_values records for                   
                    029-EKC-A8C-75c-a-5-p (modrate).                            
           INFO     Bulk inserted 80 fmod_vals records.                         
           INFO     Inserted 80 probe_fmod_values records for                   
                    029-EKC-A8C-75c-a-5-p (GAmodrate).                          
           INFO     Wrote per-read histogram for 029-EKC-A8C-75c-a-5-p          
                    (Modified) to                                               
                    examples/all_mutcounts/mut_count/mut_count___cfg-a707980/art
                    ifacts/029-EKC-A8C-75c-a-5-p/per_read_histogram.txt         
           INFO     Wrote per-read histogram for 029-EKC-A8C-75c-a-5-p (GA) to  
                    examples/all_mutcounts/mut_count/mut_count___cfg-a707980/art
                    ifacts/029-EKC-A8C-75c-a-5-p/per_read_histogram.txtga       
           INFO     Found ShapeMapper profile for 030-EKC-A8C-75c-a-6-p at      
                    examples/all_mutcounts/mut_count/mut_count___cfg-a707980/art
                    ifacts/030-EKC-A8C-75c-a-6-p/030-EKC-A8C-75c-a-6-p_030-EKC-A
                    8C-75c-a-6-p_profile.txt                                    
           INFO     Inserted probe_fmod_run for sample ID 425 (Run ID: 746)     
           INFO     Inserted probe_fmod_run 746 for sample 030-EKC-A8C-75c-a-6-p
           INFO     Bulk inserted 80 fmod_vals records.                         
           INFO     Inserted 80 probe_fmod_values records for                   
                    030-EKC-A8C-75c-a-6-p (modrate).                            
           INFO     Bulk inserted 80 fmod_vals records.                         
           INFO     Inserted 80 probe_fmod_values records for                   
                    030-EKC-A8C-75c-a-6-p (GAmodrate).                          
           INFO     Wrote per-read histogram for 030-EKC-A8C-75c-a-6-p          
                    (Modified) to                                               
                    examples/all_mutcounts/mut_count/mut_count___cfg-a707980/art
                    ifacts/030-EKC-A8C-75c-a-6-p/per_read_histogram.txt         
           INFO     Wrote per-read histogram for 030-EKC-A8C-75c-a-6-p (GA) to  
                    examples/all_mutcounts/mut_count/mut_count___cfg-a707980/art
                    ifacts/030-EKC-A8C-75c-a-6-p/per_read_histogram.txtga       
           INFO     Found ShapeMapper profile for 045-EKC-A8C-75c-a-6-m at      
                    examples/all_mutcounts/mut_count/mut_count___cfg-a707980/art
                    ifacts/045-EKC-A8C-75c-a-6-m/045-EKC-A8C-75c-a-6-m_045-EKC-A
                    8C-75c-a-6-m_profile.txt                                    
           INFO     Inserted probe_fmod_run for sample ID 350 (Run ID: 747)     
           INFO     Inserted probe_fmod_run 747 for sample 045-EKC-A8C-75c-a-6-m
           INFO     Bulk inserted 80 fmod_vals records.                         
           INFO     Inserted 80 probe_fmod_values records for                   
                    045-EKC-A8C-75c-a-6-m (modrate).                            
           INFO     Bulk inserted 80 fmod_vals records.                         
           INFO     Inserted 80 probe_fmod_values records for                   
                    045-EKC-A8C-75c-a-6-m (GAmodrate).                          
           INFO     Wrote per-read histogram for 045-EKC-A8C-75c-a-6-m          
                    (Modified) to                                               
                    examples/all_mutcounts/mut_count/mut_count___cfg-a707980/art
                    ifacts/045-EKC-A8C-75c-a-6-m/per_read_histogram.txt         
           INFO     Wrote per-read histogram for 045-EKC-A8C-75c-a-6-m (GA) to  
                    examples/all_mutcounts/mut_count/mut_count___cfg-a707980/art
                    ifacts/045-EKC-A8C-75c-a-6-m/per_read_histogram.txtga       
           INFO     mut_count completed. Profiles found for 7/7 samples;        
                    ingested 7 run(s).                                          
           INFO     Finished task ID 109 with state 'completed'                 
           INFO     Task 'mut_count' (ID: 109) completed successfully.          
           INFO     Updated 'latest' symlink for task 'mut_count' to point to   
                    /gpfs/projects/b1044/Computational_Output/EKC/EKC.01_SHAPE_s
                    tandardization/EKC.01.065.refactoring_data_analysis/nerd/exa
                    mples/all_mutcounts/mut_count/mut_count___cfg-a707980       
