[14:19:29] INFO     Executing 'run' command for step: 'mut_count'               
[14:19:29] INFO     Database schema initialized successfully.                   
           INFO     Created run directory:                                      
                    examples/all_mutcounts/mut_count/mut_count___cfg-7e9c561    
           INFO     Executing task 'mut_count' in run directory:                
                    examples/all_mutcounts/mut_count/mut_count___cfg-7e9c561    
           INFO     Resolved reaction_group 25_2_15 to 7 sample(s).             
           INFO     Began task 'mut_count' (ID: 38) for rg:84                   
                    (cfg=7e9c5618708cd214ef7b4655a924d03cb0c657e0506c1c981d4ecc4
                    c7e3f50e1)                                                  
[14:19:30] INFO     Starting command (backend=local) in                         
                    examples/all_mutcounts/mut_count/mut_count___cfg-7e9c561    
           INFO     Executing command locally. Log file:                        
                    examples/all_mutcounts/mut_count/mut_count___cfg-7e9c561/com
                    mand.log                                                    
[14:24:36] INFO     Command finished with exit code: 0                          
           INFO     Logged attempt #1 for task ID 38 (Attempt ID: 23)           
           INFO     Command completed successfully. Consuming outputs.          
           INFO     Found ShapeMapper profile for 007-HIV-WT-25c-b-1-p at       
                    examples/all_mutcounts/mut_count/mut_count___cfg-7e9c561/art
                    ifacts/007-HIV-WT-25c-b-1-p/007-HIV-WT-25c-b-1-p_007-HIV-WT-
                    25c-b-1-p_profile.txt                                       
           INFO     Inserted probe_fmod_run for sample ID 786 (Run ID: 148)     
           INFO     Inserted probe_fmod_run 148 for sample 007-HIV-WT-25c-b-1-p 
           INFO     Bulk inserted 74 fmod_vals records.                         
           INFO     Inserted 74 probe_fmod_values records for                   
                    007-HIV-WT-25c-b-1-p (modrate).                             
           INFO     Bulk inserted 74 fmod_vals records.                         
           INFO     Inserted 74 probe_fmod_values records for                   
                    007-HIV-WT-25c-b-1-p (GAmodrate).                           
           INFO     Wrote per-read histogram for 007-HIV-WT-25c-b-1-p (Modified)
                    to                                                          
                    examples/all_mutcounts/mut_count/mut_count___cfg-7e9c561/art
                    ifacts/007-HIV-WT-25c-b-1-p/per_read_histogram.txt          
           INFO     Wrote per-read histogram for 007-HIV-WT-25c-b-1-p (GA) to   
                    examples/all_mutcounts/mut_count/mut_count___cfg-7e9c561/art
                    ifacts/007-HIV-WT-25c-b-1-p/per_read_histogram.txtga        
           INFO     Found ShapeMapper profile for 008-HIV-WT-25c-b-2-p at       
                    examples/all_mutcounts/mut_count/mut_count___cfg-7e9c561/art
                    ifacts/008-HIV-WT-25c-b-2-p/008-HIV-WT-25c-b-2-p_008-HIV-WT-
                    25c-b-2-p_profile.txt                                       
           INFO     Inserted probe_fmod_run for sample ID 787 (Run ID: 149)     
           INFO     Inserted probe_fmod_run 149 for sample 008-HIV-WT-25c-b-2-p 
           INFO     Bulk inserted 74 fmod_vals records.                         
           INFO     Inserted 74 probe_fmod_values records for                   
                    008-HIV-WT-25c-b-2-p (modrate).                             
           INFO     Bulk inserted 74 fmod_vals records.                         
           INFO     Inserted 74 probe_fmod_values records for                   
                    008-HIV-WT-25c-b-2-p (GAmodrate).                           
           INFO     Wrote per-read histogram for 008-HIV-WT-25c-b-2-p (Modified)
                    to                                                          
                    examples/all_mutcounts/mut_count/mut_count___cfg-7e9c561/art
                    ifacts/008-HIV-WT-25c-b-2-p/per_read_histogram.txt          
           INFO     Wrote per-read histogram for 008-HIV-WT-25c-b-2-p (GA) to   
                    examples/all_mutcounts/mut_count/mut_count___cfg-7e9c561/art
                    ifacts/008-HIV-WT-25c-b-2-p/per_read_histogram.txtga        
           INFO     Found ShapeMapper profile for 009-HIV-WT-25c-b-3-p at       
                    examples/all_mutcounts/mut_count/mut_count___cfg-7e9c561/art
                    ifacts/009-HIV-WT-25c-b-3-p/009-HIV-WT-25c-b-3-p_009-HIV-WT-
                    25c-b-3-p_profile.txt                                       
           INFO     Inserted probe_fmod_run for sample ID 788 (Run ID: 150)     
           INFO     Inserted probe_fmod_run 150 for sample 009-HIV-WT-25c-b-3-p 
           INFO     Bulk inserted 74 fmod_vals records.                         
           INFO     Inserted 74 probe_fmod_values records for                   
                    009-HIV-WT-25c-b-3-p (modrate).                             
           INFO     Bulk inserted 74 fmod_vals records.                         
           INFO     Inserted 74 probe_fmod_values records for                   
                    009-HIV-WT-25c-b-3-p (GAmodrate).                           
           INFO     Wrote per-read histogram for 009-HIV-WT-25c-b-3-p (Modified)
                    to                                                          
                    examples/all_mutcounts/mut_count/mut_count___cfg-7e9c561/art
                    ifacts/009-HIV-WT-25c-b-3-p/per_read_histogram.txt          
           INFO     Wrote per-read histogram for 009-HIV-WT-25c-b-3-p (GA) to   
                    examples/all_mutcounts/mut_count/mut_count___cfg-7e9c561/art
                    ifacts/009-HIV-WT-25c-b-3-p/per_read_histogram.txtga        
           INFO     Found ShapeMapper profile for 010-HIV-WT-25c-b-4-p at       
                    examples/all_mutcounts/mut_count/mut_count___cfg-7e9c561/art
                    ifacts/010-HIV-WT-25c-b-4-p/010-HIV-WT-25c-b-4-p_010-HIV-WT-
                    25c-b-4-p_profile.txt                                       
[14:24:37] INFO     Inserted probe_fmod_run for sample ID 789 (Run ID: 151)     
           INFO     Inserted probe_fmod_run 151 for sample 010-HIV-WT-25c-b-4-p 
           INFO     Bulk inserted 74 fmod_vals records.                         
           INFO     Inserted 74 probe_fmod_values records for                   
                    010-HIV-WT-25c-b-4-p (modrate).                             
           INFO     Bulk inserted 74 fmod_vals records.                         
           INFO     Inserted 74 probe_fmod_values records for                   
                    010-HIV-WT-25c-b-4-p (GAmodrate).                           
           INFO     Wrote per-read histogram for 010-HIV-WT-25c-b-4-p (Modified)
                    to                                                          
                    examples/all_mutcounts/mut_count/mut_count___cfg-7e9c561/art
                    ifacts/010-HIV-WT-25c-b-4-p/per_read_histogram.txt          
           INFO     Wrote per-read histogram for 010-HIV-WT-25c-b-4-p (GA) to   
                    examples/all_mutcounts/mut_count/mut_count___cfg-7e9c561/art
                    ifacts/010-HIV-WT-25c-b-4-p/per_read_histogram.txtga        
           INFO     Found ShapeMapper profile for 011-HIV-WT-25c-b-5-p at       
                    examples/all_mutcounts/mut_count/mut_count___cfg-7e9c561/art
                    ifacts/011-HIV-WT-25c-b-5-p/011-HIV-WT-25c-b-5-p_011-HIV-WT-
                    25c-b-5-p_profile.txt                                       
           INFO     Inserted probe_fmod_run for sample ID 790 (Run ID: 152)     
           INFO     Inserted probe_fmod_run 152 for sample 011-HIV-WT-25c-b-5-p 
           INFO     Bulk inserted 74 fmod_vals records.                         
           INFO     Inserted 74 probe_fmod_values records for                   
                    011-HIV-WT-25c-b-5-p (modrate).                             
           INFO     Bulk inserted 74 fmod_vals records.                         
           INFO     Inserted 74 probe_fmod_values records for                   
                    011-HIV-WT-25c-b-5-p (GAmodrate).                           
           INFO     Wrote per-read histogram for 011-HIV-WT-25c-b-5-p (Modified)
                    to                                                          
                    examples/all_mutcounts/mut_count/mut_count___cfg-7e9c561/art
                    ifacts/011-HIV-WT-25c-b-5-p/per_read_histogram.txt          
           INFO     Wrote per-read histogram for 011-HIV-WT-25c-b-5-p (GA) to   
                    examples/all_mutcounts/mut_count/mut_count___cfg-7e9c561/art
                    ifacts/011-HIV-WT-25c-b-5-p/per_read_histogram.txtga        
           INFO     Found ShapeMapper profile for 012-HIV-WT-25c-b-6-p at       
                    examples/all_mutcounts/mut_count/mut_count___cfg-7e9c561/art
                    ifacts/012-HIV-WT-25c-b-6-p/012-HIV-WT-25c-b-6-p_012-HIV-WT-
                    25c-b-6-p_profile.txt                                       
           INFO     Inserted probe_fmod_run for sample ID 791 (Run ID: 153)     
           INFO     Inserted probe_fmod_run 153 for sample 012-HIV-WT-25c-b-6-p 
           INFO     Bulk inserted 74 fmod_vals records.                         
           INFO     Inserted 74 probe_fmod_values records for                   
                    012-HIV-WT-25c-b-6-p (modrate).                             
           INFO     Bulk inserted 74 fmod_vals records.                         
           INFO     Inserted 74 probe_fmod_values records for                   
                    012-HIV-WT-25c-b-6-p (GAmodrate).                           
           INFO     Wrote per-read histogram for 012-HIV-WT-25c-b-6-p (Modified)
                    to                                                          
                    examples/all_mutcounts/mut_count/mut_count___cfg-7e9c561/art
                    ifacts/012-HIV-WT-25c-b-6-p/per_read_histogram.txt          
           INFO     Wrote per-read histogram for 012-HIV-WT-25c-b-6-p (GA) to   
                    examples/all_mutcounts/mut_count/mut_count___cfg-7e9c561/art
                    ifacts/012-HIV-WT-25c-b-6-p/per_read_histogram.txtga        
           INFO     Found ShapeMapper profile for 050-HIV-WT-25c-b-6-m at       
                    examples/all_mutcounts/mut_count/mut_count___cfg-7e9c561/art
                    ifacts/050-HIV-WT-25c-b-6-m/050-HIV-WT-25c-b-6-m_050-HIV-WT-
                    25c-b-6-m_profile.txt                                       
           INFO     Inserted probe_fmod_run for sample ID 1021 (Run ID: 154)    
           INFO     Inserted probe_fmod_run 154 for sample 050-HIV-WT-25c-b-6-m 
           INFO     Bulk inserted 74 fmod_vals records.                         
           INFO     Inserted 74 probe_fmod_values records for                   
                    050-HIV-WT-25c-b-6-m (modrate).                             
           INFO     Bulk inserted 74 fmod_vals records.                         
           INFO     Inserted 74 probe_fmod_values records for                   
                    050-HIV-WT-25c-b-6-m (GAmodrate).                           
           INFO     Wrote per-read histogram for 050-HIV-WT-25c-b-6-m (Modified)
                    to                                                          
                    examples/all_mutcounts/mut_count/mut_count___cfg-7e9c561/art
                    ifacts/050-HIV-WT-25c-b-6-m/per_read_histogram.txt          
           INFO     Wrote per-read histogram for 050-HIV-WT-25c-b-6-m (GA) to   
                    examples/all_mutcounts/mut_count/mut_count___cfg-7e9c561/art
                    ifacts/050-HIV-WT-25c-b-6-m/per_read_histogram.txtga        
           INFO     mut_count completed. Profiles found for 7/7 samples;        
                    ingested 7 run(s).                                          
           INFO     Finished task ID 38 with state 'completed'                  
           INFO     Task 'mut_count' (ID: 38) completed successfully.           
           INFO     Updated 'latest' symlink for task 'mut_count' to point to   
                    /gpfs/projects/b1044/Computational_Output/EKC/EKC.01_SHAPE_s
                    tandardization/EKC.01.065.refactoring_data_analysis/nerd/exa
                    mples/all_mutcounts/mut_count/mut_count___cfg-7e9c561       
