[14:19:05] INFO     Executing 'run' command for step: 'mut_count'               
[14:19:05] INFO     Database schema initialized successfully.                   
           INFO     Created run directory:                                      
                    examples/all_mutcounts/mut_count/mut_count___cfg-08135c8    
           INFO     Executing task 'mut_count' in run directory:                
                    examples/all_mutcounts/mut_count/mut_count___cfg-08135c8    
           INFO     Resolved reaction_group 25_2_14 to 7 sample(s).             
           INFO     Began task 'mut_count' (ID: 37) for rg:92                   
                    (cfg=08135c8a7e43b0ce52d4ae87afa6b0fe54a679764d2a08194671585
                    4c968f5a1)                                                  
           INFO     Starting command (backend=local) in                         
                    examples/all_mutcounts/mut_count/mut_count___cfg-08135c8    
           INFO     Executing command locally. Log file:                        
                    examples/all_mutcounts/mut_count/mut_count___cfg-08135c8/com
                    mand.log                                                    
[14:23:26] INFO     Command finished with exit code: 0                          
           INFO     Logged attempt #1 for task ID 37 (Attempt ID: 22)           
           INFO     Command completed successfully. Consuming outputs.          
           INFO     Found ShapeMapper profile for 055-HIV-UUCG-GS-25c-b-1-p at  
                    examples/all_mutcounts/mut_count/mut_count___cfg-08135c8/art
                    ifacts/055-HIV-UUCG-GS-25c-b-1-p/055-HIV-UUCG-GS-25c-b-1-p_0
                    55-HIV-UUCG-GS-25c-b-1-p_profile.txt                        
           INFO     Inserted probe_fmod_run for sample ID 834 (Run ID: 141)     
           INFO     Inserted probe_fmod_run 141 for sample                      
                    055-HIV-UUCG-GS-25c-b-1-p                                   
           INFO     Bulk inserted 72 fmod_vals records.                         
           INFO     Inserted 72 probe_fmod_values records for                   
                    055-HIV-UUCG-GS-25c-b-1-p (modrate).                        
           INFO     Bulk inserted 72 fmod_vals records.                         
           INFO     Inserted 72 probe_fmod_values records for                   
                    055-HIV-UUCG-GS-25c-b-1-p (GAmodrate).                      
           INFO     Wrote per-read histogram for 055-HIV-UUCG-GS-25c-b-1-p      
                    (Modified) to                                               
                    examples/all_mutcounts/mut_count/mut_count___cfg-08135c8/art
                    ifacts/055-HIV-UUCG-GS-25c-b-1-p/per_read_histogram.txt     
           INFO     Wrote per-read histogram for 055-HIV-UUCG-GS-25c-b-1-p (GA) 
                    to                                                          
                    examples/all_mutcounts/mut_count/mut_count___cfg-08135c8/art
                    ifacts/055-HIV-UUCG-GS-25c-b-1-p/per_read_histogram.txtga   
           INFO     Found ShapeMapper profile for 056-HIV-UUCG-GS-25c-b-2-p at  
                    examples/all_mutcounts/mut_count/mut_count___cfg-08135c8/art
                    ifacts/056-HIV-UUCG-GS-25c-b-2-p/056-HIV-UUCG-GS-25c-b-2-p_0
                    56-HIV-UUCG-GS-25c-b-2-p_profile.txt                        
           INFO     Inserted probe_fmod_run for sample ID 835 (Run ID: 142)     
           INFO     Inserted probe_fmod_run 142 for sample                      
                    056-HIV-UUCG-GS-25c-b-2-p                                   
           INFO     Bulk inserted 72 fmod_vals records.                         
           INFO     Inserted 72 probe_fmod_values records for                   
                    056-HIV-UUCG-GS-25c-b-2-p (modrate).                        
           INFO     Bulk inserted 72 fmod_vals records.                         
           INFO     Inserted 72 probe_fmod_values records for                   
                    056-HIV-UUCG-GS-25c-b-2-p (GAmodrate).                      
           INFO     Wrote per-read histogram for 056-HIV-UUCG-GS-25c-b-2-p      
                    (Modified) to                                               
                    examples/all_mutcounts/mut_count/mut_count___cfg-08135c8/art
                    ifacts/056-HIV-UUCG-GS-25c-b-2-p/per_read_histogram.txt     
           INFO     Wrote per-read histogram for 056-HIV-UUCG-GS-25c-b-2-p (GA) 
                    to                                                          
                    examples/all_mutcounts/mut_count/mut_count___cfg-08135c8/art
                    ifacts/056-HIV-UUCG-GS-25c-b-2-p/per_read_histogram.txtga   
           INFO     Found ShapeMapper profile for 057-HIV-UUCG-GS-25c-b-3-p at  
                    examples/all_mutcounts/mut_count/mut_count___cfg-08135c8/art
                    ifacts/057-HIV-UUCG-GS-25c-b-3-p/057-HIV-UUCG-GS-25c-b-3-p_0
                    57-HIV-UUCG-GS-25c-b-3-p_profile.txt                        
           INFO     Inserted probe_fmod_run for sample ID 836 (Run ID: 143)     
           INFO     Inserted probe_fmod_run 143 for sample                      
                    057-HIV-UUCG-GS-25c-b-3-p                                   
           INFO     Bulk inserted 72 fmod_vals records.                         
           INFO     Inserted 72 probe_fmod_values records for                   
                    057-HIV-UUCG-GS-25c-b-3-p (modrate).                        
           INFO     Bulk inserted 72 fmod_vals records.                         
           INFO     Inserted 72 probe_fmod_values records for                   
                    057-HIV-UUCG-GS-25c-b-3-p (GAmodrate).                      
           INFO     Wrote per-read histogram for 057-HIV-UUCG-GS-25c-b-3-p      
                    (Modified) to                                               
                    examples/all_mutcounts/mut_count/mut_count___cfg-08135c8/art
                    ifacts/057-HIV-UUCG-GS-25c-b-3-p/per_read_histogram.txt     
           INFO     Wrote per-read histogram for 057-HIV-UUCG-GS-25c-b-3-p (GA) 
                    to                                                          
                    examples/all_mutcounts/mut_count/mut_count___cfg-08135c8/art
                    ifacts/057-HIV-UUCG-GS-25c-b-3-p/per_read_histogram.txtga   
           INFO     Found ShapeMapper profile for 058-HIV-UUCG-GS-25c-b-4-p at  
                    examples/all_mutcounts/mut_count/mut_count___cfg-08135c8/art
                    ifacts/058-HIV-UUCG-GS-25c-b-4-p/058-HIV-UUCG-GS-25c-b-4-p_0
                    58-HIV-UUCG-GS-25c-b-4-p_profile.txt                        
           INFO     Inserted probe_fmod_run for sample ID 837 (Run ID: 144)     
           INFO     Inserted probe_fmod_run 144 for sample                      
                    058-HIV-UUCG-GS-25c-b-4-p                                   
           INFO     Bulk inserted 72 fmod_vals records.                         
           INFO     Inserted 72 probe_fmod_values records for                   
                    058-HIV-UUCG-GS-25c-b-4-p (modrate).                        
           INFO     Bulk inserted 72 fmod_vals records.                         
           INFO     Inserted 72 probe_fmod_values records for                   
                    058-HIV-UUCG-GS-25c-b-4-p (GAmodrate).                      
           INFO     Wrote per-read histogram for 058-HIV-UUCG-GS-25c-b-4-p      
                    (Modified) to                                               
                    examples/all_mutcounts/mut_count/mut_count___cfg-08135c8/art
                    ifacts/058-HIV-UUCG-GS-25c-b-4-p/per_read_histogram.txt     
           INFO     Wrote per-read histogram for 058-HIV-UUCG-GS-25c-b-4-p (GA) 
                    to                                                          
                    examples/all_mutcounts/mut_count/mut_count___cfg-08135c8/art
                    ifacts/058-HIV-UUCG-GS-25c-b-4-p/per_read_histogram.txtga   
           INFO     Found ShapeMapper profile for 059-HIV-UUCG-GS-25c-b-5-p at  
                    examples/all_mutcounts/mut_count/mut_count___cfg-08135c8/art
                    ifacts/059-HIV-UUCG-GS-25c-b-5-p/059-HIV-UUCG-GS-25c-b-5-p_0
                    59-HIV-UUCG-GS-25c-b-5-p_profile.txt                        
           INFO     Inserted probe_fmod_run for sample ID 838 (Run ID: 145)     
           INFO     Inserted probe_fmod_run 145 for sample                      
                    059-HIV-UUCG-GS-25c-b-5-p                                   
           INFO     Bulk inserted 72 fmod_vals records.                         
           INFO     Inserted 72 probe_fmod_values records for                   
                    059-HIV-UUCG-GS-25c-b-5-p (modrate).                        
           INFO     Bulk inserted 72 fmod_vals records.                         
           INFO     Inserted 72 probe_fmod_values records for                   
                    059-HIV-UUCG-GS-25c-b-5-p (GAmodrate).                      
           INFO     Wrote per-read histogram for 059-HIV-UUCG-GS-25c-b-5-p      
                    (Modified) to                                               
                    examples/all_mutcounts/mut_count/mut_count___cfg-08135c8/art
                    ifacts/059-HIV-UUCG-GS-25c-b-5-p/per_read_histogram.txt     
           INFO     Wrote per-read histogram for 059-HIV-UUCG-GS-25c-b-5-p (GA) 
                    to                                                          
                    examples/all_mutcounts/mut_count/mut_count___cfg-08135c8/art
                    ifacts/059-HIV-UUCG-GS-25c-b-5-p/per_read_histogram.txtga   
           INFO     Found ShapeMapper profile for 058-HIV-UUCG-GS-25c-b-6-m at  
                    examples/all_mutcounts/mut_count/mut_count___cfg-08135c8/art
                    ifacts/058-HIV-UUCG-GS-25c-b-6-m/058-HIV-UUCG-GS-25c-b-6-m_0
                    58-HIV-UUCG-GS-25c-b-6-m_profile.txt                        
           INFO     Inserted probe_fmod_run for sample ID 1029 (Run ID: 146)    
           INFO     Inserted probe_fmod_run 146 for sample                      
                    058-HIV-UUCG-GS-25c-b-6-m                                   
           INFO     Bulk inserted 72 fmod_vals records.                         
           INFO     Inserted 72 probe_fmod_values records for                   
                    058-HIV-UUCG-GS-25c-b-6-m (modrate).                        
           INFO     Bulk inserted 72 fmod_vals records.                         
           INFO     Inserted 72 probe_fmod_values records for                   
                    058-HIV-UUCG-GS-25c-b-6-m (GAmodrate).                      
           INFO     Wrote per-read histogram for 058-HIV-UUCG-GS-25c-b-6-m      
                    (Modified) to                                               
                    examples/all_mutcounts/mut_count/mut_count___cfg-08135c8/art
                    ifacts/058-HIV-UUCG-GS-25c-b-6-m/per_read_histogram.txt     
           INFO     Wrote per-read histogram for 058-HIV-UUCG-GS-25c-b-6-m (GA) 
                    to                                                          
                    examples/all_mutcounts/mut_count/mut_count___cfg-08135c8/art
                    ifacts/058-HIV-UUCG-GS-25c-b-6-m/per_read_histogram.txtga   
           INFO     Found ShapeMapper profile for 060-HIV-UUCG-GS-25c-b-6-p at  
                    examples/all_mutcounts/mut_count/mut_count___cfg-08135c8/art
                    ifacts/060-HIV-UUCG-GS-25c-b-6-p/060-HIV-UUCG-GS-25c-b-6-p_0
                    60-HIV-UUCG-GS-25c-b-6-p_profile.txt                        
           INFO     Inserted probe_fmod_run for sample ID 839 (Run ID: 147)     
           INFO     Inserted probe_fmod_run 147 for sample                      
                    060-HIV-UUCG-GS-25c-b-6-p                                   
           INFO     Bulk inserted 72 fmod_vals records.                         
           INFO     Inserted 72 probe_fmod_values records for                   
                    060-HIV-UUCG-GS-25c-b-6-p (modrate).                        
           INFO     Bulk inserted 72 fmod_vals records.                         
           INFO     Inserted 72 probe_fmod_values records for                   
                    060-HIV-UUCG-GS-25c-b-6-p (GAmodrate).                      
           INFO     Wrote per-read histogram for 060-HIV-UUCG-GS-25c-b-6-p      
                    (Modified) to                                               
                    examples/all_mutcounts/mut_count/mut_count___cfg-08135c8/art
                    ifacts/060-HIV-UUCG-GS-25c-b-6-p/per_read_histogram.txt     
           INFO     Wrote per-read histogram for 060-HIV-UUCG-GS-25c-b-6-p (GA) 
                    to                                                          
                    examples/all_mutcounts/mut_count/mut_count___cfg-08135c8/art
                    ifacts/060-HIV-UUCG-GS-25c-b-6-p/per_read_histogram.txtga   
           INFO     mut_count completed. Profiles found for 7/7 samples;        
                    ingested 7 run(s).                                          
           INFO     Finished task ID 37 with state 'completed'                  
           INFO     Task 'mut_count' (ID: 37) completed successfully.           
           INFO     Updated 'latest' symlink for task 'mut_count' to point to   
                    /gpfs/projects/b1044/Computational_Output/EKC/EKC.01_SHAPE_s
                    tandardization/EKC.01.065.refactoring_data_analysis/nerd/exa
                    mples/all_mutcounts/mut_count/mut_count___cfg-08135c8       
