[18:00:39] INFO     Executing 'run' command for step: 'mut_count'               
[18:00:39] INFO     Database schema initialized successfully.                   
           INFO     Created run directory:                                      
                    examples/all_mutcounts/mut_count/mut_count___cfg-bcdeadb    
           INFO     Executing task 'mut_count' in run directory:                
                    examples/all_mutcounts/mut_count/mut_count___cfg-bcdeadb    
           INFO     Resolved reaction_group 80_2_13 to 7 sample(s).             
           INFO     Began task 'mut_count' (ID: 133) for rg:106                 
                    (cfg=bcdeadb2049f9b5d3227a0744d43f0a5b3fcada88972540815104a4
                    14337a1a0)                                                  
           INFO     Starting command (backend=local) in                         
                    examples/all_mutcounts/mut_count/mut_count___cfg-bcdeadb    
           INFO     Executing command locally. Log file:                        
                    examples/all_mutcounts/mut_count/mut_count___cfg-bcdeadb/com
                    mand.log                                                    
[18:04:36] INFO     Command finished with exit code: 0                          
           INFO     Logged attempt #1 for task ID 133 (Attempt ID: 119)         
           INFO     Command completed successfully. Consuming outputs.          
           INFO     Found ShapeMapper profile for 043-HIV-UUCG-ES-80c-b-1-p at  
                    examples/all_mutcounts/mut_count/mut_count___cfg-bcdeadb/art
                    ifacts/043-HIV-UUCG-ES-80c-b-1-p/043-HIV-UUCG-ES-80c-b-1-p_0
                    43-HIV-UUCG-ES-80c-b-1-p_profile.txt                        
           INFO     Inserted probe_fmod_run for sample ID 918 (Run ID: 926)     
           INFO     Inserted probe_fmod_run 926 for sample                      
                    043-HIV-UUCG-ES-80c-b-1-p                                   
           INFO     Bulk inserted 76 fmod_vals records.                         
           INFO     Inserted 76 probe_fmod_values records for                   
                    043-HIV-UUCG-ES-80c-b-1-p (modrate).                        
           INFO     Bulk inserted 76 fmod_vals records.                         
           INFO     Inserted 76 probe_fmod_values records for                   
                    043-HIV-UUCG-ES-80c-b-1-p (GAmodrate).                      
           INFO     Wrote per-read histogram for 043-HIV-UUCG-ES-80c-b-1-p      
                    (Modified) to                                               
                    examples/all_mutcounts/mut_count/mut_count___cfg-bcdeadb/art
                    ifacts/043-HIV-UUCG-ES-80c-b-1-p/per_read_histogram.txt     
           INFO     Wrote per-read histogram for 043-HIV-UUCG-ES-80c-b-1-p (GA) 
                    to                                                          
                    examples/all_mutcounts/mut_count/mut_count___cfg-bcdeadb/art
                    ifacts/043-HIV-UUCG-ES-80c-b-1-p/per_read_histogram.txtga   
           INFO     Found ShapeMapper profile for 044-HIV-UUCG-ES-80c-b-2-p at  
                    examples/all_mutcounts/mut_count/mut_count___cfg-bcdeadb/art
                    ifacts/044-HIV-UUCG-ES-80c-b-2-p/044-HIV-UUCG-ES-80c-b-2-p_0
                    44-HIV-UUCG-ES-80c-b-2-p_profile.txt                        
           INFO     Inserted probe_fmod_run for sample ID 919 (Run ID: 927)     
           INFO     Inserted probe_fmod_run 927 for sample                      
                    044-HIV-UUCG-ES-80c-b-2-p                                   
           INFO     Bulk inserted 76 fmod_vals records.                         
           INFO     Inserted 76 probe_fmod_values records for                   
                    044-HIV-UUCG-ES-80c-b-2-p (modrate).                        
           INFO     Bulk inserted 76 fmod_vals records.                         
           INFO     Inserted 76 probe_fmod_values records for                   
                    044-HIV-UUCG-ES-80c-b-2-p (GAmodrate).                      
           INFO     Wrote per-read histogram for 044-HIV-UUCG-ES-80c-b-2-p      
                    (Modified) to                                               
                    examples/all_mutcounts/mut_count/mut_count___cfg-bcdeadb/art
                    ifacts/044-HIV-UUCG-ES-80c-b-2-p/per_read_histogram.txt     
           INFO     Wrote per-read histogram for 044-HIV-UUCG-ES-80c-b-2-p (GA) 
                    to                                                          
                    examples/all_mutcounts/mut_count/mut_count___cfg-bcdeadb/art
                    ifacts/044-HIV-UUCG-ES-80c-b-2-p/per_read_histogram.txtga   
           INFO     Found ShapeMapper profile for 045-HIV-UUCG-ES-80c-b-3-p at  
                    examples/all_mutcounts/mut_count/mut_count___cfg-bcdeadb/art
                    ifacts/045-HIV-UUCG-ES-80c-b-3-p/045-HIV-UUCG-ES-80c-b-3-p_0
                    45-HIV-UUCG-ES-80c-b-3-p_profile.txt                        
           INFO     Inserted probe_fmod_run for sample ID 920 (Run ID: 928)     
           INFO     Inserted probe_fmod_run 928 for sample                      
                    045-HIV-UUCG-ES-80c-b-3-p                                   
           INFO     Bulk inserted 76 fmod_vals records.                         
           INFO     Inserted 76 probe_fmod_values records for                   
                    045-HIV-UUCG-ES-80c-b-3-p (modrate).                        
           INFO     Bulk inserted 76 fmod_vals records.                         
           INFO     Inserted 76 probe_fmod_values records for                   
                    045-HIV-UUCG-ES-80c-b-3-p (GAmodrate).                      
           INFO     Wrote per-read histogram for 045-HIV-UUCG-ES-80c-b-3-p      
                    (Modified) to                                               
                    examples/all_mutcounts/mut_count/mut_count___cfg-bcdeadb/art
                    ifacts/045-HIV-UUCG-ES-80c-b-3-p/per_read_histogram.txt     
           INFO     Wrote per-read histogram for 045-HIV-UUCG-ES-80c-b-3-p (GA) 
                    to                                                          
                    examples/all_mutcounts/mut_count/mut_count___cfg-bcdeadb/art
                    ifacts/045-HIV-UUCG-ES-80c-b-3-p/per_read_histogram.txtga   
           INFO     Found ShapeMapper profile for 046-HIV-UUCG-ES-80c-b-4-p at  
                    examples/all_mutcounts/mut_count/mut_count___cfg-bcdeadb/art
                    ifacts/046-HIV-UUCG-ES-80c-b-4-p/046-HIV-UUCG-ES-80c-b-4-p_0
                    46-HIV-UUCG-ES-80c-b-4-p_profile.txt                        
           INFO     Inserted probe_fmod_run for sample ID 921 (Run ID: 929)     
           INFO     Inserted probe_fmod_run 929 for sample                      
                    046-HIV-UUCG-ES-80c-b-4-p                                   
           INFO     Bulk inserted 76 fmod_vals records.                         
           INFO     Inserted 76 probe_fmod_values records for                   
                    046-HIV-UUCG-ES-80c-b-4-p (modrate).                        
           INFO     Bulk inserted 76 fmod_vals records.                         
           INFO     Inserted 76 probe_fmod_values records for                   
                    046-HIV-UUCG-ES-80c-b-4-p (GAmodrate).                      
           INFO     Wrote per-read histogram for 046-HIV-UUCG-ES-80c-b-4-p      
                    (Modified) to                                               
                    examples/all_mutcounts/mut_count/mut_count___cfg-bcdeadb/art
                    ifacts/046-HIV-UUCG-ES-80c-b-4-p/per_read_histogram.txt     
           INFO     Wrote per-read histogram for 046-HIV-UUCG-ES-80c-b-4-p (GA) 
                    to                                                          
                    examples/all_mutcounts/mut_count/mut_count___cfg-bcdeadb/art
                    ifacts/046-HIV-UUCG-ES-80c-b-4-p/per_read_histogram.txtga   
           INFO     Found ShapeMapper profile for 047-HIV-UUCG-ES-80c-b-5-p at  
                    examples/all_mutcounts/mut_count/mut_count___cfg-bcdeadb/art
                    ifacts/047-HIV-UUCG-ES-80c-b-5-p/047-HIV-UUCG-ES-80c-b-5-p_0
                    47-HIV-UUCG-ES-80c-b-5-p_profile.txt                        
           INFO     Inserted probe_fmod_run for sample ID 922 (Run ID: 930)     
           INFO     Inserted probe_fmod_run 930 for sample                      
                    047-HIV-UUCG-ES-80c-b-5-p                                   
           INFO     Bulk inserted 76 fmod_vals records.                         
           INFO     Inserted 76 probe_fmod_values records for                   
                    047-HIV-UUCG-ES-80c-b-5-p (modrate).                        
           INFO     Bulk inserted 76 fmod_vals records.                         
           INFO     Inserted 76 probe_fmod_values records for                   
                    047-HIV-UUCG-ES-80c-b-5-p (GAmodrate).                      
           INFO     Wrote per-read histogram for 047-HIV-UUCG-ES-80c-b-5-p      
                    (Modified) to                                               
                    examples/all_mutcounts/mut_count/mut_count___cfg-bcdeadb/art
                    ifacts/047-HIV-UUCG-ES-80c-b-5-p/per_read_histogram.txt     
           INFO     Wrote per-read histogram for 047-HIV-UUCG-ES-80c-b-5-p (GA) 
                    to                                                          
                    examples/all_mutcounts/mut_count/mut_count___cfg-bcdeadb/art
                    ifacts/047-HIV-UUCG-ES-80c-b-5-p/per_read_histogram.txtga   
           INFO     Found ShapeMapper profile for 048-HIV-UUCG-ES-80c-b-6-p at  
                    examples/all_mutcounts/mut_count/mut_count___cfg-bcdeadb/art
                    ifacts/048-HIV-UUCG-ES-80c-b-6-p/048-HIV-UUCG-ES-80c-b-6-p_0
                    48-HIV-UUCG-ES-80c-b-6-p_profile.txt                        
           INFO     Inserted probe_fmod_run for sample ID 923 (Run ID: 931)     
           INFO     Inserted probe_fmod_run 931 for sample                      
                    048-HIV-UUCG-ES-80c-b-6-p                                   
           INFO     Bulk inserted 76 fmod_vals records.                         
           INFO     Inserted 76 probe_fmod_values records for                   
                    048-HIV-UUCG-ES-80c-b-6-p (modrate).                        
           INFO     Bulk inserted 76 fmod_vals records.                         
           INFO     Inserted 76 probe_fmod_values records for                   
                    048-HIV-UUCG-ES-80c-b-6-p (GAmodrate).                      
           INFO     Wrote per-read histogram for 048-HIV-UUCG-ES-80c-b-6-p      
                    (Modified) to                                               
                    examples/all_mutcounts/mut_count/mut_count___cfg-bcdeadb/art
                    ifacts/048-HIV-UUCG-ES-80c-b-6-p/per_read_histogram.txt     
           INFO     Wrote per-read histogram for 048-HIV-UUCG-ES-80c-b-6-p (GA) 
                    to                                                          
                    examples/all_mutcounts/mut_count/mut_count___cfg-bcdeadb/art
                    ifacts/048-HIV-UUCG-ES-80c-b-6-p/per_read_histogram.txtga   
           INFO     Found ShapeMapper profile for 072-HIV-UUCG-ES-80c-b-6-m at  
                    examples/all_mutcounts/mut_count/mut_count___cfg-bcdeadb/art
                    ifacts/072-HIV-UUCG-ES-80c-b-6-m/072-HIV-UUCG-ES-80c-b-6-m_0
                    72-HIV-UUCG-ES-80c-b-6-m_profile.txt                        
           INFO     Inserted probe_fmod_run for sample ID 1043 (Run ID: 932)    
           INFO     Inserted probe_fmod_run 932 for sample                      
                    072-HIV-UUCG-ES-80c-b-6-m                                   
           INFO     Bulk inserted 76 fmod_vals records.                         
           INFO     Inserted 76 probe_fmod_values records for                   
                    072-HIV-UUCG-ES-80c-b-6-m (modrate).                        
           INFO     Bulk inserted 76 fmod_vals records.                         
           INFO     Inserted 76 probe_fmod_values records for                   
                    072-HIV-UUCG-ES-80c-b-6-m (GAmodrate).                      
           INFO     Wrote per-read histogram for 072-HIV-UUCG-ES-80c-b-6-m      
                    (Modified) to                                               
                    examples/all_mutcounts/mut_count/mut_count___cfg-bcdeadb/art
                    ifacts/072-HIV-UUCG-ES-80c-b-6-m/per_read_histogram.txt     
           INFO     Wrote per-read histogram for 072-HIV-UUCG-ES-80c-b-6-m (GA) 
                    to                                                          
                    examples/all_mutcounts/mut_count/mut_count___cfg-bcdeadb/art
                    ifacts/072-HIV-UUCG-ES-80c-b-6-m/per_read_histogram.txtga   
           INFO     mut_count completed. Profiles found for 7/7 samples;        
                    ingested 7 run(s).                                          
           INFO     Finished task ID 133 with state 'completed'                 
           INFO     Task 'mut_count' (ID: 133) completed successfully.          
           INFO     Updated 'latest' symlink for task 'mut_count' to point to   
                    /gpfs/projects/b1044/Computational_Output/EKC/EKC.01_SHAPE_s
                    tandardization/EKC.01.065.refactoring_data_analysis/nerd/exa
                    mples/all_mutcounts/mut_count/mut_count___cfg-bcdeadb       
