[13:56:30] INFO     Executing 'run' command for step: 'mut_count'               
[13:56:30] INFO     Database schema initialized successfully.                   
           INFO     Created run directory:                                      
                    examples/all_mutcounts/mut_count/mut_count___cfg-1696ba1    
           INFO     Executing task 'mut_count' in run directory:                
                    examples/all_mutcounts/mut_count/mut_count___cfg-1696ba1    
           INFO     Resolved reaction_group 20_1 to 7 sample(s).                
           INFO     Began task 'mut_count' (ID: 23) for rg:77                   
                    (cfg=1696ba1aaa40f27d2e4f1561b26e1dd1898c61e097d9730de90fff6
                    073b744c7)                                                  
           INFO     Starting command (backend=local) in                         
                    examples/all_mutcounts/mut_count/mut_count___cfg-1696ba1    
           INFO     Executing command locally. Log file:                        
                    examples/all_mutcounts/mut_count/mut_count___cfg-1696ba1/com
                    mand.log                                                    
[15:32:23] INFO     Command finished with exit code: 0                          
           INFO     Logged attempt #1 for task ID 23 (Attempt ID: 34)           
           INFO     Command completed successfully. Consuming outputs.          
           INFO     Found ShapeMapper profile for 013_fourU_WT_20c_a_1_p at     
                    examples/all_mutcounts/mut_count/mut_count___cfg-1696ba1/art
                    ifacts/013_fourU_WT_20c_a_1_p/013_fourU_WT_20c_a_1_p_013_fou
                    rU_WT_20c_a_1_p_profile.txt                                 
           INFO     Inserted probe_fmod_run for sample ID 696 (Run ID: 250)     
           INFO     Inserted probe_fmod_run 250 for sample                      
                    013_fourU_WT_20c_a_1_p                                      
           INFO     Bulk inserted 80 fmod_vals records.                         
           INFO     Inserted 80 probe_fmod_values records for                   
                    013_fourU_WT_20c_a_1_p (modrate).                           
           INFO     Bulk inserted 80 fmod_vals records.                         
           INFO     Inserted 80 probe_fmod_values records for                   
                    013_fourU_WT_20c_a_1_p (GAmodrate).                         
           INFO     Wrote per-read histogram for 013_fourU_WT_20c_a_1_p         
                    (Modified) to                                               
                    examples/all_mutcounts/mut_count/mut_count___cfg-1696ba1/art
                    ifacts/013_fourU_WT_20c_a_1_p/per_read_histogram.txt        
           INFO     Wrote per-read histogram for 013_fourU_WT_20c_a_1_p (GA) to 
                    examples/all_mutcounts/mut_count/mut_count___cfg-1696ba1/art
                    ifacts/013_fourU_WT_20c_a_1_p/per_read_histogram.txtga      
           INFO     Found ShapeMapper profile for 014_fourU_WT_20c_a_2_p at     
                    examples/all_mutcounts/mut_count/mut_count___cfg-1696ba1/art
                    ifacts/014_fourU_WT_20c_a_2_p/014_fourU_WT_20c_a_2_p_014_fou
                    rU_WT_20c_a_2_p_profile.txt                                 
[15:32:24] INFO     Inserted probe_fmod_run for sample ID 697 (Run ID: 251)     
           INFO     Inserted probe_fmod_run 251 for sample                      
                    014_fourU_WT_20c_a_2_p                                      
           INFO     Bulk inserted 80 fmod_vals records.                         
           INFO     Inserted 80 probe_fmod_values records for                   
                    014_fourU_WT_20c_a_2_p (modrate).                           
           INFO     Bulk inserted 80 fmod_vals records.                         
           INFO     Inserted 80 probe_fmod_values records for                   
                    014_fourU_WT_20c_a_2_p (GAmodrate).                         
           INFO     Wrote per-read histogram for 014_fourU_WT_20c_a_2_p         
                    (Modified) to                                               
                    examples/all_mutcounts/mut_count/mut_count___cfg-1696ba1/art
                    ifacts/014_fourU_WT_20c_a_2_p/per_read_histogram.txt        
           INFO     Wrote per-read histogram for 014_fourU_WT_20c_a_2_p (GA) to 
                    examples/all_mutcounts/mut_count/mut_count___cfg-1696ba1/art
                    ifacts/014_fourU_WT_20c_a_2_p/per_read_histogram.txtga      
           INFO     Found ShapeMapper profile for 015_fourU_WT_20c_a_3_p at     
                    examples/all_mutcounts/mut_count/mut_count___cfg-1696ba1/art
                    ifacts/015_fourU_WT_20c_a_3_p/015_fourU_WT_20c_a_3_p_015_fou
                    rU_WT_20c_a_3_p_profile.txt                                 
           INFO     Inserted probe_fmod_run for sample ID 698 (Run ID: 252)     
           INFO     Inserted probe_fmod_run 252 for sample                      
                    015_fourU_WT_20c_a_3_p                                      
           INFO     Bulk inserted 80 fmod_vals records.                         
           INFO     Inserted 80 probe_fmod_values records for                   
                    015_fourU_WT_20c_a_3_p (modrate).                           
           INFO     Bulk inserted 80 fmod_vals records.                         
           INFO     Inserted 80 probe_fmod_values records for                   
                    015_fourU_WT_20c_a_3_p (GAmodrate).                         
           INFO     Wrote per-read histogram for 015_fourU_WT_20c_a_3_p         
                    (Modified) to                                               
                    examples/all_mutcounts/mut_count/mut_count___cfg-1696ba1/art
                    ifacts/015_fourU_WT_20c_a_3_p/per_read_histogram.txt        
           INFO     Wrote per-read histogram for 015_fourU_WT_20c_a_3_p (GA) to 
                    examples/all_mutcounts/mut_count/mut_count___cfg-1696ba1/art
                    ifacts/015_fourU_WT_20c_a_3_p/per_read_histogram.txtga      
           INFO     Found ShapeMapper profile for 016_fourU_WT_20c_a_4_p at     
                    examples/all_mutcounts/mut_count/mut_count___cfg-1696ba1/art
                    ifacts/016_fourU_WT_20c_a_4_p/016_fourU_WT_20c_a_4_p_016_fou
                    rU_WT_20c_a_4_p_profile.txt                                 
           INFO     Inserted probe_fmod_run for sample ID 699 (Run ID: 253)     
           INFO     Inserted probe_fmod_run 253 for sample                      
                    016_fourU_WT_20c_a_4_p                                      
           INFO     Bulk inserted 80 fmod_vals records.                         
           INFO     Inserted 80 probe_fmod_values records for                   
                    016_fourU_WT_20c_a_4_p (modrate).                           
           INFO     Bulk inserted 80 fmod_vals records.                         
           INFO     Inserted 80 probe_fmod_values records for                   
                    016_fourU_WT_20c_a_4_p (GAmodrate).                         
           INFO     Wrote per-read histogram for 016_fourU_WT_20c_a_4_p         
                    (Modified) to                                               
                    examples/all_mutcounts/mut_count/mut_count___cfg-1696ba1/art
                    ifacts/016_fourU_WT_20c_a_4_p/per_read_histogram.txt        
           INFO     Wrote per-read histogram for 016_fourU_WT_20c_a_4_p (GA) to 
                    examples/all_mutcounts/mut_count/mut_count___cfg-1696ba1/art
                    ifacts/016_fourU_WT_20c_a_4_p/per_read_histogram.txtga      
           INFO     Found ShapeMapper profile for 017_fourU_WT_20c_a_5_p at     
                    examples/all_mutcounts/mut_count/mut_count___cfg-1696ba1/art
                    ifacts/017_fourU_WT_20c_a_5_p/017_fourU_WT_20c_a_5_p_017_fou
                    rU_WT_20c_a_5_p_profile.txt                                 
           INFO     Inserted probe_fmod_run for sample ID 700 (Run ID: 254)     
           INFO     Inserted probe_fmod_run 254 for sample                      
                    017_fourU_WT_20c_a_5_p                                      
           INFO     Bulk inserted 80 fmod_vals records.                         
           INFO     Inserted 80 probe_fmod_values records for                   
                    017_fourU_WT_20c_a_5_p (modrate).                           
           INFO     Bulk inserted 80 fmod_vals records.                         
           INFO     Inserted 80 probe_fmod_values records for                   
                    017_fourU_WT_20c_a_5_p (GAmodrate).                         
           INFO     Wrote per-read histogram for 017_fourU_WT_20c_a_5_p         
                    (Modified) to                                               
                    examples/all_mutcounts/mut_count/mut_count___cfg-1696ba1/art
                    ifacts/017_fourU_WT_20c_a_5_p/per_read_histogram.txt        
           INFO     Wrote per-read histogram for 017_fourU_WT_20c_a_5_p (GA) to 
                    examples/all_mutcounts/mut_count/mut_count___cfg-1696ba1/art
                    ifacts/017_fourU_WT_20c_a_5_p/per_read_histogram.txtga      
           INFO     Found ShapeMapper profile for 018_fourU_WT_20c_a_6_p at     
                    examples/all_mutcounts/mut_count/mut_count___cfg-1696ba1/art
                    ifacts/018_fourU_WT_20c_a_6_p/018_fourU_WT_20c_a_6_p_018_fou
                    rU_WT_20c_a_6_p_profile.txt                                 
           INFO     Inserted probe_fmod_run for sample ID 701 (Run ID: 255)     
           INFO     Inserted probe_fmod_run 255 for sample                      
                    018_fourU_WT_20c_a_6_p                                      
           INFO     Bulk inserted 80 fmod_vals records.                         
           INFO     Inserted 80 probe_fmod_values records for                   
                    018_fourU_WT_20c_a_6_p (modrate).                           
           INFO     Bulk inserted 80 fmod_vals records.                         
           INFO     Inserted 80 probe_fmod_values records for                   
                    018_fourU_WT_20c_a_6_p (GAmodrate).                         
           INFO     Wrote per-read histogram for 018_fourU_WT_20c_a_6_p         
                    (Modified) to                                               
                    examples/all_mutcounts/mut_count/mut_count___cfg-1696ba1/art
                    ifacts/018_fourU_WT_20c_a_6_p/per_read_histogram.txt        
           INFO     Wrote per-read histogram for 018_fourU_WT_20c_a_6_p (GA) to 
                    examples/all_mutcounts/mut_count/mut_count___cfg-1696ba1/art
                    ifacts/018_fourU_WT_20c_a_6_p/per_read_histogram.txtga      
           INFO     Found ShapeMapper profile for 062_fourU_WT20c_a_6_m at      
                    examples/all_mutcounts/mut_count/mut_count___cfg-1696ba1/art
                    ifacts/062_fourU_WT20c_a_6_m/062_fourU_WT20c_a_6_m_062_fourU
                    _WT20c_a_6_m_profile.txt                                    
           INFO     Inserted probe_fmod_run for sample ID 745 (Run ID: 256)     
           INFO     Inserted probe_fmod_run 256 for sample 062_fourU_WT20c_a_6_m
           INFO     Bulk inserted 80 fmod_vals records.                         
           INFO     Inserted 80 probe_fmod_values records for                   
                    062_fourU_WT20c_a_6_m (modrate).                            
           INFO     Bulk inserted 80 fmod_vals records.                         
           INFO     Inserted 80 probe_fmod_values records for                   
                    062_fourU_WT20c_a_6_m (GAmodrate).                          
           INFO     Wrote per-read histogram for 062_fourU_WT20c_a_6_m          
                    (Modified) to                                               
                    examples/all_mutcounts/mut_count/mut_count___cfg-1696ba1/art
                    ifacts/062_fourU_WT20c_a_6_m/per_read_histogram.txt         
           INFO     Wrote per-read histogram for 062_fourU_WT20c_a_6_m (GA) to  
                    examples/all_mutcounts/mut_count/mut_count___cfg-1696ba1/art
                    ifacts/062_fourU_WT20c_a_6_m/per_read_histogram.txtga       
           INFO     mut_count completed. Profiles found for 7/7 samples;        
                    ingested 7 run(s).                                          
           INFO     Finished task ID 23 with state 'completed'                  
           INFO     Task 'mut_count' (ID: 23) completed successfully.           
           INFO     Updated 'latest' symlink for task 'mut_count' to point to   
                    /gpfs/projects/b1044/Computational_Output/EKC/EKC.01_SHAPE_s
                    tandardization/EKC.01.065.refactoring_data_analysis/nerd/exa
                    mples/all_mutcounts/mut_count/mut_count___cfg-1696ba1       
