[18:00:39] INFO     Executing 'run' command for step: 'mut_count'               
[18:00:39] INFO     Database schema initialized successfully.                   
           INFO     Created run directory:                                      
                    examples/all_mutcounts/mut_count/mut_count___cfg-fe69267    
           INFO     Executing task 'mut_count' in run directory:                
                    examples/all_mutcounts/mut_count/mut_count___cfg-fe69267    
           INFO     Resolved reaction_group 80_2_15 to 7 sample(s).             
           INFO     Began task 'mut_count' (ID: 132) for rg:90                  
                    (cfg=fe69267936f576883cda0272136109cfc8b8cf822428660df1e024d
                    0283d439e)                                                  
           INFO     Starting command (backend=local) in                         
                    examples/all_mutcounts/mut_count/mut_count___cfg-fe69267    
           INFO     Executing command locally. Log file:                        
                    examples/all_mutcounts/mut_count/mut_count___cfg-fe69267/com
                    mand.log                                                    
[18:05:46] INFO     Command finished with exit code: 0                          
           INFO     Logged attempt #1 for task ID 132 (Attempt ID: 121)         
           INFO     Command completed successfully. Consuming outputs.          
           INFO     Found ShapeMapper profile for 043-HIV-WT-80c-b-1-p at       
                    examples/all_mutcounts/mut_count/mut_count___cfg-fe69267/art
                    ifacts/043-HIV-WT-80c-b-1-p/043-HIV-WT-80c-b-1-p_043-HIV-WT-
                    80c-b-1-p_profile.txt                                       
           INFO     Inserted probe_fmod_run for sample ID 822 (Run ID: 940)     
           INFO     Inserted probe_fmod_run 940 for sample 043-HIV-WT-80c-b-1-p 
           INFO     Bulk inserted 74 fmod_vals records.                         
           INFO     Inserted 74 probe_fmod_values records for                   
                    043-HIV-WT-80c-b-1-p (modrate).                             
           INFO     Bulk inserted 74 fmod_vals records.                         
           INFO     Inserted 74 probe_fmod_values records for                   
                    043-HIV-WT-80c-b-1-p (GAmodrate).                           
           INFO     Wrote per-read histogram for 043-HIV-WT-80c-b-1-p (Modified)
                    to                                                          
                    examples/all_mutcounts/mut_count/mut_count___cfg-fe69267/art
                    ifacts/043-HIV-WT-80c-b-1-p/per_read_histogram.txt          
           INFO     Wrote per-read histogram for 043-HIV-WT-80c-b-1-p (GA) to   
                    examples/all_mutcounts/mut_count/mut_count___cfg-fe69267/art
                    ifacts/043-HIV-WT-80c-b-1-p/per_read_histogram.txtga        
           INFO     Found ShapeMapper profile for 044-HIV-WT-80c-b-2-p at       
                    examples/all_mutcounts/mut_count/mut_count___cfg-fe69267/art
                    ifacts/044-HIV-WT-80c-b-2-p/044-HIV-WT-80c-b-2-p_044-HIV-WT-
                    80c-b-2-p_profile.txt                                       
           INFO     Inserted probe_fmod_run for sample ID 823 (Run ID: 941)     
           INFO     Inserted probe_fmod_run 941 for sample 044-HIV-WT-80c-b-2-p 
           INFO     Bulk inserted 74 fmod_vals records.                         
           INFO     Inserted 74 probe_fmod_values records for                   
                    044-HIV-WT-80c-b-2-p (modrate).                             
           INFO     Bulk inserted 74 fmod_vals records.                         
           INFO     Inserted 74 probe_fmod_values records for                   
                    044-HIV-WT-80c-b-2-p (GAmodrate).                           
           INFO     Wrote per-read histogram for 044-HIV-WT-80c-b-2-p (Modified)
                    to                                                          
                    examples/all_mutcounts/mut_count/mut_count___cfg-fe69267/art
                    ifacts/044-HIV-WT-80c-b-2-p/per_read_histogram.txt          
           INFO     Wrote per-read histogram for 044-HIV-WT-80c-b-2-p (GA) to   
                    examples/all_mutcounts/mut_count/mut_count___cfg-fe69267/art
                    ifacts/044-HIV-WT-80c-b-2-p/per_read_histogram.txtga        
           INFO     Found ShapeMapper profile for 045-HIV-WT-80c-b-3-p at       
                    examples/all_mutcounts/mut_count/mut_count___cfg-fe69267/art
                    ifacts/045-HIV-WT-80c-b-3-p/045-HIV-WT-80c-b-3-p_045-HIV-WT-
                    80c-b-3-p_profile.txt                                       
           INFO     Inserted probe_fmod_run for sample ID 824 (Run ID: 942)     
           INFO     Inserted probe_fmod_run 942 for sample 045-HIV-WT-80c-b-3-p 
           INFO     Bulk inserted 74 fmod_vals records.                         
           INFO     Inserted 74 probe_fmod_values records for                   
                    045-HIV-WT-80c-b-3-p (modrate).                             
           INFO     Bulk inserted 74 fmod_vals records.                         
           INFO     Inserted 74 probe_fmod_values records for                   
                    045-HIV-WT-80c-b-3-p (GAmodrate).                           
           INFO     Wrote per-read histogram for 045-HIV-WT-80c-b-3-p (Modified)
                    to                                                          
                    examples/all_mutcounts/mut_count/mut_count___cfg-fe69267/art
                    ifacts/045-HIV-WT-80c-b-3-p/per_read_histogram.txt          
           INFO     Wrote per-read histogram for 045-HIV-WT-80c-b-3-p (GA) to   
                    examples/all_mutcounts/mut_count/mut_count___cfg-fe69267/art
                    ifacts/045-HIV-WT-80c-b-3-p/per_read_histogram.txtga        
           INFO     Found ShapeMapper profile for 046-HIV-WT-80c-b-4-p at       
                    examples/all_mutcounts/mut_count/mut_count___cfg-fe69267/art
                    ifacts/046-HIV-WT-80c-b-4-p/046-HIV-WT-80c-b-4-p_046-HIV-WT-
                    80c-b-4-p_profile.txt                                       
           INFO     Inserted probe_fmod_run for sample ID 825 (Run ID: 943)     
           INFO     Inserted probe_fmod_run 943 for sample 046-HIV-WT-80c-b-4-p 
           INFO     Bulk inserted 74 fmod_vals records.                         
           INFO     Inserted 74 probe_fmod_values records for                   
                    046-HIV-WT-80c-b-4-p (modrate).                             
           INFO     Bulk inserted 74 fmod_vals records.                         
           INFO     Inserted 74 probe_fmod_values records for                   
                    046-HIV-WT-80c-b-4-p (GAmodrate).                           
           INFO     Wrote per-read histogram for 046-HIV-WT-80c-b-4-p (Modified)
                    to                                                          
                    examples/all_mutcounts/mut_count/mut_count___cfg-fe69267/art
                    ifacts/046-HIV-WT-80c-b-4-p/per_read_histogram.txt          
           INFO     Wrote per-read histogram for 046-HIV-WT-80c-b-4-p (GA) to   
                    examples/all_mutcounts/mut_count/mut_count___cfg-fe69267/art
                    ifacts/046-HIV-WT-80c-b-4-p/per_read_histogram.txtga        
           INFO     Found ShapeMapper profile for 047-HIV-WT-80c-b-5-p at       
                    examples/all_mutcounts/mut_count/mut_count___cfg-fe69267/art
                    ifacts/047-HIV-WT-80c-b-5-p/047-HIV-WT-80c-b-5-p_047-HIV-WT-
                    80c-b-5-p_profile.txt                                       
           INFO     Inserted probe_fmod_run for sample ID 826 (Run ID: 944)     
           INFO     Inserted probe_fmod_run 944 for sample 047-HIV-WT-80c-b-5-p 
           INFO     Bulk inserted 74 fmod_vals records.                         
           INFO     Inserted 74 probe_fmod_values records for                   
                    047-HIV-WT-80c-b-5-p (modrate).                             
           INFO     Bulk inserted 74 fmod_vals records.                         
           INFO     Inserted 74 probe_fmod_values records for                   
                    047-HIV-WT-80c-b-5-p (GAmodrate).                           
           INFO     Wrote per-read histogram for 047-HIV-WT-80c-b-5-p (Modified)
                    to                                                          
                    examples/all_mutcounts/mut_count/mut_count___cfg-fe69267/art
                    ifacts/047-HIV-WT-80c-b-5-p/per_read_histogram.txt          
           INFO     Wrote per-read histogram for 047-HIV-WT-80c-b-5-p (GA) to   
                    examples/all_mutcounts/mut_count/mut_count___cfg-fe69267/art
                    ifacts/047-HIV-WT-80c-b-5-p/per_read_histogram.txtga        
           INFO     Found ShapeMapper profile for 048-HIV-WT-80c-b-6-p at       
                    examples/all_mutcounts/mut_count/mut_count___cfg-fe69267/art
                    ifacts/048-HIV-WT-80c-b-6-p/048-HIV-WT-80c-b-6-p_048-HIV-WT-
                    80c-b-6-p_profile.txt                                       
           INFO     Inserted probe_fmod_run for sample ID 827 (Run ID: 945)     
           INFO     Inserted probe_fmod_run 945 for sample 048-HIV-WT-80c-b-6-p 
           INFO     Bulk inserted 74 fmod_vals records.                         
           INFO     Inserted 74 probe_fmod_values records for                   
                    048-HIV-WT-80c-b-6-p (modrate).                             
           INFO     Bulk inserted 74 fmod_vals records.                         
           INFO     Inserted 74 probe_fmod_values records for                   
                    048-HIV-WT-80c-b-6-p (GAmodrate).                           
           INFO     Wrote per-read histogram for 048-HIV-WT-80c-b-6-p (Modified)
                    to                                                          
                    examples/all_mutcounts/mut_count/mut_count___cfg-fe69267/art
                    ifacts/048-HIV-WT-80c-b-6-p/per_read_histogram.txt          
           INFO     Wrote per-read histogram for 048-HIV-WT-80c-b-6-p (GA) to   
                    examples/all_mutcounts/mut_count/mut_count___cfg-fe69267/art
                    ifacts/048-HIV-WT-80c-b-6-p/per_read_histogram.txtga        
           INFO     Found ShapeMapper profile for 056-HIV-WT-80c-b-6-m at       
                    examples/all_mutcounts/mut_count/mut_count___cfg-fe69267/art
                    ifacts/056-HIV-WT-80c-b-6-m/056-HIV-WT-80c-b-6-m_056-HIV-WT-
                    80c-b-6-m_profile.txt                                       
           INFO     Inserted probe_fmod_run for sample ID 1027 (Run ID: 946)    
           INFO     Inserted probe_fmod_run 946 for sample 056-HIV-WT-80c-b-6-m 
           INFO     Bulk inserted 74 fmod_vals records.                         
           INFO     Inserted 74 probe_fmod_values records for                   
                    056-HIV-WT-80c-b-6-m (modrate).                             
           INFO     Bulk inserted 74 fmod_vals records.                         
           INFO     Inserted 74 probe_fmod_values records for                   
                    056-HIV-WT-80c-b-6-m (GAmodrate).                           
           INFO     Wrote per-read histogram for 056-HIV-WT-80c-b-6-m (Modified)
                    to                                                          
                    examples/all_mutcounts/mut_count/mut_count___cfg-fe69267/art
                    ifacts/056-HIV-WT-80c-b-6-m/per_read_histogram.txt          
           INFO     Wrote per-read histogram for 056-HIV-WT-80c-b-6-m (GA) to   
                    examples/all_mutcounts/mut_count/mut_count___cfg-fe69267/art
                    ifacts/056-HIV-WT-80c-b-6-m/per_read_histogram.txtga        
           INFO     mut_count completed. Profiles found for 7/7 samples;        
                    ingested 7 run(s).                                          
           INFO     Finished task ID 132 with state 'completed'                 
           INFO     Task 'mut_count' (ID: 132) completed successfully.          
           INFO     Updated 'latest' symlink for task 'mut_count' to point to   
                    /gpfs/projects/b1044/Computational_Output/EKC/EKC.01_SHAPE_s
                    tandardization/EKC.01.065.refactoring_data_analysis/nerd/exa
                    mples/all_mutcounts/mut_count/mut_count___cfg-fe69267       
