[15:55:14] INFO     Executing 'run' command for step: 'mut_count'               
[15:55:14] INFO     Database schema initialized successfully.                   
           INFO     Created run directory:                                      
                    examples/all_mutcounts/mut_count/mut_count___cfg-6205c24    
           INFO     Executing task 'mut_count' in run directory:                
                    examples/all_mutcounts/mut_count/mut_count___cfg-6205c24    
           INFO     Resolved reaction_group 40_1_A8C to 7 sample(s).            
           INFO     Began task 'mut_count' (ID: 63) for rg:60                   
                    (cfg=6205c2425d121fb2c6c1db1adc0507823a9542963fda92394f86efe
                    1668388e5)                                                  
           INFO     Starting command (backend=local) in                         
                    examples/all_mutcounts/mut_count/mut_count___cfg-6205c24    
           INFO     Executing command locally. Log file:                        
                    examples/all_mutcounts/mut_count/mut_count___cfg-6205c24/com
                    mand.log                                                    
[17:49:51] INFO     Command finished with exit code: 0                          
           INFO     Logged attempt #1 for task ID 63 (Attempt ID: 94)           
           INFO     Command completed successfully. Consuming outputs.          
           INFO     Found ShapeMapper profile for 007_fourU_A8C_40c_a_1_p at    
                    examples/all_mutcounts/mut_count/mut_count___cfg-6205c24/art
                    ifacts/007_fourU_A8C_40c_a_1_p/007_fourU_A8C_40c_a_1_p_007_f
                    ourU_A8C_40c_a_1_p_profile.txt                              
           INFO     Inserted probe_fmod_run for sample ID 594 (Run ID: 734)     
           INFO     Inserted probe_fmod_run 734 for sample                      
                    007_fourU_A8C_40c_a_1_p                                     
           INFO     Bulk inserted 80 fmod_vals records.                         
           INFO     Inserted 80 probe_fmod_values records for                   
                    007_fourU_A8C_40c_a_1_p (modrate).                          
           INFO     Bulk inserted 80 fmod_vals records.                         
           INFO     Inserted 80 probe_fmod_values records for                   
                    007_fourU_A8C_40c_a_1_p (GAmodrate).                        
           INFO     Wrote per-read histogram for 007_fourU_A8C_40c_a_1_p        
                    (Modified) to                                               
                    examples/all_mutcounts/mut_count/mut_count___cfg-6205c24/art
                    ifacts/007_fourU_A8C_40c_a_1_p/per_read_histogram.txt       
           INFO     Wrote per-read histogram for 007_fourU_A8C_40c_a_1_p (GA) to
                    examples/all_mutcounts/mut_count/mut_count___cfg-6205c24/art
                    ifacts/007_fourU_A8C_40c_a_1_p/per_read_histogram.txtga     
           INFO     Found ShapeMapper profile for 008_fourU_A8C_40c_a_2_p at    
                    examples/all_mutcounts/mut_count/mut_count___cfg-6205c24/art
                    ifacts/008_fourU_A8C_40c_a_2_p/008_fourU_A8C_40c_a_2_p_008_f
                    ourU_A8C_40c_a_2_p_profile.txt                              
           INFO     Inserted probe_fmod_run for sample ID 595 (Run ID: 735)     
           INFO     Inserted probe_fmod_run 735 for sample                      
                    008_fourU_A8C_40c_a_2_p                                     
           INFO     Bulk inserted 80 fmod_vals records.                         
           INFO     Inserted 80 probe_fmod_values records for                   
                    008_fourU_A8C_40c_a_2_p (modrate).                          
           INFO     Bulk inserted 80 fmod_vals records.                         
           INFO     Inserted 80 probe_fmod_values records for                   
                    008_fourU_A8C_40c_a_2_p (GAmodrate).                        
           INFO     Wrote per-read histogram for 008_fourU_A8C_40c_a_2_p        
                    (Modified) to                                               
                    examples/all_mutcounts/mut_count/mut_count___cfg-6205c24/art
                    ifacts/008_fourU_A8C_40c_a_2_p/per_read_histogram.txt       
           INFO     Wrote per-read histogram for 008_fourU_A8C_40c_a_2_p (GA) to
                    examples/all_mutcounts/mut_count/mut_count___cfg-6205c24/art
                    ifacts/008_fourU_A8C_40c_a_2_p/per_read_histogram.txtga     
           INFO     Found ShapeMapper profile for 009_fourU_A8C_40c_a_3_p at    
                    examples/all_mutcounts/mut_count/mut_count___cfg-6205c24/art
                    ifacts/009_fourU_A8C_40c_a_3_p/009_fourU_A8C_40c_a_3_p_009_f
                    ourU_A8C_40c_a_3_p_profile.txt                              
           INFO     Inserted probe_fmod_run for sample ID 596 (Run ID: 736)     
           INFO     Inserted probe_fmod_run 736 for sample                      
                    009_fourU_A8C_40c_a_3_p                                     
           INFO     Bulk inserted 80 fmod_vals records.                         
           INFO     Inserted 80 probe_fmod_values records for                   
                    009_fourU_A8C_40c_a_3_p (modrate).                          
           INFO     Bulk inserted 80 fmod_vals records.                         
           INFO     Inserted 80 probe_fmod_values records for                   
                    009_fourU_A8C_40c_a_3_p (GAmodrate).                        
           INFO     Wrote per-read histogram for 009_fourU_A8C_40c_a_3_p        
                    (Modified) to                                               
                    examples/all_mutcounts/mut_count/mut_count___cfg-6205c24/art
                    ifacts/009_fourU_A8C_40c_a_3_p/per_read_histogram.txt       
           INFO     Wrote per-read histogram for 009_fourU_A8C_40c_a_3_p (GA) to
                    examples/all_mutcounts/mut_count/mut_count___cfg-6205c24/art
                    ifacts/009_fourU_A8C_40c_a_3_p/per_read_histogram.txtga     
           INFO     Found ShapeMapper profile for 010_fourU_A8C_40c_a_4_p at    
                    examples/all_mutcounts/mut_count/mut_count___cfg-6205c24/art
                    ifacts/010_fourU_A8C_40c_a_4_p/010_fourU_A8C_40c_a_4_p_010_f
                    ourU_A8C_40c_a_4_p_profile.txt                              
           INFO     Inserted probe_fmod_run for sample ID 597 (Run ID: 737)     
           INFO     Inserted probe_fmod_run 737 for sample                      
                    010_fourU_A8C_40c_a_4_p                                     
           INFO     Bulk inserted 80 fmod_vals records.                         
           INFO     Inserted 80 probe_fmod_values records for                   
                    010_fourU_A8C_40c_a_4_p (modrate).                          
           INFO     Bulk inserted 80 fmod_vals records.                         
           INFO     Inserted 80 probe_fmod_values records for                   
                    010_fourU_A8C_40c_a_4_p (GAmodrate).                        
           INFO     Wrote per-read histogram for 010_fourU_A8C_40c_a_4_p        
                    (Modified) to                                               
                    examples/all_mutcounts/mut_count/mut_count___cfg-6205c24/art
                    ifacts/010_fourU_A8C_40c_a_4_p/per_read_histogram.txt       
           INFO     Wrote per-read histogram for 010_fourU_A8C_40c_a_4_p (GA) to
                    examples/all_mutcounts/mut_count/mut_count___cfg-6205c24/art
                    ifacts/010_fourU_A8C_40c_a_4_p/per_read_histogram.txtga     
           INFO     Found ShapeMapper profile for 011_fourU_A8C_40c_a_5_p at    
                    examples/all_mutcounts/mut_count/mut_count___cfg-6205c24/art
                    ifacts/011_fourU_A8C_40c_a_5_p/011_fourU_A8C_40c_a_5_p_011_f
                    ourU_A8C_40c_a_5_p_profile.txt                              
           INFO     Inserted probe_fmod_run for sample ID 598 (Run ID: 738)     
           INFO     Inserted probe_fmod_run 738 for sample                      
                    011_fourU_A8C_40c_a_5_p                                     
           INFO     Bulk inserted 80 fmod_vals records.                         
           INFO     Inserted 80 probe_fmod_values records for                   
                    011_fourU_A8C_40c_a_5_p (modrate).                          
           INFO     Bulk inserted 80 fmod_vals records.                         
           INFO     Inserted 80 probe_fmod_values records for                   
                    011_fourU_A8C_40c_a_5_p (GAmodrate).                        
           INFO     Wrote per-read histogram for 011_fourU_A8C_40c_a_5_p        
                    (Modified) to                                               
                    examples/all_mutcounts/mut_count/mut_count___cfg-6205c24/art
                    ifacts/011_fourU_A8C_40c_a_5_p/per_read_histogram.txt       
           INFO     Wrote per-read histogram for 011_fourU_A8C_40c_a_5_p (GA) to
                    examples/all_mutcounts/mut_count/mut_count___cfg-6205c24/art
                    ifacts/011_fourU_A8C_40c_a_5_p/per_read_histogram.txtga     
           INFO     Found ShapeMapper profile for 012_fourU_A8C_40c_a_6_p at    
                    examples/all_mutcounts/mut_count/mut_count___cfg-6205c24/art
                    ifacts/012_fourU_A8C_40c_a_6_p/012_fourU_A8C_40c_a_6_p_012_f
                    ourU_A8C_40c_a_6_p_profile.txt                              
           INFO     Inserted probe_fmod_run for sample ID 599 (Run ID: 739)     
           INFO     Inserted probe_fmod_run 739 for sample                      
                    012_fourU_A8C_40c_a_6_p                                     
           INFO     Bulk inserted 80 fmod_vals records.                         
           INFO     Inserted 80 probe_fmod_values records for                   
                    012_fourU_A8C_40c_a_6_p (modrate).                          
           INFO     Bulk inserted 80 fmod_vals records.                         
           INFO     Inserted 80 probe_fmod_values records for                   
                    012_fourU_A8C_40c_a_6_p (GAmodrate).                        
           INFO     Wrote per-read histogram for 012_fourU_A8C_40c_a_6_p        
                    (Modified) to                                               
                    examples/all_mutcounts/mut_count/mut_count___cfg-6205c24/art
                    ifacts/012_fourU_A8C_40c_a_6_p/per_read_histogram.txt       
           INFO     Wrote per-read histogram for 012_fourU_A8C_40c_a_6_p (GA) to
                    examples/all_mutcounts/mut_count/mut_count___cfg-6205c24/art
                    ifacts/012_fourU_A8C_40c_a_6_p/per_read_histogram.txtga     
           INFO     Found ShapeMapper profile for 051_fourU_A8C40c_a_6_m at     
                    examples/all_mutcounts/mut_count/mut_count___cfg-6205c24/art
                    ifacts/051_fourU_A8C40c_a_6_m/051_fourU_A8C40c_a_6_m_051_fou
                    rU_A8C40c_a_6_m_profile.txt                                 
           INFO     Inserted probe_fmod_run for sample ID 734 (Run ID: 740)     
           INFO     Inserted probe_fmod_run 740 for sample                      
                    051_fourU_A8C40c_a_6_m                                      
           INFO     Bulk inserted 80 fmod_vals records.                         
           INFO     Inserted 80 probe_fmod_values records for                   
                    051_fourU_A8C40c_a_6_m (modrate).                           
[17:49:52] INFO     Bulk inserted 80 fmod_vals records.                         
           INFO     Inserted 80 probe_fmod_values records for                   
                    051_fourU_A8C40c_a_6_m (GAmodrate).                         
           INFO     Wrote per-read histogram for 051_fourU_A8C40c_a_6_m         
                    (Modified) to                                               
                    examples/all_mutcounts/mut_count/mut_count___cfg-6205c24/art
                    ifacts/051_fourU_A8C40c_a_6_m/per_read_histogram.txt        
           INFO     Wrote per-read histogram for 051_fourU_A8C40c_a_6_m (GA) to 
                    examples/all_mutcounts/mut_count/mut_count___cfg-6205c24/art
                    ifacts/051_fourU_A8C40c_a_6_m/per_read_histogram.txtga      
           INFO     mut_count completed. Profiles found for 7/7 samples;        
                    ingested 7 run(s).                                          
           INFO     Finished task ID 63 with state 'completed'                  
           INFO     Task 'mut_count' (ID: 63) completed successfully.           
           INFO     Updated 'latest' symlink for task 'mut_count' to point to   
                    /gpfs/projects/b1044/Computational_Output/EKC/EKC.01_SHAPE_s
                    tandardization/EKC.01.065.refactoring_data_analysis/nerd/exa
                    mples/all_mutcounts/mut_count/mut_count___cfg-6205c24       
