[17:42:22] INFO     Executing 'run' command for step: 'mut_count'               
[17:42:22] INFO     Database schema initialized successfully.                   
           INFO     Created run directory:                                      
                    examples/all_mutcounts/mut_count/mut_count___cfg-244cad1    
           INFO     Executing task 'mut_count' in run directory:                
                    examples/all_mutcounts/mut_count/mut_count___cfg-244cad1    
           INFO     Resolved reaction_group 75_1 to 24 sample(s).               
           INFO     Began task 'mut_count' (ID: 105) for rg:13                  
                    (cfg=244cad18acd046283515539b488f09451fea5445672ffe2568dadb9
                    a77d73583)                                                  
           INFO     Starting command (backend=local) in                         
                    examples/all_mutcounts/mut_count/mut_count___cfg-244cad1    
           INFO     Executing command locally. Log file:                        
                    examples/all_mutcounts/mut_count/mut_count___cfg-244cad1/com
                    mand.log                                                    
[18:13:12] INFO     Command finished with exit code: 0                          
           INFO     Logged attempt #1 for task ID 105 (Attempt ID: 126)         
           INFO     Command completed successfully. Consuming outputs.          
           INFO     Found ShapeMapper profile for                               
                    007-EKC-fourUnew-WT-75C-dms-MaP-1 at                        
                    examples/all_mutcounts/mut_count/mut_count___cfg-244cad1/art
                    ifacts/007-EKC-fourUnew-WT-75C-dms-MaP-1/007-EKC-fourUnew-WT
                    -75C-dms-MaP-1_007-EKC-fourUnew-WT-75C-dms-MaP-1_profile.txt
           INFO     Inserted probe_fmod_run for sample ID 216 (Run ID: 975)     
           INFO     Inserted probe_fmod_run 975 for sample                      
                    007-EKC-fourUnew-WT-75C-dms-MaP-1                           
           INFO     Bulk inserted 80 fmod_vals records.                         
           INFO     Inserted 80 probe_fmod_values records for                   
                    007-EKC-fourUnew-WT-75C-dms-MaP-1 (modrate).                
           INFO     Bulk inserted 80 fmod_vals records.                         
           INFO     Inserted 80 probe_fmod_values records for                   
                    007-EKC-fourUnew-WT-75C-dms-MaP-1 (GAmodrate).              
           INFO     Wrote per-read histogram for                                
                    007-EKC-fourUnew-WT-75C-dms-MaP-1 (Modified) to             
                    examples/all_mutcounts/mut_count/mut_count___cfg-244cad1/art
                    ifacts/007-EKC-fourUnew-WT-75C-dms-MaP-1/per_read_histogram.
                    txt                                                         
           INFO     Wrote per-read histogram for                                
                    007-EKC-fourUnew-WT-75C-dms-MaP-1 (GA) to                   
                    examples/all_mutcounts/mut_count/mut_count___cfg-244cad1/art
                    ifacts/007-EKC-fourUnew-WT-75C-dms-MaP-1/per_read_histogram.
                    txtga                                                       
           INFO     Found ShapeMapper profile for                               
                    007-EKC-fourUnew-WT-75C-dms-MaP-1_rerun at                  
                    examples/all_mutcounts/mut_count/mut_count___cfg-244cad1/art
                    ifacts/007-EKC-fourUnew-WT-75C-dms-MaP-1_rerun/007-EKC-fourU
                    new-WT-75C-dms-MaP-1_rerun_007-EKC-fourUnew-WT-75C-dms-MaP-1
                    _rerun_profile.txt                                          
           INFO     Inserted probe_fmod_run for sample ID 288 (Run ID: 976)     
           INFO     Inserted probe_fmod_run 976 for sample                      
                    007-EKC-fourUnew-WT-75C-dms-MaP-1_rerun                     
           INFO     Bulk inserted 80 fmod_vals records.                         
           INFO     Inserted 80 probe_fmod_values records for                   
                    007-EKC-fourUnew-WT-75C-dms-MaP-1_rerun (modrate).          
           INFO     Bulk inserted 80 fmod_vals records.                         
           INFO     Inserted 80 probe_fmod_values records for                   
                    007-EKC-fourUnew-WT-75C-dms-MaP-1_rerun (GAmodrate).        
           INFO     Wrote per-read histogram for                                
                    007-EKC-fourUnew-WT-75C-dms-MaP-1_rerun (Modified) to       
                    examples/all_mutcounts/mut_count/mut_count___cfg-244cad1/art
                    ifacts/007-EKC-fourUnew-WT-75C-dms-MaP-1_rerun/per_read_hist
                    ogram.txt                                                   
           INFO     Wrote per-read histogram for                                
                    007-EKC-fourUnew-WT-75C-dms-MaP-1_rerun (GA) to             
                    examples/all_mutcounts/mut_count/mut_count___cfg-244cad1/art
                    ifacts/007-EKC-fourUnew-WT-75C-dms-MaP-1_rerun/per_read_hist
                    ogram.txtga                                                 
           INFO     Found ShapeMapper profile for                               
                    RRRY_007-EKC-fourUnew-WT-75C-dms-MaP-1 at                   
                    examples/all_mutcounts/mut_count/mut_count___cfg-244cad1/art
                    ifacts/RRRY_007-EKC-fourUnew-WT-75C-dms-MaP-1/RRRY_007-EKC-f
                    ourUnew-WT-75C-dms-MaP-1_RRRY_007-EKC-fourUnew-WT-75C-dms-Ma
                    P-1_profile.txt                                             
           INFO     Inserted probe_fmod_run for sample ID 246 (Run ID: 977)     
           INFO     Inserted probe_fmod_run 977 for sample                      
                    RRRY_007-EKC-fourUnew-WT-75C-dms-MaP-1                      
           INFO     Bulk inserted 80 fmod_vals records.                         
           INFO     Inserted 80 probe_fmod_values records for                   
                    RRRY_007-EKC-fourUnew-WT-75C-dms-MaP-1 (modrate).           
           INFO     Bulk inserted 80 fmod_vals records.                         
           INFO     Inserted 80 probe_fmod_values records for                   
                    RRRY_007-EKC-fourUnew-WT-75C-dms-MaP-1 (GAmodrate).         
           INFO     Wrote per-read histogram for                                
                    RRRY_007-EKC-fourUnew-WT-75C-dms-MaP-1 (Modified) to        
                    examples/all_mutcounts/mut_count/mut_count___cfg-244cad1/art
                    ifacts/RRRY_007-EKC-fourUnew-WT-75C-dms-MaP-1/per_read_histo
                    gram.txt                                                    
           INFO     Wrote per-read histogram for                                
                    RRRY_007-EKC-fourUnew-WT-75C-dms-MaP-1 (GA) to              
                    examples/all_mutcounts/mut_count/mut_count___cfg-244cad1/art
                    ifacts/RRRY_007-EKC-fourUnew-WT-75C-dms-MaP-1/per_read_histo
                    gram.txtga                                                  
           INFO     Found ShapeMapper profile for                               
                    YYYR_007-EKC-fourUnew-WT-75C-dms-MaP-1 at                   
                    examples/all_mutcounts/mut_count/mut_count___cfg-244cad1/art
                    ifacts/YYYR_007-EKC-fourUnew-WT-75C-dms-MaP-1/YYYR_007-EKC-f
                    ourUnew-WT-75C-dms-MaP-1_YYYR_007-EKC-fourUnew-WT-75C-dms-Ma
                    P-1_profile.txt                                             
           INFO     Inserted probe_fmod_run for sample ID 247 (Run ID: 978)     
           INFO     Inserted probe_fmod_run 978 for sample                      
                    YYYR_007-EKC-fourUnew-WT-75C-dms-MaP-1                      
           INFO     Bulk inserted 80 fmod_vals records.                         
           INFO     Inserted 80 probe_fmod_values records for                   
                    YYYR_007-EKC-fourUnew-WT-75C-dms-MaP-1 (modrate).           
           INFO     Bulk inserted 80 fmod_vals records.                         
           INFO     Inserted 80 probe_fmod_values records for                   
                    YYYR_007-EKC-fourUnew-WT-75C-dms-MaP-1 (GAmodrate).         
           INFO     Wrote per-read histogram for                                
                    YYYR_007-EKC-fourUnew-WT-75C-dms-MaP-1 (Modified) to        
                    examples/all_mutcounts/mut_count/mut_count___cfg-244cad1/art
                    ifacts/YYYR_007-EKC-fourUnew-WT-75C-dms-MaP-1/per_read_histo
                    gram.txt                                                    
           INFO     Wrote per-read histogram for                                
                    YYYR_007-EKC-fourUnew-WT-75C-dms-MaP-1 (GA) to              
                    examples/all_mutcounts/mut_count/mut_count___cfg-244cad1/art
                    ifacts/YYYR_007-EKC-fourUnew-WT-75C-dms-MaP-1/per_read_histo
                    gram.txtga                                                  
           INFO     Found ShapeMapper profile for                               
                    008-EKC-fourUnew-WT-75C-dms-MaP-2 at                        
                    examples/all_mutcounts/mut_count/mut_count___cfg-244cad1/art
                    ifacts/008-EKC-fourUnew-WT-75C-dms-MaP-2/008-EKC-fourUnew-WT
                    -75C-dms-MaP-2_008-EKC-fourUnew-WT-75C-dms-MaP-2_profile.txt
           INFO     Inserted probe_fmod_run for sample ID 217 (Run ID: 979)     
           INFO     Inserted probe_fmod_run 979 for sample                      
                    008-EKC-fourUnew-WT-75C-dms-MaP-2                           
           INFO     Bulk inserted 80 fmod_vals records.                         
           INFO     Inserted 80 probe_fmod_values records for                   
                    008-EKC-fourUnew-WT-75C-dms-MaP-2 (modrate).                
           INFO     Bulk inserted 80 fmod_vals records.                         
           INFO     Inserted 80 probe_fmod_values records for                   
                    008-EKC-fourUnew-WT-75C-dms-MaP-2 (GAmodrate).              
           INFO     Wrote per-read histogram for                                
                    008-EKC-fourUnew-WT-75C-dms-MaP-2 (Modified) to             
                    examples/all_mutcounts/mut_count/mut_count___cfg-244cad1/art
                    ifacts/008-EKC-fourUnew-WT-75C-dms-MaP-2/per_read_histogram.
                    txt                                                         
           INFO     Wrote per-read histogram for                                
                    008-EKC-fourUnew-WT-75C-dms-MaP-2 (GA) to                   
                    examples/all_mutcounts/mut_count/mut_count___cfg-244cad1/art
                    ifacts/008-EKC-fourUnew-WT-75C-dms-MaP-2/per_read_histogram.
                    txtga                                                       
           INFO     Found ShapeMapper profile for                               
                    008-EKC-fourUnew-WT-75C-dms-MaP-2_rerun at                  
                    examples/all_mutcounts/mut_count/mut_count___cfg-244cad1/art
                    ifacts/008-EKC-fourUnew-WT-75C-dms-MaP-2_rerun/008-EKC-fourU
                    new-WT-75C-dms-MaP-2_rerun_008-EKC-fourUnew-WT-75C-dms-MaP-2
                    _rerun_profile.txt                                          
           INFO     Inserted probe_fmod_run for sample ID 289 (Run ID: 980)     
           INFO     Inserted probe_fmod_run 980 for sample                      
                    008-EKC-fourUnew-WT-75C-dms-MaP-2_rerun                     
           INFO     Bulk inserted 80 fmod_vals records.                         
           INFO     Inserted 80 probe_fmod_values records for                   
                    008-EKC-fourUnew-WT-75C-dms-MaP-2_rerun (modrate).          
           INFO     Bulk inserted 80 fmod_vals records.                         
           INFO     Inserted 80 probe_fmod_values records for                   
                    008-EKC-fourUnew-WT-75C-dms-MaP-2_rerun (GAmodrate).        
           INFO     Wrote per-read histogram for                                
                    008-EKC-fourUnew-WT-75C-dms-MaP-2_rerun (Modified) to       
                    examples/all_mutcounts/mut_count/mut_count___cfg-244cad1/art
                    ifacts/008-EKC-fourUnew-WT-75C-dms-MaP-2_rerun/per_read_hist
                    ogram.txt                                                   
           INFO     Wrote per-read histogram for                                
                    008-EKC-fourUnew-WT-75C-dms-MaP-2_rerun (GA) to             
                    examples/all_mutcounts/mut_count/mut_count___cfg-244cad1/art
                    ifacts/008-EKC-fourUnew-WT-75C-dms-MaP-2_rerun/per_read_hist
                    ogram.txtga                                                 
           INFO     Found ShapeMapper profile for                               
                    RRRY_008-EKC-fourUnew-WT-75C-dms-MaP-2 at                   
                    examples/all_mutcounts/mut_count/mut_count___cfg-244cad1/art
                    ifacts/RRRY_008-EKC-fourUnew-WT-75C-dms-MaP-2/RRRY_008-EKC-f
                    ourUnew-WT-75C-dms-MaP-2_RRRY_008-EKC-fourUnew-WT-75C-dms-Ma
                    P-2_profile.txt                                             
           INFO     Inserted probe_fmod_run for sample ID 248 (Run ID: 981)     
           INFO     Inserted probe_fmod_run 981 for sample                      
                    RRRY_008-EKC-fourUnew-WT-75C-dms-MaP-2                      
           INFO     Bulk inserted 80 fmod_vals records.                         
           INFO     Inserted 80 probe_fmod_values records for                   
                    RRRY_008-EKC-fourUnew-WT-75C-dms-MaP-2 (modrate).           
           INFO     Bulk inserted 80 fmod_vals records.                         
           INFO     Inserted 80 probe_fmod_values records for                   
                    RRRY_008-EKC-fourUnew-WT-75C-dms-MaP-2 (GAmodrate).         
           INFO     Wrote per-read histogram for                                
                    RRRY_008-EKC-fourUnew-WT-75C-dms-MaP-2 (Modified) to        
                    examples/all_mutcounts/mut_count/mut_count___cfg-244cad1/art
                    ifacts/RRRY_008-EKC-fourUnew-WT-75C-dms-MaP-2/per_read_histo
                    gram.txt                                                    
[18:13:13] INFO     Wrote per-read histogram for                                
                    RRRY_008-EKC-fourUnew-WT-75C-dms-MaP-2 (GA) to              
                    examples/all_mutcounts/mut_count/mut_count___cfg-244cad1/art
                    ifacts/RRRY_008-EKC-fourUnew-WT-75C-dms-MaP-2/per_read_histo
                    gram.txtga                                                  
           INFO     Found ShapeMapper profile for                               
                    YYYR_008-EKC-fourUnew-WT-75C-dms-MaP-2 at                   
                    examples/all_mutcounts/mut_count/mut_count___cfg-244cad1/art
                    ifacts/YYYR_008-EKC-fourUnew-WT-75C-dms-MaP-2/YYYR_008-EKC-f
                    ourUnew-WT-75C-dms-MaP-2_YYYR_008-EKC-fourUnew-WT-75C-dms-Ma
                    P-2_profile.txt                                             
           INFO     Inserted probe_fmod_run for sample ID 249 (Run ID: 982)     
           INFO     Inserted probe_fmod_run 982 for sample                      
                    YYYR_008-EKC-fourUnew-WT-75C-dms-MaP-2                      
           INFO     Bulk inserted 80 fmod_vals records.                         
           INFO     Inserted 80 probe_fmod_values records for                   
                    YYYR_008-EKC-fourUnew-WT-75C-dms-MaP-2 (modrate).           
           INFO     Bulk inserted 80 fmod_vals records.                         
           INFO     Inserted 80 probe_fmod_values records for                   
                    YYYR_008-EKC-fourUnew-WT-75C-dms-MaP-2 (GAmodrate).         
           INFO     Wrote per-read histogram for                                
                    YYYR_008-EKC-fourUnew-WT-75C-dms-MaP-2 (Modified) to        
                    examples/all_mutcounts/mut_count/mut_count___cfg-244cad1/art
                    ifacts/YYYR_008-EKC-fourUnew-WT-75C-dms-MaP-2/per_read_histo
                    gram.txt                                                    
           INFO     Wrote per-read histogram for                                
                    YYYR_008-EKC-fourUnew-WT-75C-dms-MaP-2 (GA) to              
                    examples/all_mutcounts/mut_count/mut_count___cfg-244cad1/art
                    ifacts/YYYR_008-EKC-fourUnew-WT-75C-dms-MaP-2/per_read_histo
                    gram.txtga                                                  
           INFO     Found ShapeMapper profile for                               
                    009-EKC-fourUnew-WT-75C-dms-MaP-3 at                        
                    examples/all_mutcounts/mut_count/mut_count___cfg-244cad1/art
                    ifacts/009-EKC-fourUnew-WT-75C-dms-MaP-3/009-EKC-fourUnew-WT
                    -75C-dms-MaP-3_009-EKC-fourUnew-WT-75C-dms-MaP-3_profile.txt
           INFO     Inserted probe_fmod_run for sample ID 218 (Run ID: 983)     
           INFO     Inserted probe_fmod_run 983 for sample                      
                    009-EKC-fourUnew-WT-75C-dms-MaP-3                           
           INFO     Bulk inserted 80 fmod_vals records.                         
           INFO     Inserted 80 probe_fmod_values records for                   
                    009-EKC-fourUnew-WT-75C-dms-MaP-3 (modrate).                
           INFO     Bulk inserted 80 fmod_vals records.                         
           INFO     Inserted 80 probe_fmod_values records for                   
                    009-EKC-fourUnew-WT-75C-dms-MaP-3 (GAmodrate).              
           INFO     Wrote per-read histogram for                                
                    009-EKC-fourUnew-WT-75C-dms-MaP-3 (Modified) to             
                    examples/all_mutcounts/mut_count/mut_count___cfg-244cad1/art
                    ifacts/009-EKC-fourUnew-WT-75C-dms-MaP-3/per_read_histogram.
                    txt                                                         
           INFO     Wrote per-read histogram for                                
                    009-EKC-fourUnew-WT-75C-dms-MaP-3 (GA) to                   
                    examples/all_mutcounts/mut_count/mut_count___cfg-244cad1/art
                    ifacts/009-EKC-fourUnew-WT-75C-dms-MaP-3/per_read_histogram.
                    txtga                                                       
           INFO     Found ShapeMapper profile for                               
                    009-EKC-fourUnew-WT-75C-dms-MaP-3_rerun at                  
                    examples/all_mutcounts/mut_count/mut_count___cfg-244cad1/art
                    ifacts/009-EKC-fourUnew-WT-75C-dms-MaP-3_rerun/009-EKC-fourU
                    new-WT-75C-dms-MaP-3_rerun_009-EKC-fourUnew-WT-75C-dms-MaP-3
                    _rerun_profile.txt                                          
           INFO     Inserted probe_fmod_run for sample ID 290 (Run ID: 984)     
           INFO     Inserted probe_fmod_run 984 for sample                      
                    009-EKC-fourUnew-WT-75C-dms-MaP-3_rerun                     
           INFO     Bulk inserted 80 fmod_vals records.                         
           INFO     Inserted 80 probe_fmod_values records for                   
                    009-EKC-fourUnew-WT-75C-dms-MaP-3_rerun (modrate).          
           INFO     Bulk inserted 80 fmod_vals records.                         
           INFO     Inserted 80 probe_fmod_values records for                   
                    009-EKC-fourUnew-WT-75C-dms-MaP-3_rerun (GAmodrate).        
           INFO     Wrote per-read histogram for                                
                    009-EKC-fourUnew-WT-75C-dms-MaP-3_rerun (Modified) to       
                    examples/all_mutcounts/mut_count/mut_count___cfg-244cad1/art
                    ifacts/009-EKC-fourUnew-WT-75C-dms-MaP-3_rerun/per_read_hist
                    ogram.txt                                                   
           INFO     Wrote per-read histogram for                                
                    009-EKC-fourUnew-WT-75C-dms-MaP-3_rerun (GA) to             
                    examples/all_mutcounts/mut_count/mut_count___cfg-244cad1/art
                    ifacts/009-EKC-fourUnew-WT-75C-dms-MaP-3_rerun/per_read_hist
                    ogram.txtga                                                 
           INFO     Found ShapeMapper profile for                               
                    RRRY_009-EKC-fourUnew-WT-75C-dms-MaP-3 at                   
                    examples/all_mutcounts/mut_count/mut_count___cfg-244cad1/art
                    ifacts/RRRY_009-EKC-fourUnew-WT-75C-dms-MaP-3/RRRY_009-EKC-f
                    ourUnew-WT-75C-dms-MaP-3_RRRY_009-EKC-fourUnew-WT-75C-dms-Ma
                    P-3_profile.txt                                             
           INFO     Inserted probe_fmod_run for sample ID 250 (Run ID: 985)     
           INFO     Inserted probe_fmod_run 985 for sample                      
                    RRRY_009-EKC-fourUnew-WT-75C-dms-MaP-3                      
           INFO     Bulk inserted 80 fmod_vals records.                         
           INFO     Inserted 80 probe_fmod_values records for                   
                    RRRY_009-EKC-fourUnew-WT-75C-dms-MaP-3 (modrate).           
           INFO     Bulk inserted 80 fmod_vals records.                         
           INFO     Inserted 80 probe_fmod_values records for                   
                    RRRY_009-EKC-fourUnew-WT-75C-dms-MaP-3 (GAmodrate).         
           INFO     Wrote per-read histogram for                                
                    RRRY_009-EKC-fourUnew-WT-75C-dms-MaP-3 (Modified) to        
                    examples/all_mutcounts/mut_count/mut_count___cfg-244cad1/art
                    ifacts/RRRY_009-EKC-fourUnew-WT-75C-dms-MaP-3/per_read_histo
                    gram.txt                                                    
           INFO     Wrote per-read histogram for                                
                    RRRY_009-EKC-fourUnew-WT-75C-dms-MaP-3 (GA) to              
                    examples/all_mutcounts/mut_count/mut_count___cfg-244cad1/art
                    ifacts/RRRY_009-EKC-fourUnew-WT-75C-dms-MaP-3/per_read_histo
                    gram.txtga                                                  
           INFO     Found ShapeMapper profile for                               
                    YYYR_009-EKC-fourUnew-WT-75C-dms-MaP-3 at                   
                    examples/all_mutcounts/mut_count/mut_count___cfg-244cad1/art
                    ifacts/YYYR_009-EKC-fourUnew-WT-75C-dms-MaP-3/YYYR_009-EKC-f
                    ourUnew-WT-75C-dms-MaP-3_YYYR_009-EKC-fourUnew-WT-75C-dms-Ma
                    P-3_profile.txt                                             
           INFO     Inserted probe_fmod_run for sample ID 251 (Run ID: 986)     
           INFO     Inserted probe_fmod_run 986 for sample                      
                    YYYR_009-EKC-fourUnew-WT-75C-dms-MaP-3                      
           INFO     Bulk inserted 80 fmod_vals records.                         
           INFO     Inserted 80 probe_fmod_values records for                   
                    YYYR_009-EKC-fourUnew-WT-75C-dms-MaP-3 (modrate).           
           INFO     Bulk inserted 80 fmod_vals records.                         
           INFO     Inserted 80 probe_fmod_values records for                   
                    YYYR_009-EKC-fourUnew-WT-75C-dms-MaP-3 (GAmodrate).         
           INFO     Wrote per-read histogram for                                
                    YYYR_009-EKC-fourUnew-WT-75C-dms-MaP-3 (Modified) to        
                    examples/all_mutcounts/mut_count/mut_count___cfg-244cad1/art
                    ifacts/YYYR_009-EKC-fourUnew-WT-75C-dms-MaP-3/per_read_histo
                    gram.txt                                                    
           INFO     Wrote per-read histogram for                                
                    YYYR_009-EKC-fourUnew-WT-75C-dms-MaP-3 (GA) to              
                    examples/all_mutcounts/mut_count/mut_count___cfg-244cad1/art
                    ifacts/YYYR_009-EKC-fourUnew-WT-75C-dms-MaP-3/per_read_histo
                    gram.txtga                                                  
           INFO     Found ShapeMapper profile for                               
                    010-EKC-fourUnew-WT-75C-dms-MaP-4 at                        
                    examples/all_mutcounts/mut_count/mut_count___cfg-244cad1/art
                    ifacts/010-EKC-fourUnew-WT-75C-dms-MaP-4/010-EKC-fourUnew-WT
                    -75C-dms-MaP-4_010-EKC-fourUnew-WT-75C-dms-MaP-4_profile.txt
           INFO     Inserted probe_fmod_run for sample ID 219 (Run ID: 987)     
           INFO     Inserted probe_fmod_run 987 for sample                      
                    010-EKC-fourUnew-WT-75C-dms-MaP-4                           
           INFO     Bulk inserted 80 fmod_vals records.                         
           INFO     Inserted 80 probe_fmod_values records for                   
                    010-EKC-fourUnew-WT-75C-dms-MaP-4 (modrate).                
           INFO     Bulk inserted 80 fmod_vals records.                         
           INFO     Inserted 80 probe_fmod_values records for                   
                    010-EKC-fourUnew-WT-75C-dms-MaP-4 (GAmodrate).              
           INFO     Wrote per-read histogram for                                
                    010-EKC-fourUnew-WT-75C-dms-MaP-4 (Modified) to             
                    examples/all_mutcounts/mut_count/mut_count___cfg-244cad1/art
                    ifacts/010-EKC-fourUnew-WT-75C-dms-MaP-4/per_read_histogram.
                    txt                                                         
           INFO     Wrote per-read histogram for                                
                    010-EKC-fourUnew-WT-75C-dms-MaP-4 (GA) to                   
                    examples/all_mutcounts/mut_count/mut_count___cfg-244cad1/art
                    ifacts/010-EKC-fourUnew-WT-75C-dms-MaP-4/per_read_histogram.
                    txtga                                                       
           INFO     Found ShapeMapper profile for                               
                    010-EKC-fourUnew-WT-75C-dms-MaP-4_rerun at                  
                    examples/all_mutcounts/mut_count/mut_count___cfg-244cad1/art
                    ifacts/010-EKC-fourUnew-WT-75C-dms-MaP-4_rerun/010-EKC-fourU
                    new-WT-75C-dms-MaP-4_rerun_010-EKC-fourUnew-WT-75C-dms-MaP-4
                    _rerun_profile.txt                                          
           INFO     Inserted probe_fmod_run for sample ID 291 (Run ID: 988)     
           INFO     Inserted probe_fmod_run 988 for sample                      
                    010-EKC-fourUnew-WT-75C-dms-MaP-4_rerun                     
           INFO     Bulk inserted 80 fmod_vals records.                         
           INFO     Inserted 80 probe_fmod_values records for                   
                    010-EKC-fourUnew-WT-75C-dms-MaP-4_rerun (modrate).          
           INFO     Bulk inserted 80 fmod_vals records.                         
           INFO     Inserted 80 probe_fmod_values records for                   
                    010-EKC-fourUnew-WT-75C-dms-MaP-4_rerun (GAmodrate).        
           INFO     Wrote per-read histogram for                                
                    010-EKC-fourUnew-WT-75C-dms-MaP-4_rerun (Modified) to       
                    examples/all_mutcounts/mut_count/mut_count___cfg-244cad1/art
                    ifacts/010-EKC-fourUnew-WT-75C-dms-MaP-4_rerun/per_read_hist
                    ogram.txt                                                   
           INFO     Wrote per-read histogram for                                
                    010-EKC-fourUnew-WT-75C-dms-MaP-4_rerun (GA) to             
                    examples/all_mutcounts/mut_count/mut_count___cfg-244cad1/art
                    ifacts/010-EKC-fourUnew-WT-75C-dms-MaP-4_rerun/per_read_hist
                    ogram.txtga                                                 
           INFO     Found ShapeMapper profile for                               
                    RRRY_010-EKC-fourUnew-WT-75C-dms-MaP-4 at                   
                    examples/all_mutcounts/mut_count/mut_count___cfg-244cad1/art
                    ifacts/RRRY_010-EKC-fourUnew-WT-75C-dms-MaP-4/RRRY_010-EKC-f
                    ourUnew-WT-75C-dms-MaP-4_RRRY_010-EKC-fourUnew-WT-75C-dms-Ma
                    P-4_profile.txt                                             
           INFO     Inserted probe_fmod_run for sample ID 252 (Run ID: 989)     
           INFO     Inserted probe_fmod_run 989 for sample                      
                    RRRY_010-EKC-fourUnew-WT-75C-dms-MaP-4                      
           INFO     Bulk inserted 80 fmod_vals records.                         
           INFO     Inserted 80 probe_fmod_values records for                   
                    RRRY_010-EKC-fourUnew-WT-75C-dms-MaP-4 (modrate).           
           INFO     Bulk inserted 80 fmod_vals records.                         
           INFO     Inserted 80 probe_fmod_values records for                   
                    RRRY_010-EKC-fourUnew-WT-75C-dms-MaP-4 (GAmodrate).         
           INFO     Wrote per-read histogram for                                
                    RRRY_010-EKC-fourUnew-WT-75C-dms-MaP-4 (Modified) to        
                    examples/all_mutcounts/mut_count/mut_count___cfg-244cad1/art
                    ifacts/RRRY_010-EKC-fourUnew-WT-75C-dms-MaP-4/per_read_histo
                    gram.txt                                                    
           INFO     Wrote per-read histogram for                                
                    RRRY_010-EKC-fourUnew-WT-75C-dms-MaP-4 (GA) to              
                    examples/all_mutcounts/mut_count/mut_count___cfg-244cad1/art
                    ifacts/RRRY_010-EKC-fourUnew-WT-75C-dms-MaP-4/per_read_histo
                    gram.txtga                                                  
           INFO     Found ShapeMapper profile for                               
                    YYYR_010-EKC-fourUnew-WT-75C-dms-MaP-4 at                   
                    examples/all_mutcounts/mut_count/mut_count___cfg-244cad1/art
                    ifacts/YYYR_010-EKC-fourUnew-WT-75C-dms-MaP-4/YYYR_010-EKC-f
                    ourUnew-WT-75C-dms-MaP-4_YYYR_010-EKC-fourUnew-WT-75C-dms-Ma
                    P-4_profile.txt                                             
           INFO     Inserted probe_fmod_run for sample ID 253 (Run ID: 990)     
           INFO     Inserted probe_fmod_run 990 for sample                      
                    YYYR_010-EKC-fourUnew-WT-75C-dms-MaP-4                      
           INFO     Bulk inserted 80 fmod_vals records.                         
           INFO     Inserted 80 probe_fmod_values records for                   
                    YYYR_010-EKC-fourUnew-WT-75C-dms-MaP-4 (modrate).           
           INFO     Bulk inserted 80 fmod_vals records.                         
           INFO     Inserted 80 probe_fmod_values records for                   
                    YYYR_010-EKC-fourUnew-WT-75C-dms-MaP-4 (GAmodrate).         
           INFO     Wrote per-read histogram for                                
                    YYYR_010-EKC-fourUnew-WT-75C-dms-MaP-4 (Modified) to        
                    examples/all_mutcounts/mut_count/mut_count___cfg-244cad1/art
                    ifacts/YYYR_010-EKC-fourUnew-WT-75C-dms-MaP-4/per_read_histo
                    gram.txt                                                    
           INFO     Wrote per-read histogram for                                
                    YYYR_010-EKC-fourUnew-WT-75C-dms-MaP-4 (GA) to              
                    examples/all_mutcounts/mut_count/mut_count___cfg-244cad1/art
                    ifacts/YYYR_010-EKC-fourUnew-WT-75C-dms-MaP-4/per_read_histo
                    gram.txtga                                                  
           INFO     Found ShapeMapper profile for                               
                    011-EKC-fourUnew-WT-75C-dms-MaP-5 at                        
                    examples/all_mutcounts/mut_count/mut_count___cfg-244cad1/art
                    ifacts/011-EKC-fourUnew-WT-75C-dms-MaP-5/011-EKC-fourUnew-WT
                    -75C-dms-MaP-5_011-EKC-fourUnew-WT-75C-dms-MaP-5_profile.txt
           INFO     Inserted probe_fmod_run for sample ID 220 (Run ID: 991)     
           INFO     Inserted probe_fmod_run 991 for sample                      
                    011-EKC-fourUnew-WT-75C-dms-MaP-5                           
           INFO     Bulk inserted 80 fmod_vals records.                         
           INFO     Inserted 80 probe_fmod_values records for                   
                    011-EKC-fourUnew-WT-75C-dms-MaP-5 (modrate).                
           INFO     Bulk inserted 80 fmod_vals records.                         
           INFO     Inserted 80 probe_fmod_values records for                   
                    011-EKC-fourUnew-WT-75C-dms-MaP-5 (GAmodrate).              
           INFO     Wrote per-read histogram for                                
                    011-EKC-fourUnew-WT-75C-dms-MaP-5 (Modified) to             
                    examples/all_mutcounts/mut_count/mut_count___cfg-244cad1/art
                    ifacts/011-EKC-fourUnew-WT-75C-dms-MaP-5/per_read_histogram.
                    txt                                                         
           INFO     Wrote per-read histogram for                                
                    011-EKC-fourUnew-WT-75C-dms-MaP-5 (GA) to                   
                    examples/all_mutcounts/mut_count/mut_count___cfg-244cad1/art
                    ifacts/011-EKC-fourUnew-WT-75C-dms-MaP-5/per_read_histogram.
                    txtga                                                       
           INFO     Found ShapeMapper profile for                               
                    011-EKC-fourUnew-WT-75C-dms-MaP-5_rerun at                  
                    examples/all_mutcounts/mut_count/mut_count___cfg-244cad1/art
                    ifacts/011-EKC-fourUnew-WT-75C-dms-MaP-5_rerun/011-EKC-fourU
                    new-WT-75C-dms-MaP-5_rerun_011-EKC-fourUnew-WT-75C-dms-MaP-5
                    _rerun_profile.txt                                          
           INFO     Inserted probe_fmod_run for sample ID 292 (Run ID: 992)     
           INFO     Inserted probe_fmod_run 992 for sample                      
                    011-EKC-fourUnew-WT-75C-dms-MaP-5_rerun                     
           INFO     Bulk inserted 80 fmod_vals records.                         
           INFO     Inserted 80 probe_fmod_values records for                   
                    011-EKC-fourUnew-WT-75C-dms-MaP-5_rerun (modrate).          
           INFO     Bulk inserted 80 fmod_vals records.                         
           INFO     Inserted 80 probe_fmod_values records for                   
                    011-EKC-fourUnew-WT-75C-dms-MaP-5_rerun (GAmodrate).        
           INFO     Wrote per-read histogram for                                
                    011-EKC-fourUnew-WT-75C-dms-MaP-5_rerun (Modified) to       
                    examples/all_mutcounts/mut_count/mut_count___cfg-244cad1/art
                    ifacts/011-EKC-fourUnew-WT-75C-dms-MaP-5_rerun/per_read_hist
                    ogram.txt                                                   
           INFO     Wrote per-read histogram for                                
                    011-EKC-fourUnew-WT-75C-dms-MaP-5_rerun (GA) to             
                    examples/all_mutcounts/mut_count/mut_count___cfg-244cad1/art
                    ifacts/011-EKC-fourUnew-WT-75C-dms-MaP-5_rerun/per_read_hist
                    ogram.txtga                                                 
           INFO     Found ShapeMapper profile for                               
                    RRRY_011-EKC-fourUnew-WT-75C-dms-MaP-5 at                   
                    examples/all_mutcounts/mut_count/mut_count___cfg-244cad1/art
                    ifacts/RRRY_011-EKC-fourUnew-WT-75C-dms-MaP-5/RRRY_011-EKC-f
                    ourUnew-WT-75C-dms-MaP-5_RRRY_011-EKC-fourUnew-WT-75C-dms-Ma
                    P-5_profile.txt                                             
           INFO     Inserted probe_fmod_run for sample ID 254 (Run ID: 993)     
           INFO     Inserted probe_fmod_run 993 for sample                      
                    RRRY_011-EKC-fourUnew-WT-75C-dms-MaP-5                      
           INFO     Bulk inserted 80 fmod_vals records.                         
           INFO     Inserted 80 probe_fmod_values records for                   
                    RRRY_011-EKC-fourUnew-WT-75C-dms-MaP-5 (modrate).           
           INFO     Bulk inserted 80 fmod_vals records.                         
           INFO     Inserted 80 probe_fmod_values records for                   
                    RRRY_011-EKC-fourUnew-WT-75C-dms-MaP-5 (GAmodrate).         
           INFO     Wrote per-read histogram for                                
                    RRRY_011-EKC-fourUnew-WT-75C-dms-MaP-5 (Modified) to        
                    examples/all_mutcounts/mut_count/mut_count___cfg-244cad1/art
                    ifacts/RRRY_011-EKC-fourUnew-WT-75C-dms-MaP-5/per_read_histo
                    gram.txt                                                    
           INFO     Wrote per-read histogram for                                
                    RRRY_011-EKC-fourUnew-WT-75C-dms-MaP-5 (GA) to              
                    examples/all_mutcounts/mut_count/mut_count___cfg-244cad1/art
                    ifacts/RRRY_011-EKC-fourUnew-WT-75C-dms-MaP-5/per_read_histo
                    gram.txtga                                                  
           INFO     Found ShapeMapper profile for                               
                    YYYR_011-EKC-fourUnew-WT-75C-dms-MaP-5 at                   
                    examples/all_mutcounts/mut_count/mut_count___cfg-244cad1/art
                    ifacts/YYYR_011-EKC-fourUnew-WT-75C-dms-MaP-5/YYYR_011-EKC-f
                    ourUnew-WT-75C-dms-MaP-5_YYYR_011-EKC-fourUnew-WT-75C-dms-Ma
                    P-5_profile.txt                                             
           INFO     Inserted probe_fmod_run for sample ID 255 (Run ID: 994)     
           INFO     Inserted probe_fmod_run 994 for sample                      
                    YYYR_011-EKC-fourUnew-WT-75C-dms-MaP-5                      
           INFO     Bulk inserted 80 fmod_vals records.                         
           INFO     Inserted 80 probe_fmod_values records for                   
                    YYYR_011-EKC-fourUnew-WT-75C-dms-MaP-5 (modrate).           
           INFO     Bulk inserted 80 fmod_vals records.                         
           INFO     Inserted 80 probe_fmod_values records for                   
                    YYYR_011-EKC-fourUnew-WT-75C-dms-MaP-5 (GAmodrate).         
           INFO     Wrote per-read histogram for                                
                    YYYR_011-EKC-fourUnew-WT-75C-dms-MaP-5 (Modified) to        
                    examples/all_mutcounts/mut_count/mut_count___cfg-244cad1/art
                    ifacts/YYYR_011-EKC-fourUnew-WT-75C-dms-MaP-5/per_read_histo
                    gram.txt                                                    
           INFO     Wrote per-read histogram for                                
                    YYYR_011-EKC-fourUnew-WT-75C-dms-MaP-5 (GA) to              
                    examples/all_mutcounts/mut_count/mut_count___cfg-244cad1/art
                    ifacts/YYYR_011-EKC-fourUnew-WT-75C-dms-MaP-5/per_read_histo
                    gram.txtga                                                  
           INFO     Found ShapeMapper profile for                               
                    012-EKC-fourUnew-WT-75C-dms-MaP-6 at                        
                    examples/all_mutcounts/mut_count/mut_count___cfg-244cad1/art
                    ifacts/012-EKC-fourUnew-WT-75C-dms-MaP-6/012-EKC-fourUnew-WT
                    -75C-dms-MaP-6_012-EKC-fourUnew-WT-75C-dms-MaP-6_profile.txt
           INFO     Inserted probe_fmod_run for sample ID 221 (Run ID: 995)     
           INFO     Inserted probe_fmod_run 995 for sample                      
                    012-EKC-fourUnew-WT-75C-dms-MaP-6                           
           INFO     Bulk inserted 80 fmod_vals records.                         
           INFO     Inserted 80 probe_fmod_values records for                   
                    012-EKC-fourUnew-WT-75C-dms-MaP-6 (modrate).                
           INFO     Bulk inserted 80 fmod_vals records.                         
           INFO     Inserted 80 probe_fmod_values records for                   
                    012-EKC-fourUnew-WT-75C-dms-MaP-6 (GAmodrate).              
           INFO     Wrote per-read histogram for                                
                    012-EKC-fourUnew-WT-75C-dms-MaP-6 (Modified) to             
                    examples/all_mutcounts/mut_count/mut_count___cfg-244cad1/art
                    ifacts/012-EKC-fourUnew-WT-75C-dms-MaP-6/per_read_histogram.
                    txt                                                         
           INFO     Wrote per-read histogram for                                
                    012-EKC-fourUnew-WT-75C-dms-MaP-6 (GA) to                   
                    examples/all_mutcounts/mut_count/mut_count___cfg-244cad1/art
                    ifacts/012-EKC-fourUnew-WT-75C-dms-MaP-6/per_read_histogram.
                    txtga                                                       
           INFO     Found ShapeMapper profile for                               
                    012-EKC-fourUnew-WT-75C-dms-MaP-6_rerun at                  
                    examples/all_mutcounts/mut_count/mut_count___cfg-244cad1/art
                    ifacts/012-EKC-fourUnew-WT-75C-dms-MaP-6_rerun/012-EKC-fourU
                    new-WT-75C-dms-MaP-6_rerun_012-EKC-fourUnew-WT-75C-dms-MaP-6
                    _rerun_profile.txt                                          
           INFO     Inserted probe_fmod_run for sample ID 293 (Run ID: 996)     
           INFO     Inserted probe_fmod_run 996 for sample                      
                    012-EKC-fourUnew-WT-75C-dms-MaP-6_rerun                     
           INFO     Bulk inserted 80 fmod_vals records.                         
           INFO     Inserted 80 probe_fmod_values records for                   
                    012-EKC-fourUnew-WT-75C-dms-MaP-6_rerun (modrate).          
           INFO     Bulk inserted 80 fmod_vals records.                         
           INFO     Inserted 80 probe_fmod_values records for                   
                    012-EKC-fourUnew-WT-75C-dms-MaP-6_rerun (GAmodrate).        
           INFO     Wrote per-read histogram for                                
                    012-EKC-fourUnew-WT-75C-dms-MaP-6_rerun (Modified) to       
                    examples/all_mutcounts/mut_count/mut_count___cfg-244cad1/art
                    ifacts/012-EKC-fourUnew-WT-75C-dms-MaP-6_rerun/per_read_hist
                    ogram.txt                                                   
           INFO     Wrote per-read histogram for                                
                    012-EKC-fourUnew-WT-75C-dms-MaP-6_rerun (GA) to             
                    examples/all_mutcounts/mut_count/mut_count___cfg-244cad1/art
                    ifacts/012-EKC-fourUnew-WT-75C-dms-MaP-6_rerun/per_read_hist
                    ogram.txtga                                                 
           INFO     Found ShapeMapper profile for                               
                    RRRY_012-EKC-fourUnew-WT-75C-dms-MaP-6 at                   
                    examples/all_mutcounts/mut_count/mut_count___cfg-244cad1/art
                    ifacts/RRRY_012-EKC-fourUnew-WT-75C-dms-MaP-6/RRRY_012-EKC-f
                    ourUnew-WT-75C-dms-MaP-6_RRRY_012-EKC-fourUnew-WT-75C-dms-Ma
                    P-6_profile.txt                                             
           INFO     Inserted probe_fmod_run for sample ID 256 (Run ID: 997)     
           INFO     Inserted probe_fmod_run 997 for sample                      
                    RRRY_012-EKC-fourUnew-WT-75C-dms-MaP-6                      
           INFO     Bulk inserted 80 fmod_vals records.                         
           INFO     Inserted 80 probe_fmod_values records for                   
                    RRRY_012-EKC-fourUnew-WT-75C-dms-MaP-6 (modrate).           
           INFO     Bulk inserted 80 fmod_vals records.                         
           INFO     Inserted 80 probe_fmod_values records for                   
                    RRRY_012-EKC-fourUnew-WT-75C-dms-MaP-6 (GAmodrate).         
           INFO     Wrote per-read histogram for                                
                    RRRY_012-EKC-fourUnew-WT-75C-dms-MaP-6 (Modified) to        
                    examples/all_mutcounts/mut_count/mut_count___cfg-244cad1/art
                    ifacts/RRRY_012-EKC-fourUnew-WT-75C-dms-MaP-6/per_read_histo
                    gram.txt                                                    
           INFO     Wrote per-read histogram for                                
                    RRRY_012-EKC-fourUnew-WT-75C-dms-MaP-6 (GA) to              
                    examples/all_mutcounts/mut_count/mut_count___cfg-244cad1/art
                    ifacts/RRRY_012-EKC-fourUnew-WT-75C-dms-MaP-6/per_read_histo
                    gram.txtga                                                  
           INFO     Found ShapeMapper profile for                               
                    YYYR_012-EKC-fourUnew-WT-75C-dms-MaP-6 at                   
                    examples/all_mutcounts/mut_count/mut_count___cfg-244cad1/art
                    ifacts/YYYR_012-EKC-fourUnew-WT-75C-dms-MaP-6/YYYR_012-EKC-f
                    ourUnew-WT-75C-dms-MaP-6_YYYR_012-EKC-fourUnew-WT-75C-dms-Ma
                    P-6_profile.txt                                             
           INFO     Inserted probe_fmod_run for sample ID 257 (Run ID: 998)     
           INFO     Inserted probe_fmod_run 998 for sample                      
                    YYYR_012-EKC-fourUnew-WT-75C-dms-MaP-6                      
           INFO     Bulk inserted 80 fmod_vals records.                         
           INFO     Inserted 80 probe_fmod_values records for                   
                    YYYR_012-EKC-fourUnew-WT-75C-dms-MaP-6 (modrate).           
           INFO     Bulk inserted 80 fmod_vals records.                         
           INFO     Inserted 80 probe_fmod_values records for                   
                    YYYR_012-EKC-fourUnew-WT-75C-dms-MaP-6 (GAmodrate).         
           INFO     Wrote per-read histogram for                                
                    YYYR_012-EKC-fourUnew-WT-75C-dms-MaP-6 (Modified) to        
                    examples/all_mutcounts/mut_count/mut_count___cfg-244cad1/art
                    ifacts/YYYR_012-EKC-fourUnew-WT-75C-dms-MaP-6/per_read_histo
                    gram.txt                                                    
           INFO     Wrote per-read histogram for                                
                    YYYR_012-EKC-fourUnew-WT-75C-dms-MaP-6 (GA) to              
                    examples/all_mutcounts/mut_count/mut_count___cfg-244cad1/art
                    ifacts/YYYR_012-EKC-fourUnew-WT-75C-dms-MaP-6/per_read_histo
                    gram.txtga                                                  
           INFO     mut_count completed. Profiles found for 24/24 samples;      
                    ingested 24 run(s).                                         
           INFO     Finished task ID 105 with state 'completed'                 
           INFO     Task 'mut_count' (ID: 105) completed successfully.          
           INFO     Updated 'latest' symlink for task 'mut_count' to point to   
                    /gpfs/projects/b1044/Computational_Output/EKC/EKC.01_SHAPE_s
                    tandardization/EKC.01.065.refactoring_data_analysis/nerd/exa
                    mples/all_mutcounts/mut_count/mut_count___cfg-244cad1       
