[14:47:01] INFO     Executing 'run' command for step: 'mut_count'               
[14:47:01] INFO     Database schema initialized successfully.                   
           INFO     Created run directory:                                      
                    examples/all_mutcounts/mut_count/mut_count___cfg-76113ca    
           INFO     Executing task 'mut_count' in run directory:                
                    examples/all_mutcounts/mut_count/mut_count___cfg-76113ca    
           INFO     Resolved reaction_group 3 to 7 sample(s).                   
           INFO     Began task 'mut_count' (ID: 45) for rg:125                  
                    (cfg=76113cacd4f3b66d28af991e50918de5942c955d660ea8ff322d81b
                    d0961c316)                                                  
           INFO     Starting command (backend=local) in                         
                    examples/all_mutcounts/mut_count/mut_count___cfg-76113ca    
           INFO     Executing command locally. Log file:                        
                    examples/all_mutcounts/mut_count/mut_count___cfg-76113ca/com
                    mand.log                                                    
[14:54:38] INFO     Command finished with exit code: 0                          
           INFO     Logged attempt #1 for task ID 45 (Attempt ID: 27)           
           INFO     Command completed successfully. Consuming outputs.          
           INFO     Found ShapeMapper profile for                               
                    015_P4P6_WT_bc_0mMMgMRTpH83_tp1_p at                        
                    examples/all_mutcounts/mut_count/mut_count___cfg-76113ca/art
                    ifacts/015_P4P6_WT_bc_0mMMgMRTpH83_tp1_p/015_P4P6_WT_bc_0mMM
                    gMRTpH83_tp1_p_015_P4P6_WT_bc_0mMMgMRTpH83_tp1_p_profile.txt
           INFO     Inserted probe_fmod_run for sample ID 1074 (Run ID: 203)    
           INFO     Inserted probe_fmod_run 203 for sample                      
                    015_P4P6_WT_bc_0mMMgMRTpH83_tp1_p                           
           INFO     Bulk inserted 241 fmod_vals records.                        
           INFO     Inserted 241 probe_fmod_values records for                  
                    015_P4P6_WT_bc_0mMMgMRTpH83_tp1_p (modrate).                
           INFO     Bulk inserted 241 fmod_vals records.                        
           INFO     Inserted 241 probe_fmod_values records for                  
                    015_P4P6_WT_bc_0mMMgMRTpH83_tp1_p (GAmodrate).              
           INFO     Wrote per-read histogram for                                
                    015_P4P6_WT_bc_0mMMgMRTpH83_tp1_p (Modified) to             
                    examples/all_mutcounts/mut_count/mut_count___cfg-76113ca/art
                    ifacts/015_P4P6_WT_bc_0mMMgMRTpH83_tp1_p/per_read_histogram.
                    txt                                                         
           INFO     Wrote per-read histogram for                                
                    015_P4P6_WT_bc_0mMMgMRTpH83_tp1_p (GA) to                   
                    examples/all_mutcounts/mut_count/mut_count___cfg-76113ca/art
                    ifacts/015_P4P6_WT_bc_0mMMgMRTpH83_tp1_p/per_read_histogram.
                    txtga                                                       
[14:54:39] INFO     Found ShapeMapper profile for                               
                    016_P4P6_WT_bc_0mMMgMRTpH83_tp2_p at                        
                    examples/all_mutcounts/mut_count/mut_count___cfg-76113ca/art
                    ifacts/016_P4P6_WT_bc_0mMMgMRTpH83_tp2_p/016_P4P6_WT_bc_0mMM
                    gMRTpH83_tp2_p_016_P4P6_WT_bc_0mMMgMRTpH83_tp2_p_profile.txt
           INFO     Inserted probe_fmod_run for sample ID 1075 (Run ID: 204)    
           INFO     Inserted probe_fmod_run 204 for sample                      
                    016_P4P6_WT_bc_0mMMgMRTpH83_tp2_p                           
           INFO     Bulk inserted 241 fmod_vals records.                        
           INFO     Inserted 241 probe_fmod_values records for                  
                    016_P4P6_WT_bc_0mMMgMRTpH83_tp2_p (modrate).                
           INFO     Bulk inserted 241 fmod_vals records.                        
           INFO     Inserted 241 probe_fmod_values records for                  
                    016_P4P6_WT_bc_0mMMgMRTpH83_tp2_p (GAmodrate).              
           INFO     Wrote per-read histogram for                                
                    016_P4P6_WT_bc_0mMMgMRTpH83_tp2_p (Modified) to             
                    examples/all_mutcounts/mut_count/mut_count___cfg-76113ca/art
                    ifacts/016_P4P6_WT_bc_0mMMgMRTpH83_tp2_p/per_read_histogram.
                    txt                                                         
           INFO     Wrote per-read histogram for                                
                    016_P4P6_WT_bc_0mMMgMRTpH83_tp2_p (GA) to                   
                    examples/all_mutcounts/mut_count/mut_count___cfg-76113ca/art
                    ifacts/016_P4P6_WT_bc_0mMMgMRTpH83_tp2_p/per_read_histogram.
                    txtga                                                       
           INFO     Found ShapeMapper profile for                               
                    017_P4P6_WT_bc_0mMMgMRTpH83_tp3_p at                        
                    examples/all_mutcounts/mut_count/mut_count___cfg-76113ca/art
                    ifacts/017_P4P6_WT_bc_0mMMgMRTpH83_tp3_p/017_P4P6_WT_bc_0mMM
                    gMRTpH83_tp3_p_017_P4P6_WT_bc_0mMMgMRTpH83_tp3_p_profile.txt
           INFO     Inserted probe_fmod_run for sample ID 1076 (Run ID: 205)    
           INFO     Inserted probe_fmod_run 205 for sample                      
                    017_P4P6_WT_bc_0mMMgMRTpH83_tp3_p                           
           INFO     Bulk inserted 241 fmod_vals records.                        
           INFO     Inserted 241 probe_fmod_values records for                  
                    017_P4P6_WT_bc_0mMMgMRTpH83_tp3_p (modrate).                
           INFO     Bulk inserted 241 fmod_vals records.                        
           INFO     Inserted 241 probe_fmod_values records for                  
                    017_P4P6_WT_bc_0mMMgMRTpH83_tp3_p (GAmodrate).              
           INFO     Wrote per-read histogram for                                
                    017_P4P6_WT_bc_0mMMgMRTpH83_tp3_p (Modified) to             
                    examples/all_mutcounts/mut_count/mut_count___cfg-76113ca/art
                    ifacts/017_P4P6_WT_bc_0mMMgMRTpH83_tp3_p/per_read_histogram.
                    txt                                                         
           INFO     Wrote per-read histogram for                                
                    017_P4P6_WT_bc_0mMMgMRTpH83_tp3_p (GA) to                   
                    examples/all_mutcounts/mut_count/mut_count___cfg-76113ca/art
                    ifacts/017_P4P6_WT_bc_0mMMgMRTpH83_tp3_p/per_read_histogram.
                    txtga                                                       
           INFO     Found ShapeMapper profile for                               
                    018_P4P6_WT_bc_0mMMgMRTpH83_tp4_p at                        
                    examples/all_mutcounts/mut_count/mut_count___cfg-76113ca/art
                    ifacts/018_P4P6_WT_bc_0mMMgMRTpH83_tp4_p/018_P4P6_WT_bc_0mMM
                    gMRTpH83_tp4_p_018_P4P6_WT_bc_0mMMgMRTpH83_tp4_p_profile.txt
           INFO     Inserted probe_fmod_run for sample ID 1077 (Run ID: 206)    
           INFO     Inserted probe_fmod_run 206 for sample                      
                    018_P4P6_WT_bc_0mMMgMRTpH83_tp4_p                           
           INFO     Bulk inserted 241 fmod_vals records.                        
           INFO     Inserted 241 probe_fmod_values records for                  
                    018_P4P6_WT_bc_0mMMgMRTpH83_tp4_p (modrate).                
           INFO     Bulk inserted 241 fmod_vals records.                        
           INFO     Inserted 241 probe_fmod_values records for                  
                    018_P4P6_WT_bc_0mMMgMRTpH83_tp4_p (GAmodrate).              
           INFO     Wrote per-read histogram for                                
                    018_P4P6_WT_bc_0mMMgMRTpH83_tp4_p (Modified) to             
                    examples/all_mutcounts/mut_count/mut_count___cfg-76113ca/art
                    ifacts/018_P4P6_WT_bc_0mMMgMRTpH83_tp4_p/per_read_histogram.
                    txt                                                         
           INFO     Wrote per-read histogram for                                
                    018_P4P6_WT_bc_0mMMgMRTpH83_tp4_p (GA) to                   
                    examples/all_mutcounts/mut_count/mut_count___cfg-76113ca/art
                    ifacts/018_P4P6_WT_bc_0mMMgMRTpH83_tp4_p/per_read_histogram.
                    txtga                                                       
           INFO     Found ShapeMapper profile for                               
                    019_P4P6_WT_bc_0mMMgMRTpH83_tp5_p at                        
                    examples/all_mutcounts/mut_count/mut_count___cfg-76113ca/art
                    ifacts/019_P4P6_WT_bc_0mMMgMRTpH83_tp5_p/019_P4P6_WT_bc_0mMM
                    gMRTpH83_tp5_p_019_P4P6_WT_bc_0mMMgMRTpH83_tp5_p_profile.txt
           INFO     Inserted probe_fmod_run for sample ID 1078 (Run ID: 207)    
           INFO     Inserted probe_fmod_run 207 for sample                      
                    019_P4P6_WT_bc_0mMMgMRTpH83_tp5_p                           
           INFO     Bulk inserted 241 fmod_vals records.                        
           INFO     Inserted 241 probe_fmod_values records for                  
                    019_P4P6_WT_bc_0mMMgMRTpH83_tp5_p (modrate).                
           INFO     Bulk inserted 241 fmod_vals records.                        
           INFO     Inserted 241 probe_fmod_values records for                  
                    019_P4P6_WT_bc_0mMMgMRTpH83_tp5_p (GAmodrate).              
           INFO     Wrote per-read histogram for                                
                    019_P4P6_WT_bc_0mMMgMRTpH83_tp5_p (Modified) to             
                    examples/all_mutcounts/mut_count/mut_count___cfg-76113ca/art
                    ifacts/019_P4P6_WT_bc_0mMMgMRTpH83_tp5_p/per_read_histogram.
                    txt                                                         
           INFO     Wrote per-read histogram for                                
                    019_P4P6_WT_bc_0mMMgMRTpH83_tp5_p (GA) to                   
                    examples/all_mutcounts/mut_count/mut_count___cfg-76113ca/art
                    ifacts/019_P4P6_WT_bc_0mMMgMRTpH83_tp5_p/per_read_histogram.
                    txtga                                                       
           INFO     Found ShapeMapper profile for                               
                    020_P4P6_WT_bc_0mMMgMRTpH83_tp6_p at                        
                    examples/all_mutcounts/mut_count/mut_count___cfg-76113ca/art
                    ifacts/020_P4P6_WT_bc_0mMMgMRTpH83_tp6_p/020_P4P6_WT_bc_0mMM
                    gMRTpH83_tp6_p_020_P4P6_WT_bc_0mMMgMRTpH83_tp6_p_profile.txt
           INFO     Inserted probe_fmod_run for sample ID 1079 (Run ID: 208)    
           INFO     Inserted probe_fmod_run 208 for sample                      
                    020_P4P6_WT_bc_0mMMgMRTpH83_tp6_p                           
           INFO     Bulk inserted 241 fmod_vals records.                        
           INFO     Inserted 241 probe_fmod_values records for                  
                    020_P4P6_WT_bc_0mMMgMRTpH83_tp6_p (modrate).                
           INFO     Bulk inserted 241 fmod_vals records.                        
           INFO     Inserted 241 probe_fmod_values records for                  
                    020_P4P6_WT_bc_0mMMgMRTpH83_tp6_p (GAmodrate).              
           INFO     Wrote per-read histogram for                                
                    020_P4P6_WT_bc_0mMMgMRTpH83_tp6_p (Modified) to             
                    examples/all_mutcounts/mut_count/mut_count___cfg-76113ca/art
                    ifacts/020_P4P6_WT_bc_0mMMgMRTpH83_tp6_p/per_read_histogram.
                    txt                                                         
           INFO     Wrote per-read histogram for                                
                    020_P4P6_WT_bc_0mMMgMRTpH83_tp6_p (GA) to                   
                    examples/all_mutcounts/mut_count/mut_count___cfg-76113ca/art
                    ifacts/020_P4P6_WT_bc_0mMMgMRTpH83_tp6_p/per_read_histogram.
                    txtga                                                       
           INFO     Found ShapeMapper profile for                               
                    021_P4P6_WT_bc_0mMMgMRTpH83_tp6_m at                        
                    examples/all_mutcounts/mut_count/mut_count___cfg-76113ca/art
                    ifacts/021_P4P6_WT_bc_0mMMgMRTpH83_tp6_m/021_P4P6_WT_bc_0mMM
                    gMRTpH83_tp6_m_021_P4P6_WT_bc_0mMMgMRTpH83_tp6_m_profile.txt
           INFO     Inserted probe_fmod_run for sample ID 1080 (Run ID: 209)    
           INFO     Inserted probe_fmod_run 209 for sample                      
                    021_P4P6_WT_bc_0mMMgMRTpH83_tp6_m                           
           INFO     Bulk inserted 241 fmod_vals records.                        
           INFO     Inserted 241 probe_fmod_values records for                  
                    021_P4P6_WT_bc_0mMMgMRTpH83_tp6_m (modrate).                
           INFO     Bulk inserted 241 fmod_vals records.                        
           INFO     Inserted 241 probe_fmod_values records for                  
                    021_P4P6_WT_bc_0mMMgMRTpH83_tp6_m (GAmodrate).              
           INFO     Wrote per-read histogram for                                
                    021_P4P6_WT_bc_0mMMgMRTpH83_tp6_m (Modified) to             
                    examples/all_mutcounts/mut_count/mut_count___cfg-76113ca/art
                    ifacts/021_P4P6_WT_bc_0mMMgMRTpH83_tp6_m/per_read_histogram.
                    txt                                                         
           INFO     Wrote per-read histogram for                                
                    021_P4P6_WT_bc_0mMMgMRTpH83_tp6_m (GA) to                   
                    examples/all_mutcounts/mut_count/mut_count___cfg-76113ca/art
                    ifacts/021_P4P6_WT_bc_0mMMgMRTpH83_tp6_m/per_read_histogram.
                    txtga                                                       
           INFO     mut_count completed. Profiles found for 7/7 samples;        
                    ingested 7 run(s).                                          
           INFO     Finished task ID 45 with state 'completed'                  
           INFO     Task 'mut_count' (ID: 45) completed successfully.           
           INFO     Updated 'latest' symlink for task 'mut_count' to point to   
                    /gpfs/projects/b1044/Computational_Output/EKC/EKC.01_SHAPE_s
                    tandardization/EKC.01.065.refactoring_data_analysis/nerd/exa
                    mples/all_mutcounts/mut_count/mut_count___cfg-76113ca       
