[14:28:28] INFO     Executing 'run' command for step: 'mut_count'               
[14:28:28] INFO     Database schema initialized successfully.                   
           INFO     Created run directory:                                      
                    examples/all_mutcounts/mut_count/mut_count___cfg-cc545ea    
           INFO     Executing task 'mut_count' in run directory:                
                    examples/all_mutcounts/mut_count/mut_count___cfg-cc545ea    
           INFO     Resolved reaction_group 25_4_A8C to 8 sample(s).            
           INFO     Began task 'mut_count' (ID: 43) for rg:69                   
                    (cfg=cc545eaeeea71d2bd4b4a8c05370d58cade2d509dcc61af7615f4f6
                    13dc80f80)                                                  
           INFO     Starting command (backend=local) in                         
                    examples/all_mutcounts/mut_count/mut_count___cfg-cc545ea    
           INFO     Executing command locally. Log file:                        
                    examples/all_mutcounts/mut_count/mut_count___cfg-cc545ea/com
                    mand.log                                                    
[16:16:17] INFO     Command finished with exit code: 0                          
           INFO     Logged attempt #1 for task ID 43 (Attempt ID: 51)           
           INFO     Command completed successfully. Consuming outputs.          
           INFO     Found ShapeMapper profile for 061_fourU_A8C_25c_b_1_p at    
                    examples/all_mutcounts/mut_count/mut_count___cfg-cc545ea/art
                    ifacts/061_fourU_A8C_25c_b_1_p/061_fourU_A8C_25c_b_1_p_061_f
                    ourU_A8C_25c_b_1_p_profile.txt                              
           INFO     Inserted probe_fmod_run for sample ID 648 (Run ID: 407)     
           INFO     Inserted probe_fmod_run 407 for sample                      
                    061_fourU_A8C_25c_b_1_p                                     
           INFO     Bulk inserted 80 fmod_vals records.                         
           INFO     Inserted 80 probe_fmod_values records for                   
                    061_fourU_A8C_25c_b_1_p (modrate).                          
           INFO     Bulk inserted 80 fmod_vals records.                         
           INFO     Inserted 80 probe_fmod_values records for                   
                    061_fourU_A8C_25c_b_1_p (GAmodrate).                        
           INFO     Wrote per-read histogram for 061_fourU_A8C_25c_b_1_p        
                    (Modified) to                                               
                    examples/all_mutcounts/mut_count/mut_count___cfg-cc545ea/art
                    ifacts/061_fourU_A8C_25c_b_1_p/per_read_histogram.txt       
           INFO     Wrote per-read histogram for 061_fourU_A8C_25c_b_1_p (GA) to
                    examples/all_mutcounts/mut_count/mut_count___cfg-cc545ea/art
                    ifacts/061_fourU_A8C_25c_b_1_p/per_read_histogram.txtga     
           INFO     Found ShapeMapper profile for 062_fourU_A8C_25c_b_2_p at    
                    examples/all_mutcounts/mut_count/mut_count___cfg-cc545ea/art
                    ifacts/062_fourU_A8C_25c_b_2_p/062_fourU_A8C_25c_b_2_p_062_f
                    ourU_A8C_25c_b_2_p_profile.txt                              
           INFO     Inserted probe_fmod_run for sample ID 649 (Run ID: 408)     
           INFO     Inserted probe_fmod_run 408 for sample                      
                    062_fourU_A8C_25c_b_2_p                                     
           INFO     Bulk inserted 80 fmod_vals records.                         
           INFO     Inserted 80 probe_fmod_values records for                   
                    062_fourU_A8C_25c_b_2_p (modrate).                          
           INFO     Bulk inserted 80 fmod_vals records.                         
           INFO     Inserted 80 probe_fmod_values records for                   
                    062_fourU_A8C_25c_b_2_p (GAmodrate).                        
           INFO     Wrote per-read histogram for 062_fourU_A8C_25c_b_2_p        
                    (Modified) to                                               
                    examples/all_mutcounts/mut_count/mut_count___cfg-cc545ea/art
                    ifacts/062_fourU_A8C_25c_b_2_p/per_read_histogram.txt       
           INFO     Wrote per-read histogram for 062_fourU_A8C_25c_b_2_p (GA) to
                    examples/all_mutcounts/mut_count/mut_count___cfg-cc545ea/art
                    ifacts/062_fourU_A8C_25c_b_2_p/per_read_histogram.txtga     
           INFO     Found ShapeMapper profile for 079_fourU_A8C25c_b_2_p at     
                    examples/all_mutcounts/mut_count/mut_count___cfg-cc545ea/art
                    ifacts/079_fourU_A8C25c_b_2_p/079_fourU_A8C25c_b_2_p_079_fou
                    rU_A8C25c_b_2_p_profile.txt                                 
           INFO     Inserted probe_fmod_run for sample ID 762 (Run ID: 409)     
           INFO     Inserted probe_fmod_run 409 for sample                      
                    079_fourU_A8C25c_b_2_p                                      
           INFO     Bulk inserted 80 fmod_vals records.                         
           INFO     Inserted 80 probe_fmod_values records for                   
                    079_fourU_A8C25c_b_2_p (modrate).                           
           INFO     Bulk inserted 80 fmod_vals records.                         
           INFO     Inserted 80 probe_fmod_values records for                   
                    079_fourU_A8C25c_b_2_p (GAmodrate).                         
           INFO     Wrote per-read histogram for 079_fourU_A8C25c_b_2_p         
                    (Modified) to                                               
                    examples/all_mutcounts/mut_count/mut_count___cfg-cc545ea/art
                    ifacts/079_fourU_A8C25c_b_2_p/per_read_histogram.txt        
           INFO     Wrote per-read histogram for 079_fourU_A8C25c_b_2_p (GA) to 
                    examples/all_mutcounts/mut_count/mut_count___cfg-cc545ea/art
                    ifacts/079_fourU_A8C25c_b_2_p/per_read_histogram.txtga      
           INFO     Found ShapeMapper profile for 063_fourU_A8C_25c_b_3_p at    
                    examples/all_mutcounts/mut_count/mut_count___cfg-cc545ea/art
                    ifacts/063_fourU_A8C_25c_b_3_p/063_fourU_A8C_25c_b_3_p_063_f
                    ourU_A8C_25c_b_3_p_profile.txt                              
           INFO     Inserted probe_fmod_run for sample ID 650 (Run ID: 410)     
           INFO     Inserted probe_fmod_run 410 for sample                      
                    063_fourU_A8C_25c_b_3_p                                     
           INFO     Bulk inserted 80 fmod_vals records.                         
           INFO     Inserted 80 probe_fmod_values records for                   
                    063_fourU_A8C_25c_b_3_p (modrate).                          
           INFO     Bulk inserted 80 fmod_vals records.                         
           INFO     Inserted 80 probe_fmod_values records for                   
                    063_fourU_A8C_25c_b_3_p (GAmodrate).                        
           INFO     Wrote per-read histogram for 063_fourU_A8C_25c_b_3_p        
                    (Modified) to                                               
                    examples/all_mutcounts/mut_count/mut_count___cfg-cc545ea/art
                    ifacts/063_fourU_A8C_25c_b_3_p/per_read_histogram.txt       
           INFO     Wrote per-read histogram for 063_fourU_A8C_25c_b_3_p (GA) to
                    examples/all_mutcounts/mut_count/mut_count___cfg-cc545ea/art
                    ifacts/063_fourU_A8C_25c_b_3_p/per_read_histogram.txtga     
           INFO     Found ShapeMapper profile for 064_fourU_A8C_25c_b_4_p at    
                    examples/all_mutcounts/mut_count/mut_count___cfg-cc545ea/art
                    ifacts/064_fourU_A8C_25c_b_4_p/064_fourU_A8C_25c_b_4_p_064_f
                    ourU_A8C_25c_b_4_p_profile.txt                              
           INFO     Inserted probe_fmod_run for sample ID 651 (Run ID: 411)     
           INFO     Inserted probe_fmod_run 411 for sample                      
                    064_fourU_A8C_25c_b_4_p                                     
           INFO     Bulk inserted 80 fmod_vals records.                         
           INFO     Inserted 80 probe_fmod_values records for                   
                    064_fourU_A8C_25c_b_4_p (modrate).                          
           INFO     Bulk inserted 80 fmod_vals records.                         
           INFO     Inserted 80 probe_fmod_values records for                   
                    064_fourU_A8C_25c_b_4_p (GAmodrate).                        
           INFO     Wrote per-read histogram for 064_fourU_A8C_25c_b_4_p        
                    (Modified) to                                               
                    examples/all_mutcounts/mut_count/mut_count___cfg-cc545ea/art
                    ifacts/064_fourU_A8C_25c_b_4_p/per_read_histogram.txt       
           INFO     Wrote per-read histogram for 064_fourU_A8C_25c_b_4_p (GA) to
                    examples/all_mutcounts/mut_count/mut_count___cfg-cc545ea/art
                    ifacts/064_fourU_A8C_25c_b_4_p/per_read_histogram.txtga     
           INFO     Found ShapeMapper profile for 065_fourU_A8C_25c_b_5_p at    
                    examples/all_mutcounts/mut_count/mut_count___cfg-cc545ea/art
                    ifacts/065_fourU_A8C_25c_b_5_p/065_fourU_A8C_25c_b_5_p_065_f
                    ourU_A8C_25c_b_5_p_profile.txt                              
           INFO     Inserted probe_fmod_run for sample ID 652 (Run ID: 412)     
           INFO     Inserted probe_fmod_run 412 for sample                      
                    065_fourU_A8C_25c_b_5_p                                     
           INFO     Bulk inserted 80 fmod_vals records.                         
           INFO     Inserted 80 probe_fmod_values records for                   
                    065_fourU_A8C_25c_b_5_p (modrate).                          
           INFO     Bulk inserted 80 fmod_vals records.                         
           INFO     Inserted 80 probe_fmod_values records for                   
                    065_fourU_A8C_25c_b_5_p (GAmodrate).                        
           INFO     Wrote per-read histogram for 065_fourU_A8C_25c_b_5_p        
                    (Modified) to                                               
                    examples/all_mutcounts/mut_count/mut_count___cfg-cc545ea/art
                    ifacts/065_fourU_A8C_25c_b_5_p/per_read_histogram.txt       
           INFO     Wrote per-read histogram for 065_fourU_A8C_25c_b_5_p (GA) to
                    examples/all_mutcounts/mut_count/mut_count___cfg-cc545ea/art
                    ifacts/065_fourU_A8C_25c_b_5_p/per_read_histogram.txtga     
           INFO     Found ShapeMapper profile for 066_fourU_A8C_25c_b_6_p at    
                    examples/all_mutcounts/mut_count/mut_count___cfg-cc545ea/art
                    ifacts/066_fourU_A8C_25c_b_6_p/066_fourU_A8C_25c_b_6_p_066_f
                    ourU_A8C_25c_b_6_p_profile.txt                              
           INFO     Inserted probe_fmod_run for sample ID 653 (Run ID: 413)     
           INFO     Inserted probe_fmod_run 413 for sample                      
                    066_fourU_A8C_25c_b_6_p                                     
           INFO     Bulk inserted 80 fmod_vals records.                         
           INFO     Inserted 80 probe_fmod_values records for                   
                    066_fourU_A8C_25c_b_6_p (modrate).                          
           INFO     Bulk inserted 80 fmod_vals records.                         
           INFO     Inserted 80 probe_fmod_values records for                   
                    066_fourU_A8C_25c_b_6_p (GAmodrate).                        
           INFO     Wrote per-read histogram for 066_fourU_A8C_25c_b_6_p        
                    (Modified) to                                               
                    examples/all_mutcounts/mut_count/mut_count___cfg-cc545ea/art
                    ifacts/066_fourU_A8C_25c_b_6_p/per_read_histogram.txt       
           INFO     Wrote per-read histogram for 066_fourU_A8C_25c_b_6_p (GA) to
                    examples/all_mutcounts/mut_count/mut_count___cfg-cc545ea/art
                    ifacts/066_fourU_A8C_25c_b_6_p/per_read_histogram.txtga     
           INFO     Found ShapeMapper profile for 082_fourU_A8C25c_b_6_m at     
                    examples/all_mutcounts/mut_count/mut_count___cfg-cc545ea/art
                    ifacts/082_fourU_A8C25c_b_6_m/082_fourU_A8C25c_b_6_m_082_fou
                    rU_A8C25c_b_6_m_profile.txt                                 
           INFO     Inserted probe_fmod_run for sample ID 765 (Run ID: 414)     
           INFO     Inserted probe_fmod_run 414 for sample                      
                    082_fourU_A8C25c_b_6_m                                      
           INFO     Bulk inserted 80 fmod_vals records.                         
           INFO     Inserted 80 probe_fmod_values records for                   
                    082_fourU_A8C25c_b_6_m (modrate).                           
           INFO     Bulk inserted 80 fmod_vals records.                         
           INFO     Inserted 80 probe_fmod_values records for                   
                    082_fourU_A8C25c_b_6_m (GAmodrate).                         
           INFO     Wrote per-read histogram for 082_fourU_A8C25c_b_6_m         
                    (Modified) to                                               
                    examples/all_mutcounts/mut_count/mut_count___cfg-cc545ea/art
                    ifacts/082_fourU_A8C25c_b_6_m/per_read_histogram.txt        
           INFO     Wrote per-read histogram for 082_fourU_A8C25c_b_6_m (GA) to 
                    examples/all_mutcounts/mut_count/mut_count___cfg-cc545ea/art
                    ifacts/082_fourU_A8C25c_b_6_m/per_read_histogram.txtga      
           INFO     mut_count completed. Profiles found for 8/8 samples;        
                    ingested 8 run(s).                                          
           INFO     Finished task ID 43 with state 'completed'                  
           INFO     Task 'mut_count' (ID: 43) completed successfully.           
           INFO     Updated 'latest' symlink for task 'mut_count' to point to   
                    /gpfs/projects/b1044/Computational_Output/EKC/EKC.01_SHAPE_s
                    tandardization/EKC.01.065.refactoring_data_analysis/nerd/exa
                    mples/all_mutcounts/mut_count/mut_count___cfg-cc545ea       
