[15:32:41] INFO     Executing 'run' command for step: 'mut_count'               
[15:32:41] INFO     Database schema initialized successfully.                   
           INFO     Created run directory:                                      
                    examples/all_mutcounts/mut_count/mut_count___cfg-f1b3964    
           INFO     Executing task 'mut_count' in run directory:                
                    examples/all_mutcounts/mut_count/mut_count___cfg-f1b3964    
           INFO     Resolved reaction_group 30_4_A8C to 8 sample(s).            
           INFO     Began task 'mut_count' (ID: 53) for rg:73                   
                    (cfg=f1b3964d589900a06e1ae375933919607ddd2c3dba9ecd705a66e18
                    96a6a078c)                                                  
           INFO     Starting command (backend=local) in                         
                    examples/all_mutcounts/mut_count/mut_count___cfg-f1b3964    
           INFO     Executing command locally. Log file:                        
                    examples/all_mutcounts/mut_count/mut_count___cfg-f1b3964/com
                    mand.log                                                    
[17:21:31] INFO     Command finished with exit code: 0                          
           INFO     Logged attempt #1 for task ID 53 (Attempt ID: 68)           
           INFO     Command completed successfully. Consuming outputs.          
           INFO     Found ShapeMapper profile for 085_fourU_A8C_30c_b_1_p at    
                    examples/all_mutcounts/mut_count/mut_count___cfg-f1b3964/art
                    ifacts/085_fourU_A8C_30c_b_1_p/085_fourU_A8C_30c_b_1_p_085_f
                    ourU_A8C_30c_b_1_p_profile.txt                              
           INFO     Inserted probe_fmod_run for sample ID 672 (Run ID: 552)     
           INFO     Inserted probe_fmod_run 552 for sample                      
                    085_fourU_A8C_30c_b_1_p                                     
           INFO     Bulk inserted 80 fmod_vals records.                         
           INFO     Inserted 80 probe_fmod_values records for                   
                    085_fourU_A8C_30c_b_1_p (modrate).                          
           INFO     Bulk inserted 80 fmod_vals records.                         
           INFO     Inserted 80 probe_fmod_values records for                   
                    085_fourU_A8C_30c_b_1_p (GAmodrate).                        
           INFO     Wrote per-read histogram for 085_fourU_A8C_30c_b_1_p        
                    (Modified) to                                               
                    examples/all_mutcounts/mut_count/mut_count___cfg-f1b3964/art
                    ifacts/085_fourU_A8C_30c_b_1_p/per_read_histogram.txt       
           INFO     Wrote per-read histogram for 085_fourU_A8C_30c_b_1_p (GA) to
                    examples/all_mutcounts/mut_count/mut_count___cfg-f1b3964/art
                    ifacts/085_fourU_A8C_30c_b_1_p/per_read_histogram.txtga     
           INFO     Found ShapeMapper profile for 086_fourU_A8C_30c_b_2_p at    
                    examples/all_mutcounts/mut_count/mut_count___cfg-f1b3964/art
                    ifacts/086_fourU_A8C_30c_b_2_p/086_fourU_A8C_30c_b_2_p_086_f
                    ourU_A8C_30c_b_2_p_profile.txt                              
           INFO     Inserted probe_fmod_run for sample ID 673 (Run ID: 553)     
           INFO     Inserted probe_fmod_run 553 for sample                      
                    086_fourU_A8C_30c_b_2_p                                     
           INFO     Bulk inserted 80 fmod_vals records.                         
           INFO     Inserted 80 probe_fmod_values records for                   
                    086_fourU_A8C_30c_b_2_p (modrate).                          
           INFO     Bulk inserted 80 fmod_vals records.                         
           INFO     Inserted 80 probe_fmod_values records for                   
                    086_fourU_A8C_30c_b_2_p (GAmodrate).                        
           INFO     Wrote per-read histogram for 086_fourU_A8C_30c_b_2_p        
                    (Modified) to                                               
                    examples/all_mutcounts/mut_count/mut_count___cfg-f1b3964/art
                    ifacts/086_fourU_A8C_30c_b_2_p/per_read_histogram.txt       
           INFO     Wrote per-read histogram for 086_fourU_A8C_30c_b_2_p (GA) to
                    examples/all_mutcounts/mut_count/mut_count___cfg-f1b3964/art
                    ifacts/086_fourU_A8C_30c_b_2_p/per_read_histogram.txtga     
           INFO     Found ShapeMapper profile for 091_fourU_A8C30c_b_6_p at     
                    examples/all_mutcounts/mut_count/mut_count___cfg-f1b3964/art
                    ifacts/091_fourU_A8C30c_b_6_p/091_fourU_A8C30c_b_6_p_091_fou
                    rU_A8C30c_b_6_p_profile.txt                                 
           INFO     Inserted probe_fmod_run for sample ID 774 (Run ID: 554)     
           INFO     Inserted probe_fmod_run 554 for sample                      
                    091_fourU_A8C30c_b_6_p                                      
           INFO     Bulk inserted 80 fmod_vals records.                         
           INFO     Inserted 80 probe_fmod_values records for                   
                    091_fourU_A8C30c_b_6_p (modrate).                           
           INFO     Bulk inserted 80 fmod_vals records.                         
           INFO     Inserted 80 probe_fmod_values records for                   
                    091_fourU_A8C30c_b_6_p (GAmodrate).                         
           INFO     Wrote per-read histogram for 091_fourU_A8C30c_b_6_p         
                    (Modified) to                                               
                    examples/all_mutcounts/mut_count/mut_count___cfg-f1b3964/art
                    ifacts/091_fourU_A8C30c_b_6_p/per_read_histogram.txt        
           INFO     Wrote per-read histogram for 091_fourU_A8C30c_b_6_p (GA) to 
                    examples/all_mutcounts/mut_count/mut_count___cfg-f1b3964/art
                    ifacts/091_fourU_A8C30c_b_6_p/per_read_histogram.txtga      
           INFO     Found ShapeMapper profile for 087_fourU_A8C_30c_b_3_p at    
                    examples/all_mutcounts/mut_count/mut_count___cfg-f1b3964/art
                    ifacts/087_fourU_A8C_30c_b_3_p/087_fourU_A8C_30c_b_3_p_087_f
                    ourU_A8C_30c_b_3_p_profile.txt                              
           INFO     Inserted probe_fmod_run for sample ID 674 (Run ID: 555)     
           INFO     Inserted probe_fmod_run 555 for sample                      
                    087_fourU_A8C_30c_b_3_p                                     
           INFO     Bulk inserted 80 fmod_vals records.                         
           INFO     Inserted 80 probe_fmod_values records for                   
                    087_fourU_A8C_30c_b_3_p (modrate).                          
           INFO     Bulk inserted 80 fmod_vals records.                         
           INFO     Inserted 80 probe_fmod_values records for                   
                    087_fourU_A8C_30c_b_3_p (GAmodrate).                        
           INFO     Wrote per-read histogram for 087_fourU_A8C_30c_b_3_p        
                    (Modified) to                                               
                    examples/all_mutcounts/mut_count/mut_count___cfg-f1b3964/art
                    ifacts/087_fourU_A8C_30c_b_3_p/per_read_histogram.txt       
           INFO     Wrote per-read histogram for 087_fourU_A8C_30c_b_3_p (GA) to
                    examples/all_mutcounts/mut_count/mut_count___cfg-f1b3964/art
                    ifacts/087_fourU_A8C_30c_b_3_p/per_read_histogram.txtga     
           INFO     Found ShapeMapper profile for 088_fourU_A8C_30c_b_4_p at    
                    examples/all_mutcounts/mut_count/mut_count___cfg-f1b3964/art
                    ifacts/088_fourU_A8C_30c_b_4_p/088_fourU_A8C_30c_b_4_p_088_f
                    ourU_A8C_30c_b_4_p_profile.txt                              
           INFO     Inserted probe_fmod_run for sample ID 675 (Run ID: 556)     
           INFO     Inserted probe_fmod_run 556 for sample                      
                    088_fourU_A8C_30c_b_4_p                                     
           INFO     Bulk inserted 80 fmod_vals records.                         
           INFO     Inserted 80 probe_fmod_values records for                   
                    088_fourU_A8C_30c_b_4_p (modrate).                          
           INFO     Bulk inserted 80 fmod_vals records.                         
           INFO     Inserted 80 probe_fmod_values records for                   
                    088_fourU_A8C_30c_b_4_p (GAmodrate).                        
           INFO     Wrote per-read histogram for 088_fourU_A8C_30c_b_4_p        
                    (Modified) to                                               
                    examples/all_mutcounts/mut_count/mut_count___cfg-f1b3964/art
                    ifacts/088_fourU_A8C_30c_b_4_p/per_read_histogram.txt       
           INFO     Wrote per-read histogram for 088_fourU_A8C_30c_b_4_p (GA) to
                    examples/all_mutcounts/mut_count/mut_count___cfg-f1b3964/art
                    ifacts/088_fourU_A8C_30c_b_4_p/per_read_histogram.txtga     
           INFO     Found ShapeMapper profile for 089_fourU_A8C_30c_b_5_p at    
                    examples/all_mutcounts/mut_count/mut_count___cfg-f1b3964/art
                    ifacts/089_fourU_A8C_30c_b_5_p/089_fourU_A8C_30c_b_5_p_089_f
                    ourU_A8C_30c_b_5_p_profile.txt                              
           INFO     Inserted probe_fmod_run for sample ID 676 (Run ID: 557)     
           INFO     Inserted probe_fmod_run 557 for sample                      
                    089_fourU_A8C_30c_b_5_p                                     
           INFO     Bulk inserted 80 fmod_vals records.                         
           INFO     Inserted 80 probe_fmod_values records for                   
                    089_fourU_A8C_30c_b_5_p (modrate).                          
           INFO     Bulk inserted 80 fmod_vals records.                         
           INFO     Inserted 80 probe_fmod_values records for                   
                    089_fourU_A8C_30c_b_5_p (GAmodrate).                        
           INFO     Wrote per-read histogram for 089_fourU_A8C_30c_b_5_p        
                    (Modified) to                                               
                    examples/all_mutcounts/mut_count/mut_count___cfg-f1b3964/art
                    ifacts/089_fourU_A8C_30c_b_5_p/per_read_histogram.txt       
           INFO     Wrote per-read histogram for 089_fourU_A8C_30c_b_5_p (GA) to
                    examples/all_mutcounts/mut_count/mut_count___cfg-f1b3964/art
                    ifacts/089_fourU_A8C_30c_b_5_p/per_read_histogram.txtga     
           INFO     Found ShapeMapper profile for 090_fourU_A8C_30c_b_6_p at    
                    examples/all_mutcounts/mut_count/mut_count___cfg-f1b3964/art
                    ifacts/090_fourU_A8C_30c_b_6_p/090_fourU_A8C_30c_b_6_p_090_f
                    ourU_A8C_30c_b_6_p_profile.txt                              
           INFO     Inserted probe_fmod_run for sample ID 677 (Run ID: 558)     
           INFO     Inserted probe_fmod_run 558 for sample                      
                    090_fourU_A8C_30c_b_6_p                                     
           INFO     Bulk inserted 80 fmod_vals records.                         
           INFO     Inserted 80 probe_fmod_values records for                   
                    090_fourU_A8C_30c_b_6_p (modrate).                          
           INFO     Bulk inserted 80 fmod_vals records.                         
           INFO     Inserted 80 probe_fmod_values records for                   
                    090_fourU_A8C_30c_b_6_p (GAmodrate).                        
           INFO     Wrote per-read histogram for 090_fourU_A8C_30c_b_6_p        
                    (Modified) to                                               
                    examples/all_mutcounts/mut_count/mut_count___cfg-f1b3964/art
                    ifacts/090_fourU_A8C_30c_b_6_p/per_read_histogram.txt       
           INFO     Wrote per-read histogram for 090_fourU_A8C_30c_b_6_p (GA) to
                    examples/all_mutcounts/mut_count/mut_count___cfg-f1b3964/art
                    ifacts/090_fourU_A8C_30c_b_6_p/per_read_histogram.txtga     
           INFO     Found ShapeMapper profile for 094_fourU_A8C30c_b_6_m at     
                    examples/all_mutcounts/mut_count/mut_count___cfg-f1b3964/art
                    ifacts/094_fourU_A8C30c_b_6_m/094_fourU_A8C30c_b_6_m_094_fou
                    rU_A8C30c_b_6_m_profile.txt                                 
           INFO     Inserted probe_fmod_run for sample ID 777 (Run ID: 559)     
           INFO     Inserted probe_fmod_run 559 for sample                      
                    094_fourU_A8C30c_b_6_m                                      
           INFO     Bulk inserted 80 fmod_vals records.                         
           INFO     Inserted 80 probe_fmod_values records for                   
                    094_fourU_A8C30c_b_6_m (modrate).                           
           INFO     Bulk inserted 80 fmod_vals records.                         
           INFO     Inserted 80 probe_fmod_values records for                   
                    094_fourU_A8C30c_b_6_m (GAmodrate).                         
           INFO     Wrote per-read histogram for 094_fourU_A8C30c_b_6_m         
                    (Modified) to                                               
                    examples/all_mutcounts/mut_count/mut_count___cfg-f1b3964/art
                    ifacts/094_fourU_A8C30c_b_6_m/per_read_histogram.txt        
           INFO     Wrote per-read histogram for 094_fourU_A8C30c_b_6_m (GA) to 
                    examples/all_mutcounts/mut_count/mut_count___cfg-f1b3964/art
                    ifacts/094_fourU_A8C30c_b_6_m/per_read_histogram.txtga      
           INFO     mut_count completed. Profiles found for 8/8 samples;        
                    ingested 8 run(s).                                          
           INFO     Finished task ID 53 with state 'completed'                  
           INFO     Task 'mut_count' (ID: 53) completed successfully.           
           INFO     Updated 'latest' symlink for task 'mut_count' to point to   
                    /gpfs/projects/b1044/Computational_Output/EKC/EKC.01_SHAPE_s
                    tandardization/EKC.01.065.refactoring_data_analysis/nerd/exa
                    mples/all_mutcounts/mut_count/mut_count___cfg-f1b3964       
