[15:30:02] INFO     Executing 'run' command for step: 'mut_count'               
[15:30:02] INFO     Database schema initialized successfully.                   
           INFO     Created run directory:                                      
                    examples/all_mutcounts/mut_count/mut_count___cfg-37dbb41    
           INFO     Executing task 'mut_count' in run directory:                
                    examples/all_mutcounts/mut_count/mut_count___cfg-37dbb41    
           INFO     Resolved reaction_group 30_4 to 7 sample(s).                
           INFO     Began task 'mut_count' (ID: 52) for rg:56                   
                    (cfg=37dbb411fe19eeade291b182e1daebe20eb1554e472d6ce38bba5ee
                    c3c47cecf)                                                  
           INFO     Starting command (backend=local) in                         
                    examples/all_mutcounts/mut_count/mut_count___cfg-37dbb41    
           INFO     Executing command locally. Log file:                        
                    examples/all_mutcounts/mut_count/mut_count___cfg-37dbb41/com
                    mand.log                                                    
[15:46:01] INFO     Command finished with exit code: 0                          
           INFO     Logged attempt #1 for task ID 52 (Attempt ID: 40)           
           INFO     Command completed successfully. Consuming outputs.          
           INFO     Found ShapeMapper profile for 079-fourU-WT-30c-b-1-p at     
                    examples/all_mutcounts/mut_count/mut_count___cfg-37dbb41/art
                    ifacts/079-fourU-WT-30c-b-1-p/079-fourU-WT-30c-b-1-p_079-fou
                    rU-WT-30c-b-1-p_profile.txt                                 
           INFO     Inserted probe_fmod_run for sample ID 570 (Run ID: 293)     
           INFO     Inserted probe_fmod_run 293 for sample                      
                    079-fourU-WT-30c-b-1-p                                      
[15:46:02] INFO     Bulk inserted 80 fmod_vals records.                         
           INFO     Inserted 80 probe_fmod_values records for                   
                    079-fourU-WT-30c-b-1-p (modrate).                           
           INFO     Bulk inserted 80 fmod_vals records.                         
           INFO     Inserted 80 probe_fmod_values records for                   
                    079-fourU-WT-30c-b-1-p (GAmodrate).                         
           INFO     Wrote per-read histogram for 079-fourU-WT-30c-b-1-p         
                    (Modified) to                                               
                    examples/all_mutcounts/mut_count/mut_count___cfg-37dbb41/art
                    ifacts/079-fourU-WT-30c-b-1-p/per_read_histogram.txt        
           INFO     Wrote per-read histogram for 079-fourU-WT-30c-b-1-p (GA) to 
                    examples/all_mutcounts/mut_count/mut_count___cfg-37dbb41/art
                    ifacts/079-fourU-WT-30c-b-1-p/per_read_histogram.txtga      
           INFO     Found ShapeMapper profile for 080-fourU-WT-30c-b-2-p at     
                    examples/all_mutcounts/mut_count/mut_count___cfg-37dbb41/art
                    ifacts/080-fourU-WT-30c-b-2-p/080-fourU-WT-30c-b-2-p_080-fou
                    rU-WT-30c-b-2-p_profile.txt                                 
           INFO     Inserted probe_fmod_run for sample ID 571 (Run ID: 294)     
           INFO     Inserted probe_fmod_run 294 for sample                      
                    080-fourU-WT-30c-b-2-p                                      
           INFO     Bulk inserted 80 fmod_vals records.                         
           INFO     Inserted 80 probe_fmod_values records for                   
                    080-fourU-WT-30c-b-2-p (modrate).                           
           INFO     Bulk inserted 80 fmod_vals records.                         
           INFO     Inserted 80 probe_fmod_values records for                   
                    080-fourU-WT-30c-b-2-p (GAmodrate).                         
           INFO     Wrote per-read histogram for 080-fourU-WT-30c-b-2-p         
                    (Modified) to                                               
                    examples/all_mutcounts/mut_count/mut_count___cfg-37dbb41/art
                    ifacts/080-fourU-WT-30c-b-2-p/per_read_histogram.txt        
           INFO     Wrote per-read histogram for 080-fourU-WT-30c-b-2-p (GA) to 
                    examples/all_mutcounts/mut_count/mut_count___cfg-37dbb41/art
                    ifacts/080-fourU-WT-30c-b-2-p/per_read_histogram.txtga      
           INFO     Found ShapeMapper profile for 081-fourU-WT-30c-b-3-p at     
                    examples/all_mutcounts/mut_count/mut_count___cfg-37dbb41/art
                    ifacts/081-fourU-WT-30c-b-3-p/081-fourU-WT-30c-b-3-p_081-fou
                    rU-WT-30c-b-3-p_profile.txt                                 
           INFO     Inserted probe_fmod_run for sample ID 572 (Run ID: 295)     
           INFO     Inserted probe_fmod_run 295 for sample                      
                    081-fourU-WT-30c-b-3-p                                      
           INFO     Bulk inserted 80 fmod_vals records.                         
           INFO     Inserted 80 probe_fmod_values records for                   
                    081-fourU-WT-30c-b-3-p (modrate).                           
           INFO     Bulk inserted 80 fmod_vals records.                         
           INFO     Inserted 80 probe_fmod_values records for                   
                    081-fourU-WT-30c-b-3-p (GAmodrate).                         
           INFO     Wrote per-read histogram for 081-fourU-WT-30c-b-3-p         
                    (Modified) to                                               
                    examples/all_mutcounts/mut_count/mut_count___cfg-37dbb41/art
                    ifacts/081-fourU-WT-30c-b-3-p/per_read_histogram.txt        
           INFO     Wrote per-read histogram for 081-fourU-WT-30c-b-3-p (GA) to 
                    examples/all_mutcounts/mut_count/mut_count___cfg-37dbb41/art
                    ifacts/081-fourU-WT-30c-b-3-p/per_read_histogram.txtga      
           INFO     Found ShapeMapper profile for 082-fourU-WT-30c-b-4-p at     
                    examples/all_mutcounts/mut_count/mut_count___cfg-37dbb41/art
                    ifacts/082-fourU-WT-30c-b-4-p/082-fourU-WT-30c-b-4-p_082-fou
                    rU-WT-30c-b-4-p_profile.txt                                 
           INFO     Inserted probe_fmod_run for sample ID 573 (Run ID: 296)     
           INFO     Inserted probe_fmod_run 296 for sample                      
                    082-fourU-WT-30c-b-4-p                                      
           INFO     Bulk inserted 80 fmod_vals records.                         
           INFO     Inserted 80 probe_fmod_values records for                   
                    082-fourU-WT-30c-b-4-p (modrate).                           
           INFO     Bulk inserted 80 fmod_vals records.                         
           INFO     Inserted 80 probe_fmod_values records for                   
                    082-fourU-WT-30c-b-4-p (GAmodrate).                         
           INFO     Wrote per-read histogram for 082-fourU-WT-30c-b-4-p         
                    (Modified) to                                               
                    examples/all_mutcounts/mut_count/mut_count___cfg-37dbb41/art
                    ifacts/082-fourU-WT-30c-b-4-p/per_read_histogram.txt        
           INFO     Wrote per-read histogram for 082-fourU-WT-30c-b-4-p (GA) to 
                    examples/all_mutcounts/mut_count/mut_count___cfg-37dbb41/art
                    ifacts/082-fourU-WT-30c-b-4-p/per_read_histogram.txtga      
           INFO     Found ShapeMapper profile for 083-fourU-WT-30c-b-5-p at     
                    examples/all_mutcounts/mut_count/mut_count___cfg-37dbb41/art
                    ifacts/083-fourU-WT-30c-b-5-p/083-fourU-WT-30c-b-5-p_083-fou
                    rU-WT-30c-b-5-p_profile.txt                                 
           INFO     Inserted probe_fmod_run for sample ID 574 (Run ID: 297)     
           INFO     Inserted probe_fmod_run 297 for sample                      
                    083-fourU-WT-30c-b-5-p                                      
           INFO     Bulk inserted 80 fmod_vals records.                         
           INFO     Inserted 80 probe_fmod_values records for                   
                    083-fourU-WT-30c-b-5-p (modrate).                           
           INFO     Bulk inserted 80 fmod_vals records.                         
           INFO     Inserted 80 probe_fmod_values records for                   
                    083-fourU-WT-30c-b-5-p (GAmodrate).                         
           INFO     Wrote per-read histogram for 083-fourU-WT-30c-b-5-p         
                    (Modified) to                                               
                    examples/all_mutcounts/mut_count/mut_count___cfg-37dbb41/art
                    ifacts/083-fourU-WT-30c-b-5-p/per_read_histogram.txt        
           INFO     Wrote per-read histogram for 083-fourU-WT-30c-b-5-p (GA) to 
                    examples/all_mutcounts/mut_count/mut_count___cfg-37dbb41/art
                    ifacts/083-fourU-WT-30c-b-5-p/per_read_histogram.txtga      
           INFO     Found ShapeMapper profile for 083_fourU_WT30c_b_6_m at      
                    examples/all_mutcounts/mut_count/mut_count___cfg-37dbb41/art
                    ifacts/083_fourU_WT30c_b_6_m/083_fourU_WT30c_b_6_m_083_fourU
                    _WT30c_b_6_m_profile.txt                                    
           INFO     Inserted probe_fmod_run for sample ID 766 (Run ID: 298)     
           INFO     Inserted probe_fmod_run 298 for sample 083_fourU_WT30c_b_6_m
           INFO     Bulk inserted 80 fmod_vals records.                         
           INFO     Inserted 80 probe_fmod_values records for                   
                    083_fourU_WT30c_b_6_m (modrate).                            
           INFO     Bulk inserted 80 fmod_vals records.                         
           INFO     Inserted 80 probe_fmod_values records for                   
                    083_fourU_WT30c_b_6_m (GAmodrate).                          
           INFO     Wrote per-read histogram for 083_fourU_WT30c_b_6_m          
                    (Modified) to                                               
                    examples/all_mutcounts/mut_count/mut_count___cfg-37dbb41/art
                    ifacts/083_fourU_WT30c_b_6_m/per_read_histogram.txt         
           INFO     Wrote per-read histogram for 083_fourU_WT30c_b_6_m (GA) to  
                    examples/all_mutcounts/mut_count/mut_count___cfg-37dbb41/art
                    ifacts/083_fourU_WT30c_b_6_m/per_read_histogram.txtga       
           INFO     Found ShapeMapper profile for 084-fourU-WT-30c-b-6-p at     
                    examples/all_mutcounts/mut_count/mut_count___cfg-37dbb41/art
                    ifacts/084-fourU-WT-30c-b-6-p/084-fourU-WT-30c-b-6-p_084-fou
                    rU-WT-30c-b-6-p_profile.txt                                 
           INFO     Inserted probe_fmod_run for sample ID 575 (Run ID: 299)     
           INFO     Inserted probe_fmod_run 299 for sample                      
                    084-fourU-WT-30c-b-6-p                                      
           INFO     Bulk inserted 80 fmod_vals records.                         
           INFO     Inserted 80 probe_fmod_values records for                   
                    084-fourU-WT-30c-b-6-p (modrate).                           
           INFO     Bulk inserted 80 fmod_vals records.                         
           INFO     Inserted 80 probe_fmod_values records for                   
                    084-fourU-WT-30c-b-6-p (GAmodrate).                         
           INFO     Wrote per-read histogram for 084-fourU-WT-30c-b-6-p         
                    (Modified) to                                               
                    examples/all_mutcounts/mut_count/mut_count___cfg-37dbb41/art
                    ifacts/084-fourU-WT-30c-b-6-p/per_read_histogram.txt        
           INFO     Wrote per-read histogram for 084-fourU-WT-30c-b-6-p (GA) to 
                    examples/all_mutcounts/mut_count/mut_count___cfg-37dbb41/art
                    ifacts/084-fourU-WT-30c-b-6-p/per_read_histogram.txtga      
           INFO     mut_count completed. Profiles found for 7/7 samples;        
                    ingested 7 run(s).                                          
           INFO     Finished task ID 52 with state 'completed'                  
           INFO     Task 'mut_count' (ID: 52) completed successfully.           
           INFO     Updated 'latest' symlink for task 'mut_count' to point to   
                    /gpfs/projects/b1044/Computational_Output/EKC/EKC.01_SHAPE_s
                    tandardization/EKC.01.065.refactoring_data_analysis/nerd/exa
                    mples/all_mutcounts/mut_count/mut_count___cfg-37dbb41       
