[15:59:00] INFO     Executing 'run' command for step: 'mut_count'               
[15:59:00] INFO     Database schema initialized successfully.                   
           INFO     Created run directory:                                      
                    examples/all_mutcounts/mut_count/mut_count___cfg-fb3f1b9    
           INFO     Executing task 'mut_count' in run directory:                
                    examples/all_mutcounts/mut_count/mut_count___cfg-fb3f1b9    
           INFO     Resolved reaction_group 42_2_A8C to 7 sample(s).            
           INFO     Began task 'mut_count' (ID: 65) for rg:66                   
                    (cfg=fb3f1b99d302d9c5be6da5c27d84bb6c83b04ced7454bbea29a6ab3
                    63d2afcc4)                                                  
           INFO     Starting command (backend=local) in                         
                    examples/all_mutcounts/mut_count/mut_count___cfg-fb3f1b9    
           INFO     Executing command locally. Log file:                        
                    examples/all_mutcounts/mut_count/mut_count___cfg-fb3f1b9/com
                    mand.log                                                    
[17:32:33] INFO     Command finished with exit code: 0                          
           INFO     Logged attempt #1 for task ID 65 (Attempt ID: 74)           
           INFO     Command completed successfully. Consuming outputs.          
           INFO     Found ShapeMapper profile for 043_fourU_A8C_42c_b_1_p at    
                    examples/all_mutcounts/mut_count/mut_count___cfg-fb3f1b9/art
                    ifacts/043_fourU_A8C_42c_b_1_p/043_fourU_A8C_42c_b_1_p_043_f
                    ourU_A8C_42c_b_1_p_profile.txt                              
           INFO     Inserted probe_fmod_run for sample ID 630 (Run ID: 594)     
           INFO     Inserted probe_fmod_run 594 for sample                      
                    043_fourU_A8C_42c_b_1_p                                     
           INFO     Bulk inserted 80 fmod_vals records.                         
           INFO     Inserted 80 probe_fmod_values records for                   
                    043_fourU_A8C_42c_b_1_p (modrate).                          
           INFO     Bulk inserted 80 fmod_vals records.                         
           INFO     Inserted 80 probe_fmod_values records for                   
                    043_fourU_A8C_42c_b_1_p (GAmodrate).                        
           INFO     Wrote per-read histogram for 043_fourU_A8C_42c_b_1_p        
                    (Modified) to                                               
                    examples/all_mutcounts/mut_count/mut_count___cfg-fb3f1b9/art
                    ifacts/043_fourU_A8C_42c_b_1_p/per_read_histogram.txt       
           INFO     Wrote per-read histogram for 043_fourU_A8C_42c_b_1_p (GA) to
                    examples/all_mutcounts/mut_count/mut_count___cfg-fb3f1b9/art
                    ifacts/043_fourU_A8C_42c_b_1_p/per_read_histogram.txtga     
           INFO     Found ShapeMapper profile for 044_fourU_A8C_42c_b_2_p at    
                    examples/all_mutcounts/mut_count/mut_count___cfg-fb3f1b9/art
                    ifacts/044_fourU_A8C_42c_b_2_p/044_fourU_A8C_42c_b_2_p_044_f
                    ourU_A8C_42c_b_2_p_profile.txt                              
           INFO     Inserted probe_fmod_run for sample ID 631 (Run ID: 595)     
           INFO     Inserted probe_fmod_run 595 for sample                      
                    044_fourU_A8C_42c_b_2_p                                     
           INFO     Bulk inserted 80 fmod_vals records.                         
           INFO     Inserted 80 probe_fmod_values records for                   
                    044_fourU_A8C_42c_b_2_p (modrate).                          
           INFO     Bulk inserted 80 fmod_vals records.                         
           INFO     Inserted 80 probe_fmod_values records for                   
                    044_fourU_A8C_42c_b_2_p (GAmodrate).                        
           INFO     Wrote per-read histogram for 044_fourU_A8C_42c_b_2_p        
                    (Modified) to                                               
                    examples/all_mutcounts/mut_count/mut_count___cfg-fb3f1b9/art
                    ifacts/044_fourU_A8C_42c_b_2_p/per_read_histogram.txt       
           INFO     Wrote per-read histogram for 044_fourU_A8C_42c_b_2_p (GA) to
                    examples/all_mutcounts/mut_count/mut_count___cfg-fb3f1b9/art
                    ifacts/044_fourU_A8C_42c_b_2_p/per_read_histogram.txtga     
           INFO     Found ShapeMapper profile for 045_fourU_A8C_42c_b_3_p at    
                    examples/all_mutcounts/mut_count/mut_count___cfg-fb3f1b9/art
                    ifacts/045_fourU_A8C_42c_b_3_p/045_fourU_A8C_42c_b_3_p_045_f
                    ourU_A8C_42c_b_3_p_profile.txt                              
           INFO     Inserted probe_fmod_run for sample ID 632 (Run ID: 596)     
           INFO     Inserted probe_fmod_run 596 for sample                      
                    045_fourU_A8C_42c_b_3_p                                     
           INFO     Bulk inserted 80 fmod_vals records.                         
           INFO     Inserted 80 probe_fmod_values records for                   
                    045_fourU_A8C_42c_b_3_p (modrate).                          
           INFO     Bulk inserted 80 fmod_vals records.                         
           INFO     Inserted 80 probe_fmod_values records for                   
                    045_fourU_A8C_42c_b_3_p (GAmodrate).                        
           INFO     Wrote per-read histogram for 045_fourU_A8C_42c_b_3_p        
                    (Modified) to                                               
                    examples/all_mutcounts/mut_count/mut_count___cfg-fb3f1b9/art
                    ifacts/045_fourU_A8C_42c_b_3_p/per_read_histogram.txt       
           INFO     Wrote per-read histogram for 045_fourU_A8C_42c_b_3_p (GA) to
                    examples/all_mutcounts/mut_count/mut_count___cfg-fb3f1b9/art
                    ifacts/045_fourU_A8C_42c_b_3_p/per_read_histogram.txtga     
           INFO     Found ShapeMapper profile for 046_fourU_A8C_42c_b_4_p at    
                    examples/all_mutcounts/mut_count/mut_count___cfg-fb3f1b9/art
                    ifacts/046_fourU_A8C_42c_b_4_p/046_fourU_A8C_42c_b_4_p_046_f
                    ourU_A8C_42c_b_4_p_profile.txt                              
           INFO     Inserted probe_fmod_run for sample ID 633 (Run ID: 597)     
           INFO     Inserted probe_fmod_run 597 for sample                      
                    046_fourU_A8C_42c_b_4_p                                     
           INFO     Bulk inserted 80 fmod_vals records.                         
           INFO     Inserted 80 probe_fmod_values records for                   
                    046_fourU_A8C_42c_b_4_p (modrate).                          
           INFO     Bulk inserted 80 fmod_vals records.                         
           INFO     Inserted 80 probe_fmod_values records for                   
                    046_fourU_A8C_42c_b_4_p (GAmodrate).                        
           INFO     Wrote per-read histogram for 046_fourU_A8C_42c_b_4_p        
                    (Modified) to                                               
                    examples/all_mutcounts/mut_count/mut_count___cfg-fb3f1b9/art
                    ifacts/046_fourU_A8C_42c_b_4_p/per_read_histogram.txt       
           INFO     Wrote per-read histogram for 046_fourU_A8C_42c_b_4_p (GA) to
                    examples/all_mutcounts/mut_count/mut_count___cfg-fb3f1b9/art
                    ifacts/046_fourU_A8C_42c_b_4_p/per_read_histogram.txtga     
           INFO     Found ShapeMapper profile for 047_fourU_A8C_42c_b_5_p at    
                    examples/all_mutcounts/mut_count/mut_count___cfg-fb3f1b9/art
                    ifacts/047_fourU_A8C_42c_b_5_p/047_fourU_A8C_42c_b_5_p_047_f
                    ourU_A8C_42c_b_5_p_profile.txt                              
           INFO     Inserted probe_fmod_run for sample ID 634 (Run ID: 598)     
           INFO     Inserted probe_fmod_run 598 for sample                      
                    047_fourU_A8C_42c_b_5_p                                     
           INFO     Bulk inserted 80 fmod_vals records.                         
           INFO     Inserted 80 probe_fmod_values records for                   
                    047_fourU_A8C_42c_b_5_p (modrate).                          
           INFO     Bulk inserted 80 fmod_vals records.                         
           INFO     Inserted 80 probe_fmod_values records for                   
                    047_fourU_A8C_42c_b_5_p (GAmodrate).                        
           INFO     Wrote per-read histogram for 047_fourU_A8C_42c_b_5_p        
                    (Modified) to                                               
                    examples/all_mutcounts/mut_count/mut_count___cfg-fb3f1b9/art
                    ifacts/047_fourU_A8C_42c_b_5_p/per_read_histogram.txt       
           INFO     Wrote per-read histogram for 047_fourU_A8C_42c_b_5_p (GA) to
                    examples/all_mutcounts/mut_count/mut_count___cfg-fb3f1b9/art
                    ifacts/047_fourU_A8C_42c_b_5_p/per_read_histogram.txtga     
           INFO     Found ShapeMapper profile for 048_fourU_A8C_42c_b_6_p at    
                    examples/all_mutcounts/mut_count/mut_count___cfg-fb3f1b9/art
                    ifacts/048_fourU_A8C_42c_b_6_p/048_fourU_A8C_42c_b_6_p_048_f
                    ourU_A8C_42c_b_6_p_profile.txt                              
           INFO     Inserted probe_fmod_run for sample ID 635 (Run ID: 599)     
           INFO     Inserted probe_fmod_run 599 for sample                      
                    048_fourU_A8C_42c_b_6_p                                     
           INFO     Bulk inserted 80 fmod_vals records.                         
           INFO     Inserted 80 probe_fmod_values records for                   
                    048_fourU_A8C_42c_b_6_p (modrate).                          
           INFO     Bulk inserted 80 fmod_vals records.                         
           INFO     Inserted 80 probe_fmod_values records for                   
                    048_fourU_A8C_42c_b_6_p (GAmodrate).                        
           INFO     Wrote per-read histogram for 048_fourU_A8C_42c_b_6_p        
                    (Modified) to                                               
                    examples/all_mutcounts/mut_count/mut_count___cfg-fb3f1b9/art
                    ifacts/048_fourU_A8C_42c_b_6_p/per_read_histogram.txt       
           INFO     Wrote per-read histogram for 048_fourU_A8C_42c_b_6_p (GA) to
                    examples/all_mutcounts/mut_count/mut_count___cfg-fb3f1b9/art
                    ifacts/048_fourU_A8C_42c_b_6_p/per_read_histogram.txtga     
           INFO     Found ShapeMapper profile for 069_fourU_A8C42c_b_6_m at     
                    examples/all_mutcounts/mut_count/mut_count___cfg-fb3f1b9/art
                    ifacts/069_fourU_A8C42c_b_6_m/069_fourU_A8C42c_b_6_m_069_fou
                    rU_A8C42c_b_6_m_profile.txt                                 
           INFO     Inserted probe_fmod_run for sample ID 752 (Run ID: 600)     
           INFO     Inserted probe_fmod_run 600 for sample                      
                    069_fourU_A8C42c_b_6_m                                      
           INFO     Bulk inserted 80 fmod_vals records.                         
           INFO     Inserted 80 probe_fmod_values records for                   
                    069_fourU_A8C42c_b_6_m (modrate).                           
           INFO     Bulk inserted 80 fmod_vals records.                         
           INFO     Inserted 80 probe_fmod_values records for                   
                    069_fourU_A8C42c_b_6_m (GAmodrate).                         
           INFO     Wrote per-read histogram for 069_fourU_A8C42c_b_6_m         
                    (Modified) to                                               
                    examples/all_mutcounts/mut_count/mut_count___cfg-fb3f1b9/art
                    ifacts/069_fourU_A8C42c_b_6_m/per_read_histogram.txt        
           INFO     Wrote per-read histogram for 069_fourU_A8C42c_b_6_m (GA) to 
                    examples/all_mutcounts/mut_count/mut_count___cfg-fb3f1b9/art
                    ifacts/069_fourU_A8C42c_b_6_m/per_read_histogram.txtga      
           INFO     mut_count completed. Profiles found for 7/7 samples;        
                    ingested 7 run(s).                                          
           INFO     Finished task ID 65 with state 'completed'                  
           INFO     Task 'mut_count' (ID: 65) completed successfully.           
           INFO     Updated 'latest' symlink for task 'mut_count' to point to   
                    /gpfs/projects/b1044/Computational_Output/EKC/EKC.01_SHAPE_s
                    tandardization/EKC.01.065.refactoring_data_analysis/nerd/exa
                    mples/all_mutcounts/mut_count/mut_count___cfg-fb3f1b9       
