[14:54:59] INFO     Executing 'run' command for step: 'mut_count'               
[14:54:59] INFO     Database schema initialized successfully.                   
           INFO     Created run directory:                                      
                    examples/all_mutcounts/mut_count/mut_count___cfg-6f79a7f    
           INFO     Executing task 'mut_count' in run directory:                
                    examples/all_mutcounts/mut_count/mut_count___cfg-6f79a7f    
           INFO     Resolved reaction_group 30_1 to 6 sample(s).                
           INFO     Began task 'mut_count' (ID: 46) for rg:33                   
                    (cfg=6f79a7f297df0a5d19d99acedbd3a77d86f9535646d2daecbae8713
                    9cdecb23a)                                                  
           INFO     Starting command (backend=local) in                         
                    examples/all_mutcounts/mut_count/mut_count___cfg-6f79a7f    
           INFO     Executing command locally. Log file:                        
                    examples/all_mutcounts/mut_count/mut_count___cfg-6f79a7f/com
                    mand.log                                                    
[14:58:48] INFO     Command finished with exit code: 0                          
           INFO     Logged attempt #1 for task ID 46 (Attempt ID: 28)           
           INFO     Command completed successfully. Consuming outputs.          
           INFO     Found ShapeMapper profile for 055-EKC-WT-30c-a-1-p at       
                    examples/all_mutcounts/mut_count/mut_count___cfg-6f79a7f/art
                    ifacts/055-EKC-WT-30c-a-1-p/055-EKC-WT-30c-a-1-p_055-EKC-WT-
                    30c-a-1-p_profile.txt                                       
           INFO     Inserted probe_fmod_run for sample ID 360 (Run ID: 210)     
           INFO     Inserted probe_fmod_run 210 for sample 055-EKC-WT-30c-a-1-p 
           INFO     Bulk inserted 80 fmod_vals records.                         
           INFO     Inserted 80 probe_fmod_values records for                   
                    055-EKC-WT-30c-a-1-p (modrate).                             
           INFO     Bulk inserted 80 fmod_vals records.                         
           INFO     Inserted 80 probe_fmod_values records for                   
                    055-EKC-WT-30c-a-1-p (GAmodrate).                           
           INFO     Wrote per-read histogram for 055-EKC-WT-30c-a-1-p (Modified)
                    to                                                          
                    examples/all_mutcounts/mut_count/mut_count___cfg-6f79a7f/art
                    ifacts/055-EKC-WT-30c-a-1-p/per_read_histogram.txt          
           INFO     Wrote per-read histogram for 055-EKC-WT-30c-a-1-p (GA) to   
                    examples/all_mutcounts/mut_count/mut_count___cfg-6f79a7f/art
                    ifacts/055-EKC-WT-30c-a-1-p/per_read_histogram.txtga        
           INFO     Found ShapeMapper profile for 056-EKC-WT-30c-a-2-p at       
                    examples/all_mutcounts/mut_count/mut_count___cfg-6f79a7f/art
                    ifacts/056-EKC-WT-30c-a-2-p/056-EKC-WT-30c-a-2-p_056-EKC-WT-
                    30c-a-2-p_profile.txt                                       
           INFO     Inserted probe_fmod_run for sample ID 361 (Run ID: 211)     
           INFO     Inserted probe_fmod_run 211 for sample 056-EKC-WT-30c-a-2-p 
           INFO     Bulk inserted 80 fmod_vals records.                         
           INFO     Inserted 80 probe_fmod_values records for                   
                    056-EKC-WT-30c-a-2-p (modrate).                             
           INFO     Bulk inserted 80 fmod_vals records.                         
           INFO     Inserted 80 probe_fmod_values records for                   
                    056-EKC-WT-30c-a-2-p (GAmodrate).                           
           INFO     Wrote per-read histogram for 056-EKC-WT-30c-a-2-p (Modified)
                    to                                                          
                    examples/all_mutcounts/mut_count/mut_count___cfg-6f79a7f/art
                    ifacts/056-EKC-WT-30c-a-2-p/per_read_histogram.txt          
           INFO     Wrote per-read histogram for 056-EKC-WT-30c-a-2-p (GA) to   
                    examples/all_mutcounts/mut_count/mut_count___cfg-6f79a7f/art
                    ifacts/056-EKC-WT-30c-a-2-p/per_read_histogram.txtga        
           INFO     Found ShapeMapper profile for 057-EKC-WT-30c-a-3-p at       
                    examples/all_mutcounts/mut_count/mut_count___cfg-6f79a7f/art
                    ifacts/057-EKC-WT-30c-a-3-p/057-EKC-WT-30c-a-3-p_057-EKC-WT-
                    30c-a-3-p_profile.txt                                       
           INFO     Inserted probe_fmod_run for sample ID 362 (Run ID: 212)     
           INFO     Inserted probe_fmod_run 212 for sample 057-EKC-WT-30c-a-3-p 
           INFO     Bulk inserted 80 fmod_vals records.                         
           INFO     Inserted 80 probe_fmod_values records for                   
                    057-EKC-WT-30c-a-3-p (modrate).                             
           INFO     Bulk inserted 80 fmod_vals records.                         
           INFO     Inserted 80 probe_fmod_values records for                   
                    057-EKC-WT-30c-a-3-p (GAmodrate).                           
           INFO     Wrote per-read histogram for 057-EKC-WT-30c-a-3-p (Modified)
                    to                                                          
                    examples/all_mutcounts/mut_count/mut_count___cfg-6f79a7f/art
                    ifacts/057-EKC-WT-30c-a-3-p/per_read_histogram.txt          
           INFO     Wrote per-read histogram for 057-EKC-WT-30c-a-3-p (GA) to   
                    examples/all_mutcounts/mut_count/mut_count___cfg-6f79a7f/art
                    ifacts/057-EKC-WT-30c-a-3-p/per_read_histogram.txtga        
           INFO     Found ShapeMapper profile for 058-EKC-WT-30c-a-4-p at       
                    examples/all_mutcounts/mut_count/mut_count___cfg-6f79a7f/art
                    ifacts/058-EKC-WT-30c-a-4-p/058-EKC-WT-30c-a-4-p_058-EKC-WT-
                    30c-a-4-p_profile.txt                                       
           INFO     Inserted probe_fmod_run for sample ID 363 (Run ID: 213)     
           INFO     Inserted probe_fmod_run 213 for sample 058-EKC-WT-30c-a-4-p 
           INFO     Bulk inserted 80 fmod_vals records.                         
           INFO     Inserted 80 probe_fmod_values records for                   
                    058-EKC-WT-30c-a-4-p (modrate).                             
           INFO     Bulk inserted 80 fmod_vals records.                         
           INFO     Inserted 80 probe_fmod_values records for                   
                    058-EKC-WT-30c-a-4-p (GAmodrate).                           
           INFO     Wrote per-read histogram for 058-EKC-WT-30c-a-4-p (Modified)
                    to                                                          
                    examples/all_mutcounts/mut_count/mut_count___cfg-6f79a7f/art
                    ifacts/058-EKC-WT-30c-a-4-p/per_read_histogram.txt          
           INFO     Wrote per-read histogram for 058-EKC-WT-30c-a-4-p (GA) to   
                    examples/all_mutcounts/mut_count/mut_count___cfg-6f79a7f/art
                    ifacts/058-EKC-WT-30c-a-4-p/per_read_histogram.txtga        
           INFO     Found ShapeMapper profile for 059-EKC-WT-30c-a-5-p at       
                    examples/all_mutcounts/mut_count/mut_count___cfg-6f79a7f/art
                    ifacts/059-EKC-WT-30c-a-5-p/059-EKC-WT-30c-a-5-p_059-EKC-WT-
                    30c-a-5-p_profile.txt                                       
           INFO     Inserted probe_fmod_run for sample ID 364 (Run ID: 214)     
           INFO     Inserted probe_fmod_run 214 for sample 059-EKC-WT-30c-a-5-p 
           INFO     Bulk inserted 80 fmod_vals records.                         
           INFO     Inserted 80 probe_fmod_values records for                   
                    059-EKC-WT-30c-a-5-p (modrate).                             
           INFO     Bulk inserted 80 fmod_vals records.                         
           INFO     Inserted 80 probe_fmod_values records for                   
                    059-EKC-WT-30c-a-5-p (GAmodrate).                           
           INFO     Wrote per-read histogram for 059-EKC-WT-30c-a-5-p (Modified)
                    to                                                          
                    examples/all_mutcounts/mut_count/mut_count___cfg-6f79a7f/art
                    ifacts/059-EKC-WT-30c-a-5-p/per_read_histogram.txt          
           INFO     Wrote per-read histogram for 059-EKC-WT-30c-a-5-p (GA) to   
                    examples/all_mutcounts/mut_count/mut_count___cfg-6f79a7f/art
                    ifacts/059-EKC-WT-30c-a-5-p/per_read_histogram.txtga        
           INFO     Found ShapeMapper profile for 060-EKC-WT-30c-a-6-p at       
                    examples/all_mutcounts/mut_count/mut_count___cfg-6f79a7f/art
                    ifacts/060-EKC-WT-30c-a-6-p/060-EKC-WT-30c-a-6-p_060-EKC-WT-
                    30c-a-6-p_profile.txt                                       
           INFO     Inserted probe_fmod_run for sample ID 365 (Run ID: 215)     
           INFO     Inserted probe_fmod_run 215 for sample 060-EKC-WT-30c-a-6-p 
           INFO     Bulk inserted 80 fmod_vals records.                         
           INFO     Inserted 80 probe_fmod_values records for                   
                    060-EKC-WT-30c-a-6-p (modrate).                             
           INFO     Bulk inserted 80 fmod_vals records.                         
           INFO     Inserted 80 probe_fmod_values records for                   
                    060-EKC-WT-30c-a-6-p (GAmodrate).                           
           INFO     Wrote per-read histogram for 060-EKC-WT-30c-a-6-p (Modified)
                    to                                                          
                    examples/all_mutcounts/mut_count/mut_count___cfg-6f79a7f/art
                    ifacts/060-EKC-WT-30c-a-6-p/per_read_histogram.txt          
           INFO     Wrote per-read histogram for 060-EKC-WT-30c-a-6-p (GA) to   
                    examples/all_mutcounts/mut_count/mut_count___cfg-6f79a7f/art
                    ifacts/060-EKC-WT-30c-a-6-p/per_read_histogram.txtga        
           INFO     mut_count completed. Profiles found for 6/6 samples;        
                    ingested 6 run(s).                                          
           INFO     Finished task ID 46 with state 'completed'                  
           INFO     Task 'mut_count' (ID: 46) completed successfully.           
           INFO     Updated 'latest' symlink for task 'mut_count' to point to   
                    /gpfs/projects/b1044/Computational_Output/EKC/EKC.01_SHAPE_s
                    tandardization/EKC.01.065.refactoring_data_analysis/nerd/exa
                    mples/all_mutcounts/mut_count/mut_count___cfg-6f79a7f       
