[16:09:44] INFO     Executing 'run' command for step: 'mut_count'               
[16:09:44] INFO     Database schema initialized successfully.                   
           INFO     Created run directory:                                      
                    examples/all_mutcounts/mut_count/mut_count___cfg-69f997b    
           INFO     Executing task 'mut_count' in run directory:                
                    examples/all_mutcounts/mut_count/mut_count___cfg-69f997b    
           INFO     Resolved reaction_group 45_2 to 18 sample(s).               
           INFO     Began task 'mut_count' (ID: 67) for rg:11                   
                    (cfg=69f997b3e4c294f9fe6d67fac09b1540acbf75970a3688f0fc94aa0
                    e772fbcad)                                                  
           INFO     Starting command (backend=local) in                         
                    examples/all_mutcounts/mut_count/mut_count___cfg-69f997b    
           INFO     Executing command locally. Log file:                        
                    examples/all_mutcounts/mut_count/mut_count___cfg-69f997b/com
                    mand.log                                                    
[16:40:58] INFO     Command finished with exit code: 0                          
           INFO     Logged attempt #1 for task ID 67 (Attempt ID: 55)           
           INFO     Command completed successfully. Consuming outputs.          
           INFO     Found ShapeMapper profile for                               
                    013-EKC-fourUnew-WT-45C-dms-MaP-3 at                        
                    examples/all_mutcounts/mut_count/mut_count___cfg-69f997b/art
                    ifacts/013-EKC-fourUnew-WT-45C-dms-MaP-3/013-EKC-fourUnew-WT
                    -45C-dms-MaP-3_013-EKC-fourUnew-WT-45C-dms-MaP-3_profile.txt
           INFO     Inserted probe_fmod_run for sample ID 150 (Run ID: 454)     
           INFO     Inserted probe_fmod_run 454 for sample                      
                    013-EKC-fourUnew-WT-45C-dms-MaP-3                           
           INFO     Bulk inserted 80 fmod_vals records.                         
           INFO     Inserted 80 probe_fmod_values records for                   
                    013-EKC-fourUnew-WT-45C-dms-MaP-3 (modrate).                
           INFO     Bulk inserted 80 fmod_vals records.                         
           INFO     Inserted 80 probe_fmod_values records for                   
                    013-EKC-fourUnew-WT-45C-dms-MaP-3 (GAmodrate).              
           INFO     Wrote per-read histogram for                                
                    013-EKC-fourUnew-WT-45C-dms-MaP-3 (Modified) to             
                    examples/all_mutcounts/mut_count/mut_count___cfg-69f997b/art
                    ifacts/013-EKC-fourUnew-WT-45C-dms-MaP-3/per_read_histogram.
                    txt                                                         
           INFO     Wrote per-read histogram for                                
                    013-EKC-fourUnew-WT-45C-dms-MaP-3 (GA) to                   
                    examples/all_mutcounts/mut_count/mut_count___cfg-69f997b/art
                    ifacts/013-EKC-fourUnew-WT-45C-dms-MaP-3/per_read_histogram.
                    txtga                                                       
           INFO     Found ShapeMapper profile for                               
                    RRRY-013-EKC-fourUnew-WT-45C-dms-MaP-3 at                   
                    examples/all_mutcounts/mut_count/mut_count___cfg-69f997b/art
                    ifacts/RRRY-013-EKC-fourUnew-WT-45C-dms-MaP-3/RRRY-013-EKC-f
                    ourUnew-WT-45C-dms-MaP-3_RRRY-013-EKC-fourUnew-WT-45C-dms-Ma
                    P-3_profile.txt                                             
           INFO     Inserted probe_fmod_run for sample ID 186 (Run ID: 455)     
           INFO     Inserted probe_fmod_run 455 for sample                      
                    RRRY-013-EKC-fourUnew-WT-45C-dms-MaP-3                      
           INFO     Bulk inserted 80 fmod_vals records.                         
           INFO     Inserted 80 probe_fmod_values records for                   
                    RRRY-013-EKC-fourUnew-WT-45C-dms-MaP-3 (modrate).           
           INFO     Bulk inserted 80 fmod_vals records.                         
           INFO     Inserted 80 probe_fmod_values records for                   
                    RRRY-013-EKC-fourUnew-WT-45C-dms-MaP-3 (GAmodrate).         
           INFO     Wrote per-read histogram for                                
                    RRRY-013-EKC-fourUnew-WT-45C-dms-MaP-3 (Modified) to        
                    examples/all_mutcounts/mut_count/mut_count___cfg-69f997b/art
                    ifacts/RRRY-013-EKC-fourUnew-WT-45C-dms-MaP-3/per_read_histo
                    gram.txt                                                    
           INFO     Wrote per-read histogram for                                
                    RRRY-013-EKC-fourUnew-WT-45C-dms-MaP-3 (GA) to              
                    examples/all_mutcounts/mut_count/mut_count___cfg-69f997b/art
                    ifacts/RRRY-013-EKC-fourUnew-WT-45C-dms-MaP-3/per_read_histo
                    gram.txtga                                                  
           INFO     Found ShapeMapper profile for                               
                    YYYR-013-EKC-fourUnew-WT-45C-dms-MaP-3 at                   
                    examples/all_mutcounts/mut_count/mut_count___cfg-69f997b/art
                    ifacts/YYYR-013-EKC-fourUnew-WT-45C-dms-MaP-3/YYYR-013-EKC-f
                    ourUnew-WT-45C-dms-MaP-3_YYYR-013-EKC-fourUnew-WT-45C-dms-Ma
                    P-3_profile.txt                                             
           INFO     Inserted probe_fmod_run for sample ID 187 (Run ID: 456)     
           INFO     Inserted probe_fmod_run 456 for sample                      
                    YYYR-013-EKC-fourUnew-WT-45C-dms-MaP-3                      
           INFO     Bulk inserted 80 fmod_vals records.                         
           INFO     Inserted 80 probe_fmod_values records for                   
                    YYYR-013-EKC-fourUnew-WT-45C-dms-MaP-3 (modrate).           
           INFO     Bulk inserted 80 fmod_vals records.                         
           INFO     Inserted 80 probe_fmod_values records for                   
                    YYYR-013-EKC-fourUnew-WT-45C-dms-MaP-3 (GAmodrate).         
           INFO     Wrote per-read histogram for                                
                    YYYR-013-EKC-fourUnew-WT-45C-dms-MaP-3 (Modified) to        
                    examples/all_mutcounts/mut_count/mut_count___cfg-69f997b/art
                    ifacts/YYYR-013-EKC-fourUnew-WT-45C-dms-MaP-3/per_read_histo
                    gram.txt                                                    
           INFO     Wrote per-read histogram for                                
                    YYYR-013-EKC-fourUnew-WT-45C-dms-MaP-3 (GA) to              
                    examples/all_mutcounts/mut_count/mut_count___cfg-69f997b/art
                    ifacts/YYYR-013-EKC-fourUnew-WT-45C-dms-MaP-3/per_read_histo
                    gram.txtga                                                  
           INFO     Found ShapeMapper profile for                               
                    014-EKC-fourUnew-WT-45C-dms-MaP-6 at                        
                    examples/all_mutcounts/mut_count/mut_count___cfg-69f997b/art
                    ifacts/014-EKC-fourUnew-WT-45C-dms-MaP-6/014-EKC-fourUnew-WT
                    -45C-dms-MaP-6_014-EKC-fourUnew-WT-45C-dms-MaP-6_profile.txt
           INFO     Inserted probe_fmod_run for sample ID 151 (Run ID: 457)     
           INFO     Inserted probe_fmod_run 457 for sample                      
                    014-EKC-fourUnew-WT-45C-dms-MaP-6                           
           INFO     Bulk inserted 80 fmod_vals records.                         
           INFO     Inserted 80 probe_fmod_values records for                   
                    014-EKC-fourUnew-WT-45C-dms-MaP-6 (modrate).                
           INFO     Bulk inserted 80 fmod_vals records.                         
           INFO     Inserted 80 probe_fmod_values records for                   
                    014-EKC-fourUnew-WT-45C-dms-MaP-6 (GAmodrate).              
           INFO     Wrote per-read histogram for                                
                    014-EKC-fourUnew-WT-45C-dms-MaP-6 (Modified) to             
                    examples/all_mutcounts/mut_count/mut_count___cfg-69f997b/art
                    ifacts/014-EKC-fourUnew-WT-45C-dms-MaP-6/per_read_histogram.
                    txt                                                         
           INFO     Wrote per-read histogram for                                
                    014-EKC-fourUnew-WT-45C-dms-MaP-6 (GA) to                   
                    examples/all_mutcounts/mut_count/mut_count___cfg-69f997b/art
                    ifacts/014-EKC-fourUnew-WT-45C-dms-MaP-6/per_read_histogram.
                    txtga                                                       
           INFO     Found ShapeMapper profile for                               
                    RRRY-014-EKC-fourUnew-WT-45C-dms-MaP-6 at                   
                    examples/all_mutcounts/mut_count/mut_count___cfg-69f997b/art
                    ifacts/RRRY-014-EKC-fourUnew-WT-45C-dms-MaP-6/RRRY-014-EKC-f
                    ourUnew-WT-45C-dms-MaP-6_RRRY-014-EKC-fourUnew-WT-45C-dms-Ma
                    P-6_profile.txt                                             
           INFO     Inserted probe_fmod_run for sample ID 188 (Run ID: 458)     
           INFO     Inserted probe_fmod_run 458 for sample                      
                    RRRY-014-EKC-fourUnew-WT-45C-dms-MaP-6                      
           INFO     Bulk inserted 80 fmod_vals records.                         
           INFO     Inserted 80 probe_fmod_values records for                   
                    RRRY-014-EKC-fourUnew-WT-45C-dms-MaP-6 (modrate).           
[16:40:59] INFO     Bulk inserted 80 fmod_vals records.                         
           INFO     Inserted 80 probe_fmod_values records for                   
                    RRRY-014-EKC-fourUnew-WT-45C-dms-MaP-6 (GAmodrate).         
           INFO     Wrote per-read histogram for                                
                    RRRY-014-EKC-fourUnew-WT-45C-dms-MaP-6 (Modified) to        
                    examples/all_mutcounts/mut_count/mut_count___cfg-69f997b/art
                    ifacts/RRRY-014-EKC-fourUnew-WT-45C-dms-MaP-6/per_read_histo
                    gram.txt                                                    
           INFO     Wrote per-read histogram for                                
                    RRRY-014-EKC-fourUnew-WT-45C-dms-MaP-6 (GA) to              
                    examples/all_mutcounts/mut_count/mut_count___cfg-69f997b/art
                    ifacts/RRRY-014-EKC-fourUnew-WT-45C-dms-MaP-6/per_read_histo
                    gram.txtga                                                  
           INFO     Found ShapeMapper profile for                               
                    YYYR-014-EKC-fourUnew-WT-45C-dms-MaP-6 at                   
                    examples/all_mutcounts/mut_count/mut_count___cfg-69f997b/art
                    ifacts/YYYR-014-EKC-fourUnew-WT-45C-dms-MaP-6/YYYR-014-EKC-f
                    ourUnew-WT-45C-dms-MaP-6_YYYR-014-EKC-fourUnew-WT-45C-dms-Ma
                    P-6_profile.txt                                             
           INFO     Inserted probe_fmod_run for sample ID 189 (Run ID: 459)     
           INFO     Inserted probe_fmod_run 459 for sample                      
                    YYYR-014-EKC-fourUnew-WT-45C-dms-MaP-6                      
           INFO     Bulk inserted 80 fmod_vals records.                         
           INFO     Inserted 80 probe_fmod_values records for                   
                    YYYR-014-EKC-fourUnew-WT-45C-dms-MaP-6 (modrate).           
           INFO     Bulk inserted 80 fmod_vals records.                         
           INFO     Inserted 80 probe_fmod_values records for                   
                    YYYR-014-EKC-fourUnew-WT-45C-dms-MaP-6 (GAmodrate).         
           INFO     Wrote per-read histogram for                                
                    YYYR-014-EKC-fourUnew-WT-45C-dms-MaP-6 (Modified) to        
                    examples/all_mutcounts/mut_count/mut_count___cfg-69f997b/art
                    ifacts/YYYR-014-EKC-fourUnew-WT-45C-dms-MaP-6/per_read_histo
                    gram.txt                                                    
           INFO     Wrote per-read histogram for                                
                    YYYR-014-EKC-fourUnew-WT-45C-dms-MaP-6 (GA) to              
                    examples/all_mutcounts/mut_count/mut_count___cfg-69f997b/art
                    ifacts/YYYR-014-EKC-fourUnew-WT-45C-dms-MaP-6/per_read_histo
                    gram.txtga                                                  
           INFO     Found ShapeMapper profile for                               
                    015-EKC-fourUnew-WT-45C-dms-MaP-10 at                       
                    examples/all_mutcounts/mut_count/mut_count___cfg-69f997b/art
                    ifacts/015-EKC-fourUnew-WT-45C-dms-MaP-10/015-EKC-fourUnew-W
                    T-45C-dms-MaP-10_015-EKC-fourUnew-WT-45C-dms-MaP-10_profile.
                    txt                                                         
           INFO     Inserted probe_fmod_run for sample ID 152 (Run ID: 460)     
           INFO     Inserted probe_fmod_run 460 for sample                      
                    015-EKC-fourUnew-WT-45C-dms-MaP-10                          
           INFO     Bulk inserted 80 fmod_vals records.                         
           INFO     Inserted 80 probe_fmod_values records for                   
                    015-EKC-fourUnew-WT-45C-dms-MaP-10 (modrate).               
           INFO     Bulk inserted 80 fmod_vals records.                         
           INFO     Inserted 80 probe_fmod_values records for                   
                    015-EKC-fourUnew-WT-45C-dms-MaP-10 (GAmodrate).             
           INFO     Wrote per-read histogram for                                
                    015-EKC-fourUnew-WT-45C-dms-MaP-10 (Modified) to            
                    examples/all_mutcounts/mut_count/mut_count___cfg-69f997b/art
                    ifacts/015-EKC-fourUnew-WT-45C-dms-MaP-10/per_read_histogram
                    .txt                                                        
           INFO     Wrote per-read histogram for                                
                    015-EKC-fourUnew-WT-45C-dms-MaP-10 (GA) to                  
                    examples/all_mutcounts/mut_count/mut_count___cfg-69f997b/art
                    ifacts/015-EKC-fourUnew-WT-45C-dms-MaP-10/per_read_histogram
                    .txtga                                                      
           INFO     Found ShapeMapper profile for                               
                    RRRY-015-EKC-fourUnew-WT-45C-dms-MaP-10 at                  
                    examples/all_mutcounts/mut_count/mut_count___cfg-69f997b/art
                    ifacts/RRRY-015-EKC-fourUnew-WT-45C-dms-MaP-10/RRRY-015-EKC-
                    fourUnew-WT-45C-dms-MaP-10_RRRY-015-EKC-fourUnew-WT-45C-dms-
                    MaP-10_profile.txt                                          
           INFO     Inserted probe_fmod_run for sample ID 190 (Run ID: 461)     
           INFO     Inserted probe_fmod_run 461 for sample                      
                    RRRY-015-EKC-fourUnew-WT-45C-dms-MaP-10                     
           INFO     Bulk inserted 80 fmod_vals records.                         
           INFO     Inserted 80 probe_fmod_values records for                   
                    RRRY-015-EKC-fourUnew-WT-45C-dms-MaP-10 (modrate).          
           INFO     Bulk inserted 80 fmod_vals records.                         
           INFO     Inserted 80 probe_fmod_values records for                   
                    RRRY-015-EKC-fourUnew-WT-45C-dms-MaP-10 (GAmodrate).        
           INFO     Wrote per-read histogram for                                
                    RRRY-015-EKC-fourUnew-WT-45C-dms-MaP-10 (Modified) to       
                    examples/all_mutcounts/mut_count/mut_count___cfg-69f997b/art
                    ifacts/RRRY-015-EKC-fourUnew-WT-45C-dms-MaP-10/per_read_hist
                    ogram.txt                                                   
           INFO     Wrote per-read histogram for                                
                    RRRY-015-EKC-fourUnew-WT-45C-dms-MaP-10 (GA) to             
                    examples/all_mutcounts/mut_count/mut_count___cfg-69f997b/art
                    ifacts/RRRY-015-EKC-fourUnew-WT-45C-dms-MaP-10/per_read_hist
                    ogram.txtga                                                 
           INFO     Found ShapeMapper profile for                               
                    YYYR-015-EKC-fourUnew-WT-45C-dms-MaP-10 at                  
                    examples/all_mutcounts/mut_count/mut_count___cfg-69f997b/art
                    ifacts/YYYR-015-EKC-fourUnew-WT-45C-dms-MaP-10/YYYR-015-EKC-
                    fourUnew-WT-45C-dms-MaP-10_YYYR-015-EKC-fourUnew-WT-45C-dms-
                    MaP-10_profile.txt                                          
           INFO     Inserted probe_fmod_run for sample ID 191 (Run ID: 462)     
           INFO     Inserted probe_fmod_run 462 for sample                      
                    YYYR-015-EKC-fourUnew-WT-45C-dms-MaP-10                     
           INFO     Bulk inserted 80 fmod_vals records.                         
           INFO     Inserted 80 probe_fmod_values records for                   
                    YYYR-015-EKC-fourUnew-WT-45C-dms-MaP-10 (modrate).          
           INFO     Bulk inserted 80 fmod_vals records.                         
           INFO     Inserted 80 probe_fmod_values records for                   
                    YYYR-015-EKC-fourUnew-WT-45C-dms-MaP-10 (GAmodrate).        
           INFO     Wrote per-read histogram for                                
                    YYYR-015-EKC-fourUnew-WT-45C-dms-MaP-10 (Modified) to       
                    examples/all_mutcounts/mut_count/mut_count___cfg-69f997b/art
                    ifacts/YYYR-015-EKC-fourUnew-WT-45C-dms-MaP-10/per_read_hist
                    ogram.txt                                                   
           INFO     Wrote per-read histogram for                                
                    YYYR-015-EKC-fourUnew-WT-45C-dms-MaP-10 (GA) to             
                    examples/all_mutcounts/mut_count/mut_count___cfg-69f997b/art
                    ifacts/YYYR-015-EKC-fourUnew-WT-45C-dms-MaP-10/per_read_hist
                    ogram.txtga                                                 
           INFO     Found ShapeMapper profile for                               
                    016-EKC-fourUnew-WT-45C-dms-MaP-25 at                       
                    examples/all_mutcounts/mut_count/mut_count___cfg-69f997b/art
                    ifacts/016-EKC-fourUnew-WT-45C-dms-MaP-25/016-EKC-fourUnew-W
                    T-45C-dms-MaP-25_016-EKC-fourUnew-WT-45C-dms-MaP-25_profile.
                    txt                                                         
           INFO     Inserted probe_fmod_run for sample ID 153 (Run ID: 463)     
           INFO     Inserted probe_fmod_run 463 for sample                      
                    016-EKC-fourUnew-WT-45C-dms-MaP-25                          
           INFO     Bulk inserted 80 fmod_vals records.                         
           INFO     Inserted 80 probe_fmod_values records for                   
                    016-EKC-fourUnew-WT-45C-dms-MaP-25 (modrate).               
           INFO     Bulk inserted 80 fmod_vals records.                         
           INFO     Inserted 80 probe_fmod_values records for                   
                    016-EKC-fourUnew-WT-45C-dms-MaP-25 (GAmodrate).             
           INFO     Wrote per-read histogram for                                
                    016-EKC-fourUnew-WT-45C-dms-MaP-25 (Modified) to            
                    examples/all_mutcounts/mut_count/mut_count___cfg-69f997b/art
                    ifacts/016-EKC-fourUnew-WT-45C-dms-MaP-25/per_read_histogram
                    .txt                                                        
           INFO     Wrote per-read histogram for                                
                    016-EKC-fourUnew-WT-45C-dms-MaP-25 (GA) to                  
                    examples/all_mutcounts/mut_count/mut_count___cfg-69f997b/art
                    ifacts/016-EKC-fourUnew-WT-45C-dms-MaP-25/per_read_histogram
                    .txtga                                                      
           INFO     Found ShapeMapper profile for                               
                    RRRY-016-EKC-fourUnew-WT-45C-dms-MaP-25 at                  
                    examples/all_mutcounts/mut_count/mut_count___cfg-69f997b/art
                    ifacts/RRRY-016-EKC-fourUnew-WT-45C-dms-MaP-25/RRRY-016-EKC-
                    fourUnew-WT-45C-dms-MaP-25_RRRY-016-EKC-fourUnew-WT-45C-dms-
                    MaP-25_profile.txt                                          
           INFO     Inserted probe_fmod_run for sample ID 192 (Run ID: 464)     
           INFO     Inserted probe_fmod_run 464 for sample                      
                    RRRY-016-EKC-fourUnew-WT-45C-dms-MaP-25                     
           INFO     Bulk inserted 80 fmod_vals records.                         
           INFO     Inserted 80 probe_fmod_values records for                   
                    RRRY-016-EKC-fourUnew-WT-45C-dms-MaP-25 (modrate).          
           INFO     Bulk inserted 80 fmod_vals records.                         
           INFO     Inserted 80 probe_fmod_values records for                   
                    RRRY-016-EKC-fourUnew-WT-45C-dms-MaP-25 (GAmodrate).        
           INFO     Wrote per-read histogram for                                
                    RRRY-016-EKC-fourUnew-WT-45C-dms-MaP-25 (Modified) to       
                    examples/all_mutcounts/mut_count/mut_count___cfg-69f997b/art
                    ifacts/RRRY-016-EKC-fourUnew-WT-45C-dms-MaP-25/per_read_hist
                    ogram.txt                                                   
           INFO     Wrote per-read histogram for                                
                    RRRY-016-EKC-fourUnew-WT-45C-dms-MaP-25 (GA) to             
                    examples/all_mutcounts/mut_count/mut_count___cfg-69f997b/art
                    ifacts/RRRY-016-EKC-fourUnew-WT-45C-dms-MaP-25/per_read_hist
                    ogram.txtga                                                 
           INFO     Found ShapeMapper profile for                               
                    YYYR-016-EKC-fourUnew-WT-45C-dms-MaP-25 at                  
                    examples/all_mutcounts/mut_count/mut_count___cfg-69f997b/art
                    ifacts/YYYR-016-EKC-fourUnew-WT-45C-dms-MaP-25/YYYR-016-EKC-
                    fourUnew-WT-45C-dms-MaP-25_YYYR-016-EKC-fourUnew-WT-45C-dms-
                    MaP-25_profile.txt                                          
           INFO     Inserted probe_fmod_run for sample ID 193 (Run ID: 465)     
           INFO     Inserted probe_fmod_run 465 for sample                      
                    YYYR-016-EKC-fourUnew-WT-45C-dms-MaP-25                     
           INFO     Bulk inserted 80 fmod_vals records.                         
           INFO     Inserted 80 probe_fmod_values records for                   
                    YYYR-016-EKC-fourUnew-WT-45C-dms-MaP-25 (modrate).          
           INFO     Bulk inserted 80 fmod_vals records.                         
           INFO     Inserted 80 probe_fmod_values records for                   
                    YYYR-016-EKC-fourUnew-WT-45C-dms-MaP-25 (GAmodrate).        
           INFO     Wrote per-read histogram for                                
                    YYYR-016-EKC-fourUnew-WT-45C-dms-MaP-25 (Modified) to       
                    examples/all_mutcounts/mut_count/mut_count___cfg-69f997b/art
                    ifacts/YYYR-016-EKC-fourUnew-WT-45C-dms-MaP-25/per_read_hist
                    ogram.txt                                                   
           INFO     Wrote per-read histogram for                                
                    YYYR-016-EKC-fourUnew-WT-45C-dms-MaP-25 (GA) to             
                    examples/all_mutcounts/mut_count/mut_count___cfg-69f997b/art
                    ifacts/YYYR-016-EKC-fourUnew-WT-45C-dms-MaP-25/per_read_hist
                    ogram.txtga                                                 
           INFO     Found ShapeMapper profile for                               
                    017-EKC-fourUnew-WT-45C-dms-MaP-30 at                       
                    examples/all_mutcounts/mut_count/mut_count___cfg-69f997b/art
                    ifacts/017-EKC-fourUnew-WT-45C-dms-MaP-30/017-EKC-fourUnew-W
                    T-45C-dms-MaP-30_017-EKC-fourUnew-WT-45C-dms-MaP-30_profile.
                    txt                                                         
           INFO     Inserted probe_fmod_run for sample ID 154 (Run ID: 466)     
           INFO     Inserted probe_fmod_run 466 for sample                      
                    017-EKC-fourUnew-WT-45C-dms-MaP-30                          
           INFO     Bulk inserted 80 fmod_vals records.                         
           INFO     Inserted 80 probe_fmod_values records for                   
                    017-EKC-fourUnew-WT-45C-dms-MaP-30 (modrate).               
           INFO     Bulk inserted 80 fmod_vals records.                         
           INFO     Inserted 80 probe_fmod_values records for                   
                    017-EKC-fourUnew-WT-45C-dms-MaP-30 (GAmodrate).             
           INFO     Wrote per-read histogram for                                
                    017-EKC-fourUnew-WT-45C-dms-MaP-30 (Modified) to            
                    examples/all_mutcounts/mut_count/mut_count___cfg-69f997b/art
                    ifacts/017-EKC-fourUnew-WT-45C-dms-MaP-30/per_read_histogram
                    .txt                                                        
           INFO     Wrote per-read histogram for                                
                    017-EKC-fourUnew-WT-45C-dms-MaP-30 (GA) to                  
                    examples/all_mutcounts/mut_count/mut_count___cfg-69f997b/art
                    ifacts/017-EKC-fourUnew-WT-45C-dms-MaP-30/per_read_histogram
                    .txtga                                                      
           INFO     Found ShapeMapper profile for                               
                    RRRY-017-EKC-fourUnew-WT-45C-dms-MaP-30 at                  
                    examples/all_mutcounts/mut_count/mut_count___cfg-69f997b/art
                    ifacts/RRRY-017-EKC-fourUnew-WT-45C-dms-MaP-30/RRRY-017-EKC-
                    fourUnew-WT-45C-dms-MaP-30_RRRY-017-EKC-fourUnew-WT-45C-dms-
                    MaP-30_profile.txt                                          
           INFO     Inserted probe_fmod_run for sample ID 194 (Run ID: 467)     
           INFO     Inserted probe_fmod_run 467 for sample                      
                    RRRY-017-EKC-fourUnew-WT-45C-dms-MaP-30                     
           INFO     Bulk inserted 80 fmod_vals records.                         
           INFO     Inserted 80 probe_fmod_values records for                   
                    RRRY-017-EKC-fourUnew-WT-45C-dms-MaP-30 (modrate).          
           INFO     Bulk inserted 80 fmod_vals records.                         
           INFO     Inserted 80 probe_fmod_values records for                   
                    RRRY-017-EKC-fourUnew-WT-45C-dms-MaP-30 (GAmodrate).        
           INFO     Wrote per-read histogram for                                
                    RRRY-017-EKC-fourUnew-WT-45C-dms-MaP-30 (Modified) to       
                    examples/all_mutcounts/mut_count/mut_count___cfg-69f997b/art
                    ifacts/RRRY-017-EKC-fourUnew-WT-45C-dms-MaP-30/per_read_hist
                    ogram.txt                                                   
           INFO     Wrote per-read histogram for                                
                    RRRY-017-EKC-fourUnew-WT-45C-dms-MaP-30 (GA) to             
                    examples/all_mutcounts/mut_count/mut_count___cfg-69f997b/art
                    ifacts/RRRY-017-EKC-fourUnew-WT-45C-dms-MaP-30/per_read_hist
                    ogram.txtga                                                 
           INFO     Found ShapeMapper profile for                               
                    YYYR-017-EKC-fourUnew-WT-45C-dms-MaP-30 at                  
                    examples/all_mutcounts/mut_count/mut_count___cfg-69f997b/art
                    ifacts/YYYR-017-EKC-fourUnew-WT-45C-dms-MaP-30/YYYR-017-EKC-
                    fourUnew-WT-45C-dms-MaP-30_YYYR-017-EKC-fourUnew-WT-45C-dms-
                    MaP-30_profile.txt                                          
           INFO     Inserted probe_fmod_run for sample ID 195 (Run ID: 468)     
           INFO     Inserted probe_fmod_run 468 for sample                      
                    YYYR-017-EKC-fourUnew-WT-45C-dms-MaP-30                     
           INFO     Bulk inserted 80 fmod_vals records.                         
           INFO     Inserted 80 probe_fmod_values records for                   
                    YYYR-017-EKC-fourUnew-WT-45C-dms-MaP-30 (modrate).          
           INFO     Bulk inserted 80 fmod_vals records.                         
           INFO     Inserted 80 probe_fmod_values records for                   
                    YYYR-017-EKC-fourUnew-WT-45C-dms-MaP-30 (GAmodrate).        
           INFO     Wrote per-read histogram for                                
                    YYYR-017-EKC-fourUnew-WT-45C-dms-MaP-30 (Modified) to       
                    examples/all_mutcounts/mut_count/mut_count___cfg-69f997b/art
                    ifacts/YYYR-017-EKC-fourUnew-WT-45C-dms-MaP-30/per_read_hist
                    ogram.txt                                                   
           INFO     Wrote per-read histogram for                                
                    YYYR-017-EKC-fourUnew-WT-45C-dms-MaP-30 (GA) to             
                    examples/all_mutcounts/mut_count/mut_count___cfg-69f997b/art
                    ifacts/YYYR-017-EKC-fourUnew-WT-45C-dms-MaP-30/per_read_hist
                    ogram.txtga                                                 
           INFO     Found ShapeMapper profile for                               
                    018-EKC-fourUnew-WT-45C-dms-MaP-45 at                       
                    examples/all_mutcounts/mut_count/mut_count___cfg-69f997b/art
                    ifacts/018-EKC-fourUnew-WT-45C-dms-MaP-45/018-EKC-fourUnew-W
                    T-45C-dms-MaP-45_018-EKC-fourUnew-WT-45C-dms-MaP-45_profile.
                    txt                                                         
           INFO     Inserted probe_fmod_run for sample ID 155 (Run ID: 469)     
           INFO     Inserted probe_fmod_run 469 for sample                      
                    018-EKC-fourUnew-WT-45C-dms-MaP-45                          
           INFO     Bulk inserted 80 fmod_vals records.                         
           INFO     Inserted 80 probe_fmod_values records for                   
                    018-EKC-fourUnew-WT-45C-dms-MaP-45 (modrate).               
           INFO     Bulk inserted 80 fmod_vals records.                         
           INFO     Inserted 80 probe_fmod_values records for                   
                    018-EKC-fourUnew-WT-45C-dms-MaP-45 (GAmodrate).             
           INFO     Wrote per-read histogram for                                
                    018-EKC-fourUnew-WT-45C-dms-MaP-45 (Modified) to            
                    examples/all_mutcounts/mut_count/mut_count___cfg-69f997b/art
                    ifacts/018-EKC-fourUnew-WT-45C-dms-MaP-45/per_read_histogram
                    .txt                                                        
           INFO     Wrote per-read histogram for                                
                    018-EKC-fourUnew-WT-45C-dms-MaP-45 (GA) to                  
                    examples/all_mutcounts/mut_count/mut_count___cfg-69f997b/art
                    ifacts/018-EKC-fourUnew-WT-45C-dms-MaP-45/per_read_histogram
                    .txtga                                                      
           INFO     Found ShapeMapper profile for                               
                    RRRY-018-EKC-fourUnew-WT-45C-dms-MaP-45 at                  
                    examples/all_mutcounts/mut_count/mut_count___cfg-69f997b/art
                    ifacts/RRRY-018-EKC-fourUnew-WT-45C-dms-MaP-45/RRRY-018-EKC-
                    fourUnew-WT-45C-dms-MaP-45_RRRY-018-EKC-fourUnew-WT-45C-dms-
                    MaP-45_profile.txt                                          
           INFO     Inserted probe_fmod_run for sample ID 196 (Run ID: 470)     
           INFO     Inserted probe_fmod_run 470 for sample                      
                    RRRY-018-EKC-fourUnew-WT-45C-dms-MaP-45                     
           INFO     Bulk inserted 80 fmod_vals records.                         
           INFO     Inserted 80 probe_fmod_values records for                   
                    RRRY-018-EKC-fourUnew-WT-45C-dms-MaP-45 (modrate).          
           INFO     Bulk inserted 80 fmod_vals records.                         
           INFO     Inserted 80 probe_fmod_values records for                   
                    RRRY-018-EKC-fourUnew-WT-45C-dms-MaP-45 (GAmodrate).        
           INFO     Wrote per-read histogram for                                
                    RRRY-018-EKC-fourUnew-WT-45C-dms-MaP-45 (Modified) to       
                    examples/all_mutcounts/mut_count/mut_count___cfg-69f997b/art
                    ifacts/RRRY-018-EKC-fourUnew-WT-45C-dms-MaP-45/per_read_hist
                    ogram.txt                                                   
           INFO     Wrote per-read histogram for                                
                    RRRY-018-EKC-fourUnew-WT-45C-dms-MaP-45 (GA) to             
                    examples/all_mutcounts/mut_count/mut_count___cfg-69f997b/art
                    ifacts/RRRY-018-EKC-fourUnew-WT-45C-dms-MaP-45/per_read_hist
                    ogram.txtga                                                 
           INFO     Found ShapeMapper profile for                               
                    YYYR-018-EKC-fourUnew-WT-45C-dms-MaP-45 at                  
                    examples/all_mutcounts/mut_count/mut_count___cfg-69f997b/art
                    ifacts/YYYR-018-EKC-fourUnew-WT-45C-dms-MaP-45/YYYR-018-EKC-
                    fourUnew-WT-45C-dms-MaP-45_YYYR-018-EKC-fourUnew-WT-45C-dms-
                    MaP-45_profile.txt                                          
           INFO     Inserted probe_fmod_run for sample ID 197 (Run ID: 471)     
           INFO     Inserted probe_fmod_run 471 for sample                      
                    YYYR-018-EKC-fourUnew-WT-45C-dms-MaP-45                     
           INFO     Bulk inserted 80 fmod_vals records.                         
           INFO     Inserted 80 probe_fmod_values records for                   
                    YYYR-018-EKC-fourUnew-WT-45C-dms-MaP-45 (modrate).          
           INFO     Bulk inserted 80 fmod_vals records.                         
           INFO     Inserted 80 probe_fmod_values records for                   
                    YYYR-018-EKC-fourUnew-WT-45C-dms-MaP-45 (GAmodrate).        
           INFO     Wrote per-read histogram for                                
                    YYYR-018-EKC-fourUnew-WT-45C-dms-MaP-45 (Modified) to       
                    examples/all_mutcounts/mut_count/mut_count___cfg-69f997b/art
                    ifacts/YYYR-018-EKC-fourUnew-WT-45C-dms-MaP-45/per_read_hist
                    ogram.txt                                                   
           INFO     Wrote per-read histogram for                                
                    YYYR-018-EKC-fourUnew-WT-45C-dms-MaP-45 (GA) to             
                    examples/all_mutcounts/mut_count/mut_count___cfg-69f997b/art
                    ifacts/YYYR-018-EKC-fourUnew-WT-45C-dms-MaP-45/per_read_hist
                    ogram.txtga                                                 
           INFO     mut_count completed. Profiles found for 18/18 samples;      
                    ingested 18 run(s).                                         
           INFO     Finished task ID 67 with state 'completed'                  
           INFO     Task 'mut_count' (ID: 67) completed successfully.           
           INFO     Updated 'latest' symlink for task 'mut_count' to point to   
                    /gpfs/projects/b1044/Computational_Output/EKC/EKC.01_SHAPE_s
                    tandardization/EKC.01.065.refactoring_data_analysis/nerd/exa
                    mples/all_mutcounts/mut_count/mut_count___cfg-69f997b       
