[17:55:35] INFO     Executing 'run' command for step: 'mut_count'               
[17:55:35] INFO     Database schema initialized successfully.                   
           INFO     Created run directory:                                      
                    examples/all_mutcounts/mut_count/mut_count___cfg-e521c2c    
           INFO     Executing task 'mut_count' in run directory:                
                    examples/all_mutcounts/mut_count/mut_count___cfg-e521c2c    
           INFO     Resolved reaction_group 80_1_A8C to 7 sample(s).            
           INFO     Began task 'mut_count' (ID: 124) for rg:30                  
                    (cfg=e521c2cbe705c5785a4febbd4e372ed327e65ffc4f3219b95cccf41
                    134971fd3)                                                  
           INFO     Starting command (backend=local) in                         
                    examples/all_mutcounts/mut_count/mut_count___cfg-e521c2c    
           INFO     Executing command locally. Log file:                        
                    examples/all_mutcounts/mut_count/mut_count___cfg-e521c2c/com
                    mand.log                                                    
[17:59:29] INFO     Command finished with exit code: 0                          
           INFO     Logged attempt #1 for task ID 124 (Attempt ID: 110)         
           INFO     Command completed successfully. Consuming outputs.          
           INFO     Found ShapeMapper profile for 037-EKC-A8C-80c-a-1-p at      
                    examples/all_mutcounts/mut_count/mut_count___cfg-e521c2c/art
                    ifacts/037-EKC-A8C-80c-a-1-p/037-EKC-A8C-80c-a-1-p_037-EKC-A
                    8C-80c-a-1-p_profile.txt                                    
           INFO     Inserted probe_fmod_run for sample ID 432 (Run ID: 863)     
           INFO     Inserted probe_fmod_run 863 for sample 037-EKC-A8C-80c-a-1-p
           INFO     Bulk inserted 80 fmod_vals records.                         
           INFO     Inserted 80 probe_fmod_values records for                   
                    037-EKC-A8C-80c-a-1-p (modrate).                            
           INFO     Bulk inserted 80 fmod_vals records.                         
           INFO     Inserted 80 probe_fmod_values records for                   
                    037-EKC-A8C-80c-a-1-p (GAmodrate).                          
           INFO     Wrote per-read histogram for 037-EKC-A8C-80c-a-1-p          
                    (Modified) to                                               
                    examples/all_mutcounts/mut_count/mut_count___cfg-e521c2c/art
                    ifacts/037-EKC-A8C-80c-a-1-p/per_read_histogram.txt         
           INFO     Wrote per-read histogram for 037-EKC-A8C-80c-a-1-p (GA) to  
                    examples/all_mutcounts/mut_count/mut_count___cfg-e521c2c/art
                    ifacts/037-EKC-A8C-80c-a-1-p/per_read_histogram.txtga       
           INFO     Found ShapeMapper profile for 038-EKC-A8C-80c-a-2-p at      
                    examples/all_mutcounts/mut_count/mut_count___cfg-e521c2c/art
                    ifacts/038-EKC-A8C-80c-a-2-p/038-EKC-A8C-80c-a-2-p_038-EKC-A
                    8C-80c-a-2-p_profile.txt                                    
           INFO     Inserted probe_fmod_run for sample ID 433 (Run ID: 864)     
           INFO     Inserted probe_fmod_run 864 for sample 038-EKC-A8C-80c-a-2-p
           INFO     Bulk inserted 80 fmod_vals records.                         
           INFO     Inserted 80 probe_fmod_values records for                   
                    038-EKC-A8C-80c-a-2-p (modrate).                            
           INFO     Bulk inserted 80 fmod_vals records.                         
           INFO     Inserted 80 probe_fmod_values records for                   
                    038-EKC-A8C-80c-a-2-p (GAmodrate).                          
           INFO     Wrote per-read histogram for 038-EKC-A8C-80c-a-2-p          
                    (Modified) to                                               
                    examples/all_mutcounts/mut_count/mut_count___cfg-e521c2c/art
                    ifacts/038-EKC-A8C-80c-a-2-p/per_read_histogram.txt         
           INFO     Wrote per-read histogram for 038-EKC-A8C-80c-a-2-p (GA) to  
                    examples/all_mutcounts/mut_count/mut_count___cfg-e521c2c/art
                    ifacts/038-EKC-A8C-80c-a-2-p/per_read_histogram.txtga       
           INFO     Found ShapeMapper profile for 039-EKC-A8C-80c-a-3-p at      
                    examples/all_mutcounts/mut_count/mut_count___cfg-e521c2c/art
                    ifacts/039-EKC-A8C-80c-a-3-p/039-EKC-A8C-80c-a-3-p_039-EKC-A
                    8C-80c-a-3-p_profile.txt                                    
           INFO     Inserted probe_fmod_run for sample ID 434 (Run ID: 865)     
           INFO     Inserted probe_fmod_run 865 for sample 039-EKC-A8C-80c-a-3-p
           INFO     Bulk inserted 80 fmod_vals records.                         
           INFO     Inserted 80 probe_fmod_values records for                   
                    039-EKC-A8C-80c-a-3-p (modrate).                            
           INFO     Bulk inserted 80 fmod_vals records.                         
           INFO     Inserted 80 probe_fmod_values records for                   
                    039-EKC-A8C-80c-a-3-p (GAmodrate).                          
[17:59:30] INFO     Wrote per-read histogram for 039-EKC-A8C-80c-a-3-p          
                    (Modified) to                                               
                    examples/all_mutcounts/mut_count/mut_count___cfg-e521c2c/art
                    ifacts/039-EKC-A8C-80c-a-3-p/per_read_histogram.txt         
           INFO     Wrote per-read histogram for 039-EKC-A8C-80c-a-3-p (GA) to  
                    examples/all_mutcounts/mut_count/mut_count___cfg-e521c2c/art
                    ifacts/039-EKC-A8C-80c-a-3-p/per_read_histogram.txtga       
           INFO     Found ShapeMapper profile for 040-EKC-A8C-80c-a-4-p at      
                    examples/all_mutcounts/mut_count/mut_count___cfg-e521c2c/art
                    ifacts/040-EKC-A8C-80c-a-4-p/040-EKC-A8C-80c-a-4-p_040-EKC-A
                    8C-80c-a-4-p_profile.txt                                    
           INFO     Inserted probe_fmod_run for sample ID 435 (Run ID: 866)     
           INFO     Inserted probe_fmod_run 866 for sample 040-EKC-A8C-80c-a-4-p
           INFO     Bulk inserted 80 fmod_vals records.                         
           INFO     Inserted 80 probe_fmod_values records for                   
                    040-EKC-A8C-80c-a-4-p (modrate).                            
           INFO     Bulk inserted 80 fmod_vals records.                         
           INFO     Inserted 80 probe_fmod_values records for                   
                    040-EKC-A8C-80c-a-4-p (GAmodrate).                          
           INFO     Wrote per-read histogram for 040-EKC-A8C-80c-a-4-p          
                    (Modified) to                                               
                    examples/all_mutcounts/mut_count/mut_count___cfg-e521c2c/art
                    ifacts/040-EKC-A8C-80c-a-4-p/per_read_histogram.txt         
           INFO     Wrote per-read histogram for 040-EKC-A8C-80c-a-4-p (GA) to  
                    examples/all_mutcounts/mut_count/mut_count___cfg-e521c2c/art
                    ifacts/040-EKC-A8C-80c-a-4-p/per_read_histogram.txtga       
           INFO     Found ShapeMapper profile for 041-EKC-A8C-80c-a-5-p at      
                    examples/all_mutcounts/mut_count/mut_count___cfg-e521c2c/art
                    ifacts/041-EKC-A8C-80c-a-5-p/041-EKC-A8C-80c-a-5-p_041-EKC-A
                    8C-80c-a-5-p_profile.txt                                    
           INFO     Inserted probe_fmod_run for sample ID 436 (Run ID: 867)     
           INFO     Inserted probe_fmod_run 867 for sample 041-EKC-A8C-80c-a-5-p
           INFO     Bulk inserted 80 fmod_vals records.                         
           INFO     Inserted 80 probe_fmod_values records for                   
                    041-EKC-A8C-80c-a-5-p (modrate).                            
           INFO     Bulk inserted 80 fmod_vals records.                         
           INFO     Inserted 80 probe_fmod_values records for                   
                    041-EKC-A8C-80c-a-5-p (GAmodrate).                          
           INFO     Wrote per-read histogram for 041-EKC-A8C-80c-a-5-p          
                    (Modified) to                                               
                    examples/all_mutcounts/mut_count/mut_count___cfg-e521c2c/art
                    ifacts/041-EKC-A8C-80c-a-5-p/per_read_histogram.txt         
           INFO     Wrote per-read histogram for 041-EKC-A8C-80c-a-5-p (GA) to  
                    examples/all_mutcounts/mut_count/mut_count___cfg-e521c2c/art
                    ifacts/041-EKC-A8C-80c-a-5-p/per_read_histogram.txtga       
           INFO     Found ShapeMapper profile for 042-EKC-A8C-80c-a-6-p at      
                    examples/all_mutcounts/mut_count/mut_count___cfg-e521c2c/art
                    ifacts/042-EKC-A8C-80c-a-6-p/042-EKC-A8C-80c-a-6-p_042-EKC-A
                    8C-80c-a-6-p_profile.txt                                    
           INFO     Inserted probe_fmod_run for sample ID 437 (Run ID: 868)     
           INFO     Inserted probe_fmod_run 868 for sample 042-EKC-A8C-80c-a-6-p
           INFO     Bulk inserted 80 fmod_vals records.                         
           INFO     Inserted 80 probe_fmod_values records for                   
                    042-EKC-A8C-80c-a-6-p (modrate).                            
           INFO     Bulk inserted 80 fmod_vals records.                         
           INFO     Inserted 80 probe_fmod_values records for                   
                    042-EKC-A8C-80c-a-6-p (GAmodrate).                          
           INFO     Wrote per-read histogram for 042-EKC-A8C-80c-a-6-p          
                    (Modified) to                                               
                    examples/all_mutcounts/mut_count/mut_count___cfg-e521c2c/art
                    ifacts/042-EKC-A8C-80c-a-6-p/per_read_histogram.txt         
           INFO     Wrote per-read histogram for 042-EKC-A8C-80c-a-6-p (GA) to  
                    examples/all_mutcounts/mut_count/mut_count___cfg-e521c2c/art
                    ifacts/042-EKC-A8C-80c-a-6-p/per_read_histogram.txtga       
           INFO     Found ShapeMapper profile for 047-EKC-A8C-80c-a-6-m at      
                    examples/all_mutcounts/mut_count/mut_count___cfg-e521c2c/art
                    ifacts/047-EKC-A8C-80c-a-6-m/047-EKC-A8C-80c-a-6-m_047-EKC-A
                    8C-80c-a-6-m_profile.txt                                    
           INFO     Inserted probe_fmod_run for sample ID 352 (Run ID: 869)     
           INFO     Inserted probe_fmod_run 869 for sample 047-EKC-A8C-80c-a-6-m
           INFO     Bulk inserted 80 fmod_vals records.                         
           INFO     Inserted 80 probe_fmod_values records for                   
                    047-EKC-A8C-80c-a-6-m (modrate).                            
           INFO     Bulk inserted 80 fmod_vals records.                         
           INFO     Inserted 80 probe_fmod_values records for                   
                    047-EKC-A8C-80c-a-6-m (GAmodrate).                          
           INFO     Wrote per-read histogram for 047-EKC-A8C-80c-a-6-m          
                    (Modified) to                                               
                    examples/all_mutcounts/mut_count/mut_count___cfg-e521c2c/art
                    ifacts/047-EKC-A8C-80c-a-6-m/per_read_histogram.txt         
           INFO     Wrote per-read histogram for 047-EKC-A8C-80c-a-6-m (GA) to  
                    examples/all_mutcounts/mut_count/mut_count___cfg-e521c2c/art
                    ifacts/047-EKC-A8C-80c-a-6-m/per_read_histogram.txtga       
           INFO     mut_count completed. Profiles found for 7/7 samples;        
                    ingested 7 run(s).                                          
           INFO     Finished task ID 124 with state 'completed'                 
           INFO     Task 'mut_count' (ID: 124) completed successfully.          
           INFO     Updated 'latest' symlink for task 'mut_count' to point to   
                    /gpfs/projects/b1044/Computational_Output/EKC/EKC.01_SHAPE_s
                    tandardization/EKC.01.065.refactoring_data_analysis/nerd/exa
                    mples/all_mutcounts/mut_count/mut_count___cfg-e521c2c       
