[18:01:33] INFO     Executing 'run' command for step: 'mut_count'               
[18:01:33] INFO     Database schema initialized successfully.                   
           INFO     Created run directory:                                      
                    examples/all_mutcounts/mut_count/mut_count___cfg-28cfa2a    
           INFO     Executing task 'mut_count' in run directory:                
                    examples/all_mutcounts/mut_count/mut_count___cfg-28cfa2a    
           INFO     Resolved reaction_group 80_4 to 7 sample(s).                
           INFO     Began task 'mut_count' (ID: 135) for rg:50                  
                    (cfg=28cfa2a067049c3d799926a87b06089c7cd87fb3c4192da8b289a5b
                    7d9432da9)                                                  
           INFO     Starting command (backend=local) in                         
                    examples/all_mutcounts/mut_count/mut_count___cfg-28cfa2a    
           INFO     Executing command locally. Log file:                        
                    examples/all_mutcounts/mut_count/mut_count___cfg-28cfa2a/com
                    mand.log                                                    
[18:07:43] INFO     Command finished with exit code: 0                          
           INFO     Logged attempt #1 for task ID 135 (Attempt ID: 123)         
           INFO     Command completed successfully. Consuming outputs.          
           INFO     Found ShapeMapper profile for 043-fourU-WT-80c-b-1-p at     
                    examples/all_mutcounts/mut_count/mut_count___cfg-28cfa2a/art
                    ifacts/043-fourU-WT-80c-b-1-p/043-fourU-WT-80c-b-1-p_043-fou
                    rU-WT-80c-b-1-p_profile.txt                                 
           INFO     Inserted probe_fmod_run for sample ID 534 (Run ID: 954)     
           INFO     Inserted probe_fmod_run 954 for sample                      
                    043-fourU-WT-80c-b-1-p                                      
           INFO     Bulk inserted 80 fmod_vals records.                         
           INFO     Inserted 80 probe_fmod_values records for                   
                    043-fourU-WT-80c-b-1-p (modrate).                           
           INFO     Bulk inserted 80 fmod_vals records.                         
           INFO     Inserted 80 probe_fmod_values records for                   
                    043-fourU-WT-80c-b-1-p (GAmodrate).                         
           INFO     Wrote per-read histogram for 043-fourU-WT-80c-b-1-p         
                    (Modified) to                                               
                    examples/all_mutcounts/mut_count/mut_count___cfg-28cfa2a/art
                    ifacts/043-fourU-WT-80c-b-1-p/per_read_histogram.txt        
           INFO     Wrote per-read histogram for 043-fourU-WT-80c-b-1-p (GA) to 
                    examples/all_mutcounts/mut_count/mut_count___cfg-28cfa2a/art
                    ifacts/043-fourU-WT-80c-b-1-p/per_read_histogram.txtga      
           INFO     Found ShapeMapper profile for 044-fourU-WT-80c-b-2-p at     
                    examples/all_mutcounts/mut_count/mut_count___cfg-28cfa2a/art
                    ifacts/044-fourU-WT-80c-b-2-p/044-fourU-WT-80c-b-2-p_044-fou
                    rU-WT-80c-b-2-p_profile.txt                                 
           INFO     Inserted probe_fmod_run for sample ID 535 (Run ID: 955)     
           INFO     Inserted probe_fmod_run 955 for sample                      
                    044-fourU-WT-80c-b-2-p                                      
           INFO     Bulk inserted 80 fmod_vals records.                         
           INFO     Inserted 80 probe_fmod_values records for                   
                    044-fourU-WT-80c-b-2-p (modrate).                           
           INFO     Bulk inserted 80 fmod_vals records.                         
           INFO     Inserted 80 probe_fmod_values records for                   
                    044-fourU-WT-80c-b-2-p (GAmodrate).                         
           INFO     Wrote per-read histogram for 044-fourU-WT-80c-b-2-p         
                    (Modified) to                                               
                    examples/all_mutcounts/mut_count/mut_count___cfg-28cfa2a/art
                    ifacts/044-fourU-WT-80c-b-2-p/per_read_histogram.txt        
           INFO     Wrote per-read histogram for 044-fourU-WT-80c-b-2-p (GA) to 
                    examples/all_mutcounts/mut_count/mut_count___cfg-28cfa2a/art
                    ifacts/044-fourU-WT-80c-b-2-p/per_read_histogram.txtga      
           INFO     Found ShapeMapper profile for 045-fourU-WT-80c-b-3-p at     
                    examples/all_mutcounts/mut_count/mut_count___cfg-28cfa2a/art
                    ifacts/045-fourU-WT-80c-b-3-p/045-fourU-WT-80c-b-3-p_045-fou
                    rU-WT-80c-b-3-p_profile.txt                                 
           INFO     Inserted probe_fmod_run for sample ID 536 (Run ID: 956)     
           INFO     Inserted probe_fmod_run 956 for sample                      
                    045-fourU-WT-80c-b-3-p                                      
           INFO     Bulk inserted 80 fmod_vals records.                         
[18:07:44] INFO     Inserted 80 probe_fmod_values records for                   
                    045-fourU-WT-80c-b-3-p (modrate).                           
           INFO     Bulk inserted 80 fmod_vals records.                         
           INFO     Inserted 80 probe_fmod_values records for                   
                    045-fourU-WT-80c-b-3-p (GAmodrate).                         
           INFO     Wrote per-read histogram for 045-fourU-WT-80c-b-3-p         
                    (Modified) to                                               
                    examples/all_mutcounts/mut_count/mut_count___cfg-28cfa2a/art
                    ifacts/045-fourU-WT-80c-b-3-p/per_read_histogram.txt        
           INFO     Wrote per-read histogram for 045-fourU-WT-80c-b-3-p (GA) to 
                    examples/all_mutcounts/mut_count/mut_count___cfg-28cfa2a/art
                    ifacts/045-fourU-WT-80c-b-3-p/per_read_histogram.txtga      
           INFO     Found ShapeMapper profile for 046-fourU-WT-80c-b-4-p at     
                    examples/all_mutcounts/mut_count/mut_count___cfg-28cfa2a/art
                    ifacts/046-fourU-WT-80c-b-4-p/046-fourU-WT-80c-b-4-p_046-fou
                    rU-WT-80c-b-4-p_profile.txt                                 
           INFO     Inserted probe_fmod_run for sample ID 537 (Run ID: 957)     
           INFO     Inserted probe_fmod_run 957 for sample                      
                    046-fourU-WT-80c-b-4-p                                      
           INFO     Bulk inserted 80 fmod_vals records.                         
           INFO     Inserted 80 probe_fmod_values records for                   
                    046-fourU-WT-80c-b-4-p (modrate).                           
           INFO     Bulk inserted 80 fmod_vals records.                         
           INFO     Inserted 80 probe_fmod_values records for                   
                    046-fourU-WT-80c-b-4-p (GAmodrate).                         
           INFO     Wrote per-read histogram for 046-fourU-WT-80c-b-4-p         
                    (Modified) to                                               
                    examples/all_mutcounts/mut_count/mut_count___cfg-28cfa2a/art
                    ifacts/046-fourU-WT-80c-b-4-p/per_read_histogram.txt        
           INFO     Wrote per-read histogram for 046-fourU-WT-80c-b-4-p (GA) to 
                    examples/all_mutcounts/mut_count/mut_count___cfg-28cfa2a/art
                    ifacts/046-fourU-WT-80c-b-4-p/per_read_histogram.txtga      
           INFO     Found ShapeMapper profile for 047-fourU-WT-80c-b-5-p at     
                    examples/all_mutcounts/mut_count/mut_count___cfg-28cfa2a/art
                    ifacts/047-fourU-WT-80c-b-5-p/047-fourU-WT-80c-b-5-p_047-fou
                    rU-WT-80c-b-5-p_profile.txt                                 
           INFO     Inserted probe_fmod_run for sample ID 538 (Run ID: 958)     
           INFO     Inserted probe_fmod_run 958 for sample                      
                    047-fourU-WT-80c-b-5-p                                      
           INFO     Bulk inserted 80 fmod_vals records.                         
           INFO     Inserted 80 probe_fmod_values records for                   
                    047-fourU-WT-80c-b-5-p (modrate).                           
           INFO     Bulk inserted 80 fmod_vals records.                         
           INFO     Inserted 80 probe_fmod_values records for                   
                    047-fourU-WT-80c-b-5-p (GAmodrate).                         
           INFO     Wrote per-read histogram for 047-fourU-WT-80c-b-5-p         
                    (Modified) to                                               
                    examples/all_mutcounts/mut_count/mut_count___cfg-28cfa2a/art
                    ifacts/047-fourU-WT-80c-b-5-p/per_read_histogram.txt        
           INFO     Wrote per-read histogram for 047-fourU-WT-80c-b-5-p (GA) to 
                    examples/all_mutcounts/mut_count/mut_count___cfg-28cfa2a/art
                    ifacts/047-fourU-WT-80c-b-5-p/per_read_histogram.txtga      
           INFO     Found ShapeMapper profile for 048-fourU-WT-80c-b-6-p at     
                    examples/all_mutcounts/mut_count/mut_count___cfg-28cfa2a/art
                    ifacts/048-fourU-WT-80c-b-6-p/048-fourU-WT-80c-b-6-p_048-fou
                    rU-WT-80c-b-6-p_profile.txt                                 
           INFO     Inserted probe_fmod_run for sample ID 539 (Run ID: 959)     
           INFO     Inserted probe_fmod_run 959 for sample                      
                    048-fourU-WT-80c-b-6-p                                      
           INFO     Bulk inserted 80 fmod_vals records.                         
           INFO     Inserted 80 probe_fmod_values records for                   
                    048-fourU-WT-80c-b-6-p (modrate).                           
           INFO     Bulk inserted 80 fmod_vals records.                         
           INFO     Inserted 80 probe_fmod_values records for                   
                    048-fourU-WT-80c-b-6-p (GAmodrate).                         
           INFO     Wrote per-read histogram for 048-fourU-WT-80c-b-6-p         
                    (Modified) to                                               
                    examples/all_mutcounts/mut_count/mut_count___cfg-28cfa2a/art
                    ifacts/048-fourU-WT-80c-b-6-p/per_read_histogram.txt        
           INFO     Wrote per-read histogram for 048-fourU-WT-80c-b-6-p (GA) to 
                    examples/all_mutcounts/mut_count/mut_count___cfg-28cfa2a/art
                    ifacts/048-fourU-WT-80c-b-6-p/per_read_histogram.txtga      
           INFO     Found ShapeMapper profile for 096_fourU_WT80c_b_6_m at      
                    examples/all_mutcounts/mut_count/mut_count___cfg-28cfa2a/art
                    ifacts/096_fourU_WT80c_b_6_m/096_fourU_WT80c_b_6_m_096_fourU
                    _WT80c_b_6_m_profile.txt                                    
           INFO     Inserted probe_fmod_run for sample ID 779 (Run ID: 960)     
           INFO     Inserted probe_fmod_run 960 for sample 096_fourU_WT80c_b_6_m
           INFO     Bulk inserted 80 fmod_vals records.                         
           INFO     Inserted 80 probe_fmod_values records for                   
                    096_fourU_WT80c_b_6_m (modrate).                            
           INFO     Bulk inserted 80 fmod_vals records.                         
           INFO     Inserted 80 probe_fmod_values records for                   
                    096_fourU_WT80c_b_6_m (GAmodrate).                          
           INFO     Wrote per-read histogram for 096_fourU_WT80c_b_6_m          
                    (Modified) to                                               
                    examples/all_mutcounts/mut_count/mut_count___cfg-28cfa2a/art
                    ifacts/096_fourU_WT80c_b_6_m/per_read_histogram.txt         
           INFO     Wrote per-read histogram for 096_fourU_WT80c_b_6_m (GA) to  
                    examples/all_mutcounts/mut_count/mut_count___cfg-28cfa2a/art
                    ifacts/096_fourU_WT80c_b_6_m/per_read_histogram.txtga       
           INFO     mut_count completed. Profiles found for 7/7 samples;        
                    ingested 7 run(s).                                          
           INFO     Finished task ID 135 with state 'completed'                 
           INFO     Task 'mut_count' (ID: 135) completed successfully.          
           INFO     Updated 'latest' symlink for task 'mut_count' to point to   
                    /gpfs/projects/b1044/Computational_Output/EKC/EKC.01_SHAPE_s
                    tandardization/EKC.01.065.refactoring_data_analysis/nerd/exa
                    mples/all_mutcounts/mut_count/mut_count___cfg-28cfa2a       
