[14:07:02] INFO     Executing 'run' command for step: 'mut_count'               
[14:07:02] INFO     Database schema initialized successfully.                   
           INFO     Created run directory:                                      
                    examples/all_mutcounts/mut_count/mut_count___cfg-055637b    
           INFO     Executing task 'mut_count' in run directory:                
                    examples/all_mutcounts/mut_count/mut_count___cfg-055637b    
           INFO     Resolved reaction_group 25_1_12 to 7 sample(s).             
           INFO     Began task 'mut_count' (ID: 28) for rg:115                  
                    (cfg=055637b8e784a835061c3ea769b76e878466c1df0f80cdd80a8629f
                    9e1cd56e3)                                                  
           INFO     Starting command (backend=local) in                         
                    examples/all_mutcounts/mut_count/mut_count___cfg-055637b    
           INFO     Executing command locally. Log file:                        
                    examples/all_mutcounts/mut_count/mut_count___cfg-055637b/com
                    mand.log                                                    
[14:10:57] INFO     Command finished with exit code: 0                          
           INFO     Logged attempt #1 for task ID 28 (Attempt ID: 14)           
           INFO     Command completed successfully. Consuming outputs.          
           INFO     Found ShapeMapper profile for 001-HIV-C30U-25c-a-1-p at     
                    examples/all_mutcounts/mut_count/mut_count___cfg-055637b/art
                    ifacts/001-HIV-C30U-25c-a-1-p/001-HIV-C30U-25c-a-1-p_001-HIV
                    -C30U-25c-a-1-p_profile.txt                                 
           INFO     Inserted probe_fmod_run for sample ID 972 (Run ID: 86)      
           INFO     Inserted probe_fmod_run 86 for sample 001-HIV-C30U-25c-a-1-p
           INFO     Bulk inserted 74 fmod_vals records.                         
           INFO     Inserted 74 probe_fmod_values records for                   
                    001-HIV-C30U-25c-a-1-p (modrate).                           
           INFO     Bulk inserted 74 fmod_vals records.                         
           INFO     Inserted 74 probe_fmod_values records for                   
                    001-HIV-C30U-25c-a-1-p (GAmodrate).                         
           INFO     Wrote per-read histogram for 001-HIV-C30U-25c-a-1-p         
                    (Modified) to                                               
                    examples/all_mutcounts/mut_count/mut_count___cfg-055637b/art
                    ifacts/001-HIV-C30U-25c-a-1-p/per_read_histogram.txt        
           INFO     Wrote per-read histogram for 001-HIV-C30U-25c-a-1-p (GA) to 
                    examples/all_mutcounts/mut_count/mut_count___cfg-055637b/art
                    ifacts/001-HIV-C30U-25c-a-1-p/per_read_histogram.txtga      
           INFO     Found ShapeMapper profile for 002-HIV-C30U-25c-a-2-p at     
                    examples/all_mutcounts/mut_count/mut_count___cfg-055637b/art
                    ifacts/002-HIV-C30U-25c-a-2-p/002-HIV-C30U-25c-a-2-p_002-HIV
                    -C30U-25c-a-2-p_profile.txt                                 
           INFO     Inserted probe_fmod_run for sample ID 973 (Run ID: 87)      
           INFO     Inserted probe_fmod_run 87 for sample 002-HIV-C30U-25c-a-2-p
           INFO     Bulk inserted 74 fmod_vals records.                         
           INFO     Inserted 74 probe_fmod_values records for                   
                    002-HIV-C30U-25c-a-2-p (modrate).                           
           INFO     Bulk inserted 74 fmod_vals records.                         
           INFO     Inserted 74 probe_fmod_values records for                   
                    002-HIV-C30U-25c-a-2-p (GAmodrate).                         
           INFO     Wrote per-read histogram for 002-HIV-C30U-25c-a-2-p         
                    (Modified) to                                               
                    examples/all_mutcounts/mut_count/mut_count___cfg-055637b/art
                    ifacts/002-HIV-C30U-25c-a-2-p/per_read_histogram.txt        
           INFO     Wrote per-read histogram for 002-HIV-C30U-25c-a-2-p (GA) to 
                    examples/all_mutcounts/mut_count/mut_count___cfg-055637b/art
                    ifacts/002-HIV-C30U-25c-a-2-p/per_read_histogram.txtga      
           INFO     Found ShapeMapper profile for 003-HIV-C30U-25c-a-3-p at     
                    examples/all_mutcounts/mut_count/mut_count___cfg-055637b/art
                    ifacts/003-HIV-C30U-25c-a-3-p/003-HIV-C30U-25c-a-3-p_003-HIV
                    -C30U-25c-a-3-p_profile.txt                                 
           INFO     Inserted probe_fmod_run for sample ID 974 (Run ID: 88)      
           INFO     Inserted probe_fmod_run 88 for sample 003-HIV-C30U-25c-a-3-p
           INFO     Bulk inserted 74 fmod_vals records.                         
           INFO     Inserted 74 probe_fmod_values records for                   
                    003-HIV-C30U-25c-a-3-p (modrate).                           
           INFO     Bulk inserted 74 fmod_vals records.                         
           INFO     Inserted 74 probe_fmod_values records for                   
                    003-HIV-C30U-25c-a-3-p (GAmodrate).                         
           INFO     Wrote per-read histogram for 003-HIV-C30U-25c-a-3-p         
                    (Modified) to                                               
                    examples/all_mutcounts/mut_count/mut_count___cfg-055637b/art
                    ifacts/003-HIV-C30U-25c-a-3-p/per_read_histogram.txt        
           INFO     Wrote per-read histogram for 003-HIV-C30U-25c-a-3-p (GA) to 
                    examples/all_mutcounts/mut_count/mut_count___cfg-055637b/art
                    ifacts/003-HIV-C30U-25c-a-3-p/per_read_histogram.txtga      
           INFO     Found ShapeMapper profile for 004-HIV-C30U-25c-a-4-p at     
                    examples/all_mutcounts/mut_count/mut_count___cfg-055637b/art
                    ifacts/004-HIV-C30U-25c-a-4-p/004-HIV-C30U-25c-a-4-p_004-HIV
                    -C30U-25c-a-4-p_profile.txt                                 
           INFO     Inserted probe_fmod_run for sample ID 975 (Run ID: 89)      
           INFO     Inserted probe_fmod_run 89 for sample 004-HIV-C30U-25c-a-4-p
           INFO     Bulk inserted 74 fmod_vals records.                         
           INFO     Inserted 74 probe_fmod_values records for                   
                    004-HIV-C30U-25c-a-4-p (modrate).                           
           INFO     Bulk inserted 74 fmod_vals records.                         
           INFO     Inserted 74 probe_fmod_values records for                   
                    004-HIV-C30U-25c-a-4-p (GAmodrate).                         
           INFO     Wrote per-read histogram for 004-HIV-C30U-25c-a-4-p         
                    (Modified) to                                               
                    examples/all_mutcounts/mut_count/mut_count___cfg-055637b/art
                    ifacts/004-HIV-C30U-25c-a-4-p/per_read_histogram.txt        
           INFO     Wrote per-read histogram for 004-HIV-C30U-25c-a-4-p (GA) to 
                    examples/all_mutcounts/mut_count/mut_count___cfg-055637b/art
                    ifacts/004-HIV-C30U-25c-a-4-p/per_read_histogram.txtga      
           INFO     Found ShapeMapper profile for 005-HIV-C30U-25c-a-5-p at     
                    examples/all_mutcounts/mut_count/mut_count___cfg-055637b/art
                    ifacts/005-HIV-C30U-25c-a-5-p/005-HIV-C30U-25c-a-5-p_005-HIV
                    -C30U-25c-a-5-p_profile.txt                                 
           INFO     Inserted probe_fmod_run for sample ID 976 (Run ID: 90)      
           INFO     Inserted probe_fmod_run 90 for sample 005-HIV-C30U-25c-a-5-p
           INFO     Bulk inserted 74 fmod_vals records.                         
           INFO     Inserted 74 probe_fmod_values records for                   
                    005-HIV-C30U-25c-a-5-p (modrate).                           
           INFO     Bulk inserted 74 fmod_vals records.                         
           INFO     Inserted 74 probe_fmod_values records for                   
                    005-HIV-C30U-25c-a-5-p (GAmodrate).                         
           INFO     Wrote per-read histogram for 005-HIV-C30U-25c-a-5-p         
                    (Modified) to                                               
                    examples/all_mutcounts/mut_count/mut_count___cfg-055637b/art
                    ifacts/005-HIV-C30U-25c-a-5-p/per_read_histogram.txt        
           INFO     Wrote per-read histogram for 005-HIV-C30U-25c-a-5-p (GA) to 
                    examples/all_mutcounts/mut_count/mut_count___cfg-055637b/art
                    ifacts/005-HIV-C30U-25c-a-5-p/per_read_histogram.txtga      
           INFO     Found ShapeMapper profile for 006-HIV-C30U-25c-a-6-p at     
                    examples/all_mutcounts/mut_count/mut_count___cfg-055637b/art
                    ifacts/006-HIV-C30U-25c-a-6-p/006-HIV-C30U-25c-a-6-p_006-HIV
                    -C30U-25c-a-6-p_profile.txt                                 
           INFO     Inserted probe_fmod_run for sample ID 977 (Run ID: 91)      
           INFO     Inserted probe_fmod_run 91 for sample 006-HIV-C30U-25c-a-6-p
           INFO     Bulk inserted 74 fmod_vals records.                         
           INFO     Inserted 74 probe_fmod_values records for                   
                    006-HIV-C30U-25c-a-6-p (modrate).                           
           INFO     Bulk inserted 74 fmod_vals records.                         
           INFO     Inserted 74 probe_fmod_values records for                   
                    006-HIV-C30U-25c-a-6-p (GAmodrate).                         
           INFO     Wrote per-read histogram for 006-HIV-C30U-25c-a-6-p         
                    (Modified) to                                               
                    examples/all_mutcounts/mut_count/mut_count___cfg-055637b/art
                    ifacts/006-HIV-C30U-25c-a-6-p/per_read_histogram.txt        
           INFO     Wrote per-read histogram for 006-HIV-C30U-25c-a-6-p (GA) to 
                    examples/all_mutcounts/mut_count/mut_count___cfg-055637b/art
                    ifacts/006-HIV-C30U-25c-a-6-p/per_read_histogram.txtga      
           INFO     Found ShapeMapper profile for 081-HIV-C30U-25c-a-6-m at     
                    examples/all_mutcounts/mut_count/mut_count___cfg-055637b/art
                    ifacts/081-HIV-C30U-25c-a-6-m/081-HIV-C30U-25c-a-6-m_081-HIV
                    -C30U-25c-a-6-m_profile.txt                                 
           INFO     Inserted probe_fmod_run for sample ID 1052 (Run ID: 92)     
           INFO     Inserted probe_fmod_run 92 for sample 081-HIV-C30U-25c-a-6-m
           INFO     Bulk inserted 74 fmod_vals records.                         
           INFO     Inserted 74 probe_fmod_values records for                   
                    081-HIV-C30U-25c-a-6-m (modrate).                           
           INFO     Bulk inserted 74 fmod_vals records.                         
           INFO     Inserted 74 probe_fmod_values records for                   
                    081-HIV-C30U-25c-a-6-m (GAmodrate).                         
           INFO     Wrote per-read histogram for 081-HIV-C30U-25c-a-6-m         
                    (Modified) to                                               
                    examples/all_mutcounts/mut_count/mut_count___cfg-055637b/art
                    ifacts/081-HIV-C30U-25c-a-6-m/per_read_histogram.txt        
           INFO     Wrote per-read histogram for 081-HIV-C30U-25c-a-6-m (GA) to 
                    examples/all_mutcounts/mut_count/mut_count___cfg-055637b/art
                    ifacts/081-HIV-C30U-25c-a-6-m/per_read_histogram.txtga      
           INFO     mut_count completed. Profiles found for 7/7 samples;        
                    ingested 7 run(s).                                          
           INFO     Finished task ID 28 with state 'completed'                  
           INFO     Task 'mut_count' (ID: 28) completed successfully.           
           INFO     Updated 'latest' symlink for task 'mut_count' to point to   
                    /gpfs/projects/b1044/Computational_Output/EKC/EKC.01_SHAPE_s
                    tandardization/EKC.01.065.refactoring_data_analysis/nerd/exa
                    mples/all_mutcounts/mut_count/mut_count___cfg-055637b       
