[17:37:09] INFO     Executing 'run' command for step: 'mut_count'               
[17:37:09] INFO     Database schema initialized successfully.                   
           INFO     Created run directory:                                      
                    examples/all_mutcounts/mut_count/mut_count___cfg-1de004b    
           INFO     Executing task 'mut_count' in run directory:                
                    examples/all_mutcounts/mut_count/mut_count___cfg-1de004b    
           INFO     Resolved reaction_group 70_2_14 to 7 sample(s).             
           INFO     Began task 'mut_count' (ID: 97) for rg:94                   
                    (cfg=1de004b1b2ab65518dfa7265205eb17b7927397b692b141a2bd49cd
                    d2927f407)                                                  
           INFO     Starting command (backend=local) in                         
                    examples/all_mutcounts/mut_count/mut_count___cfg-1de004b    
           INFO     Executing command locally. Log file:                        
                    examples/all_mutcounts/mut_count/mut_count___cfg-1de004b/com
                    mand.log                                                    
[17:41:22] INFO     Command finished with exit code: 0                          
           INFO     Logged attempt #1 for task ID 97 (Attempt ID: 84)           
           INFO     Command completed successfully. Consuming outputs.          
           INFO     Found ShapeMapper profile for 067-HIV-UUCG-GS-70c-b-1-p at  
                    examples/all_mutcounts/mut_count/mut_count___cfg-1de004b/art
                    ifacts/067-HIV-UUCG-GS-70c-b-1-p/067-HIV-UUCG-GS-70c-b-1-p_0
                    67-HIV-UUCG-GS-70c-b-1-p_profile.txt                        
           INFO     Inserted probe_fmod_run for sample ID 846 (Run ID: 664)     
           INFO     Inserted probe_fmod_run 664 for sample                      
                    067-HIV-UUCG-GS-70c-b-1-p                                   
           INFO     Bulk inserted 72 fmod_vals records.                         
           INFO     Inserted 72 probe_fmod_values records for                   
                    067-HIV-UUCG-GS-70c-b-1-p (modrate).                        
           INFO     Bulk inserted 72 fmod_vals records.                         
           INFO     Inserted 72 probe_fmod_values records for                   
                    067-HIV-UUCG-GS-70c-b-1-p (GAmodrate).                      
           INFO     Wrote per-read histogram for 067-HIV-UUCG-GS-70c-b-1-p      
                    (Modified) to                                               
                    examples/all_mutcounts/mut_count/mut_count___cfg-1de004b/art
                    ifacts/067-HIV-UUCG-GS-70c-b-1-p/per_read_histogram.txt     
           INFO     Wrote per-read histogram for 067-HIV-UUCG-GS-70c-b-1-p (GA) 
                    to                                                          
                    examples/all_mutcounts/mut_count/mut_count___cfg-1de004b/art
                    ifacts/067-HIV-UUCG-GS-70c-b-1-p/per_read_histogram.txtga   
           INFO     Found ShapeMapper profile for 068-HIV-UUCG-GS-70c-b-2-p at  
                    examples/all_mutcounts/mut_count/mut_count___cfg-1de004b/art
                    ifacts/068-HIV-UUCG-GS-70c-b-2-p/068-HIV-UUCG-GS-70c-b-2-p_0
                    68-HIV-UUCG-GS-70c-b-2-p_profile.txt                        
           INFO     Inserted probe_fmod_run for sample ID 847 (Run ID: 665)     
           INFO     Inserted probe_fmod_run 665 for sample                      
                    068-HIV-UUCG-GS-70c-b-2-p                                   
           INFO     Bulk inserted 72 fmod_vals records.                         
           INFO     Inserted 72 probe_fmod_values records for                   
                    068-HIV-UUCG-GS-70c-b-2-p (modrate).                        
           INFO     Bulk inserted 72 fmod_vals records.                         
           INFO     Inserted 72 probe_fmod_values records for                   
                    068-HIV-UUCG-GS-70c-b-2-p (GAmodrate).                      
           INFO     Wrote per-read histogram for 068-HIV-UUCG-GS-70c-b-2-p      
                    (Modified) to                                               
                    examples/all_mutcounts/mut_count/mut_count___cfg-1de004b/art
                    ifacts/068-HIV-UUCG-GS-70c-b-2-p/per_read_histogram.txt     
           INFO     Wrote per-read histogram for 068-HIV-UUCG-GS-70c-b-2-p (GA) 
                    to                                                          
                    examples/all_mutcounts/mut_count/mut_count___cfg-1de004b/art
                    ifacts/068-HIV-UUCG-GS-70c-b-2-p/per_read_histogram.txtga   
           INFO     Found ShapeMapper profile for 069-HIV-UUCG-GS-70c-b-3-p at  
                    examples/all_mutcounts/mut_count/mut_count___cfg-1de004b/art
                    ifacts/069-HIV-UUCG-GS-70c-b-3-p/069-HIV-UUCG-GS-70c-b-3-p_0
                    69-HIV-UUCG-GS-70c-b-3-p_profile.txt                        
           INFO     Inserted probe_fmod_run for sample ID 848 (Run ID: 666)     
           INFO     Inserted probe_fmod_run 666 for sample                      
                    069-HIV-UUCG-GS-70c-b-3-p                                   
           INFO     Bulk inserted 72 fmod_vals records.                         
           INFO     Inserted 72 probe_fmod_values records for                   
                    069-HIV-UUCG-GS-70c-b-3-p (modrate).                        
           INFO     Bulk inserted 72 fmod_vals records.                         
           INFO     Inserted 72 probe_fmod_values records for                   
                    069-HIV-UUCG-GS-70c-b-3-p (GAmodrate).                      
           INFO     Wrote per-read histogram for 069-HIV-UUCG-GS-70c-b-3-p      
                    (Modified) to                                               
                    examples/all_mutcounts/mut_count/mut_count___cfg-1de004b/art
                    ifacts/069-HIV-UUCG-GS-70c-b-3-p/per_read_histogram.txt     
           INFO     Wrote per-read histogram for 069-HIV-UUCG-GS-70c-b-3-p (GA) 
                    to                                                          
                    examples/all_mutcounts/mut_count/mut_count___cfg-1de004b/art
                    ifacts/069-HIV-UUCG-GS-70c-b-3-p/per_read_histogram.txtga   
           INFO     Found ShapeMapper profile for 070-HIV-UUCG-GS-70c-b-4-p at  
                    examples/all_mutcounts/mut_count/mut_count___cfg-1de004b/art
                    ifacts/070-HIV-UUCG-GS-70c-b-4-p/070-HIV-UUCG-GS-70c-b-4-p_0
                    70-HIV-UUCG-GS-70c-b-4-p_profile.txt                        
           INFO     Inserted probe_fmod_run for sample ID 849 (Run ID: 667)     
           INFO     Inserted probe_fmod_run 667 for sample                      
                    070-HIV-UUCG-GS-70c-b-4-p                                   
           INFO     Bulk inserted 72 fmod_vals records.                         
           INFO     Inserted 72 probe_fmod_values records for                   
                    070-HIV-UUCG-GS-70c-b-4-p (modrate).                        
           INFO     Bulk inserted 72 fmod_vals records.                         
           INFO     Inserted 72 probe_fmod_values records for                   
                    070-HIV-UUCG-GS-70c-b-4-p (GAmodrate).                      
           INFO     Wrote per-read histogram for 070-HIV-UUCG-GS-70c-b-4-p      
                    (Modified) to                                               
                    examples/all_mutcounts/mut_count/mut_count___cfg-1de004b/art
                    ifacts/070-HIV-UUCG-GS-70c-b-4-p/per_read_histogram.txt     
           INFO     Wrote per-read histogram for 070-HIV-UUCG-GS-70c-b-4-p (GA) 
                    to                                                          
                    examples/all_mutcounts/mut_count/mut_count___cfg-1de004b/art
                    ifacts/070-HIV-UUCG-GS-70c-b-4-p/per_read_histogram.txtga   
           INFO     Found ShapeMapper profile for 071-HIV-UUCG-GS-70c-b-5-p at  
                    examples/all_mutcounts/mut_count/mut_count___cfg-1de004b/art
                    ifacts/071-HIV-UUCG-GS-70c-b-5-p/071-HIV-UUCG-GS-70c-b-5-p_0
                    71-HIV-UUCG-GS-70c-b-5-p_profile.txt                        
           INFO     Inserted probe_fmod_run for sample ID 850 (Run ID: 668)     
           INFO     Inserted probe_fmod_run 668 for sample                      
                    071-HIV-UUCG-GS-70c-b-5-p                                   
           INFO     Bulk inserted 72 fmod_vals records.                         
           INFO     Inserted 72 probe_fmod_values records for                   
                    071-HIV-UUCG-GS-70c-b-5-p (modrate).                        
           INFO     Bulk inserted 72 fmod_vals records.                         
           INFO     Inserted 72 probe_fmod_values records for                   
                    071-HIV-UUCG-GS-70c-b-5-p (GAmodrate).                      
           INFO     Wrote per-read histogram for 071-HIV-UUCG-GS-70c-b-5-p      
                    (Modified) to                                               
                    examples/all_mutcounts/mut_count/mut_count___cfg-1de004b/art
                    ifacts/071-HIV-UUCG-GS-70c-b-5-p/per_read_histogram.txt     
           INFO     Wrote per-read histogram for 071-HIV-UUCG-GS-70c-b-5-p (GA) 
                    to                                                          
                    examples/all_mutcounts/mut_count/mut_count___cfg-1de004b/art
                    ifacts/071-HIV-UUCG-GS-70c-b-5-p/per_read_histogram.txtga   
           INFO     Found ShapeMapper profile for 060-HIV-UUCG-GS-70c-b-6-m at  
                    examples/all_mutcounts/mut_count/mut_count___cfg-1de004b/art
                    ifacts/060-HIV-UUCG-GS-70c-b-6-m/060-HIV-UUCG-GS-70c-b-6-m_0
                    60-HIV-UUCG-GS-70c-b-6-m_profile.txt                        
           INFO     Inserted probe_fmod_run for sample ID 1031 (Run ID: 669)    
           INFO     Inserted probe_fmod_run 669 for sample                      
                    060-HIV-UUCG-GS-70c-b-6-m                                   
           INFO     Bulk inserted 72 fmod_vals records.                         
           INFO     Inserted 72 probe_fmod_values records for                   
                    060-HIV-UUCG-GS-70c-b-6-m (modrate).                        
           INFO     Bulk inserted 72 fmod_vals records.                         
           INFO     Inserted 72 probe_fmod_values records for                   
                    060-HIV-UUCG-GS-70c-b-6-m (GAmodrate).                      
           INFO     Wrote per-read histogram for 060-HIV-UUCG-GS-70c-b-6-m      
                    (Modified) to                                               
                    examples/all_mutcounts/mut_count/mut_count___cfg-1de004b/art
                    ifacts/060-HIV-UUCG-GS-70c-b-6-m/per_read_histogram.txt     
           INFO     Wrote per-read histogram for 060-HIV-UUCG-GS-70c-b-6-m (GA) 
                    to                                                          
                    examples/all_mutcounts/mut_count/mut_count___cfg-1de004b/art
                    ifacts/060-HIV-UUCG-GS-70c-b-6-m/per_read_histogram.txtga   
           INFO     Found ShapeMapper profile for 072-HIV-UUCG-GS-70c-b-6-p at  
                    examples/all_mutcounts/mut_count/mut_count___cfg-1de004b/art
                    ifacts/072-HIV-UUCG-GS-70c-b-6-p/072-HIV-UUCG-GS-70c-b-6-p_0
                    72-HIV-UUCG-GS-70c-b-6-p_profile.txt                        
           INFO     Inserted probe_fmod_run for sample ID 851 (Run ID: 670)     
           INFO     Inserted probe_fmod_run 670 for sample                      
                    072-HIV-UUCG-GS-70c-b-6-p                                   
           INFO     Bulk inserted 72 fmod_vals records.                         
           INFO     Inserted 72 probe_fmod_values records for                   
                    072-HIV-UUCG-GS-70c-b-6-p (modrate).                        
           INFO     Bulk inserted 72 fmod_vals records.                         
           INFO     Inserted 72 probe_fmod_values records for                   
                    072-HIV-UUCG-GS-70c-b-6-p (GAmodrate).                      
           INFO     Wrote per-read histogram for 072-HIV-UUCG-GS-70c-b-6-p      
                    (Modified) to                                               
                    examples/all_mutcounts/mut_count/mut_count___cfg-1de004b/art
                    ifacts/072-HIV-UUCG-GS-70c-b-6-p/per_read_histogram.txt     
           INFO     Wrote per-read histogram for 072-HIV-UUCG-GS-70c-b-6-p (GA) 
                    to                                                          
                    examples/all_mutcounts/mut_count/mut_count___cfg-1de004b/art
                    ifacts/072-HIV-UUCG-GS-70c-b-6-p/per_read_histogram.txtga   
[17:41:23] INFO     mut_count completed. Profiles found for 7/7 samples;        
                    ingested 7 run(s).                                          
           INFO     Finished task ID 97 with state 'completed'                  
           INFO     Task 'mut_count' (ID: 97) completed successfully.           
           INFO     Updated 'latest' symlink for task 'mut_count' to point to   
                    /gpfs/projects/b1044/Computational_Output/EKC/EKC.01_SHAPE_s
                    tandardization/EKC.01.065.refactoring_data_analysis/nerd/exa
                    mples/all_mutcounts/mut_count/mut_count___cfg-1de004b       
