[17:55:35] INFO     Executing 'run' command for step: 'mut_count'               
[17:55:35] INFO     Database schema initialized successfully.                   
           INFO     Created run directory:                                      
                    examples/all_mutcounts/mut_count/mut_count___cfg-07f1125    
           INFO     Executing task 'mut_count' in run directory:                
                    examples/all_mutcounts/mut_count/mut_count___cfg-07f1125    
           INFO     Resolved reaction_group 80_1_15 to 7 sample(s).             
           INFO     Began task 'mut_count' (ID: 121) for rg:89                  
                    (cfg=07f11256883ec6469e502dbbc32754245bed39c7efe14fd3765a3af
                    f2ba9a837)                                                  
           INFO     Starting command (backend=local) in                         
                    examples/all_mutcounts/mut_count/mut_count___cfg-07f1125    
           INFO     Executing command locally. Log file:                        
                    examples/all_mutcounts/mut_count/mut_count___cfg-07f1125/com
                    mand.log                                                    
[18:00:21] INFO     Command finished with exit code: 0                          
           INFO     Logged attempt #1 for task ID 121 (Attempt ID: 114)         
           INFO     Command completed successfully. Consuming outputs.          
           INFO     Found ShapeMapper profile for 037-HIV-WT-80c-a-1-p at       
                    examples/all_mutcounts/mut_count/mut_count___cfg-07f1125/art
                    ifacts/037-HIV-WT-80c-a-1-p/037-HIV-WT-80c-a-1-p_037-HIV-WT-
                    80c-a-1-p_profile.txt                                       
           INFO     Inserted probe_fmod_run for sample ID 816 (Run ID: 891)     
           INFO     Inserted probe_fmod_run 891 for sample 037-HIV-WT-80c-a-1-p 
           INFO     Bulk inserted 74 fmod_vals records.                         
           INFO     Inserted 74 probe_fmod_values records for                   
                    037-HIV-WT-80c-a-1-p (modrate).                             
           INFO     Bulk inserted 74 fmod_vals records.                         
           INFO     Inserted 74 probe_fmod_values records for                   
                    037-HIV-WT-80c-a-1-p (GAmodrate).                           
           INFO     Wrote per-read histogram for 037-HIV-WT-80c-a-1-p (Modified)
                    to                                                          
                    examples/all_mutcounts/mut_count/mut_count___cfg-07f1125/art
                    ifacts/037-HIV-WT-80c-a-1-p/per_read_histogram.txt          
           INFO     Wrote per-read histogram for 037-HIV-WT-80c-a-1-p (GA) to   
                    examples/all_mutcounts/mut_count/mut_count___cfg-07f1125/art
                    ifacts/037-HIV-WT-80c-a-1-p/per_read_histogram.txtga        
           INFO     Found ShapeMapper profile for 038-HIV-WT-80c-a-2-p at       
                    examples/all_mutcounts/mut_count/mut_count___cfg-07f1125/art
                    ifacts/038-HIV-WT-80c-a-2-p/038-HIV-WT-80c-a-2-p_038-HIV-WT-
                    80c-a-2-p_profile.txt                                       
           INFO     Inserted probe_fmod_run for sample ID 817 (Run ID: 892)     
           INFO     Inserted probe_fmod_run 892 for sample 038-HIV-WT-80c-a-2-p 
           INFO     Bulk inserted 74 fmod_vals records.                         
           INFO     Inserted 74 probe_fmod_values records for                   
                    038-HIV-WT-80c-a-2-p (modrate).                             
           INFO     Bulk inserted 74 fmod_vals records.                         
           INFO     Inserted 74 probe_fmod_values records for                   
                    038-HIV-WT-80c-a-2-p (GAmodrate).                           
           INFO     Wrote per-read histogram for 038-HIV-WT-80c-a-2-p (Modified)
                    to                                                          
                    examples/all_mutcounts/mut_count/mut_count___cfg-07f1125/art
                    ifacts/038-HIV-WT-80c-a-2-p/per_read_histogram.txt          
           INFO     Wrote per-read histogram for 038-HIV-WT-80c-a-2-p (GA) to   
                    examples/all_mutcounts/mut_count/mut_count___cfg-07f1125/art
                    ifacts/038-HIV-WT-80c-a-2-p/per_read_histogram.txtga        
           INFO     Found ShapeMapper profile for 039-HIV-WT-80c-a-3-p at       
                    examples/all_mutcounts/mut_count/mut_count___cfg-07f1125/art
                    ifacts/039-HIV-WT-80c-a-3-p/039-HIV-WT-80c-a-3-p_039-HIV-WT-
                    80c-a-3-p_profile.txt                                       
           INFO     Inserted probe_fmod_run for sample ID 818 (Run ID: 893)     
           INFO     Inserted probe_fmod_run 893 for sample 039-HIV-WT-80c-a-3-p 
           INFO     Bulk inserted 74 fmod_vals records.                         
           INFO     Inserted 74 probe_fmod_values records for                   
                    039-HIV-WT-80c-a-3-p (modrate).                             
           INFO     Bulk inserted 74 fmod_vals records.                         
           INFO     Inserted 74 probe_fmod_values records for                   
                    039-HIV-WT-80c-a-3-p (GAmodrate).                           
           INFO     Wrote per-read histogram for 039-HIV-WT-80c-a-3-p (Modified)
                    to                                                          
                    examples/all_mutcounts/mut_count/mut_count___cfg-07f1125/art
                    ifacts/039-HIV-WT-80c-a-3-p/per_read_histogram.txt          
           INFO     Wrote per-read histogram for 039-HIV-WT-80c-a-3-p (GA) to   
                    examples/all_mutcounts/mut_count/mut_count___cfg-07f1125/art
                    ifacts/039-HIV-WT-80c-a-3-p/per_read_histogram.txtga        
           INFO     Found ShapeMapper profile for 040-HIV-WT-80c-a-4-p at       
                    examples/all_mutcounts/mut_count/mut_count___cfg-07f1125/art
                    ifacts/040-HIV-WT-80c-a-4-p/040-HIV-WT-80c-a-4-p_040-HIV-WT-
                    80c-a-4-p_profile.txt                                       
           INFO     Inserted probe_fmod_run for sample ID 819 (Run ID: 894)     
           INFO     Inserted probe_fmod_run 894 for sample 040-HIV-WT-80c-a-4-p 
           INFO     Bulk inserted 74 fmod_vals records.                         
           INFO     Inserted 74 probe_fmod_values records for                   
                    040-HIV-WT-80c-a-4-p (modrate).                             
           INFO     Bulk inserted 74 fmod_vals records.                         
           INFO     Inserted 74 probe_fmod_values records for                   
                    040-HIV-WT-80c-a-4-p (GAmodrate).                           
           INFO     Wrote per-read histogram for 040-HIV-WT-80c-a-4-p (Modified)
                    to                                                          
                    examples/all_mutcounts/mut_count/mut_count___cfg-07f1125/art
                    ifacts/040-HIV-WT-80c-a-4-p/per_read_histogram.txt          
           INFO     Wrote per-read histogram for 040-HIV-WT-80c-a-4-p (GA) to   
                    examples/all_mutcounts/mut_count/mut_count___cfg-07f1125/art
                    ifacts/040-HIV-WT-80c-a-4-p/per_read_histogram.txtga        
           INFO     Found ShapeMapper profile for 041-HIV-WT-80c-a-5-p at       
                    examples/all_mutcounts/mut_count/mut_count___cfg-07f1125/art
                    ifacts/041-HIV-WT-80c-a-5-p/041-HIV-WT-80c-a-5-p_041-HIV-WT-
                    80c-a-5-p_profile.txt                                       
           INFO     Inserted probe_fmod_run for sample ID 820 (Run ID: 895)     
           INFO     Inserted probe_fmod_run 895 for sample 041-HIV-WT-80c-a-5-p 
           INFO     Bulk inserted 74 fmod_vals records.                         
           INFO     Inserted 74 probe_fmod_values records for                   
                    041-HIV-WT-80c-a-5-p (modrate).                             
           INFO     Bulk inserted 74 fmod_vals records.                         
           INFO     Inserted 74 probe_fmod_values records for                   
                    041-HIV-WT-80c-a-5-p (GAmodrate).                           
           INFO     Wrote per-read histogram for 041-HIV-WT-80c-a-5-p (Modified)
                    to                                                          
                    examples/all_mutcounts/mut_count/mut_count___cfg-07f1125/art
                    ifacts/041-HIV-WT-80c-a-5-p/per_read_histogram.txt          
           INFO     Wrote per-read histogram for 041-HIV-WT-80c-a-5-p (GA) to   
                    examples/all_mutcounts/mut_count/mut_count___cfg-07f1125/art
                    ifacts/041-HIV-WT-80c-a-5-p/per_read_histogram.txtga        
           INFO     Found ShapeMapper profile for 042-HIV-WT-80c-a-6-p at       
                    examples/all_mutcounts/mut_count/mut_count___cfg-07f1125/art
                    ifacts/042-HIV-WT-80c-a-6-p/042-HIV-WT-80c-a-6-p_042-HIV-WT-
                    80c-a-6-p_profile.txt                                       
           INFO     Inserted probe_fmod_run for sample ID 821 (Run ID: 896)     
           INFO     Inserted probe_fmod_run 896 for sample 042-HIV-WT-80c-a-6-p 
           INFO     Bulk inserted 74 fmod_vals records.                         
           INFO     Inserted 74 probe_fmod_values records for                   
                    042-HIV-WT-80c-a-6-p (modrate).                             
           INFO     Bulk inserted 74 fmod_vals records.                         
           INFO     Inserted 74 probe_fmod_values records for                   
                    042-HIV-WT-80c-a-6-p (GAmodrate).                           
           INFO     Wrote per-read histogram for 042-HIV-WT-80c-a-6-p (Modified)
                    to                                                          
                    examples/all_mutcounts/mut_count/mut_count___cfg-07f1125/art
                    ifacts/042-HIV-WT-80c-a-6-p/per_read_histogram.txt          
           INFO     Wrote per-read histogram for 042-HIV-WT-80c-a-6-p (GA) to   
                    examples/all_mutcounts/mut_count/mut_count___cfg-07f1125/art
                    ifacts/042-HIV-WT-80c-a-6-p/per_read_histogram.txtga        
           INFO     Found ShapeMapper profile for 055-HIV-WT-80c-a-6-m at       
                    examples/all_mutcounts/mut_count/mut_count___cfg-07f1125/art
                    ifacts/055-HIV-WT-80c-a-6-m/055-HIV-WT-80c-a-6-m_055-HIV-WT-
                    80c-a-6-m_profile.txt                                       
           INFO     Inserted probe_fmod_run for sample ID 1026 (Run ID: 897)    
           INFO     Inserted probe_fmod_run 897 for sample 055-HIV-WT-80c-a-6-m 
           INFO     Bulk inserted 74 fmod_vals records.                         
           INFO     Inserted 74 probe_fmod_values records for                   
                    055-HIV-WT-80c-a-6-m (modrate).                             
           INFO     Bulk inserted 74 fmod_vals records.                         
           INFO     Inserted 74 probe_fmod_values records for                   
                    055-HIV-WT-80c-a-6-m (GAmodrate).                           
           INFO     Wrote per-read histogram for 055-HIV-WT-80c-a-6-m (Modified)
                    to                                                          
                    examples/all_mutcounts/mut_count/mut_count___cfg-07f1125/art
                    ifacts/055-HIV-WT-80c-a-6-m/per_read_histogram.txt          
           INFO     Wrote per-read histogram for 055-HIV-WT-80c-a-6-m (GA) to   
                    examples/all_mutcounts/mut_count/mut_count___cfg-07f1125/art
                    ifacts/055-HIV-WT-80c-a-6-m/per_read_histogram.txtga        
           INFO     mut_count completed. Profiles found for 7/7 samples;        
                    ingested 7 run(s).                                          
           INFO     Finished task ID 121 with state 'completed'                 
           INFO     Task 'mut_count' (ID: 121) completed successfully.          
           INFO     Updated 'latest' symlink for task 'mut_count' to point to   
                    /gpfs/projects/b1044/Computational_Output/EKC/EKC.01_SHAPE_s
                    tandardization/EKC.01.065.refactoring_data_analysis/nerd/exa
                    mples/all_mutcounts/mut_count/mut_count___cfg-07f1125       
