[18:00:39] INFO     Executing 'run' command for step: 'mut_count'               
[18:00:39] INFO     Database schema initialized successfully.                   
           INFO     Created run directory:                                      
                    examples/all_mutcounts/mut_count/mut_count___cfg-a1c95a8    
           INFO     Executing task 'mut_count' in run directory:                
                    examples/all_mutcounts/mut_count/mut_count___cfg-a1c95a8    
           INFO     Resolved reaction_group 80_2_14 to 7 sample(s).             
           INFO     Began task 'mut_count' (ID: 129) for rg:98                  
                    (cfg=a1c95a8c1c807da3c2cf536da6b8da11ea918e52fca14c48c97b556
                    a880cbbc3)                                                  
           INFO     Starting command (backend=local) in                         
                    examples/all_mutcounts/mut_count/mut_count___cfg-a1c95a8    
           INFO     Executing command locally. Log file:                        
                    examples/all_mutcounts/mut_count/mut_count___cfg-a1c95a8/com
                    mand.log                                                    
[18:04:52] INFO     Command finished with exit code: 0                          
           INFO     Logged attempt #1 for task ID 129 (Attempt ID: 120)         
           INFO     Command completed successfully. Consuming outputs.          
           INFO     Found ShapeMapper profile for 091-HIV-UUCG-GS-80c-b-6-p at  
                    examples/all_mutcounts/mut_count/mut_count___cfg-a1c95a8/art
                    ifacts/091-HIV-UUCG-GS-80c-b-6-p/091-HIV-UUCG-GS-80c-b-6-p_0
                    91-HIV-UUCG-GS-80c-b-6-p_profile.txt                        
           INFO     Inserted probe_fmod_run for sample ID 870 (Run ID: 933)     
           INFO     Inserted probe_fmod_run 933 for sample                      
                    091-HIV-UUCG-GS-80c-b-6-p                                   
           INFO     Bulk inserted 72 fmod_vals records.                         
           INFO     Inserted 72 probe_fmod_values records for                   
                    091-HIV-UUCG-GS-80c-b-6-p (modrate).                        
           INFO     Bulk inserted 72 fmod_vals records.                         
           INFO     Inserted 72 probe_fmod_values records for                   
                    091-HIV-UUCG-GS-80c-b-6-p (GAmodrate).                      
           INFO     Wrote per-read histogram for 091-HIV-UUCG-GS-80c-b-6-p      
                    (Modified) to                                               
                    examples/all_mutcounts/mut_count/mut_count___cfg-a1c95a8/art
                    ifacts/091-HIV-UUCG-GS-80c-b-6-p/per_read_histogram.txt     
           INFO     Wrote per-read histogram for 091-HIV-UUCG-GS-80c-b-6-p (GA) 
                    to                                                          
                    examples/all_mutcounts/mut_count/mut_count___cfg-a1c95a8/art
                    ifacts/091-HIV-UUCG-GS-80c-b-6-p/per_read_histogram.txtga   
           INFO     Found ShapeMapper profile for 092-HIV-UUCG-GS-80c-b-6-p at  
                    examples/all_mutcounts/mut_count/mut_count___cfg-a1c95a8/art
                    ifacts/092-HIV-UUCG-GS-80c-b-6-p/092-HIV-UUCG-GS-80c-b-6-p_0
                    92-HIV-UUCG-GS-80c-b-6-p_profile.txt                        
           INFO     Inserted probe_fmod_run for sample ID 871 (Run ID: 934)     
           INFO     Inserted probe_fmod_run 934 for sample                      
                    092-HIV-UUCG-GS-80c-b-6-p                                   
           INFO     Bulk inserted 72 fmod_vals records.                         
           INFO     Inserted 72 probe_fmod_values records for                   
                    092-HIV-UUCG-GS-80c-b-6-p (modrate).                        
           INFO     Bulk inserted 72 fmod_vals records.                         
           INFO     Inserted 72 probe_fmod_values records for                   
                    092-HIV-UUCG-GS-80c-b-6-p (GAmodrate).                      
           INFO     Wrote per-read histogram for 092-HIV-UUCG-GS-80c-b-6-p      
                    (Modified) to                                               
                    examples/all_mutcounts/mut_count/mut_count___cfg-a1c95a8/art
                    ifacts/092-HIV-UUCG-GS-80c-b-6-p/per_read_histogram.txt     
           INFO     Wrote per-read histogram for 092-HIV-UUCG-GS-80c-b-6-p (GA) 
                    to                                                          
                    examples/all_mutcounts/mut_count/mut_count___cfg-a1c95a8/art
                    ifacts/092-HIV-UUCG-GS-80c-b-6-p/per_read_histogram.txtga   
           INFO     Found ShapeMapper profile for 093-HIV-UUCG-GS-80c-b-6-p at  
                    examples/all_mutcounts/mut_count/mut_count___cfg-a1c95a8/art
                    ifacts/093-HIV-UUCG-GS-80c-b-6-p/093-HIV-UUCG-GS-80c-b-6-p_0
                    93-HIV-UUCG-GS-80c-b-6-p_profile.txt                        
           INFO     Inserted probe_fmod_run for sample ID 872 (Run ID: 935)     
           INFO     Inserted probe_fmod_run 935 for sample                      
                    093-HIV-UUCG-GS-80c-b-6-p                                   
           INFO     Bulk inserted 72 fmod_vals records.                         
           INFO     Inserted 72 probe_fmod_values records for                   
                    093-HIV-UUCG-GS-80c-b-6-p (modrate).                        
           INFO     Bulk inserted 72 fmod_vals records.                         
           INFO     Inserted 72 probe_fmod_values records for                   
                    093-HIV-UUCG-GS-80c-b-6-p (GAmodrate).                      
           INFO     Wrote per-read histogram for 093-HIV-UUCG-GS-80c-b-6-p      
                    (Modified) to                                               
                    examples/all_mutcounts/mut_count/mut_count___cfg-a1c95a8/art
                    ifacts/093-HIV-UUCG-GS-80c-b-6-p/per_read_histogram.txt     
           INFO     Wrote per-read histogram for 093-HIV-UUCG-GS-80c-b-6-p (GA) 
                    to                                                          
                    examples/all_mutcounts/mut_count/mut_count___cfg-a1c95a8/art
                    ifacts/093-HIV-UUCG-GS-80c-b-6-p/per_read_histogram.txtga   
           INFO     Found ShapeMapper profile for 094-HIV-UUCG-GS-80c-b-6-p at  
                    examples/all_mutcounts/mut_count/mut_count___cfg-a1c95a8/art
                    ifacts/094-HIV-UUCG-GS-80c-b-6-p/094-HIV-UUCG-GS-80c-b-6-p_0
                    94-HIV-UUCG-GS-80c-b-6-p_profile.txt                        
           INFO     Inserted probe_fmod_run for sample ID 873 (Run ID: 936)     
           INFO     Inserted probe_fmod_run 936 for sample                      
                    094-HIV-UUCG-GS-80c-b-6-p                                   
           INFO     Bulk inserted 72 fmod_vals records.                         
           INFO     Inserted 72 probe_fmod_values records for                   
                    094-HIV-UUCG-GS-80c-b-6-p (modrate).                        
           INFO     Bulk inserted 72 fmod_vals records.                         
           INFO     Inserted 72 probe_fmod_values records for                   
                    094-HIV-UUCG-GS-80c-b-6-p (GAmodrate).                      
           INFO     Wrote per-read histogram for 094-HIV-UUCG-GS-80c-b-6-p      
                    (Modified) to                                               
                    examples/all_mutcounts/mut_count/mut_count___cfg-a1c95a8/art
                    ifacts/094-HIV-UUCG-GS-80c-b-6-p/per_read_histogram.txt     
           INFO     Wrote per-read histogram for 094-HIV-UUCG-GS-80c-b-6-p (GA) 
                    to                                                          
                    examples/all_mutcounts/mut_count/mut_count___cfg-a1c95a8/art
                    ifacts/094-HIV-UUCG-GS-80c-b-6-p/per_read_histogram.txtga   
           INFO     Found ShapeMapper profile for 095-HIV-UUCG-GS-80c-b-6-p at  
                    examples/all_mutcounts/mut_count/mut_count___cfg-a1c95a8/art
                    ifacts/095-HIV-UUCG-GS-80c-b-6-p/095-HIV-UUCG-GS-80c-b-6-p_0
                    95-HIV-UUCG-GS-80c-b-6-p_profile.txt                        
           INFO     Inserted probe_fmod_run for sample ID 874 (Run ID: 937)     
           INFO     Inserted probe_fmod_run 937 for sample                      
                    095-HIV-UUCG-GS-80c-b-6-p                                   
           INFO     Bulk inserted 72 fmod_vals records.                         
           INFO     Inserted 72 probe_fmod_values records for                   
                    095-HIV-UUCG-GS-80c-b-6-p (modrate).                        
           INFO     Bulk inserted 72 fmod_vals records.                         
           INFO     Inserted 72 probe_fmod_values records for                   
                    095-HIV-UUCG-GS-80c-b-6-p (GAmodrate).                      
           INFO     Wrote per-read histogram for 095-HIV-UUCG-GS-80c-b-6-p      
                    (Modified) to                                               
                    examples/all_mutcounts/mut_count/mut_count___cfg-a1c95a8/art
                    ifacts/095-HIV-UUCG-GS-80c-b-6-p/per_read_histogram.txt     
           INFO     Wrote per-read histogram for 095-HIV-UUCG-GS-80c-b-6-p (GA) 
                    to                                                          
                    examples/all_mutcounts/mut_count/mut_count___cfg-a1c95a8/art
                    ifacts/095-HIV-UUCG-GS-80c-b-6-p/per_read_histogram.txtga   
           INFO     Found ShapeMapper profile for 064-HIV-UUCG-GS-80c-b-6-m at  
                    examples/all_mutcounts/mut_count/mut_count___cfg-a1c95a8/art
                    ifacts/064-HIV-UUCG-GS-80c-b-6-m/064-HIV-UUCG-GS-80c-b-6-m_0
                    64-HIV-UUCG-GS-80c-b-6-m_profile.txt                        
           INFO     Inserted probe_fmod_run for sample ID 1035 (Run ID: 938)    
           INFO     Inserted probe_fmod_run 938 for sample                      
                    064-HIV-UUCG-GS-80c-b-6-m                                   
           INFO     Bulk inserted 72 fmod_vals records.                         
           INFO     Inserted 72 probe_fmod_values records for                   
                    064-HIV-UUCG-GS-80c-b-6-m (modrate).                        
           INFO     Bulk inserted 72 fmod_vals records.                         
           INFO     Inserted 72 probe_fmod_values records for                   
                    064-HIV-UUCG-GS-80c-b-6-m (GAmodrate).                      
           INFO     Wrote per-read histogram for 064-HIV-UUCG-GS-80c-b-6-m      
                    (Modified) to                                               
                    examples/all_mutcounts/mut_count/mut_count___cfg-a1c95a8/art
                    ifacts/064-HIV-UUCG-GS-80c-b-6-m/per_read_histogram.txt     
           INFO     Wrote per-read histogram for 064-HIV-UUCG-GS-80c-b-6-m (GA) 
                    to                                                          
                    examples/all_mutcounts/mut_count/mut_count___cfg-a1c95a8/art
                    ifacts/064-HIV-UUCG-GS-80c-b-6-m/per_read_histogram.txtga   
           INFO     Found ShapeMapper profile for 096-HIV-UUCG-GS-80c-b-6-p at  
                    examples/all_mutcounts/mut_count/mut_count___cfg-a1c95a8/art
                    ifacts/096-HIV-UUCG-GS-80c-b-6-p/096-HIV-UUCG-GS-80c-b-6-p_0
                    96-HIV-UUCG-GS-80c-b-6-p_profile.txt                        
           INFO     Inserted probe_fmod_run for sample ID 875 (Run ID: 939)     
           INFO     Inserted probe_fmod_run 939 for sample                      
                    096-HIV-UUCG-GS-80c-b-6-p                                   
           INFO     Bulk inserted 72 fmod_vals records.                         
           INFO     Inserted 72 probe_fmod_values records for                   
                    096-HIV-UUCG-GS-80c-b-6-p (modrate).                        
           INFO     Bulk inserted 72 fmod_vals records.                         
           INFO     Inserted 72 probe_fmod_values records for                   
                    096-HIV-UUCG-GS-80c-b-6-p (GAmodrate).                      
           INFO     Wrote per-read histogram for 096-HIV-UUCG-GS-80c-b-6-p      
                    (Modified) to                                               
                    examples/all_mutcounts/mut_count/mut_count___cfg-a1c95a8/art
                    ifacts/096-HIV-UUCG-GS-80c-b-6-p/per_read_histogram.txt     
           INFO     Wrote per-read histogram for 096-HIV-UUCG-GS-80c-b-6-p (GA) 
                    to                                                          
                    examples/all_mutcounts/mut_count/mut_count___cfg-a1c95a8/art
                    ifacts/096-HIV-UUCG-GS-80c-b-6-p/per_read_histogram.txtga   
           INFO     mut_count completed. Profiles found for 7/7 samples;        
                    ingested 7 run(s).                                          
           INFO     Finished task ID 129 with state 'completed'                 
           INFO     Task 'mut_count' (ID: 129) completed successfully.          
           INFO     Updated 'latest' symlink for task 'mut_count' to point to   
                    /gpfs/projects/b1044/Computational_Output/EKC/EKC.01_SHAPE_s
                    tandardization/EKC.01.065.refactoring_data_analysis/nerd/exa
                    mples/all_mutcounts/mut_count/mut_count___cfg-a1c95a8       
