[17:21:05] INFO     Executing 'run' command for step: 'mut_count'               
[17:21:05] INFO     Database schema initialized successfully.                   
           INFO     Created run directory:                                      
                    examples/all_mutcounts/mut_count/mut_count___cfg-3237358    
           INFO     Executing task 'mut_count' in run directory:                
                    examples/all_mutcounts/mut_count/mut_count___cfg-3237358    
           INFO     Resolved reaction_group 65_1 to 7 sample(s).                
           INFO     Began task 'mut_count' (ID: 84) for rg:43                   
                    (cfg=3237358686bf13d96b4cd0ec2a8333b5c15f8049441f308eb233473
                    3bc6c31a9)                                                  
           INFO     Starting command (backend=local) in                         
                    examples/all_mutcounts/mut_count/mut_count___cfg-3237358    
           INFO     Executing command locally. Log file:                        
                    examples/all_mutcounts/mut_count/mut_count___cfg-3237358/com
                    mand.log                                                    
[17:36:35] INFO     Command finished with exit code: 0                          
           INFO     Logged attempt #1 for task ID 84 (Attempt ID: 78)           
           INFO     Command completed successfully. Consuming outputs.          
           INFO     Found ShapeMapper profile for 001-fourU-WT-65c-a-1-p at     
                    examples/all_mutcounts/mut_count/mut_count___cfg-3237358/art
                    ifacts/001-fourU-WT-65c-a-1-p/001-fourU-WT-65c-a-1-p_001-fou
                    rU-WT-65c-a-1-p_profile.txt                                 
           INFO     Inserted probe_fmod_run for sample ID 492 (Run ID: 622)     
           INFO     Inserted probe_fmod_run 622 for sample                      
                    001-fourU-WT-65c-a-1-p                                      
           INFO     Bulk inserted 80 fmod_vals records.                         
           INFO     Inserted 80 probe_fmod_values records for                   
                    001-fourU-WT-65c-a-1-p (modrate).                           
           INFO     Bulk inserted 80 fmod_vals records.                         
           INFO     Inserted 80 probe_fmod_values records for                   
                    001-fourU-WT-65c-a-1-p (GAmodrate).                         
           INFO     Wrote per-read histogram for 001-fourU-WT-65c-a-1-p         
                    (Modified) to                                               
                    examples/all_mutcounts/mut_count/mut_count___cfg-3237358/art
                    ifacts/001-fourU-WT-65c-a-1-p/per_read_histogram.txt        
           INFO     Wrote per-read histogram for 001-fourU-WT-65c-a-1-p (GA) to 
                    examples/all_mutcounts/mut_count/mut_count___cfg-3237358/art
                    ifacts/001-fourU-WT-65c-a-1-p/per_read_histogram.txtga      
           INFO     Found ShapeMapper profile for 002-fourU-WT-65c-a-2-p at     
                    examples/all_mutcounts/mut_count/mut_count___cfg-3237358/art
                    ifacts/002-fourU-WT-65c-a-2-p/002-fourU-WT-65c-a-2-p_002-fou
                    rU-WT-65c-a-2-p_profile.txt                                 
           INFO     Inserted probe_fmod_run for sample ID 493 (Run ID: 623)     
           INFO     Inserted probe_fmod_run 623 for sample                      
                    002-fourU-WT-65c-a-2-p                                      
           INFO     Bulk inserted 80 fmod_vals records.                         
           INFO     Inserted 80 probe_fmod_values records for                   
                    002-fourU-WT-65c-a-2-p (modrate).                           
           INFO     Bulk inserted 80 fmod_vals records.                         
           INFO     Inserted 80 probe_fmod_values records for                   
                    002-fourU-WT-65c-a-2-p (GAmodrate).                         
           INFO     Wrote per-read histogram for 002-fourU-WT-65c-a-2-p         
                    (Modified) to                                               
                    examples/all_mutcounts/mut_count/mut_count___cfg-3237358/art
                    ifacts/002-fourU-WT-65c-a-2-p/per_read_histogram.txt        
           INFO     Wrote per-read histogram for 002-fourU-WT-65c-a-2-p (GA) to 
                    examples/all_mutcounts/mut_count/mut_count___cfg-3237358/art
                    ifacts/002-fourU-WT-65c-a-2-p/per_read_histogram.txtga      
           INFO     Found ShapeMapper profile for 003-fourU-WT-65c-a-3-p at     
                    examples/all_mutcounts/mut_count/mut_count___cfg-3237358/art
                    ifacts/003-fourU-WT-65c-a-3-p/003-fourU-WT-65c-a-3-p_003-fou
                    rU-WT-65c-a-3-p_profile.txt                                 
           INFO     Inserted probe_fmod_run for sample ID 494 (Run ID: 624)     
           INFO     Inserted probe_fmod_run 624 for sample                      
                    003-fourU-WT-65c-a-3-p                                      
           INFO     Bulk inserted 80 fmod_vals records.                         
           INFO     Inserted 80 probe_fmod_values records for                   
                    003-fourU-WT-65c-a-3-p (modrate).                           
           INFO     Bulk inserted 80 fmod_vals records.                         
           INFO     Inserted 80 probe_fmod_values records for                   
                    003-fourU-WT-65c-a-3-p (GAmodrate).                         
           INFO     Wrote per-read histogram for 003-fourU-WT-65c-a-3-p         
                    (Modified) to                                               
                    examples/all_mutcounts/mut_count/mut_count___cfg-3237358/art
                    ifacts/003-fourU-WT-65c-a-3-p/per_read_histogram.txt        
           INFO     Wrote per-read histogram for 003-fourU-WT-65c-a-3-p (GA) to 
                    examples/all_mutcounts/mut_count/mut_count___cfg-3237358/art
                    ifacts/003-fourU-WT-65c-a-3-p/per_read_histogram.txtga      
           INFO     Found ShapeMapper profile for 004-fourU-WT-65c-a-4-p at     
                    examples/all_mutcounts/mut_count/mut_count___cfg-3237358/art
                    ifacts/004-fourU-WT-65c-a-4-p/004-fourU-WT-65c-a-4-p_004-fou
                    rU-WT-65c-a-4-p_profile.txt                                 
           INFO     Inserted probe_fmod_run for sample ID 495 (Run ID: 625)     
           INFO     Inserted probe_fmod_run 625 for sample                      
                    004-fourU-WT-65c-a-4-p                                      
           INFO     Bulk inserted 80 fmod_vals records.                         
           INFO     Inserted 80 probe_fmod_values records for                   
                    004-fourU-WT-65c-a-4-p (modrate).                           
           INFO     Bulk inserted 80 fmod_vals records.                         
           INFO     Inserted 80 probe_fmod_values records for                   
                    004-fourU-WT-65c-a-4-p (GAmodrate).                         
           INFO     Wrote per-read histogram for 004-fourU-WT-65c-a-4-p         
                    (Modified) to                                               
                    examples/all_mutcounts/mut_count/mut_count___cfg-3237358/art
                    ifacts/004-fourU-WT-65c-a-4-p/per_read_histogram.txt        
           INFO     Wrote per-read histogram for 004-fourU-WT-65c-a-4-p (GA) to 
                    examples/all_mutcounts/mut_count/mut_count___cfg-3237358/art
                    ifacts/004-fourU-WT-65c-a-4-p/per_read_histogram.txtga      
           INFO     Found ShapeMapper profile for 005-fourU-WT-65c-a-5-p at     
                    examples/all_mutcounts/mut_count/mut_count___cfg-3237358/art
                    ifacts/005-fourU-WT-65c-a-5-p/005-fourU-WT-65c-a-5-p_005-fou
                    rU-WT-65c-a-5-p_profile.txt                                 
           INFO     Inserted probe_fmod_run for sample ID 496 (Run ID: 626)     
           INFO     Inserted probe_fmod_run 626 for sample                      
                    005-fourU-WT-65c-a-5-p                                      
           INFO     Bulk inserted 80 fmod_vals records.                         
           INFO     Inserted 80 probe_fmod_values records for                   
                    005-fourU-WT-65c-a-5-p (modrate).                           
           INFO     Bulk inserted 80 fmod_vals records.                         
           INFO     Inserted 80 probe_fmod_values records for                   
                    005-fourU-WT-65c-a-5-p (GAmodrate).                         
           INFO     Wrote per-read histogram for 005-fourU-WT-65c-a-5-p         
                    (Modified) to                                               
                    examples/all_mutcounts/mut_count/mut_count___cfg-3237358/art
                    ifacts/005-fourU-WT-65c-a-5-p/per_read_histogram.txt        
           INFO     Wrote per-read histogram for 005-fourU-WT-65c-a-5-p (GA) to 
                    examples/all_mutcounts/mut_count/mut_count___cfg-3237358/art
                    ifacts/005-fourU-WT-65c-a-5-p/per_read_histogram.txtga      
           INFO     Found ShapeMapper profile for 006-fourU-WT-65c-a-6-p at     
                    examples/all_mutcounts/mut_count/mut_count___cfg-3237358/art
                    ifacts/006-fourU-WT-65c-a-6-p/006-fourU-WT-65c-a-6-p_006-fou
                    rU-WT-65c-a-6-p_profile.txt                                 
           INFO     Inserted probe_fmod_run for sample ID 497 (Run ID: 627)     
           INFO     Inserted probe_fmod_run 627 for sample                      
                    006-fourU-WT-65c-a-6-p                                      
           INFO     Bulk inserted 80 fmod_vals records.                         
           INFO     Inserted 80 probe_fmod_values records for                   
                    006-fourU-WT-65c-a-6-p (modrate).                           
           INFO     Bulk inserted 80 fmod_vals records.                         
           INFO     Inserted 80 probe_fmod_values records for                   
                    006-fourU-WT-65c-a-6-p (GAmodrate).                         
           INFO     Wrote per-read histogram for 006-fourU-WT-65c-a-6-p         
                    (Modified) to                                               
                    examples/all_mutcounts/mut_count/mut_count___cfg-3237358/art
                    ifacts/006-fourU-WT-65c-a-6-p/per_read_histogram.txt        
           INFO     Wrote per-read histogram for 006-fourU-WT-65c-a-6-p (GA) to 
                    examples/all_mutcounts/mut_count/mut_count___cfg-3237358/art
                    ifacts/006-fourU-WT-65c-a-6-p/per_read_histogram.txtga      
           INFO     Found ShapeMapper profile for 054_fourU_WT65c_a_6_m at      
                    examples/all_mutcounts/mut_count/mut_count___cfg-3237358/art
                    ifacts/054_fourU_WT65c_a_6_m/054_fourU_WT65c_a_6_m_054_fourU
                    _WT65c_a_6_m_profile.txt                                    
           INFO     Inserted probe_fmod_run for sample ID 737 (Run ID: 628)     
           INFO     Inserted probe_fmod_run 628 for sample 054_fourU_WT65c_a_6_m
           INFO     Bulk inserted 80 fmod_vals records.                         
           INFO     Inserted 80 probe_fmod_values records for                   
                    054_fourU_WT65c_a_6_m (modrate).                            
           INFO     Bulk inserted 80 fmod_vals records.                         
           INFO     Inserted 80 probe_fmod_values records for                   
                    054_fourU_WT65c_a_6_m (GAmodrate).                          
           INFO     Wrote per-read histogram for 054_fourU_WT65c_a_6_m          
                    (Modified) to                                               
                    examples/all_mutcounts/mut_count/mut_count___cfg-3237358/art
                    ifacts/054_fourU_WT65c_a_6_m/per_read_histogram.txt         
           INFO     Wrote per-read histogram for 054_fourU_WT65c_a_6_m (GA) to  
                    examples/all_mutcounts/mut_count/mut_count___cfg-3237358/art
                    ifacts/054_fourU_WT65c_a_6_m/per_read_histogram.txtga       
           INFO     mut_count completed. Profiles found for 7/7 samples;        
                    ingested 7 run(s).                                          
           INFO     Finished task ID 84 with state 'completed'                  
           INFO     Task 'mut_count' (ID: 84) completed successfully.           
           INFO     Updated 'latest' symlink for task 'mut_count' to point to   
                    /gpfs/projects/b1044/Computational_Output/EKC/EKC.01_SHAPE_s
                    tandardization/EKC.01.065.refactoring_data_analysis/nerd/exa
                    mples/all_mutcounts/mut_count/mut_count___cfg-3237358       
