[17:15:54] INFO     Executing 'run' command for step: 'mut_count'               
[17:15:54] INFO     Database schema initialized successfully.                   
           INFO     Created run directory:                                      
                    examples/all_mutcounts/mut_count/mut_count___cfg-1953785    
           INFO     Executing task 'mut_count' in run directory:                
                    examples/all_mutcounts/mut_count/mut_count___cfg-1953785    
           INFO     Resolved reaction_group 60_2 to 7 sample(s).                
           INFO     Began task 'mut_count' (ID: 82) for rg:17                   
                    (cfg=195378562a7d97b8532ade943444a2991346e9178013399d9a70878
                    137fd1a95)                                                  
           INFO     Starting command (backend=local) in                         
                    examples/all_mutcounts/mut_count/mut_count___cfg-1953785    
           INFO     Executing command locally. Log file:                        
                    examples/all_mutcounts/mut_count/mut_count___cfg-1953785/com
                    mand.log                                                    
[17:20:03] INFO     Command finished with exit code: 0                          
           INFO     Logged attempt #1 for task ID 82 (Attempt ID: 65)           
           INFO     Command completed successfully. Consuming outputs.          
           INFO     Found ShapeMapper profile for 007-EKC-WT-60c-b-1-p at       
                    examples/all_mutcounts/mut_count/mut_count___cfg-1953785/art
                    ifacts/007-EKC-WT-60c-b-1-p/007-EKC-WT-60c-b-1-p_007-EKC-WT-
                    60c-b-1-p_profile.txt                                       
           INFO     Inserted probe_fmod_run for sample ID 312 (Run ID: 531)     
           INFO     Inserted probe_fmod_run 531 for sample 007-EKC-WT-60c-b-1-p 
           INFO     Bulk inserted 80 fmod_vals records.                         
           INFO     Inserted 80 probe_fmod_values records for                   
                    007-EKC-WT-60c-b-1-p (modrate).                             
           INFO     Bulk inserted 80 fmod_vals records.                         
           INFO     Inserted 80 probe_fmod_values records for                   
                    007-EKC-WT-60c-b-1-p (GAmodrate).                           
           INFO     Wrote per-read histogram for 007-EKC-WT-60c-b-1-p (Modified)
                    to                                                          
                    examples/all_mutcounts/mut_count/mut_count___cfg-1953785/art
                    ifacts/007-EKC-WT-60c-b-1-p/per_read_histogram.txt          
           INFO     Wrote per-read histogram for 007-EKC-WT-60c-b-1-p (GA) to   
                    examples/all_mutcounts/mut_count/mut_count___cfg-1953785/art
                    ifacts/007-EKC-WT-60c-b-1-p/per_read_histogram.txtga        
           INFO     Found ShapeMapper profile for 008-EKC-WT-60c-b-2-p at       
                    examples/all_mutcounts/mut_count/mut_count___cfg-1953785/art
                    ifacts/008-EKC-WT-60c-b-2-p/008-EKC-WT-60c-b-2-p_008-EKC-WT-
                    60c-b-2-p_profile.txt                                       
           INFO     Inserted probe_fmod_run for sample ID 313 (Run ID: 532)     
           INFO     Inserted probe_fmod_run 532 for sample 008-EKC-WT-60c-b-2-p 
           INFO     Bulk inserted 80 fmod_vals records.                         
           INFO     Inserted 80 probe_fmod_values records for                   
                    008-EKC-WT-60c-b-2-p (modrate).                             
           INFO     Bulk inserted 80 fmod_vals records.                         
           INFO     Inserted 80 probe_fmod_values records for                   
                    008-EKC-WT-60c-b-2-p (GAmodrate).                           
           INFO     Wrote per-read histogram for 008-EKC-WT-60c-b-2-p (Modified)
                    to                                                          
                    examples/all_mutcounts/mut_count/mut_count___cfg-1953785/art
                    ifacts/008-EKC-WT-60c-b-2-p/per_read_histogram.txt          
           INFO     Wrote per-read histogram for 008-EKC-WT-60c-b-2-p (GA) to   
                    examples/all_mutcounts/mut_count/mut_count___cfg-1953785/art
                    ifacts/008-EKC-WT-60c-b-2-p/per_read_histogram.txtga        
           INFO     Found ShapeMapper profile for 009-EKC-WT-60c-b-3-p at       
                    examples/all_mutcounts/mut_count/mut_count___cfg-1953785/art
                    ifacts/009-EKC-WT-60c-b-3-p/009-EKC-WT-60c-b-3-p_009-EKC-WT-
                    60c-b-3-p_profile.txt                                       
           INFO     Inserted probe_fmod_run for sample ID 314 (Run ID: 533)     
           INFO     Inserted probe_fmod_run 533 for sample 009-EKC-WT-60c-b-3-p 
           INFO     Bulk inserted 80 fmod_vals records.                         
           INFO     Inserted 80 probe_fmod_values records for                   
                    009-EKC-WT-60c-b-3-p (modrate).                             
[17:20:04] INFO     Bulk inserted 80 fmod_vals records.                         
           INFO     Inserted 80 probe_fmod_values records for                   
                    009-EKC-WT-60c-b-3-p (GAmodrate).                           
           INFO     Wrote per-read histogram for 009-EKC-WT-60c-b-3-p (Modified)
                    to                                                          
                    examples/all_mutcounts/mut_count/mut_count___cfg-1953785/art
                    ifacts/009-EKC-WT-60c-b-3-p/per_read_histogram.txt          
           INFO     Wrote per-read histogram for 009-EKC-WT-60c-b-3-p (GA) to   
                    examples/all_mutcounts/mut_count/mut_count___cfg-1953785/art
                    ifacts/009-EKC-WT-60c-b-3-p/per_read_histogram.txtga        
           INFO     Found ShapeMapper profile for 010-EKC-WT-60c-b-4-p at       
                    examples/all_mutcounts/mut_count/mut_count___cfg-1953785/art
                    ifacts/010-EKC-WT-60c-b-4-p/010-EKC-WT-60c-b-4-p_010-EKC-WT-
                    60c-b-4-p_profile.txt                                       
           INFO     Inserted probe_fmod_run for sample ID 315 (Run ID: 534)     
           INFO     Inserted probe_fmod_run 534 for sample 010-EKC-WT-60c-b-4-p 
           INFO     Bulk inserted 80 fmod_vals records.                         
           INFO     Inserted 80 probe_fmod_values records for                   
                    010-EKC-WT-60c-b-4-p (modrate).                             
           INFO     Bulk inserted 80 fmod_vals records.                         
           INFO     Inserted 80 probe_fmod_values records for                   
                    010-EKC-WT-60c-b-4-p (GAmodrate).                           
           INFO     Wrote per-read histogram for 010-EKC-WT-60c-b-4-p (Modified)
                    to                                                          
                    examples/all_mutcounts/mut_count/mut_count___cfg-1953785/art
                    ifacts/010-EKC-WT-60c-b-4-p/per_read_histogram.txt          
           INFO     Wrote per-read histogram for 010-EKC-WT-60c-b-4-p (GA) to   
                    examples/all_mutcounts/mut_count/mut_count___cfg-1953785/art
                    ifacts/010-EKC-WT-60c-b-4-p/per_read_histogram.txtga        
           INFO     Found ShapeMapper profile for 011-EKC-WT-60c-b-5-p at       
                    examples/all_mutcounts/mut_count/mut_count___cfg-1953785/art
                    ifacts/011-EKC-WT-60c-b-5-p/011-EKC-WT-60c-b-5-p_011-EKC-WT-
                    60c-b-5-p_profile.txt                                       
           INFO     Inserted probe_fmod_run for sample ID 316 (Run ID: 535)     
           INFO     Inserted probe_fmod_run 535 for sample 011-EKC-WT-60c-b-5-p 
           INFO     Bulk inserted 80 fmod_vals records.                         
           INFO     Inserted 80 probe_fmod_values records for                   
                    011-EKC-WT-60c-b-5-p (modrate).                             
           INFO     Bulk inserted 80 fmod_vals records.                         
           INFO     Inserted 80 probe_fmod_values records for                   
                    011-EKC-WT-60c-b-5-p (GAmodrate).                           
           INFO     Wrote per-read histogram for 011-EKC-WT-60c-b-5-p (Modified)
                    to                                                          
                    examples/all_mutcounts/mut_count/mut_count___cfg-1953785/art
                    ifacts/011-EKC-WT-60c-b-5-p/per_read_histogram.txt          
           INFO     Wrote per-read histogram for 011-EKC-WT-60c-b-5-p (GA) to   
                    examples/all_mutcounts/mut_count/mut_count___cfg-1953785/art
                    ifacts/011-EKC-WT-60c-b-5-p/per_read_histogram.txtga        
           INFO     Found ShapeMapper profile for 012-EKC-WT-60c-b-6-p at       
                    examples/all_mutcounts/mut_count/mut_count___cfg-1953785/art
                    ifacts/012-EKC-WT-60c-b-6-p/012-EKC-WT-60c-b-6-p_012-EKC-WT-
                    60c-b-6-p_profile.txt                                       
           INFO     Inserted probe_fmod_run for sample ID 317 (Run ID: 536)     
           INFO     Inserted probe_fmod_run 536 for sample 012-EKC-WT-60c-b-6-p 
           INFO     Bulk inserted 80 fmod_vals records.                         
           INFO     Inserted 80 probe_fmod_values records for                   
                    012-EKC-WT-60c-b-6-p (modrate).                             
           INFO     Bulk inserted 80 fmod_vals records.                         
           INFO     Inserted 80 probe_fmod_values records for                   
                    012-EKC-WT-60c-b-6-p (GAmodrate).                           
           INFO     Wrote per-read histogram for 012-EKC-WT-60c-b-6-p (Modified)
                    to                                                          
                    examples/all_mutcounts/mut_count/mut_count___cfg-1953785/art
                    ifacts/012-EKC-WT-60c-b-6-p/per_read_histogram.txt          
           INFO     Wrote per-read histogram for 012-EKC-WT-60c-b-6-p (GA) to   
                    examples/all_mutcounts/mut_count/mut_count___cfg-1953785/art
                    ifacts/012-EKC-WT-60c-b-6-p/per_read_histogram.txtga        
           INFO     Found ShapeMapper profile for 039-EKC-WT-60c-b-6-m at       
                    examples/all_mutcounts/mut_count/mut_count___cfg-1953785/art
                    ifacts/039-EKC-WT-60c-b-6-m/039-EKC-WT-60c-b-6-m_039-EKC-WT-
                    60c-b-6-m_profile.txt                                       
           INFO     Inserted probe_fmod_run for sample ID 344 (Run ID: 537)     
           INFO     Inserted probe_fmod_run 537 for sample 039-EKC-WT-60c-b-6-m 
           INFO     Bulk inserted 80 fmod_vals records.                         
           INFO     Inserted 80 probe_fmod_values records for                   
                    039-EKC-WT-60c-b-6-m (modrate).                             
           INFO     Bulk inserted 80 fmod_vals records.                         
           INFO     Inserted 80 probe_fmod_values records for                   
                    039-EKC-WT-60c-b-6-m (GAmodrate).                           
           INFO     Wrote per-read histogram for 039-EKC-WT-60c-b-6-m (Modified)
                    to                                                          
                    examples/all_mutcounts/mut_count/mut_count___cfg-1953785/art
                    ifacts/039-EKC-WT-60c-b-6-m/per_read_histogram.txt          
           INFO     Wrote per-read histogram for 039-EKC-WT-60c-b-6-m (GA) to   
                    examples/all_mutcounts/mut_count/mut_count___cfg-1953785/art
                    ifacts/039-EKC-WT-60c-b-6-m/per_read_histogram.txtga        
           INFO     mut_count completed. Profiles found for 7/7 samples;        
                    ingested 7 run(s).                                          
           INFO     Finished task ID 82 with state 'completed'                  
           INFO     Task 'mut_count' (ID: 82) completed successfully.           
           INFO     Updated 'latest' symlink for task 'mut_count' to point to   
                    /gpfs/projects/b1044/Computational_Output/EKC/EKC.01_SHAPE_s
                    tandardization/EKC.01.065.refactoring_data_analysis/nerd/exa
                    mples/all_mutcounts/mut_count/mut_count___cfg-1953785       
