[17:53:30] INFO     Executing 'run' command for step: 'mut_count'               
[17:53:30] INFO     Database schema initialized successfully.                   
           INFO     Created run directory:                                      
                    examples/all_mutcounts/mut_count/mut_count___cfg-b51fe39    
           INFO     Executing task 'mut_count' in run directory:                
                    examples/all_mutcounts/mut_count/mut_count___cfg-b51fe39    
           INFO     Resolved reaction_group 80_1 to 24 sample(s).               
           INFO     Began task 'mut_count' (ID: 120) for rg:14                  
                    (cfg=b51fe3909a32b5519a6089e531b99e0bac2a30a47f536ad4ad548d9
                    ca90cb394)                                                  
           INFO     Starting command (backend=local) in                         
                    examples/all_mutcounts/mut_count/mut_count___cfg-b51fe39    
           INFO     Executing command locally. Log file:                        
                    examples/all_mutcounts/mut_count/mut_count___cfg-b51fe39/com
                    mand.log                                                    
[18:25:58] INFO     Command finished with exit code: 0                          
           INFO     Logged attempt #1 for task ID 120 (Attempt ID: 128)         
           INFO     Command completed successfully. Consuming outputs.          
           INFO     Found ShapeMapper profile for                               
                    013-EKC-fourUnew-WT-80C-dms-MaP-1 at                        
                    examples/all_mutcounts/mut_count/mut_count___cfg-b51fe39/art
                    ifacts/013-EKC-fourUnew-WT-80C-dms-MaP-1/013-EKC-fourUnew-WT
                    -80C-dms-MaP-1_013-EKC-fourUnew-WT-80C-dms-MaP-1_profile.txt
           INFO     Inserted probe_fmod_run for sample ID 222 (Run ID: 1006)    
           INFO     Inserted probe_fmod_run 1006 for sample                     
                    013-EKC-fourUnew-WT-80C-dms-MaP-1                           
           INFO     Bulk inserted 80 fmod_vals records.                         
           INFO     Inserted 80 probe_fmod_values records for                   
                    013-EKC-fourUnew-WT-80C-dms-MaP-1 (modrate).                
           INFO     Bulk inserted 80 fmod_vals records.                         
           INFO     Inserted 80 probe_fmod_values records for                   
                    013-EKC-fourUnew-WT-80C-dms-MaP-1 (GAmodrate).              
           INFO     Wrote per-read histogram for                                
                    013-EKC-fourUnew-WT-80C-dms-MaP-1 (Modified) to             
                    examples/all_mutcounts/mut_count/mut_count___cfg-b51fe39/art
                    ifacts/013-EKC-fourUnew-WT-80C-dms-MaP-1/per_read_histogram.
                    txt                                                         
           INFO     Wrote per-read histogram for                                
                    013-EKC-fourUnew-WT-80C-dms-MaP-1 (GA) to                   
                    examples/all_mutcounts/mut_count/mut_count___cfg-b51fe39/art
                    ifacts/013-EKC-fourUnew-WT-80C-dms-MaP-1/per_read_histogram.
                    txtga                                                       
           INFO     Found ShapeMapper profile for                               
                    013-EKC-fourUnew-WT-80C-dms-MaP-1_rerun at                  
                    examples/all_mutcounts/mut_count/mut_count___cfg-b51fe39/art
                    ifacts/013-EKC-fourUnew-WT-80C-dms-MaP-1_rerun/013-EKC-fourU
                    new-WT-80C-dms-MaP-1_rerun_013-EKC-fourUnew-WT-80C-dms-MaP-1
                    _rerun_profile.txt                                          
           INFO     Inserted probe_fmod_run for sample ID 294 (Run ID: 1007)    
           INFO     Inserted probe_fmod_run 1007 for sample                     
                    013-EKC-fourUnew-WT-80C-dms-MaP-1_rerun                     
           INFO     Bulk inserted 80 fmod_vals records.                         
           INFO     Inserted 80 probe_fmod_values records for                   
                    013-EKC-fourUnew-WT-80C-dms-MaP-1_rerun (modrate).          
           INFO     Bulk inserted 80 fmod_vals records.                         
           INFO     Inserted 80 probe_fmod_values records for                   
                    013-EKC-fourUnew-WT-80C-dms-MaP-1_rerun (GAmodrate).        
           INFO     Wrote per-read histogram for                                
                    013-EKC-fourUnew-WT-80C-dms-MaP-1_rerun (Modified) to       
                    examples/all_mutcounts/mut_count/mut_count___cfg-b51fe39/art
                    ifacts/013-EKC-fourUnew-WT-80C-dms-MaP-1_rerun/per_read_hist
                    ogram.txt                                                   
           INFO     Wrote per-read histogram for                                
                    013-EKC-fourUnew-WT-80C-dms-MaP-1_rerun (GA) to             
                    examples/all_mutcounts/mut_count/mut_count___cfg-b51fe39/art
                    ifacts/013-EKC-fourUnew-WT-80C-dms-MaP-1_rerun/per_read_hist
                    ogram.txtga                                                 
           INFO     Found ShapeMapper profile for                               
                    RRRY_013-EKC-fourUnew-WT-80C-dms-MaP-1 at                   
                    examples/all_mutcounts/mut_count/mut_count___cfg-b51fe39/art
                    ifacts/RRRY_013-EKC-fourUnew-WT-80C-dms-MaP-1/RRRY_013-EKC-f
                    ourUnew-WT-80C-dms-MaP-1_RRRY_013-EKC-fourUnew-WT-80C-dms-Ma
                    P-1_profile.txt                                             
           INFO     Inserted probe_fmod_run for sample ID 258 (Run ID: 1008)    
           INFO     Inserted probe_fmod_run 1008 for sample                     
                    RRRY_013-EKC-fourUnew-WT-80C-dms-MaP-1                      
           INFO     Bulk inserted 80 fmod_vals records.                         
           INFO     Inserted 80 probe_fmod_values records for                   
                    RRRY_013-EKC-fourUnew-WT-80C-dms-MaP-1 (modrate).           
           INFO     Bulk inserted 80 fmod_vals records.                         
           INFO     Inserted 80 probe_fmod_values records for                   
                    RRRY_013-EKC-fourUnew-WT-80C-dms-MaP-1 (GAmodrate).         
           INFO     Wrote per-read histogram for                                
                    RRRY_013-EKC-fourUnew-WT-80C-dms-MaP-1 (Modified) to        
                    examples/all_mutcounts/mut_count/mut_count___cfg-b51fe39/art
                    ifacts/RRRY_013-EKC-fourUnew-WT-80C-dms-MaP-1/per_read_histo
                    gram.txt                                                    
           INFO     Wrote per-read histogram for                                
                    RRRY_013-EKC-fourUnew-WT-80C-dms-MaP-1 (GA) to              
                    examples/all_mutcounts/mut_count/mut_count___cfg-b51fe39/art
                    ifacts/RRRY_013-EKC-fourUnew-WT-80C-dms-MaP-1/per_read_histo
                    gram.txtga                                                  
           INFO     Found ShapeMapper profile for                               
                    YYYR_013-EKC-fourUnew-WT-80C-dms-MaP-1 at                   
                    examples/all_mutcounts/mut_count/mut_count___cfg-b51fe39/art
                    ifacts/YYYR_013-EKC-fourUnew-WT-80C-dms-MaP-1/YYYR_013-EKC-f
                    ourUnew-WT-80C-dms-MaP-1_YYYR_013-EKC-fourUnew-WT-80C-dms-Ma
                    P-1_profile.txt                                             
           INFO     Inserted probe_fmod_run for sample ID 259 (Run ID: 1009)    
           INFO     Inserted probe_fmod_run 1009 for sample                     
                    YYYR_013-EKC-fourUnew-WT-80C-dms-MaP-1                      
           INFO     Bulk inserted 80 fmod_vals records.                         
           INFO     Inserted 80 probe_fmod_values records for                   
                    YYYR_013-EKC-fourUnew-WT-80C-dms-MaP-1 (modrate).           
           INFO     Bulk inserted 80 fmod_vals records.                         
           INFO     Inserted 80 probe_fmod_values records for                   
                    YYYR_013-EKC-fourUnew-WT-80C-dms-MaP-1 (GAmodrate).         
           INFO     Wrote per-read histogram for                                
                    YYYR_013-EKC-fourUnew-WT-80C-dms-MaP-1 (Modified) to        
                    examples/all_mutcounts/mut_count/mut_count___cfg-b51fe39/art
                    ifacts/YYYR_013-EKC-fourUnew-WT-80C-dms-MaP-1/per_read_histo
                    gram.txt                                                    
           INFO     Wrote per-read histogram for                                
                    YYYR_013-EKC-fourUnew-WT-80C-dms-MaP-1 (GA) to              
                    examples/all_mutcounts/mut_count/mut_count___cfg-b51fe39/art
                    ifacts/YYYR_013-EKC-fourUnew-WT-80C-dms-MaP-1/per_read_histo
                    gram.txtga                                                  
           INFO     Found ShapeMapper profile for                               
                    014-EKC-fourUnew-WT-80C-dms-MaP-2 at                        
                    examples/all_mutcounts/mut_count/mut_count___cfg-b51fe39/art
                    ifacts/014-EKC-fourUnew-WT-80C-dms-MaP-2/014-EKC-fourUnew-WT
                    -80C-dms-MaP-2_014-EKC-fourUnew-WT-80C-dms-MaP-2_profile.txt
           INFO     Inserted probe_fmod_run for sample ID 223 (Run ID: 1010)    
           INFO     Inserted probe_fmod_run 1010 for sample                     
                    014-EKC-fourUnew-WT-80C-dms-MaP-2                           
           INFO     Bulk inserted 80 fmod_vals records.                         
           INFO     Inserted 80 probe_fmod_values records for                   
                    014-EKC-fourUnew-WT-80C-dms-MaP-2 (modrate).                
           INFO     Bulk inserted 80 fmod_vals records.                         
           INFO     Inserted 80 probe_fmod_values records for                   
                    014-EKC-fourUnew-WT-80C-dms-MaP-2 (GAmodrate).              
           INFO     Wrote per-read histogram for                                
                    014-EKC-fourUnew-WT-80C-dms-MaP-2 (Modified) to             
                    examples/all_mutcounts/mut_count/mut_count___cfg-b51fe39/art
                    ifacts/014-EKC-fourUnew-WT-80C-dms-MaP-2/per_read_histogram.
                    txt                                                         
           INFO     Wrote per-read histogram for                                
                    014-EKC-fourUnew-WT-80C-dms-MaP-2 (GA) to                   
                    examples/all_mutcounts/mut_count/mut_count___cfg-b51fe39/art
                    ifacts/014-EKC-fourUnew-WT-80C-dms-MaP-2/per_read_histogram.
                    txtga                                                       
           INFO     Found ShapeMapper profile for                               
                    014-EKC-fourUnew-WT-80C-dms-MaP-2_rerun at                  
                    examples/all_mutcounts/mut_count/mut_count___cfg-b51fe39/art
                    ifacts/014-EKC-fourUnew-WT-80C-dms-MaP-2_rerun/014-EKC-fourU
                    new-WT-80C-dms-MaP-2_rerun_014-EKC-fourUnew-WT-80C-dms-MaP-2
                    _rerun_profile.txt                                          
           INFO     Inserted probe_fmod_run for sample ID 295 (Run ID: 1011)    
           INFO     Inserted probe_fmod_run 1011 for sample                     
                    014-EKC-fourUnew-WT-80C-dms-MaP-2_rerun                     
           INFO     Bulk inserted 80 fmod_vals records.                         
           INFO     Inserted 80 probe_fmod_values records for                   
                    014-EKC-fourUnew-WT-80C-dms-MaP-2_rerun (modrate).          
           INFO     Bulk inserted 80 fmod_vals records.                         
           INFO     Inserted 80 probe_fmod_values records for                   
                    014-EKC-fourUnew-WT-80C-dms-MaP-2_rerun (GAmodrate).        
           INFO     Wrote per-read histogram for                                
                    014-EKC-fourUnew-WT-80C-dms-MaP-2_rerun (Modified) to       
                    examples/all_mutcounts/mut_count/mut_count___cfg-b51fe39/art
                    ifacts/014-EKC-fourUnew-WT-80C-dms-MaP-2_rerun/per_read_hist
                    ogram.txt                                                   
           INFO     Wrote per-read histogram for                                
                    014-EKC-fourUnew-WT-80C-dms-MaP-2_rerun (GA) to             
                    examples/all_mutcounts/mut_count/mut_count___cfg-b51fe39/art
                    ifacts/014-EKC-fourUnew-WT-80C-dms-MaP-2_rerun/per_read_hist
                    ogram.txtga                                                 
           INFO     Found ShapeMapper profile for                               
                    RRRY_014-EKC-fourUnew-WT-80C-dms-MaP-2 at                   
                    examples/all_mutcounts/mut_count/mut_count___cfg-b51fe39/art
                    ifacts/RRRY_014-EKC-fourUnew-WT-80C-dms-MaP-2/RRRY_014-EKC-f
                    ourUnew-WT-80C-dms-MaP-2_RRRY_014-EKC-fourUnew-WT-80C-dms-Ma
                    P-2_profile.txt                                             
           INFO     Inserted probe_fmod_run for sample ID 260 (Run ID: 1012)    
           INFO     Inserted probe_fmod_run 1012 for sample                     
                    RRRY_014-EKC-fourUnew-WT-80C-dms-MaP-2                      
           INFO     Bulk inserted 80 fmod_vals records.                         
           INFO     Inserted 80 probe_fmod_values records for                   
                    RRRY_014-EKC-fourUnew-WT-80C-dms-MaP-2 (modrate).           
           INFO     Bulk inserted 80 fmod_vals records.                         
           INFO     Inserted 80 probe_fmod_values records for                   
                    RRRY_014-EKC-fourUnew-WT-80C-dms-MaP-2 (GAmodrate).         
[18:25:59] INFO     Wrote per-read histogram for                                
                    RRRY_014-EKC-fourUnew-WT-80C-dms-MaP-2 (Modified) to        
                    examples/all_mutcounts/mut_count/mut_count___cfg-b51fe39/art
                    ifacts/RRRY_014-EKC-fourUnew-WT-80C-dms-MaP-2/per_read_histo
                    gram.txt                                                    
           INFO     Wrote per-read histogram for                                
                    RRRY_014-EKC-fourUnew-WT-80C-dms-MaP-2 (GA) to              
                    examples/all_mutcounts/mut_count/mut_count___cfg-b51fe39/art
                    ifacts/RRRY_014-EKC-fourUnew-WT-80C-dms-MaP-2/per_read_histo
                    gram.txtga                                                  
           INFO     Found ShapeMapper profile for                               
                    YYYR_014-EKC-fourUnew-WT-80C-dms-MaP-2 at                   
                    examples/all_mutcounts/mut_count/mut_count___cfg-b51fe39/art
                    ifacts/YYYR_014-EKC-fourUnew-WT-80C-dms-MaP-2/YYYR_014-EKC-f
                    ourUnew-WT-80C-dms-MaP-2_YYYR_014-EKC-fourUnew-WT-80C-dms-Ma
                    P-2_profile.txt                                             
           INFO     Inserted probe_fmod_run for sample ID 261 (Run ID: 1013)    
           INFO     Inserted probe_fmod_run 1013 for sample                     
                    YYYR_014-EKC-fourUnew-WT-80C-dms-MaP-2                      
           INFO     Bulk inserted 80 fmod_vals records.                         
           INFO     Inserted 80 probe_fmod_values records for                   
                    YYYR_014-EKC-fourUnew-WT-80C-dms-MaP-2 (modrate).           
           INFO     Bulk inserted 80 fmod_vals records.                         
           INFO     Inserted 80 probe_fmod_values records for                   
                    YYYR_014-EKC-fourUnew-WT-80C-dms-MaP-2 (GAmodrate).         
           INFO     Wrote per-read histogram for                                
                    YYYR_014-EKC-fourUnew-WT-80C-dms-MaP-2 (Modified) to        
                    examples/all_mutcounts/mut_count/mut_count___cfg-b51fe39/art
                    ifacts/YYYR_014-EKC-fourUnew-WT-80C-dms-MaP-2/per_read_histo
                    gram.txt                                                    
           INFO     Wrote per-read histogram for                                
                    YYYR_014-EKC-fourUnew-WT-80C-dms-MaP-2 (GA) to              
                    examples/all_mutcounts/mut_count/mut_count___cfg-b51fe39/art
                    ifacts/YYYR_014-EKC-fourUnew-WT-80C-dms-MaP-2/per_read_histo
                    gram.txtga                                                  
           INFO     Found ShapeMapper profile for                               
                    015-EKC-fourUnew-WT-80C-dms-MaP-3 at                        
                    examples/all_mutcounts/mut_count/mut_count___cfg-b51fe39/art
                    ifacts/015-EKC-fourUnew-WT-80C-dms-MaP-3/015-EKC-fourUnew-WT
                    -80C-dms-MaP-3_015-EKC-fourUnew-WT-80C-dms-MaP-3_profile.txt
           INFO     Inserted probe_fmod_run for sample ID 224 (Run ID: 1014)    
           INFO     Inserted probe_fmod_run 1014 for sample                     
                    015-EKC-fourUnew-WT-80C-dms-MaP-3                           
           INFO     Bulk inserted 80 fmod_vals records.                         
           INFO     Inserted 80 probe_fmod_values records for                   
                    015-EKC-fourUnew-WT-80C-dms-MaP-3 (modrate).                
           INFO     Bulk inserted 80 fmod_vals records.                         
           INFO     Inserted 80 probe_fmod_values records for                   
                    015-EKC-fourUnew-WT-80C-dms-MaP-3 (GAmodrate).              
           INFO     Wrote per-read histogram for                                
                    015-EKC-fourUnew-WT-80C-dms-MaP-3 (Modified) to             
                    examples/all_mutcounts/mut_count/mut_count___cfg-b51fe39/art
                    ifacts/015-EKC-fourUnew-WT-80C-dms-MaP-3/per_read_histogram.
                    txt                                                         
           INFO     Wrote per-read histogram for                                
                    015-EKC-fourUnew-WT-80C-dms-MaP-3 (GA) to                   
                    examples/all_mutcounts/mut_count/mut_count___cfg-b51fe39/art
                    ifacts/015-EKC-fourUnew-WT-80C-dms-MaP-3/per_read_histogram.
                    txtga                                                       
           INFO     Found ShapeMapper profile for                               
                    015-EKC-fourUnew-WT-80C-dms-MaP-3_rerun at                  
                    examples/all_mutcounts/mut_count/mut_count___cfg-b51fe39/art
                    ifacts/015-EKC-fourUnew-WT-80C-dms-MaP-3_rerun/015-EKC-fourU
                    new-WT-80C-dms-MaP-3_rerun_015-EKC-fourUnew-WT-80C-dms-MaP-3
                    _rerun_profile.txt                                          
           INFO     Inserted probe_fmod_run for sample ID 296 (Run ID: 1015)    
           INFO     Inserted probe_fmod_run 1015 for sample                     
                    015-EKC-fourUnew-WT-80C-dms-MaP-3_rerun                     
           INFO     Bulk inserted 80 fmod_vals records.                         
           INFO     Inserted 80 probe_fmod_values records for                   
                    015-EKC-fourUnew-WT-80C-dms-MaP-3_rerun (modrate).          
           INFO     Bulk inserted 80 fmod_vals records.                         
           INFO     Inserted 80 probe_fmod_values records for                   
                    015-EKC-fourUnew-WT-80C-dms-MaP-3_rerun (GAmodrate).        
           INFO     Wrote per-read histogram for                                
                    015-EKC-fourUnew-WT-80C-dms-MaP-3_rerun (Modified) to       
                    examples/all_mutcounts/mut_count/mut_count___cfg-b51fe39/art
                    ifacts/015-EKC-fourUnew-WT-80C-dms-MaP-3_rerun/per_read_hist
                    ogram.txt                                                   
           INFO     Wrote per-read histogram for                                
                    015-EKC-fourUnew-WT-80C-dms-MaP-3_rerun (GA) to             
                    examples/all_mutcounts/mut_count/mut_count___cfg-b51fe39/art
                    ifacts/015-EKC-fourUnew-WT-80C-dms-MaP-3_rerun/per_read_hist
                    ogram.txtga                                                 
           INFO     Found ShapeMapper profile for                               
                    RRRY_015-EKC-fourUnew-WT-80C-dms-MaP-3 at                   
                    examples/all_mutcounts/mut_count/mut_count___cfg-b51fe39/art
                    ifacts/RRRY_015-EKC-fourUnew-WT-80C-dms-MaP-3/RRRY_015-EKC-f
                    ourUnew-WT-80C-dms-MaP-3_RRRY_015-EKC-fourUnew-WT-80C-dms-Ma
                    P-3_profile.txt                                             
           INFO     Inserted probe_fmod_run for sample ID 262 (Run ID: 1016)    
           INFO     Inserted probe_fmod_run 1016 for sample                     
                    RRRY_015-EKC-fourUnew-WT-80C-dms-MaP-3                      
           INFO     Bulk inserted 80 fmod_vals records.                         
           INFO     Inserted 80 probe_fmod_values records for                   
                    RRRY_015-EKC-fourUnew-WT-80C-dms-MaP-3 (modrate).           
           INFO     Bulk inserted 80 fmod_vals records.                         
           INFO     Inserted 80 probe_fmod_values records for                   
                    RRRY_015-EKC-fourUnew-WT-80C-dms-MaP-3 (GAmodrate).         
           INFO     Wrote per-read histogram for                                
                    RRRY_015-EKC-fourUnew-WT-80C-dms-MaP-3 (Modified) to        
                    examples/all_mutcounts/mut_count/mut_count___cfg-b51fe39/art
                    ifacts/RRRY_015-EKC-fourUnew-WT-80C-dms-MaP-3/per_read_histo
                    gram.txt                                                    
           INFO     Wrote per-read histogram for                                
                    RRRY_015-EKC-fourUnew-WT-80C-dms-MaP-3 (GA) to              
                    examples/all_mutcounts/mut_count/mut_count___cfg-b51fe39/art
                    ifacts/RRRY_015-EKC-fourUnew-WT-80C-dms-MaP-3/per_read_histo
                    gram.txtga                                                  
           INFO     Found ShapeMapper profile for                               
                    YYYR_015-EKC-fourUnew-WT-80C-dms-MaP-3 at                   
                    examples/all_mutcounts/mut_count/mut_count___cfg-b51fe39/art
                    ifacts/YYYR_015-EKC-fourUnew-WT-80C-dms-MaP-3/YYYR_015-EKC-f
                    ourUnew-WT-80C-dms-MaP-3_YYYR_015-EKC-fourUnew-WT-80C-dms-Ma
                    P-3_profile.txt                                             
           INFO     Inserted probe_fmod_run for sample ID 263 (Run ID: 1017)    
           INFO     Inserted probe_fmod_run 1017 for sample                     
                    YYYR_015-EKC-fourUnew-WT-80C-dms-MaP-3                      
           INFO     Bulk inserted 80 fmod_vals records.                         
           INFO     Inserted 80 probe_fmod_values records for                   
                    YYYR_015-EKC-fourUnew-WT-80C-dms-MaP-3 (modrate).           
           INFO     Bulk inserted 80 fmod_vals records.                         
           INFO     Inserted 80 probe_fmod_values records for                   
                    YYYR_015-EKC-fourUnew-WT-80C-dms-MaP-3 (GAmodrate).         
           INFO     Wrote per-read histogram for                                
                    YYYR_015-EKC-fourUnew-WT-80C-dms-MaP-3 (Modified) to        
                    examples/all_mutcounts/mut_count/mut_count___cfg-b51fe39/art
                    ifacts/YYYR_015-EKC-fourUnew-WT-80C-dms-MaP-3/per_read_histo
                    gram.txt                                                    
           INFO     Wrote per-read histogram for                                
                    YYYR_015-EKC-fourUnew-WT-80C-dms-MaP-3 (GA) to              
                    examples/all_mutcounts/mut_count/mut_count___cfg-b51fe39/art
                    ifacts/YYYR_015-EKC-fourUnew-WT-80C-dms-MaP-3/per_read_histo
                    gram.txtga                                                  
           INFO     Found ShapeMapper profile for                               
                    016-EKC-fourUnew-WT-80C-dms-MaP-4 at                        
                    examples/all_mutcounts/mut_count/mut_count___cfg-b51fe39/art
                    ifacts/016-EKC-fourUnew-WT-80C-dms-MaP-4/016-EKC-fourUnew-WT
                    -80C-dms-MaP-4_016-EKC-fourUnew-WT-80C-dms-MaP-4_profile.txt
           INFO     Inserted probe_fmod_run for sample ID 225 (Run ID: 1018)    
           INFO     Inserted probe_fmod_run 1018 for sample                     
                    016-EKC-fourUnew-WT-80C-dms-MaP-4                           
           INFO     Bulk inserted 80 fmod_vals records.                         
           INFO     Inserted 80 probe_fmod_values records for                   
                    016-EKC-fourUnew-WT-80C-dms-MaP-4 (modrate).                
           INFO     Bulk inserted 80 fmod_vals records.                         
           INFO     Inserted 80 probe_fmod_values records for                   
                    016-EKC-fourUnew-WT-80C-dms-MaP-4 (GAmodrate).              
           INFO     Wrote per-read histogram for                                
                    016-EKC-fourUnew-WT-80C-dms-MaP-4 (Modified) to             
                    examples/all_mutcounts/mut_count/mut_count___cfg-b51fe39/art
                    ifacts/016-EKC-fourUnew-WT-80C-dms-MaP-4/per_read_histogram.
                    txt                                                         
           INFO     Wrote per-read histogram for                                
                    016-EKC-fourUnew-WT-80C-dms-MaP-4 (GA) to                   
                    examples/all_mutcounts/mut_count/mut_count___cfg-b51fe39/art
                    ifacts/016-EKC-fourUnew-WT-80C-dms-MaP-4/per_read_histogram.
                    txtga                                                       
           INFO     Found ShapeMapper profile for                               
                    016-EKC-fourUnew-WT-80C-dms-MaP-4_rerun at                  
                    examples/all_mutcounts/mut_count/mut_count___cfg-b51fe39/art
                    ifacts/016-EKC-fourUnew-WT-80C-dms-MaP-4_rerun/016-EKC-fourU
                    new-WT-80C-dms-MaP-4_rerun_016-EKC-fourUnew-WT-80C-dms-MaP-4
                    _rerun_profile.txt                                          
           INFO     Inserted probe_fmod_run for sample ID 297 (Run ID: 1019)    
           INFO     Inserted probe_fmod_run 1019 for sample                     
                    016-EKC-fourUnew-WT-80C-dms-MaP-4_rerun                     
           INFO     Bulk inserted 80 fmod_vals records.                         
           INFO     Inserted 80 probe_fmod_values records for                   
                    016-EKC-fourUnew-WT-80C-dms-MaP-4_rerun (modrate).          
           INFO     Bulk inserted 80 fmod_vals records.                         
           INFO     Inserted 80 probe_fmod_values records for                   
                    016-EKC-fourUnew-WT-80C-dms-MaP-4_rerun (GAmodrate).        
           INFO     Wrote per-read histogram for                                
                    016-EKC-fourUnew-WT-80C-dms-MaP-4_rerun (Modified) to       
                    examples/all_mutcounts/mut_count/mut_count___cfg-b51fe39/art
                    ifacts/016-EKC-fourUnew-WT-80C-dms-MaP-4_rerun/per_read_hist
                    ogram.txt                                                   
           INFO     Wrote per-read histogram for                                
                    016-EKC-fourUnew-WT-80C-dms-MaP-4_rerun (GA) to             
                    examples/all_mutcounts/mut_count/mut_count___cfg-b51fe39/art
                    ifacts/016-EKC-fourUnew-WT-80C-dms-MaP-4_rerun/per_read_hist
                    ogram.txtga                                                 
           INFO     Found ShapeMapper profile for                               
                    RRRY_016-EKC-fourUnew-WT-80C-dms-MaP-4 at                   
                    examples/all_mutcounts/mut_count/mut_count___cfg-b51fe39/art
                    ifacts/RRRY_016-EKC-fourUnew-WT-80C-dms-MaP-4/RRRY_016-EKC-f
                    ourUnew-WT-80C-dms-MaP-4_RRRY_016-EKC-fourUnew-WT-80C-dms-Ma
                    P-4_profile.txt                                             
           INFO     Inserted probe_fmod_run for sample ID 264 (Run ID: 1020)    
           INFO     Inserted probe_fmod_run 1020 for sample                     
                    RRRY_016-EKC-fourUnew-WT-80C-dms-MaP-4                      
           INFO     Bulk inserted 80 fmod_vals records.                         
           INFO     Inserted 80 probe_fmod_values records for                   
                    RRRY_016-EKC-fourUnew-WT-80C-dms-MaP-4 (modrate).           
           INFO     Bulk inserted 80 fmod_vals records.                         
           INFO     Inserted 80 probe_fmod_values records for                   
                    RRRY_016-EKC-fourUnew-WT-80C-dms-MaP-4 (GAmodrate).         
           INFO     Wrote per-read histogram for                                
                    RRRY_016-EKC-fourUnew-WT-80C-dms-MaP-4 (Modified) to        
                    examples/all_mutcounts/mut_count/mut_count___cfg-b51fe39/art
                    ifacts/RRRY_016-EKC-fourUnew-WT-80C-dms-MaP-4/per_read_histo
                    gram.txt                                                    
           INFO     Wrote per-read histogram for                                
                    RRRY_016-EKC-fourUnew-WT-80C-dms-MaP-4 (GA) to              
                    examples/all_mutcounts/mut_count/mut_count___cfg-b51fe39/art
                    ifacts/RRRY_016-EKC-fourUnew-WT-80C-dms-MaP-4/per_read_histo
                    gram.txtga                                                  
           INFO     Found ShapeMapper profile for                               
                    YYYR_016-EKC-fourUnew-WT-80C-dms-MaP-4 at                   
                    examples/all_mutcounts/mut_count/mut_count___cfg-b51fe39/art
                    ifacts/YYYR_016-EKC-fourUnew-WT-80C-dms-MaP-4/YYYR_016-EKC-f
                    ourUnew-WT-80C-dms-MaP-4_YYYR_016-EKC-fourUnew-WT-80C-dms-Ma
                    P-4_profile.txt                                             
           INFO     Inserted probe_fmod_run for sample ID 265 (Run ID: 1021)    
           INFO     Inserted probe_fmod_run 1021 for sample                     
                    YYYR_016-EKC-fourUnew-WT-80C-dms-MaP-4                      
           INFO     Bulk inserted 80 fmod_vals records.                         
           INFO     Inserted 80 probe_fmod_values records for                   
                    YYYR_016-EKC-fourUnew-WT-80C-dms-MaP-4 (modrate).           
           INFO     Bulk inserted 80 fmod_vals records.                         
           INFO     Inserted 80 probe_fmod_values records for                   
                    YYYR_016-EKC-fourUnew-WT-80C-dms-MaP-4 (GAmodrate).         
           INFO     Wrote per-read histogram for                                
                    YYYR_016-EKC-fourUnew-WT-80C-dms-MaP-4 (Modified) to        
                    examples/all_mutcounts/mut_count/mut_count___cfg-b51fe39/art
                    ifacts/YYYR_016-EKC-fourUnew-WT-80C-dms-MaP-4/per_read_histo
                    gram.txt                                                    
           INFO     Wrote per-read histogram for                                
                    YYYR_016-EKC-fourUnew-WT-80C-dms-MaP-4 (GA) to              
                    examples/all_mutcounts/mut_count/mut_count___cfg-b51fe39/art
                    ifacts/YYYR_016-EKC-fourUnew-WT-80C-dms-MaP-4/per_read_histo
                    gram.txtga                                                  
           INFO     Found ShapeMapper profile for                               
                    017-EKC-fourUnew-WT-80C-dms-MaP-5 at                        
                    examples/all_mutcounts/mut_count/mut_count___cfg-b51fe39/art
                    ifacts/017-EKC-fourUnew-WT-80C-dms-MaP-5/017-EKC-fourUnew-WT
                    -80C-dms-MaP-5_017-EKC-fourUnew-WT-80C-dms-MaP-5_profile.txt
           INFO     Inserted probe_fmod_run for sample ID 226 (Run ID: 1022)    
           INFO     Inserted probe_fmod_run 1022 for sample                     
                    017-EKC-fourUnew-WT-80C-dms-MaP-5                           
           INFO     Bulk inserted 80 fmod_vals records.                         
           INFO     Inserted 80 probe_fmod_values records for                   
                    017-EKC-fourUnew-WT-80C-dms-MaP-5 (modrate).                
           INFO     Bulk inserted 80 fmod_vals records.                         
           INFO     Inserted 80 probe_fmod_values records for                   
                    017-EKC-fourUnew-WT-80C-dms-MaP-5 (GAmodrate).              
           INFO     Wrote per-read histogram for                                
                    017-EKC-fourUnew-WT-80C-dms-MaP-5 (Modified) to             
                    examples/all_mutcounts/mut_count/mut_count___cfg-b51fe39/art
                    ifacts/017-EKC-fourUnew-WT-80C-dms-MaP-5/per_read_histogram.
                    txt                                                         
           INFO     Wrote per-read histogram for                                
                    017-EKC-fourUnew-WT-80C-dms-MaP-5 (GA) to                   
                    examples/all_mutcounts/mut_count/mut_count___cfg-b51fe39/art
                    ifacts/017-EKC-fourUnew-WT-80C-dms-MaP-5/per_read_histogram.
                    txtga                                                       
           INFO     Found ShapeMapper profile for                               
                    017-EKC-fourUnew-WT-80C-dms-MaP-5_rerun at                  
                    examples/all_mutcounts/mut_count/mut_count___cfg-b51fe39/art
                    ifacts/017-EKC-fourUnew-WT-80C-dms-MaP-5_rerun/017-EKC-fourU
                    new-WT-80C-dms-MaP-5_rerun_017-EKC-fourUnew-WT-80C-dms-MaP-5
                    _rerun_profile.txt                                          
           INFO     Inserted probe_fmod_run for sample ID 298 (Run ID: 1023)    
           INFO     Inserted probe_fmod_run 1023 for sample                     
                    017-EKC-fourUnew-WT-80C-dms-MaP-5_rerun                     
           INFO     Bulk inserted 80 fmod_vals records.                         
           INFO     Inserted 80 probe_fmod_values records for                   
                    017-EKC-fourUnew-WT-80C-dms-MaP-5_rerun (modrate).          
           INFO     Bulk inserted 80 fmod_vals records.                         
           INFO     Inserted 80 probe_fmod_values records for                   
                    017-EKC-fourUnew-WT-80C-dms-MaP-5_rerun (GAmodrate).        
           INFO     Wrote per-read histogram for                                
                    017-EKC-fourUnew-WT-80C-dms-MaP-5_rerun (Modified) to       
                    examples/all_mutcounts/mut_count/mut_count___cfg-b51fe39/art
                    ifacts/017-EKC-fourUnew-WT-80C-dms-MaP-5_rerun/per_read_hist
                    ogram.txt                                                   
           INFO     Wrote per-read histogram for                                
                    017-EKC-fourUnew-WT-80C-dms-MaP-5_rerun (GA) to             
                    examples/all_mutcounts/mut_count/mut_count___cfg-b51fe39/art
                    ifacts/017-EKC-fourUnew-WT-80C-dms-MaP-5_rerun/per_read_hist
                    ogram.txtga                                                 
           INFO     Found ShapeMapper profile for                               
                    RRRY_017-EKC-fourUnew-WT-80C-dms-MaP-5 at                   
                    examples/all_mutcounts/mut_count/mut_count___cfg-b51fe39/art
                    ifacts/RRRY_017-EKC-fourUnew-WT-80C-dms-MaP-5/RRRY_017-EKC-f
                    ourUnew-WT-80C-dms-MaP-5_RRRY_017-EKC-fourUnew-WT-80C-dms-Ma
                    P-5_profile.txt                                             
           INFO     Inserted probe_fmod_run for sample ID 266 (Run ID: 1024)    
           INFO     Inserted probe_fmod_run 1024 for sample                     
                    RRRY_017-EKC-fourUnew-WT-80C-dms-MaP-5                      
           INFO     Bulk inserted 80 fmod_vals records.                         
           INFO     Inserted 80 probe_fmod_values records for                   
                    RRRY_017-EKC-fourUnew-WT-80C-dms-MaP-5 (modrate).           
           INFO     Bulk inserted 80 fmod_vals records.                         
           INFO     Inserted 80 probe_fmod_values records for                   
                    RRRY_017-EKC-fourUnew-WT-80C-dms-MaP-5 (GAmodrate).         
           INFO     Wrote per-read histogram for                                
                    RRRY_017-EKC-fourUnew-WT-80C-dms-MaP-5 (Modified) to        
                    examples/all_mutcounts/mut_count/mut_count___cfg-b51fe39/art
                    ifacts/RRRY_017-EKC-fourUnew-WT-80C-dms-MaP-5/per_read_histo
                    gram.txt                                                    
           INFO     Wrote per-read histogram for                                
                    RRRY_017-EKC-fourUnew-WT-80C-dms-MaP-5 (GA) to              
                    examples/all_mutcounts/mut_count/mut_count___cfg-b51fe39/art
                    ifacts/RRRY_017-EKC-fourUnew-WT-80C-dms-MaP-5/per_read_histo
                    gram.txtga                                                  
           INFO     Found ShapeMapper profile for                               
                    YYYR_017-EKC-fourUnew-WT-80C-dms-MaP-5 at                   
                    examples/all_mutcounts/mut_count/mut_count___cfg-b51fe39/art
                    ifacts/YYYR_017-EKC-fourUnew-WT-80C-dms-MaP-5/YYYR_017-EKC-f
                    ourUnew-WT-80C-dms-MaP-5_YYYR_017-EKC-fourUnew-WT-80C-dms-Ma
                    P-5_profile.txt                                             
           INFO     Inserted probe_fmod_run for sample ID 267 (Run ID: 1025)    
           INFO     Inserted probe_fmod_run 1025 for sample                     
                    YYYR_017-EKC-fourUnew-WT-80C-dms-MaP-5                      
           INFO     Bulk inserted 80 fmod_vals records.                         
           INFO     Inserted 80 probe_fmod_values records for                   
                    YYYR_017-EKC-fourUnew-WT-80C-dms-MaP-5 (modrate).           
           INFO     Bulk inserted 80 fmod_vals records.                         
           INFO     Inserted 80 probe_fmod_values records for                   
                    YYYR_017-EKC-fourUnew-WT-80C-dms-MaP-5 (GAmodrate).         
           INFO     Wrote per-read histogram for                                
                    YYYR_017-EKC-fourUnew-WT-80C-dms-MaP-5 (Modified) to        
                    examples/all_mutcounts/mut_count/mut_count___cfg-b51fe39/art
                    ifacts/YYYR_017-EKC-fourUnew-WT-80C-dms-MaP-5/per_read_histo
                    gram.txt                                                    
           INFO     Wrote per-read histogram for                                
                    YYYR_017-EKC-fourUnew-WT-80C-dms-MaP-5 (GA) to              
                    examples/all_mutcounts/mut_count/mut_count___cfg-b51fe39/art
                    ifacts/YYYR_017-EKC-fourUnew-WT-80C-dms-MaP-5/per_read_histo
                    gram.txtga                                                  
           INFO     Found ShapeMapper profile for                               
                    018-EKC-fourUnew-WT-80C-dms-MaP-6 at                        
                    examples/all_mutcounts/mut_count/mut_count___cfg-b51fe39/art
                    ifacts/018-EKC-fourUnew-WT-80C-dms-MaP-6/018-EKC-fourUnew-WT
                    -80C-dms-MaP-6_018-EKC-fourUnew-WT-80C-dms-MaP-6_profile.txt
           INFO     Inserted probe_fmod_run for sample ID 227 (Run ID: 1026)    
           INFO     Inserted probe_fmod_run 1026 for sample                     
                    018-EKC-fourUnew-WT-80C-dms-MaP-6                           
           INFO     Bulk inserted 80 fmod_vals records.                         
           INFO     Inserted 80 probe_fmod_values records for                   
                    018-EKC-fourUnew-WT-80C-dms-MaP-6 (modrate).                
           INFO     Bulk inserted 80 fmod_vals records.                         
           INFO     Inserted 80 probe_fmod_values records for                   
                    018-EKC-fourUnew-WT-80C-dms-MaP-6 (GAmodrate).              
           INFO     Wrote per-read histogram for                                
                    018-EKC-fourUnew-WT-80C-dms-MaP-6 (Modified) to             
                    examples/all_mutcounts/mut_count/mut_count___cfg-b51fe39/art
                    ifacts/018-EKC-fourUnew-WT-80C-dms-MaP-6/per_read_histogram.
                    txt                                                         
           INFO     Wrote per-read histogram for                                
                    018-EKC-fourUnew-WT-80C-dms-MaP-6 (GA) to                   
                    examples/all_mutcounts/mut_count/mut_count___cfg-b51fe39/art
                    ifacts/018-EKC-fourUnew-WT-80C-dms-MaP-6/per_read_histogram.
                    txtga                                                       
           INFO     Found ShapeMapper profile for                               
                    018-EKC-fourUnew-WT-80C-dms-MaP-6_rerun at                  
                    examples/all_mutcounts/mut_count/mut_count___cfg-b51fe39/art
                    ifacts/018-EKC-fourUnew-WT-80C-dms-MaP-6_rerun/018-EKC-fourU
                    new-WT-80C-dms-MaP-6_rerun_018-EKC-fourUnew-WT-80C-dms-MaP-6
                    _rerun_profile.txt                                          
           INFO     Inserted probe_fmod_run for sample ID 299 (Run ID: 1027)    
           INFO     Inserted probe_fmod_run 1027 for sample                     
                    018-EKC-fourUnew-WT-80C-dms-MaP-6_rerun                     
           INFO     Bulk inserted 80 fmod_vals records.                         
           INFO     Inserted 80 probe_fmod_values records for                   
                    018-EKC-fourUnew-WT-80C-dms-MaP-6_rerun (modrate).          
           INFO     Bulk inserted 80 fmod_vals records.                         
           INFO     Inserted 80 probe_fmod_values records for                   
                    018-EKC-fourUnew-WT-80C-dms-MaP-6_rerun (GAmodrate).        
           INFO     Wrote per-read histogram for                                
                    018-EKC-fourUnew-WT-80C-dms-MaP-6_rerun (Modified) to       
                    examples/all_mutcounts/mut_count/mut_count___cfg-b51fe39/art
                    ifacts/018-EKC-fourUnew-WT-80C-dms-MaP-6_rerun/per_read_hist
                    ogram.txt                                                   
           INFO     Wrote per-read histogram for                                
                    018-EKC-fourUnew-WT-80C-dms-MaP-6_rerun (GA) to             
                    examples/all_mutcounts/mut_count/mut_count___cfg-b51fe39/art
                    ifacts/018-EKC-fourUnew-WT-80C-dms-MaP-6_rerun/per_read_hist
                    ogram.txtga                                                 
           INFO     Found ShapeMapper profile for                               
                    RRRY_018-EKC-fourUnew-WT-80C-dms-MaP-6 at                   
                    examples/all_mutcounts/mut_count/mut_count___cfg-b51fe39/art
                    ifacts/RRRY_018-EKC-fourUnew-WT-80C-dms-MaP-6/RRRY_018-EKC-f
                    ourUnew-WT-80C-dms-MaP-6_RRRY_018-EKC-fourUnew-WT-80C-dms-Ma
                    P-6_profile.txt                                             
           INFO     Inserted probe_fmod_run for sample ID 268 (Run ID: 1028)    
           INFO     Inserted probe_fmod_run 1028 for sample                     
                    RRRY_018-EKC-fourUnew-WT-80C-dms-MaP-6                      
           INFO     Bulk inserted 80 fmod_vals records.                         
           INFO     Inserted 80 probe_fmod_values records for                   
                    RRRY_018-EKC-fourUnew-WT-80C-dms-MaP-6 (modrate).           
           INFO     Bulk inserted 80 fmod_vals records.                         
           INFO     Inserted 80 probe_fmod_values records for                   
                    RRRY_018-EKC-fourUnew-WT-80C-dms-MaP-6 (GAmodrate).         
           INFO     Wrote per-read histogram for                                
                    RRRY_018-EKC-fourUnew-WT-80C-dms-MaP-6 (Modified) to        
                    examples/all_mutcounts/mut_count/mut_count___cfg-b51fe39/art
                    ifacts/RRRY_018-EKC-fourUnew-WT-80C-dms-MaP-6/per_read_histo
                    gram.txt                                                    
           INFO     Wrote per-read histogram for                                
                    RRRY_018-EKC-fourUnew-WT-80C-dms-MaP-6 (GA) to              
                    examples/all_mutcounts/mut_count/mut_count___cfg-b51fe39/art
                    ifacts/RRRY_018-EKC-fourUnew-WT-80C-dms-MaP-6/per_read_histo
                    gram.txtga                                                  
           INFO     Found ShapeMapper profile for                               
                    YYYR_018-EKC-fourUnew-WT-80C-dms-MaP-6 at                   
                    examples/all_mutcounts/mut_count/mut_count___cfg-b51fe39/art
                    ifacts/YYYR_018-EKC-fourUnew-WT-80C-dms-MaP-6/YYYR_018-EKC-f
                    ourUnew-WT-80C-dms-MaP-6_YYYR_018-EKC-fourUnew-WT-80C-dms-Ma
                    P-6_profile.txt                                             
           INFO     Inserted probe_fmod_run for sample ID 269 (Run ID: 1029)    
           INFO     Inserted probe_fmod_run 1029 for sample                     
                    YYYR_018-EKC-fourUnew-WT-80C-dms-MaP-6                      
           INFO     Bulk inserted 80 fmod_vals records.                         
           INFO     Inserted 80 probe_fmod_values records for                   
                    YYYR_018-EKC-fourUnew-WT-80C-dms-MaP-6 (modrate).           
           INFO     Bulk inserted 80 fmod_vals records.                         
           INFO     Inserted 80 probe_fmod_values records for                   
                    YYYR_018-EKC-fourUnew-WT-80C-dms-MaP-6 (GAmodrate).         
           INFO     Wrote per-read histogram for                                
                    YYYR_018-EKC-fourUnew-WT-80C-dms-MaP-6 (Modified) to        
                    examples/all_mutcounts/mut_count/mut_count___cfg-b51fe39/art
                    ifacts/YYYR_018-EKC-fourUnew-WT-80C-dms-MaP-6/per_read_histo
                    gram.txt                                                    
           INFO     Wrote per-read histogram for                                
                    YYYR_018-EKC-fourUnew-WT-80C-dms-MaP-6 (GA) to              
                    examples/all_mutcounts/mut_count/mut_count___cfg-b51fe39/art
                    ifacts/YYYR_018-EKC-fourUnew-WT-80C-dms-MaP-6/per_read_histo
                    gram.txtga                                                  
           INFO     mut_count completed. Profiles found for 24/24 samples;      
                    ingested 24 run(s).                                         
           INFO     Finished task ID 120 with state 'completed'                 
           INFO     Task 'mut_count' (ID: 120) completed successfully.          
           INFO     Updated 'latest' symlink for task 'mut_count' to point to   
                    /gpfs/projects/b1044/Computational_Output/EKC/EKC.01_SHAPE_s
                    tandardization/EKC.01.065.refactoring_data_analysis/nerd/exa
                    mples/all_mutcounts/mut_count/mut_count___cfg-b51fe39       
