[17:50:21] INFO     Executing 'run' command for step: 'mut_count'               
[17:50:21] INFO     Database schema initialized successfully.                   
           INFO     Created run directory:                                      
                    examples/all_mutcounts/mut_count/mut_count___cfg-ad5a60b    
           INFO     Executing task 'mut_count' in run directory:                
                    examples/all_mutcounts/mut_count/mut_count___cfg-ad5a60b    
           INFO     Resolved reaction_group 75_2_13 to 7 sample(s).             
           INFO     Began task 'mut_count' (ID: 113) for rg:104                 
                    (cfg=ad5a60bdd0b85650675840e67d773df463df305db0e6fa7360eb8dc
                    504708c0f)                                                  
           INFO     Starting command (backend=local) in                         
                    examples/all_mutcounts/mut_count/mut_count___cfg-ad5a60b    
           INFO     Executing command locally. Log file:                        
                    examples/all_mutcounts/mut_count/mut_count___cfg-ad5a60b/com
                    mand.log                                                    
[17:54:31] INFO     Command finished with exit code: 0                          
           INFO     Logged attempt #1 for task ID 113 (Attempt ID: 106)         
           INFO     Command completed successfully. Consuming outputs.          
           INFO     Found ShapeMapper profile for 031-HIV-UUCG-ES-75c-b-1-p at  
                    examples/all_mutcounts/mut_count/mut_count___cfg-ad5a60b/art
                    ifacts/031-HIV-UUCG-ES-75c-b-1-p/031-HIV-UUCG-ES-75c-b-1-p_0
                    31-HIV-UUCG-ES-75c-b-1-p_profile.txt                        
           INFO     Inserted probe_fmod_run for sample ID 906 (Run ID: 835)     
           INFO     Inserted probe_fmod_run 835 for sample                      
                    031-HIV-UUCG-ES-75c-b-1-p                                   
           INFO     Bulk inserted 76 fmod_vals records.                         
           INFO     Inserted 76 probe_fmod_values records for                   
                    031-HIV-UUCG-ES-75c-b-1-p (modrate).                        
           INFO     Bulk inserted 76 fmod_vals records.                         
           INFO     Inserted 76 probe_fmod_values records for                   
                    031-HIV-UUCG-ES-75c-b-1-p (GAmodrate).                      
           INFO     Wrote per-read histogram for 031-HIV-UUCG-ES-75c-b-1-p      
                    (Modified) to                                               
                    examples/all_mutcounts/mut_count/mut_count___cfg-ad5a60b/art
                    ifacts/031-HIV-UUCG-ES-75c-b-1-p/per_read_histogram.txt     
           INFO     Wrote per-read histogram for 031-HIV-UUCG-ES-75c-b-1-p (GA) 
                    to                                                          
                    examples/all_mutcounts/mut_count/mut_count___cfg-ad5a60b/art
                    ifacts/031-HIV-UUCG-ES-75c-b-1-p/per_read_histogram.txtga   
           INFO     Found ShapeMapper profile for 032-HIV-UUCG-ES-75c-b-2-p at  
                    examples/all_mutcounts/mut_count/mut_count___cfg-ad5a60b/art
                    ifacts/032-HIV-UUCG-ES-75c-b-2-p/032-HIV-UUCG-ES-75c-b-2-p_0
                    32-HIV-UUCG-ES-75c-b-2-p_profile.txt                        
           INFO     Inserted probe_fmod_run for sample ID 907 (Run ID: 836)     
           INFO     Inserted probe_fmod_run 836 for sample                      
                    032-HIV-UUCG-ES-75c-b-2-p                                   
           INFO     Bulk inserted 76 fmod_vals records.                         
           INFO     Inserted 76 probe_fmod_values records for                   
                    032-HIV-UUCG-ES-75c-b-2-p (modrate).                        
           INFO     Bulk inserted 76 fmod_vals records.                         
           INFO     Inserted 76 probe_fmod_values records for                   
                    032-HIV-UUCG-ES-75c-b-2-p (GAmodrate).                      
           INFO     Wrote per-read histogram for 032-HIV-UUCG-ES-75c-b-2-p      
                    (Modified) to                                               
                    examples/all_mutcounts/mut_count/mut_count___cfg-ad5a60b/art
                    ifacts/032-HIV-UUCG-ES-75c-b-2-p/per_read_histogram.txt     
           INFO     Wrote per-read histogram for 032-HIV-UUCG-ES-75c-b-2-p (GA) 
                    to                                                          
                    examples/all_mutcounts/mut_count/mut_count___cfg-ad5a60b/art
                    ifacts/032-HIV-UUCG-ES-75c-b-2-p/per_read_histogram.txtga   
           INFO     Found ShapeMapper profile for 033-HIV-UUCG-ES-75c-b-3-p at  
                    examples/all_mutcounts/mut_count/mut_count___cfg-ad5a60b/art
                    ifacts/033-HIV-UUCG-ES-75c-b-3-p/033-HIV-UUCG-ES-75c-b-3-p_0
                    33-HIV-UUCG-ES-75c-b-3-p_profile.txt                        
           INFO     Inserted probe_fmod_run for sample ID 908 (Run ID: 837)     
           INFO     Inserted probe_fmod_run 837 for sample                      
                    033-HIV-UUCG-ES-75c-b-3-p                                   
           INFO     Bulk inserted 76 fmod_vals records.                         
           INFO     Inserted 76 probe_fmod_values records for                   
                    033-HIV-UUCG-ES-75c-b-3-p (modrate).                        
           INFO     Bulk inserted 76 fmod_vals records.                         
           INFO     Inserted 76 probe_fmod_values records for                   
                    033-HIV-UUCG-ES-75c-b-3-p (GAmodrate).                      
           INFO     Wrote per-read histogram for 033-HIV-UUCG-ES-75c-b-3-p      
                    (Modified) to                                               
                    examples/all_mutcounts/mut_count/mut_count___cfg-ad5a60b/art
                    ifacts/033-HIV-UUCG-ES-75c-b-3-p/per_read_histogram.txt     
           INFO     Wrote per-read histogram for 033-HIV-UUCG-ES-75c-b-3-p (GA) 
                    to                                                          
                    examples/all_mutcounts/mut_count/mut_count___cfg-ad5a60b/art
                    ifacts/033-HIV-UUCG-ES-75c-b-3-p/per_read_histogram.txtga   
           INFO     Found ShapeMapper profile for 034-HIV-UUCG-ES-75c-b-4-p at  
                    examples/all_mutcounts/mut_count/mut_count___cfg-ad5a60b/art
                    ifacts/034-HIV-UUCG-ES-75c-b-4-p/034-HIV-UUCG-ES-75c-b-4-p_0
                    34-HIV-UUCG-ES-75c-b-4-p_profile.txt                        
           INFO     Inserted probe_fmod_run for sample ID 909 (Run ID: 838)     
           INFO     Inserted probe_fmod_run 838 for sample                      
                    034-HIV-UUCG-ES-75c-b-4-p                                   
           INFO     Bulk inserted 76 fmod_vals records.                         
           INFO     Inserted 76 probe_fmod_values records for                   
                    034-HIV-UUCG-ES-75c-b-4-p (modrate).                        
           INFO     Bulk inserted 76 fmod_vals records.                         
           INFO     Inserted 76 probe_fmod_values records for                   
                    034-HIV-UUCG-ES-75c-b-4-p (GAmodrate).                      
           INFO     Wrote per-read histogram for 034-HIV-UUCG-ES-75c-b-4-p      
                    (Modified) to                                               
                    examples/all_mutcounts/mut_count/mut_count___cfg-ad5a60b/art
                    ifacts/034-HIV-UUCG-ES-75c-b-4-p/per_read_histogram.txt     
           INFO     Wrote per-read histogram for 034-HIV-UUCG-ES-75c-b-4-p (GA) 
                    to                                                          
                    examples/all_mutcounts/mut_count/mut_count___cfg-ad5a60b/art
                    ifacts/034-HIV-UUCG-ES-75c-b-4-p/per_read_histogram.txtga   
           INFO     Found ShapeMapper profile for 035-HIV-UUCG-ES-75c-b-5-p at  
                    examples/all_mutcounts/mut_count/mut_count___cfg-ad5a60b/art
                    ifacts/035-HIV-UUCG-ES-75c-b-5-p/035-HIV-UUCG-ES-75c-b-5-p_0
                    35-HIV-UUCG-ES-75c-b-5-p_profile.txt                        
           INFO     Inserted probe_fmod_run for sample ID 910 (Run ID: 839)     
           INFO     Inserted probe_fmod_run 839 for sample                      
                    035-HIV-UUCG-ES-75c-b-5-p                                   
           INFO     Bulk inserted 76 fmod_vals records.                         
           INFO     Inserted 76 probe_fmod_values records for                   
                    035-HIV-UUCG-ES-75c-b-5-p (modrate).                        
           INFO     Bulk inserted 76 fmod_vals records.                         
           INFO     Inserted 76 probe_fmod_values records for                   
                    035-HIV-UUCG-ES-75c-b-5-p (GAmodrate).                      
           INFO     Wrote per-read histogram for 035-HIV-UUCG-ES-75c-b-5-p      
                    (Modified) to                                               
                    examples/all_mutcounts/mut_count/mut_count___cfg-ad5a60b/art
                    ifacts/035-HIV-UUCG-ES-75c-b-5-p/per_read_histogram.txt     
           INFO     Wrote per-read histogram for 035-HIV-UUCG-ES-75c-b-5-p (GA) 
                    to                                                          
                    examples/all_mutcounts/mut_count/mut_count___cfg-ad5a60b/art
                    ifacts/035-HIV-UUCG-ES-75c-b-5-p/per_read_histogram.txtga   
           INFO     Found ShapeMapper profile for 036-HIV-UUCG-ES-75c-b-6-p at  
                    examples/all_mutcounts/mut_count/mut_count___cfg-ad5a60b/art
                    ifacts/036-HIV-UUCG-ES-75c-b-6-p/036-HIV-UUCG-ES-75c-b-6-p_0
                    36-HIV-UUCG-ES-75c-b-6-p_profile.txt                        
           INFO     Inserted probe_fmod_run for sample ID 911 (Run ID: 840)     
           INFO     Inserted probe_fmod_run 840 for sample                      
                    036-HIV-UUCG-ES-75c-b-6-p                                   
           INFO     Bulk inserted 76 fmod_vals records.                         
           INFO     Inserted 76 probe_fmod_values records for                   
                    036-HIV-UUCG-ES-75c-b-6-p (modrate).                        
           INFO     Bulk inserted 76 fmod_vals records.                         
           INFO     Inserted 76 probe_fmod_values records for                   
                    036-HIV-UUCG-ES-75c-b-6-p (GAmodrate).                      
           INFO     Wrote per-read histogram for 036-HIV-UUCG-ES-75c-b-6-p      
                    (Modified) to                                               
                    examples/all_mutcounts/mut_count/mut_count___cfg-ad5a60b/art
                    ifacts/036-HIV-UUCG-ES-75c-b-6-p/per_read_histogram.txt     
           INFO     Wrote per-read histogram for 036-HIV-UUCG-ES-75c-b-6-p (GA) 
                    to                                                          
                    examples/all_mutcounts/mut_count/mut_count___cfg-ad5a60b/art
                    ifacts/036-HIV-UUCG-ES-75c-b-6-p/per_read_histogram.txtga   
           INFO     Found ShapeMapper profile for 070-HIV-UUCG-ES-75c-b-6-m at  
                    examples/all_mutcounts/mut_count/mut_count___cfg-ad5a60b/art
                    ifacts/070-HIV-UUCG-ES-75c-b-6-m/070-HIV-UUCG-ES-75c-b-6-m_0
                    70-HIV-UUCG-ES-75c-b-6-m_profile.txt                        
           INFO     Inserted probe_fmod_run for sample ID 1041 (Run ID: 841)    
           INFO     Inserted probe_fmod_run 841 for sample                      
                    070-HIV-UUCG-ES-75c-b-6-m                                   
           INFO     Bulk inserted 76 fmod_vals records.                         
           INFO     Inserted 76 probe_fmod_values records for                   
                    070-HIV-UUCG-ES-75c-b-6-m (modrate).                        
           INFO     Bulk inserted 76 fmod_vals records.                         
           INFO     Inserted 76 probe_fmod_values records for                   
                    070-HIV-UUCG-ES-75c-b-6-m (GAmodrate).                      
           INFO     Wrote per-read histogram for 070-HIV-UUCG-ES-75c-b-6-m      
                    (Modified) to                                               
                    examples/all_mutcounts/mut_count/mut_count___cfg-ad5a60b/art
                    ifacts/070-HIV-UUCG-ES-75c-b-6-m/per_read_histogram.txt     
           INFO     Wrote per-read histogram for 070-HIV-UUCG-ES-75c-b-6-m (GA) 
                    to                                                          
                    examples/all_mutcounts/mut_count/mut_count___cfg-ad5a60b/art
                    ifacts/070-HIV-UUCG-ES-75c-b-6-m/per_read_histogram.txtga   
           INFO     mut_count completed. Profiles found for 7/7 samples;        
                    ingested 7 run(s).                                          
           INFO     Finished task ID 113 with state 'completed'                 
           INFO     Task 'mut_count' (ID: 113) completed successfully.          
           INFO     Updated 'latest' symlink for task 'mut_count' to point to   
                    /gpfs/projects/b1044/Computational_Output/EKC/EKC.01_SHAPE_s
                    tandardization/EKC.01.065.refactoring_data_analysis/nerd/exa
                    mples/all_mutcounts/mut_count/mut_count___cfg-ad5a60b       
