[17:55:35] INFO     Executing 'run' command for step: 'mut_count'               
[17:55:35] INFO     Database schema initialized successfully.                   
           INFO     Created run directory:                                      
                    examples/all_mutcounts/mut_count/mut_count___cfg-c703ac9    
           INFO     Executing task 'mut_count' in run directory:                
                    examples/all_mutcounts/mut_count/mut_count___cfg-c703ac9    
           INFO     Resolved reaction_group 80_1_12 to 7 sample(s).             
           INFO     Began task 'mut_count' (ID: 125) for rg:121                 
                    (cfg=c703ac9e93ac7207a12df784c06acf3127e120d927edb7cfaca16e3
                    26c954426)                                                  
           INFO     Starting command (backend=local) in                         
                    examples/all_mutcounts/mut_count/mut_count___cfg-c703ac9    
           INFO     Executing command locally. Log file:                        
                    examples/all_mutcounts/mut_count/mut_count___cfg-c703ac9/com
                    mand.log                                                    
[17:59:36] INFO     Command finished with exit code: 0                          
           INFO     Logged attempt #1 for task ID 125 (Attempt ID: 111)         
           INFO     Command completed successfully. Consuming outputs.          
           INFO     Found ShapeMapper profile for 037-HIV-C30U-80c-a-1-p at     
                    examples/all_mutcounts/mut_count/mut_count___cfg-c703ac9/art
                    ifacts/037-HIV-C30U-80c-a-1-p/037-HIV-C30U-80c-a-1-p_037-HIV
                    -C30U-80c-a-1-p_profile.txt                                 
           INFO     Inserted probe_fmod_run for sample ID 1008 (Run ID: 870)    
           INFO     Inserted probe_fmod_run 870 for sample                      
                    037-HIV-C30U-80c-a-1-p                                      
           INFO     Bulk inserted 74 fmod_vals records.                         
           INFO     Inserted 74 probe_fmod_values records for                   
                    037-HIV-C30U-80c-a-1-p (modrate).                           
           INFO     Bulk inserted 74 fmod_vals records.                         
           INFO     Inserted 74 probe_fmod_values records for                   
                    037-HIV-C30U-80c-a-1-p (GAmodrate).                         
           INFO     Wrote per-read histogram for 037-HIV-C30U-80c-a-1-p         
                    (Modified) to                                               
                    examples/all_mutcounts/mut_count/mut_count___cfg-c703ac9/art
                    ifacts/037-HIV-C30U-80c-a-1-p/per_read_histogram.txt        
           INFO     Wrote per-read histogram for 037-HIV-C30U-80c-a-1-p (GA) to 
                    examples/all_mutcounts/mut_count/mut_count___cfg-c703ac9/art
                    ifacts/037-HIV-C30U-80c-a-1-p/per_read_histogram.txtga      
           INFO     Found ShapeMapper profile for 038-HIV-C30U-80c-a-2-p at     
                    examples/all_mutcounts/mut_count/mut_count___cfg-c703ac9/art
                    ifacts/038-HIV-C30U-80c-a-2-p/038-HIV-C30U-80c-a-2-p_038-HIV
                    -C30U-80c-a-2-p_profile.txt                                 
           INFO     Inserted probe_fmod_run for sample ID 1009 (Run ID: 871)    
           INFO     Inserted probe_fmod_run 871 for sample                      
                    038-HIV-C30U-80c-a-2-p                                      
           INFO     Bulk inserted 74 fmod_vals records.                         
           INFO     Inserted 74 probe_fmod_values records for                   
                    038-HIV-C30U-80c-a-2-p (modrate).                           
           INFO     Bulk inserted 74 fmod_vals records.                         
           INFO     Inserted 74 probe_fmod_values records for                   
                    038-HIV-C30U-80c-a-2-p (GAmodrate).                         
           INFO     Wrote per-read histogram for 038-HIV-C30U-80c-a-2-p         
                    (Modified) to                                               
                    examples/all_mutcounts/mut_count/mut_count___cfg-c703ac9/art
                    ifacts/038-HIV-C30U-80c-a-2-p/per_read_histogram.txt        
           INFO     Wrote per-read histogram for 038-HIV-C30U-80c-a-2-p (GA) to 
                    examples/all_mutcounts/mut_count/mut_count___cfg-c703ac9/art
                    ifacts/038-HIV-C30U-80c-a-2-p/per_read_histogram.txtga      
           INFO     Found ShapeMapper profile for 039-HIV-C30U-80c-a-3-p at     
                    examples/all_mutcounts/mut_count/mut_count___cfg-c703ac9/art
                    ifacts/039-HIV-C30U-80c-a-3-p/039-HIV-C30U-80c-a-3-p_039-HIV
                    -C30U-80c-a-3-p_profile.txt                                 
           INFO     Inserted probe_fmod_run for sample ID 1010 (Run ID: 872)    
           INFO     Inserted probe_fmod_run 872 for sample                      
                    039-HIV-C30U-80c-a-3-p                                      
           INFO     Bulk inserted 74 fmod_vals records.                         
           INFO     Inserted 74 probe_fmod_values records for                   
                    039-HIV-C30U-80c-a-3-p (modrate).                           
           INFO     Bulk inserted 74 fmod_vals records.                         
           INFO     Inserted 74 probe_fmod_values records for                   
                    039-HIV-C30U-80c-a-3-p (GAmodrate).                         
           INFO     Wrote per-read histogram for 039-HIV-C30U-80c-a-3-p         
                    (Modified) to                                               
                    examples/all_mutcounts/mut_count/mut_count___cfg-c703ac9/art
                    ifacts/039-HIV-C30U-80c-a-3-p/per_read_histogram.txt        
           INFO     Wrote per-read histogram for 039-HIV-C30U-80c-a-3-p (GA) to 
                    examples/all_mutcounts/mut_count/mut_count___cfg-c703ac9/art
                    ifacts/039-HIV-C30U-80c-a-3-p/per_read_histogram.txtga      
           INFO     Found ShapeMapper profile for 040-HIV-C30U-80c-a-4-p at     
                    examples/all_mutcounts/mut_count/mut_count___cfg-c703ac9/art
                    ifacts/040-HIV-C30U-80c-a-4-p/040-HIV-C30U-80c-a-4-p_040-HIV
                    -C30U-80c-a-4-p_profile.txt                                 
           INFO     Inserted probe_fmod_run for sample ID 1011 (Run ID: 873)    
           INFO     Inserted probe_fmod_run 873 for sample                      
                    040-HIV-C30U-80c-a-4-p                                      
           INFO     Bulk inserted 74 fmod_vals records.                         
           INFO     Inserted 74 probe_fmod_values records for                   
                    040-HIV-C30U-80c-a-4-p (modrate).                           
           INFO     Bulk inserted 74 fmod_vals records.                         
           INFO     Inserted 74 probe_fmod_values records for                   
                    040-HIV-C30U-80c-a-4-p (GAmodrate).                         
           INFO     Wrote per-read histogram for 040-HIV-C30U-80c-a-4-p         
                    (Modified) to                                               
                    examples/all_mutcounts/mut_count/mut_count___cfg-c703ac9/art
                    ifacts/040-HIV-C30U-80c-a-4-p/per_read_histogram.txt        
           INFO     Wrote per-read histogram for 040-HIV-C30U-80c-a-4-p (GA) to 
                    examples/all_mutcounts/mut_count/mut_count___cfg-c703ac9/art
                    ifacts/040-HIV-C30U-80c-a-4-p/per_read_histogram.txtga      
           INFO     Found ShapeMapper profile for 041-HIV-C30U-80c-a-5-p at     
                    examples/all_mutcounts/mut_count/mut_count___cfg-c703ac9/art
                    ifacts/041-HIV-C30U-80c-a-5-p/041-HIV-C30U-80c-a-5-p_041-HIV
                    -C30U-80c-a-5-p_profile.txt                                 
           INFO     Inserted probe_fmod_run for sample ID 1012 (Run ID: 874)    
           INFO     Inserted probe_fmod_run 874 for sample                      
                    041-HIV-C30U-80c-a-5-p                                      
           INFO     Bulk inserted 74 fmod_vals records.                         
           INFO     Inserted 74 probe_fmod_values records for                   
                    041-HIV-C30U-80c-a-5-p (modrate).                           
           INFO     Bulk inserted 74 fmod_vals records.                         
           INFO     Inserted 74 probe_fmod_values records for                   
                    041-HIV-C30U-80c-a-5-p (GAmodrate).                         
           INFO     Wrote per-read histogram for 041-HIV-C30U-80c-a-5-p         
                    (Modified) to                                               
                    examples/all_mutcounts/mut_count/mut_count___cfg-c703ac9/art
                    ifacts/041-HIV-C30U-80c-a-5-p/per_read_histogram.txt        
           INFO     Wrote per-read histogram for 041-HIV-C30U-80c-a-5-p (GA) to 
                    examples/all_mutcounts/mut_count/mut_count___cfg-c703ac9/art
                    ifacts/041-HIV-C30U-80c-a-5-p/per_read_histogram.txtga      
           INFO     Found ShapeMapper profile for 042-HIV-C30U-80c-a-6-p at     
                    examples/all_mutcounts/mut_count/mut_count___cfg-c703ac9/art
                    ifacts/042-HIV-C30U-80c-a-6-p/042-HIV-C30U-80c-a-6-p_042-HIV
                    -C30U-80c-a-6-p_profile.txt                                 
           INFO     Inserted probe_fmod_run for sample ID 1013 (Run ID: 875)    
           INFO     Inserted probe_fmod_run 875 for sample                      
                    042-HIV-C30U-80c-a-6-p                                      
           INFO     Bulk inserted 74 fmod_vals records.                         
           INFO     Inserted 74 probe_fmod_values records for                   
                    042-HIV-C30U-80c-a-6-p (modrate).                           
           INFO     Bulk inserted 74 fmod_vals records.                         
           INFO     Inserted 74 probe_fmod_values records for                   
                    042-HIV-C30U-80c-a-6-p (GAmodrate).                         
           INFO     Wrote per-read histogram for 042-HIV-C30U-80c-a-6-p         
                    (Modified) to                                               
                    examples/all_mutcounts/mut_count/mut_count___cfg-c703ac9/art
                    ifacts/042-HIV-C30U-80c-a-6-p/per_read_histogram.txt        
           INFO     Wrote per-read histogram for 042-HIV-C30U-80c-a-6-p (GA) to 
                    examples/all_mutcounts/mut_count/mut_count___cfg-c703ac9/art
                    ifacts/042-HIV-C30U-80c-a-6-p/per_read_histogram.txtga      
           INFO     Found ShapeMapper profile for 087-HIV-C30U-80c-a-6-m at     
                    examples/all_mutcounts/mut_count/mut_count___cfg-c703ac9/art
                    ifacts/087-HIV-C30U-80c-a-6-m/087-HIV-C30U-80c-a-6-m_087-HIV
                    -C30U-80c-a-6-m_profile.txt                                 
           INFO     Inserted probe_fmod_run for sample ID 1058 (Run ID: 876)    
           INFO     Inserted probe_fmod_run 876 for sample                      
                    087-HIV-C30U-80c-a-6-m                                      
           INFO     Bulk inserted 74 fmod_vals records.                         
           INFO     Inserted 74 probe_fmod_values records for                   
                    087-HIV-C30U-80c-a-6-m (modrate).                           
           INFO     Bulk inserted 74 fmod_vals records.                         
           INFO     Inserted 74 probe_fmod_values records for                   
                    087-HIV-C30U-80c-a-6-m (GAmodrate).                         
           INFO     Wrote per-read histogram for 087-HIV-C30U-80c-a-6-m         
                    (Modified) to                                               
                    examples/all_mutcounts/mut_count/mut_count___cfg-c703ac9/art
                    ifacts/087-HIV-C30U-80c-a-6-m/per_read_histogram.txt        
           INFO     Wrote per-read histogram for 087-HIV-C30U-80c-a-6-m (GA) to 
                    examples/all_mutcounts/mut_count/mut_count___cfg-c703ac9/art
                    ifacts/087-HIV-C30U-80c-a-6-m/per_read_histogram.txtga      
           INFO     mut_count completed. Profiles found for 7/7 samples;        
                    ingested 7 run(s).                                          
           INFO     Finished task ID 125 with state 'completed'                 
           INFO     Task 'mut_count' (ID: 125) completed successfully.          
           INFO     Updated 'latest' symlink for task 'mut_count' to point to   
                    /gpfs/projects/b1044/Computational_Output/EKC/EKC.01_SHAPE_s
                    tandardization/EKC.01.065.refactoring_data_analysis/nerd/exa
                    mples/all_mutcounts/mut_count/mut_count___cfg-c703ac9       
