[14:10:07] INFO     Executing 'run' command for step: 'mut_count'               
[14:10:07] INFO     Database schema initialized successfully.                   
           INFO     Created run directory:                                      
                    examples/all_mutcounts/mut_count/mut_count___cfg-a1c2241    
           INFO     Executing task 'mut_count' in run directory:                
                    examples/all_mutcounts/mut_count/mut_count___cfg-a1c2241    
           INFO     Resolved reaction_group 25_1_13 to 7 sample(s).             
           INFO     Began task 'mut_count' (ID: 29) for rg:99                   
                    (cfg=a1c2241e926c7fb95893e54aff696010a204bdf436450e97da2b73d
                    e71489bf9)                                                  
           INFO     Starting command (backend=local) in                         
                    examples/all_mutcounts/mut_count/mut_count___cfg-a1c2241    
           INFO     Executing command locally. Log file:                        
                    examples/all_mutcounts/mut_count/mut_count___cfg-a1c2241/com
                    mand.log                                                    
[14:14:12] INFO     Command finished with exit code: 0                          
           INFO     Logged attempt #1 for task ID 29 (Attempt ID: 15)           
           INFO     Command completed successfully. Consuming outputs.          
           INFO     Found ShapeMapper profile for 001-HIV-UUCG-ES-25c-a-1-p at  
                    examples/all_mutcounts/mut_count/mut_count___cfg-a1c2241/art
                    ifacts/001-HIV-UUCG-ES-25c-a-1-p/001-HIV-UUCG-ES-25c-a-1-p_0
                    01-HIV-UUCG-ES-25c-a-1-p_profile.txt                        
           INFO     Inserted probe_fmod_run for sample ID 876 (Run ID: 93)      
           INFO     Inserted probe_fmod_run 93 for sample                       
                    001-HIV-UUCG-ES-25c-a-1-p                                   
           INFO     Bulk inserted 76 fmod_vals records.                         
           INFO     Inserted 76 probe_fmod_values records for                   
                    001-HIV-UUCG-ES-25c-a-1-p (modrate).                        
           INFO     Bulk inserted 76 fmod_vals records.                         
           INFO     Inserted 76 probe_fmod_values records for                   
                    001-HIV-UUCG-ES-25c-a-1-p (GAmodrate).                      
           INFO     Wrote per-read histogram for 001-HIV-UUCG-ES-25c-a-1-p      
                    (Modified) to                                               
                    examples/all_mutcounts/mut_count/mut_count___cfg-a1c2241/art
                    ifacts/001-HIV-UUCG-ES-25c-a-1-p/per_read_histogram.txt     
           INFO     Wrote per-read histogram for 001-HIV-UUCG-ES-25c-a-1-p (GA) 
                    to                                                          
                    examples/all_mutcounts/mut_count/mut_count___cfg-a1c2241/art
                    ifacts/001-HIV-UUCG-ES-25c-a-1-p/per_read_histogram.txtga   
           INFO     Found ShapeMapper profile for 002-HIV-UUCG-ES-25c-a-2-p at  
                    examples/all_mutcounts/mut_count/mut_count___cfg-a1c2241/art
                    ifacts/002-HIV-UUCG-ES-25c-a-2-p/002-HIV-UUCG-ES-25c-a-2-p_0
                    02-HIV-UUCG-ES-25c-a-2-p_profile.txt                        
           INFO     Inserted probe_fmod_run for sample ID 877 (Run ID: 94)      
           INFO     Inserted probe_fmod_run 94 for sample                       
                    002-HIV-UUCG-ES-25c-a-2-p                                   
           INFO     Bulk inserted 76 fmod_vals records.                         
           INFO     Inserted 76 probe_fmod_values records for                   
                    002-HIV-UUCG-ES-25c-a-2-p (modrate).                        
           INFO     Bulk inserted 76 fmod_vals records.                         
           INFO     Inserted 76 probe_fmod_values records for                   
                    002-HIV-UUCG-ES-25c-a-2-p (GAmodrate).                      
           INFO     Wrote per-read histogram for 002-HIV-UUCG-ES-25c-a-2-p      
                    (Modified) to                                               
                    examples/all_mutcounts/mut_count/mut_count___cfg-a1c2241/art
                    ifacts/002-HIV-UUCG-ES-25c-a-2-p/per_read_histogram.txt     
           INFO     Wrote per-read histogram for 002-HIV-UUCG-ES-25c-a-2-p (GA) 
                    to                                                          
                    examples/all_mutcounts/mut_count/mut_count___cfg-a1c2241/art
                    ifacts/002-HIV-UUCG-ES-25c-a-2-p/per_read_histogram.txtga   
           INFO     Found ShapeMapper profile for 003-HIV-UUCG-ES-25c-a-3-p at  
                    examples/all_mutcounts/mut_count/mut_count___cfg-a1c2241/art
                    ifacts/003-HIV-UUCG-ES-25c-a-3-p/003-HIV-UUCG-ES-25c-a-3-p_0
                    03-HIV-UUCG-ES-25c-a-3-p_profile.txt                        
           INFO     Inserted probe_fmod_run for sample ID 878 (Run ID: 95)      
           INFO     Inserted probe_fmod_run 95 for sample                       
                    003-HIV-UUCG-ES-25c-a-3-p                                   
           INFO     Bulk inserted 76 fmod_vals records.                         
           INFO     Inserted 76 probe_fmod_values records for                   
                    003-HIV-UUCG-ES-25c-a-3-p (modrate).                        
           INFO     Bulk inserted 76 fmod_vals records.                         
           INFO     Inserted 76 probe_fmod_values records for                   
                    003-HIV-UUCG-ES-25c-a-3-p (GAmodrate).                      
           INFO     Wrote per-read histogram for 003-HIV-UUCG-ES-25c-a-3-p      
                    (Modified) to                                               
                    examples/all_mutcounts/mut_count/mut_count___cfg-a1c2241/art
                    ifacts/003-HIV-UUCG-ES-25c-a-3-p/per_read_histogram.txt     
           INFO     Wrote per-read histogram for 003-HIV-UUCG-ES-25c-a-3-p (GA) 
                    to                                                          
                    examples/all_mutcounts/mut_count/mut_count___cfg-a1c2241/art
                    ifacts/003-HIV-UUCG-ES-25c-a-3-p/per_read_histogram.txtga   
           INFO     Found ShapeMapper profile for 004-HIV-UUCG-ES-25c-a-4-p at  
                    examples/all_mutcounts/mut_count/mut_count___cfg-a1c2241/art
                    ifacts/004-HIV-UUCG-ES-25c-a-4-p/004-HIV-UUCG-ES-25c-a-4-p_0
                    04-HIV-UUCG-ES-25c-a-4-p_profile.txt                        
           INFO     Inserted probe_fmod_run for sample ID 879 (Run ID: 96)      
           INFO     Inserted probe_fmod_run 96 for sample                       
                    004-HIV-UUCG-ES-25c-a-4-p                                   
           INFO     Bulk inserted 76 fmod_vals records.                         
           INFO     Inserted 76 probe_fmod_values records for                   
                    004-HIV-UUCG-ES-25c-a-4-p (modrate).                        
           INFO     Bulk inserted 76 fmod_vals records.                         
           INFO     Inserted 76 probe_fmod_values records for                   
                    004-HIV-UUCG-ES-25c-a-4-p (GAmodrate).                      
           INFO     Wrote per-read histogram for 004-HIV-UUCG-ES-25c-a-4-p      
                    (Modified) to                                               
                    examples/all_mutcounts/mut_count/mut_count___cfg-a1c2241/art
                    ifacts/004-HIV-UUCG-ES-25c-a-4-p/per_read_histogram.txt     
           INFO     Wrote per-read histogram for 004-HIV-UUCG-ES-25c-a-4-p (GA) 
                    to                                                          
                    examples/all_mutcounts/mut_count/mut_count___cfg-a1c2241/art
                    ifacts/004-HIV-UUCG-ES-25c-a-4-p/per_read_histogram.txtga   
           INFO     Found ShapeMapper profile for 005-HIV-UUCG-ES-25c-a-5-p at  
                    examples/all_mutcounts/mut_count/mut_count___cfg-a1c2241/art
                    ifacts/005-HIV-UUCG-ES-25c-a-5-p/005-HIV-UUCG-ES-25c-a-5-p_0
                    05-HIV-UUCG-ES-25c-a-5-p_profile.txt                        
           INFO     Inserted probe_fmod_run for sample ID 880 (Run ID: 97)      
           INFO     Inserted probe_fmod_run 97 for sample                       
                    005-HIV-UUCG-ES-25c-a-5-p                                   
           INFO     Bulk inserted 76 fmod_vals records.                         
           INFO     Inserted 76 probe_fmod_values records for                   
                    005-HIV-UUCG-ES-25c-a-5-p (modrate).                        
           INFO     Bulk inserted 76 fmod_vals records.                         
           INFO     Inserted 76 probe_fmod_values records for                   
                    005-HIV-UUCG-ES-25c-a-5-p (GAmodrate).                      
           INFO     Wrote per-read histogram for 005-HIV-UUCG-ES-25c-a-5-p      
                    (Modified) to                                               
                    examples/all_mutcounts/mut_count/mut_count___cfg-a1c2241/art
                    ifacts/005-HIV-UUCG-ES-25c-a-5-p/per_read_histogram.txt     
           INFO     Wrote per-read histogram for 005-HIV-UUCG-ES-25c-a-5-p (GA) 
                    to                                                          
                    examples/all_mutcounts/mut_count/mut_count___cfg-a1c2241/art
                    ifacts/005-HIV-UUCG-ES-25c-a-5-p/per_read_histogram.txtga   
           INFO     Found ShapeMapper profile for 006-HIV-UUCG-ES-25c-a-6-p at  
                    examples/all_mutcounts/mut_count/mut_count___cfg-a1c2241/art
                    ifacts/006-HIV-UUCG-ES-25c-a-6-p/006-HIV-UUCG-ES-25c-a-6-p_0
                    06-HIV-UUCG-ES-25c-a-6-p_profile.txt                        
           INFO     Inserted probe_fmod_run for sample ID 881 (Run ID: 98)      
           INFO     Inserted probe_fmod_run 98 for sample                       
                    006-HIV-UUCG-ES-25c-a-6-p                                   
           INFO     Bulk inserted 76 fmod_vals records.                         
           INFO     Inserted 76 probe_fmod_values records for                   
                    006-HIV-UUCG-ES-25c-a-6-p (modrate).                        
           INFO     Bulk inserted 76 fmod_vals records.                         
           INFO     Inserted 76 probe_fmod_values records for                   
                    006-HIV-UUCG-ES-25c-a-6-p (GAmodrate).                      
           INFO     Wrote per-read histogram for 006-HIV-UUCG-ES-25c-a-6-p      
                    (Modified) to                                               
                    examples/all_mutcounts/mut_count/mut_count___cfg-a1c2241/art
                    ifacts/006-HIV-UUCG-ES-25c-a-6-p/per_read_histogram.txt     
           INFO     Wrote per-read histogram for 006-HIV-UUCG-ES-25c-a-6-p (GA) 
                    to                                                          
                    examples/all_mutcounts/mut_count/mut_count___cfg-a1c2241/art
                    ifacts/006-HIV-UUCG-ES-25c-a-6-p/per_read_histogram.txtga   
           INFO     Found ShapeMapper profile for 065-HIV-UUCG-ES-25c-a-6-m at  
                    examples/all_mutcounts/mut_count/mut_count___cfg-a1c2241/art
                    ifacts/065-HIV-UUCG-ES-25c-a-6-m/065-HIV-UUCG-ES-25c-a-6-m_0
                    65-HIV-UUCG-ES-25c-a-6-m_profile.txt                        
           INFO     Inserted probe_fmod_run for sample ID 1036 (Run ID: 99)     
           INFO     Inserted probe_fmod_run 99 for sample                       
                    065-HIV-UUCG-ES-25c-a-6-m                                   
           INFO     Bulk inserted 76 fmod_vals records.                         
           INFO     Inserted 76 probe_fmod_values records for                   
                    065-HIV-UUCG-ES-25c-a-6-m (modrate).                        
           INFO     Bulk inserted 76 fmod_vals records.                         
           INFO     Inserted 76 probe_fmod_values records for                   
                    065-HIV-UUCG-ES-25c-a-6-m (GAmodrate).                      
           INFO     Wrote per-read histogram for 065-HIV-UUCG-ES-25c-a-6-m      
                    (Modified) to                                               
                    examples/all_mutcounts/mut_count/mut_count___cfg-a1c2241/art
                    ifacts/065-HIV-UUCG-ES-25c-a-6-m/per_read_histogram.txt     
           INFO     Wrote per-read histogram for 065-HIV-UUCG-ES-25c-a-6-m (GA) 
                    to                                                          
                    examples/all_mutcounts/mut_count/mut_count___cfg-a1c2241/art
                    ifacts/065-HIV-UUCG-ES-25c-a-6-m/per_read_histogram.txtga   
           INFO     mut_count completed. Profiles found for 7/7 samples;        
                    ingested 7 run(s).                                          
           INFO     Finished task ID 29 with state 'completed'                  
           INFO     Task 'mut_count' (ID: 29) completed successfully.           
           INFO     Updated 'latest' symlink for task 'mut_count' to point to   
                    /gpfs/projects/b1044/Computational_Output/EKC/EKC.01_SHAPE_s
                    tandardization/EKC.01.065.refactoring_data_analysis/nerd/exa
                    mples/all_mutcounts/mut_count/mut_count___cfg-a1c2241       
