[13:55:16] INFO     Executing 'run' command for step: 'mut_count'               
[13:55:16] INFO     Database schema initialized successfully.                   
           INFO     Created run directory:                                      
                    examples/all_mutcounts/mut_count/mut_count___cfg-41d70fd    
           INFO     Executing task 'mut_count' in run directory:                
                    examples/all_mutcounts/mut_count/mut_count___cfg-41d70fd    
           INFO     Resolved reaction_group 15_2_A8C to 8 sample(s).            
           INFO     Began task 'mut_count' (ID: 14) for rg:61                   
                    (cfg=41d70fd7bd6571e816c2632572eb3c9bfa9501eff775536ae10d2bd
                    139a15050)                                                  
           INFO     Starting command (backend=local) in                         
                    examples/all_mutcounts/mut_count/mut_count___cfg-41d70fd    
           INFO     Executing command locally. Log file:                        
                    examples/all_mutcounts/mut_count/mut_count___cfg-41d70fd/com
                    mand.log                                                    
[15:51:02] INFO     Command finished with exit code: 0                          
           INFO     Logged attempt #1 for task ID 14 (Attempt ID: 42)           
           INFO     Command completed successfully. Consuming outputs.          
           INFO     Found ShapeMapper profile for 013_fourU_A8C_15c_b_1_p at    
                    examples/all_mutcounts/mut_count/mut_count___cfg-41d70fd/art
                    ifacts/013_fourU_A8C_15c_b_1_p/013_fourU_A8C_15c_b_1_p_013_f
                    ourU_A8C_15c_b_1_p_profile.txt                              
           INFO     Inserted probe_fmod_run for sample ID 600 (Run ID: 307)     
           INFO     Inserted probe_fmod_run 307 for sample                      
                    013_fourU_A8C_15c_b_1_p                                     
           INFO     Bulk inserted 80 fmod_vals records.                         
           INFO     Inserted 80 probe_fmod_values records for                   
                    013_fourU_A8C_15c_b_1_p (modrate).                          
           INFO     Bulk inserted 80 fmod_vals records.                         
           INFO     Inserted 80 probe_fmod_values records for                   
                    013_fourU_A8C_15c_b_1_p (GAmodrate).                        
           INFO     Wrote per-read histogram for 013_fourU_A8C_15c_b_1_p        
                    (Modified) to                                               
                    examples/all_mutcounts/mut_count/mut_count___cfg-41d70fd/art
                    ifacts/013_fourU_A8C_15c_b_1_p/per_read_histogram.txt       
           INFO     Wrote per-read histogram for 013_fourU_A8C_15c_b_1_p (GA) to
                    examples/all_mutcounts/mut_count/mut_count___cfg-41d70fd/art
                    ifacts/013_fourU_A8C_15c_b_1_p/per_read_histogram.txtga     
           INFO     Found ShapeMapper profile for 014_fourU_A8C_15c_b_2_p at    
                    examples/all_mutcounts/mut_count/mut_count___cfg-41d70fd/art
                    ifacts/014_fourU_A8C_15c_b_2_p/014_fourU_A8C_15c_b_2_p_014_f
                    ourU_A8C_15c_b_2_p_profile.txt                              
           INFO     Inserted probe_fmod_run for sample ID 601 (Run ID: 308)     
           INFO     Inserted probe_fmod_run 308 for sample                      
                    014_fourU_A8C_15c_b_2_p                                     
           INFO     Bulk inserted 80 fmod_vals records.                         
           INFO     Inserted 80 probe_fmod_values records for                   
                    014_fourU_A8C_15c_b_2_p (modrate).                          
           INFO     Bulk inserted 80 fmod_vals records.                         
           INFO     Inserted 80 probe_fmod_values records for                   
                    014_fourU_A8C_15c_b_2_p (GAmodrate).                        
           INFO     Wrote per-read histogram for 014_fourU_A8C_15c_b_2_p        
                    (Modified) to                                               
                    examples/all_mutcounts/mut_count/mut_count___cfg-41d70fd/art
                    ifacts/014_fourU_A8C_15c_b_2_p/per_read_histogram.txt       
           INFO     Wrote per-read histogram for 014_fourU_A8C_15c_b_2_p (GA) to
                    examples/all_mutcounts/mut_count/mut_count___cfg-41d70fd/art
                    ifacts/014_fourU_A8C_15c_b_2_p/per_read_histogram.txtga     
           INFO     Found ShapeMapper profile for 055_fourU_A8C15c_b_2_p at     
                    examples/all_mutcounts/mut_count/mut_count___cfg-41d70fd/art
                    ifacts/055_fourU_A8C15c_b_2_p/055_fourU_A8C15c_b_2_p_055_fou
                    rU_A8C15c_b_2_p_profile.txt                                 
           INFO     Inserted probe_fmod_run for sample ID 738 (Run ID: 309)     
           INFO     Inserted probe_fmod_run 309 for sample                      
                    055_fourU_A8C15c_b_2_p                                      
           INFO     Bulk inserted 80 fmod_vals records.                         
           INFO     Inserted 80 probe_fmod_values records for                   
                    055_fourU_A8C15c_b_2_p (modrate).                           
           INFO     Bulk inserted 80 fmod_vals records.                         
           INFO     Inserted 80 probe_fmod_values records for                   
                    055_fourU_A8C15c_b_2_p (GAmodrate).                         
           INFO     Wrote per-read histogram for 055_fourU_A8C15c_b_2_p         
                    (Modified) to                                               
                    examples/all_mutcounts/mut_count/mut_count___cfg-41d70fd/art
                    ifacts/055_fourU_A8C15c_b_2_p/per_read_histogram.txt        
           INFO     Wrote per-read histogram for 055_fourU_A8C15c_b_2_p (GA) to 
                    examples/all_mutcounts/mut_count/mut_count___cfg-41d70fd/art
                    ifacts/055_fourU_A8C15c_b_2_p/per_read_histogram.txtga      
           INFO     Found ShapeMapper profile for 015_fourU_A8C_15c_b_3_p at    
                    examples/all_mutcounts/mut_count/mut_count___cfg-41d70fd/art
                    ifacts/015_fourU_A8C_15c_b_3_p/015_fourU_A8C_15c_b_3_p_015_f
                    ourU_A8C_15c_b_3_p_profile.txt                              
           INFO     Inserted probe_fmod_run for sample ID 602 (Run ID: 310)     
           INFO     Inserted probe_fmod_run 310 for sample                      
                    015_fourU_A8C_15c_b_3_p                                     
           INFO     Bulk inserted 80 fmod_vals records.                         
           INFO     Inserted 80 probe_fmod_values records for                   
                    015_fourU_A8C_15c_b_3_p (modrate).                          
           INFO     Bulk inserted 80 fmod_vals records.                         
           INFO     Inserted 80 probe_fmod_values records for                   
                    015_fourU_A8C_15c_b_3_p (GAmodrate).                        
           INFO     Wrote per-read histogram for 015_fourU_A8C_15c_b_3_p        
                    (Modified) to                                               
                    examples/all_mutcounts/mut_count/mut_count___cfg-41d70fd/art
                    ifacts/015_fourU_A8C_15c_b_3_p/per_read_histogram.txt       
           INFO     Wrote per-read histogram for 015_fourU_A8C_15c_b_3_p (GA) to
                    examples/all_mutcounts/mut_count/mut_count___cfg-41d70fd/art
                    ifacts/015_fourU_A8C_15c_b_3_p/per_read_histogram.txtga     
           INFO     Found ShapeMapper profile for 016_fourU_A8C_15c_b_4_p at    
                    examples/all_mutcounts/mut_count/mut_count___cfg-41d70fd/art
                    ifacts/016_fourU_A8C_15c_b_4_p/016_fourU_A8C_15c_b_4_p_016_f
                    ourU_A8C_15c_b_4_p_profile.txt                              
           INFO     Inserted probe_fmod_run for sample ID 603 (Run ID: 311)     
           INFO     Inserted probe_fmod_run 311 for sample                      
                    016_fourU_A8C_15c_b_4_p                                     
           INFO     Bulk inserted 80 fmod_vals records.                         
           INFO     Inserted 80 probe_fmod_values records for                   
                    016_fourU_A8C_15c_b_4_p (modrate).                          
           INFO     Bulk inserted 80 fmod_vals records.                         
           INFO     Inserted 80 probe_fmod_values records for                   
                    016_fourU_A8C_15c_b_4_p (GAmodrate).                        
           INFO     Wrote per-read histogram for 016_fourU_A8C_15c_b_4_p        
                    (Modified) to                                               
                    examples/all_mutcounts/mut_count/mut_count___cfg-41d70fd/art
                    ifacts/016_fourU_A8C_15c_b_4_p/per_read_histogram.txt       
           INFO     Wrote per-read histogram for 016_fourU_A8C_15c_b_4_p (GA) to
                    examples/all_mutcounts/mut_count/mut_count___cfg-41d70fd/art
                    ifacts/016_fourU_A8C_15c_b_4_p/per_read_histogram.txtga     
           INFO     Found ShapeMapper profile for 017_fourU_A8C_15c_b_5_p at    
                    examples/all_mutcounts/mut_count/mut_count___cfg-41d70fd/art
                    ifacts/017_fourU_A8C_15c_b_5_p/017_fourU_A8C_15c_b_5_p_017_f
                    ourU_A8C_15c_b_5_p_profile.txt                              
           INFO     Inserted probe_fmod_run for sample ID 604 (Run ID: 312)     
           INFO     Inserted probe_fmod_run 312 for sample                      
                    017_fourU_A8C_15c_b_5_p                                     
           INFO     Bulk inserted 80 fmod_vals records.                         
           INFO     Inserted 80 probe_fmod_values records for                   
                    017_fourU_A8C_15c_b_5_p (modrate).                          
           INFO     Bulk inserted 80 fmod_vals records.                         
           INFO     Inserted 80 probe_fmod_values records for                   
                    017_fourU_A8C_15c_b_5_p (GAmodrate).                        
           INFO     Wrote per-read histogram for 017_fourU_A8C_15c_b_5_p        
                    (Modified) to                                               
                    examples/all_mutcounts/mut_count/mut_count___cfg-41d70fd/art
                    ifacts/017_fourU_A8C_15c_b_5_p/per_read_histogram.txt       
           INFO     Wrote per-read histogram for 017_fourU_A8C_15c_b_5_p (GA) to
                    examples/all_mutcounts/mut_count/mut_count___cfg-41d70fd/art
                    ifacts/017_fourU_A8C_15c_b_5_p/per_read_histogram.txtga     
           INFO     Found ShapeMapper profile for 018_fourU_A8C_15c_b_6_p at    
                    examples/all_mutcounts/mut_count/mut_count___cfg-41d70fd/art
                    ifacts/018_fourU_A8C_15c_b_6_p/018_fourU_A8C_15c_b_6_p_018_f
                    ourU_A8C_15c_b_6_p_profile.txt                              
           INFO     Inserted probe_fmod_run for sample ID 605 (Run ID: 313)     
           INFO     Inserted probe_fmod_run 313 for sample                      
                    018_fourU_A8C_15c_b_6_p                                     
           INFO     Bulk inserted 80 fmod_vals records.                         
           INFO     Inserted 80 probe_fmod_values records for                   
                    018_fourU_A8C_15c_b_6_p (modrate).                          
           INFO     Bulk inserted 80 fmod_vals records.                         
           INFO     Inserted 80 probe_fmod_values records for                   
                    018_fourU_A8C_15c_b_6_p (GAmodrate).                        
           INFO     Wrote per-read histogram for 018_fourU_A8C_15c_b_6_p        
                    (Modified) to                                               
                    examples/all_mutcounts/mut_count/mut_count___cfg-41d70fd/art
                    ifacts/018_fourU_A8C_15c_b_6_p/per_read_histogram.txt       
           INFO     Wrote per-read histogram for 018_fourU_A8C_15c_b_6_p (GA) to
                    examples/all_mutcounts/mut_count/mut_count___cfg-41d70fd/art
                    ifacts/018_fourU_A8C_15c_b_6_p/per_read_histogram.txtga     
           INFO     Found ShapeMapper profile for 058_fourU_A8C15c_b_6_m at     
                    examples/all_mutcounts/mut_count/mut_count___cfg-41d70fd/art
                    ifacts/058_fourU_A8C15c_b_6_m/058_fourU_A8C15c_b_6_m_058_fou
                    rU_A8C15c_b_6_m_profile.txt                                 
           INFO     Inserted probe_fmod_run for sample ID 741 (Run ID: 314)     
           INFO     Inserted probe_fmod_run 314 for sample                      
                    058_fourU_A8C15c_b_6_m                                      
           INFO     Bulk inserted 80 fmod_vals records.                         
           INFO     Inserted 80 probe_fmod_values records for                   
                    058_fourU_A8C15c_b_6_m (modrate).                           
           INFO     Bulk inserted 80 fmod_vals records.                         
           INFO     Inserted 80 probe_fmod_values records for                   
                    058_fourU_A8C15c_b_6_m (GAmodrate).                         
           INFO     Wrote per-read histogram for 058_fourU_A8C15c_b_6_m         
                    (Modified) to                                               
                    examples/all_mutcounts/mut_count/mut_count___cfg-41d70fd/art
                    ifacts/058_fourU_A8C15c_b_6_m/per_read_histogram.txt        
           INFO     Wrote per-read histogram for 058_fourU_A8C15c_b_6_m (GA) to 
                    examples/all_mutcounts/mut_count/mut_count___cfg-41d70fd/art
                    ifacts/058_fourU_A8C15c_b_6_m/per_read_histogram.txtga      
           INFO     mut_count completed. Profiles found for 8/8 samples;        
                    ingested 8 run(s).                                          
           INFO     Finished task ID 14 with state 'completed'                  
           INFO     Task 'mut_count' (ID: 14) completed successfully.           
           INFO     Updated 'latest' symlink for task 'mut_count' to point to   
                    /gpfs/projects/b1044/Computational_Output/EKC/EKC.01_SHAPE_s
                    tandardization/EKC.01.065.refactoring_data_analysis/nerd/exa
                    mples/all_mutcounts/mut_count/mut_count___cfg-41d70fd       
