[18:00:39] INFO     Executing 'run' command for step: 'mut_count'               
[18:00:39] INFO     Database schema initialized successfully.                   
           INFO     Created run directory:                                      
                    examples/all_mutcounts/mut_count/mut_count___cfg-3f336f6    
           INFO     Executing task 'mut_count' in run directory:                
                    examples/all_mutcounts/mut_count/mut_count___cfg-3f336f6    
           INFO     Resolved reaction_group 80_2_A8C to 7 sample(s).            
           INFO     Began task 'mut_count' (ID: 131) for rg:31                  
                    (cfg=3f336f6e9422dea831325b73cdd64c22de8264ca64e71161ec5f8e4
                    7d310e43b)                                                  
           INFO     Starting command (backend=local) in                         
                    examples/all_mutcounts/mut_count/mut_count___cfg-3f336f6    
           INFO     Executing command locally. Log file:                        
                    examples/all_mutcounts/mut_count/mut_count___cfg-3f336f6/com
                    mand.log                                                    
[18:04:24] INFO     Command finished with exit code: 0                          
           INFO     Logged attempt #1 for task ID 131 (Attempt ID: 118)         
           INFO     Command completed successfully. Consuming outputs.          
           INFO     Found ShapeMapper profile for 043-EKC-A8C-80c-b-1-p at      
                    examples/all_mutcounts/mut_count/mut_count___cfg-3f336f6/art
                    ifacts/043-EKC-A8C-80c-b-1-p/043-EKC-A8C-80c-b-1-p_043-EKC-A
                    8C-80c-b-1-p_profile.txt                                    
           INFO     Inserted probe_fmod_run for sample ID 438 (Run ID: 919)     
           INFO     Inserted probe_fmod_run 919 for sample 043-EKC-A8C-80c-b-1-p
           INFO     Bulk inserted 80 fmod_vals records.                         
           INFO     Inserted 80 probe_fmod_values records for                   
                    043-EKC-A8C-80c-b-1-p (modrate).                            
           INFO     Bulk inserted 80 fmod_vals records.                         
           INFO     Inserted 80 probe_fmod_values records for                   
                    043-EKC-A8C-80c-b-1-p (GAmodrate).                          
           INFO     Wrote per-read histogram for 043-EKC-A8C-80c-b-1-p          
                    (Modified) to                                               
                    examples/all_mutcounts/mut_count/mut_count___cfg-3f336f6/art
                    ifacts/043-EKC-A8C-80c-b-1-p/per_read_histogram.txt         
           INFO     Wrote per-read histogram for 043-EKC-A8C-80c-b-1-p (GA) to  
                    examples/all_mutcounts/mut_count/mut_count___cfg-3f336f6/art
                    ifacts/043-EKC-A8C-80c-b-1-p/per_read_histogram.txtga       
           INFO     Found ShapeMapper profile for 044-EKC-A8C-80c-b-2-p at      
                    examples/all_mutcounts/mut_count/mut_count___cfg-3f336f6/art
                    ifacts/044-EKC-A8C-80c-b-2-p/044-EKC-A8C-80c-b-2-p_044-EKC-A
                    8C-80c-b-2-p_profile.txt                                    
           INFO     Inserted probe_fmod_run for sample ID 439 (Run ID: 920)     
           INFO     Inserted probe_fmod_run 920 for sample 044-EKC-A8C-80c-b-2-p
           INFO     Bulk inserted 80 fmod_vals records.                         
           INFO     Inserted 80 probe_fmod_values records for                   
                    044-EKC-A8C-80c-b-2-p (modrate).                            
           INFO     Bulk inserted 80 fmod_vals records.                         
           INFO     Inserted 80 probe_fmod_values records for                   
                    044-EKC-A8C-80c-b-2-p (GAmodrate).                          
           INFO     Wrote per-read histogram for 044-EKC-A8C-80c-b-2-p          
                    (Modified) to                                               
                    examples/all_mutcounts/mut_count/mut_count___cfg-3f336f6/art
                    ifacts/044-EKC-A8C-80c-b-2-p/per_read_histogram.txt         
           INFO     Wrote per-read histogram for 044-EKC-A8C-80c-b-2-p (GA) to  
                    examples/all_mutcounts/mut_count/mut_count___cfg-3f336f6/art
                    ifacts/044-EKC-A8C-80c-b-2-p/per_read_histogram.txtga       
           INFO     Found ShapeMapper profile for 045-EKC-A8C-80c-b-3-p at      
                    examples/all_mutcounts/mut_count/mut_count___cfg-3f336f6/art
                    ifacts/045-EKC-A8C-80c-b-3-p/045-EKC-A8C-80c-b-3-p_045-EKC-A
                    8C-80c-b-3-p_profile.txt                                    
           INFO     Inserted probe_fmod_run for sample ID 440 (Run ID: 921)     
           INFO     Inserted probe_fmod_run 921 for sample 045-EKC-A8C-80c-b-3-p
           INFO     Bulk inserted 80 fmod_vals records.                         
           INFO     Inserted 80 probe_fmod_values records for                   
                    045-EKC-A8C-80c-b-3-p (modrate).                            
           INFO     Bulk inserted 80 fmod_vals records.                         
           INFO     Inserted 80 probe_fmod_values records for                   
                    045-EKC-A8C-80c-b-3-p (GAmodrate).                          
           INFO     Wrote per-read histogram for 045-EKC-A8C-80c-b-3-p          
                    (Modified) to                                               
                    examples/all_mutcounts/mut_count/mut_count___cfg-3f336f6/art
                    ifacts/045-EKC-A8C-80c-b-3-p/per_read_histogram.txt         
           INFO     Wrote per-read histogram for 045-EKC-A8C-80c-b-3-p (GA) to  
                    examples/all_mutcounts/mut_count/mut_count___cfg-3f336f6/art
                    ifacts/045-EKC-A8C-80c-b-3-p/per_read_histogram.txtga       
           INFO     Found ShapeMapper profile for 046-EKC-A8C-80c-b-4-p at      
                    examples/all_mutcounts/mut_count/mut_count___cfg-3f336f6/art
                    ifacts/046-EKC-A8C-80c-b-4-p/046-EKC-A8C-80c-b-4-p_046-EKC-A
                    8C-80c-b-4-p_profile.txt                                    
           INFO     Inserted probe_fmod_run for sample ID 441 (Run ID: 922)     
           INFO     Inserted probe_fmod_run 922 for sample 046-EKC-A8C-80c-b-4-p
           INFO     Bulk inserted 80 fmod_vals records.                         
           INFO     Inserted 80 probe_fmod_values records for                   
                    046-EKC-A8C-80c-b-4-p (modrate).                            
           INFO     Bulk inserted 80 fmod_vals records.                         
           INFO     Inserted 80 probe_fmod_values records for                   
                    046-EKC-A8C-80c-b-4-p (GAmodrate).                          
           INFO     Wrote per-read histogram for 046-EKC-A8C-80c-b-4-p          
                    (Modified) to                                               
                    examples/all_mutcounts/mut_count/mut_count___cfg-3f336f6/art
                    ifacts/046-EKC-A8C-80c-b-4-p/per_read_histogram.txt         
           INFO     Wrote per-read histogram for 046-EKC-A8C-80c-b-4-p (GA) to  
                    examples/all_mutcounts/mut_count/mut_count___cfg-3f336f6/art
                    ifacts/046-EKC-A8C-80c-b-4-p/per_read_histogram.txtga       
           INFO     Found ShapeMapper profile for 047-EKC-A8C-80c-b-5-p at      
                    examples/all_mutcounts/mut_count/mut_count___cfg-3f336f6/art
                    ifacts/047-EKC-A8C-80c-b-5-p/047-EKC-A8C-80c-b-5-p_047-EKC-A
                    8C-80c-b-5-p_profile.txt                                    
           INFO     Inserted probe_fmod_run for sample ID 442 (Run ID: 923)     
           INFO     Inserted probe_fmod_run 923 for sample 047-EKC-A8C-80c-b-5-p
           INFO     Bulk inserted 80 fmod_vals records.                         
           INFO     Inserted 80 probe_fmod_values records for                   
                    047-EKC-A8C-80c-b-5-p (modrate).                            
           INFO     Bulk inserted 80 fmod_vals records.                         
           INFO     Inserted 80 probe_fmod_values records for                   
                    047-EKC-A8C-80c-b-5-p (GAmodrate).                          
           INFO     Wrote per-read histogram for 047-EKC-A8C-80c-b-5-p          
                    (Modified) to                                               
                    examples/all_mutcounts/mut_count/mut_count___cfg-3f336f6/art
                    ifacts/047-EKC-A8C-80c-b-5-p/per_read_histogram.txt         
           INFO     Wrote per-read histogram for 047-EKC-A8C-80c-b-5-p (GA) to  
                    examples/all_mutcounts/mut_count/mut_count___cfg-3f336f6/art
                    ifacts/047-EKC-A8C-80c-b-5-p/per_read_histogram.txtga       
           INFO     Found ShapeMapper profile for 048-EKC-A8C-80c-b-6-m at      
                    examples/all_mutcounts/mut_count/mut_count___cfg-3f336f6/art
                    ifacts/048-EKC-A8C-80c-b-6-m/048-EKC-A8C-80c-b-6-m_048-EKC-A
                    8C-80c-b-6-m_profile.txt                                    
           INFO     Inserted probe_fmod_run for sample ID 353 (Run ID: 924)     
           INFO     Inserted probe_fmod_run 924 for sample 048-EKC-A8C-80c-b-6-m
           INFO     Bulk inserted 80 fmod_vals records.                         
           INFO     Inserted 80 probe_fmod_values records for                   
                    048-EKC-A8C-80c-b-6-m (modrate).                            
           INFO     Bulk inserted 80 fmod_vals records.                         
           INFO     Inserted 80 probe_fmod_values records for                   
                    048-EKC-A8C-80c-b-6-m (GAmodrate).                          
           INFO     Wrote per-read histogram for 048-EKC-A8C-80c-b-6-m          
                    (Modified) to                                               
                    examples/all_mutcounts/mut_count/mut_count___cfg-3f336f6/art
                    ifacts/048-EKC-A8C-80c-b-6-m/per_read_histogram.txt         
           INFO     Wrote per-read histogram for 048-EKC-A8C-80c-b-6-m (GA) to  
                    examples/all_mutcounts/mut_count/mut_count___cfg-3f336f6/art
                    ifacts/048-EKC-A8C-80c-b-6-m/per_read_histogram.txtga       
           INFO     Found ShapeMapper profile for 048-EKC-A8C-80c-b-6-p at      
                    examples/all_mutcounts/mut_count/mut_count___cfg-3f336f6/art
                    ifacts/048-EKC-A8C-80c-b-6-p/048-EKC-A8C-80c-b-6-p_048-EKC-A
                    8C-80c-b-6-p_profile.txt                                    
           INFO     Inserted probe_fmod_run for sample ID 443 (Run ID: 925)     
           INFO     Inserted probe_fmod_run 925 for sample 048-EKC-A8C-80c-b-6-p
           INFO     Bulk inserted 80 fmod_vals records.                         
           INFO     Inserted 80 probe_fmod_values records for                   
                    048-EKC-A8C-80c-b-6-p (modrate).                            
           INFO     Bulk inserted 80 fmod_vals records.                         
           INFO     Inserted 80 probe_fmod_values records for                   
                    048-EKC-A8C-80c-b-6-p (GAmodrate).                          
           INFO     Wrote per-read histogram for 048-EKC-A8C-80c-b-6-p          
                    (Modified) to                                               
                    examples/all_mutcounts/mut_count/mut_count___cfg-3f336f6/art
                    ifacts/048-EKC-A8C-80c-b-6-p/per_read_histogram.txt         
           INFO     Wrote per-read histogram for 048-EKC-A8C-80c-b-6-p (GA) to  
                    examples/all_mutcounts/mut_count/mut_count___cfg-3f336f6/art
                    ifacts/048-EKC-A8C-80c-b-6-p/per_read_histogram.txtga       
           INFO     mut_count completed. Profiles found for 7/7 samples;        
                    ingested 7 run(s).                                          
           INFO     Finished task ID 131 with state 'completed'                 
           INFO     Task 'mut_count' (ID: 131) completed successfully.          
           INFO     Updated 'latest' symlink for task 'mut_count' to point to   
                    /gpfs/projects/b1044/Computational_Output/EKC/EKC.01_SHAPE_s
                    tandardization/EKC.01.065.refactoring_data_analysis/nerd/exa
                    mples/all_mutcounts/mut_count/mut_count___cfg-3f336f6       
