[13:55:16] INFO     Executing 'run' command for step: 'mut_count'               
[13:55:16] INFO     Database schema initialized successfully.                   
           INFO     Created run directory:                                      
                    examples/all_mutcounts/mut_count/mut_count___cfg-5af1b19    
           INFO     Executing task 'mut_count' in run directory:                
                    examples/all_mutcounts/mut_count/mut_count___cfg-5af1b19    
           INFO     Resolved reaction_group 15_1_A8C to 8 sample(s).            
           INFO     Began task 'mut_count' (ID: 12) for rg:59                   
                    (cfg=5af1b19e7ef4fcda7831069fb59c666a63ecf4e1f7ec85c3351df61
                    9c3a56e64)                                                  
           INFO     Starting command (backend=local) in                         
                    examples/all_mutcounts/mut_count/mut_count___cfg-5af1b19    
           INFO     Executing command locally. Log file:                        
                    examples/all_mutcounts/mut_count/mut_count___cfg-5af1b19/com
                    mand.log                                                    
[15:58:41] INFO     Command finished with exit code: 0                          
           INFO     Logged attempt #1 for task ID 12 (Attempt ID: 46)           
           INFO     Command completed successfully. Consuming outputs.          
           INFO     Found ShapeMapper profile for 001_fourU_A8C_15c_a_1_p at    
                    examples/all_mutcounts/mut_count/mut_count___cfg-5af1b19/art
                    ifacts/001_fourU_A8C_15c_a_1_p/001_fourU_A8C_15c_a_1_p_001_f
                    ourU_A8C_15c_a_1_p_profile.txt                              
           INFO     Inserted probe_fmod_run for sample ID 588 (Run ID: 337)     
           INFO     Inserted probe_fmod_run 337 for sample                      
                    001_fourU_A8C_15c_a_1_p                                     
           INFO     Bulk inserted 80 fmod_vals records.                         
           INFO     Inserted 80 probe_fmod_values records for                   
                    001_fourU_A8C_15c_a_1_p (modrate).                          
           INFO     Bulk inserted 80 fmod_vals records.                         
           INFO     Inserted 80 probe_fmod_values records for                   
                    001_fourU_A8C_15c_a_1_p (GAmodrate).                        
           INFO     Wrote per-read histogram for 001_fourU_A8C_15c_a_1_p        
                    (Modified) to                                               
                    examples/all_mutcounts/mut_count/mut_count___cfg-5af1b19/art
                    ifacts/001_fourU_A8C_15c_a_1_p/per_read_histogram.txt       
           INFO     Wrote per-read histogram for 001_fourU_A8C_15c_a_1_p (GA) to
                    examples/all_mutcounts/mut_count/mut_count___cfg-5af1b19/art
                    ifacts/001_fourU_A8C_15c_a_1_p/per_read_histogram.txtga     
           INFO     Found ShapeMapper profile for 002_fourU_A8C_15c_a_2_p at    
                    examples/all_mutcounts/mut_count/mut_count___cfg-5af1b19/art
                    ifacts/002_fourU_A8C_15c_a_2_p/002_fourU_A8C_15c_a_2_p_002_f
                    ourU_A8C_15c_a_2_p_profile.txt                              
           INFO     Inserted probe_fmod_run for sample ID 589 (Run ID: 338)     
           INFO     Inserted probe_fmod_run 338 for sample                      
                    002_fourU_A8C_15c_a_2_p                                     
           INFO     Bulk inserted 80 fmod_vals records.                         
           INFO     Inserted 80 probe_fmod_values records for                   
                    002_fourU_A8C_15c_a_2_p (modrate).                          
           INFO     Bulk inserted 80 fmod_vals records.                         
           INFO     Inserted 80 probe_fmod_values records for                   
                    002_fourU_A8C_15c_a_2_p (GAmodrate).                        
           INFO     Wrote per-read histogram for 002_fourU_A8C_15c_a_2_p        
                    (Modified) to                                               
                    examples/all_mutcounts/mut_count/mut_count___cfg-5af1b19/art
                    ifacts/002_fourU_A8C_15c_a_2_p/per_read_histogram.txt       
           INFO     Wrote per-read histogram for 002_fourU_A8C_15c_a_2_p (GA) to
                    examples/all_mutcounts/mut_count/mut_count___cfg-5af1b19/art
                    ifacts/002_fourU_A8C_15c_a_2_p/per_read_histogram.txtga     
           INFO     Found ShapeMapper profile for 049_fourU_A8C15c_a_2_p at     
                    examples/all_mutcounts/mut_count/mut_count___cfg-5af1b19/art
                    ifacts/049_fourU_A8C15c_a_2_p/049_fourU_A8C15c_a_2_p_049_fou
                    rU_A8C15c_a_2_p_profile.txt                                 
           INFO     Inserted probe_fmod_run for sample ID 732 (Run ID: 339)     
           INFO     Inserted probe_fmod_run 339 for sample                      
                    049_fourU_A8C15c_a_2_p                                      
           INFO     Bulk inserted 80 fmod_vals records.                         
           INFO     Inserted 80 probe_fmod_values records for                   
                    049_fourU_A8C15c_a_2_p (modrate).                           
           INFO     Bulk inserted 80 fmod_vals records.                         
           INFO     Inserted 80 probe_fmod_values records for                   
                    049_fourU_A8C15c_a_2_p (GAmodrate).                         
           INFO     Wrote per-read histogram for 049_fourU_A8C15c_a_2_p         
                    (Modified) to                                               
                    examples/all_mutcounts/mut_count/mut_count___cfg-5af1b19/art
                    ifacts/049_fourU_A8C15c_a_2_p/per_read_histogram.txt        
           INFO     Wrote per-read histogram for 049_fourU_A8C15c_a_2_p (GA) to 
                    examples/all_mutcounts/mut_count/mut_count___cfg-5af1b19/art
                    ifacts/049_fourU_A8C15c_a_2_p/per_read_histogram.txtga      
           INFO     Found ShapeMapper profile for 003_fourU_A8C_15c_a_3_p at    
                    examples/all_mutcounts/mut_count/mut_count___cfg-5af1b19/art
                    ifacts/003_fourU_A8C_15c_a_3_p/003_fourU_A8C_15c_a_3_p_003_f
                    ourU_A8C_15c_a_3_p_profile.txt                              
           INFO     Inserted probe_fmod_run for sample ID 590 (Run ID: 340)     
           INFO     Inserted probe_fmod_run 340 for sample                      
                    003_fourU_A8C_15c_a_3_p                                     
           INFO     Bulk inserted 80 fmod_vals records.                         
           INFO     Inserted 80 probe_fmod_values records for                   
                    003_fourU_A8C_15c_a_3_p (modrate).                          
           INFO     Bulk inserted 80 fmod_vals records.                         
           INFO     Inserted 80 probe_fmod_values records for                   
                    003_fourU_A8C_15c_a_3_p (GAmodrate).                        
           INFO     Wrote per-read histogram for 003_fourU_A8C_15c_a_3_p        
                    (Modified) to                                               
                    examples/all_mutcounts/mut_count/mut_count___cfg-5af1b19/art
                    ifacts/003_fourU_A8C_15c_a_3_p/per_read_histogram.txt       
           INFO     Wrote per-read histogram for 003_fourU_A8C_15c_a_3_p (GA) to
                    examples/all_mutcounts/mut_count/mut_count___cfg-5af1b19/art
                    ifacts/003_fourU_A8C_15c_a_3_p/per_read_histogram.txtga     
           INFO     Found ShapeMapper profile for 004_fourU_A8C_15c_a_4_p at    
                    examples/all_mutcounts/mut_count/mut_count___cfg-5af1b19/art
                    ifacts/004_fourU_A8C_15c_a_4_p/004_fourU_A8C_15c_a_4_p_004_f
                    ourU_A8C_15c_a_4_p_profile.txt                              
           INFO     Inserted probe_fmod_run for sample ID 591 (Run ID: 341)     
           INFO     Inserted probe_fmod_run 341 for sample                      
                    004_fourU_A8C_15c_a_4_p                                     
           INFO     Bulk inserted 80 fmod_vals records.                         
           INFO     Inserted 80 probe_fmod_values records for                   
                    004_fourU_A8C_15c_a_4_p (modrate).                          
           INFO     Bulk inserted 80 fmod_vals records.                         
           INFO     Inserted 80 probe_fmod_values records for                   
                    004_fourU_A8C_15c_a_4_p (GAmodrate).                        
           INFO     Wrote per-read histogram for 004_fourU_A8C_15c_a_4_p        
                    (Modified) to                                               
                    examples/all_mutcounts/mut_count/mut_count___cfg-5af1b19/art
                    ifacts/004_fourU_A8C_15c_a_4_p/per_read_histogram.txt       
           INFO     Wrote per-read histogram for 004_fourU_A8C_15c_a_4_p (GA) to
                    examples/all_mutcounts/mut_count/mut_count___cfg-5af1b19/art
                    ifacts/004_fourU_A8C_15c_a_4_p/per_read_histogram.txtga     
           INFO     Found ShapeMapper profile for 005_fourU_A8C_15c_a_5_p at    
                    examples/all_mutcounts/mut_count/mut_count___cfg-5af1b19/art
                    ifacts/005_fourU_A8C_15c_a_5_p/005_fourU_A8C_15c_a_5_p_005_f
                    ourU_A8C_15c_a_5_p_profile.txt                              
           INFO     Inserted probe_fmod_run for sample ID 592 (Run ID: 342)     
           INFO     Inserted probe_fmod_run 342 for sample                      
                    005_fourU_A8C_15c_a_5_p                                     
           INFO     Bulk inserted 80 fmod_vals records.                         
           INFO     Inserted 80 probe_fmod_values records for                   
                    005_fourU_A8C_15c_a_5_p (modrate).                          
           INFO     Bulk inserted 80 fmod_vals records.                         
           INFO     Inserted 80 probe_fmod_values records for                   
                    005_fourU_A8C_15c_a_5_p (GAmodrate).                        
           INFO     Wrote per-read histogram for 005_fourU_A8C_15c_a_5_p        
                    (Modified) to                                               
                    examples/all_mutcounts/mut_count/mut_count___cfg-5af1b19/art
                    ifacts/005_fourU_A8C_15c_a_5_p/per_read_histogram.txt       
           INFO     Wrote per-read histogram for 005_fourU_A8C_15c_a_5_p (GA) to
                    examples/all_mutcounts/mut_count/mut_count___cfg-5af1b19/art
                    ifacts/005_fourU_A8C_15c_a_5_p/per_read_histogram.txtga     
           INFO     Found ShapeMapper profile for 006_fourU_A8C_15c_a_6_p at    
                    examples/all_mutcounts/mut_count/mut_count___cfg-5af1b19/art
                    ifacts/006_fourU_A8C_15c_a_6_p/006_fourU_A8C_15c_a_6_p_006_f
                    ourU_A8C_15c_a_6_p_profile.txt                              
           INFO     Inserted probe_fmod_run for sample ID 593 (Run ID: 343)     
           INFO     Inserted probe_fmod_run 343 for sample                      
                    006_fourU_A8C_15c_a_6_p                                     
           INFO     Bulk inserted 80 fmod_vals records.                         
           INFO     Inserted 80 probe_fmod_values records for                   
                    006_fourU_A8C_15c_a_6_p (modrate).                          
           INFO     Bulk inserted 80 fmod_vals records.                         
           INFO     Inserted 80 probe_fmod_values records for                   
                    006_fourU_A8C_15c_a_6_p (GAmodrate).                        
           INFO     Wrote per-read histogram for 006_fourU_A8C_15c_a_6_p        
                    (Modified) to                                               
                    examples/all_mutcounts/mut_count/mut_count___cfg-5af1b19/art
                    ifacts/006_fourU_A8C_15c_a_6_p/per_read_histogram.txt       
           INFO     Wrote per-read histogram for 006_fourU_A8C_15c_a_6_p (GA) to
                    examples/all_mutcounts/mut_count/mut_count___cfg-5af1b19/art
                    ifacts/006_fourU_A8C_15c_a_6_p/per_read_histogram.txtga     
           INFO     Found ShapeMapper profile for 052_fourU_A8C15c_a_6_m at     
                    examples/all_mutcounts/mut_count/mut_count___cfg-5af1b19/art
                    ifacts/052_fourU_A8C15c_a_6_m/052_fourU_A8C15c_a_6_m_052_fou
                    rU_A8C15c_a_6_m_profile.txt                                 
           INFO     Inserted probe_fmod_run for sample ID 735 (Run ID: 344)     
           INFO     Inserted probe_fmod_run 344 for sample                      
                    052_fourU_A8C15c_a_6_m                                      
           INFO     Bulk inserted 80 fmod_vals records.                         
           INFO     Inserted 80 probe_fmod_values records for                   
                    052_fourU_A8C15c_a_6_m (modrate).                           
           INFO     Bulk inserted 80 fmod_vals records.                         
           INFO     Inserted 80 probe_fmod_values records for                   
                    052_fourU_A8C15c_a_6_m (GAmodrate).                         
           INFO     Wrote per-read histogram for 052_fourU_A8C15c_a_6_m         
                    (Modified) to                                               
                    examples/all_mutcounts/mut_count/mut_count___cfg-5af1b19/art
                    ifacts/052_fourU_A8C15c_a_6_m/per_read_histogram.txt        
           INFO     Wrote per-read histogram for 052_fourU_A8C15c_a_6_m (GA) to 
                    examples/all_mutcounts/mut_count/mut_count___cfg-5af1b19/art
                    ifacts/052_fourU_A8C15c_a_6_m/per_read_histogram.txtga      
           INFO     mut_count completed. Profiles found for 8/8 samples;        
                    ingested 8 run(s).                                          
           INFO     Finished task ID 12 with state 'completed'                  
           INFO     Task 'mut_count' (ID: 12) completed successfully.           
           INFO     Updated 'latest' symlink for task 'mut_count' to point to   
                    /gpfs/projects/b1044/Computational_Output/EKC/EKC.01_SHAPE_s
                    tandardization/EKC.01.065.refactoring_data_analysis/nerd/exa
                    mples/all_mutcounts/mut_count/mut_count___cfg-5af1b19       
