[17:51:26] INFO     Executing 'run' command for step: 'mut_count'               
[17:51:26] INFO     Database schema initialized successfully.                   
           INFO     Created run directory:                                      
                    examples/all_mutcounts/mut_count/mut_count___cfg-dbee00d    
           INFO     Executing task 'mut_count' in run directory:                
                    examples/all_mutcounts/mut_count/mut_count___cfg-dbee00d    
           INFO     Resolved reaction_group 75_3 to 7 sample(s).                
           INFO     Began task 'mut_count' (ID: 117) for rg:47                  
                    (cfg=dbee00de6fc421a5ff134cd15d216787cd3d319d5a5763957c9110a
                    5655e8ab2)                                                  
           INFO     Starting command (backend=local) in                         
                    examples/all_mutcounts/mut_count/mut_count___cfg-dbee00d    
           INFO     Executing command locally. Log file:                        
                    examples/all_mutcounts/mut_count/mut_count___cfg-dbee00d/com
                    mand.log                                                    
[18:07:04] INFO     Command finished with exit code: 0                          
           INFO     Logged attempt #1 for task ID 117 (Attempt ID: 122)         
           INFO     Command completed successfully. Consuming outputs.          
           INFO     Found ShapeMapper profile for 025-fourU-WT-75c-a-1-p at     
                    examples/all_mutcounts/mut_count/mut_count___cfg-dbee00d/art
                    ifacts/025-fourU-WT-75c-a-1-p/025-fourU-WT-75c-a-1-p_025-fou
                    rU-WT-75c-a-1-p_profile.txt                                 
           INFO     Inserted probe_fmod_run for sample ID 516 (Run ID: 947)     
           INFO     Inserted probe_fmod_run 947 for sample                      
                    025-fourU-WT-75c-a-1-p                                      
           INFO     Bulk inserted 80 fmod_vals records.                         
           INFO     Inserted 80 probe_fmod_values records for                   
                    025-fourU-WT-75c-a-1-p (modrate).                           
           INFO     Bulk inserted 80 fmod_vals records.                         
           INFO     Inserted 80 probe_fmod_values records for                   
                    025-fourU-WT-75c-a-1-p (GAmodrate).                         
           INFO     Wrote per-read histogram for 025-fourU-WT-75c-a-1-p         
                    (Modified) to                                               
                    examples/all_mutcounts/mut_count/mut_count___cfg-dbee00d/art
                    ifacts/025-fourU-WT-75c-a-1-p/per_read_histogram.txt        
           INFO     Wrote per-read histogram for 025-fourU-WT-75c-a-1-p (GA) to 
                    examples/all_mutcounts/mut_count/mut_count___cfg-dbee00d/art
                    ifacts/025-fourU-WT-75c-a-1-p/per_read_histogram.txtga      
           INFO     Found ShapeMapper profile for 026-fourU-WT-75c-a-2-p at     
                    examples/all_mutcounts/mut_count/mut_count___cfg-dbee00d/art
                    ifacts/026-fourU-WT-75c-a-2-p/026-fourU-WT-75c-a-2-p_026-fou
                    rU-WT-75c-a-2-p_profile.txt                                 
           INFO     Inserted probe_fmod_run for sample ID 517 (Run ID: 948)     
           INFO     Inserted probe_fmod_run 948 for sample                      
                    026-fourU-WT-75c-a-2-p                                      
           INFO     Bulk inserted 80 fmod_vals records.                         
           INFO     Inserted 80 probe_fmod_values records for                   
                    026-fourU-WT-75c-a-2-p (modrate).                           
           INFO     Bulk inserted 80 fmod_vals records.                         
           INFO     Inserted 80 probe_fmod_values records for                   
                    026-fourU-WT-75c-a-2-p (GAmodrate).                         
           INFO     Wrote per-read histogram for 026-fourU-WT-75c-a-2-p         
                    (Modified) to                                               
                    examples/all_mutcounts/mut_count/mut_count___cfg-dbee00d/art
                    ifacts/026-fourU-WT-75c-a-2-p/per_read_histogram.txt        
           INFO     Wrote per-read histogram for 026-fourU-WT-75c-a-2-p (GA) to 
                    examples/all_mutcounts/mut_count/mut_count___cfg-dbee00d/art
                    ifacts/026-fourU-WT-75c-a-2-p/per_read_histogram.txtga      
           INFO     Found ShapeMapper profile for 027-fourU-WT-75c-a-3-p at     
                    examples/all_mutcounts/mut_count/mut_count___cfg-dbee00d/art
                    ifacts/027-fourU-WT-75c-a-3-p/027-fourU-WT-75c-a-3-p_027-fou
                    rU-WT-75c-a-3-p_profile.txt                                 
           INFO     Inserted probe_fmod_run for sample ID 518 (Run ID: 949)     
           INFO     Inserted probe_fmod_run 949 for sample                      
                    027-fourU-WT-75c-a-3-p                                      
           INFO     Bulk inserted 80 fmod_vals records.                         
           INFO     Inserted 80 probe_fmod_values records for                   
                    027-fourU-WT-75c-a-3-p (modrate).                           
           INFO     Bulk inserted 80 fmod_vals records.                         
           INFO     Inserted 80 probe_fmod_values records for                   
                    027-fourU-WT-75c-a-3-p (GAmodrate).                         
           INFO     Wrote per-read histogram for 027-fourU-WT-75c-a-3-p         
                    (Modified) to                                               
                    examples/all_mutcounts/mut_count/mut_count___cfg-dbee00d/art
                    ifacts/027-fourU-WT-75c-a-3-p/per_read_histogram.txt        
           INFO     Wrote per-read histogram for 027-fourU-WT-75c-a-3-p (GA) to 
                    examples/all_mutcounts/mut_count/mut_count___cfg-dbee00d/art
                    ifacts/027-fourU-WT-75c-a-3-p/per_read_histogram.txtga      
           INFO     Found ShapeMapper profile for 028-fourU-WT-75c-a-4-p at     
                    examples/all_mutcounts/mut_count/mut_count___cfg-dbee00d/art
                    ifacts/028-fourU-WT-75c-a-4-p/028-fourU-WT-75c-a-4-p_028-fou
                    rU-WT-75c-a-4-p_profile.txt                                 
           INFO     Inserted probe_fmod_run for sample ID 519 (Run ID: 950)     
           INFO     Inserted probe_fmod_run 950 for sample                      
                    028-fourU-WT-75c-a-4-p                                      
           INFO     Bulk inserted 80 fmod_vals records.                         
           INFO     Inserted 80 probe_fmod_values records for                   
                    028-fourU-WT-75c-a-4-p (modrate).                           
           INFO     Bulk inserted 80 fmod_vals records.                         
           INFO     Inserted 80 probe_fmod_values records for                   
                    028-fourU-WT-75c-a-4-p (GAmodrate).                         
           INFO     Wrote per-read histogram for 028-fourU-WT-75c-a-4-p         
                    (Modified) to                                               
                    examples/all_mutcounts/mut_count/mut_count___cfg-dbee00d/art
                    ifacts/028-fourU-WT-75c-a-4-p/per_read_histogram.txt        
           INFO     Wrote per-read histogram for 028-fourU-WT-75c-a-4-p (GA) to 
                    examples/all_mutcounts/mut_count/mut_count___cfg-dbee00d/art
                    ifacts/028-fourU-WT-75c-a-4-p/per_read_histogram.txtga      
           INFO     Found ShapeMapper profile for 029-fourU-WT-75c-a-5-p at     
                    examples/all_mutcounts/mut_count/mut_count___cfg-dbee00d/art
                    ifacts/029-fourU-WT-75c-a-5-p/029-fourU-WT-75c-a-5-p_029-fou
                    rU-WT-75c-a-5-p_profile.txt                                 
           INFO     Inserted probe_fmod_run for sample ID 520 (Run ID: 951)     
           INFO     Inserted probe_fmod_run 951 for sample                      
                    029-fourU-WT-75c-a-5-p                                      
           INFO     Bulk inserted 80 fmod_vals records.                         
           INFO     Inserted 80 probe_fmod_values records for                   
                    029-fourU-WT-75c-a-5-p (modrate).                           
           INFO     Bulk inserted 80 fmod_vals records.                         
           INFO     Inserted 80 probe_fmod_values records for                   
                    029-fourU-WT-75c-a-5-p (GAmodrate).                         
           INFO     Wrote per-read histogram for 029-fourU-WT-75c-a-5-p         
                    (Modified) to                                               
                    examples/all_mutcounts/mut_count/mut_count___cfg-dbee00d/art
                    ifacts/029-fourU-WT-75c-a-5-p/per_read_histogram.txt        
           INFO     Wrote per-read histogram for 029-fourU-WT-75c-a-5-p (GA) to 
                    examples/all_mutcounts/mut_count/mut_count___cfg-dbee00d/art
                    ifacts/029-fourU-WT-75c-a-5-p/per_read_histogram.txtga      
           INFO     Found ShapeMapper profile for 030-fourU-WT-75c-a-6-p at     
                    examples/all_mutcounts/mut_count/mut_count___cfg-dbee00d/art
                    ifacts/030-fourU-WT-75c-a-6-p/030-fourU-WT-75c-a-6-p_030-fou
                    rU-WT-75c-a-6-p_profile.txt                                 
           INFO     Inserted probe_fmod_run for sample ID 521 (Run ID: 952)     
           INFO     Inserted probe_fmod_run 952 for sample                      
                    030-fourU-WT-75c-a-6-p                                      
           INFO     Bulk inserted 80 fmod_vals records.                         
           INFO     Inserted 80 probe_fmod_values records for                   
                    030-fourU-WT-75c-a-6-p (modrate).                           
           INFO     Bulk inserted 80 fmod_vals records.                         
           INFO     Inserted 80 probe_fmod_values records for                   
                    030-fourU-WT-75c-a-6-p (GAmodrate).                         
           INFO     Wrote per-read histogram for 030-fourU-WT-75c-a-6-p         
                    (Modified) to                                               
                    examples/all_mutcounts/mut_count/mut_count___cfg-dbee00d/art
                    ifacts/030-fourU-WT-75c-a-6-p/per_read_histogram.txt        
           INFO     Wrote per-read histogram for 030-fourU-WT-75c-a-6-p (GA) to 
                    examples/all_mutcounts/mut_count/mut_count___cfg-dbee00d/art
                    ifacts/030-fourU-WT-75c-a-6-p/per_read_histogram.txtga      
           INFO     Found ShapeMapper profile for 078_fourU_WT75c_a_6_m at      
                    examples/all_mutcounts/mut_count/mut_count___cfg-dbee00d/art
                    ifacts/078_fourU_WT75c_a_6_m/078_fourU_WT75c_a_6_m_078_fourU
                    _WT75c_a_6_m_profile.txt                                    
           INFO     Inserted probe_fmod_run for sample ID 761 (Run ID: 953)     
           INFO     Inserted probe_fmod_run 953 for sample 078_fourU_WT75c_a_6_m
           INFO     Bulk inserted 80 fmod_vals records.                         
           INFO     Inserted 80 probe_fmod_values records for                   
                    078_fourU_WT75c_a_6_m (modrate).                            
           INFO     Bulk inserted 80 fmod_vals records.                         
           INFO     Inserted 80 probe_fmod_values records for                   
                    078_fourU_WT75c_a_6_m (GAmodrate).                          
           INFO     Wrote per-read histogram for 078_fourU_WT75c_a_6_m          
                    (Modified) to                                               
                    examples/all_mutcounts/mut_count/mut_count___cfg-dbee00d/art
                    ifacts/078_fourU_WT75c_a_6_m/per_read_histogram.txt         
           INFO     Wrote per-read histogram for 078_fourU_WT75c_a_6_m (GA) to  
                    examples/all_mutcounts/mut_count/mut_count___cfg-dbee00d/art
                    ifacts/078_fourU_WT75c_a_6_m/per_read_histogram.txtga       
           INFO     mut_count completed. Profiles found for 7/7 samples;        
                    ingested 7 run(s).                                          
           INFO     Finished task ID 117 with state 'completed'                 
           INFO     Task 'mut_count' (ID: 117) completed successfully.          
           INFO     Updated 'latest' symlink for task 'mut_count' to point to   
                    /gpfs/projects/b1044/Computational_Output/EKC/EKC.01_SHAPE_s
                    tandardization/EKC.01.065.refactoring_data_analysis/nerd/exa
                    mples/all_mutcounts/mut_count/mut_count___cfg-dbee00d       
