[14:10:43] INFO     Executing 'run' command for step: 'mut_count'               
[14:10:43] INFO     Database schema initialized successfully.                   
           INFO     Created run directory:                                      
                    examples/all_mutcounts/mut_count/mut_count___cfg-3687e1d    
           INFO     Executing task 'mut_count' in run directory:                
                    examples/all_mutcounts/mut_count/mut_count___cfg-3687e1d    
           INFO     Resolved reaction_group 25_1_14 to 7 sample(s).             
           INFO     Began task 'mut_count' (ID: 30) for rg:91                   
                    (cfg=3687e1d736e16bc5a1d4bbd8209c62ed3d199b85228aa516d80416c
                    9c66a1080)                                                  
           INFO     Starting command (backend=local) in                         
                    examples/all_mutcounts/mut_count/mut_count___cfg-3687e1d    
           INFO     Executing command locally. Log file:                        
                    examples/all_mutcounts/mut_count/mut_count___cfg-3687e1d/com
                    mand.log                                                    
[14:14:57] INFO     Command finished with exit code: 0                          
           INFO     Logged attempt #1 for task ID 30 (Attempt ID: 16)           
           INFO     Command completed successfully. Consuming outputs.          
           INFO     Found ShapeMapper profile for 049-HIV-UUCG-GS-25c-a-1-p at  
                    examples/all_mutcounts/mut_count/mut_count___cfg-3687e1d/art
                    ifacts/049-HIV-UUCG-GS-25c-a-1-p/049-HIV-UUCG-GS-25c-a-1-p_0
                    49-HIV-UUCG-GS-25c-a-1-p_profile.txt                        
           INFO     Inserted probe_fmod_run for sample ID 828 (Run ID: 100)     
           INFO     Inserted probe_fmod_run 100 for sample                      
                    049-HIV-UUCG-GS-25c-a-1-p                                   
           INFO     Bulk inserted 72 fmod_vals records.                         
           INFO     Inserted 72 probe_fmod_values records for                   
                    049-HIV-UUCG-GS-25c-a-1-p (modrate).                        
           INFO     Bulk inserted 72 fmod_vals records.                         
           INFO     Inserted 72 probe_fmod_values records for                   
                    049-HIV-UUCG-GS-25c-a-1-p (GAmodrate).                      
           INFO     Wrote per-read histogram for 049-HIV-UUCG-GS-25c-a-1-p      
                    (Modified) to                                               
                    examples/all_mutcounts/mut_count/mut_count___cfg-3687e1d/art
                    ifacts/049-HIV-UUCG-GS-25c-a-1-p/per_read_histogram.txt     
           INFO     Wrote per-read histogram for 049-HIV-UUCG-GS-25c-a-1-p (GA) 
                    to                                                          
                    examples/all_mutcounts/mut_count/mut_count___cfg-3687e1d/art
                    ifacts/049-HIV-UUCG-GS-25c-a-1-p/per_read_histogram.txtga   
           INFO     Found ShapeMapper profile for 050-HIV-UUCG-GS-25c-a-2-p at  
                    examples/all_mutcounts/mut_count/mut_count___cfg-3687e1d/art
                    ifacts/050-HIV-UUCG-GS-25c-a-2-p/050-HIV-UUCG-GS-25c-a-2-p_0
                    50-HIV-UUCG-GS-25c-a-2-p_profile.txt                        
           INFO     Inserted probe_fmod_run for sample ID 829 (Run ID: 101)     
           INFO     Inserted probe_fmod_run 101 for sample                      
                    050-HIV-UUCG-GS-25c-a-2-p                                   
           INFO     Bulk inserted 72 fmod_vals records.                         
           INFO     Inserted 72 probe_fmod_values records for                   
                    050-HIV-UUCG-GS-25c-a-2-p (modrate).                        
           INFO     Bulk inserted 72 fmod_vals records.                         
           INFO     Inserted 72 probe_fmod_values records for                   
                    050-HIV-UUCG-GS-25c-a-2-p (GAmodrate).                      
           INFO     Wrote per-read histogram for 050-HIV-UUCG-GS-25c-a-2-p      
                    (Modified) to                                               
                    examples/all_mutcounts/mut_count/mut_count___cfg-3687e1d/art
                    ifacts/050-HIV-UUCG-GS-25c-a-2-p/per_read_histogram.txt     
           INFO     Wrote per-read histogram for 050-HIV-UUCG-GS-25c-a-2-p (GA) 
                    to                                                          
                    examples/all_mutcounts/mut_count/mut_count___cfg-3687e1d/art
                    ifacts/050-HIV-UUCG-GS-25c-a-2-p/per_read_histogram.txtga   
           INFO     Found ShapeMapper profile for 051-HIV-UUCG-GS-25c-a-3-p at  
                    examples/all_mutcounts/mut_count/mut_count___cfg-3687e1d/art
                    ifacts/051-HIV-UUCG-GS-25c-a-3-p/051-HIV-UUCG-GS-25c-a-3-p_0
                    51-HIV-UUCG-GS-25c-a-3-p_profile.txt                        
           INFO     Inserted probe_fmod_run for sample ID 830 (Run ID: 102)     
           INFO     Inserted probe_fmod_run 102 for sample                      
                    051-HIV-UUCG-GS-25c-a-3-p                                   
           INFO     Bulk inserted 72 fmod_vals records.                         
           INFO     Inserted 72 probe_fmod_values records for                   
                    051-HIV-UUCG-GS-25c-a-3-p (modrate).                        
           INFO     Bulk inserted 72 fmod_vals records.                         
           INFO     Inserted 72 probe_fmod_values records for                   
                    051-HIV-UUCG-GS-25c-a-3-p (GAmodrate).                      
           INFO     Wrote per-read histogram for 051-HIV-UUCG-GS-25c-a-3-p      
                    (Modified) to                                               
                    examples/all_mutcounts/mut_count/mut_count___cfg-3687e1d/art
                    ifacts/051-HIV-UUCG-GS-25c-a-3-p/per_read_histogram.txt     
           INFO     Wrote per-read histogram for 051-HIV-UUCG-GS-25c-a-3-p (GA) 
                    to                                                          
                    examples/all_mutcounts/mut_count/mut_count___cfg-3687e1d/art
                    ifacts/051-HIV-UUCG-GS-25c-a-3-p/per_read_histogram.txtga   
           INFO     Found ShapeMapper profile for 052-HIV-UUCG-GS-25c-a-4-p at  
                    examples/all_mutcounts/mut_count/mut_count___cfg-3687e1d/art
                    ifacts/052-HIV-UUCG-GS-25c-a-4-p/052-HIV-UUCG-GS-25c-a-4-p_0
                    52-HIV-UUCG-GS-25c-a-4-p_profile.txt                        
           INFO     Inserted probe_fmod_run for sample ID 831 (Run ID: 103)     
           INFO     Inserted probe_fmod_run 103 for sample                      
                    052-HIV-UUCG-GS-25c-a-4-p                                   
           INFO     Bulk inserted 72 fmod_vals records.                         
           INFO     Inserted 72 probe_fmod_values records for                   
                    052-HIV-UUCG-GS-25c-a-4-p (modrate).                        
           INFO     Bulk inserted 72 fmod_vals records.                         
           INFO     Inserted 72 probe_fmod_values records for                   
                    052-HIV-UUCG-GS-25c-a-4-p (GAmodrate).                      
           INFO     Wrote per-read histogram for 052-HIV-UUCG-GS-25c-a-4-p      
                    (Modified) to                                               
                    examples/all_mutcounts/mut_count/mut_count___cfg-3687e1d/art
                    ifacts/052-HIV-UUCG-GS-25c-a-4-p/per_read_histogram.txt     
           INFO     Wrote per-read histogram for 052-HIV-UUCG-GS-25c-a-4-p (GA) 
                    to                                                          
                    examples/all_mutcounts/mut_count/mut_count___cfg-3687e1d/art
                    ifacts/052-HIV-UUCG-GS-25c-a-4-p/per_read_histogram.txtga   
           INFO     Found ShapeMapper profile for 053-HIV-UUCG-GS-25c-a-5-p at  
                    examples/all_mutcounts/mut_count/mut_count___cfg-3687e1d/art
                    ifacts/053-HIV-UUCG-GS-25c-a-5-p/053-HIV-UUCG-GS-25c-a-5-p_0
                    53-HIV-UUCG-GS-25c-a-5-p_profile.txt                        
           INFO     Inserted probe_fmod_run for sample ID 832 (Run ID: 104)     
           INFO     Inserted probe_fmod_run 104 for sample                      
                    053-HIV-UUCG-GS-25c-a-5-p                                   
           INFO     Bulk inserted 72 fmod_vals records.                         
           INFO     Inserted 72 probe_fmod_values records for                   
                    053-HIV-UUCG-GS-25c-a-5-p (modrate).                        
           INFO     Bulk inserted 72 fmod_vals records.                         
           INFO     Inserted 72 probe_fmod_values records for                   
                    053-HIV-UUCG-GS-25c-a-5-p (GAmodrate).                      
           INFO     Wrote per-read histogram for 053-HIV-UUCG-GS-25c-a-5-p      
                    (Modified) to                                               
                    examples/all_mutcounts/mut_count/mut_count___cfg-3687e1d/art
                    ifacts/053-HIV-UUCG-GS-25c-a-5-p/per_read_histogram.txt     
           INFO     Wrote per-read histogram for 053-HIV-UUCG-GS-25c-a-5-p (GA) 
                    to                                                          
                    examples/all_mutcounts/mut_count/mut_count___cfg-3687e1d/art
                    ifacts/053-HIV-UUCG-GS-25c-a-5-p/per_read_histogram.txtga   
           INFO     Found ShapeMapper profile for 054-HIV-UUCG-GS-25c-a-6-p at  
                    examples/all_mutcounts/mut_count/mut_count___cfg-3687e1d/art
                    ifacts/054-HIV-UUCG-GS-25c-a-6-p/054-HIV-UUCG-GS-25c-a-6-p_0
                    54-HIV-UUCG-GS-25c-a-6-p_profile.txt                        
           INFO     Inserted probe_fmod_run for sample ID 833 (Run ID: 105)     
           INFO     Inserted probe_fmod_run 105 for sample                      
                    054-HIV-UUCG-GS-25c-a-6-p                                   
           INFO     Bulk inserted 72 fmod_vals records.                         
           INFO     Inserted 72 probe_fmod_values records for                   
                    054-HIV-UUCG-GS-25c-a-6-p (modrate).                        
           INFO     Bulk inserted 72 fmod_vals records.                         
           INFO     Inserted 72 probe_fmod_values records for                   
                    054-HIV-UUCG-GS-25c-a-6-p (GAmodrate).                      
           INFO     Wrote per-read histogram for 054-HIV-UUCG-GS-25c-a-6-p      
                    (Modified) to                                               
                    examples/all_mutcounts/mut_count/mut_count___cfg-3687e1d/art
                    ifacts/054-HIV-UUCG-GS-25c-a-6-p/per_read_histogram.txt     
           INFO     Wrote per-read histogram for 054-HIV-UUCG-GS-25c-a-6-p (GA) 
                    to                                                          
                    examples/all_mutcounts/mut_count/mut_count___cfg-3687e1d/art
                    ifacts/054-HIV-UUCG-GS-25c-a-6-p/per_read_histogram.txtga   
           INFO     Found ShapeMapper profile for 057-HIV-UUCG-GS-25c-a-6-m at  
                    examples/all_mutcounts/mut_count/mut_count___cfg-3687e1d/art
                    ifacts/057-HIV-UUCG-GS-25c-a-6-m/057-HIV-UUCG-GS-25c-a-6-m_0
                    57-HIV-UUCG-GS-25c-a-6-m_profile.txt                        
           INFO     Inserted probe_fmod_run for sample ID 1028 (Run ID: 106)    
           INFO     Inserted probe_fmod_run 106 for sample                      
                    057-HIV-UUCG-GS-25c-a-6-m                                   
           INFO     Bulk inserted 72 fmod_vals records.                         
           INFO     Inserted 72 probe_fmod_values records for                   
                    057-HIV-UUCG-GS-25c-a-6-m (modrate).                        
           INFO     Bulk inserted 72 fmod_vals records.                         
           INFO     Inserted 72 probe_fmod_values records for                   
                    057-HIV-UUCG-GS-25c-a-6-m (GAmodrate).                      
           INFO     Wrote per-read histogram for 057-HIV-UUCG-GS-25c-a-6-m      
                    (Modified) to                                               
                    examples/all_mutcounts/mut_count/mut_count___cfg-3687e1d/art
                    ifacts/057-HIV-UUCG-GS-25c-a-6-m/per_read_histogram.txt     
           INFO     Wrote per-read histogram for 057-HIV-UUCG-GS-25c-a-6-m (GA) 
                    to                                                          
                    examples/all_mutcounts/mut_count/mut_count___cfg-3687e1d/art
                    ifacts/057-HIV-UUCG-GS-25c-a-6-m/per_read_histogram.txtga   
           INFO     mut_count completed. Profiles found for 7/7 samples;        
                    ingested 7 run(s).                                          
           INFO     Finished task ID 30 with state 'completed'                  
           INFO     Task 'mut_count' (ID: 30) completed successfully.           
           INFO     Updated 'latest' symlink for task 'mut_count' to point to   
                    /gpfs/projects/b1044/Computational_Output/EKC/EKC.01_SHAPE_s
                    tandardization/EKC.01.065.refactoring_data_analysis/nerd/exa
                    mples/all_mutcounts/mut_count/mut_count___cfg-3687e1d       
