[17:22:00] INFO     Executing 'run' command for step: 'mut_count'               
[17:22:00] INFO     Database schema initialized successfully.                   
           INFO     Created run directory:                                      
                    examples/all_mutcounts/mut_count/mut_count___cfg-f5860c9    
           INFO     Executing task 'mut_count' in run directory:                
                    examples/all_mutcounts/mut_count/mut_count___cfg-f5860c9    
           INFO     Resolved reaction_group 7 to 7 sample(s).                   
           INFO     Began task 'mut_count' (ID: 86) for rg:129                  
                    (cfg=f5860c9dcfbfb72712c01c15d6252c2e2bde5af3c120584cc0402af
                    a693c3e86)                                                  
           INFO     Starting command (backend=local) in                         
                    examples/all_mutcounts/mut_count/mut_count___cfg-f5860c9    
           INFO     Executing command locally. Log file:                        
                    examples/all_mutcounts/mut_count/mut_count___cfg-f5860c9/com
                    mand.log                                                    
[17:26:45] INFO     Command finished with exit code: 0                          
           INFO     Logged attempt #1 for task ID 86 (Attempt ID: 70)           
           INFO     Command completed successfully. Consuming outputs.          
           INFO     Found ShapeMapper profile for                               
                    037_P4P6_WT_nobc_0mMMgMRTpH9_tp1_p at                       
                    examples/all_mutcounts/mut_count/mut_count___cfg-f5860c9/art
                    ifacts/037_P4P6_WT_nobc_0mMMgMRTpH9_tp1_p/037_P4P6_WT_nobc_0
                    mMMgMRTpH9_tp1_p_037_P4P6_WT_nobc_0mMMgMRTpH9_tp1_p_profile.
                    txt                                                         
           INFO     Inserted probe_fmod_run for sample ID 1096 (Run ID: 566)    
           INFO     Inserted probe_fmod_run 566 for sample                      
                    037_P4P6_WT_nobc_0mMMgMRTpH9_tp1_p                          
[17:26:46] INFO     Bulk inserted 212 fmod_vals records.                        
           INFO     Inserted 212 probe_fmod_values records for                  
                    037_P4P6_WT_nobc_0mMMgMRTpH9_tp1_p (modrate).               
           INFO     Bulk inserted 212 fmod_vals records.                        
           INFO     Inserted 212 probe_fmod_values records for                  
                    037_P4P6_WT_nobc_0mMMgMRTpH9_tp1_p (GAmodrate).             
           INFO     Wrote per-read histogram for                                
                    037_P4P6_WT_nobc_0mMMgMRTpH9_tp1_p (Modified) to            
                    examples/all_mutcounts/mut_count/mut_count___cfg-f5860c9/art
                    ifacts/037_P4P6_WT_nobc_0mMMgMRTpH9_tp1_p/per_read_histogram
                    .txt                                                        
           INFO     Wrote per-read histogram for                                
                    037_P4P6_WT_nobc_0mMMgMRTpH9_tp1_p (GA) to                  
                    examples/all_mutcounts/mut_count/mut_count___cfg-f5860c9/art
                    ifacts/037_P4P6_WT_nobc_0mMMgMRTpH9_tp1_p/per_read_histogram
                    .txtga                                                      
           INFO     Found ShapeMapper profile for                               
                    038_P4P6_WT_nobc_0mMMgMRTpH9_tp2_p at                       
                    examples/all_mutcounts/mut_count/mut_count___cfg-f5860c9/art
                    ifacts/038_P4P6_WT_nobc_0mMMgMRTpH9_tp2_p/038_P4P6_WT_nobc_0
                    mMMgMRTpH9_tp2_p_038_P4P6_WT_nobc_0mMMgMRTpH9_tp2_p_profile.
                    txt                                                         
           INFO     Inserted probe_fmod_run for sample ID 1097 (Run ID: 567)    
           INFO     Inserted probe_fmod_run 567 for sample                      
                    038_P4P6_WT_nobc_0mMMgMRTpH9_tp2_p                          
           INFO     Bulk inserted 212 fmod_vals records.                        
           INFO     Inserted 212 probe_fmod_values records for                  
                    038_P4P6_WT_nobc_0mMMgMRTpH9_tp2_p (modrate).               
           INFO     Bulk inserted 212 fmod_vals records.                        
           INFO     Inserted 212 probe_fmod_values records for                  
                    038_P4P6_WT_nobc_0mMMgMRTpH9_tp2_p (GAmodrate).             
           INFO     Wrote per-read histogram for                                
                    038_P4P6_WT_nobc_0mMMgMRTpH9_tp2_p (Modified) to            
                    examples/all_mutcounts/mut_count/mut_count___cfg-f5860c9/art
                    ifacts/038_P4P6_WT_nobc_0mMMgMRTpH9_tp2_p/per_read_histogram
                    .txt                                                        
           INFO     Wrote per-read histogram for                                
                    038_P4P6_WT_nobc_0mMMgMRTpH9_tp2_p (GA) to                  
                    examples/all_mutcounts/mut_count/mut_count___cfg-f5860c9/art
                    ifacts/038_P4P6_WT_nobc_0mMMgMRTpH9_tp2_p/per_read_histogram
                    .txtga                                                      
           INFO     Found ShapeMapper profile for                               
                    039_P4P6_WT_nobc_0mMMgMRTpH9_tp3_p at                       
                    examples/all_mutcounts/mut_count/mut_count___cfg-f5860c9/art
                    ifacts/039_P4P6_WT_nobc_0mMMgMRTpH9_tp3_p/039_P4P6_WT_nobc_0
                    mMMgMRTpH9_tp3_p_039_P4P6_WT_nobc_0mMMgMRTpH9_tp3_p_profile.
                    txt                                                         
           INFO     Inserted probe_fmod_run for sample ID 1098 (Run ID: 568)    
           INFO     Inserted probe_fmod_run 568 for sample                      
                    039_P4P6_WT_nobc_0mMMgMRTpH9_tp3_p                          
           INFO     Bulk inserted 212 fmod_vals records.                        
           INFO     Inserted 212 probe_fmod_values records for                  
                    039_P4P6_WT_nobc_0mMMgMRTpH9_tp3_p (modrate).               
           INFO     Bulk inserted 212 fmod_vals records.                        
           INFO     Inserted 212 probe_fmod_values records for                  
                    039_P4P6_WT_nobc_0mMMgMRTpH9_tp3_p (GAmodrate).             
           INFO     Wrote per-read histogram for                                
                    039_P4P6_WT_nobc_0mMMgMRTpH9_tp3_p (Modified) to            
                    examples/all_mutcounts/mut_count/mut_count___cfg-f5860c9/art
                    ifacts/039_P4P6_WT_nobc_0mMMgMRTpH9_tp3_p/per_read_histogram
                    .txt                                                        
           INFO     Wrote per-read histogram for                                
                    039_P4P6_WT_nobc_0mMMgMRTpH9_tp3_p (GA) to                  
                    examples/all_mutcounts/mut_count/mut_count___cfg-f5860c9/art
                    ifacts/039_P4P6_WT_nobc_0mMMgMRTpH9_tp3_p/per_read_histogram
                    .txtga                                                      
           INFO     Found ShapeMapper profile for                               
                    040_P4P6_WT_nobc_0mMMgMRTpH9_tp4_p at                       
                    examples/all_mutcounts/mut_count/mut_count___cfg-f5860c9/art
                    ifacts/040_P4P6_WT_nobc_0mMMgMRTpH9_tp4_p/040_P4P6_WT_nobc_0
                    mMMgMRTpH9_tp4_p_040_P4P6_WT_nobc_0mMMgMRTpH9_tp4_p_profile.
                    txt                                                         
           INFO     Inserted probe_fmod_run for sample ID 1099 (Run ID: 569)    
           INFO     Inserted probe_fmod_run 569 for sample                      
                    040_P4P6_WT_nobc_0mMMgMRTpH9_tp4_p                          
           INFO     Bulk inserted 212 fmod_vals records.                        
           INFO     Inserted 212 probe_fmod_values records for                  
                    040_P4P6_WT_nobc_0mMMgMRTpH9_tp4_p (modrate).               
           INFO     Bulk inserted 212 fmod_vals records.                        
           INFO     Inserted 212 probe_fmod_values records for                  
                    040_P4P6_WT_nobc_0mMMgMRTpH9_tp4_p (GAmodrate).             
           INFO     Wrote per-read histogram for                                
                    040_P4P6_WT_nobc_0mMMgMRTpH9_tp4_p (Modified) to            
                    examples/all_mutcounts/mut_count/mut_count___cfg-f5860c9/art
                    ifacts/040_P4P6_WT_nobc_0mMMgMRTpH9_tp4_p/per_read_histogram
                    .txt                                                        
           INFO     Wrote per-read histogram for                                
                    040_P4P6_WT_nobc_0mMMgMRTpH9_tp4_p (GA) to                  
                    examples/all_mutcounts/mut_count/mut_count___cfg-f5860c9/art
                    ifacts/040_P4P6_WT_nobc_0mMMgMRTpH9_tp4_p/per_read_histogram
                    .txtga                                                      
           INFO     Found ShapeMapper profile for                               
                    041_P4P6_WT_nobc_0mMMgMRTpH9_tp5_p at                       
                    examples/all_mutcounts/mut_count/mut_count___cfg-f5860c9/art
                    ifacts/041_P4P6_WT_nobc_0mMMgMRTpH9_tp5_p/041_P4P6_WT_nobc_0
                    mMMgMRTpH9_tp5_p_041_P4P6_WT_nobc_0mMMgMRTpH9_tp5_p_profile.
                    txt                                                         
           INFO     Inserted probe_fmod_run for sample ID 1100 (Run ID: 570)    
           INFO     Inserted probe_fmod_run 570 for sample                      
                    041_P4P6_WT_nobc_0mMMgMRTpH9_tp5_p                          
           INFO     Bulk inserted 212 fmod_vals records.                        
           INFO     Inserted 212 probe_fmod_values records for                  
                    041_P4P6_WT_nobc_0mMMgMRTpH9_tp5_p (modrate).               
           INFO     Bulk inserted 212 fmod_vals records.                        
           INFO     Inserted 212 probe_fmod_values records for                  
                    041_P4P6_WT_nobc_0mMMgMRTpH9_tp5_p (GAmodrate).             
           INFO     Wrote per-read histogram for                                
                    041_P4P6_WT_nobc_0mMMgMRTpH9_tp5_p (Modified) to            
                    examples/all_mutcounts/mut_count/mut_count___cfg-f5860c9/art
                    ifacts/041_P4P6_WT_nobc_0mMMgMRTpH9_tp5_p/per_read_histogram
                    .txt                                                        
           INFO     Wrote per-read histogram for                                
                    041_P4P6_WT_nobc_0mMMgMRTpH9_tp5_p (GA) to                  
                    examples/all_mutcounts/mut_count/mut_count___cfg-f5860c9/art
                    ifacts/041_P4P6_WT_nobc_0mMMgMRTpH9_tp5_p/per_read_histogram
                    .txtga                                                      
           INFO     Found ShapeMapper profile for                               
                    042_P4P6_WT_nobc_0mMMgMRTpH9_tp6_p at                       
                    examples/all_mutcounts/mut_count/mut_count___cfg-f5860c9/art
                    ifacts/042_P4P6_WT_nobc_0mMMgMRTpH9_tp6_p/042_P4P6_WT_nobc_0
                    mMMgMRTpH9_tp6_p_042_P4P6_WT_nobc_0mMMgMRTpH9_tp6_p_profile.
                    txt                                                         
           INFO     Inserted probe_fmod_run for sample ID 1101 (Run ID: 571)    
           INFO     Inserted probe_fmod_run 571 for sample                      
                    042_P4P6_WT_nobc_0mMMgMRTpH9_tp6_p                          
           INFO     Bulk inserted 212 fmod_vals records.                        
           INFO     Inserted 212 probe_fmod_values records for                  
                    042_P4P6_WT_nobc_0mMMgMRTpH9_tp6_p (modrate).               
           INFO     Bulk inserted 212 fmod_vals records.                        
           INFO     Inserted 212 probe_fmod_values records for                  
                    042_P4P6_WT_nobc_0mMMgMRTpH9_tp6_p (GAmodrate).             
           INFO     Wrote per-read histogram for                                
                    042_P4P6_WT_nobc_0mMMgMRTpH9_tp6_p (Modified) to            
                    examples/all_mutcounts/mut_count/mut_count___cfg-f5860c9/art
                    ifacts/042_P4P6_WT_nobc_0mMMgMRTpH9_tp6_p/per_read_histogram
                    .txt                                                        
           INFO     Wrote per-read histogram for                                
                    042_P4P6_WT_nobc_0mMMgMRTpH9_tp6_p (GA) to                  
                    examples/all_mutcounts/mut_count/mut_count___cfg-f5860c9/art
                    ifacts/042_P4P6_WT_nobc_0mMMgMRTpH9_tp6_p/per_read_histogram
                    .txtga                                                      
           INFO     Found ShapeMapper profile for                               
                    043_P4P6_WT_nobc_0mMMgMRTpH9_tp6_m at                       
                    examples/all_mutcounts/mut_count/mut_count___cfg-f5860c9/art
                    ifacts/043_P4P6_WT_nobc_0mMMgMRTpH9_tp6_m/043_P4P6_WT_nobc_0
                    mMMgMRTpH9_tp6_m_043_P4P6_WT_nobc_0mMMgMRTpH9_tp6_m_profile.
                    txt                                                         
           INFO     Inserted probe_fmod_run for sample ID 1102 (Run ID: 572)    
           INFO     Inserted probe_fmod_run 572 for sample                      
                    043_P4P6_WT_nobc_0mMMgMRTpH9_tp6_m                          
           INFO     Bulk inserted 212 fmod_vals records.                        
           INFO     Inserted 212 probe_fmod_values records for                  
                    043_P4P6_WT_nobc_0mMMgMRTpH9_tp6_m (modrate).               
           INFO     Bulk inserted 212 fmod_vals records.                        
           INFO     Inserted 212 probe_fmod_values records for                  
                    043_P4P6_WT_nobc_0mMMgMRTpH9_tp6_m (GAmodrate).             
           INFO     Wrote per-read histogram for                                
                    043_P4P6_WT_nobc_0mMMgMRTpH9_tp6_m (Modified) to            
                    examples/all_mutcounts/mut_count/mut_count___cfg-f5860c9/art
                    ifacts/043_P4P6_WT_nobc_0mMMgMRTpH9_tp6_m/per_read_histogram
                    .txt                                                        
           INFO     Wrote per-read histogram for                                
                    043_P4P6_WT_nobc_0mMMgMRTpH9_tp6_m (GA) to                  
                    examples/all_mutcounts/mut_count/mut_count___cfg-f5860c9/art
                    ifacts/043_P4P6_WT_nobc_0mMMgMRTpH9_tp6_m/per_read_histogram
                    .txtga                                                      
           INFO     mut_count completed. Profiles found for 7/7 samples;        
                    ingested 7 run(s).                                          
           INFO     Finished task ID 86 with state 'completed'                  
           INFO     Task 'mut_count' (ID: 86) completed successfully.           
           INFO     Updated 'latest' symlink for task 'mut_count' to point to   
                    /gpfs/projects/b1044/Computational_Output/EKC/EKC.01_SHAPE_s
                    tandardization/EKC.01.065.refactoring_data_analysis/nerd/exa
                    mples/all_mutcounts/mut_count/mut_count___cfg-f5860c9       
