[17:47:19] INFO     Executing 'run' command for step: 'mut_count'               
[17:47:19] INFO     Database schema initialized successfully.                   
           INFO     Created run directory:                                      
                    examples/all_mutcounts/mut_count/mut_count___cfg-f7b0f1a    
           INFO     Executing task 'mut_count' in run directory:                
                    examples/all_mutcounts/mut_count/mut_count___cfg-f7b0f1a    
           INFO     Resolved reaction_group 75_2 to 7 sample(s).                
           INFO     Began task 'mut_count' (ID: 110) for rg:19                  
                    (cfg=f7b0f1ae0136d4bff1aeb17a93e49e2a55b282746d8c06bf8f7bd8e
                    d2523410d)                                                  
           INFO     Starting command (backend=local) in                         
                    examples/all_mutcounts/mut_count/mut_count___cfg-f7b0f1a    
           INFO     Executing command locally. Log file:                        
                    examples/all_mutcounts/mut_count/mut_count___cfg-f7b0f1a/com
                    mand.log                                                    
[17:51:32] INFO     Command finished with exit code: 0                          
           INFO     Logged attempt #1 for task ID 110 (Attempt ID: 99)          
           INFO     Command completed successfully. Consuming outputs.          
           INFO     Found ShapeMapper profile for 019-EKC-WT-75c-b-1-p at       
                    examples/all_mutcounts/mut_count/mut_count___cfg-f7b0f1a/art
                    ifacts/019-EKC-WT-75c-b-1-p/019-EKC-WT-75c-b-1-p_019-EKC-WT-
                    75c-b-1-p_profile.txt                                       
           INFO     Inserted probe_fmod_run for sample ID 324 (Run ID: 786)     
           INFO     Inserted probe_fmod_run 786 for sample 019-EKC-WT-75c-b-1-p 
           INFO     Bulk inserted 80 fmod_vals records.                         
           INFO     Inserted 80 probe_fmod_values records for                   
                    019-EKC-WT-75c-b-1-p (modrate).                             
           INFO     Bulk inserted 80 fmod_vals records.                         
           INFO     Inserted 80 probe_fmod_values records for                   
                    019-EKC-WT-75c-b-1-p (GAmodrate).                           
           INFO     Wrote per-read histogram for 019-EKC-WT-75c-b-1-p (Modified)
                    to                                                          
                    examples/all_mutcounts/mut_count/mut_count___cfg-f7b0f1a/art
                    ifacts/019-EKC-WT-75c-b-1-p/per_read_histogram.txt          
           INFO     Wrote per-read histogram for 019-EKC-WT-75c-b-1-p (GA) to   
                    examples/all_mutcounts/mut_count/mut_count___cfg-f7b0f1a/art
                    ifacts/019-EKC-WT-75c-b-1-p/per_read_histogram.txtga        
           INFO     Found ShapeMapper profile for 020-EKC-WT-75c-b-2-p at       
                    examples/all_mutcounts/mut_count/mut_count___cfg-f7b0f1a/art
                    ifacts/020-EKC-WT-75c-b-2-p/020-EKC-WT-75c-b-2-p_020-EKC-WT-
                    75c-b-2-p_profile.txt                                       
           INFO     Inserted probe_fmod_run for sample ID 325 (Run ID: 787)     
           INFO     Inserted probe_fmod_run 787 for sample 020-EKC-WT-75c-b-2-p 
           INFO     Bulk inserted 80 fmod_vals records.                         
           INFO     Inserted 80 probe_fmod_values records for                   
                    020-EKC-WT-75c-b-2-p (modrate).                             
           INFO     Bulk inserted 80 fmod_vals records.                         
           INFO     Inserted 80 probe_fmod_values records for                   
                    020-EKC-WT-75c-b-2-p (GAmodrate).                           
           INFO     Wrote per-read histogram for 020-EKC-WT-75c-b-2-p (Modified)
                    to                                                          
                    examples/all_mutcounts/mut_count/mut_count___cfg-f7b0f1a/art
                    ifacts/020-EKC-WT-75c-b-2-p/per_read_histogram.txt          
           INFO     Wrote per-read histogram for 020-EKC-WT-75c-b-2-p (GA) to   
                    examples/all_mutcounts/mut_count/mut_count___cfg-f7b0f1a/art
                    ifacts/020-EKC-WT-75c-b-2-p/per_read_histogram.txtga        
           INFO     Found ShapeMapper profile for 021-EKC-WT-75c-b-3-p at       
                    examples/all_mutcounts/mut_count/mut_count___cfg-f7b0f1a/art
                    ifacts/021-EKC-WT-75c-b-3-p/021-EKC-WT-75c-b-3-p_021-EKC-WT-
                    75c-b-3-p_profile.txt                                       
           INFO     Inserted probe_fmod_run for sample ID 326 (Run ID: 788)     
           INFO     Inserted probe_fmod_run 788 for sample 021-EKC-WT-75c-b-3-p 
           INFO     Bulk inserted 80 fmod_vals records.                         
           INFO     Inserted 80 probe_fmod_values records for                   
                    021-EKC-WT-75c-b-3-p (modrate).                             
           INFO     Bulk inserted 80 fmod_vals records.                         
           INFO     Inserted 80 probe_fmod_values records for                   
                    021-EKC-WT-75c-b-3-p (GAmodrate).                           
           INFO     Wrote per-read histogram for 021-EKC-WT-75c-b-3-p (Modified)
                    to                                                          
                    examples/all_mutcounts/mut_count/mut_count___cfg-f7b0f1a/art
                    ifacts/021-EKC-WT-75c-b-3-p/per_read_histogram.txt          
           INFO     Wrote per-read histogram for 021-EKC-WT-75c-b-3-p (GA) to   
                    examples/all_mutcounts/mut_count/mut_count___cfg-f7b0f1a/art
                    ifacts/021-EKC-WT-75c-b-3-p/per_read_histogram.txtga        
           INFO     Found ShapeMapper profile for 022-EKC-WT-75c-b-4-p at       
                    examples/all_mutcounts/mut_count/mut_count___cfg-f7b0f1a/art
                    ifacts/022-EKC-WT-75c-b-4-p/022-EKC-WT-75c-b-4-p_022-EKC-WT-
                    75c-b-4-p_profile.txt                                       
           INFO     Inserted probe_fmod_run for sample ID 327 (Run ID: 789)     
           INFO     Inserted probe_fmod_run 789 for sample 022-EKC-WT-75c-b-4-p 
           INFO     Bulk inserted 80 fmod_vals records.                         
           INFO     Inserted 80 probe_fmod_values records for                   
                    022-EKC-WT-75c-b-4-p (modrate).                             
           INFO     Bulk inserted 80 fmod_vals records.                         
           INFO     Inserted 80 probe_fmod_values records for                   
                    022-EKC-WT-75c-b-4-p (GAmodrate).                           
           INFO     Wrote per-read histogram for 022-EKC-WT-75c-b-4-p (Modified)
                    to                                                          
                    examples/all_mutcounts/mut_count/mut_count___cfg-f7b0f1a/art
                    ifacts/022-EKC-WT-75c-b-4-p/per_read_histogram.txt          
           INFO     Wrote per-read histogram for 022-EKC-WT-75c-b-4-p (GA) to   
                    examples/all_mutcounts/mut_count/mut_count___cfg-f7b0f1a/art
                    ifacts/022-EKC-WT-75c-b-4-p/per_read_histogram.txtga        
           INFO     Found ShapeMapper profile for 023-EKC-WT-75c-b-5-p at       
                    examples/all_mutcounts/mut_count/mut_count___cfg-f7b0f1a/art
                    ifacts/023-EKC-WT-75c-b-5-p/023-EKC-WT-75c-b-5-p_023-EKC-WT-
                    75c-b-5-p_profile.txt                                       
           INFO     Inserted probe_fmod_run for sample ID 328 (Run ID: 790)     
           INFO     Inserted probe_fmod_run 790 for sample 023-EKC-WT-75c-b-5-p 
           INFO     Bulk inserted 80 fmod_vals records.                         
           INFO     Inserted 80 probe_fmod_values records for                   
                    023-EKC-WT-75c-b-5-p (modrate).                             
           INFO     Bulk inserted 80 fmod_vals records.                         
           INFO     Inserted 80 probe_fmod_values records for                   
                    023-EKC-WT-75c-b-5-p (GAmodrate).                           
           INFO     Wrote per-read histogram for 023-EKC-WT-75c-b-5-p (Modified)
                    to                                                          
                    examples/all_mutcounts/mut_count/mut_count___cfg-f7b0f1a/art
                    ifacts/023-EKC-WT-75c-b-5-p/per_read_histogram.txt          
           INFO     Wrote per-read histogram for 023-EKC-WT-75c-b-5-p (GA) to   
                    examples/all_mutcounts/mut_count/mut_count___cfg-f7b0f1a/art
                    ifacts/023-EKC-WT-75c-b-5-p/per_read_histogram.txtga        
           INFO     Found ShapeMapper profile for 024-EKC-WT-75c-b-6-p at       
                    examples/all_mutcounts/mut_count/mut_count___cfg-f7b0f1a/art
                    ifacts/024-EKC-WT-75c-b-6-p/024-EKC-WT-75c-b-6-p_024-EKC-WT-
                    75c-b-6-p_profile.txt                                       
           INFO     Inserted probe_fmod_run for sample ID 329 (Run ID: 791)     
           INFO     Inserted probe_fmod_run 791 for sample 024-EKC-WT-75c-b-6-p 
           INFO     Bulk inserted 80 fmod_vals records.                         
           INFO     Inserted 80 probe_fmod_values records for                   
                    024-EKC-WT-75c-b-6-p (modrate).                             
           INFO     Bulk inserted 80 fmod_vals records.                         
           INFO     Inserted 80 probe_fmod_values records for                   
                    024-EKC-WT-75c-b-6-p (GAmodrate).                           
           INFO     Wrote per-read histogram for 024-EKC-WT-75c-b-6-p (Modified)
                    to                                                          
                    examples/all_mutcounts/mut_count/mut_count___cfg-f7b0f1a/art
                    ifacts/024-EKC-WT-75c-b-6-p/per_read_histogram.txt          
           INFO     Wrote per-read histogram for 024-EKC-WT-75c-b-6-p (GA) to   
                    examples/all_mutcounts/mut_count/mut_count___cfg-f7b0f1a/art
                    ifacts/024-EKC-WT-75c-b-6-p/per_read_histogram.txtga        
           INFO     Found ShapeMapper profile for 041-EKC-WT-75c-b-6-m at       
                    examples/all_mutcounts/mut_count/mut_count___cfg-f7b0f1a/art
                    ifacts/041-EKC-WT-75c-b-6-m/041-EKC-WT-75c-b-6-m_041-EKC-WT-
                    75c-b-6-m_profile.txt                                       
           INFO     Inserted probe_fmod_run for sample ID 346 (Run ID: 792)     
           INFO     Inserted probe_fmod_run 792 for sample 041-EKC-WT-75c-b-6-m 
           INFO     Bulk inserted 80 fmod_vals records.                         
           INFO     Inserted 80 probe_fmod_values records for                   
                    041-EKC-WT-75c-b-6-m (modrate).                             
           INFO     Bulk inserted 80 fmod_vals records.                         
           INFO     Inserted 80 probe_fmod_values records for                   
                    041-EKC-WT-75c-b-6-m (GAmodrate).                           
           INFO     Wrote per-read histogram for 041-EKC-WT-75c-b-6-m (Modified)
                    to                                                          
                    examples/all_mutcounts/mut_count/mut_count___cfg-f7b0f1a/art
                    ifacts/041-EKC-WT-75c-b-6-m/per_read_histogram.txt          
           INFO     Wrote per-read histogram for 041-EKC-WT-75c-b-6-m (GA) to   
                    examples/all_mutcounts/mut_count/mut_count___cfg-f7b0f1a/art
                    ifacts/041-EKC-WT-75c-b-6-m/per_read_histogram.txtga        
           INFO     mut_count completed. Profiles found for 7/7 samples;        
                    ingested 7 run(s).                                          
           INFO     Finished task ID 110 with state 'completed'                 
           INFO     Task 'mut_count' (ID: 110) completed successfully.          
           INFO     Updated 'latest' symlink for task 'mut_count' to point to   
                    /gpfs/projects/b1044/Computational_Output/EKC/EKC.01_SHAPE_s
                    tandardization/EKC.01.065.refactoring_data_analysis/nerd/exa
                    mples/all_mutcounts/mut_count/mut_count___cfg-f7b0f1a       
