[17:39:08] INFO     Executing 'run' command for step: 'mut_count'               
[17:39:08] INFO     Database schema initialized successfully.                   
           INFO     Created run directory:                                      
                    examples/all_mutcounts/mut_count/mut_count___cfg-5b9fd70    
           INFO     Executing task 'mut_count' in run directory:                
                    examples/all_mutcounts/mut_count/mut_count___cfg-5b9fd70    
           INFO     Resolved reaction_group 70_2_A8C to 7 sample(s).            
           INFO     Began task 'mut_count' (ID: 100) for rg:27                  
                    (cfg=5b9fd70eda82a8938f8007a94d33f6a80f68960099cd5d9bba6bcc9
                    387a76554)                                                  
           INFO     Starting command (backend=local) in                         
                    examples/all_mutcounts/mut_count/mut_count___cfg-5b9fd70    
           INFO     Executing command locally. Log file:                        
                    examples/all_mutcounts/mut_count/mut_count___cfg-5b9fd70/com
                    mand.log                                                    
[17:43:14] INFO     Command finished with exit code: 0                          
           INFO     Logged attempt #1 for task ID 100 (Attempt ID: 87)          
           INFO     Command completed successfully. Consuming outputs.          
           INFO     Found ShapeMapper profile for 019-EKC-A8C-70c-b-1-p at      
                    examples/all_mutcounts/mut_count/mut_count___cfg-5b9fd70/art
                    ifacts/019-EKC-A8C-70c-b-1-p/019-EKC-A8C-70c-b-1-p_019-EKC-A
                    8C-70c-b-1-p_profile.txt                                    
           INFO     Inserted probe_fmod_run for sample ID 414 (Run ID: 685)     
           INFO     Inserted probe_fmod_run 685 for sample 019-EKC-A8C-70c-b-1-p
           INFO     Bulk inserted 80 fmod_vals records.                         
           INFO     Inserted 80 probe_fmod_values records for                   
                    019-EKC-A8C-70c-b-1-p (modrate).                            
           INFO     Bulk inserted 80 fmod_vals records.                         
           INFO     Inserted 80 probe_fmod_values records for                   
                    019-EKC-A8C-70c-b-1-p (GAmodrate).                          
           INFO     Wrote per-read histogram for 019-EKC-A8C-70c-b-1-p          
                    (Modified) to                                               
                    examples/all_mutcounts/mut_count/mut_count___cfg-5b9fd70/art
                    ifacts/019-EKC-A8C-70c-b-1-p/per_read_histogram.txt         
           INFO     Wrote per-read histogram for 019-EKC-A8C-70c-b-1-p (GA) to  
                    examples/all_mutcounts/mut_count/mut_count___cfg-5b9fd70/art
                    ifacts/019-EKC-A8C-70c-b-1-p/per_read_histogram.txtga       
           INFO     Found ShapeMapper profile for 020-EKC-A8C-70c-b-2-p at      
                    examples/all_mutcounts/mut_count/mut_count___cfg-5b9fd70/art
                    ifacts/020-EKC-A8C-70c-b-2-p/020-EKC-A8C-70c-b-2-p_020-EKC-A
                    8C-70c-b-2-p_profile.txt                                    
           INFO     Inserted probe_fmod_run for sample ID 415 (Run ID: 686)     
           INFO     Inserted probe_fmod_run 686 for sample 020-EKC-A8C-70c-b-2-p
           INFO     Bulk inserted 80 fmod_vals records.                         
           INFO     Inserted 80 probe_fmod_values records for                   
                    020-EKC-A8C-70c-b-2-p (modrate).                            
           INFO     Bulk inserted 80 fmod_vals records.                         
           INFO     Inserted 80 probe_fmod_values records for                   
                    020-EKC-A8C-70c-b-2-p (GAmodrate).                          
           INFO     Wrote per-read histogram for 020-EKC-A8C-70c-b-2-p          
                    (Modified) to                                               
                    examples/all_mutcounts/mut_count/mut_count___cfg-5b9fd70/art
                    ifacts/020-EKC-A8C-70c-b-2-p/per_read_histogram.txt         
           INFO     Wrote per-read histogram for 020-EKC-A8C-70c-b-2-p (GA) to  
                    examples/all_mutcounts/mut_count/mut_count___cfg-5b9fd70/art
                    ifacts/020-EKC-A8C-70c-b-2-p/per_read_histogram.txtga       
           INFO     Found ShapeMapper profile for 021-EKC-A8C-70c-b-3-p at      
                    examples/all_mutcounts/mut_count/mut_count___cfg-5b9fd70/art
                    ifacts/021-EKC-A8C-70c-b-3-p/021-EKC-A8C-70c-b-3-p_021-EKC-A
                    8C-70c-b-3-p_profile.txt                                    
           INFO     Inserted probe_fmod_run for sample ID 416 (Run ID: 687)     
           INFO     Inserted probe_fmod_run 687 for sample 021-EKC-A8C-70c-b-3-p
           INFO     Bulk inserted 80 fmod_vals records.                         
           INFO     Inserted 80 probe_fmod_values records for                   
                    021-EKC-A8C-70c-b-3-p (modrate).                            
           INFO     Bulk inserted 80 fmod_vals records.                         
           INFO     Inserted 80 probe_fmod_values records for                   
                    021-EKC-A8C-70c-b-3-p (GAmodrate).                          
           INFO     Wrote per-read histogram for 021-EKC-A8C-70c-b-3-p          
                    (Modified) to                                               
                    examples/all_mutcounts/mut_count/mut_count___cfg-5b9fd70/art
                    ifacts/021-EKC-A8C-70c-b-3-p/per_read_histogram.txt         
           INFO     Wrote per-read histogram for 021-EKC-A8C-70c-b-3-p (GA) to  
                    examples/all_mutcounts/mut_count/mut_count___cfg-5b9fd70/art
                    ifacts/021-EKC-A8C-70c-b-3-p/per_read_histogram.txtga       
           INFO     Found ShapeMapper profile for 022-EKC-A8C-70c-b-4-p at      
                    examples/all_mutcounts/mut_count/mut_count___cfg-5b9fd70/art
                    ifacts/022-EKC-A8C-70c-b-4-p/022-EKC-A8C-70c-b-4-p_022-EKC-A
                    8C-70c-b-4-p_profile.txt                                    
           INFO     Inserted probe_fmod_run for sample ID 417 (Run ID: 688)     
           INFO     Inserted probe_fmod_run 688 for sample 022-EKC-A8C-70c-b-4-p
           INFO     Bulk inserted 80 fmod_vals records.                         
           INFO     Inserted 80 probe_fmod_values records for                   
                    022-EKC-A8C-70c-b-4-p (modrate).                            
           INFO     Bulk inserted 80 fmod_vals records.                         
           INFO     Inserted 80 probe_fmod_values records for                   
                    022-EKC-A8C-70c-b-4-p (GAmodrate).                          
           INFO     Wrote per-read histogram for 022-EKC-A8C-70c-b-4-p          
                    (Modified) to                                               
                    examples/all_mutcounts/mut_count/mut_count___cfg-5b9fd70/art
                    ifacts/022-EKC-A8C-70c-b-4-p/per_read_histogram.txt         
           INFO     Wrote per-read histogram for 022-EKC-A8C-70c-b-4-p (GA) to  
                    examples/all_mutcounts/mut_count/mut_count___cfg-5b9fd70/art
                    ifacts/022-EKC-A8C-70c-b-4-p/per_read_histogram.txtga       
           INFO     Found ShapeMapper profile for 023-EKC-A8C-70c-b-5-p at      
                    examples/all_mutcounts/mut_count/mut_count___cfg-5b9fd70/art
                    ifacts/023-EKC-A8C-70c-b-5-p/023-EKC-A8C-70c-b-5-p_023-EKC-A
                    8C-70c-b-5-p_profile.txt                                    
           INFO     Inserted probe_fmod_run for sample ID 418 (Run ID: 689)     
           INFO     Inserted probe_fmod_run 689 for sample 023-EKC-A8C-70c-b-5-p
           INFO     Bulk inserted 80 fmod_vals records.                         
           INFO     Inserted 80 probe_fmod_values records for                   
                    023-EKC-A8C-70c-b-5-p (modrate).                            
           INFO     Bulk inserted 80 fmod_vals records.                         
           INFO     Inserted 80 probe_fmod_values records for                   
                    023-EKC-A8C-70c-b-5-p (GAmodrate).                          
           INFO     Wrote per-read histogram for 023-EKC-A8C-70c-b-5-p          
                    (Modified) to                                               
                    examples/all_mutcounts/mut_count/mut_count___cfg-5b9fd70/art
                    ifacts/023-EKC-A8C-70c-b-5-p/per_read_histogram.txt         
           INFO     Wrote per-read histogram for 023-EKC-A8C-70c-b-5-p (GA) to  
                    examples/all_mutcounts/mut_count/mut_count___cfg-5b9fd70/art
                    ifacts/023-EKC-A8C-70c-b-5-p/per_read_histogram.txtga       
           INFO     Found ShapeMapper profile for 024-EKC-A8C-70c-b-6-p at      
                    examples/all_mutcounts/mut_count/mut_count___cfg-5b9fd70/art
                    ifacts/024-EKC-A8C-70c-b-6-p/024-EKC-A8C-70c-b-6-p_024-EKC-A
                    8C-70c-b-6-p_profile.txt                                    
           INFO     Inserted probe_fmod_run for sample ID 419 (Run ID: 690)     
           INFO     Inserted probe_fmod_run 690 for sample 024-EKC-A8C-70c-b-6-p
           INFO     Bulk inserted 80 fmod_vals records.                         
           INFO     Inserted 80 probe_fmod_values records for                   
                    024-EKC-A8C-70c-b-6-p (modrate).                            
           INFO     Bulk inserted 80 fmod_vals records.                         
           INFO     Inserted 80 probe_fmod_values records for                   
                    024-EKC-A8C-70c-b-6-p (GAmodrate).                          
           INFO     Wrote per-read histogram for 024-EKC-A8C-70c-b-6-p          
                    (Modified) to                                               
                    examples/all_mutcounts/mut_count/mut_count___cfg-5b9fd70/art
                    ifacts/024-EKC-A8C-70c-b-6-p/per_read_histogram.txt         
           INFO     Wrote per-read histogram for 024-EKC-A8C-70c-b-6-p (GA) to  
                    examples/all_mutcounts/mut_count/mut_count___cfg-5b9fd70/art
                    ifacts/024-EKC-A8C-70c-b-6-p/per_read_histogram.txtga       
           INFO     Found ShapeMapper profile for 044-EKC-A8C-70c-b-6-m at      
                    examples/all_mutcounts/mut_count/mut_count___cfg-5b9fd70/art
                    ifacts/044-EKC-A8C-70c-b-6-m/044-EKC-A8C-70c-b-6-m_044-EKC-A
                    8C-70c-b-6-m_profile.txt                                    
           INFO     Inserted probe_fmod_run for sample ID 349 (Run ID: 691)     
           INFO     Inserted probe_fmod_run 691 for sample 044-EKC-A8C-70c-b-6-m
           INFO     Bulk inserted 80 fmod_vals records.                         
           INFO     Inserted 80 probe_fmod_values records for                   
                    044-EKC-A8C-70c-b-6-m (modrate).                            
           INFO     Bulk inserted 80 fmod_vals records.                         
           INFO     Inserted 80 probe_fmod_values records for                   
                    044-EKC-A8C-70c-b-6-m (GAmodrate).                          
           INFO     Wrote per-read histogram for 044-EKC-A8C-70c-b-6-m          
                    (Modified) to                                               
                    examples/all_mutcounts/mut_count/mut_count___cfg-5b9fd70/art
                    ifacts/044-EKC-A8C-70c-b-6-m/per_read_histogram.txt         
           INFO     Wrote per-read histogram for 044-EKC-A8C-70c-b-6-m (GA) to  
                    examples/all_mutcounts/mut_count/mut_count___cfg-5b9fd70/art
                    ifacts/044-EKC-A8C-70c-b-6-m/per_read_histogram.txtga       
           INFO     mut_count completed. Profiles found for 7/7 samples;        
                    ingested 7 run(s).                                          
           INFO     Finished task ID 100 with state 'completed'                 
           INFO     Task 'mut_count' (ID: 100) completed successfully.          
           INFO     Updated 'latest' symlink for task 'mut_count' to point to   
                    /gpfs/projects/b1044/Computational_Output/EKC/EKC.01_SHAPE_s
                    tandardization/EKC.01.065.refactoring_data_analysis/nerd/exa
                    mples/all_mutcounts/mut_count/mut_count___cfg-5b9fd70       
