[17:27:09] INFO     Executing 'run' command for step: 'mut_count'               
[17:27:09] INFO     Database schema initialized successfully.                   
           INFO     Created run directory:                                      
                    examples/all_mutcounts/mut_count/mut_count___cfg-1b22a1d    
           INFO     Executing task 'mut_count' in run directory:                
                    examples/all_mutcounts/mut_count/mut_count___cfg-1b22a1d    
           INFO     Resolved reaction_group 70_1_12 to 7 sample(s).             
           INFO     Began task 'mut_count' (ID: 89) for rg:117                  
                    (cfg=1b22a1dc3fe496b7e147f8216acd32f95469b3e1ede32ec2de559c9
                    5fc3d3e87)                                                  
           INFO     Starting command (backend=local) in                         
                    examples/all_mutcounts/mut_count/mut_count___cfg-1b22a1d    
           INFO     Executing command locally. Log file:                        
                    examples/all_mutcounts/mut_count/mut_count___cfg-1b22a1d/com
                    mand.log                                                    
[17:31:32] INFO     Command finished with exit code: 0                          
           INFO     Logged attempt #1 for task ID 89 (Attempt ID: 72)           
           INFO     Command completed successfully. Consuming outputs.          
           INFO     Found ShapeMapper profile for 013-HIV-C30U-70c-a-1-p at     
                    examples/all_mutcounts/mut_count/mut_count___cfg-1b22a1d/art
                    ifacts/013-HIV-C30U-70c-a-1-p/013-HIV-C30U-70c-a-1-p_013-HIV
                    -C30U-70c-a-1-p_profile.txt                                 
           INFO     Inserted probe_fmod_run for sample ID 984 (Run ID: 580)     
           INFO     Inserted probe_fmod_run 580 for sample                      
                    013-HIV-C30U-70c-a-1-p                                      
           INFO     Bulk inserted 74 fmod_vals records.                         
           INFO     Inserted 74 probe_fmod_values records for                   
                    013-HIV-C30U-70c-a-1-p (modrate).                           
           INFO     Bulk inserted 74 fmod_vals records.                         
           INFO     Inserted 74 probe_fmod_values records for                   
                    013-HIV-C30U-70c-a-1-p (GAmodrate).                         
           INFO     Wrote per-read histogram for 013-HIV-C30U-70c-a-1-p         
                    (Modified) to                                               
                    examples/all_mutcounts/mut_count/mut_count___cfg-1b22a1d/art
                    ifacts/013-HIV-C30U-70c-a-1-p/per_read_histogram.txt        
           INFO     Wrote per-read histogram for 013-HIV-C30U-70c-a-1-p (GA) to 
                    examples/all_mutcounts/mut_count/mut_count___cfg-1b22a1d/art
                    ifacts/013-HIV-C30U-70c-a-1-p/per_read_histogram.txtga      
           INFO     Found ShapeMapper profile for 014-HIV-C30U-70c-a-2-p at     
                    examples/all_mutcounts/mut_count/mut_count___cfg-1b22a1d/art
                    ifacts/014-HIV-C30U-70c-a-2-p/014-HIV-C30U-70c-a-2-p_014-HIV
                    -C30U-70c-a-2-p_profile.txt                                 
           INFO     Inserted probe_fmod_run for sample ID 985 (Run ID: 581)     
           INFO     Inserted probe_fmod_run 581 for sample                      
                    014-HIV-C30U-70c-a-2-p                                      
           INFO     Bulk inserted 74 fmod_vals records.                         
           INFO     Inserted 74 probe_fmod_values records for                   
                    014-HIV-C30U-70c-a-2-p (modrate).                           
           INFO     Bulk inserted 74 fmod_vals records.                         
           INFO     Inserted 74 probe_fmod_values records for                   
                    014-HIV-C30U-70c-a-2-p (GAmodrate).                         
           INFO     Wrote per-read histogram for 014-HIV-C30U-70c-a-2-p         
                    (Modified) to                                               
                    examples/all_mutcounts/mut_count/mut_count___cfg-1b22a1d/art
                    ifacts/014-HIV-C30U-70c-a-2-p/per_read_histogram.txt        
           INFO     Wrote per-read histogram for 014-HIV-C30U-70c-a-2-p (GA) to 
                    examples/all_mutcounts/mut_count/mut_count___cfg-1b22a1d/art
                    ifacts/014-HIV-C30U-70c-a-2-p/per_read_histogram.txtga      
           INFO     Found ShapeMapper profile for 015-HIV-C30U-70c-a-3-p at     
                    examples/all_mutcounts/mut_count/mut_count___cfg-1b22a1d/art
                    ifacts/015-HIV-C30U-70c-a-3-p/015-HIV-C30U-70c-a-3-p_015-HIV
                    -C30U-70c-a-3-p_profile.txt                                 
           INFO     Inserted probe_fmod_run for sample ID 986 (Run ID: 582)     
           INFO     Inserted probe_fmod_run 582 for sample                      
                    015-HIV-C30U-70c-a-3-p                                      
           INFO     Bulk inserted 74 fmod_vals records.                         
           INFO     Inserted 74 probe_fmod_values records for                   
                    015-HIV-C30U-70c-a-3-p (modrate).                           
           INFO     Bulk inserted 74 fmod_vals records.                         
           INFO     Inserted 74 probe_fmod_values records for                   
                    015-HIV-C30U-70c-a-3-p (GAmodrate).                         
           INFO     Wrote per-read histogram for 015-HIV-C30U-70c-a-3-p         
                    (Modified) to                                               
                    examples/all_mutcounts/mut_count/mut_count___cfg-1b22a1d/art
                    ifacts/015-HIV-C30U-70c-a-3-p/per_read_histogram.txt        
           INFO     Wrote per-read histogram for 015-HIV-C30U-70c-a-3-p (GA) to 
                    examples/all_mutcounts/mut_count/mut_count___cfg-1b22a1d/art
                    ifacts/015-HIV-C30U-70c-a-3-p/per_read_histogram.txtga      
           INFO     Found ShapeMapper profile for 016-HIV-C30U-70c-a-4-p at     
                    examples/all_mutcounts/mut_count/mut_count___cfg-1b22a1d/art
                    ifacts/016-HIV-C30U-70c-a-4-p/016-HIV-C30U-70c-a-4-p_016-HIV
                    -C30U-70c-a-4-p_profile.txt                                 
           INFO     Inserted probe_fmod_run for sample ID 987 (Run ID: 583)     
           INFO     Inserted probe_fmod_run 583 for sample                      
                    016-HIV-C30U-70c-a-4-p                                      
           INFO     Bulk inserted 74 fmod_vals records.                         
           INFO     Inserted 74 probe_fmod_values records for                   
                    016-HIV-C30U-70c-a-4-p (modrate).                           
           INFO     Bulk inserted 74 fmod_vals records.                         
           INFO     Inserted 74 probe_fmod_values records for                   
                    016-HIV-C30U-70c-a-4-p (GAmodrate).                         
           INFO     Wrote per-read histogram for 016-HIV-C30U-70c-a-4-p         
                    (Modified) to                                               
                    examples/all_mutcounts/mut_count/mut_count___cfg-1b22a1d/art
                    ifacts/016-HIV-C30U-70c-a-4-p/per_read_histogram.txt        
           INFO     Wrote per-read histogram for 016-HIV-C30U-70c-a-4-p (GA) to 
                    examples/all_mutcounts/mut_count/mut_count___cfg-1b22a1d/art
                    ifacts/016-HIV-C30U-70c-a-4-p/per_read_histogram.txtga      
           INFO     Found ShapeMapper profile for 017-HIV-C30U-70c-a-5-p at     
                    examples/all_mutcounts/mut_count/mut_count___cfg-1b22a1d/art
                    ifacts/017-HIV-C30U-70c-a-5-p/017-HIV-C30U-70c-a-5-p_017-HIV
                    -C30U-70c-a-5-p_profile.txt                                 
           INFO     Inserted probe_fmod_run for sample ID 988 (Run ID: 584)     
           INFO     Inserted probe_fmod_run 584 for sample                      
                    017-HIV-C30U-70c-a-5-p                                      
           INFO     Bulk inserted 74 fmod_vals records.                         
           INFO     Inserted 74 probe_fmod_values records for                   
                    017-HIV-C30U-70c-a-5-p (modrate).                           
           INFO     Bulk inserted 74 fmod_vals records.                         
           INFO     Inserted 74 probe_fmod_values records for                   
                    017-HIV-C30U-70c-a-5-p (GAmodrate).                         
           INFO     Wrote per-read histogram for 017-HIV-C30U-70c-a-5-p         
                    (Modified) to                                               
                    examples/all_mutcounts/mut_count/mut_count___cfg-1b22a1d/art
                    ifacts/017-HIV-C30U-70c-a-5-p/per_read_histogram.txt        
           INFO     Wrote per-read histogram for 017-HIV-C30U-70c-a-5-p (GA) to 
                    examples/all_mutcounts/mut_count/mut_count___cfg-1b22a1d/art
                    ifacts/017-HIV-C30U-70c-a-5-p/per_read_histogram.txtga      
           INFO     Found ShapeMapper profile for 018-HIV-C30U-70c-a-6-p at     
                    examples/all_mutcounts/mut_count/mut_count___cfg-1b22a1d/art
                    ifacts/018-HIV-C30U-70c-a-6-p/018-HIV-C30U-70c-a-6-p_018-HIV
                    -C30U-70c-a-6-p_profile.txt                                 
           INFO     Inserted probe_fmod_run for sample ID 989 (Run ID: 585)     
           INFO     Inserted probe_fmod_run 585 for sample                      
                    018-HIV-C30U-70c-a-6-p                                      
           INFO     Bulk inserted 74 fmod_vals records.                         
           INFO     Inserted 74 probe_fmod_values records for                   
                    018-HIV-C30U-70c-a-6-p (modrate).                           
           INFO     Bulk inserted 74 fmod_vals records.                         
           INFO     Inserted 74 probe_fmod_values records for                   
                    018-HIV-C30U-70c-a-6-p (GAmodrate).                         
           INFO     Wrote per-read histogram for 018-HIV-C30U-70c-a-6-p         
                    (Modified) to                                               
                    examples/all_mutcounts/mut_count/mut_count___cfg-1b22a1d/art
                    ifacts/018-HIV-C30U-70c-a-6-p/per_read_histogram.txt        
           INFO     Wrote per-read histogram for 018-HIV-C30U-70c-a-6-p (GA) to 
                    examples/all_mutcounts/mut_count/mut_count___cfg-1b22a1d/art
                    ifacts/018-HIV-C30U-70c-a-6-p/per_read_histogram.txtga      
           INFO     Found ShapeMapper profile for 083-HIV-C30U-70c-a-6-m at     
                    examples/all_mutcounts/mut_count/mut_count___cfg-1b22a1d/art
                    ifacts/083-HIV-C30U-70c-a-6-m/083-HIV-C30U-70c-a-6-m_083-HIV
                    -C30U-70c-a-6-m_profile.txt                                 
           INFO     Inserted probe_fmod_run for sample ID 1054 (Run ID: 586)    
           INFO     Inserted probe_fmod_run 586 for sample                      
                    083-HIV-C30U-70c-a-6-m                                      
           INFO     Bulk inserted 74 fmod_vals records.                         
           INFO     Inserted 74 probe_fmod_values records for                   
                    083-HIV-C30U-70c-a-6-m (modrate).                           
           INFO     Bulk inserted 74 fmod_vals records.                         
           INFO     Inserted 74 probe_fmod_values records for                   
                    083-HIV-C30U-70c-a-6-m (GAmodrate).                         
           INFO     Wrote per-read histogram for 083-HIV-C30U-70c-a-6-m         
                    (Modified) to                                               
                    examples/all_mutcounts/mut_count/mut_count___cfg-1b22a1d/art
                    ifacts/083-HIV-C30U-70c-a-6-m/per_read_histogram.txt        
           INFO     Wrote per-read histogram for 083-HIV-C30U-70c-a-6-m (GA) to 
                    examples/all_mutcounts/mut_count/mut_count___cfg-1b22a1d/art
                    ifacts/083-HIV-C30U-70c-a-6-m/per_read_histogram.txtga      
           INFO     mut_count completed. Profiles found for 7/7 samples;        
                    ingested 7 run(s).                                          
           INFO     Finished task ID 89 with state 'completed'                  
           INFO     Task 'mut_count' (ID: 89) completed successfully.           
           INFO     Updated 'latest' symlink for task 'mut_count' to point to   
                    /gpfs/projects/b1044/Computational_Output/EKC/EKC.01_SHAPE_s
                    tandardization/EKC.01.065.refactoring_data_analysis/nerd/exa
                    mples/all_mutcounts/mut_count/mut_count___cfg-1b22a1d       
