[14:02:01] INFO     Executing 'run' command for step: 'mut_count'               
[14:02:01] INFO     Database schema initialized successfully.                   
           INFO     Created run directory:                                      
                    examples/all_mutcounts/mut_count/mut_count___cfg-cf60979    
           INFO     Executing task 'mut_count' in run directory:                
                    examples/all_mutcounts/mut_count/mut_count___cfg-cf60979    
           INFO     Resolved reaction_group 25_1_11 to 7 sample(s).             
           INFO     Began task 'mut_count' (ID: 27) for rg:107                  
                    (cfg=cf60979b534825627c830164b83f43f560f2d473d71179655eb29b2
                    048cea3a2)                                                  
           INFO     Starting command (backend=local) in                         
                    examples/all_mutcounts/mut_count/mut_count___cfg-cf60979    
           INFO     Executing command locally. Log file:                        
                    examples/all_mutcounts/mut_count/mut_count___cfg-cf60979/com
                    mand.log                                                    
[14:06:08] INFO     Command finished with exit code: 0                          
           INFO     Logged attempt #1 for task ID 27 (Attempt ID: 9)            
           INFO     Command completed successfully. Consuming outputs.          
           INFO     Found ShapeMapper profile for 049-HIV-A35G-25c-a-1-p at     
                    examples/all_mutcounts/mut_count/mut_count___cfg-cf60979/art
                    ifacts/049-HIV-A35G-25c-a-1-p/049-HIV-A35G-25c-a-1-p_049-HIV
                    -A35G-25c-a-1-p_profile.txt                                 
           INFO     Inserted probe_fmod_run for sample ID 924 (Run ID: 51)      
           INFO     Inserted probe_fmod_run 51 for sample 049-HIV-A35G-25c-a-1-p
           INFO     Bulk inserted 74 fmod_vals records.                         
           INFO     Inserted 74 probe_fmod_values records for                   
                    049-HIV-A35G-25c-a-1-p (modrate).                           
           INFO     Bulk inserted 74 fmod_vals records.                         
           INFO     Inserted 74 probe_fmod_values records for                   
                    049-HIV-A35G-25c-a-1-p (GAmodrate).                         
           INFO     Wrote per-read histogram for 049-HIV-A35G-25c-a-1-p         
                    (Modified) to                                               
                    examples/all_mutcounts/mut_count/mut_count___cfg-cf60979/art
                    ifacts/049-HIV-A35G-25c-a-1-p/per_read_histogram.txt        
           INFO     Wrote per-read histogram for 049-HIV-A35G-25c-a-1-p (GA) to 
                    examples/all_mutcounts/mut_count/mut_count___cfg-cf60979/art
                    ifacts/049-HIV-A35G-25c-a-1-p/per_read_histogram.txtga      
           INFO     Found ShapeMapper profile for 050-HIV-A35G-25c-a-2-p at     
                    examples/all_mutcounts/mut_count/mut_count___cfg-cf60979/art
                    ifacts/050-HIV-A35G-25c-a-2-p/050-HIV-A35G-25c-a-2-p_050-HIV
                    -A35G-25c-a-2-p_profile.txt                                 
           INFO     Inserted probe_fmod_run for sample ID 925 (Run ID: 52)      
           INFO     Inserted probe_fmod_run 52 for sample 050-HIV-A35G-25c-a-2-p
           INFO     Bulk inserted 74 fmod_vals records.                         
           INFO     Inserted 74 probe_fmod_values records for                   
                    050-HIV-A35G-25c-a-2-p (modrate).                           
           INFO     Bulk inserted 74 fmod_vals records.                         
           INFO     Inserted 74 probe_fmod_values records for                   
                    050-HIV-A35G-25c-a-2-p (GAmodrate).                         
           INFO     Wrote per-read histogram for 050-HIV-A35G-25c-a-2-p         
                    (Modified) to                                               
                    examples/all_mutcounts/mut_count/mut_count___cfg-cf60979/art
                    ifacts/050-HIV-A35G-25c-a-2-p/per_read_histogram.txt        
           INFO     Wrote per-read histogram for 050-HIV-A35G-25c-a-2-p (GA) to 
                    examples/all_mutcounts/mut_count/mut_count___cfg-cf60979/art
                    ifacts/050-HIV-A35G-25c-a-2-p/per_read_histogram.txtga      
           INFO     Found ShapeMapper profile for 051-HIV-A35G-25c-a-3-p at     
                    examples/all_mutcounts/mut_count/mut_count___cfg-cf60979/art
                    ifacts/051-HIV-A35G-25c-a-3-p/051-HIV-A35G-25c-a-3-p_051-HIV
                    -A35G-25c-a-3-p_profile.txt                                 
           INFO     Inserted probe_fmod_run for sample ID 926 (Run ID: 53)      
           INFO     Inserted probe_fmod_run 53 for sample 051-HIV-A35G-25c-a-3-p
           INFO     Bulk inserted 74 fmod_vals records.                         
           INFO     Inserted 74 probe_fmod_values records for                   
                    051-HIV-A35G-25c-a-3-p (modrate).                           
           INFO     Bulk inserted 74 fmod_vals records.                         
           INFO     Inserted 74 probe_fmod_values records for                   
                    051-HIV-A35G-25c-a-3-p (GAmodrate).                         
           INFO     Wrote per-read histogram for 051-HIV-A35G-25c-a-3-p         
                    (Modified) to                                               
                    examples/all_mutcounts/mut_count/mut_count___cfg-cf60979/art
                    ifacts/051-HIV-A35G-25c-a-3-p/per_read_histogram.txt        
           INFO     Wrote per-read histogram for 051-HIV-A35G-25c-a-3-p (GA) to 
                    examples/all_mutcounts/mut_count/mut_count___cfg-cf60979/art
                    ifacts/051-HIV-A35G-25c-a-3-p/per_read_histogram.txtga      
           INFO     Found ShapeMapper profile for 052-HIV-A35G-25c-a-4-p at     
                    examples/all_mutcounts/mut_count/mut_count___cfg-cf60979/art
                    ifacts/052-HIV-A35G-25c-a-4-p/052-HIV-A35G-25c-a-4-p_052-HIV
                    -A35G-25c-a-4-p_profile.txt                                 
           INFO     Inserted probe_fmod_run for sample ID 927 (Run ID: 54)      
           INFO     Inserted probe_fmod_run 54 for sample 052-HIV-A35G-25c-a-4-p
           INFO     Bulk inserted 74 fmod_vals records.                         
           INFO     Inserted 74 probe_fmod_values records for                   
                    052-HIV-A35G-25c-a-4-p (modrate).                           
           INFO     Bulk inserted 74 fmod_vals records.                         
           INFO     Inserted 74 probe_fmod_values records for                   
                    052-HIV-A35G-25c-a-4-p (GAmodrate).                         
           INFO     Wrote per-read histogram for 052-HIV-A35G-25c-a-4-p         
                    (Modified) to                                               
                    examples/all_mutcounts/mut_count/mut_count___cfg-cf60979/art
                    ifacts/052-HIV-A35G-25c-a-4-p/per_read_histogram.txt        
           INFO     Wrote per-read histogram for 052-HIV-A35G-25c-a-4-p (GA) to 
                    examples/all_mutcounts/mut_count/mut_count___cfg-cf60979/art
                    ifacts/052-HIV-A35G-25c-a-4-p/per_read_histogram.txtga      
           INFO     Found ShapeMapper profile for 053-HIV-A35G-25c-a-5-p at     
                    examples/all_mutcounts/mut_count/mut_count___cfg-cf60979/art
                    ifacts/053-HIV-A35G-25c-a-5-p/053-HIV-A35G-25c-a-5-p_053-HIV
                    -A35G-25c-a-5-p_profile.txt                                 
           INFO     Inserted probe_fmod_run for sample ID 928 (Run ID: 55)      
           INFO     Inserted probe_fmod_run 55 for sample 053-HIV-A35G-25c-a-5-p
           INFO     Bulk inserted 74 fmod_vals records.                         
           INFO     Inserted 74 probe_fmod_values records for                   
                    053-HIV-A35G-25c-a-5-p (modrate).                           
           INFO     Bulk inserted 74 fmod_vals records.                         
           INFO     Inserted 74 probe_fmod_values records for                   
                    053-HIV-A35G-25c-a-5-p (GAmodrate).                         
           INFO     Wrote per-read histogram for 053-HIV-A35G-25c-a-5-p         
                    (Modified) to                                               
                    examples/all_mutcounts/mut_count/mut_count___cfg-cf60979/art
                    ifacts/053-HIV-A35G-25c-a-5-p/per_read_histogram.txt        
           INFO     Wrote per-read histogram for 053-HIV-A35G-25c-a-5-p (GA) to 
                    examples/all_mutcounts/mut_count/mut_count___cfg-cf60979/art
                    ifacts/053-HIV-A35G-25c-a-5-p/per_read_histogram.txtga      
           INFO     Found ShapeMapper profile for 054-HIV-A35G-25c-a-6-p at     
                    examples/all_mutcounts/mut_count/mut_count___cfg-cf60979/art
                    ifacts/054-HIV-A35G-25c-a-6-p/054-HIV-A35G-25c-a-6-p_054-HIV
                    -A35G-25c-a-6-p_profile.txt                                 
           INFO     Inserted probe_fmod_run for sample ID 929 (Run ID: 56)      
           INFO     Inserted probe_fmod_run 56 for sample 054-HIV-A35G-25c-a-6-p
           INFO     Bulk inserted 74 fmod_vals records.                         
           INFO     Inserted 74 probe_fmod_values records for                   
                    054-HIV-A35G-25c-a-6-p (modrate).                           
           INFO     Bulk inserted 74 fmod_vals records.                         
           INFO     Inserted 74 probe_fmod_values records for                   
                    054-HIV-A35G-25c-a-6-p (GAmodrate).                         
           INFO     Wrote per-read histogram for 054-HIV-A35G-25c-a-6-p         
                    (Modified) to                                               
                    examples/all_mutcounts/mut_count/mut_count___cfg-cf60979/art
                    ifacts/054-HIV-A35G-25c-a-6-p/per_read_histogram.txt        
           INFO     Wrote per-read histogram for 054-HIV-A35G-25c-a-6-p (GA) to 
                    examples/all_mutcounts/mut_count/mut_count___cfg-cf60979/art
                    ifacts/054-HIV-A35G-25c-a-6-p/per_read_histogram.txtga      
           INFO     Found ShapeMapper profile for 073-HIV-A35G-25c-a-6-m at     
                    examples/all_mutcounts/mut_count/mut_count___cfg-cf60979/art
                    ifacts/073-HIV-A35G-25c-a-6-m/073-HIV-A35G-25c-a-6-m_073-HIV
                    -A35G-25c-a-6-m_profile.txt                                 
           INFO     Inserted probe_fmod_run for sample ID 1044 (Run ID: 57)     
           INFO     Inserted probe_fmod_run 57 for sample 073-HIV-A35G-25c-a-6-m
           INFO     Bulk inserted 74 fmod_vals records.                         
           INFO     Inserted 74 probe_fmod_values records for                   
                    073-HIV-A35G-25c-a-6-m (modrate).                           
           INFO     Bulk inserted 74 fmod_vals records.                         
           INFO     Inserted 74 probe_fmod_values records for                   
                    073-HIV-A35G-25c-a-6-m (GAmodrate).                         
           INFO     Wrote per-read histogram for 073-HIV-A35G-25c-a-6-m         
                    (Modified) to                                               
                    examples/all_mutcounts/mut_count/mut_count___cfg-cf60979/art
                    ifacts/073-HIV-A35G-25c-a-6-m/per_read_histogram.txt        
           INFO     Wrote per-read histogram for 073-HIV-A35G-25c-a-6-m (GA) to 
                    examples/all_mutcounts/mut_count/mut_count___cfg-cf60979/art
                    ifacts/073-HIV-A35G-25c-a-6-m/per_read_histogram.txtga      
           INFO     mut_count completed. Profiles found for 7/7 samples;        
                    ingested 7 run(s).                                          
           INFO     Finished task ID 27 with state 'completed'                  
           INFO     Task 'mut_count' (ID: 27) completed successfully.           
           INFO     Updated 'latest' symlink for task 'mut_count' to point to   
                    /gpfs/projects/b1044/Computational_Output/EKC/EKC.01_SHAPE_s
                    tandardization/EKC.01.065.refactoring_data_analysis/nerd/exa
                    mples/all_mutcounts/mut_count/mut_count___cfg-cf60979       
