2025-10-23 16:56:27,755 - nerd.db.api - INFO - Database schema initialized successfully.
2025-10-23 16:56:27,757 - nerd.utils.paths - INFO - Created run directory: manuscript_pipeline/04_probe_tc_kinetics/probe_timecourse/probe_timecourse___cfg-8b3a208
2025-10-23 16:56:27,758 - nerd.pipeline.tasks.base - INFO - Executing task 'probe_timecourse' in run directory: manuscript_pipeline/04_probe_tc_kinetics/probe_timecourse/probe_timecourse___cfg-8b3a208
2025-10-23 16:56:27,758 - nerd.db.api - INFO - Began task 'probe_timecourse' (ID: 299) for rg_batch:None (cfg=8b3a20828502bb1603edfdf5cad247ef187eed0e3192af57b06b760c1c9be565)
2025-10-23 16:56:27,760 - nerd.pipeline.tasks.base - INFO - Command completed successfully. Consuming outputs.
2025-10-23 16:56:27,914 - nerd.pipeline.tasks.timecourse - INFO - Marked 9 fmod values as outliers across 7 reaction group(s).
2025-10-23 16:56:28,519 - nerd.cli - ERROR - Failed to execute task 'probe_tc_kinetics': R integration engine exited with status 1.
---- R STDOUT ----

---- R STDERR ----
Warning messages:
1: package ‘jsonlite’ was built under R version 4.4.3 
2: package ‘nlme’ was built under R version 4.4.3 
Error: 'log' is not an exported object from 'namespace:stats'
Execution halted
Traceback (most recent call last):
  File "/Users/edricchoi/LucksLab Dropbox/LucksLab/Group_Members/EKC/Projects/EKC.01_SHAPE_Standardization/Experiments/01.065.refactoring_data_analysis/nerd/cli.py", line 132, in run
    task.exec(conn, cfg, verbose=state["verbose"])
    ~~~~~~~~~^^^^^^^^^^^^^^^^^^^^^^^^^^^^^^^^^^^^^
  File "/Users/edricchoi/LucksLab Dropbox/LucksLab/Group_Members/EKC/Projects/EKC.01_SHAPE_Standardization/Experiments/01.065.refactoring_data_analysis/nerd/pipeline/tasks/base.py", line 264, in exec
    self.consume_outputs(ctx, inputs, params, run_dir, task_id=task_id)
    ~~~~~~~~~~~~~~~~~~~~^^^^^^^^^^^^^^^^^^^^^^^^^^^^^^^^^^^^^^^^^^^^^^^
  File "/Users/edricchoi/LucksLab Dropbox/LucksLab/Group_Members/EKC/Projects/EKC.01_SHAPE_Standardization/Experiments/01.065.refactoring_data_analysis/nerd/pipeline/tasks/timecourse.py", line 339, in consume_outputs
    result = engine.run(request)
  File "/Users/edricchoi/LucksLab Dropbox/LucksLab/Group_Members/EKC/Projects/EKC.01_SHAPE_Standardization/Experiments/01.065.refactoring_data_analysis/nerd/pipeline/plugins/timecourse/r_integration.py", line 156, in run
    raise RuntimeError(details)
RuntimeError: R integration engine exited with status 1.
---- R STDOUT ----

---- R STDERR ----
Warning messages:
1: package ‘jsonlite’ was built under R version 4.4.3 
2: package ‘nlme’ was built under R version 4.4.3 
Error: 'log' is not an exported object from 'namespace:stats'
Execution halted
