2025-10-23 17:56:52,343 - nerd.db.api - INFO - Database schema initialized successfully.
2025-10-23 17:56:52,346 - nerd.utils.paths - INFO - Created run directory: manuscript_pipeline/04_probe_tc_kinetics/probe_timecourse/probe_timecourse___cfg-a288b3c
2025-10-23 17:56:52,346 - nerd.pipeline.tasks.base - INFO - Executing task 'probe_timecourse' in run directory: manuscript_pipeline/04_probe_tc_kinetics/probe_timecourse/probe_timecourse___cfg-a288b3c
2025-10-23 17:56:52,347 - nerd.db.api - INFO - Began task 'probe_timecourse' (ID: 320) for rg:11 (cfg=a288b3cca4f791ca774f377d46ba2104ef581fbb31272d429a7c13befce5f4f8)
2025-10-23 17:56:52,347 - nerd.pipeline.tasks.base - INFO - Command completed successfully. Consuming outputs.
2025-10-23 17:56:53,272 - nerd.cli - ERROR - Failed to execute task 'probe_tc_kinetics': R integration engine exited with status 1.
---- R STDOUT ----

---- R STDERR ----
Warning messages:
1: package ‘jsonlite’ was built under R version 4.4.3 
2: package ‘nlme’ was built under R version 4.4.3 
Warning messages:
1: In nls(fmod ~ fmod_model(timepoint, log_kappa, log_kdeg, log_fmod0),  :
  Convergence failure: singular convergence (7)
2: In nls(fmod ~ fmod_model(timepoint, log_kappa, log_kdeg, log_fmod0),  :
  Convergence failure: singular convergence (7)
Error: unexpected end of input
Execution halted
Traceback (most recent call last):
  File "/Users/edricchoi/LucksLab Dropbox/LucksLab/Group_Members/EKC/Projects/EKC.01_SHAPE_Standardization/Experiments/01.065.refactoring_data_analysis/nerd/cli.py", line 132, in run
    task.exec(conn, cfg, verbose=state["verbose"])
    ~~~~~~~~~^^^^^^^^^^^^^^^^^^^^^^^^^^^^^^^^^^^^^
  File "/Users/edricchoi/LucksLab Dropbox/LucksLab/Group_Members/EKC/Projects/EKC.01_SHAPE_Standardization/Experiments/01.065.refactoring_data_analysis/nerd/pipeline/tasks/base.py", line 264, in exec
    self.consume_outputs(ctx, inputs, params, run_dir, task_id=task_id)
    ~~~~~~~~~~~~~~~~~~~~^^^^^^^^^^^^^^^^^^^^^^^^^^^^^^^^^^^^^^^^^^^^^^^
  File "/Users/edricchoi/LucksLab Dropbox/LucksLab/Group_Members/EKC/Projects/EKC.01_SHAPE_Standardization/Experiments/01.065.refactoring_data_analysis/nerd/pipeline/tasks/timecourse.py", line 339, in consume_outputs
    result = engine.run(request)
  File "/Users/edricchoi/LucksLab Dropbox/LucksLab/Group_Members/EKC/Projects/EKC.01_SHAPE_Standardization/Experiments/01.065.refactoring_data_analysis/nerd/pipeline/plugins/timecourse/r_integration.py", line 157, in run
    raise RuntimeError(details)
RuntimeError: R integration engine exited with status 1.
---- R STDOUT ----

---- R STDERR ----
Warning messages:
1: package ‘jsonlite’ was built under R version 4.4.3 
2: package ‘nlme’ was built under R version 4.4.3 
Warning messages:
1: In nls(fmod ~ fmod_model(timepoint, log_kappa, log_kdeg, log_fmod0),  :
  Convergence failure: singular convergence (7)
2: In nls(fmod ~ fmod_model(timepoint, log_kappa, log_kdeg, log_fmod0),  :
  Convergence failure: singular convergence (7)
Error: unexpected end of input
Execution halted
